2024/07/24 07:35:29 - mmengine - INFO - 
------------------------------------------------------------
System environment:
    sys.platform: linux
    Python: 3.10.12 (main, Mar 22 2024, 16:50:05) [GCC 11.4.0]
    CUDA available: True
    MUSA available: False
    numpy_random_seed: 0
    GPU 0,1: NVIDIA A100-SXM4-80GB
    CUDA_HOME: /usr/local/cuda
    NVCC: Cuda compilation tools, release 12.3, V12.3.107
    GCC: x86_64-linux-gnu-gcc (Ubuntu 11.4.0-1ubuntu1~22.04) 11.4.0
    PyTorch: 2.3.1+cu121
    PyTorch compiling details: PyTorch built with:
  - GCC 9.3
  - C++ Version: 201703
  - Intel(R) oneAPI Math Kernel Library Version 2022.2-Product Build 20220804 for Intel(R) 64 architecture applications
  - Intel(R) MKL-DNN v3.3.6 (Git Hash 86e6af5974177e513fd3fee58425e1063e7f1361)
  - OpenMP 201511 (a.k.a. OpenMP 4.5)
  - LAPACK is enabled (usually provided by MKL)
  - NNPACK is enabled
  - CPU capability usage: AVX2
  - CUDA Runtime 12.1
  - NVCC architecture flags: -gencode;arch=compute_50,code=sm_50;-gencode;arch=compute_60,code=sm_60;-gencode;arch=compute_70,code=sm_70;-gencode;arch=compute_75,code=sm_75;-gencode;arch=compute_80,code=sm_80;-gencode;arch=compute_86,code=sm_86;-gencode;arch=compute_90,code=sm_90
  - CuDNN 8.9.2
  - Magma 2.6.1
  - Build settings: BLAS_INFO=mkl, BUILD_TYPE=Release, CUDA_VERSION=12.1, CUDNN_VERSION=8.9.2, CXX_COMPILER=/opt/rh/devtoolset-9/root/usr/bin/c++, CXX_FLAGS= -D_GLIBCXX_USE_CXX11_ABI=0 -fabi-version=11 -fvisibility-inlines-hidden -DUSE_PTHREADPOOL -DNDEBUG -DUSE_KINETO -DLIBKINETO_NOROCTRACER -DUSE_FBGEMM -DUSE_QNNPACK -DUSE_PYTORCH_QNNPACK -DUSE_XNNPACK -DSYMBOLICATE_MOBILE_DEBUG_HANDLE -O2 -fPIC -Wall -Wextra -Werror=return-type -Werror=non-virtual-dtor -Werror=bool-operation -Wnarrowing -Wno-missing-field-initializers -Wno-type-limits -Wno-array-bounds -Wno-unknown-pragmas -Wno-unused-parameter -Wno-unused-function -Wno-unused-result -Wno-strict-overflow -Wno-strict-aliasing -Wno-stringop-overflow -Wsuggest-override -Wno-psabi -Wno-error=pedantic -Wno-error=old-style-cast -Wno-missing-braces -fdiagnostics-color=always -faligned-new -Wno-unused-but-set-variable -Wno-maybe-uninitialized -fno-math-errno -fno-trapping-math -Werror=format -Wno-stringop-overflow, LAPACK_INFO=mkl, PERF_WITH_AVX=1, PERF_WITH_AVX2=1, PERF_WITH_AVX512=1, TORCH_VERSION=2.3.1, USE_CUDA=ON, USE_CUDNN=ON, USE_CUSPARSELT=1, USE_EXCEPTION_PTR=1, USE_GFLAGS=OFF, USE_GLOG=OFF, USE_GLOO=ON, USE_MKL=ON, USE_MKLDNN=ON, USE_MPI=OFF, USE_NCCL=1, USE_NNPACK=ON, USE_OPENMP=ON, USE_ROCM=OFF, USE_ROCM_KERNEL_ASSERT=OFF, 

    TorchVision: 0.18.1+cu121
    OpenCV: 4.10.0
    MMEngine: 0.10.4

Runtime environment:
    cudnn_benchmark: False
    mp_cfg: {'mp_start_method': 'fork', 'opencv_num_threads': 0}
    dist_cfg: {'backend': 'nccl'}
    seed: 0
    deterministic: True
    Distributed launcher: pytorch
    Distributed training: True
    GPU number: 2
------------------------------------------------------------

2024/07/24 07:35:29 - mmengine - INFO - Config:
auto_scale_lr = dict(base_batch_size=1024)
data_dir = '/mnt/data'
data_preprocessor = dict(
    mean=[
        123.675,
        116.28,
        103.53,
    ],
    num_classes=7806,
    std=[
        58.395,
        57.12,
        57.375,
    ],
    to_rgb=True)
default_hooks = dict(
    checkpoint=dict(interval=1, max_keep_ckpts=5, type='CheckpointHook'),
    logger=dict(interval=25, type='LoggerHook'),
    param_scheduler=dict(type='ParamSchedulerHook'),
    sampler_seed=dict(type='DistSamplerSeedHook'),
    timer=dict(type='IterTimerHook'),
    visualization=dict(enable=False, type='VisualizationHook'))
default_scope = 'mmpretrain'
env_cfg = dict(
    cudnn_benchmark=False,
    dist_cfg=dict(backend='nccl'),
    mp_cfg=dict(mp_start_method='fork', opencv_num_threads=0))
launcher = 'pytorch'
load_from = None
log_level = 'INFO'
model = dict(
    backbone=dict(
        arch='base',
        frozen_stages=12,
        img_size=518,
        init_cfg=dict(
            checkpoint=
            'https://download.openmmlab.com/mmpretrain/v1.0/dinov2/vit-base-p14_dinov2-pre_3rdparty_20230426-ba246503.pth',
            prefix='backbone',
            type='Pretrained'),
        layer_scale_init_value=1e-05,
        patch_size=14,
        type='VisionTransformer'),
    head=dict(
        in_channels=768,
        loss=dict(type='CrossEntropyLoss'),
        num_classes=7806,
        topk=(
            1,
            5,
        ),
        type='VisionTransformerClsHead'),
    neck=None,
    type='ImageClassifier')
optim_wrapper = dict(
    loss_scale='dynamic',
    optimizer=dict(lr=0.0001, type='AdamW', weight_decay=0.05),
    paramwise_cfg=dict(
        custom_keys=dict(
            cls_token=dict(decay_mult=0.0), mask_token=dict(decay_mult=0.0))),
    type='AmpOptimWrapper')
param_scheduler = [
    dict(T_max=20, by_epoch=True, type='CosineAnnealingLR'),
]
randomness = dict(deterministic=True, seed=0)
resume = False
test_cfg = dict()
test_dataloader = dict(
    batch_size=1024,
    collate_fn=dict(type='default_collate'),
    dataset=dict(
        ann_file='annotation/test_2.txt',
        data_prefix='/mnt/data',
        pipeline=[
            dict(type='LoadImageFromFile'),
            dict(
                backend='pillow',
                edge='short',
                interpolation='bicubic',
                scale=518,
                type='ResizeEdge'),
            dict(crop_size=518, type='CenterCrop'),
            dict(type='PackInputs'),
        ],
        type='CustomDataset'),
    num_workers=28,
    persistent_workers=True,
    pin_memory=True,
    sampler=dict(shuffle=True, type='DefaultSampler'))
test_evaluator = [
    dict(topk=(
        1,
        5,
    ), type='Accuracy'),
    dict(type='SingleLabelMetric'),
]
test_pipeline = [
    dict(type='LoadImageFromFile'),
    dict(
        backend='pillow',
        edge='short',
        interpolation='bicubic',
        scale=518,
        type='ResizeEdge'),
    dict(crop_size=518, type='CenterCrop'),
    dict(type='PackInputs'),
]
train_cfg = dict(by_epoch=True, max_epochs=12, val_interval=1)
train_dataloader = dict(
    batch_size=1024,
    collate_fn=dict(type='default_collate'),
    dataset=dict(
        ann_file='annotation/train_2.txt',
        data_prefix='/mnt/data',
        pipeline=[
            dict(type='LoadImageFromFile'),
            dict(
                backend='pillow',
                edge='short',
                interpolation='bicubic',
                scale=518,
                type='ResizeEdge'),
            dict(crop_size=518, type='CenterCrop'),
            dict(type='PackInputs'),
        ],
        type='CustomDataset'),
    num_workers=28,
    persistent_workers=True,
    pin_memory=True,
    sampler=dict(shuffle=True, type='DefaultSampler'))
train_pipeline = [
    dict(type='LoadImageFromFile'),
    dict(
        backend='pillow',
        interpolation='bicubic',
        scale=518,
        type='RandomResizedCrop'),
    dict(direction='horizontal', prob=0.5, type='RandomFlip'),
    dict(type='PackInputs'),
]
val_cfg = dict()
val_dataloader = dict(
    batch_size=1024,
    collate_fn=dict(type='default_collate'),
    dataset=dict(
        ann_file='annotation/val_2.txt',
        data_prefix='/mnt/data',
        pipeline=[
            dict(type='LoadImageFromFile'),
            dict(
                backend='pillow',
                edge='short',
                interpolation='bicubic',
                scale=518,
                type='ResizeEdge'),
            dict(crop_size=518, type='CenterCrop'),
            dict(type='PackInputs'),
        ],
        type='CustomDataset'),
    num_workers=28,
    persistent_workers=True,
    pin_memory=True,
    sampler=dict(shuffle=True, type='DefaultSampler'))
val_evaluator = [
    dict(topk=(
        1,
        5,
    ), type='Accuracy'),
    dict(type='SingleLabelMetric'),
]
vis_backends = [
    dict(type='LocalVisBackend'),
]
visualizer = dict(
    type='UniversalVisualizer', vis_backends=[
        dict(type='LocalVisBackend'),
    ])
work_dir = './work_dirs/leafcaw'

2024/07/24 07:35:30 - mmengine - INFO - Hooks will be executed in the following order:
before_run:
(VERY_HIGH   ) RuntimeInfoHook                    
(BELOW_NORMAL) LoggerHook                         
 -------------------- 
before_train:
(VERY_HIGH   ) RuntimeInfoHook                    
(NORMAL      ) IterTimerHook                      
(VERY_LOW    ) CheckpointHook                     
 -------------------- 
before_train_epoch:
(VERY_HIGH   ) RuntimeInfoHook                    
(NORMAL      ) IterTimerHook                      
(NORMAL      ) DistSamplerSeedHook                
 -------------------- 
before_train_iter:
(VERY_HIGH   ) RuntimeInfoHook                    
(NORMAL      ) IterTimerHook                      
 -------------------- 
after_train_iter:
(VERY_HIGH   ) RuntimeInfoHook                    
(NORMAL      ) IterTimerHook                      
(BELOW_NORMAL) LoggerHook                         
(LOW         ) ParamSchedulerHook                 
(VERY_LOW    ) CheckpointHook                     
 -------------------- 
after_train_epoch:
(NORMAL      ) IterTimerHook                      
(LOW         ) ParamSchedulerHook                 
(VERY_LOW    ) CheckpointHook                     
 -------------------- 
before_val:
(VERY_HIGH   ) RuntimeInfoHook                    
 -------------------- 
before_val_epoch:
(NORMAL      ) IterTimerHook                      
 -------------------- 
before_val_iter:
(NORMAL      ) IterTimerHook                      
 -------------------- 
after_val_iter:
(NORMAL      ) IterTimerHook                      
(NORMAL      ) VisualizationHook                  
(BELOW_NORMAL) LoggerHook                         
 -------------------- 
after_val_epoch:
(VERY_HIGH   ) RuntimeInfoHook                    
(NORMAL      ) IterTimerHook                      
(BELOW_NORMAL) LoggerHook                         
(LOW         ) ParamSchedulerHook                 
(VERY_LOW    ) CheckpointHook                     
 -------------------- 
after_val:
(VERY_HIGH   ) RuntimeInfoHook                    
 -------------------- 
after_train:
(VERY_HIGH   ) RuntimeInfoHook                    
(VERY_LOW    ) CheckpointHook                     
 -------------------- 
before_test:
(VERY_HIGH   ) RuntimeInfoHook                    
 -------------------- 
before_test_epoch:
(NORMAL      ) IterTimerHook                      
 -------------------- 
before_test_iter:
(NORMAL      ) IterTimerHook                      
 -------------------- 
after_test_iter:
(NORMAL      ) IterTimerHook                      
(NORMAL      ) VisualizationHook                  
(BELOW_NORMAL) LoggerHook                         
 -------------------- 
after_test_epoch:
(VERY_HIGH   ) RuntimeInfoHook                    
(NORMAL      ) IterTimerHook                      
(BELOW_NORMAL) LoggerHook                         
 -------------------- 
after_test:
(VERY_HIGH   ) RuntimeInfoHook                    
 -------------------- 
after_run:
(BELOW_NORMAL) LoggerHook                         
 -------------------- 
2024/07/24 07:35:33 - mmengine - WARNING - backbone.cls_token is skipped since its requires_grad=False
2024/07/24 07:35:33 - mmengine - WARNING - backbone.pos_embed is skipped since its requires_grad=False
2024/07/24 07:35:33 - mmengine - WARNING - backbone.patch_embed.projection.weight is skipped since its requires_grad=False
2024/07/24 07:35:33 - mmengine - WARNING - backbone.patch_embed.projection.bias is skipped since its requires_grad=False
2024/07/24 07:35:33 - mmengine - WARNING - backbone.layers.0.ln1.weight is skipped since its requires_grad=False
2024/07/24 07:35:33 - mmengine - WARNING - backbone.layers.0.ln1.bias is skipped since its requires_grad=False
2024/07/24 07:35:33 - mmengine - WARNING - backbone.layers.0.attn.qkv.weight is skipped since its requires_grad=False
2024/07/24 07:35:33 - mmengine - WARNING - backbone.layers.0.attn.qkv.bias is skipped since its requires_grad=False
2024/07/24 07:35:33 - mmengine - WARNING - backbone.layers.0.attn.proj.weight is skipped since its requires_grad=False
2024/07/24 07:35:33 - mmengine - WARNING - backbone.layers.0.attn.proj.bias is skipped since its requires_grad=False
2024/07/24 07:35:33 - mmengine - WARNING - backbone.layers.0.attn.gamma1.weight is skipped since its requires_grad=False
2024/07/24 07:35:33 - mmengine - WARNING - backbone.layers.0.ln2.weight is skipped since its requires_grad=False
2024/07/24 07:35:33 - mmengine - WARNING - backbone.layers.0.ln2.bias is skipped since its requires_grad=False
2024/07/24 07:35:33 - mmengine - WARNING - backbone.layers.0.ffn.layers.0.0.weight is skipped since its requires_grad=False
2024/07/24 07:35:33 - mmengine - WARNING - backbone.layers.0.ffn.layers.0.0.bias is skipped since its requires_grad=False
2024/07/24 07:35:33 - mmengine - WARNING - backbone.layers.0.ffn.layers.1.weight is skipped since its requires_grad=False
2024/07/24 07:35:33 - mmengine - WARNING - backbone.layers.0.ffn.layers.1.bias is skipped since its requires_grad=False
2024/07/24 07:35:33 - mmengine - WARNING - backbone.layers.0.ffn.gamma2.weight is skipped since its requires_grad=False
2024/07/24 07:35:33 - mmengine - WARNING - backbone.layers.1.ln1.weight is skipped since its requires_grad=False
2024/07/24 07:35:33 - mmengine - WARNING - backbone.layers.1.ln1.bias is skipped since its requires_grad=False
2024/07/24 07:35:33 - mmengine - WARNING - backbone.layers.1.attn.qkv.weight is skipped since its requires_grad=False
2024/07/24 07:35:33 - mmengine - WARNING - backbone.layers.1.attn.qkv.bias is skipped since its requires_grad=False
2024/07/24 07:35:33 - mmengine - WARNING - backbone.layers.1.attn.proj.weight is skipped since its requires_grad=False
2024/07/24 07:35:33 - mmengine - WARNING - backbone.layers.1.attn.proj.bias is skipped since its requires_grad=False
2024/07/24 07:35:33 - mmengine - WARNING - backbone.layers.1.attn.gamma1.weight is skipped since its requires_grad=False
2024/07/24 07:35:33 - mmengine - WARNING - backbone.layers.1.ln2.weight is skipped since its requires_grad=False
2024/07/24 07:35:33 - mmengine - WARNING - backbone.layers.1.ln2.bias is skipped since its requires_grad=False
2024/07/24 07:35:33 - mmengine - WARNING - backbone.layers.1.ffn.layers.0.0.weight is skipped since its requires_grad=False
2024/07/24 07:35:33 - mmengine - WARNING - backbone.layers.1.ffn.layers.0.0.bias is skipped since its requires_grad=False
2024/07/24 07:35:33 - mmengine - WARNING - backbone.layers.1.ffn.layers.1.weight is skipped since its requires_grad=False
2024/07/24 07:35:33 - mmengine - WARNING - backbone.layers.1.ffn.layers.1.bias is skipped since its requires_grad=False
2024/07/24 07:35:33 - mmengine - WARNING - backbone.layers.1.ffn.gamma2.weight is skipped since its requires_grad=False
2024/07/24 07:35:33 - mmengine - WARNING - backbone.layers.2.ln1.weight is skipped since its requires_grad=False
2024/07/24 07:35:33 - mmengine - WARNING - backbone.layers.2.ln1.bias is skipped since its requires_grad=False
2024/07/24 07:35:33 - mmengine - WARNING - backbone.layers.2.attn.qkv.weight is skipped since its requires_grad=False
2024/07/24 07:35:33 - mmengine - WARNING - backbone.layers.2.attn.qkv.bias is skipped since its requires_grad=False
2024/07/24 07:35:33 - mmengine - WARNING - backbone.layers.2.attn.proj.weight is skipped since its requires_grad=False
2024/07/24 07:35:33 - mmengine - WARNING - backbone.layers.2.attn.proj.bias is skipped since its requires_grad=False
2024/07/24 07:35:33 - mmengine - WARNING - backbone.layers.2.attn.gamma1.weight is skipped since its requires_grad=False
2024/07/24 07:35:33 - mmengine - WARNING - backbone.layers.2.ln2.weight is skipped since its requires_grad=False
2024/07/24 07:35:33 - mmengine - WARNING - backbone.layers.2.ln2.bias is skipped since its requires_grad=False
2024/07/24 07:35:33 - mmengine - WARNING - backbone.layers.2.ffn.layers.0.0.weight is skipped since its requires_grad=False
2024/07/24 07:35:33 - mmengine - WARNING - backbone.layers.2.ffn.layers.0.0.bias is skipped since its requires_grad=False
2024/07/24 07:35:33 - mmengine - WARNING - backbone.layers.2.ffn.layers.1.weight is skipped since its requires_grad=False
2024/07/24 07:35:33 - mmengine - WARNING - backbone.layers.2.ffn.layers.1.bias is skipped since its requires_grad=False
2024/07/24 07:35:33 - mmengine - WARNING - backbone.layers.2.ffn.gamma2.weight is skipped since its requires_grad=False
2024/07/24 07:35:33 - mmengine - WARNING - backbone.layers.3.ln1.weight is skipped since its requires_grad=False
2024/07/24 07:35:33 - mmengine - WARNING - backbone.layers.3.ln1.bias is skipped since its requires_grad=False
2024/07/24 07:35:33 - mmengine - WARNING - backbone.layers.3.attn.qkv.weight is skipped since its requires_grad=False
2024/07/24 07:35:33 - mmengine - WARNING - backbone.layers.3.attn.qkv.bias is skipped since its requires_grad=False
2024/07/24 07:35:33 - mmengine - WARNING - backbone.layers.3.attn.proj.weight is skipped since its requires_grad=False
2024/07/24 07:35:33 - mmengine - WARNING - backbone.layers.3.attn.proj.bias is skipped since its requires_grad=False
2024/07/24 07:35:33 - mmengine - WARNING - backbone.layers.3.attn.gamma1.weight is skipped since its requires_grad=False
2024/07/24 07:35:33 - mmengine - WARNING - backbone.layers.3.ln2.weight is skipped since its requires_grad=False
2024/07/24 07:35:33 - mmengine - WARNING - backbone.layers.3.ln2.bias is skipped since its requires_grad=False
2024/07/24 07:35:33 - mmengine - WARNING - backbone.layers.3.ffn.layers.0.0.weight is skipped since its requires_grad=False
2024/07/24 07:35:33 - mmengine - WARNING - backbone.layers.3.ffn.layers.0.0.bias is skipped since its requires_grad=False
2024/07/24 07:35:33 - mmengine - WARNING - backbone.layers.3.ffn.layers.1.weight is skipped since its requires_grad=False
2024/07/24 07:35:33 - mmengine - WARNING - backbone.layers.3.ffn.layers.1.bias is skipped since its requires_grad=False
2024/07/24 07:35:33 - mmengine - WARNING - backbone.layers.3.ffn.gamma2.weight is skipped since its requires_grad=False
2024/07/24 07:35:33 - mmengine - WARNING - backbone.layers.4.ln1.weight is skipped since its requires_grad=False
2024/07/24 07:35:33 - mmengine - WARNING - backbone.layers.4.ln1.bias is skipped since its requires_grad=False
2024/07/24 07:35:33 - mmengine - WARNING - backbone.layers.4.attn.qkv.weight is skipped since its requires_grad=False
2024/07/24 07:35:33 - mmengine - WARNING - backbone.layers.4.attn.qkv.bias is skipped since its requires_grad=False
2024/07/24 07:35:33 - mmengine - WARNING - backbone.layers.4.attn.proj.weight is skipped since its requires_grad=False
2024/07/24 07:35:33 - mmengine - WARNING - backbone.layers.4.attn.proj.bias is skipped since its requires_grad=False
2024/07/24 07:35:33 - mmengine - WARNING - backbone.layers.4.attn.gamma1.weight is skipped since its requires_grad=False
2024/07/24 07:35:33 - mmengine - WARNING - backbone.layers.4.ln2.weight is skipped since its requires_grad=False
2024/07/24 07:35:33 - mmengine - WARNING - backbone.layers.4.ln2.bias is skipped since its requires_grad=False
2024/07/24 07:35:33 - mmengine - WARNING - backbone.layers.4.ffn.layers.0.0.weight is skipped since its requires_grad=False
2024/07/24 07:35:33 - mmengine - WARNING - backbone.layers.4.ffn.layers.0.0.bias is skipped since its requires_grad=False
2024/07/24 07:35:33 - mmengine - WARNING - backbone.layers.4.ffn.layers.1.weight is skipped since its requires_grad=False
2024/07/24 07:35:33 - mmengine - WARNING - backbone.layers.4.ffn.layers.1.bias is skipped since its requires_grad=False
2024/07/24 07:35:33 - mmengine - WARNING - backbone.layers.4.ffn.gamma2.weight is skipped since its requires_grad=False
2024/07/24 07:35:33 - mmengine - WARNING - backbone.layers.5.ln1.weight is skipped since its requires_grad=False
2024/07/24 07:35:33 - mmengine - WARNING - backbone.layers.5.ln1.bias is skipped since its requires_grad=False
2024/07/24 07:35:33 - mmengine - WARNING - backbone.layers.5.attn.qkv.weight is skipped since its requires_grad=False
2024/07/24 07:35:33 - mmengine - WARNING - backbone.layers.5.attn.qkv.bias is skipped since its requires_grad=False
2024/07/24 07:35:33 - mmengine - WARNING - backbone.layers.5.attn.proj.weight is skipped since its requires_grad=False
2024/07/24 07:35:33 - mmengine - WARNING - backbone.layers.5.attn.proj.bias is skipped since its requires_grad=False
2024/07/24 07:35:33 - mmengine - WARNING - backbone.layers.5.attn.gamma1.weight is skipped since its requires_grad=False
2024/07/24 07:35:33 - mmengine - WARNING - backbone.layers.5.ln2.weight is skipped since its requires_grad=False
2024/07/24 07:35:33 - mmengine - WARNING - backbone.layers.5.ln2.bias is skipped since its requires_grad=False
2024/07/24 07:35:33 - mmengine - WARNING - backbone.layers.5.ffn.layers.0.0.weight is skipped since its requires_grad=False
2024/07/24 07:35:33 - mmengine - WARNING - backbone.layers.5.ffn.layers.0.0.bias is skipped since its requires_grad=False
2024/07/24 07:35:33 - mmengine - WARNING - backbone.layers.5.ffn.layers.1.weight is skipped since its requires_grad=False
2024/07/24 07:35:33 - mmengine - WARNING - backbone.layers.5.ffn.layers.1.bias is skipped since its requires_grad=False
2024/07/24 07:35:33 - mmengine - WARNING - backbone.layers.5.ffn.gamma2.weight is skipped since its requires_grad=False
2024/07/24 07:35:33 - mmengine - WARNING - backbone.layers.6.ln1.weight is skipped since its requires_grad=False
2024/07/24 07:35:33 - mmengine - WARNING - backbone.layers.6.ln1.bias is skipped since its requires_grad=False
2024/07/24 07:35:33 - mmengine - WARNING - backbone.layers.6.attn.qkv.weight is skipped since its requires_grad=False
2024/07/24 07:35:33 - mmengine - WARNING - backbone.layers.6.attn.qkv.bias is skipped since its requires_grad=False
2024/07/24 07:35:33 - mmengine - WARNING - backbone.layers.6.attn.proj.weight is skipped since its requires_grad=False
2024/07/24 07:35:33 - mmengine - WARNING - backbone.layers.6.attn.proj.bias is skipped since its requires_grad=False
2024/07/24 07:35:33 - mmengine - WARNING - backbone.layers.6.attn.gamma1.weight is skipped since its requires_grad=False
2024/07/24 07:35:33 - mmengine - WARNING - backbone.layers.6.ln2.weight is skipped since its requires_grad=False
2024/07/24 07:35:33 - mmengine - WARNING - backbone.layers.6.ln2.bias is skipped since its requires_grad=False
2024/07/24 07:35:33 - mmengine - WARNING - backbone.layers.6.ffn.layers.0.0.weight is skipped since its requires_grad=False
2024/07/24 07:35:33 - mmengine - WARNING - backbone.layers.6.ffn.layers.0.0.bias is skipped since its requires_grad=False
2024/07/24 07:35:33 - mmengine - WARNING - backbone.layers.6.ffn.layers.1.weight is skipped since its requires_grad=False
2024/07/24 07:35:33 - mmengine - WARNING - backbone.layers.6.ffn.layers.1.bias is skipped since its requires_grad=False
2024/07/24 07:35:33 - mmengine - WARNING - backbone.layers.6.ffn.gamma2.weight is skipped since its requires_grad=False
2024/07/24 07:35:33 - mmengine - WARNING - backbone.layers.7.ln1.weight is skipped since its requires_grad=False
2024/07/24 07:35:33 - mmengine - WARNING - backbone.layers.7.ln1.bias is skipped since its requires_grad=False
2024/07/24 07:35:33 - mmengine - WARNING - backbone.layers.7.attn.qkv.weight is skipped since its requires_grad=False
2024/07/24 07:35:33 - mmengine - WARNING - backbone.layers.7.attn.qkv.bias is skipped since its requires_grad=False
2024/07/24 07:35:33 - mmengine - WARNING - backbone.layers.7.attn.proj.weight is skipped since its requires_grad=False
2024/07/24 07:35:33 - mmengine - WARNING - backbone.layers.7.attn.proj.bias is skipped since its requires_grad=False
2024/07/24 07:35:33 - mmengine - WARNING - backbone.layers.7.attn.gamma1.weight is skipped since its requires_grad=False
2024/07/24 07:35:33 - mmengine - WARNING - backbone.layers.7.ln2.weight is skipped since its requires_grad=False
2024/07/24 07:35:33 - mmengine - WARNING - backbone.layers.7.ln2.bias is skipped since its requires_grad=False
2024/07/24 07:35:33 - mmengine - WARNING - backbone.layers.7.ffn.layers.0.0.weight is skipped since its requires_grad=False
2024/07/24 07:35:33 - mmengine - WARNING - backbone.layers.7.ffn.layers.0.0.bias is skipped since its requires_grad=False
2024/07/24 07:35:33 - mmengine - WARNING - backbone.layers.7.ffn.layers.1.weight is skipped since its requires_grad=False
2024/07/24 07:35:33 - mmengine - WARNING - backbone.layers.7.ffn.layers.1.bias is skipped since its requires_grad=False
2024/07/24 07:35:33 - mmengine - WARNING - backbone.layers.7.ffn.gamma2.weight is skipped since its requires_grad=False
2024/07/24 07:35:33 - mmengine - WARNING - backbone.layers.8.ln1.weight is skipped since its requires_grad=False
2024/07/24 07:35:33 - mmengine - WARNING - backbone.layers.8.ln1.bias is skipped since its requires_grad=False
2024/07/24 07:35:33 - mmengine - WARNING - backbone.layers.8.attn.qkv.weight is skipped since its requires_grad=False
2024/07/24 07:35:33 - mmengine - WARNING - backbone.layers.8.attn.qkv.bias is skipped since its requires_grad=False
2024/07/24 07:35:33 - mmengine - WARNING - backbone.layers.8.attn.proj.weight is skipped since its requires_grad=False
2024/07/24 07:35:33 - mmengine - WARNING - backbone.layers.8.attn.proj.bias is skipped since its requires_grad=False
2024/07/24 07:35:33 - mmengine - WARNING - backbone.layers.8.attn.gamma1.weight is skipped since its requires_grad=False
2024/07/24 07:35:33 - mmengine - WARNING - backbone.layers.8.ln2.weight is skipped since its requires_grad=False
2024/07/24 07:35:33 - mmengine - WARNING - backbone.layers.8.ln2.bias is skipped since its requires_grad=False
2024/07/24 07:35:33 - mmengine - WARNING - backbone.layers.8.ffn.layers.0.0.weight is skipped since its requires_grad=False
2024/07/24 07:35:33 - mmengine - WARNING - backbone.layers.8.ffn.layers.0.0.bias is skipped since its requires_grad=False
2024/07/24 07:35:33 - mmengine - WARNING - backbone.layers.8.ffn.layers.1.weight is skipped since its requires_grad=False
2024/07/24 07:35:33 - mmengine - WARNING - backbone.layers.8.ffn.layers.1.bias is skipped since its requires_grad=False
2024/07/24 07:35:33 - mmengine - WARNING - backbone.layers.8.ffn.gamma2.weight is skipped since its requires_grad=False
2024/07/24 07:35:33 - mmengine - WARNING - backbone.layers.9.ln1.weight is skipped since its requires_grad=False
2024/07/24 07:35:33 - mmengine - WARNING - backbone.layers.9.ln1.bias is skipped since its requires_grad=False
2024/07/24 07:35:33 - mmengine - WARNING - backbone.layers.9.attn.qkv.weight is skipped since its requires_grad=False
2024/07/24 07:35:33 - mmengine - WARNING - backbone.layers.9.attn.qkv.bias is skipped since its requires_grad=False
2024/07/24 07:35:33 - mmengine - WARNING - backbone.layers.9.attn.proj.weight is skipped since its requires_grad=False
2024/07/24 07:35:33 - mmengine - WARNING - backbone.layers.9.attn.proj.bias is skipped since its requires_grad=False
2024/07/24 07:35:33 - mmengine - WARNING - backbone.layers.9.attn.gamma1.weight is skipped since its requires_grad=False
2024/07/24 07:35:33 - mmengine - WARNING - backbone.layers.9.ln2.weight is skipped since its requires_grad=False
2024/07/24 07:35:33 - mmengine - WARNING - backbone.layers.9.ln2.bias is skipped since its requires_grad=False
2024/07/24 07:35:33 - mmengine - WARNING - backbone.layers.9.ffn.layers.0.0.weight is skipped since its requires_grad=False
2024/07/24 07:35:33 - mmengine - WARNING - backbone.layers.9.ffn.layers.0.0.bias is skipped since its requires_grad=False
2024/07/24 07:35:33 - mmengine - WARNING - backbone.layers.9.ffn.layers.1.weight is skipped since its requires_grad=False
2024/07/24 07:35:33 - mmengine - WARNING - backbone.layers.9.ffn.layers.1.bias is skipped since its requires_grad=False
2024/07/24 07:35:33 - mmengine - WARNING - backbone.layers.9.ffn.gamma2.weight is skipped since its requires_grad=False
2024/07/24 07:35:33 - mmengine - WARNING - backbone.layers.10.ln1.weight is skipped since its requires_grad=False
2024/07/24 07:35:33 - mmengine - WARNING - backbone.layers.10.ln1.bias is skipped since its requires_grad=False
2024/07/24 07:35:33 - mmengine - WARNING - backbone.layers.10.attn.qkv.weight is skipped since its requires_grad=False
2024/07/24 07:35:33 - mmengine - WARNING - backbone.layers.10.attn.qkv.bias is skipped since its requires_grad=False
2024/07/24 07:35:33 - mmengine - WARNING - backbone.layers.10.attn.proj.weight is skipped since its requires_grad=False
2024/07/24 07:35:33 - mmengine - WARNING - backbone.layers.10.attn.proj.bias is skipped since its requires_grad=False
2024/07/24 07:35:33 - mmengine - WARNING - backbone.layers.10.attn.gamma1.weight is skipped since its requires_grad=False
2024/07/24 07:35:33 - mmengine - WARNING - backbone.layers.10.ln2.weight is skipped since its requires_grad=False
2024/07/24 07:35:33 - mmengine - WARNING - backbone.layers.10.ln2.bias is skipped since its requires_grad=False
2024/07/24 07:35:33 - mmengine - WARNING - backbone.layers.10.ffn.layers.0.0.weight is skipped since its requires_grad=False
2024/07/24 07:35:33 - mmengine - WARNING - backbone.layers.10.ffn.layers.0.0.bias is skipped since its requires_grad=False
2024/07/24 07:35:33 - mmengine - WARNING - backbone.layers.10.ffn.layers.1.weight is skipped since its requires_grad=False
2024/07/24 07:35:33 - mmengine - WARNING - backbone.layers.10.ffn.layers.1.bias is skipped since its requires_grad=False
2024/07/24 07:35:33 - mmengine - WARNING - backbone.layers.10.ffn.gamma2.weight is skipped since its requires_grad=False
2024/07/24 07:35:33 - mmengine - WARNING - backbone.layers.11.ln1.weight is skipped since its requires_grad=False
2024/07/24 07:35:33 - mmengine - WARNING - backbone.layers.11.ln1.bias is skipped since its requires_grad=False
2024/07/24 07:35:33 - mmengine - WARNING - backbone.layers.11.attn.qkv.weight is skipped since its requires_grad=False
2024/07/24 07:35:33 - mmengine - WARNING - backbone.layers.11.attn.qkv.bias is skipped since its requires_grad=False
2024/07/24 07:35:33 - mmengine - WARNING - backbone.layers.11.attn.proj.weight is skipped since its requires_grad=False
2024/07/24 07:35:33 - mmengine - WARNING - backbone.layers.11.attn.proj.bias is skipped since its requires_grad=False
2024/07/24 07:35:33 - mmengine - WARNING - backbone.layers.11.attn.gamma1.weight is skipped since its requires_grad=False
2024/07/24 07:35:33 - mmengine - WARNING - backbone.layers.11.ln2.weight is skipped since its requires_grad=False
2024/07/24 07:35:33 - mmengine - WARNING - backbone.layers.11.ln2.bias is skipped since its requires_grad=False
2024/07/24 07:35:33 - mmengine - WARNING - backbone.layers.11.ffn.layers.0.0.weight is skipped since its requires_grad=False
2024/07/24 07:35:33 - mmengine - WARNING - backbone.layers.11.ffn.layers.0.0.bias is skipped since its requires_grad=False
2024/07/24 07:35:33 - mmengine - WARNING - backbone.layers.11.ffn.layers.1.weight is skipped since its requires_grad=False
2024/07/24 07:35:33 - mmengine - WARNING - backbone.layers.11.ffn.layers.1.bias is skipped since its requires_grad=False
2024/07/24 07:35:33 - mmengine - WARNING - backbone.layers.11.ffn.gamma2.weight is skipped since its requires_grad=False
2024/07/24 07:35:33 - mmengine - WARNING - backbone.ln1.weight is skipped since its requires_grad=False
2024/07/24 07:35:33 - mmengine - WARNING - backbone.ln1.bias is skipped since its requires_grad=False
2024/07/24 07:35:33 - mmengine - INFO - load backbone in model from: https://download.openmmlab.com/mmpretrain/v1.0/dinov2/vit-base-p14_dinov2-pre_3rdparty_20230426-ba246503.pth
2024/07/24 07:35:34 - mmengine - WARNING - The model and loaded state dict do not match exactly

unexpected key in source state_dict: mask_token

Name of parameter - Initialization information

backbone.cls_token - torch.Size([1, 1, 768]): 
PretrainedInit: load from https://download.openmmlab.com/mmpretrain/v1.0/dinov2/vit-base-p14_dinov2-pre_3rdparty_20230426-ba246503.pth 

backbone.pos_embed - torch.Size([1, 1370, 768]): 
PretrainedInit: load from https://download.openmmlab.com/mmpretrain/v1.0/dinov2/vit-base-p14_dinov2-pre_3rdparty_20230426-ba246503.pth 

backbone.patch_embed.projection.weight - torch.Size([768, 3, 14, 14]): 
PretrainedInit: load from https://download.openmmlab.com/mmpretrain/v1.0/dinov2/vit-base-p14_dinov2-pre_3rdparty_20230426-ba246503.pth 

backbone.patch_embed.projection.bias - torch.Size([768]): 
PretrainedInit: load from https://download.openmmlab.com/mmpretrain/v1.0/dinov2/vit-base-p14_dinov2-pre_3rdparty_20230426-ba246503.pth 

backbone.layers.0.ln1.weight - torch.Size([768]): 
PretrainedInit: load from https://download.openmmlab.com/mmpretrain/v1.0/dinov2/vit-base-p14_dinov2-pre_3rdparty_20230426-ba246503.pth 

backbone.layers.0.ln1.bias - torch.Size([768]): 
PretrainedInit: load from https://download.openmmlab.com/mmpretrain/v1.0/dinov2/vit-base-p14_dinov2-pre_3rdparty_20230426-ba246503.pth 

backbone.layers.0.attn.qkv.weight - torch.Size([2304, 768]): 
PretrainedInit: load from https://download.openmmlab.com/mmpretrain/v1.0/dinov2/vit-base-p14_dinov2-pre_3rdparty_20230426-ba246503.pth 

backbone.layers.0.attn.qkv.bias - torch.Size([2304]): 
PretrainedInit: load from https://download.openmmlab.com/mmpretrain/v1.0/dinov2/vit-base-p14_dinov2-pre_3rdparty_20230426-ba246503.pth 

backbone.layers.0.attn.proj.weight - torch.Size([768, 768]): 
PretrainedInit: load from https://download.openmmlab.com/mmpretrain/v1.0/dinov2/vit-base-p14_dinov2-pre_3rdparty_20230426-ba246503.pth 

backbone.layers.0.attn.proj.bias - torch.Size([768]): 
PretrainedInit: load from https://download.openmmlab.com/mmpretrain/v1.0/dinov2/vit-base-p14_dinov2-pre_3rdparty_20230426-ba246503.pth 

backbone.layers.0.attn.gamma1.weight - torch.Size([768]): 
PretrainedInit: load from https://download.openmmlab.com/mmpretrain/v1.0/dinov2/vit-base-p14_dinov2-pre_3rdparty_20230426-ba246503.pth 

backbone.layers.0.ln2.weight - torch.Size([768]): 
PretrainedInit: load from https://download.openmmlab.com/mmpretrain/v1.0/dinov2/vit-base-p14_dinov2-pre_3rdparty_20230426-ba246503.pth 

backbone.layers.0.ln2.bias - torch.Size([768]): 
PretrainedInit: load from https://download.openmmlab.com/mmpretrain/v1.0/dinov2/vit-base-p14_dinov2-pre_3rdparty_20230426-ba246503.pth 

backbone.layers.0.ffn.layers.0.0.weight - torch.Size([3072, 768]): 
PretrainedInit: load from https://download.openmmlab.com/mmpretrain/v1.0/dinov2/vit-base-p14_dinov2-pre_3rdparty_20230426-ba246503.pth 

backbone.layers.0.ffn.layers.0.0.bias - torch.Size([3072]): 
PretrainedInit: load from https://download.openmmlab.com/mmpretrain/v1.0/dinov2/vit-base-p14_dinov2-pre_3rdparty_20230426-ba246503.pth 

backbone.layers.0.ffn.layers.1.weight - torch.Size([768, 3072]): 
PretrainedInit: load from https://download.openmmlab.com/mmpretrain/v1.0/dinov2/vit-base-p14_dinov2-pre_3rdparty_20230426-ba246503.pth 

backbone.layers.0.ffn.layers.1.bias - torch.Size([768]): 
PretrainedInit: load from https://download.openmmlab.com/mmpretrain/v1.0/dinov2/vit-base-p14_dinov2-pre_3rdparty_20230426-ba246503.pth 

backbone.layers.0.ffn.gamma2.weight - torch.Size([768]): 
PretrainedInit: load from https://download.openmmlab.com/mmpretrain/v1.0/dinov2/vit-base-p14_dinov2-pre_3rdparty_20230426-ba246503.pth 

backbone.layers.1.ln1.weight - torch.Size([768]): 
PretrainedInit: load from https://download.openmmlab.com/mmpretrain/v1.0/dinov2/vit-base-p14_dinov2-pre_3rdparty_20230426-ba246503.pth 

backbone.layers.1.ln1.bias - torch.Size([768]): 
PretrainedInit: load from https://download.openmmlab.com/mmpretrain/v1.0/dinov2/vit-base-p14_dinov2-pre_3rdparty_20230426-ba246503.pth 

backbone.layers.1.attn.qkv.weight - torch.Size([2304, 768]): 
PretrainedInit: load from https://download.openmmlab.com/mmpretrain/v1.0/dinov2/vit-base-p14_dinov2-pre_3rdparty_20230426-ba246503.pth 

backbone.layers.1.attn.qkv.bias - torch.Size([2304]): 
PretrainedInit: load from https://download.openmmlab.com/mmpretrain/v1.0/dinov2/vit-base-p14_dinov2-pre_3rdparty_20230426-ba246503.pth 

backbone.layers.1.attn.proj.weight - torch.Size([768, 768]): 
PretrainedInit: load from https://download.openmmlab.com/mmpretrain/v1.0/dinov2/vit-base-p14_dinov2-pre_3rdparty_20230426-ba246503.pth 

backbone.layers.1.attn.proj.bias - torch.Size([768]): 
PretrainedInit: load from https://download.openmmlab.com/mmpretrain/v1.0/dinov2/vit-base-p14_dinov2-pre_3rdparty_20230426-ba246503.pth 

backbone.layers.1.attn.gamma1.weight - torch.Size([768]): 
PretrainedInit: load from https://download.openmmlab.com/mmpretrain/v1.0/dinov2/vit-base-p14_dinov2-pre_3rdparty_20230426-ba246503.pth 

backbone.layers.1.ln2.weight - torch.Size([768]): 
PretrainedInit: load from https://download.openmmlab.com/mmpretrain/v1.0/dinov2/vit-base-p14_dinov2-pre_3rdparty_20230426-ba246503.pth 

backbone.layers.1.ln2.bias - torch.Size([768]): 
PretrainedInit: load from https://download.openmmlab.com/mmpretrain/v1.0/dinov2/vit-base-p14_dinov2-pre_3rdparty_20230426-ba246503.pth 

backbone.layers.1.ffn.layers.0.0.weight - torch.Size([3072, 768]): 
PretrainedInit: load from https://download.openmmlab.com/mmpretrain/v1.0/dinov2/vit-base-p14_dinov2-pre_3rdparty_20230426-ba246503.pth 

backbone.layers.1.ffn.layers.0.0.bias - torch.Size([3072]): 
PretrainedInit: load from https://download.openmmlab.com/mmpretrain/v1.0/dinov2/vit-base-p14_dinov2-pre_3rdparty_20230426-ba246503.pth 

backbone.layers.1.ffn.layers.1.weight - torch.Size([768, 3072]): 
PretrainedInit: load from https://download.openmmlab.com/mmpretrain/v1.0/dinov2/vit-base-p14_dinov2-pre_3rdparty_20230426-ba246503.pth 

backbone.layers.1.ffn.layers.1.bias - torch.Size([768]): 
PretrainedInit: load from https://download.openmmlab.com/mmpretrain/v1.0/dinov2/vit-base-p14_dinov2-pre_3rdparty_20230426-ba246503.pth 

backbone.layers.1.ffn.gamma2.weight - torch.Size([768]): 
PretrainedInit: load from https://download.openmmlab.com/mmpretrain/v1.0/dinov2/vit-base-p14_dinov2-pre_3rdparty_20230426-ba246503.pth 

backbone.layers.2.ln1.weight - torch.Size([768]): 
PretrainedInit: load from https://download.openmmlab.com/mmpretrain/v1.0/dinov2/vit-base-p14_dinov2-pre_3rdparty_20230426-ba246503.pth 

backbone.layers.2.ln1.bias - torch.Size([768]): 
PretrainedInit: load from https://download.openmmlab.com/mmpretrain/v1.0/dinov2/vit-base-p14_dinov2-pre_3rdparty_20230426-ba246503.pth 

backbone.layers.2.attn.qkv.weight - torch.Size([2304, 768]): 
PretrainedInit: load from https://download.openmmlab.com/mmpretrain/v1.0/dinov2/vit-base-p14_dinov2-pre_3rdparty_20230426-ba246503.pth 

backbone.layers.2.attn.qkv.bias - torch.Size([2304]): 
PretrainedInit: load from https://download.openmmlab.com/mmpretrain/v1.0/dinov2/vit-base-p14_dinov2-pre_3rdparty_20230426-ba246503.pth 

backbone.layers.2.attn.proj.weight - torch.Size([768, 768]): 
PretrainedInit: load from https://download.openmmlab.com/mmpretrain/v1.0/dinov2/vit-base-p14_dinov2-pre_3rdparty_20230426-ba246503.pth 

backbone.layers.2.attn.proj.bias - torch.Size([768]): 
PretrainedInit: load from https://download.openmmlab.com/mmpretrain/v1.0/dinov2/vit-base-p14_dinov2-pre_3rdparty_20230426-ba246503.pth 

backbone.layers.2.attn.gamma1.weight - torch.Size([768]): 
PretrainedInit: load from https://download.openmmlab.com/mmpretrain/v1.0/dinov2/vit-base-p14_dinov2-pre_3rdparty_20230426-ba246503.pth 

backbone.layers.2.ln2.weight - torch.Size([768]): 
PretrainedInit: load from https://download.openmmlab.com/mmpretrain/v1.0/dinov2/vit-base-p14_dinov2-pre_3rdparty_20230426-ba246503.pth 

backbone.layers.2.ln2.bias - torch.Size([768]): 
PretrainedInit: load from https://download.openmmlab.com/mmpretrain/v1.0/dinov2/vit-base-p14_dinov2-pre_3rdparty_20230426-ba246503.pth 

backbone.layers.2.ffn.layers.0.0.weight - torch.Size([3072, 768]): 
PretrainedInit: load from https://download.openmmlab.com/mmpretrain/v1.0/dinov2/vit-base-p14_dinov2-pre_3rdparty_20230426-ba246503.pth 

backbone.layers.2.ffn.layers.0.0.bias - torch.Size([3072]): 
PretrainedInit: load from https://download.openmmlab.com/mmpretrain/v1.0/dinov2/vit-base-p14_dinov2-pre_3rdparty_20230426-ba246503.pth 

backbone.layers.2.ffn.layers.1.weight - torch.Size([768, 3072]): 
PretrainedInit: load from https://download.openmmlab.com/mmpretrain/v1.0/dinov2/vit-base-p14_dinov2-pre_3rdparty_20230426-ba246503.pth 

backbone.layers.2.ffn.layers.1.bias - torch.Size([768]): 
PretrainedInit: load from https://download.openmmlab.com/mmpretrain/v1.0/dinov2/vit-base-p14_dinov2-pre_3rdparty_20230426-ba246503.pth 

backbone.layers.2.ffn.gamma2.weight - torch.Size([768]): 
PretrainedInit: load from https://download.openmmlab.com/mmpretrain/v1.0/dinov2/vit-base-p14_dinov2-pre_3rdparty_20230426-ba246503.pth 

backbone.layers.3.ln1.weight - torch.Size([768]): 
PretrainedInit: load from https://download.openmmlab.com/mmpretrain/v1.0/dinov2/vit-base-p14_dinov2-pre_3rdparty_20230426-ba246503.pth 

backbone.layers.3.ln1.bias - torch.Size([768]): 
PretrainedInit: load from https://download.openmmlab.com/mmpretrain/v1.0/dinov2/vit-base-p14_dinov2-pre_3rdparty_20230426-ba246503.pth 

backbone.layers.3.attn.qkv.weight - torch.Size([2304, 768]): 
PretrainedInit: load from https://download.openmmlab.com/mmpretrain/v1.0/dinov2/vit-base-p14_dinov2-pre_3rdparty_20230426-ba246503.pth 

backbone.layers.3.attn.qkv.bias - torch.Size([2304]): 
PretrainedInit: load from https://download.openmmlab.com/mmpretrain/v1.0/dinov2/vit-base-p14_dinov2-pre_3rdparty_20230426-ba246503.pth 

backbone.layers.3.attn.proj.weight - torch.Size([768, 768]): 
PretrainedInit: load from https://download.openmmlab.com/mmpretrain/v1.0/dinov2/vit-base-p14_dinov2-pre_3rdparty_20230426-ba246503.pth 

backbone.layers.3.attn.proj.bias - torch.Size([768]): 
PretrainedInit: load from https://download.openmmlab.com/mmpretrain/v1.0/dinov2/vit-base-p14_dinov2-pre_3rdparty_20230426-ba246503.pth 

backbone.layers.3.attn.gamma1.weight - torch.Size([768]): 
PretrainedInit: load from https://download.openmmlab.com/mmpretrain/v1.0/dinov2/vit-base-p14_dinov2-pre_3rdparty_20230426-ba246503.pth 

backbone.layers.3.ln2.weight - torch.Size([768]): 
PretrainedInit: load from https://download.openmmlab.com/mmpretrain/v1.0/dinov2/vit-base-p14_dinov2-pre_3rdparty_20230426-ba246503.pth 

backbone.layers.3.ln2.bias - torch.Size([768]): 
PretrainedInit: load from https://download.openmmlab.com/mmpretrain/v1.0/dinov2/vit-base-p14_dinov2-pre_3rdparty_20230426-ba246503.pth 

backbone.layers.3.ffn.layers.0.0.weight - torch.Size([3072, 768]): 
PretrainedInit: load from https://download.openmmlab.com/mmpretrain/v1.0/dinov2/vit-base-p14_dinov2-pre_3rdparty_20230426-ba246503.pth 

backbone.layers.3.ffn.layers.0.0.bias - torch.Size([3072]): 
PretrainedInit: load from https://download.openmmlab.com/mmpretrain/v1.0/dinov2/vit-base-p14_dinov2-pre_3rdparty_20230426-ba246503.pth 

backbone.layers.3.ffn.layers.1.weight - torch.Size([768, 3072]): 
PretrainedInit: load from https://download.openmmlab.com/mmpretrain/v1.0/dinov2/vit-base-p14_dinov2-pre_3rdparty_20230426-ba246503.pth 

backbone.layers.3.ffn.layers.1.bias - torch.Size([768]): 
PretrainedInit: load from https://download.openmmlab.com/mmpretrain/v1.0/dinov2/vit-base-p14_dinov2-pre_3rdparty_20230426-ba246503.pth 

backbone.layers.3.ffn.gamma2.weight - torch.Size([768]): 
PretrainedInit: load from https://download.openmmlab.com/mmpretrain/v1.0/dinov2/vit-base-p14_dinov2-pre_3rdparty_20230426-ba246503.pth 

backbone.layers.4.ln1.weight - torch.Size([768]): 
PretrainedInit: load from https://download.openmmlab.com/mmpretrain/v1.0/dinov2/vit-base-p14_dinov2-pre_3rdparty_20230426-ba246503.pth 

backbone.layers.4.ln1.bias - torch.Size([768]): 
PretrainedInit: load from https://download.openmmlab.com/mmpretrain/v1.0/dinov2/vit-base-p14_dinov2-pre_3rdparty_20230426-ba246503.pth 

backbone.layers.4.attn.qkv.weight - torch.Size([2304, 768]): 
PretrainedInit: load from https://download.openmmlab.com/mmpretrain/v1.0/dinov2/vit-base-p14_dinov2-pre_3rdparty_20230426-ba246503.pth 

backbone.layers.4.attn.qkv.bias - torch.Size([2304]): 
PretrainedInit: load from https://download.openmmlab.com/mmpretrain/v1.0/dinov2/vit-base-p14_dinov2-pre_3rdparty_20230426-ba246503.pth 

backbone.layers.4.attn.proj.weight - torch.Size([768, 768]): 
PretrainedInit: load from https://download.openmmlab.com/mmpretrain/v1.0/dinov2/vit-base-p14_dinov2-pre_3rdparty_20230426-ba246503.pth 

backbone.layers.4.attn.proj.bias - torch.Size([768]): 
PretrainedInit: load from https://download.openmmlab.com/mmpretrain/v1.0/dinov2/vit-base-p14_dinov2-pre_3rdparty_20230426-ba246503.pth 

backbone.layers.4.attn.gamma1.weight - torch.Size([768]): 
PretrainedInit: load from https://download.openmmlab.com/mmpretrain/v1.0/dinov2/vit-base-p14_dinov2-pre_3rdparty_20230426-ba246503.pth 

backbone.layers.4.ln2.weight - torch.Size([768]): 
PretrainedInit: load from https://download.openmmlab.com/mmpretrain/v1.0/dinov2/vit-base-p14_dinov2-pre_3rdparty_20230426-ba246503.pth 

backbone.layers.4.ln2.bias - torch.Size([768]): 
PretrainedInit: load from https://download.openmmlab.com/mmpretrain/v1.0/dinov2/vit-base-p14_dinov2-pre_3rdparty_20230426-ba246503.pth 

backbone.layers.4.ffn.layers.0.0.weight - torch.Size([3072, 768]): 
PretrainedInit: load from https://download.openmmlab.com/mmpretrain/v1.0/dinov2/vit-base-p14_dinov2-pre_3rdparty_20230426-ba246503.pth 

backbone.layers.4.ffn.layers.0.0.bias - torch.Size([3072]): 
PretrainedInit: load from https://download.openmmlab.com/mmpretrain/v1.0/dinov2/vit-base-p14_dinov2-pre_3rdparty_20230426-ba246503.pth 

backbone.layers.4.ffn.layers.1.weight - torch.Size([768, 3072]): 
PretrainedInit: load from https://download.openmmlab.com/mmpretrain/v1.0/dinov2/vit-base-p14_dinov2-pre_3rdparty_20230426-ba246503.pth 

backbone.layers.4.ffn.layers.1.bias - torch.Size([768]): 
PretrainedInit: load from https://download.openmmlab.com/mmpretrain/v1.0/dinov2/vit-base-p14_dinov2-pre_3rdparty_20230426-ba246503.pth 

backbone.layers.4.ffn.gamma2.weight - torch.Size([768]): 
PretrainedInit: load from https://download.openmmlab.com/mmpretrain/v1.0/dinov2/vit-base-p14_dinov2-pre_3rdparty_20230426-ba246503.pth 

backbone.layers.5.ln1.weight - torch.Size([768]): 
PretrainedInit: load from https://download.openmmlab.com/mmpretrain/v1.0/dinov2/vit-base-p14_dinov2-pre_3rdparty_20230426-ba246503.pth 

backbone.layers.5.ln1.bias - torch.Size([768]): 
PretrainedInit: load from https://download.openmmlab.com/mmpretrain/v1.0/dinov2/vit-base-p14_dinov2-pre_3rdparty_20230426-ba246503.pth 

backbone.layers.5.attn.qkv.weight - torch.Size([2304, 768]): 
PretrainedInit: load from https://download.openmmlab.com/mmpretrain/v1.0/dinov2/vit-base-p14_dinov2-pre_3rdparty_20230426-ba246503.pth 

backbone.layers.5.attn.qkv.bias - torch.Size([2304]): 
PretrainedInit: load from https://download.openmmlab.com/mmpretrain/v1.0/dinov2/vit-base-p14_dinov2-pre_3rdparty_20230426-ba246503.pth 

backbone.layers.5.attn.proj.weight - torch.Size([768, 768]): 
PretrainedInit: load from https://download.openmmlab.com/mmpretrain/v1.0/dinov2/vit-base-p14_dinov2-pre_3rdparty_20230426-ba246503.pth 

backbone.layers.5.attn.proj.bias - torch.Size([768]): 
PretrainedInit: load from https://download.openmmlab.com/mmpretrain/v1.0/dinov2/vit-base-p14_dinov2-pre_3rdparty_20230426-ba246503.pth 

backbone.layers.5.attn.gamma1.weight - torch.Size([768]): 
PretrainedInit: load from https://download.openmmlab.com/mmpretrain/v1.0/dinov2/vit-base-p14_dinov2-pre_3rdparty_20230426-ba246503.pth 

backbone.layers.5.ln2.weight - torch.Size([768]): 
PretrainedInit: load from https://download.openmmlab.com/mmpretrain/v1.0/dinov2/vit-base-p14_dinov2-pre_3rdparty_20230426-ba246503.pth 

backbone.layers.5.ln2.bias - torch.Size([768]): 
PretrainedInit: load from https://download.openmmlab.com/mmpretrain/v1.0/dinov2/vit-base-p14_dinov2-pre_3rdparty_20230426-ba246503.pth 

backbone.layers.5.ffn.layers.0.0.weight - torch.Size([3072, 768]): 
PretrainedInit: load from https://download.openmmlab.com/mmpretrain/v1.0/dinov2/vit-base-p14_dinov2-pre_3rdparty_20230426-ba246503.pth 

backbone.layers.5.ffn.layers.0.0.bias - torch.Size([3072]): 
PretrainedInit: load from https://download.openmmlab.com/mmpretrain/v1.0/dinov2/vit-base-p14_dinov2-pre_3rdparty_20230426-ba246503.pth 

backbone.layers.5.ffn.layers.1.weight - torch.Size([768, 3072]): 
PretrainedInit: load from https://download.openmmlab.com/mmpretrain/v1.0/dinov2/vit-base-p14_dinov2-pre_3rdparty_20230426-ba246503.pth 

backbone.layers.5.ffn.layers.1.bias - torch.Size([768]): 
PretrainedInit: load from https://download.openmmlab.com/mmpretrain/v1.0/dinov2/vit-base-p14_dinov2-pre_3rdparty_20230426-ba246503.pth 

backbone.layers.5.ffn.gamma2.weight - torch.Size([768]): 
PretrainedInit: load from https://download.openmmlab.com/mmpretrain/v1.0/dinov2/vit-base-p14_dinov2-pre_3rdparty_20230426-ba246503.pth 

backbone.layers.6.ln1.weight - torch.Size([768]): 
PretrainedInit: load from https://download.openmmlab.com/mmpretrain/v1.0/dinov2/vit-base-p14_dinov2-pre_3rdparty_20230426-ba246503.pth 

backbone.layers.6.ln1.bias - torch.Size([768]): 
PretrainedInit: load from https://download.openmmlab.com/mmpretrain/v1.0/dinov2/vit-base-p14_dinov2-pre_3rdparty_20230426-ba246503.pth 

backbone.layers.6.attn.qkv.weight - torch.Size([2304, 768]): 
PretrainedInit: load from https://download.openmmlab.com/mmpretrain/v1.0/dinov2/vit-base-p14_dinov2-pre_3rdparty_20230426-ba246503.pth 

backbone.layers.6.attn.qkv.bias - torch.Size([2304]): 
PretrainedInit: load from https://download.openmmlab.com/mmpretrain/v1.0/dinov2/vit-base-p14_dinov2-pre_3rdparty_20230426-ba246503.pth 

backbone.layers.6.attn.proj.weight - torch.Size([768, 768]): 
PretrainedInit: load from https://download.openmmlab.com/mmpretrain/v1.0/dinov2/vit-base-p14_dinov2-pre_3rdparty_20230426-ba246503.pth 

backbone.layers.6.attn.proj.bias - torch.Size([768]): 
PretrainedInit: load from https://download.openmmlab.com/mmpretrain/v1.0/dinov2/vit-base-p14_dinov2-pre_3rdparty_20230426-ba246503.pth 

backbone.layers.6.attn.gamma1.weight - torch.Size([768]): 
PretrainedInit: load from https://download.openmmlab.com/mmpretrain/v1.0/dinov2/vit-base-p14_dinov2-pre_3rdparty_20230426-ba246503.pth 

backbone.layers.6.ln2.weight - torch.Size([768]): 
PretrainedInit: load from https://download.openmmlab.com/mmpretrain/v1.0/dinov2/vit-base-p14_dinov2-pre_3rdparty_20230426-ba246503.pth 

backbone.layers.6.ln2.bias - torch.Size([768]): 
PretrainedInit: load from https://download.openmmlab.com/mmpretrain/v1.0/dinov2/vit-base-p14_dinov2-pre_3rdparty_20230426-ba246503.pth 

backbone.layers.6.ffn.layers.0.0.weight - torch.Size([3072, 768]): 
PretrainedInit: load from https://download.openmmlab.com/mmpretrain/v1.0/dinov2/vit-base-p14_dinov2-pre_3rdparty_20230426-ba246503.pth 

backbone.layers.6.ffn.layers.0.0.bias - torch.Size([3072]): 
PretrainedInit: load from https://download.openmmlab.com/mmpretrain/v1.0/dinov2/vit-base-p14_dinov2-pre_3rdparty_20230426-ba246503.pth 

backbone.layers.6.ffn.layers.1.weight - torch.Size([768, 3072]): 
PretrainedInit: load from https://download.openmmlab.com/mmpretrain/v1.0/dinov2/vit-base-p14_dinov2-pre_3rdparty_20230426-ba246503.pth 

backbone.layers.6.ffn.layers.1.bias - torch.Size([768]): 
PretrainedInit: load from https://download.openmmlab.com/mmpretrain/v1.0/dinov2/vit-base-p14_dinov2-pre_3rdparty_20230426-ba246503.pth 

backbone.layers.6.ffn.gamma2.weight - torch.Size([768]): 
PretrainedInit: load from https://download.openmmlab.com/mmpretrain/v1.0/dinov2/vit-base-p14_dinov2-pre_3rdparty_20230426-ba246503.pth 

backbone.layers.7.ln1.weight - torch.Size([768]): 
PretrainedInit: load from https://download.openmmlab.com/mmpretrain/v1.0/dinov2/vit-base-p14_dinov2-pre_3rdparty_20230426-ba246503.pth 

backbone.layers.7.ln1.bias - torch.Size([768]): 
PretrainedInit: load from https://download.openmmlab.com/mmpretrain/v1.0/dinov2/vit-base-p14_dinov2-pre_3rdparty_20230426-ba246503.pth 

backbone.layers.7.attn.qkv.weight - torch.Size([2304, 768]): 
PretrainedInit: load from https://download.openmmlab.com/mmpretrain/v1.0/dinov2/vit-base-p14_dinov2-pre_3rdparty_20230426-ba246503.pth 

backbone.layers.7.attn.qkv.bias - torch.Size([2304]): 
PretrainedInit: load from https://download.openmmlab.com/mmpretrain/v1.0/dinov2/vit-base-p14_dinov2-pre_3rdparty_20230426-ba246503.pth 

backbone.layers.7.attn.proj.weight - torch.Size([768, 768]): 
PretrainedInit: load from https://download.openmmlab.com/mmpretrain/v1.0/dinov2/vit-base-p14_dinov2-pre_3rdparty_20230426-ba246503.pth 

backbone.layers.7.attn.proj.bias - torch.Size([768]): 
PretrainedInit: load from https://download.openmmlab.com/mmpretrain/v1.0/dinov2/vit-base-p14_dinov2-pre_3rdparty_20230426-ba246503.pth 

backbone.layers.7.attn.gamma1.weight - torch.Size([768]): 
PretrainedInit: load from https://download.openmmlab.com/mmpretrain/v1.0/dinov2/vit-base-p14_dinov2-pre_3rdparty_20230426-ba246503.pth 

backbone.layers.7.ln2.weight - torch.Size([768]): 
PretrainedInit: load from https://download.openmmlab.com/mmpretrain/v1.0/dinov2/vit-base-p14_dinov2-pre_3rdparty_20230426-ba246503.pth 

backbone.layers.7.ln2.bias - torch.Size([768]): 
PretrainedInit: load from https://download.openmmlab.com/mmpretrain/v1.0/dinov2/vit-base-p14_dinov2-pre_3rdparty_20230426-ba246503.pth 

backbone.layers.7.ffn.layers.0.0.weight - torch.Size([3072, 768]): 
PretrainedInit: load from https://download.openmmlab.com/mmpretrain/v1.0/dinov2/vit-base-p14_dinov2-pre_3rdparty_20230426-ba246503.pth 

backbone.layers.7.ffn.layers.0.0.bias - torch.Size([3072]): 
PretrainedInit: load from https://download.openmmlab.com/mmpretrain/v1.0/dinov2/vit-base-p14_dinov2-pre_3rdparty_20230426-ba246503.pth 

backbone.layers.7.ffn.layers.1.weight - torch.Size([768, 3072]): 
PretrainedInit: load from https://download.openmmlab.com/mmpretrain/v1.0/dinov2/vit-base-p14_dinov2-pre_3rdparty_20230426-ba246503.pth 

backbone.layers.7.ffn.layers.1.bias - torch.Size([768]): 
PretrainedInit: load from https://download.openmmlab.com/mmpretrain/v1.0/dinov2/vit-base-p14_dinov2-pre_3rdparty_20230426-ba246503.pth 

backbone.layers.7.ffn.gamma2.weight - torch.Size([768]): 
PretrainedInit: load from https://download.openmmlab.com/mmpretrain/v1.0/dinov2/vit-base-p14_dinov2-pre_3rdparty_20230426-ba246503.pth 

backbone.layers.8.ln1.weight - torch.Size([768]): 
PretrainedInit: load from https://download.openmmlab.com/mmpretrain/v1.0/dinov2/vit-base-p14_dinov2-pre_3rdparty_20230426-ba246503.pth 

backbone.layers.8.ln1.bias - torch.Size([768]): 
PretrainedInit: load from https://download.openmmlab.com/mmpretrain/v1.0/dinov2/vit-base-p14_dinov2-pre_3rdparty_20230426-ba246503.pth 

backbone.layers.8.attn.qkv.weight - torch.Size([2304, 768]): 
PretrainedInit: load from https://download.openmmlab.com/mmpretrain/v1.0/dinov2/vit-base-p14_dinov2-pre_3rdparty_20230426-ba246503.pth 

backbone.layers.8.attn.qkv.bias - torch.Size([2304]): 
PretrainedInit: load from https://download.openmmlab.com/mmpretrain/v1.0/dinov2/vit-base-p14_dinov2-pre_3rdparty_20230426-ba246503.pth 

backbone.layers.8.attn.proj.weight - torch.Size([768, 768]): 
PretrainedInit: load from https://download.openmmlab.com/mmpretrain/v1.0/dinov2/vit-base-p14_dinov2-pre_3rdparty_20230426-ba246503.pth 

backbone.layers.8.attn.proj.bias - torch.Size([768]): 
PretrainedInit: load from https://download.openmmlab.com/mmpretrain/v1.0/dinov2/vit-base-p14_dinov2-pre_3rdparty_20230426-ba246503.pth 

backbone.layers.8.attn.gamma1.weight - torch.Size([768]): 
PretrainedInit: load from https://download.openmmlab.com/mmpretrain/v1.0/dinov2/vit-base-p14_dinov2-pre_3rdparty_20230426-ba246503.pth 

backbone.layers.8.ln2.weight - torch.Size([768]): 
PretrainedInit: load from https://download.openmmlab.com/mmpretrain/v1.0/dinov2/vit-base-p14_dinov2-pre_3rdparty_20230426-ba246503.pth 

backbone.layers.8.ln2.bias - torch.Size([768]): 
PretrainedInit: load from https://download.openmmlab.com/mmpretrain/v1.0/dinov2/vit-base-p14_dinov2-pre_3rdparty_20230426-ba246503.pth 

backbone.layers.8.ffn.layers.0.0.weight - torch.Size([3072, 768]): 
PretrainedInit: load from https://download.openmmlab.com/mmpretrain/v1.0/dinov2/vit-base-p14_dinov2-pre_3rdparty_20230426-ba246503.pth 

backbone.layers.8.ffn.layers.0.0.bias - torch.Size([3072]): 
PretrainedInit: load from https://download.openmmlab.com/mmpretrain/v1.0/dinov2/vit-base-p14_dinov2-pre_3rdparty_20230426-ba246503.pth 

backbone.layers.8.ffn.layers.1.weight - torch.Size([768, 3072]): 
PretrainedInit: load from https://download.openmmlab.com/mmpretrain/v1.0/dinov2/vit-base-p14_dinov2-pre_3rdparty_20230426-ba246503.pth 

backbone.layers.8.ffn.layers.1.bias - torch.Size([768]): 
PretrainedInit: load from https://download.openmmlab.com/mmpretrain/v1.0/dinov2/vit-base-p14_dinov2-pre_3rdparty_20230426-ba246503.pth 

backbone.layers.8.ffn.gamma2.weight - torch.Size([768]): 
PretrainedInit: load from https://download.openmmlab.com/mmpretrain/v1.0/dinov2/vit-base-p14_dinov2-pre_3rdparty_20230426-ba246503.pth 

backbone.layers.9.ln1.weight - torch.Size([768]): 
PretrainedInit: load from https://download.openmmlab.com/mmpretrain/v1.0/dinov2/vit-base-p14_dinov2-pre_3rdparty_20230426-ba246503.pth 

backbone.layers.9.ln1.bias - torch.Size([768]): 
PretrainedInit: load from https://download.openmmlab.com/mmpretrain/v1.0/dinov2/vit-base-p14_dinov2-pre_3rdparty_20230426-ba246503.pth 

backbone.layers.9.attn.qkv.weight - torch.Size([2304, 768]): 
PretrainedInit: load from https://download.openmmlab.com/mmpretrain/v1.0/dinov2/vit-base-p14_dinov2-pre_3rdparty_20230426-ba246503.pth 

backbone.layers.9.attn.qkv.bias - torch.Size([2304]): 
PretrainedInit: load from https://download.openmmlab.com/mmpretrain/v1.0/dinov2/vit-base-p14_dinov2-pre_3rdparty_20230426-ba246503.pth 

backbone.layers.9.attn.proj.weight - torch.Size([768, 768]): 
PretrainedInit: load from https://download.openmmlab.com/mmpretrain/v1.0/dinov2/vit-base-p14_dinov2-pre_3rdparty_20230426-ba246503.pth 

backbone.layers.9.attn.proj.bias - torch.Size([768]): 
PretrainedInit: load from https://download.openmmlab.com/mmpretrain/v1.0/dinov2/vit-base-p14_dinov2-pre_3rdparty_20230426-ba246503.pth 

backbone.layers.9.attn.gamma1.weight - torch.Size([768]): 
PretrainedInit: load from https://download.openmmlab.com/mmpretrain/v1.0/dinov2/vit-base-p14_dinov2-pre_3rdparty_20230426-ba246503.pth 

backbone.layers.9.ln2.weight - torch.Size([768]): 
PretrainedInit: load from https://download.openmmlab.com/mmpretrain/v1.0/dinov2/vit-base-p14_dinov2-pre_3rdparty_20230426-ba246503.pth 

backbone.layers.9.ln2.bias - torch.Size([768]): 
PretrainedInit: load from https://download.openmmlab.com/mmpretrain/v1.0/dinov2/vit-base-p14_dinov2-pre_3rdparty_20230426-ba246503.pth 

backbone.layers.9.ffn.layers.0.0.weight - torch.Size([3072, 768]): 
PretrainedInit: load from https://download.openmmlab.com/mmpretrain/v1.0/dinov2/vit-base-p14_dinov2-pre_3rdparty_20230426-ba246503.pth 

backbone.layers.9.ffn.layers.0.0.bias - torch.Size([3072]): 
PretrainedInit: load from https://download.openmmlab.com/mmpretrain/v1.0/dinov2/vit-base-p14_dinov2-pre_3rdparty_20230426-ba246503.pth 

backbone.layers.9.ffn.layers.1.weight - torch.Size([768, 3072]): 
PretrainedInit: load from https://download.openmmlab.com/mmpretrain/v1.0/dinov2/vit-base-p14_dinov2-pre_3rdparty_20230426-ba246503.pth 

backbone.layers.9.ffn.layers.1.bias - torch.Size([768]): 
PretrainedInit: load from https://download.openmmlab.com/mmpretrain/v1.0/dinov2/vit-base-p14_dinov2-pre_3rdparty_20230426-ba246503.pth 

backbone.layers.9.ffn.gamma2.weight - torch.Size([768]): 
PretrainedInit: load from https://download.openmmlab.com/mmpretrain/v1.0/dinov2/vit-base-p14_dinov2-pre_3rdparty_20230426-ba246503.pth 

backbone.layers.10.ln1.weight - torch.Size([768]): 
PretrainedInit: load from https://download.openmmlab.com/mmpretrain/v1.0/dinov2/vit-base-p14_dinov2-pre_3rdparty_20230426-ba246503.pth 

backbone.layers.10.ln1.bias - torch.Size([768]): 
PretrainedInit: load from https://download.openmmlab.com/mmpretrain/v1.0/dinov2/vit-base-p14_dinov2-pre_3rdparty_20230426-ba246503.pth 

backbone.layers.10.attn.qkv.weight - torch.Size([2304, 768]): 
PretrainedInit: load from https://download.openmmlab.com/mmpretrain/v1.0/dinov2/vit-base-p14_dinov2-pre_3rdparty_20230426-ba246503.pth 

backbone.layers.10.attn.qkv.bias - torch.Size([2304]): 
PretrainedInit: load from https://download.openmmlab.com/mmpretrain/v1.0/dinov2/vit-base-p14_dinov2-pre_3rdparty_20230426-ba246503.pth 

backbone.layers.10.attn.proj.weight - torch.Size([768, 768]): 
PretrainedInit: load from https://download.openmmlab.com/mmpretrain/v1.0/dinov2/vit-base-p14_dinov2-pre_3rdparty_20230426-ba246503.pth 

backbone.layers.10.attn.proj.bias - torch.Size([768]): 
PretrainedInit: load from https://download.openmmlab.com/mmpretrain/v1.0/dinov2/vit-base-p14_dinov2-pre_3rdparty_20230426-ba246503.pth 

backbone.layers.10.attn.gamma1.weight - torch.Size([768]): 
PretrainedInit: load from https://download.openmmlab.com/mmpretrain/v1.0/dinov2/vit-base-p14_dinov2-pre_3rdparty_20230426-ba246503.pth 

backbone.layers.10.ln2.weight - torch.Size([768]): 
PretrainedInit: load from https://download.openmmlab.com/mmpretrain/v1.0/dinov2/vit-base-p14_dinov2-pre_3rdparty_20230426-ba246503.pth 

backbone.layers.10.ln2.bias - torch.Size([768]): 
PretrainedInit: load from https://download.openmmlab.com/mmpretrain/v1.0/dinov2/vit-base-p14_dinov2-pre_3rdparty_20230426-ba246503.pth 

backbone.layers.10.ffn.layers.0.0.weight - torch.Size([3072, 768]): 
PretrainedInit: load from https://download.openmmlab.com/mmpretrain/v1.0/dinov2/vit-base-p14_dinov2-pre_3rdparty_20230426-ba246503.pth 

backbone.layers.10.ffn.layers.0.0.bias - torch.Size([3072]): 
PretrainedInit: load from https://download.openmmlab.com/mmpretrain/v1.0/dinov2/vit-base-p14_dinov2-pre_3rdparty_20230426-ba246503.pth 

backbone.layers.10.ffn.layers.1.weight - torch.Size([768, 3072]): 
PretrainedInit: load from https://download.openmmlab.com/mmpretrain/v1.0/dinov2/vit-base-p14_dinov2-pre_3rdparty_20230426-ba246503.pth 

backbone.layers.10.ffn.layers.1.bias - torch.Size([768]): 
PretrainedInit: load from https://download.openmmlab.com/mmpretrain/v1.0/dinov2/vit-base-p14_dinov2-pre_3rdparty_20230426-ba246503.pth 

backbone.layers.10.ffn.gamma2.weight - torch.Size([768]): 
PretrainedInit: load from https://download.openmmlab.com/mmpretrain/v1.0/dinov2/vit-base-p14_dinov2-pre_3rdparty_20230426-ba246503.pth 

backbone.layers.11.ln1.weight - torch.Size([768]): 
PretrainedInit: load from https://download.openmmlab.com/mmpretrain/v1.0/dinov2/vit-base-p14_dinov2-pre_3rdparty_20230426-ba246503.pth 

backbone.layers.11.ln1.bias - torch.Size([768]): 
PretrainedInit: load from https://download.openmmlab.com/mmpretrain/v1.0/dinov2/vit-base-p14_dinov2-pre_3rdparty_20230426-ba246503.pth 

backbone.layers.11.attn.qkv.weight - torch.Size([2304, 768]): 
PretrainedInit: load from https://download.openmmlab.com/mmpretrain/v1.0/dinov2/vit-base-p14_dinov2-pre_3rdparty_20230426-ba246503.pth 

backbone.layers.11.attn.qkv.bias - torch.Size([2304]): 
PretrainedInit: load from https://download.openmmlab.com/mmpretrain/v1.0/dinov2/vit-base-p14_dinov2-pre_3rdparty_20230426-ba246503.pth 

backbone.layers.11.attn.proj.weight - torch.Size([768, 768]): 
PretrainedInit: load from https://download.openmmlab.com/mmpretrain/v1.0/dinov2/vit-base-p14_dinov2-pre_3rdparty_20230426-ba246503.pth 

backbone.layers.11.attn.proj.bias - torch.Size([768]): 
PretrainedInit: load from https://download.openmmlab.com/mmpretrain/v1.0/dinov2/vit-base-p14_dinov2-pre_3rdparty_20230426-ba246503.pth 

backbone.layers.11.attn.gamma1.weight - torch.Size([768]): 
PretrainedInit: load from https://download.openmmlab.com/mmpretrain/v1.0/dinov2/vit-base-p14_dinov2-pre_3rdparty_20230426-ba246503.pth 

backbone.layers.11.ln2.weight - torch.Size([768]): 
PretrainedInit: load from https://download.openmmlab.com/mmpretrain/v1.0/dinov2/vit-base-p14_dinov2-pre_3rdparty_20230426-ba246503.pth 

backbone.layers.11.ln2.bias - torch.Size([768]): 
PretrainedInit: load from https://download.openmmlab.com/mmpretrain/v1.0/dinov2/vit-base-p14_dinov2-pre_3rdparty_20230426-ba246503.pth 

backbone.layers.11.ffn.layers.0.0.weight - torch.Size([3072, 768]): 
PretrainedInit: load from https://download.openmmlab.com/mmpretrain/v1.0/dinov2/vit-base-p14_dinov2-pre_3rdparty_20230426-ba246503.pth 

backbone.layers.11.ffn.layers.0.0.bias - torch.Size([3072]): 
PretrainedInit: load from https://download.openmmlab.com/mmpretrain/v1.0/dinov2/vit-base-p14_dinov2-pre_3rdparty_20230426-ba246503.pth 

backbone.layers.11.ffn.layers.1.weight - torch.Size([768, 3072]): 
PretrainedInit: load from https://download.openmmlab.com/mmpretrain/v1.0/dinov2/vit-base-p14_dinov2-pre_3rdparty_20230426-ba246503.pth 

backbone.layers.11.ffn.layers.1.bias - torch.Size([768]): 
PretrainedInit: load from https://download.openmmlab.com/mmpretrain/v1.0/dinov2/vit-base-p14_dinov2-pre_3rdparty_20230426-ba246503.pth 

backbone.layers.11.ffn.gamma2.weight - torch.Size([768]): 
PretrainedInit: load from https://download.openmmlab.com/mmpretrain/v1.0/dinov2/vit-base-p14_dinov2-pre_3rdparty_20230426-ba246503.pth 

backbone.ln1.weight - torch.Size([768]): 
PretrainedInit: load from https://download.openmmlab.com/mmpretrain/v1.0/dinov2/vit-base-p14_dinov2-pre_3rdparty_20230426-ba246503.pth 

backbone.ln1.bias - torch.Size([768]): 
PretrainedInit: load from https://download.openmmlab.com/mmpretrain/v1.0/dinov2/vit-base-p14_dinov2-pre_3rdparty_20230426-ba246503.pth 

head.layers.head.weight - torch.Size([7806, 768]): 
ConstantInit: val=0, bias=0 

head.layers.head.bias - torch.Size([7806]): 
ConstantInit: val=0, bias=0 
2024/07/24 07:35:34 - mmengine - WARNING - "FileClient" will be deprecated in future. Please use io functions in https://mmengine.readthedocs.io/en/latest/api/fileio.html#file-io
2024/07/24 07:35:34 - mmengine - WARNING - "HardDiskBackend" is the alias of "LocalBackend" and the former will be deprecated in future.
2024/07/24 07:35:34 - mmengine - INFO - Checkpoints will be saved to /root/weed-detection/work_dirs/leafcaw.
2024/07/24 07:38:46 - mmengine - INFO - Epoch(train)  [1][ 25/185]  base_lr: 1.0000e-04 lr: 1.0000e-04  eta: 4:42:03  time: 2.5636  data_time: 0.0044  memory: 32400  loss: 8.1986
2024/07/24 07:39:51 - mmengine - INFO - Epoch(train)  [1][ 50/185]  base_lr: 1.0000e-04 lr: 1.0000e-04  eta: 3:05:57  time: 2.5859  data_time: 0.0041  memory: 32400  loss: 7.3393
2024/07/24 07:40:55 - mmengine - INFO - Epoch(train)  [1][ 75/185]  base_lr: 1.0000e-04 lr: 1.0000e-04  eta: 2:33:12  time: 2.5864  data_time: 0.0062  memory: 32400  loss: 6.5843
2024/07/24 07:41:59 - mmengine - INFO - Epoch(train)  [1][100/185]  base_lr: 1.0000e-04 lr: 1.0000e-04  eta: 2:16:13  time: 2.5655  data_time: 0.0031  memory: 32400  loss: 5.9289
2024/07/24 07:43:03 - mmengine - INFO - Epoch(train)  [1][125/185]  base_lr: 1.0000e-04 lr: 1.0000e-04  eta: 2:05:35  time: 2.5643  data_time: 0.0029  memory: 32400  loss: 5.3446
2024/07/24 07:44:07 - mmengine - INFO - Epoch(train)  [1][150/185]  base_lr: 1.0000e-04 lr: 1.0000e-04  eta: 1:58:06  time: 2.5528  data_time: 0.0023  memory: 32400  loss: 4.8936
2024/07/24 07:45:11 - mmengine - INFO - Epoch(train)  [1][175/185]  base_lr: 1.0000e-04 lr: 1.0000e-04  eta: 1:52:26  time: 2.5515  data_time: 0.0018  memory: 32400  loss: 4.5175
2024/07/24 07:45:35 - mmengine - INFO - Exp name: leafcaw_20240724_073527
2024/07/24 07:45:35 - mmengine - INFO - Saving checkpoint at 1 epochs
2024/07/24 07:49:27 - mmengine - INFO - Epoch(val) [1][10/10]    accuracy/top1: 41.3771  accuracy/top5: 63.9669  single-label/precision: 5.3772  single-label/recall: 4.7563  single-label/f1-score: 4.2809  data_time: 4.6409  time: 20.8164
2024/07/24 07:51:36 - mmengine - INFO - Epoch(train)  [2][ 25/185]  base_lr: 9.9384e-05 lr: 9.9384e-05  eta: 1:56:31  time: 2.5902  data_time: 0.0032  memory: 48840  loss: 4.0221
2024/07/24 07:52:40 - mmengine - INFO - Epoch(train)  [2][ 50/185]  base_lr: 9.9384e-05 lr: 9.9384e-05  eta: 1:51:55  time: 2.6010  data_time: 0.0029  memory: 32400  loss: 3.7870
2024/07/24 07:53:44 - mmengine - INFO - Epoch(train)  [2][ 75/185]  base_lr: 9.9384e-05 lr: 9.9384e-05  eta: 1:47:56  time: 2.5577  data_time: 0.0029  memory: 32400  loss: 3.5960
2024/07/24 07:54:49 - mmengine - INFO - Epoch(train)  [2][100/185]  base_lr: 9.9384e-05 lr: 9.9384e-05  eta: 1:44:29  time: 2.5980  data_time: 0.0029  memory: 32400  loss: 3.3934
2024/07/24 07:55:53 - mmengine - INFO - Epoch(train)  [2][125/185]  base_lr: 9.9384e-05 lr: 9.9384e-05  eta: 1:41:28  time: 2.6241  data_time: 0.0023  memory: 32400  loss: 3.2469
2024/07/24 07:56:57 - mmengine - INFO - Epoch(train)  [2][150/185]  base_lr: 9.9384e-05 lr: 9.9384e-05  eta: 1:38:39  time: 2.5548  data_time: 0.0021  memory: 32400  loss: 3.1282
2024/07/24 07:58:01 - mmengine - INFO - Epoch(train)  [2][175/185]  base_lr: 9.9384e-05 lr: 9.9384e-05  eta: 1:36:05  time: 2.5550  data_time: 0.0022  memory: 32400  loss: 3.0044
2024/07/24 07:58:25 - mmengine - INFO - Exp name: leafcaw_20240724_073527
2024/07/24 07:58:25 - mmengine - INFO - Saving checkpoint at 2 epochs
2024/07/24 08:01:41 - mmengine - INFO - Epoch(val) [2][10/10]    accuracy/top1: 50.8674  accuracy/top5: 73.0437  single-label/precision: 8.3954  single-label/recall: 7.6510  single-label/f1-score: 7.0861  data_time: 1.0853  time: 15.7216
2024/07/24 08:03:35 - mmengine - INFO - Epoch(train)  [3][ 25/185]  base_lr: 9.7553e-05 lr: 9.7553e-05  eta: 1:36:33  time: 2.5790  data_time: 0.0033  memory: 48840  loss: 2.7669
2024/07/24 08:04:39 - mmengine - INFO - Epoch(train)  [3][ 50/185]  base_lr: 9.7553e-05 lr: 9.7553e-05  eta: 1:34:09  time: 2.5683  data_time: 0.0036  memory: 32400  loss: 2.7114
2024/07/24 08:05:43 - mmengine - INFO - Epoch(train)  [3][ 75/185]  base_lr: 9.7553e-05 lr: 9.7553e-05  eta: 1:31:55  time: 2.5656  data_time: 0.0033  memory: 32400  loss: 2.6482
2024/07/24 08:06:48 - mmengine - INFO - Epoch(train)  [3][100/185]  base_lr: 9.7553e-05 lr: 9.7553e-05  eta: 1:29:47  time: 2.5647  data_time: 0.0035  memory: 32400  loss: 2.5685
2024/07/24 08:07:52 - mmengine - INFO - Epoch(train)  [3][125/185]  base_lr: 9.7553e-05 lr: 9.7553e-05  eta: 1:27:46  time: 2.5578  data_time: 0.0032  memory: 32400  loss: 2.5047
2024/07/24 08:08:56 - mmengine - INFO - Epoch(train)  [3][150/185]  base_lr: 9.7553e-05 lr: 9.7553e-05  eta: 1:25:51  time: 2.5553  data_time: 0.0025  memory: 32400  loss: 2.4451
2024/07/24 08:10:00 - mmengine - INFO - Epoch(train)  [3][175/185]  base_lr: 9.7553e-05 lr: 9.7553e-05  eta: 1:23:59  time: 2.5545  data_time: 0.0020  memory: 32400  loss: 2.3927
2024/07/24 08:10:24 - mmengine - INFO - Exp name: leafcaw_20240724_073527
2024/07/24 08:10:24 - mmengine - INFO - Saving checkpoint at 3 epochs
2024/07/24 08:14:00 - mmengine - INFO - Epoch(val) [3][10/10]    accuracy/top1: 55.6689  accuracy/top5: 77.2705  single-label/precision: 10.4837  single-label/recall: 9.5258  single-label/f1-score: 9.0852  data_time: 2.9805  time: 17.6370
2024/07/24 08:15:55 - mmengine - INFO - Epoch(train)  [4][ 25/185]  base_lr: 9.4550e-05 lr: 9.4550e-05  eta: 1:23:49  time: 2.5844  data_time: 0.0037  memory: 48840  loss: 2.2800
2024/07/24 08:17:00 - mmengine - INFO - Epoch(train)  [4][ 50/185]  base_lr: 9.4550e-05 lr: 9.4550e-05  eta: 1:21:59  time: 2.5600  data_time: 0.0026  memory: 32400  loss: 2.2012
2024/07/24 08:18:04 - mmengine - INFO - Epoch(train)  [4][ 75/185]  base_lr: 9.4550e-05 lr: 9.4550e-05  eta: 1:20:14  time: 2.5593  data_time: 0.0031  memory: 32400  loss: 2.1807
2024/07/24 08:19:08 - mmengine - INFO - Epoch(train)  [4][100/185]  base_lr: 9.4550e-05 lr: 9.4550e-05  eta: 1:18:31  time: 2.5653  data_time: 0.0027  memory: 32400  loss: 2.1843
2024/07/24 08:20:12 - mmengine - INFO - Epoch(train)  [4][125/185]  base_lr: 9.4550e-05 lr: 9.4550e-05  eta: 1:16:50  time: 2.5639  data_time: 0.0034  memory: 32400  loss: 2.1373
2024/07/24 08:21:16 - mmengine - INFO - Epoch(train)  [4][150/185]  base_lr: 9.4550e-05 lr: 9.4550e-05  eta: 1:15:12  time: 2.5537  data_time: 0.0021  memory: 32400  loss: 2.0793
2024/07/24 08:22:20 - mmengine - INFO - Epoch(train)  [4][175/185]  base_lr: 9.4550e-05 lr: 9.4550e-05  eta: 1:13:36  time: 2.5553  data_time: 0.0021  memory: 32400  loss: 2.1082
2024/07/24 08:22:44 - mmengine - INFO - Exp name: leafcaw_20240724_073527
2024/07/24 08:22:44 - mmengine - INFO - Saving checkpoint at 4 epochs
2024/07/24 08:26:01 - mmengine - INFO - Epoch(val) [4][10/10]    accuracy/top1: 58.4833  accuracy/top5: 79.8056  single-label/precision: 11.7579  single-label/recall: 10.7470  single-label/f1-score: 10.3775  data_time: 1.1573  time: 15.8156
2024/07/24 08:27:58 - mmengine - INFO - Epoch(train)  [5][ 25/185]  base_lr: 9.0451e-05 lr: 9.0451e-05  eta: 1:13:03  time: 2.5984  data_time: 0.0030  memory: 48840  loss: 1.9408
2024/07/24 08:29:02 - mmengine - INFO - Epoch(train)  [5][ 50/185]  base_lr: 9.0451e-05 lr: 9.0451e-05  eta: 1:11:28  time: 2.5774  data_time: 0.0060  memory: 32400  loss: 1.9364
2024/07/24 08:30:06 - mmengine - INFO - Epoch(train)  [5][ 75/185]  base_lr: 9.0451e-05 lr: 9.0451e-05  eta: 1:09:55  time: 2.5731  data_time: 0.0047  memory: 32400  loss: 1.8960
2024/07/24 08:31:11 - mmengine - INFO - Epoch(train)  [5][100/185]  base_lr: 9.0451e-05 lr: 9.0451e-05  eta: 1:08:24  time: 2.5663  data_time: 0.0027  memory: 32400  loss: 1.9376
2024/07/24 08:32:15 - mmengine - INFO - Epoch(train)  [5][125/185]  base_lr: 9.0451e-05 lr: 9.0451e-05  eta: 1:06:53  time: 2.5619  data_time: 0.0031  memory: 32400  loss: 1.8938
2024/07/24 08:33:19 - mmengine - INFO - Epoch(train)  [5][150/185]  base_lr: 9.0451e-05 lr: 9.0451e-05  eta: 1:05:24  time: 2.5814  data_time: 0.0021  memory: 32400  loss: 1.8956
2024/07/24 08:34:23 - mmengine - INFO - Epoch(train)  [5][175/185]  base_lr: 9.0451e-05 lr: 9.0451e-05  eta: 1:03:56  time: 2.5550  data_time: 0.0022  memory: 32400  loss: 1.8874
2024/07/24 08:34:47 - mmengine - INFO - Exp name: leafcaw_20240724_073527
2024/07/24 08:34:47 - mmengine - INFO - Saving checkpoint at 5 epochs
2024/07/24 08:38:25 - mmengine - INFO - Epoch(val) [5][10/10]    accuracy/top1: 59.9764  accuracy/top5: 81.2342  single-label/precision: 12.9459  single-label/recall: 11.5473  single-label/f1-score: 11.2549  data_time: 3.1119  time: 17.7488
2024/07/24 08:40:09 - mmengine - INFO - Epoch(train)  [6][ 25/185]  base_lr: 8.5355e-05 lr: 8.5355e-05  eta: 1:02:48  time: 2.5811  data_time: 0.0045  memory: 48840  loss: 1.7602
2024/07/24 08:41:14 - mmengine - INFO - Epoch(train)  [6][ 50/185]  base_lr: 8.5355e-05 lr: 8.5355e-05  eta: 1:01:21  time: 2.5818  data_time: 0.0029  memory: 32400  loss: 1.7828
2024/07/24 08:42:18 - mmengine - INFO - Exp name: leafcaw_20240724_073527
2024/07/24 08:42:18 - mmengine - INFO - Epoch(train)  [6][ 75/185]  base_lr: 8.5355e-05 lr: 8.5355e-05  eta: 0:59:55  time: 2.5634  data_time: 0.0031  memory: 32400  loss: 1.7243
2024/07/24 08:43:22 - mmengine - INFO - Epoch(train)  [6][100/185]  base_lr: 8.5355e-05 lr: 8.5355e-05  eta: 0:58:30  time: 2.5578  data_time: 0.0023  memory: 32400  loss: 1.7477
2024/07/24 08:44:26 - mmengine - INFO - Epoch(train)  [6][125/185]  base_lr: 8.5355e-05 lr: 8.5355e-05  eta: 0:57:07  time: 2.5564  data_time: 0.0024  memory: 32400  loss: 1.7297
2024/07/24 08:45:30 - mmengine - INFO - Epoch(train)  [6][150/185]  base_lr: 8.5355e-05 lr: 8.5355e-05  eta: 0:55:44  time: 2.5552  data_time: 0.0020  memory: 32400  loss: 1.7458
2024/07/24 08:46:34 - mmengine - INFO - Epoch(train)  [6][175/185]  base_lr: 8.5355e-05 lr: 8.5355e-05  eta: 0:54:21  time: 2.5532  data_time: 0.0016  memory: 32400  loss: 1.7136
2024/07/24 08:46:58 - mmengine - INFO - Exp name: leafcaw_20240724_073527
2024/07/24 08:46:58 - mmengine - INFO - Saving checkpoint at 6 epochs
2024/07/24 08:50:20 - mmengine - INFO - Epoch(val) [6][10/10]    accuracy/top1: 61.2761  accuracy/top5: 82.2171  single-label/precision: 13.5858  single-label/recall: 12.1112  single-label/f1-score: 11.9008  data_time: 1.7614  time: 16.3942
2024/07/24 08:52:15 - mmengine - INFO - Epoch(train)  [7][ 25/185]  base_lr: 7.9389e-05 lr: 7.9389e-05  eta: 0:53:15  time: 2.5856  data_time: 0.0038  memory: 48840  loss: 1.6435
2024/07/24 08:53:20 - mmengine - INFO - Epoch(train)  [7][ 50/185]  base_lr: 7.9389e-05 lr: 7.9389e-05  eta: 0:51:53  time: 2.6394  data_time: 0.0032  memory: 32400  loss: 1.6306
2024/07/24 08:54:24 - mmengine - INFO - Epoch(train)  [7][ 75/185]  base_lr: 7.9389e-05 lr: 7.9389e-05  eta: 0:50:32  time: 2.5827  data_time: 0.0087  memory: 32400  loss: 1.6135
2024/07/24 08:55:28 - mmengine - INFO - Epoch(train)  [7][100/185]  base_lr: 7.9389e-05 lr: 7.9389e-05  eta: 0:49:11  time: 2.5671  data_time: 0.0031  memory: 32400  loss: 1.6487
2024/07/24 08:56:33 - mmengine - INFO - Epoch(train)  [7][125/185]  base_lr: 7.9389e-05 lr: 7.9389e-05  eta: 0:47:51  time: 2.5669  data_time: 0.0029  memory: 32400  loss: 1.6200
2024/07/24 08:57:37 - mmengine - INFO - Epoch(train)  [7][150/185]  base_lr: 7.9389e-05 lr: 7.9389e-05  eta: 0:46:32  time: 2.5720  data_time: 0.0019  memory: 32400  loss: 1.6141
2024/07/24 08:58:41 - mmengine - INFO - Epoch(train)  [7][175/185]  base_lr: 7.9389e-05 lr: 7.9389e-05  eta: 0:45:12  time: 2.5541  data_time: 0.0016  memory: 32400  loss: 1.5794
2024/07/24 08:59:05 - mmengine - INFO - Exp name: leafcaw_20240724_073527
2024/07/24 08:59:05 - mmengine - INFO - Saving checkpoint at 7 epochs
2024/07/24 09:02:40 - mmengine - INFO - Epoch(val) [7][10/10]    accuracy/top1: 61.9045  accuracy/top5: 82.9475  single-label/precision: 14.0015  single-label/recall: 12.4909  single-label/f1-score: 12.2876  data_time: 2.7350  time: 17.3935
2024/07/24 09:04:28 - mmengine - INFO - Epoch(train)  [8][ 25/185]  base_lr: 7.2700e-05 lr: 7.2700e-05  eta: 0:43:51  time: 2.5821  data_time: 0.0051  memory: 48840  loss: 1.5190
2024/07/24 09:05:32 - mmengine - INFO - Epoch(train)  [8][ 50/185]  base_lr: 7.2700e-05 lr: 7.2700e-05  eta: 0:42:33  time: 2.5631  data_time: 0.0048  memory: 32400  loss: 1.5256
2024/07/24 09:06:36 - mmengine - INFO - Epoch(train)  [8][ 75/185]  base_lr: 7.2700e-05 lr: 7.2700e-05  eta: 0:41:14  time: 2.5624  data_time: 0.0026  memory: 32400  loss: 1.5430
2024/07/24 09:07:41 - mmengine - INFO - Epoch(train)  [8][100/185]  base_lr: 7.2700e-05 lr: 7.2700e-05  eta: 0:39:56  time: 2.5599  data_time: 0.0025  memory: 32400  loss: 1.5099
2024/07/24 09:08:45 - mmengine - INFO - Epoch(train)  [8][125/185]  base_lr: 7.2700e-05 lr: 7.2700e-05  eta: 0:38:39  time: 2.5891  data_time: 0.0025  memory: 32400  loss: 1.5109
2024/07/24 09:09:49 - mmengine - INFO - Epoch(train)  [8][150/185]  base_lr: 7.2700e-05 lr: 7.2700e-05  eta: 0:37:22  time: 2.5565  data_time: 0.0019  memory: 32400  loss: 1.5308
2024/07/24 09:10:53 - mmengine - INFO - Epoch(train)  [8][175/185]  base_lr: 7.2700e-05 lr: 7.2700e-05  eta: 0:36:05  time: 2.5545  data_time: 0.0015  memory: 32400  loss: 1.4843
2024/07/24 09:11:17 - mmengine - INFO - Exp name: leafcaw_20240724_073527
2024/07/24 09:11:17 - mmengine - INFO - Saving checkpoint at 8 epochs
2024/07/24 09:14:33 - mmengine - INFO - Epoch(val) [8][10/10]    accuracy/top1: 62.7907  accuracy/top5: 83.4040  single-label/precision: 14.4873  single-label/recall: 12.8984  single-label/f1-score: 12.7367  data_time: 1.0774  time: 15.7209
2024/07/24 09:16:28 - mmengine - INFO - Epoch(train)  [9][ 25/185]  base_lr: 6.5451e-05 lr: 6.5451e-05  eta: 0:34:42  time: 2.5773  data_time: 0.0044  memory: 48840  loss: 1.4624
2024/07/24 09:17:32 - mmengine - INFO - Epoch(train)  [9][ 50/185]  base_lr: 6.5451e-05 lr: 6.5451e-05  eta: 0:33:26  time: 2.5595  data_time: 0.0028  memory: 32400  loss: 1.4587
2024/07/24 09:18:37 - mmengine - INFO - Epoch(train)  [9][ 75/185]  base_lr: 6.5451e-05 lr: 6.5451e-05  eta: 0:32:10  time: 2.5629  data_time: 0.0029  memory: 32400  loss: 1.4561
2024/07/24 09:19:41 - mmengine - INFO - Epoch(train)  [9][100/185]  base_lr: 6.5451e-05 lr: 6.5451e-05  eta: 0:30:54  time: 2.5633  data_time: 0.0032  memory: 32400  loss: 1.4431
2024/07/24 09:20:45 - mmengine - INFO - Epoch(train)  [9][125/185]  base_lr: 6.5451e-05 lr: 6.5451e-05  eta: 0:29:38  time: 2.5661  data_time: 0.0042  memory: 32400  loss: 1.4438
2024/07/24 09:21:49 - mmengine - INFO - Epoch(train)  [9][150/185]  base_lr: 6.5451e-05 lr: 6.5451e-05  eta: 0:28:23  time: 2.5544  data_time: 0.0019  memory: 32400  loss: 1.4420
2024/07/24 09:22:53 - mmengine - INFO - Epoch(train)  [9][175/185]  base_lr: 6.5451e-05 lr: 6.5451e-05  eta: 0:27:08  time: 2.5560  data_time: 0.0022  memory: 32400  loss: 1.4528
2024/07/24 09:23:18 - mmengine - INFO - Exp name: leafcaw_20240724_073527
2024/07/24 09:23:18 - mmengine - INFO - Saving checkpoint at 9 epochs
2024/07/24 09:26:53 - mmengine - INFO - Epoch(val) [9][10/10]    accuracy/top1: 63.1774  accuracy/top5: 83.8015  single-label/precision: 14.6614  single-label/recall: 13.1315  single-label/f1-score: 12.9606  data_time: 2.9929  time: 17.6293
2024/07/24 09:28:44 - mmengine - INFO - Epoch(train) [10][ 25/185]  base_lr: 5.7822e-05 lr: 5.7822e-05  eta: 0:25:38  time: 2.5990  data_time: 0.0028  memory: 48840  loss: 1.3934
2024/07/24 09:29:48 - mmengine - INFO - Epoch(train) [10][ 50/185]  base_lr: 5.7822e-05 lr: 5.7822e-05  eta: 0:24:23  time: 2.5695  data_time: 0.0027  memory: 32400  loss: 1.4148
2024/07/24 09:30:52 - mmengine - INFO - Epoch(train) [10][ 75/185]  base_lr: 5.7822e-05 lr: 5.7822e-05  eta: 0:23:08  time: 2.5760  data_time: 0.0046  memory: 32400  loss: 1.4056
2024/07/24 09:31:57 - mmengine - INFO - Epoch(train) [10][100/185]  base_lr: 5.7822e-05 lr: 5.7822e-05  eta: 0:21:54  time: 2.5696  data_time: 0.0028  memory: 32400  loss: 1.3919
2024/07/24 09:33:01 - mmengine - INFO - Epoch(train) [10][125/185]  base_lr: 5.7822e-05 lr: 5.7822e-05  eta: 0:20:40  time: 2.5851  data_time: 0.0027  memory: 32400  loss: 1.3962
2024/07/24 09:34:05 - mmengine - INFO - Epoch(train) [10][150/185]  base_lr: 5.7822e-05 lr: 5.7822e-05  eta: 0:19:26  time: 2.5561  data_time: 0.0021  memory: 32400  loss: 1.3811
2024/07/24 09:35:09 - mmengine - INFO - Epoch(train) [10][175/185]  base_lr: 5.7822e-05 lr: 5.7822e-05  eta: 0:18:12  time: 2.5545  data_time: 0.0015  memory: 32400  loss: 1.3760
2024/07/24 09:35:33 - mmengine - INFO - Exp name: leafcaw_20240724_073527
2024/07/24 09:35:33 - mmengine - INFO - Saving checkpoint at 10 epochs
2024/07/24 09:39:18 - mmengine - INFO - Epoch(val) [10][10/10]    accuracy/top1: 63.6286  accuracy/top5: 84.0700  single-label/precision: 14.9947  single-label/recall: 13.3970  single-label/f1-score: 13.2616  data_time: 3.8539  time: 18.5072
2024/07/24 09:41:07 - mmengine - INFO - Epoch(train) [11][ 25/185]  base_lr: 5.0000e-05 lr: 5.0000e-05  eta: 0:16:37  time: 2.5829  data_time: 0.0044  memory: 48840  loss: 1.3209
2024/07/24 09:42:11 - mmengine - INFO - Epoch(train) [11][ 50/185]  base_lr: 5.0000e-05 lr: 5.0000e-05  eta: 0:15:24  time: 2.5723  data_time: 0.0029  memory: 32400  loss: 1.3618
2024/07/24 09:43:15 - mmengine - INFO - Epoch(train) [11][ 75/185]  base_lr: 5.0000e-05 lr: 5.0000e-05  eta: 0:14:10  time: 2.5726  data_time: 0.0029  memory: 32400  loss: 1.3271
2024/07/24 09:44:20 - mmengine - INFO - Epoch(train) [11][100/185]  base_lr: 5.0000e-05 lr: 5.0000e-05  eta: 0:12:57  time: 2.5603  data_time: 0.0027  memory: 32400  loss: 1.3454
2024/07/24 09:45:24 - mmengine - INFO - Epoch(train) [11][125/185]  base_lr: 5.0000e-05 lr: 5.0000e-05  eta: 0:11:44  time: 2.5638  data_time: 0.0029  memory: 32400  loss: 1.3346
2024/07/24 09:46:28 - mmengine - INFO - Exp name: leafcaw_20240724_073527
2024/07/24 09:46:28 - mmengine - INFO - Epoch(train) [11][150/185]  base_lr: 5.0000e-05 lr: 5.0000e-05  eta: 0:10:31  time: 2.5657  data_time: 0.0022  memory: 32400  loss: 1.3494
2024/07/24 09:47:32 - mmengine - INFO - Epoch(train) [11][175/185]  base_lr: 5.0000e-05 lr: 5.0000e-05  eta: 0:09:19  time: 2.5556  data_time: 0.0016  memory: 32400  loss: 1.3459
2024/07/24 09:47:57 - mmengine - INFO - Exp name: leafcaw_20240724_073527
2024/07/24 09:47:57 - mmengine - INFO - Saving checkpoint at 11 epochs
2024/07/24 09:51:14 - mmengine - INFO - Epoch(val) [11][10/10]    accuracy/top1: 64.0045  accuracy/top5: 84.3977  single-label/precision: 15.1768  single-label/recall: 13.6082  single-label/f1-score: 13.4657  data_time: 1.3326  time: 15.9405
2024/07/24 09:53:00 - mmengine - INFO - Epoch(train) [12][ 25/185]  base_lr: 4.2178e-05 lr: 4.2178e-05  eta: 0:07:41  time: 2.6116  data_time: 0.0066  memory: 48840  loss: 1.2890
2024/07/24 09:54:04 - mmengine - INFO - Epoch(train) [12][ 50/185]  base_lr: 4.2178e-05 lr: 4.2178e-05  eta: 0:06:28  time: 2.5624  data_time: 0.0029  memory: 32400  loss: 1.3107
2024/07/24 09:55:08 - mmengine - INFO - Epoch(train) [12][ 75/185]  base_lr: 4.2178e-05 lr: 4.2178e-05  eta: 0:05:16  time: 2.5656  data_time: 0.0028  memory: 32400  loss: 1.2853
2024/07/24 09:56:13 - mmengine - INFO - Epoch(train) [12][100/185]  base_lr: 4.2178e-05 lr: 4.2178e-05  eta: 0:04:04  time: 2.6029  data_time: 0.0029  memory: 32400  loss: 1.3262
2024/07/24 09:57:18 - mmengine - INFO - Epoch(train) [12][125/185]  base_lr: 4.2178e-05 lr: 4.2178e-05  eta: 0:02:52  time: 2.6305  data_time: 0.0033  memory: 32400  loss: 1.3026
2024/07/24 09:58:22 - mmengine - INFO - Epoch(train) [12][150/185]  base_lr: 4.2178e-05 lr: 4.2178e-05  eta: 0:01:40  time: 2.5757  data_time: 0.0029  memory: 32400  loss: 1.3099
2024/07/24 09:59:26 - mmengine - INFO - Epoch(train) [12][175/185]  base_lr: 4.2178e-05 lr: 4.2178e-05  eta: 0:00:28  time: 2.5549  data_time: 0.0019  memory: 32400  loss: 1.3191
2024/07/24 09:59:50 - mmengine - INFO - Exp name: leafcaw_20240724_073527
2024/07/24 09:59:50 - mmengine - INFO - Saving checkpoint at 12 epochs
2024/07/24 10:03:23 - mmengine - INFO - Epoch(val) [12][10/10]    accuracy/top1: 64.1764  accuracy/top5: 84.5427  single-label/precision: 15.1905  single-label/recall: 13.6604  single-label/f1-score: 13.5156  data_time: 2.7621  time: 17.4249
