2024/07/09 08:36:53 - mmengine - INFO - 
------------------------------------------------------------
System environment:
    sys.platform: linux
    Python: 3.10.12 (main, Nov 20 2023, 15:14:05) [GCC 11.4.0]
    CUDA available: True
    MUSA available: False
    numpy_random_seed: 0
    GPU 0,1: NVIDIA A100-SXM4-80GB
    CUDA_HOME: /usr/local/cuda
    NVCC: Cuda compilation tools, release 12.3, V12.3.107
    GCC: x86_64-linux-gnu-gcc (Ubuntu 11.4.0-1ubuntu1~22.04) 11.4.0
    PyTorch: 2.3.1+cu121
    PyTorch compiling details: PyTorch built with:
  - GCC 9.3
  - C++ Version: 201703
  - Intel(R) oneAPI Math Kernel Library Version 2022.2-Product Build 20220804 for Intel(R) 64 architecture applications
  - Intel(R) MKL-DNN v3.3.6 (Git Hash 86e6af5974177e513fd3fee58425e1063e7f1361)
  - OpenMP 201511 (a.k.a. OpenMP 4.5)
  - LAPACK is enabled (usually provided by MKL)
  - NNPACK is enabled
  - CPU capability usage: AVX2
  - CUDA Runtime 12.1
  - NVCC architecture flags: -gencode;arch=compute_50,code=sm_50;-gencode;arch=compute_60,code=sm_60;-gencode;arch=compute_70,code=sm_70;-gencode;arch=compute_75,code=sm_75;-gencode;arch=compute_80,code=sm_80;-gencode;arch=compute_86,code=sm_86;-gencode;arch=compute_90,code=sm_90
  - CuDNN 8.9.2
  - Magma 2.6.1
  - Build settings: BLAS_INFO=mkl, BUILD_TYPE=Release, CUDA_VERSION=12.1, CUDNN_VERSION=8.9.2, CXX_COMPILER=/opt/rh/devtoolset-9/root/usr/bin/c++, CXX_FLAGS= -D_GLIBCXX_USE_CXX11_ABI=0 -fabi-version=11 -fvisibility-inlines-hidden -DUSE_PTHREADPOOL -DNDEBUG -DUSE_KINETO -DLIBKINETO_NOROCTRACER -DUSE_FBGEMM -DUSE_QNNPACK -DUSE_PYTORCH_QNNPACK -DUSE_XNNPACK -DSYMBOLICATE_MOBILE_DEBUG_HANDLE -O2 -fPIC -Wall -Wextra -Werror=return-type -Werror=non-virtual-dtor -Werror=bool-operation -Wnarrowing -Wno-missing-field-initializers -Wno-type-limits -Wno-array-bounds -Wno-unknown-pragmas -Wno-unused-parameter -Wno-unused-function -Wno-unused-result -Wno-strict-overflow -Wno-strict-aliasing -Wno-stringop-overflow -Wsuggest-override -Wno-psabi -Wno-error=pedantic -Wno-error=old-style-cast -Wno-missing-braces -fdiagnostics-color=always -faligned-new -Wno-unused-but-set-variable -Wno-maybe-uninitialized -fno-math-errno -fno-trapping-math -Werror=format -Wno-stringop-overflow, LAPACK_INFO=mkl, PERF_WITH_AVX=1, PERF_WITH_AVX2=1, PERF_WITH_AVX512=1, TORCH_VERSION=2.3.1, USE_CUDA=ON, USE_CUDNN=ON, USE_CUSPARSELT=1, USE_EXCEPTION_PTR=1, USE_GFLAGS=OFF, USE_GLOG=OFF, USE_GLOO=ON, USE_MKL=ON, USE_MKLDNN=ON, USE_MPI=OFF, USE_NCCL=1, USE_NNPACK=ON, USE_OPENMP=ON, USE_ROCM=OFF, USE_ROCM_KERNEL_ASSERT=OFF, 

    TorchVision: 0.18.1+cu121
    OpenCV: 4.10.0
    MMEngine: 0.10.4

Runtime environment:
    cudnn_benchmark: False
    mp_cfg: {'mp_start_method': 'fork', 'opencv_num_threads': 0}
    dist_cfg: {'backend': 'nccl'}
    seed: 0
    deterministic: True
    Distributed launcher: pytorch
    Distributed training: True
    GPU number: 2
------------------------------------------------------------

2024/07/09 08:36:54 - mmengine - INFO - Config:
auto_scale_lr = dict(base_batch_size=1024)
data_dir = '/mnt/data'
data_preprocessor = dict(
    mean=[
        123.675,
        116.28,
        103.53,
    ],
    num_classes=7806,
    std=[
        58.395,
        57.12,
        57.375,
    ],
    to_rgb=True)
default_hooks = dict(
    checkpoint=dict(interval=1, max_keep_ckpts=5, type='CheckpointHook'),
    logger=dict(interval=25, type='LoggerHook'),
    param_scheduler=dict(type='ParamSchedulerHook'),
    sampler_seed=dict(type='DistSamplerSeedHook'),
    timer=dict(type='IterTimerHook'),
    visualization=dict(enable=False, type='VisualizationHook'))
default_scope = 'mmpretrain'
env_cfg = dict(
    cudnn_benchmark=False,
    dist_cfg=dict(backend='nccl'),
    mp_cfg=dict(mp_start_method='fork', opencv_num_threads=0))
launcher = 'pytorch'
load_from = None
log_level = 'INFO'
model = dict(
    backbone=dict(
        arch='base',
        frozen_stages=12,
        img_size=518,
        init_cfg=dict(
            checkpoint=
            'https://download.openmmlab.com/mmpretrain/v1.0/dinov2/vit-base-p14_dinov2-pre_3rdparty_20230426-ba246503.pth',
            prefix='backbone',
            type='Pretrained'),
        layer_scale_init_value=1e-05,
        patch_size=14,
        type='VisionTransformer'),
    head=dict(
        in_channels=768,
        loss=dict(type='CrossEntropyLoss'),
        num_classes=7806,
        topk=(
            1,
            5,
        ),
        type='VisionTransformerClsHead'),
    neck=None,
    type='ImageClassifier')
optim_wrapper = dict(
    loss_scale='dynamic',
    optimizer=dict(lr=0.0001, type='AdamW', weight_decay=0.05),
    paramwise_cfg=dict(
        custom_keys=dict(
            cls_token=dict(decay_mult=0.0), mask_token=dict(decay_mult=0.0))),
    type='AmpOptimWrapper')
param_scheduler = [
    dict(T_max=20, by_epoch=True, type='CosineAnnealingLR'),
]
randomness = dict(deterministic=True, seed=0)
resume = False
test_cfg = dict()
test_dataloader = dict(
    batch_size=1024,
    collate_fn=dict(type='default_collate'),
    dataset=dict(
        ann_file='annotation/test_2.txt',
        data_prefix='/mnt/data',
        pipeline=[
            dict(type='LoadImageFromFile'),
            dict(
                backend='pillow',
                edge='short',
                interpolation='bicubic',
                scale=518,
                type='ResizeEdge'),
            dict(crop_size=518, type='CenterCrop'),
            dict(type='PackInputs'),
        ],
        type='CustomDataset'),
    num_workers=28,
    persistent_workers=True,
    pin_memory=True,
    sampler=dict(shuffle=True, type='DefaultSampler'))
test_evaluator = [
    dict(topk=(
        1,
        5,
    ), type='Accuracy'),
    dict(type='SingleLabelMetric'),
]
test_pipeline = [
    dict(type='LoadImageFromFile'),
    dict(
        backend='pillow',
        edge='short',
        interpolation='bicubic',
        scale=518,
        type='ResizeEdge'),
    dict(crop_size=518, type='CenterCrop'),
    dict(type='PackInputs'),
]
train_cfg = dict(by_epoch=True, max_epochs=12, val_interval=1)
train_dataloader = dict(
    batch_size=1024,
    collate_fn=dict(type='default_collate'),
    dataset=dict(
        ann_file='annotation/train_2.txt',
        data_prefix='/mnt/data',
        pipeline=[
            dict(type='LoadImageFromFile'),
            dict(
                backend='pillow',
                edge='short',
                interpolation='bicubic',
                scale=518,
                type='ResizeEdge'),
            dict(crop_size=518, type='CenterCrop'),
            dict(type='PackInputs'),
        ],
        type='CustomDataset'),
    num_workers=28,
    persistent_workers=True,
    pin_memory=True,
    sampler=dict(shuffle=True, type='DefaultSampler'))
train_pipeline = [
    dict(type='LoadImageFromFile'),
    dict(
        backend='pillow',
        interpolation='bicubic',
        scale=518,
        type='RandomResizedCrop'),
    dict(direction='horizontal', prob=0.5, type='RandomFlip'),
    dict(type='PackInputs'),
]
val_cfg = dict()
val_dataloader = dict(
    batch_size=1024,
    collate_fn=dict(type='default_collate'),
    dataset=dict(
        ann_file='annotation/val_2.txt',
        data_prefix='/mnt/data',
        pipeline=[
            dict(type='LoadImageFromFile'),
            dict(
                backend='pillow',
                edge='short',
                interpolation='bicubic',
                scale=518,
                type='ResizeEdge'),
            dict(crop_size=518, type='CenterCrop'),
            dict(type='PackInputs'),
        ],
        type='CustomDataset'),
    num_workers=28,
    persistent_workers=True,
    pin_memory=True,
    sampler=dict(shuffle=True, type='DefaultSampler'))
val_evaluator = dict(
    topk=(
        1,
        5,
    ), type='Accuracy')
vis_backends = [
    dict(type='LocalVisBackend'),
]
visualizer = dict(
    type='UniversalVisualizer', vis_backends=[
        dict(type='LocalVisBackend'),
    ])
work_dir = './work_dirs/leafcaw'

2024/07/09 08:36:55 - mmengine - INFO - Hooks will be executed in the following order:
before_run:
(VERY_HIGH   ) RuntimeInfoHook                    
(BELOW_NORMAL) LoggerHook                         
 -------------------- 
before_train:
(VERY_HIGH   ) RuntimeInfoHook                    
(NORMAL      ) IterTimerHook                      
(VERY_LOW    ) CheckpointHook                     
 -------------------- 
before_train_epoch:
(VERY_HIGH   ) RuntimeInfoHook                    
(NORMAL      ) IterTimerHook                      
(NORMAL      ) DistSamplerSeedHook                
 -------------------- 
before_train_iter:
(VERY_HIGH   ) RuntimeInfoHook                    
(NORMAL      ) IterTimerHook                      
 -------------------- 
after_train_iter:
(VERY_HIGH   ) RuntimeInfoHook                    
(NORMAL      ) IterTimerHook                      
(BELOW_NORMAL) LoggerHook                         
(LOW         ) ParamSchedulerHook                 
(VERY_LOW    ) CheckpointHook                     
 -------------------- 
after_train_epoch:
(NORMAL      ) IterTimerHook                      
(LOW         ) ParamSchedulerHook                 
(VERY_LOW    ) CheckpointHook                     
 -------------------- 
before_val:
(VERY_HIGH   ) RuntimeInfoHook                    
 -------------------- 
before_val_epoch:
(NORMAL      ) IterTimerHook                      
 -------------------- 
before_val_iter:
(NORMAL      ) IterTimerHook                      
 -------------------- 
after_val_iter:
(NORMAL      ) IterTimerHook                      
(NORMAL      ) VisualizationHook                  
(BELOW_NORMAL) LoggerHook                         
 -------------------- 
after_val_epoch:
(VERY_HIGH   ) RuntimeInfoHook                    
(NORMAL      ) IterTimerHook                      
(BELOW_NORMAL) LoggerHook                         
(LOW         ) ParamSchedulerHook                 
(VERY_LOW    ) CheckpointHook                     
 -------------------- 
after_val:
(VERY_HIGH   ) RuntimeInfoHook                    
 -------------------- 
after_train:
(VERY_HIGH   ) RuntimeInfoHook                    
(VERY_LOW    ) CheckpointHook                     
 -------------------- 
before_test:
(VERY_HIGH   ) RuntimeInfoHook                    
 -------------------- 
before_test_epoch:
(NORMAL      ) IterTimerHook                      
 -------------------- 
before_test_iter:
(NORMAL      ) IterTimerHook                      
 -------------------- 
after_test_iter:
(NORMAL      ) IterTimerHook                      
(NORMAL      ) VisualizationHook                  
(BELOW_NORMAL) LoggerHook                         
 -------------------- 
after_test_epoch:
(VERY_HIGH   ) RuntimeInfoHook                    
(NORMAL      ) IterTimerHook                      
(BELOW_NORMAL) LoggerHook                         
 -------------------- 
after_test:
(VERY_HIGH   ) RuntimeInfoHook                    
 -------------------- 
after_run:
(BELOW_NORMAL) LoggerHook                         
 -------------------- 
2024/07/09 08:36:57 - mmengine - WARNING - backbone.cls_token is skipped since its requires_grad=False
2024/07/09 08:36:57 - mmengine - WARNING - backbone.pos_embed is skipped since its requires_grad=False
2024/07/09 08:36:57 - mmengine - WARNING - backbone.patch_embed.projection.weight is skipped since its requires_grad=False
2024/07/09 08:36:57 - mmengine - WARNING - backbone.patch_embed.projection.bias is skipped since its requires_grad=False
2024/07/09 08:36:57 - mmengine - WARNING - backbone.layers.0.ln1.weight is skipped since its requires_grad=False
2024/07/09 08:36:57 - mmengine - WARNING - backbone.layers.0.ln1.bias is skipped since its requires_grad=False
2024/07/09 08:36:57 - mmengine - WARNING - backbone.layers.0.attn.qkv.weight is skipped since its requires_grad=False
2024/07/09 08:36:57 - mmengine - WARNING - backbone.layers.0.attn.qkv.bias is skipped since its requires_grad=False
2024/07/09 08:36:57 - mmengine - WARNING - backbone.layers.0.attn.proj.weight is skipped since its requires_grad=False
2024/07/09 08:36:57 - mmengine - WARNING - backbone.layers.0.attn.proj.bias is skipped since its requires_grad=False
2024/07/09 08:36:57 - mmengine - WARNING - backbone.layers.0.attn.gamma1.weight is skipped since its requires_grad=False
2024/07/09 08:36:57 - mmengine - WARNING - backbone.layers.0.ln2.weight is skipped since its requires_grad=False
2024/07/09 08:36:57 - mmengine - WARNING - backbone.layers.0.ln2.bias is skipped since its requires_grad=False
2024/07/09 08:36:57 - mmengine - WARNING - backbone.layers.0.ffn.layers.0.0.weight is skipped since its requires_grad=False
2024/07/09 08:36:57 - mmengine - WARNING - backbone.layers.0.ffn.layers.0.0.bias is skipped since its requires_grad=False
2024/07/09 08:36:57 - mmengine - WARNING - backbone.layers.0.ffn.layers.1.weight is skipped since its requires_grad=False
2024/07/09 08:36:57 - mmengine - WARNING - backbone.layers.0.ffn.layers.1.bias is skipped since its requires_grad=False
2024/07/09 08:36:57 - mmengine - WARNING - backbone.layers.0.ffn.gamma2.weight is skipped since its requires_grad=False
2024/07/09 08:36:57 - mmengine - WARNING - backbone.layers.1.ln1.weight is skipped since its requires_grad=False
2024/07/09 08:36:57 - mmengine - WARNING - backbone.layers.1.ln1.bias is skipped since its requires_grad=False
2024/07/09 08:36:57 - mmengine - WARNING - backbone.layers.1.attn.qkv.weight is skipped since its requires_grad=False
2024/07/09 08:36:57 - mmengine - WARNING - backbone.layers.1.attn.qkv.bias is skipped since its requires_grad=False
2024/07/09 08:36:57 - mmengine - WARNING - backbone.layers.1.attn.proj.weight is skipped since its requires_grad=False
2024/07/09 08:36:57 - mmengine - WARNING - backbone.layers.1.attn.proj.bias is skipped since its requires_grad=False
2024/07/09 08:36:57 - mmengine - WARNING - backbone.layers.1.attn.gamma1.weight is skipped since its requires_grad=False
2024/07/09 08:36:57 - mmengine - WARNING - backbone.layers.1.ln2.weight is skipped since its requires_grad=False
2024/07/09 08:36:57 - mmengine - WARNING - backbone.layers.1.ln2.bias is skipped since its requires_grad=False
2024/07/09 08:36:57 - mmengine - WARNING - backbone.layers.1.ffn.layers.0.0.weight is skipped since its requires_grad=False
2024/07/09 08:36:57 - mmengine - WARNING - backbone.layers.1.ffn.layers.0.0.bias is skipped since its requires_grad=False
2024/07/09 08:36:57 - mmengine - WARNING - backbone.layers.1.ffn.layers.1.weight is skipped since its requires_grad=False
2024/07/09 08:36:57 - mmengine - WARNING - backbone.layers.1.ffn.layers.1.bias is skipped since its requires_grad=False
2024/07/09 08:36:57 - mmengine - WARNING - backbone.layers.1.ffn.gamma2.weight is skipped since its requires_grad=False
2024/07/09 08:36:57 - mmengine - WARNING - backbone.layers.2.ln1.weight is skipped since its requires_grad=False
2024/07/09 08:36:57 - mmengine - WARNING - backbone.layers.2.ln1.bias is skipped since its requires_grad=False
2024/07/09 08:36:57 - mmengine - WARNING - backbone.layers.2.attn.qkv.weight is skipped since its requires_grad=False
2024/07/09 08:36:57 - mmengine - WARNING - backbone.layers.2.attn.qkv.bias is skipped since its requires_grad=False
2024/07/09 08:36:57 - mmengine - WARNING - backbone.layers.2.attn.proj.weight is skipped since its requires_grad=False
2024/07/09 08:36:57 - mmengine - WARNING - backbone.layers.2.attn.proj.bias is skipped since its requires_grad=False
2024/07/09 08:36:57 - mmengine - WARNING - backbone.layers.2.attn.gamma1.weight is skipped since its requires_grad=False
2024/07/09 08:36:57 - mmengine - WARNING - backbone.layers.2.ln2.weight is skipped since its requires_grad=False
2024/07/09 08:36:57 - mmengine - WARNING - backbone.layers.2.ln2.bias is skipped since its requires_grad=False
2024/07/09 08:36:57 - mmengine - WARNING - backbone.layers.2.ffn.layers.0.0.weight is skipped since its requires_grad=False
2024/07/09 08:36:57 - mmengine - WARNING - backbone.layers.2.ffn.layers.0.0.bias is skipped since its requires_grad=False
2024/07/09 08:36:57 - mmengine - WARNING - backbone.layers.2.ffn.layers.1.weight is skipped since its requires_grad=False
2024/07/09 08:36:57 - mmengine - WARNING - backbone.layers.2.ffn.layers.1.bias is skipped since its requires_grad=False
2024/07/09 08:36:57 - mmengine - WARNING - backbone.layers.2.ffn.gamma2.weight is skipped since its requires_grad=False
2024/07/09 08:36:57 - mmengine - WARNING - backbone.layers.3.ln1.weight is skipped since its requires_grad=False
2024/07/09 08:36:57 - mmengine - WARNING - backbone.layers.3.ln1.bias is skipped since its requires_grad=False
2024/07/09 08:36:57 - mmengine - WARNING - backbone.layers.3.attn.qkv.weight is skipped since its requires_grad=False
2024/07/09 08:36:57 - mmengine - WARNING - backbone.layers.3.attn.qkv.bias is skipped since its requires_grad=False
2024/07/09 08:36:57 - mmengine - WARNING - backbone.layers.3.attn.proj.weight is skipped since its requires_grad=False
2024/07/09 08:36:57 - mmengine - WARNING - backbone.layers.3.attn.proj.bias is skipped since its requires_grad=False
2024/07/09 08:36:57 - mmengine - WARNING - backbone.layers.3.attn.gamma1.weight is skipped since its requires_grad=False
2024/07/09 08:36:57 - mmengine - WARNING - backbone.layers.3.ln2.weight is skipped since its requires_grad=False
2024/07/09 08:36:57 - mmengine - WARNING - backbone.layers.3.ln2.bias is skipped since its requires_grad=False
2024/07/09 08:36:57 - mmengine - WARNING - backbone.layers.3.ffn.layers.0.0.weight is skipped since its requires_grad=False
2024/07/09 08:36:57 - mmengine - WARNING - backbone.layers.3.ffn.layers.0.0.bias is skipped since its requires_grad=False
2024/07/09 08:36:57 - mmengine - WARNING - backbone.layers.3.ffn.layers.1.weight is skipped since its requires_grad=False
2024/07/09 08:36:57 - mmengine - WARNING - backbone.layers.3.ffn.layers.1.bias is skipped since its requires_grad=False
2024/07/09 08:36:57 - mmengine - WARNING - backbone.layers.3.ffn.gamma2.weight is skipped since its requires_grad=False
2024/07/09 08:36:57 - mmengine - WARNING - backbone.layers.4.ln1.weight is skipped since its requires_grad=False
2024/07/09 08:36:57 - mmengine - WARNING - backbone.layers.4.ln1.bias is skipped since its requires_grad=False
2024/07/09 08:36:57 - mmengine - WARNING - backbone.layers.4.attn.qkv.weight is skipped since its requires_grad=False
2024/07/09 08:36:57 - mmengine - WARNING - backbone.layers.4.attn.qkv.bias is skipped since its requires_grad=False
2024/07/09 08:36:57 - mmengine - WARNING - backbone.layers.4.attn.proj.weight is skipped since its requires_grad=False
2024/07/09 08:36:57 - mmengine - WARNING - backbone.layers.4.attn.proj.bias is skipped since its requires_grad=False
2024/07/09 08:36:57 - mmengine - WARNING - backbone.layers.4.attn.gamma1.weight is skipped since its requires_grad=False
2024/07/09 08:36:57 - mmengine - WARNING - backbone.layers.4.ln2.weight is skipped since its requires_grad=False
2024/07/09 08:36:57 - mmengine - WARNING - backbone.layers.4.ln2.bias is skipped since its requires_grad=False
2024/07/09 08:36:57 - mmengine - WARNING - backbone.layers.4.ffn.layers.0.0.weight is skipped since its requires_grad=False
2024/07/09 08:36:57 - mmengine - WARNING - backbone.layers.4.ffn.layers.0.0.bias is skipped since its requires_grad=False
2024/07/09 08:36:57 - mmengine - WARNING - backbone.layers.4.ffn.layers.1.weight is skipped since its requires_grad=False
2024/07/09 08:36:57 - mmengine - WARNING - backbone.layers.4.ffn.layers.1.bias is skipped since its requires_grad=False
2024/07/09 08:36:57 - mmengine - WARNING - backbone.layers.4.ffn.gamma2.weight is skipped since its requires_grad=False
2024/07/09 08:36:57 - mmengine - WARNING - backbone.layers.5.ln1.weight is skipped since its requires_grad=False
2024/07/09 08:36:57 - mmengine - WARNING - backbone.layers.5.ln1.bias is skipped since its requires_grad=False
2024/07/09 08:36:57 - mmengine - WARNING - backbone.layers.5.attn.qkv.weight is skipped since its requires_grad=False
2024/07/09 08:36:57 - mmengine - WARNING - backbone.layers.5.attn.qkv.bias is skipped since its requires_grad=False
2024/07/09 08:36:57 - mmengine - WARNING - backbone.layers.5.attn.proj.weight is skipped since its requires_grad=False
2024/07/09 08:36:57 - mmengine - WARNING - backbone.layers.5.attn.proj.bias is skipped since its requires_grad=False
2024/07/09 08:36:57 - mmengine - WARNING - backbone.layers.5.attn.gamma1.weight is skipped since its requires_grad=False
2024/07/09 08:36:57 - mmengine - WARNING - backbone.layers.5.ln2.weight is skipped since its requires_grad=False
2024/07/09 08:36:57 - mmengine - WARNING - backbone.layers.5.ln2.bias is skipped since its requires_grad=False
2024/07/09 08:36:57 - mmengine - WARNING - backbone.layers.5.ffn.layers.0.0.weight is skipped since its requires_grad=False
2024/07/09 08:36:57 - mmengine - WARNING - backbone.layers.5.ffn.layers.0.0.bias is skipped since its requires_grad=False
2024/07/09 08:36:57 - mmengine - WARNING - backbone.layers.5.ffn.layers.1.weight is skipped since its requires_grad=False
2024/07/09 08:36:57 - mmengine - WARNING - backbone.layers.5.ffn.layers.1.bias is skipped since its requires_grad=False
2024/07/09 08:36:57 - mmengine - WARNING - backbone.layers.5.ffn.gamma2.weight is skipped since its requires_grad=False
2024/07/09 08:36:57 - mmengine - WARNING - backbone.layers.6.ln1.weight is skipped since its requires_grad=False
2024/07/09 08:36:57 - mmengine - WARNING - backbone.layers.6.ln1.bias is skipped since its requires_grad=False
2024/07/09 08:36:57 - mmengine - WARNING - backbone.layers.6.attn.qkv.weight is skipped since its requires_grad=False
2024/07/09 08:36:57 - mmengine - WARNING - backbone.layers.6.attn.qkv.bias is skipped since its requires_grad=False
2024/07/09 08:36:57 - mmengine - WARNING - backbone.layers.6.attn.proj.weight is skipped since its requires_grad=False
2024/07/09 08:36:57 - mmengine - WARNING - backbone.layers.6.attn.proj.bias is skipped since its requires_grad=False
2024/07/09 08:36:57 - mmengine - WARNING - backbone.layers.6.attn.gamma1.weight is skipped since its requires_grad=False
2024/07/09 08:36:57 - mmengine - WARNING - backbone.layers.6.ln2.weight is skipped since its requires_grad=False
2024/07/09 08:36:57 - mmengine - WARNING - backbone.layers.6.ln2.bias is skipped since its requires_grad=False
2024/07/09 08:36:57 - mmengine - WARNING - backbone.layers.6.ffn.layers.0.0.weight is skipped since its requires_grad=False
2024/07/09 08:36:57 - mmengine - WARNING - backbone.layers.6.ffn.layers.0.0.bias is skipped since its requires_grad=False
2024/07/09 08:36:57 - mmengine - WARNING - backbone.layers.6.ffn.layers.1.weight is skipped since its requires_grad=False
2024/07/09 08:36:57 - mmengine - WARNING - backbone.layers.6.ffn.layers.1.bias is skipped since its requires_grad=False
2024/07/09 08:36:57 - mmengine - WARNING - backbone.layers.6.ffn.gamma2.weight is skipped since its requires_grad=False
2024/07/09 08:36:57 - mmengine - WARNING - backbone.layers.7.ln1.weight is skipped since its requires_grad=False
2024/07/09 08:36:57 - mmengine - WARNING - backbone.layers.7.ln1.bias is skipped since its requires_grad=False
2024/07/09 08:36:57 - mmengine - WARNING - backbone.layers.7.attn.qkv.weight is skipped since its requires_grad=False
2024/07/09 08:36:57 - mmengine - WARNING - backbone.layers.7.attn.qkv.bias is skipped since its requires_grad=False
2024/07/09 08:36:57 - mmengine - WARNING - backbone.layers.7.attn.proj.weight is skipped since its requires_grad=False
2024/07/09 08:36:57 - mmengine - WARNING - backbone.layers.7.attn.proj.bias is skipped since its requires_grad=False
2024/07/09 08:36:57 - mmengine - WARNING - backbone.layers.7.attn.gamma1.weight is skipped since its requires_grad=False
2024/07/09 08:36:57 - mmengine - WARNING - backbone.layers.7.ln2.weight is skipped since its requires_grad=False
2024/07/09 08:36:57 - mmengine - WARNING - backbone.layers.7.ln2.bias is skipped since its requires_grad=False
2024/07/09 08:36:57 - mmengine - WARNING - backbone.layers.7.ffn.layers.0.0.weight is skipped since its requires_grad=False
2024/07/09 08:36:57 - mmengine - WARNING - backbone.layers.7.ffn.layers.0.0.bias is skipped since its requires_grad=False
2024/07/09 08:36:57 - mmengine - WARNING - backbone.layers.7.ffn.layers.1.weight is skipped since its requires_grad=False
2024/07/09 08:36:57 - mmengine - WARNING - backbone.layers.7.ffn.layers.1.bias is skipped since its requires_grad=False
2024/07/09 08:36:57 - mmengine - WARNING - backbone.layers.7.ffn.gamma2.weight is skipped since its requires_grad=False
2024/07/09 08:36:57 - mmengine - WARNING - backbone.layers.8.ln1.weight is skipped since its requires_grad=False
2024/07/09 08:36:57 - mmengine - WARNING - backbone.layers.8.ln1.bias is skipped since its requires_grad=False
2024/07/09 08:36:57 - mmengine - WARNING - backbone.layers.8.attn.qkv.weight is skipped since its requires_grad=False
2024/07/09 08:36:57 - mmengine - WARNING - backbone.layers.8.attn.qkv.bias is skipped since its requires_grad=False
2024/07/09 08:36:57 - mmengine - WARNING - backbone.layers.8.attn.proj.weight is skipped since its requires_grad=False
2024/07/09 08:36:57 - mmengine - WARNING - backbone.layers.8.attn.proj.bias is skipped since its requires_grad=False
2024/07/09 08:36:57 - mmengine - WARNING - backbone.layers.8.attn.gamma1.weight is skipped since its requires_grad=False
2024/07/09 08:36:57 - mmengine - WARNING - backbone.layers.8.ln2.weight is skipped since its requires_grad=False
2024/07/09 08:36:57 - mmengine - WARNING - backbone.layers.8.ln2.bias is skipped since its requires_grad=False
2024/07/09 08:36:57 - mmengine - WARNING - backbone.layers.8.ffn.layers.0.0.weight is skipped since its requires_grad=False
2024/07/09 08:36:57 - mmengine - WARNING - backbone.layers.8.ffn.layers.0.0.bias is skipped since its requires_grad=False
2024/07/09 08:36:57 - mmengine - WARNING - backbone.layers.8.ffn.layers.1.weight is skipped since its requires_grad=False
2024/07/09 08:36:57 - mmengine - WARNING - backbone.layers.8.ffn.layers.1.bias is skipped since its requires_grad=False
2024/07/09 08:36:57 - mmengine - WARNING - backbone.layers.8.ffn.gamma2.weight is skipped since its requires_grad=False
2024/07/09 08:36:57 - mmengine - WARNING - backbone.layers.9.ln1.weight is skipped since its requires_grad=False
2024/07/09 08:36:57 - mmengine - WARNING - backbone.layers.9.ln1.bias is skipped since its requires_grad=False
2024/07/09 08:36:57 - mmengine - WARNING - backbone.layers.9.attn.qkv.weight is skipped since its requires_grad=False
2024/07/09 08:36:57 - mmengine - WARNING - backbone.layers.9.attn.qkv.bias is skipped since its requires_grad=False
2024/07/09 08:36:57 - mmengine - WARNING - backbone.layers.9.attn.proj.weight is skipped since its requires_grad=False
2024/07/09 08:36:57 - mmengine - WARNING - backbone.layers.9.attn.proj.bias is skipped since its requires_grad=False
2024/07/09 08:36:57 - mmengine - WARNING - backbone.layers.9.attn.gamma1.weight is skipped since its requires_grad=False
2024/07/09 08:36:57 - mmengine - WARNING - backbone.layers.9.ln2.weight is skipped since its requires_grad=False
2024/07/09 08:36:57 - mmengine - WARNING - backbone.layers.9.ln2.bias is skipped since its requires_grad=False
2024/07/09 08:36:57 - mmengine - WARNING - backbone.layers.9.ffn.layers.0.0.weight is skipped since its requires_grad=False
2024/07/09 08:36:57 - mmengine - WARNING - backbone.layers.9.ffn.layers.0.0.bias is skipped since its requires_grad=False
2024/07/09 08:36:57 - mmengine - WARNING - backbone.layers.9.ffn.layers.1.weight is skipped since its requires_grad=False
2024/07/09 08:36:57 - mmengine - WARNING - backbone.layers.9.ffn.layers.1.bias is skipped since its requires_grad=False
2024/07/09 08:36:57 - mmengine - WARNING - backbone.layers.9.ffn.gamma2.weight is skipped since its requires_grad=False
2024/07/09 08:36:57 - mmengine - WARNING - backbone.layers.10.ln1.weight is skipped since its requires_grad=False
2024/07/09 08:36:57 - mmengine - WARNING - backbone.layers.10.ln1.bias is skipped since its requires_grad=False
2024/07/09 08:36:57 - mmengine - WARNING - backbone.layers.10.attn.qkv.weight is skipped since its requires_grad=False
2024/07/09 08:36:57 - mmengine - WARNING - backbone.layers.10.attn.qkv.bias is skipped since its requires_grad=False
2024/07/09 08:36:57 - mmengine - WARNING - backbone.layers.10.attn.proj.weight is skipped since its requires_grad=False
2024/07/09 08:36:57 - mmengine - WARNING - backbone.layers.10.attn.proj.bias is skipped since its requires_grad=False
2024/07/09 08:36:57 - mmengine - WARNING - backbone.layers.10.attn.gamma1.weight is skipped since its requires_grad=False
2024/07/09 08:36:57 - mmengine - WARNING - backbone.layers.10.ln2.weight is skipped since its requires_grad=False
2024/07/09 08:36:57 - mmengine - WARNING - backbone.layers.10.ln2.bias is skipped since its requires_grad=False
2024/07/09 08:36:57 - mmengine - WARNING - backbone.layers.10.ffn.layers.0.0.weight is skipped since its requires_grad=False
2024/07/09 08:36:57 - mmengine - WARNING - backbone.layers.10.ffn.layers.0.0.bias is skipped since its requires_grad=False
2024/07/09 08:36:57 - mmengine - WARNING - backbone.layers.10.ffn.layers.1.weight is skipped since its requires_grad=False
2024/07/09 08:36:57 - mmengine - WARNING - backbone.layers.10.ffn.layers.1.bias is skipped since its requires_grad=False
2024/07/09 08:36:57 - mmengine - WARNING - backbone.layers.10.ffn.gamma2.weight is skipped since its requires_grad=False
2024/07/09 08:36:57 - mmengine - WARNING - backbone.layers.11.ln1.weight is skipped since its requires_grad=False
2024/07/09 08:36:57 - mmengine - WARNING - backbone.layers.11.ln1.bias is skipped since its requires_grad=False
2024/07/09 08:36:57 - mmengine - WARNING - backbone.layers.11.attn.qkv.weight is skipped since its requires_grad=False
2024/07/09 08:36:57 - mmengine - WARNING - backbone.layers.11.attn.qkv.bias is skipped since its requires_grad=False
2024/07/09 08:36:57 - mmengine - WARNING - backbone.layers.11.attn.proj.weight is skipped since its requires_grad=False
2024/07/09 08:36:57 - mmengine - WARNING - backbone.layers.11.attn.proj.bias is skipped since its requires_grad=False
2024/07/09 08:36:57 - mmengine - WARNING - backbone.layers.11.attn.gamma1.weight is skipped since its requires_grad=False
2024/07/09 08:36:57 - mmengine - WARNING - backbone.layers.11.ln2.weight is skipped since its requires_grad=False
2024/07/09 08:36:57 - mmengine - WARNING - backbone.layers.11.ln2.bias is skipped since its requires_grad=False
2024/07/09 08:36:57 - mmengine - WARNING - backbone.layers.11.ffn.layers.0.0.weight is skipped since its requires_grad=False
2024/07/09 08:36:57 - mmengine - WARNING - backbone.layers.11.ffn.layers.0.0.bias is skipped since its requires_grad=False
2024/07/09 08:36:57 - mmengine - WARNING - backbone.layers.11.ffn.layers.1.weight is skipped since its requires_grad=False
2024/07/09 08:36:57 - mmengine - WARNING - backbone.layers.11.ffn.layers.1.bias is skipped since its requires_grad=False
2024/07/09 08:36:57 - mmengine - WARNING - backbone.layers.11.ffn.gamma2.weight is skipped since its requires_grad=False
2024/07/09 08:36:57 - mmengine - WARNING - backbone.ln1.weight is skipped since its requires_grad=False
2024/07/09 08:36:57 - mmengine - WARNING - backbone.ln1.bias is skipped since its requires_grad=False
2024/07/09 08:36:57 - mmengine - INFO - load backbone in model from: https://download.openmmlab.com/mmpretrain/v1.0/dinov2/vit-base-p14_dinov2-pre_3rdparty_20230426-ba246503.pth
2024/07/09 08:36:57 - mmengine - WARNING - The model and loaded state dict do not match exactly

unexpected key in source state_dict: mask_token

Name of parameter - Initialization information

backbone.cls_token - torch.Size([1, 1, 768]): 
PretrainedInit: load from https://download.openmmlab.com/mmpretrain/v1.0/dinov2/vit-base-p14_dinov2-pre_3rdparty_20230426-ba246503.pth 

backbone.pos_embed - torch.Size([1, 1370, 768]): 
PretrainedInit: load from https://download.openmmlab.com/mmpretrain/v1.0/dinov2/vit-base-p14_dinov2-pre_3rdparty_20230426-ba246503.pth 

backbone.patch_embed.projection.weight - torch.Size([768, 3, 14, 14]): 
PretrainedInit: load from https://download.openmmlab.com/mmpretrain/v1.0/dinov2/vit-base-p14_dinov2-pre_3rdparty_20230426-ba246503.pth 

backbone.patch_embed.projection.bias - torch.Size([768]): 
PretrainedInit: load from https://download.openmmlab.com/mmpretrain/v1.0/dinov2/vit-base-p14_dinov2-pre_3rdparty_20230426-ba246503.pth 

backbone.layers.0.ln1.weight - torch.Size([768]): 
PretrainedInit: load from https://download.openmmlab.com/mmpretrain/v1.0/dinov2/vit-base-p14_dinov2-pre_3rdparty_20230426-ba246503.pth 

backbone.layers.0.ln1.bias - torch.Size([768]): 
PretrainedInit: load from https://download.openmmlab.com/mmpretrain/v1.0/dinov2/vit-base-p14_dinov2-pre_3rdparty_20230426-ba246503.pth 

backbone.layers.0.attn.qkv.weight - torch.Size([2304, 768]): 
PretrainedInit: load from https://download.openmmlab.com/mmpretrain/v1.0/dinov2/vit-base-p14_dinov2-pre_3rdparty_20230426-ba246503.pth 

backbone.layers.0.attn.qkv.bias - torch.Size([2304]): 
PretrainedInit: load from https://download.openmmlab.com/mmpretrain/v1.0/dinov2/vit-base-p14_dinov2-pre_3rdparty_20230426-ba246503.pth 

backbone.layers.0.attn.proj.weight - torch.Size([768, 768]): 
PretrainedInit: load from https://download.openmmlab.com/mmpretrain/v1.0/dinov2/vit-base-p14_dinov2-pre_3rdparty_20230426-ba246503.pth 

backbone.layers.0.attn.proj.bias - torch.Size([768]): 
PretrainedInit: load from https://download.openmmlab.com/mmpretrain/v1.0/dinov2/vit-base-p14_dinov2-pre_3rdparty_20230426-ba246503.pth 

backbone.layers.0.attn.gamma1.weight - torch.Size([768]): 
PretrainedInit: load from https://download.openmmlab.com/mmpretrain/v1.0/dinov2/vit-base-p14_dinov2-pre_3rdparty_20230426-ba246503.pth 

backbone.layers.0.ln2.weight - torch.Size([768]): 
PretrainedInit: load from https://download.openmmlab.com/mmpretrain/v1.0/dinov2/vit-base-p14_dinov2-pre_3rdparty_20230426-ba246503.pth 

backbone.layers.0.ln2.bias - torch.Size([768]): 
PretrainedInit: load from https://download.openmmlab.com/mmpretrain/v1.0/dinov2/vit-base-p14_dinov2-pre_3rdparty_20230426-ba246503.pth 

backbone.layers.0.ffn.layers.0.0.weight - torch.Size([3072, 768]): 
PretrainedInit: load from https://download.openmmlab.com/mmpretrain/v1.0/dinov2/vit-base-p14_dinov2-pre_3rdparty_20230426-ba246503.pth 

backbone.layers.0.ffn.layers.0.0.bias - torch.Size([3072]): 
PretrainedInit: load from https://download.openmmlab.com/mmpretrain/v1.0/dinov2/vit-base-p14_dinov2-pre_3rdparty_20230426-ba246503.pth 

backbone.layers.0.ffn.layers.1.weight - torch.Size([768, 3072]): 
PretrainedInit: load from https://download.openmmlab.com/mmpretrain/v1.0/dinov2/vit-base-p14_dinov2-pre_3rdparty_20230426-ba246503.pth 

backbone.layers.0.ffn.layers.1.bias - torch.Size([768]): 
PretrainedInit: load from https://download.openmmlab.com/mmpretrain/v1.0/dinov2/vit-base-p14_dinov2-pre_3rdparty_20230426-ba246503.pth 

backbone.layers.0.ffn.gamma2.weight - torch.Size([768]): 
PretrainedInit: load from https://download.openmmlab.com/mmpretrain/v1.0/dinov2/vit-base-p14_dinov2-pre_3rdparty_20230426-ba246503.pth 

backbone.layers.1.ln1.weight - torch.Size([768]): 
PretrainedInit: load from https://download.openmmlab.com/mmpretrain/v1.0/dinov2/vit-base-p14_dinov2-pre_3rdparty_20230426-ba246503.pth 

backbone.layers.1.ln1.bias - torch.Size([768]): 
PretrainedInit: load from https://download.openmmlab.com/mmpretrain/v1.0/dinov2/vit-base-p14_dinov2-pre_3rdparty_20230426-ba246503.pth 

backbone.layers.1.attn.qkv.weight - torch.Size([2304, 768]): 
PretrainedInit: load from https://download.openmmlab.com/mmpretrain/v1.0/dinov2/vit-base-p14_dinov2-pre_3rdparty_20230426-ba246503.pth 

backbone.layers.1.attn.qkv.bias - torch.Size([2304]): 
PretrainedInit: load from https://download.openmmlab.com/mmpretrain/v1.0/dinov2/vit-base-p14_dinov2-pre_3rdparty_20230426-ba246503.pth 

backbone.layers.1.attn.proj.weight - torch.Size([768, 768]): 
PretrainedInit: load from https://download.openmmlab.com/mmpretrain/v1.0/dinov2/vit-base-p14_dinov2-pre_3rdparty_20230426-ba246503.pth 

backbone.layers.1.attn.proj.bias - torch.Size([768]): 
PretrainedInit: load from https://download.openmmlab.com/mmpretrain/v1.0/dinov2/vit-base-p14_dinov2-pre_3rdparty_20230426-ba246503.pth 

backbone.layers.1.attn.gamma1.weight - torch.Size([768]): 
PretrainedInit: load from https://download.openmmlab.com/mmpretrain/v1.0/dinov2/vit-base-p14_dinov2-pre_3rdparty_20230426-ba246503.pth 

backbone.layers.1.ln2.weight - torch.Size([768]): 
PretrainedInit: load from https://download.openmmlab.com/mmpretrain/v1.0/dinov2/vit-base-p14_dinov2-pre_3rdparty_20230426-ba246503.pth 

backbone.layers.1.ln2.bias - torch.Size([768]): 
PretrainedInit: load from https://download.openmmlab.com/mmpretrain/v1.0/dinov2/vit-base-p14_dinov2-pre_3rdparty_20230426-ba246503.pth 

backbone.layers.1.ffn.layers.0.0.weight - torch.Size([3072, 768]): 
PretrainedInit: load from https://download.openmmlab.com/mmpretrain/v1.0/dinov2/vit-base-p14_dinov2-pre_3rdparty_20230426-ba246503.pth 

backbone.layers.1.ffn.layers.0.0.bias - torch.Size([3072]): 
PretrainedInit: load from https://download.openmmlab.com/mmpretrain/v1.0/dinov2/vit-base-p14_dinov2-pre_3rdparty_20230426-ba246503.pth 

backbone.layers.1.ffn.layers.1.weight - torch.Size([768, 3072]): 
PretrainedInit: load from https://download.openmmlab.com/mmpretrain/v1.0/dinov2/vit-base-p14_dinov2-pre_3rdparty_20230426-ba246503.pth 

backbone.layers.1.ffn.layers.1.bias - torch.Size([768]): 
PretrainedInit: load from https://download.openmmlab.com/mmpretrain/v1.0/dinov2/vit-base-p14_dinov2-pre_3rdparty_20230426-ba246503.pth 

backbone.layers.1.ffn.gamma2.weight - torch.Size([768]): 
PretrainedInit: load from https://download.openmmlab.com/mmpretrain/v1.0/dinov2/vit-base-p14_dinov2-pre_3rdparty_20230426-ba246503.pth 

backbone.layers.2.ln1.weight - torch.Size([768]): 
PretrainedInit: load from https://download.openmmlab.com/mmpretrain/v1.0/dinov2/vit-base-p14_dinov2-pre_3rdparty_20230426-ba246503.pth 

backbone.layers.2.ln1.bias - torch.Size([768]): 
PretrainedInit: load from https://download.openmmlab.com/mmpretrain/v1.0/dinov2/vit-base-p14_dinov2-pre_3rdparty_20230426-ba246503.pth 

backbone.layers.2.attn.qkv.weight - torch.Size([2304, 768]): 
PretrainedInit: load from https://download.openmmlab.com/mmpretrain/v1.0/dinov2/vit-base-p14_dinov2-pre_3rdparty_20230426-ba246503.pth 

backbone.layers.2.attn.qkv.bias - torch.Size([2304]): 
PretrainedInit: load from https://download.openmmlab.com/mmpretrain/v1.0/dinov2/vit-base-p14_dinov2-pre_3rdparty_20230426-ba246503.pth 

backbone.layers.2.attn.proj.weight - torch.Size([768, 768]): 
PretrainedInit: load from https://download.openmmlab.com/mmpretrain/v1.0/dinov2/vit-base-p14_dinov2-pre_3rdparty_20230426-ba246503.pth 

backbone.layers.2.attn.proj.bias - torch.Size([768]): 
PretrainedInit: load from https://download.openmmlab.com/mmpretrain/v1.0/dinov2/vit-base-p14_dinov2-pre_3rdparty_20230426-ba246503.pth 

backbone.layers.2.attn.gamma1.weight - torch.Size([768]): 
PretrainedInit: load from https://download.openmmlab.com/mmpretrain/v1.0/dinov2/vit-base-p14_dinov2-pre_3rdparty_20230426-ba246503.pth 

backbone.layers.2.ln2.weight - torch.Size([768]): 
PretrainedInit: load from https://download.openmmlab.com/mmpretrain/v1.0/dinov2/vit-base-p14_dinov2-pre_3rdparty_20230426-ba246503.pth 

backbone.layers.2.ln2.bias - torch.Size([768]): 
PretrainedInit: load from https://download.openmmlab.com/mmpretrain/v1.0/dinov2/vit-base-p14_dinov2-pre_3rdparty_20230426-ba246503.pth 

backbone.layers.2.ffn.layers.0.0.weight - torch.Size([3072, 768]): 
PretrainedInit: load from https://download.openmmlab.com/mmpretrain/v1.0/dinov2/vit-base-p14_dinov2-pre_3rdparty_20230426-ba246503.pth 

backbone.layers.2.ffn.layers.0.0.bias - torch.Size([3072]): 
PretrainedInit: load from https://download.openmmlab.com/mmpretrain/v1.0/dinov2/vit-base-p14_dinov2-pre_3rdparty_20230426-ba246503.pth 

backbone.layers.2.ffn.layers.1.weight - torch.Size([768, 3072]): 
PretrainedInit: load from https://download.openmmlab.com/mmpretrain/v1.0/dinov2/vit-base-p14_dinov2-pre_3rdparty_20230426-ba246503.pth 

backbone.layers.2.ffn.layers.1.bias - torch.Size([768]): 
PretrainedInit: load from https://download.openmmlab.com/mmpretrain/v1.0/dinov2/vit-base-p14_dinov2-pre_3rdparty_20230426-ba246503.pth 

backbone.layers.2.ffn.gamma2.weight - torch.Size([768]): 
PretrainedInit: load from https://download.openmmlab.com/mmpretrain/v1.0/dinov2/vit-base-p14_dinov2-pre_3rdparty_20230426-ba246503.pth 

backbone.layers.3.ln1.weight - torch.Size([768]): 
PretrainedInit: load from https://download.openmmlab.com/mmpretrain/v1.0/dinov2/vit-base-p14_dinov2-pre_3rdparty_20230426-ba246503.pth 

backbone.layers.3.ln1.bias - torch.Size([768]): 
PretrainedInit: load from https://download.openmmlab.com/mmpretrain/v1.0/dinov2/vit-base-p14_dinov2-pre_3rdparty_20230426-ba246503.pth 

backbone.layers.3.attn.qkv.weight - torch.Size([2304, 768]): 
PretrainedInit: load from https://download.openmmlab.com/mmpretrain/v1.0/dinov2/vit-base-p14_dinov2-pre_3rdparty_20230426-ba246503.pth 

backbone.layers.3.attn.qkv.bias - torch.Size([2304]): 
PretrainedInit: load from https://download.openmmlab.com/mmpretrain/v1.0/dinov2/vit-base-p14_dinov2-pre_3rdparty_20230426-ba246503.pth 

backbone.layers.3.attn.proj.weight - torch.Size([768, 768]): 
PretrainedInit: load from https://download.openmmlab.com/mmpretrain/v1.0/dinov2/vit-base-p14_dinov2-pre_3rdparty_20230426-ba246503.pth 

backbone.layers.3.attn.proj.bias - torch.Size([768]): 
PretrainedInit: load from https://download.openmmlab.com/mmpretrain/v1.0/dinov2/vit-base-p14_dinov2-pre_3rdparty_20230426-ba246503.pth 

backbone.layers.3.attn.gamma1.weight - torch.Size([768]): 
PretrainedInit: load from https://download.openmmlab.com/mmpretrain/v1.0/dinov2/vit-base-p14_dinov2-pre_3rdparty_20230426-ba246503.pth 

backbone.layers.3.ln2.weight - torch.Size([768]): 
PretrainedInit: load from https://download.openmmlab.com/mmpretrain/v1.0/dinov2/vit-base-p14_dinov2-pre_3rdparty_20230426-ba246503.pth 

backbone.layers.3.ln2.bias - torch.Size([768]): 
PretrainedInit: load from https://download.openmmlab.com/mmpretrain/v1.0/dinov2/vit-base-p14_dinov2-pre_3rdparty_20230426-ba246503.pth 

backbone.layers.3.ffn.layers.0.0.weight - torch.Size([3072, 768]): 
PretrainedInit: load from https://download.openmmlab.com/mmpretrain/v1.0/dinov2/vit-base-p14_dinov2-pre_3rdparty_20230426-ba246503.pth 

backbone.layers.3.ffn.layers.0.0.bias - torch.Size([3072]): 
PretrainedInit: load from https://download.openmmlab.com/mmpretrain/v1.0/dinov2/vit-base-p14_dinov2-pre_3rdparty_20230426-ba246503.pth 

backbone.layers.3.ffn.layers.1.weight - torch.Size([768, 3072]): 
PretrainedInit: load from https://download.openmmlab.com/mmpretrain/v1.0/dinov2/vit-base-p14_dinov2-pre_3rdparty_20230426-ba246503.pth 

backbone.layers.3.ffn.layers.1.bias - torch.Size([768]): 
PretrainedInit: load from https://download.openmmlab.com/mmpretrain/v1.0/dinov2/vit-base-p14_dinov2-pre_3rdparty_20230426-ba246503.pth 

backbone.layers.3.ffn.gamma2.weight - torch.Size([768]): 
PretrainedInit: load from https://download.openmmlab.com/mmpretrain/v1.0/dinov2/vit-base-p14_dinov2-pre_3rdparty_20230426-ba246503.pth 

backbone.layers.4.ln1.weight - torch.Size([768]): 
PretrainedInit: load from https://download.openmmlab.com/mmpretrain/v1.0/dinov2/vit-base-p14_dinov2-pre_3rdparty_20230426-ba246503.pth 

backbone.layers.4.ln1.bias - torch.Size([768]): 
PretrainedInit: load from https://download.openmmlab.com/mmpretrain/v1.0/dinov2/vit-base-p14_dinov2-pre_3rdparty_20230426-ba246503.pth 

backbone.layers.4.attn.qkv.weight - torch.Size([2304, 768]): 
PretrainedInit: load from https://download.openmmlab.com/mmpretrain/v1.0/dinov2/vit-base-p14_dinov2-pre_3rdparty_20230426-ba246503.pth 

backbone.layers.4.attn.qkv.bias - torch.Size([2304]): 
PretrainedInit: load from https://download.openmmlab.com/mmpretrain/v1.0/dinov2/vit-base-p14_dinov2-pre_3rdparty_20230426-ba246503.pth 

backbone.layers.4.attn.proj.weight - torch.Size([768, 768]): 
PretrainedInit: load from https://download.openmmlab.com/mmpretrain/v1.0/dinov2/vit-base-p14_dinov2-pre_3rdparty_20230426-ba246503.pth 

backbone.layers.4.attn.proj.bias - torch.Size([768]): 
PretrainedInit: load from https://download.openmmlab.com/mmpretrain/v1.0/dinov2/vit-base-p14_dinov2-pre_3rdparty_20230426-ba246503.pth 

backbone.layers.4.attn.gamma1.weight - torch.Size([768]): 
PretrainedInit: load from https://download.openmmlab.com/mmpretrain/v1.0/dinov2/vit-base-p14_dinov2-pre_3rdparty_20230426-ba246503.pth 

backbone.layers.4.ln2.weight - torch.Size([768]): 
PretrainedInit: load from https://download.openmmlab.com/mmpretrain/v1.0/dinov2/vit-base-p14_dinov2-pre_3rdparty_20230426-ba246503.pth 

backbone.layers.4.ln2.bias - torch.Size([768]): 
PretrainedInit: load from https://download.openmmlab.com/mmpretrain/v1.0/dinov2/vit-base-p14_dinov2-pre_3rdparty_20230426-ba246503.pth 

backbone.layers.4.ffn.layers.0.0.weight - torch.Size([3072, 768]): 
PretrainedInit: load from https://download.openmmlab.com/mmpretrain/v1.0/dinov2/vit-base-p14_dinov2-pre_3rdparty_20230426-ba246503.pth 

backbone.layers.4.ffn.layers.0.0.bias - torch.Size([3072]): 
PretrainedInit: load from https://download.openmmlab.com/mmpretrain/v1.0/dinov2/vit-base-p14_dinov2-pre_3rdparty_20230426-ba246503.pth 

backbone.layers.4.ffn.layers.1.weight - torch.Size([768, 3072]): 
PretrainedInit: load from https://download.openmmlab.com/mmpretrain/v1.0/dinov2/vit-base-p14_dinov2-pre_3rdparty_20230426-ba246503.pth 

backbone.layers.4.ffn.layers.1.bias - torch.Size([768]): 
PretrainedInit: load from https://download.openmmlab.com/mmpretrain/v1.0/dinov2/vit-base-p14_dinov2-pre_3rdparty_20230426-ba246503.pth 

backbone.layers.4.ffn.gamma2.weight - torch.Size([768]): 
PretrainedInit: load from https://download.openmmlab.com/mmpretrain/v1.0/dinov2/vit-base-p14_dinov2-pre_3rdparty_20230426-ba246503.pth 

backbone.layers.5.ln1.weight - torch.Size([768]): 
PretrainedInit: load from https://download.openmmlab.com/mmpretrain/v1.0/dinov2/vit-base-p14_dinov2-pre_3rdparty_20230426-ba246503.pth 

backbone.layers.5.ln1.bias - torch.Size([768]): 
PretrainedInit: load from https://download.openmmlab.com/mmpretrain/v1.0/dinov2/vit-base-p14_dinov2-pre_3rdparty_20230426-ba246503.pth 

backbone.layers.5.attn.qkv.weight - torch.Size([2304, 768]): 
PretrainedInit: load from https://download.openmmlab.com/mmpretrain/v1.0/dinov2/vit-base-p14_dinov2-pre_3rdparty_20230426-ba246503.pth 

backbone.layers.5.attn.qkv.bias - torch.Size([2304]): 
PretrainedInit: load from https://download.openmmlab.com/mmpretrain/v1.0/dinov2/vit-base-p14_dinov2-pre_3rdparty_20230426-ba246503.pth 

backbone.layers.5.attn.proj.weight - torch.Size([768, 768]): 
PretrainedInit: load from https://download.openmmlab.com/mmpretrain/v1.0/dinov2/vit-base-p14_dinov2-pre_3rdparty_20230426-ba246503.pth 

backbone.layers.5.attn.proj.bias - torch.Size([768]): 
PretrainedInit: load from https://download.openmmlab.com/mmpretrain/v1.0/dinov2/vit-base-p14_dinov2-pre_3rdparty_20230426-ba246503.pth 

backbone.layers.5.attn.gamma1.weight - torch.Size([768]): 
PretrainedInit: load from https://download.openmmlab.com/mmpretrain/v1.0/dinov2/vit-base-p14_dinov2-pre_3rdparty_20230426-ba246503.pth 

backbone.layers.5.ln2.weight - torch.Size([768]): 
PretrainedInit: load from https://download.openmmlab.com/mmpretrain/v1.0/dinov2/vit-base-p14_dinov2-pre_3rdparty_20230426-ba246503.pth 

backbone.layers.5.ln2.bias - torch.Size([768]): 
PretrainedInit: load from https://download.openmmlab.com/mmpretrain/v1.0/dinov2/vit-base-p14_dinov2-pre_3rdparty_20230426-ba246503.pth 

backbone.layers.5.ffn.layers.0.0.weight - torch.Size([3072, 768]): 
PretrainedInit: load from https://download.openmmlab.com/mmpretrain/v1.0/dinov2/vit-base-p14_dinov2-pre_3rdparty_20230426-ba246503.pth 

backbone.layers.5.ffn.layers.0.0.bias - torch.Size([3072]): 
PretrainedInit: load from https://download.openmmlab.com/mmpretrain/v1.0/dinov2/vit-base-p14_dinov2-pre_3rdparty_20230426-ba246503.pth 

backbone.layers.5.ffn.layers.1.weight - torch.Size([768, 3072]): 
PretrainedInit: load from https://download.openmmlab.com/mmpretrain/v1.0/dinov2/vit-base-p14_dinov2-pre_3rdparty_20230426-ba246503.pth 

backbone.layers.5.ffn.layers.1.bias - torch.Size([768]): 
PretrainedInit: load from https://download.openmmlab.com/mmpretrain/v1.0/dinov2/vit-base-p14_dinov2-pre_3rdparty_20230426-ba246503.pth 

backbone.layers.5.ffn.gamma2.weight - torch.Size([768]): 
PretrainedInit: load from https://download.openmmlab.com/mmpretrain/v1.0/dinov2/vit-base-p14_dinov2-pre_3rdparty_20230426-ba246503.pth 

backbone.layers.6.ln1.weight - torch.Size([768]): 
PretrainedInit: load from https://download.openmmlab.com/mmpretrain/v1.0/dinov2/vit-base-p14_dinov2-pre_3rdparty_20230426-ba246503.pth 

backbone.layers.6.ln1.bias - torch.Size([768]): 
PretrainedInit: load from https://download.openmmlab.com/mmpretrain/v1.0/dinov2/vit-base-p14_dinov2-pre_3rdparty_20230426-ba246503.pth 

backbone.layers.6.attn.qkv.weight - torch.Size([2304, 768]): 
PretrainedInit: load from https://download.openmmlab.com/mmpretrain/v1.0/dinov2/vit-base-p14_dinov2-pre_3rdparty_20230426-ba246503.pth 

backbone.layers.6.attn.qkv.bias - torch.Size([2304]): 
PretrainedInit: load from https://download.openmmlab.com/mmpretrain/v1.0/dinov2/vit-base-p14_dinov2-pre_3rdparty_20230426-ba246503.pth 

backbone.layers.6.attn.proj.weight - torch.Size([768, 768]): 
PretrainedInit: load from https://download.openmmlab.com/mmpretrain/v1.0/dinov2/vit-base-p14_dinov2-pre_3rdparty_20230426-ba246503.pth 

backbone.layers.6.attn.proj.bias - torch.Size([768]): 
PretrainedInit: load from https://download.openmmlab.com/mmpretrain/v1.0/dinov2/vit-base-p14_dinov2-pre_3rdparty_20230426-ba246503.pth 

backbone.layers.6.attn.gamma1.weight - torch.Size([768]): 
PretrainedInit: load from https://download.openmmlab.com/mmpretrain/v1.0/dinov2/vit-base-p14_dinov2-pre_3rdparty_20230426-ba246503.pth 

backbone.layers.6.ln2.weight - torch.Size([768]): 
PretrainedInit: load from https://download.openmmlab.com/mmpretrain/v1.0/dinov2/vit-base-p14_dinov2-pre_3rdparty_20230426-ba246503.pth 

backbone.layers.6.ln2.bias - torch.Size([768]): 
PretrainedInit: load from https://download.openmmlab.com/mmpretrain/v1.0/dinov2/vit-base-p14_dinov2-pre_3rdparty_20230426-ba246503.pth 

backbone.layers.6.ffn.layers.0.0.weight - torch.Size([3072, 768]): 
PretrainedInit: load from https://download.openmmlab.com/mmpretrain/v1.0/dinov2/vit-base-p14_dinov2-pre_3rdparty_20230426-ba246503.pth 

backbone.layers.6.ffn.layers.0.0.bias - torch.Size([3072]): 
PretrainedInit: load from https://download.openmmlab.com/mmpretrain/v1.0/dinov2/vit-base-p14_dinov2-pre_3rdparty_20230426-ba246503.pth 

backbone.layers.6.ffn.layers.1.weight - torch.Size([768, 3072]): 
PretrainedInit: load from https://download.openmmlab.com/mmpretrain/v1.0/dinov2/vit-base-p14_dinov2-pre_3rdparty_20230426-ba246503.pth 

backbone.layers.6.ffn.layers.1.bias - torch.Size([768]): 
PretrainedInit: load from https://download.openmmlab.com/mmpretrain/v1.0/dinov2/vit-base-p14_dinov2-pre_3rdparty_20230426-ba246503.pth 

backbone.layers.6.ffn.gamma2.weight - torch.Size([768]): 
PretrainedInit: load from https://download.openmmlab.com/mmpretrain/v1.0/dinov2/vit-base-p14_dinov2-pre_3rdparty_20230426-ba246503.pth 

backbone.layers.7.ln1.weight - torch.Size([768]): 
PretrainedInit: load from https://download.openmmlab.com/mmpretrain/v1.0/dinov2/vit-base-p14_dinov2-pre_3rdparty_20230426-ba246503.pth 

backbone.layers.7.ln1.bias - torch.Size([768]): 
PretrainedInit: load from https://download.openmmlab.com/mmpretrain/v1.0/dinov2/vit-base-p14_dinov2-pre_3rdparty_20230426-ba246503.pth 

backbone.layers.7.attn.qkv.weight - torch.Size([2304, 768]): 
PretrainedInit: load from https://download.openmmlab.com/mmpretrain/v1.0/dinov2/vit-base-p14_dinov2-pre_3rdparty_20230426-ba246503.pth 

backbone.layers.7.attn.qkv.bias - torch.Size([2304]): 
PretrainedInit: load from https://download.openmmlab.com/mmpretrain/v1.0/dinov2/vit-base-p14_dinov2-pre_3rdparty_20230426-ba246503.pth 

backbone.layers.7.attn.proj.weight - torch.Size([768, 768]): 
PretrainedInit: load from https://download.openmmlab.com/mmpretrain/v1.0/dinov2/vit-base-p14_dinov2-pre_3rdparty_20230426-ba246503.pth 

backbone.layers.7.attn.proj.bias - torch.Size([768]): 
PretrainedInit: load from https://download.openmmlab.com/mmpretrain/v1.0/dinov2/vit-base-p14_dinov2-pre_3rdparty_20230426-ba246503.pth 

backbone.layers.7.attn.gamma1.weight - torch.Size([768]): 
PretrainedInit: load from https://download.openmmlab.com/mmpretrain/v1.0/dinov2/vit-base-p14_dinov2-pre_3rdparty_20230426-ba246503.pth 

backbone.layers.7.ln2.weight - torch.Size([768]): 
PretrainedInit: load from https://download.openmmlab.com/mmpretrain/v1.0/dinov2/vit-base-p14_dinov2-pre_3rdparty_20230426-ba246503.pth 

backbone.layers.7.ln2.bias - torch.Size([768]): 
PretrainedInit: load from https://download.openmmlab.com/mmpretrain/v1.0/dinov2/vit-base-p14_dinov2-pre_3rdparty_20230426-ba246503.pth 

backbone.layers.7.ffn.layers.0.0.weight - torch.Size([3072, 768]): 
PretrainedInit: load from https://download.openmmlab.com/mmpretrain/v1.0/dinov2/vit-base-p14_dinov2-pre_3rdparty_20230426-ba246503.pth 

backbone.layers.7.ffn.layers.0.0.bias - torch.Size([3072]): 
PretrainedInit: load from https://download.openmmlab.com/mmpretrain/v1.0/dinov2/vit-base-p14_dinov2-pre_3rdparty_20230426-ba246503.pth 

backbone.layers.7.ffn.layers.1.weight - torch.Size([768, 3072]): 
PretrainedInit: load from https://download.openmmlab.com/mmpretrain/v1.0/dinov2/vit-base-p14_dinov2-pre_3rdparty_20230426-ba246503.pth 

backbone.layers.7.ffn.layers.1.bias - torch.Size([768]): 
PretrainedInit: load from https://download.openmmlab.com/mmpretrain/v1.0/dinov2/vit-base-p14_dinov2-pre_3rdparty_20230426-ba246503.pth 

backbone.layers.7.ffn.gamma2.weight - torch.Size([768]): 
PretrainedInit: load from https://download.openmmlab.com/mmpretrain/v1.0/dinov2/vit-base-p14_dinov2-pre_3rdparty_20230426-ba246503.pth 

backbone.layers.8.ln1.weight - torch.Size([768]): 
PretrainedInit: load from https://download.openmmlab.com/mmpretrain/v1.0/dinov2/vit-base-p14_dinov2-pre_3rdparty_20230426-ba246503.pth 

backbone.layers.8.ln1.bias - torch.Size([768]): 
PretrainedInit: load from https://download.openmmlab.com/mmpretrain/v1.0/dinov2/vit-base-p14_dinov2-pre_3rdparty_20230426-ba246503.pth 

backbone.layers.8.attn.qkv.weight - torch.Size([2304, 768]): 
PretrainedInit: load from https://download.openmmlab.com/mmpretrain/v1.0/dinov2/vit-base-p14_dinov2-pre_3rdparty_20230426-ba246503.pth 

backbone.layers.8.attn.qkv.bias - torch.Size([2304]): 
PretrainedInit: load from https://download.openmmlab.com/mmpretrain/v1.0/dinov2/vit-base-p14_dinov2-pre_3rdparty_20230426-ba246503.pth 

backbone.layers.8.attn.proj.weight - torch.Size([768, 768]): 
PretrainedInit: load from https://download.openmmlab.com/mmpretrain/v1.0/dinov2/vit-base-p14_dinov2-pre_3rdparty_20230426-ba246503.pth 

backbone.layers.8.attn.proj.bias - torch.Size([768]): 
PretrainedInit: load from https://download.openmmlab.com/mmpretrain/v1.0/dinov2/vit-base-p14_dinov2-pre_3rdparty_20230426-ba246503.pth 

backbone.layers.8.attn.gamma1.weight - torch.Size([768]): 
PretrainedInit: load from https://download.openmmlab.com/mmpretrain/v1.0/dinov2/vit-base-p14_dinov2-pre_3rdparty_20230426-ba246503.pth 

backbone.layers.8.ln2.weight - torch.Size([768]): 
PretrainedInit: load from https://download.openmmlab.com/mmpretrain/v1.0/dinov2/vit-base-p14_dinov2-pre_3rdparty_20230426-ba246503.pth 

backbone.layers.8.ln2.bias - torch.Size([768]): 
PretrainedInit: load from https://download.openmmlab.com/mmpretrain/v1.0/dinov2/vit-base-p14_dinov2-pre_3rdparty_20230426-ba246503.pth 

backbone.layers.8.ffn.layers.0.0.weight - torch.Size([3072, 768]): 
PretrainedInit: load from https://download.openmmlab.com/mmpretrain/v1.0/dinov2/vit-base-p14_dinov2-pre_3rdparty_20230426-ba246503.pth 

backbone.layers.8.ffn.layers.0.0.bias - torch.Size([3072]): 
PretrainedInit: load from https://download.openmmlab.com/mmpretrain/v1.0/dinov2/vit-base-p14_dinov2-pre_3rdparty_20230426-ba246503.pth 

backbone.layers.8.ffn.layers.1.weight - torch.Size([768, 3072]): 
PretrainedInit: load from https://download.openmmlab.com/mmpretrain/v1.0/dinov2/vit-base-p14_dinov2-pre_3rdparty_20230426-ba246503.pth 

backbone.layers.8.ffn.layers.1.bias - torch.Size([768]): 
PretrainedInit: load from https://download.openmmlab.com/mmpretrain/v1.0/dinov2/vit-base-p14_dinov2-pre_3rdparty_20230426-ba246503.pth 

backbone.layers.8.ffn.gamma2.weight - torch.Size([768]): 
PretrainedInit: load from https://download.openmmlab.com/mmpretrain/v1.0/dinov2/vit-base-p14_dinov2-pre_3rdparty_20230426-ba246503.pth 

backbone.layers.9.ln1.weight - torch.Size([768]): 
PretrainedInit: load from https://download.openmmlab.com/mmpretrain/v1.0/dinov2/vit-base-p14_dinov2-pre_3rdparty_20230426-ba246503.pth 

backbone.layers.9.ln1.bias - torch.Size([768]): 
PretrainedInit: load from https://download.openmmlab.com/mmpretrain/v1.0/dinov2/vit-base-p14_dinov2-pre_3rdparty_20230426-ba246503.pth 

backbone.layers.9.attn.qkv.weight - torch.Size([2304, 768]): 
PretrainedInit: load from https://download.openmmlab.com/mmpretrain/v1.0/dinov2/vit-base-p14_dinov2-pre_3rdparty_20230426-ba246503.pth 

backbone.layers.9.attn.qkv.bias - torch.Size([2304]): 
PretrainedInit: load from https://download.openmmlab.com/mmpretrain/v1.0/dinov2/vit-base-p14_dinov2-pre_3rdparty_20230426-ba246503.pth 

backbone.layers.9.attn.proj.weight - torch.Size([768, 768]): 
PretrainedInit: load from https://download.openmmlab.com/mmpretrain/v1.0/dinov2/vit-base-p14_dinov2-pre_3rdparty_20230426-ba246503.pth 

backbone.layers.9.attn.proj.bias - torch.Size([768]): 
PretrainedInit: load from https://download.openmmlab.com/mmpretrain/v1.0/dinov2/vit-base-p14_dinov2-pre_3rdparty_20230426-ba246503.pth 

backbone.layers.9.attn.gamma1.weight - torch.Size([768]): 
PretrainedInit: load from https://download.openmmlab.com/mmpretrain/v1.0/dinov2/vit-base-p14_dinov2-pre_3rdparty_20230426-ba246503.pth 

backbone.layers.9.ln2.weight - torch.Size([768]): 
PretrainedInit: load from https://download.openmmlab.com/mmpretrain/v1.0/dinov2/vit-base-p14_dinov2-pre_3rdparty_20230426-ba246503.pth 

backbone.layers.9.ln2.bias - torch.Size([768]): 
PretrainedInit: load from https://download.openmmlab.com/mmpretrain/v1.0/dinov2/vit-base-p14_dinov2-pre_3rdparty_20230426-ba246503.pth 

backbone.layers.9.ffn.layers.0.0.weight - torch.Size([3072, 768]): 
PretrainedInit: load from https://download.openmmlab.com/mmpretrain/v1.0/dinov2/vit-base-p14_dinov2-pre_3rdparty_20230426-ba246503.pth 

backbone.layers.9.ffn.layers.0.0.bias - torch.Size([3072]): 
PretrainedInit: load from https://download.openmmlab.com/mmpretrain/v1.0/dinov2/vit-base-p14_dinov2-pre_3rdparty_20230426-ba246503.pth 

backbone.layers.9.ffn.layers.1.weight - torch.Size([768, 3072]): 
PretrainedInit: load from https://download.openmmlab.com/mmpretrain/v1.0/dinov2/vit-base-p14_dinov2-pre_3rdparty_20230426-ba246503.pth 

backbone.layers.9.ffn.layers.1.bias - torch.Size([768]): 
PretrainedInit: load from https://download.openmmlab.com/mmpretrain/v1.0/dinov2/vit-base-p14_dinov2-pre_3rdparty_20230426-ba246503.pth 

backbone.layers.9.ffn.gamma2.weight - torch.Size([768]): 
PretrainedInit: load from https://download.openmmlab.com/mmpretrain/v1.0/dinov2/vit-base-p14_dinov2-pre_3rdparty_20230426-ba246503.pth 

backbone.layers.10.ln1.weight - torch.Size([768]): 
PretrainedInit: load from https://download.openmmlab.com/mmpretrain/v1.0/dinov2/vit-base-p14_dinov2-pre_3rdparty_20230426-ba246503.pth 

backbone.layers.10.ln1.bias - torch.Size([768]): 
PretrainedInit: load from https://download.openmmlab.com/mmpretrain/v1.0/dinov2/vit-base-p14_dinov2-pre_3rdparty_20230426-ba246503.pth 

backbone.layers.10.attn.qkv.weight - torch.Size([2304, 768]): 
PretrainedInit: load from https://download.openmmlab.com/mmpretrain/v1.0/dinov2/vit-base-p14_dinov2-pre_3rdparty_20230426-ba246503.pth 

backbone.layers.10.attn.qkv.bias - torch.Size([2304]): 
PretrainedInit: load from https://download.openmmlab.com/mmpretrain/v1.0/dinov2/vit-base-p14_dinov2-pre_3rdparty_20230426-ba246503.pth 

backbone.layers.10.attn.proj.weight - torch.Size([768, 768]): 
PretrainedInit: load from https://download.openmmlab.com/mmpretrain/v1.0/dinov2/vit-base-p14_dinov2-pre_3rdparty_20230426-ba246503.pth 

backbone.layers.10.attn.proj.bias - torch.Size([768]): 
PretrainedInit: load from https://download.openmmlab.com/mmpretrain/v1.0/dinov2/vit-base-p14_dinov2-pre_3rdparty_20230426-ba246503.pth 

backbone.layers.10.attn.gamma1.weight - torch.Size([768]): 
PretrainedInit: load from https://download.openmmlab.com/mmpretrain/v1.0/dinov2/vit-base-p14_dinov2-pre_3rdparty_20230426-ba246503.pth 

backbone.layers.10.ln2.weight - torch.Size([768]): 
PretrainedInit: load from https://download.openmmlab.com/mmpretrain/v1.0/dinov2/vit-base-p14_dinov2-pre_3rdparty_20230426-ba246503.pth 

backbone.layers.10.ln2.bias - torch.Size([768]): 
PretrainedInit: load from https://download.openmmlab.com/mmpretrain/v1.0/dinov2/vit-base-p14_dinov2-pre_3rdparty_20230426-ba246503.pth 

backbone.layers.10.ffn.layers.0.0.weight - torch.Size([3072, 768]): 
PretrainedInit: load from https://download.openmmlab.com/mmpretrain/v1.0/dinov2/vit-base-p14_dinov2-pre_3rdparty_20230426-ba246503.pth 

backbone.layers.10.ffn.layers.0.0.bias - torch.Size([3072]): 
PretrainedInit: load from https://download.openmmlab.com/mmpretrain/v1.0/dinov2/vit-base-p14_dinov2-pre_3rdparty_20230426-ba246503.pth 

backbone.layers.10.ffn.layers.1.weight - torch.Size([768, 3072]): 
PretrainedInit: load from https://download.openmmlab.com/mmpretrain/v1.0/dinov2/vit-base-p14_dinov2-pre_3rdparty_20230426-ba246503.pth 

backbone.layers.10.ffn.layers.1.bias - torch.Size([768]): 
PretrainedInit: load from https://download.openmmlab.com/mmpretrain/v1.0/dinov2/vit-base-p14_dinov2-pre_3rdparty_20230426-ba246503.pth 

backbone.layers.10.ffn.gamma2.weight - torch.Size([768]): 
PretrainedInit: load from https://download.openmmlab.com/mmpretrain/v1.0/dinov2/vit-base-p14_dinov2-pre_3rdparty_20230426-ba246503.pth 

backbone.layers.11.ln1.weight - torch.Size([768]): 
PretrainedInit: load from https://download.openmmlab.com/mmpretrain/v1.0/dinov2/vit-base-p14_dinov2-pre_3rdparty_20230426-ba246503.pth 

backbone.layers.11.ln1.bias - torch.Size([768]): 
PretrainedInit: load from https://download.openmmlab.com/mmpretrain/v1.0/dinov2/vit-base-p14_dinov2-pre_3rdparty_20230426-ba246503.pth 

backbone.layers.11.attn.qkv.weight - torch.Size([2304, 768]): 
PretrainedInit: load from https://download.openmmlab.com/mmpretrain/v1.0/dinov2/vit-base-p14_dinov2-pre_3rdparty_20230426-ba246503.pth 

backbone.layers.11.attn.qkv.bias - torch.Size([2304]): 
PretrainedInit: load from https://download.openmmlab.com/mmpretrain/v1.0/dinov2/vit-base-p14_dinov2-pre_3rdparty_20230426-ba246503.pth 

backbone.layers.11.attn.proj.weight - torch.Size([768, 768]): 
PretrainedInit: load from https://download.openmmlab.com/mmpretrain/v1.0/dinov2/vit-base-p14_dinov2-pre_3rdparty_20230426-ba246503.pth 

backbone.layers.11.attn.proj.bias - torch.Size([768]): 
PretrainedInit: load from https://download.openmmlab.com/mmpretrain/v1.0/dinov2/vit-base-p14_dinov2-pre_3rdparty_20230426-ba246503.pth 

backbone.layers.11.attn.gamma1.weight - torch.Size([768]): 
PretrainedInit: load from https://download.openmmlab.com/mmpretrain/v1.0/dinov2/vit-base-p14_dinov2-pre_3rdparty_20230426-ba246503.pth 

backbone.layers.11.ln2.weight - torch.Size([768]): 
PretrainedInit: load from https://download.openmmlab.com/mmpretrain/v1.0/dinov2/vit-base-p14_dinov2-pre_3rdparty_20230426-ba246503.pth 

backbone.layers.11.ln2.bias - torch.Size([768]): 
PretrainedInit: load from https://download.openmmlab.com/mmpretrain/v1.0/dinov2/vit-base-p14_dinov2-pre_3rdparty_20230426-ba246503.pth 

backbone.layers.11.ffn.layers.0.0.weight - torch.Size([3072, 768]): 
PretrainedInit: load from https://download.openmmlab.com/mmpretrain/v1.0/dinov2/vit-base-p14_dinov2-pre_3rdparty_20230426-ba246503.pth 

backbone.layers.11.ffn.layers.0.0.bias - torch.Size([3072]): 
PretrainedInit: load from https://download.openmmlab.com/mmpretrain/v1.0/dinov2/vit-base-p14_dinov2-pre_3rdparty_20230426-ba246503.pth 

backbone.layers.11.ffn.layers.1.weight - torch.Size([768, 3072]): 
PretrainedInit: load from https://download.openmmlab.com/mmpretrain/v1.0/dinov2/vit-base-p14_dinov2-pre_3rdparty_20230426-ba246503.pth 

backbone.layers.11.ffn.layers.1.bias - torch.Size([768]): 
PretrainedInit: load from https://download.openmmlab.com/mmpretrain/v1.0/dinov2/vit-base-p14_dinov2-pre_3rdparty_20230426-ba246503.pth 

backbone.layers.11.ffn.gamma2.weight - torch.Size([768]): 
PretrainedInit: load from https://download.openmmlab.com/mmpretrain/v1.0/dinov2/vit-base-p14_dinov2-pre_3rdparty_20230426-ba246503.pth 

backbone.ln1.weight - torch.Size([768]): 
PretrainedInit: load from https://download.openmmlab.com/mmpretrain/v1.0/dinov2/vit-base-p14_dinov2-pre_3rdparty_20230426-ba246503.pth 

backbone.ln1.bias - torch.Size([768]): 
PretrainedInit: load from https://download.openmmlab.com/mmpretrain/v1.0/dinov2/vit-base-p14_dinov2-pre_3rdparty_20230426-ba246503.pth 

head.layers.head.weight - torch.Size([7806, 768]): 
ConstantInit: val=0, bias=0 

head.layers.head.bias - torch.Size([7806]): 
ConstantInit: val=0, bias=0 
2024/07/09 08:36:57 - mmengine - WARNING - "FileClient" will be deprecated in future. Please use io functions in https://mmengine.readthedocs.io/en/latest/api/fileio.html#file-io
2024/07/09 08:36:57 - mmengine - WARNING - "HardDiskBackend" is the alias of "LocalBackend" and the former will be deprecated in future.
2024/07/09 08:36:57 - mmengine - INFO - Checkpoints will be saved to /root/weed-detection/work_dirs/leafcaw.
2024/07/09 08:40:02 - mmengine - INFO - Epoch(train)  [1][ 25/185]  base_lr: 1.0000e-04 lr: 1.0000e-04  eta: 4:30:23  time: 2.5544  data_time: 0.0023  memory: 32400  loss: 8.1986
2024/07/09 08:41:06 - mmengine - INFO - Epoch(train)  [1][ 50/185]  base_lr: 1.0000e-04 lr: 1.0000e-04  eta: 2:59:48  time: 2.5529  data_time: 0.0024  memory: 32400  loss: 7.3393
2024/07/09 08:42:10 - mmengine - INFO - Epoch(train)  [1][ 75/185]  base_lr: 1.0000e-04 lr: 1.0000e-04  eta: 2:29:02  time: 2.5809  data_time: 0.0027  memory: 32400  loss: 6.5843
2024/07/09 08:43:14 - mmengine - INFO - Epoch(train)  [1][100/185]  base_lr: 1.0000e-04 lr: 1.0000e-04  eta: 2:13:04  time: 2.5620  data_time: 0.0100  memory: 32400  loss: 5.9289
2024/07/09 08:44:18 - mmengine - INFO - Epoch(train)  [1][125/185]  base_lr: 1.0000e-04 lr: 1.0000e-04  eta: 2:03:05  time: 2.5589  data_time: 0.0070  memory: 32400  loss: 5.3446
2024/07/09 08:45:23 - mmengine - INFO - Epoch(train)  [1][150/185]  base_lr: 1.0000e-04 lr: 1.0000e-04  eta: 1:56:14  time: 2.5963  data_time: 0.0022  memory: 32400  loss: 4.8936
2024/07/09 08:46:27 - mmengine - INFO - Epoch(train)  [1][175/185]  base_lr: 1.0000e-04 lr: 1.0000e-04  eta: 1:50:53  time: 2.5651  data_time: 0.0021  memory: 32400  loss: 4.5175
2024/07/09 08:46:51 - mmengine - INFO - Exp name: leafcaw_20240709_083652
2024/07/09 08:46:51 - mmengine - INFO - Saving checkpoint at 1 epochs
2024/07/09 08:50:41 - mmengine - INFO - Epoch(val) [1][10/10]    accuracy/top1: 41.3771  accuracy/top5: 63.9669  data_time: 5.7714  time: 21.8095
2024/07/09 08:52:47 - mmengine - INFO - Epoch(train)  [2][ 25/185]  base_lr: 9.9384e-05 lr: 9.9384e-05  eta: 1:54:44  time: 2.5640  data_time: 0.0029  memory: 48840  loss: 4.0221
2024/07/09 08:53:51 - mmengine - INFO - Epoch(train)  [2][ 50/185]  base_lr: 9.9384e-05 lr: 9.9384e-05  eta: 1:50:17  time: 2.5698  data_time: 0.0030  memory: 32400  loss: 3.7870
2024/07/09 08:54:55 - mmengine - INFO - Epoch(train)  [2][ 75/185]  base_lr: 9.9384e-05 lr: 9.9384e-05  eta: 1:46:29  time: 2.5674  data_time: 0.0031  memory: 32400  loss: 3.5960
2024/07/09 08:55:59 - mmengine - INFO - Epoch(train)  [2][100/185]  base_lr: 9.9384e-05 lr: 9.9384e-05  eta: 1:43:09  time: 2.5614  data_time: 0.0030  memory: 32400  loss: 3.3934
2024/07/09 08:57:04 - mmengine - INFO - Epoch(train)  [2][125/185]  base_lr: 9.9384e-05 lr: 9.9384e-05  eta: 1:40:14  time: 2.5837  data_time: 0.0030  memory: 32400  loss: 3.2469
2024/07/09 08:58:07 - mmengine - INFO - Epoch(train)  [2][150/185]  base_lr: 9.9384e-05 lr: 9.9384e-05  eta: 1:37:32  time: 2.5526  data_time: 0.0023  memory: 32400  loss: 3.1282
2024/07/09 08:59:11 - mmengine - INFO - Epoch(train)  [2][175/185]  base_lr: 9.9384e-05 lr: 9.9384e-05  eta: 1:35:02  time: 2.5488  data_time: 0.0022  memory: 32400  loss: 3.0044
2024/07/09 08:59:35 - mmengine - INFO - Exp name: leafcaw_20240709_083652
2024/07/09 08:59:35 - mmengine - INFO - Saving checkpoint at 2 epochs
2024/07/09 09:02:37 - mmengine - INFO - Epoch(val) [2][10/10]    accuracy/top1: 50.8674  accuracy/top5: 73.0437  data_time: 1.0893  time: 15.6959
2024/07/09 09:04:28 - mmengine - INFO - Epoch(train)  [3][ 25/185]  base_lr: 9.7553e-05 lr: 9.7553e-05  eta: 1:35:22  time: 2.5791  data_time: 0.0041  memory: 48840  loss: 2.7669
2024/07/09 09:05:32 - mmengine - INFO - Epoch(train)  [3][ 50/185]  base_lr: 9.7553e-05 lr: 9.7553e-05  eta: 1:33:06  time: 2.5737  data_time: 0.0056  memory: 32400  loss: 2.7114
2024/07/09 09:06:37 - mmengine - INFO - Epoch(train)  [3][ 75/185]  base_lr: 9.7553e-05 lr: 9.7553e-05  eta: 1:30:55  time: 2.5633  data_time: 0.0027  memory: 32400  loss: 2.6482
2024/07/09 09:07:41 - mmengine - INFO - Epoch(train)  [3][100/185]  base_lr: 9.7553e-05 lr: 9.7553e-05  eta: 1:28:51  time: 2.5609  data_time: 0.0030  memory: 32400  loss: 2.5685
2024/07/09 09:08:45 - mmengine - INFO - Epoch(train)  [3][125/185]  base_lr: 9.7553e-05 lr: 9.7553e-05  eta: 1:26:53  time: 2.5690  data_time: 0.0032  memory: 32400  loss: 2.5047
2024/07/09 09:09:49 - mmengine - INFO - Epoch(train)  [3][150/185]  base_lr: 9.7553e-05 lr: 9.7553e-05  eta: 1:25:00  time: 2.5502  data_time: 0.0023  memory: 32400  loss: 2.4451
2024/07/09 09:10:53 - mmengine - INFO - Epoch(train)  [3][175/185]  base_lr: 9.7553e-05 lr: 9.7553e-05  eta: 1:23:11  time: 2.5652  data_time: 0.0021  memory: 32400  loss: 2.3927
2024/07/09 09:11:17 - mmengine - INFO - Exp name: leafcaw_20240709_083652
2024/07/09 09:11:17 - mmengine - INFO - Saving checkpoint at 3 epochs
2024/07/09 09:14:49 - mmengine - INFO - Epoch(val) [3][10/10]    accuracy/top1: 55.6689  accuracy/top5: 77.2705  data_time: 3.8002  time: 18.3975
2024/07/09 09:16:51 - mmengine - INFO - Epoch(train)  [4][ 25/185]  base_lr: 9.4550e-05 lr: 9.4550e-05  eta: 1:23:24  time: 2.5766  data_time: 0.0083  memory: 48840  loss: 2.2800
2024/07/09 09:17:55 - mmengine - INFO - Epoch(train)  [4][ 50/185]  base_lr: 9.4550e-05 lr: 9.4550e-05  eta: 1:21:37  time: 2.6123  data_time: 0.0081  memory: 32400  loss: 2.2012
2024/07/09 09:18:59 - mmengine - INFO - Epoch(train)  [4][ 75/185]  base_lr: 9.4550e-05 lr: 9.4550e-05  eta: 1:19:52  time: 2.5706  data_time: 0.0035  memory: 32400  loss: 2.1807
2024/07/09 09:20:04 - mmengine - INFO - Epoch(train)  [4][100/185]  base_lr: 9.4550e-05 lr: 9.4550e-05  eta: 1:18:10  time: 2.5729  data_time: 0.0036  memory: 32400  loss: 2.1843
2024/07/09 09:21:08 - mmengine - INFO - Epoch(train)  [4][125/185]  base_lr: 9.4550e-05 lr: 9.4550e-05  eta: 1:16:31  time: 2.5797  data_time: 0.0034  memory: 32400  loss: 2.1373
2024/07/09 09:22:12 - mmengine - INFO - Epoch(train)  [4][150/185]  base_lr: 9.4550e-05 lr: 9.4550e-05  eta: 1:14:54  time: 2.5524  data_time: 0.0023  memory: 32400  loss: 2.0793
2024/07/09 09:23:16 - mmengine - INFO - Epoch(train)  [4][175/185]  base_lr: 9.4550e-05 lr: 9.4550e-05  eta: 1:13:18  time: 2.5496  data_time: 0.0015  memory: 32400  loss: 2.1082
2024/07/09 09:23:40 - mmengine - INFO - Exp name: leafcaw_20240709_083652
2024/07/09 09:23:40 - mmengine - INFO - Saving checkpoint at 4 epochs
2024/07/09 09:26:43 - mmengine - INFO - Epoch(val) [4][10/10]    accuracy/top1: 58.4833  accuracy/top5: 79.8056  data_time: 1.1896  time: 15.7984
2024/07/09 09:28:41 - mmengine - INFO - Epoch(train)  [5][ 25/185]  base_lr: 9.0451e-05 lr: 9.0451e-05  eta: 1:12:49  time: 2.5642  data_time: 0.0026  memory: 48840  loss: 1.9408
2024/07/09 09:29:46 - mmengine - INFO - Epoch(train)  [5][ 50/185]  base_lr: 9.0451e-05 lr: 9.0451e-05  eta: 1:11:15  time: 2.6162  data_time: 0.0032  memory: 32400  loss: 1.9364
2024/07/09 09:30:50 - mmengine - INFO - Epoch(train)  [5][ 75/185]  base_lr: 9.0451e-05 lr: 9.0451e-05  eta: 1:09:42  time: 2.5695  data_time: 0.0032  memory: 32400  loss: 1.8960
2024/07/09 09:31:55 - mmengine - INFO - Epoch(train)  [5][100/185]  base_lr: 9.0451e-05 lr: 9.0451e-05  eta: 1:08:12  time: 2.5706  data_time: 0.0036  memory: 32400  loss: 1.9376
2024/07/09 09:32:59 - mmengine - INFO - Epoch(train)  [5][125/185]  base_lr: 9.0451e-05 lr: 9.0451e-05  eta: 1:06:42  time: 2.5667  data_time: 0.0030  memory: 32400  loss: 1.8938
2024/07/09 09:34:03 - mmengine - INFO - Epoch(train)  [5][150/185]  base_lr: 9.0451e-05 lr: 9.0451e-05  eta: 1:05:14  time: 2.5685  data_time: 0.0035  memory: 32400  loss: 1.8956
2024/07/09 09:35:07 - mmengine - INFO - Epoch(train)  [5][175/185]  base_lr: 9.0451e-05 lr: 9.0451e-05  eta: 1:03:46  time: 2.5502  data_time: 0.0019  memory: 32400  loss: 1.8874
2024/07/09 09:35:31 - mmengine - INFO - Exp name: leafcaw_20240709_083652
2024/07/09 09:35:31 - mmengine - INFO - Saving checkpoint at 5 epochs
2024/07/09 09:39:02 - mmengine - INFO - Epoch(val) [5][10/10]    accuracy/top1: 59.9764  accuracy/top5: 81.2342  data_time: 3.6116  time: 18.2050
2024/07/09 09:40:58 - mmengine - INFO - Epoch(train)  [6][ 25/185]  base_lr: 8.5355e-05 lr: 8.5355e-05  eta: 1:02:53  time: 2.5891  data_time: 0.0036  memory: 48840  loss: 1.7602
2024/07/09 09:42:02 - mmengine - INFO - Epoch(train)  [6][ 50/185]  base_lr: 8.5355e-05 lr: 8.5355e-05  eta: 1:01:26  time: 2.5723  data_time: 0.0032  memory: 32400  loss: 1.7828
2024/07/09 09:43:07 - mmengine - INFO - Exp name: leafcaw_20240709_083652
2024/07/09 09:43:07 - mmengine - INFO - Epoch(train)  [6][ 75/185]  base_lr: 8.5355e-05 lr: 8.5355e-05  eta: 1:00:00  time: 2.5640  data_time: 0.0048  memory: 32400  loss: 1.7243
2024/07/09 09:44:11 - mmengine - INFO - Epoch(train)  [6][100/185]  base_lr: 8.5355e-05 lr: 8.5355e-05  eta: 0:58:36  time: 2.5629  data_time: 0.0035  memory: 32400  loss: 1.7477
2024/07/09 09:45:16 - mmengine - INFO - Epoch(train)  [6][125/185]  base_lr: 8.5355e-05 lr: 8.5355e-05  eta: 0:57:12  time: 2.5992  data_time: 0.0036  memory: 32400  loss: 1.7297
2024/07/09 09:46:20 - mmengine - INFO - Epoch(train)  [6][150/185]  base_lr: 8.5355e-05 lr: 8.5355e-05  eta: 0:55:49  time: 2.5684  data_time: 0.0024  memory: 32400  loss: 1.7458
2024/07/09 09:47:24 - mmengine - INFO - Epoch(train)  [6][175/185]  base_lr: 8.5355e-05 lr: 8.5355e-05  eta: 0:54:27  time: 2.5598  data_time: 0.0020  memory: 32400  loss: 1.7136
2024/07/09 09:47:48 - mmengine - INFO - Exp name: leafcaw_20240709_083652
2024/07/09 09:47:48 - mmengine - INFO - Saving checkpoint at 6 epochs
2024/07/09 09:51:19 - mmengine - INFO - Epoch(val) [6][10/10]    accuracy/top1: 61.2761  accuracy/top5: 82.2171  data_time: 3.7128  time: 18.3441
2024/07/09 09:53:19 - mmengine - INFO - Epoch(train)  [7][ 25/185]  base_lr: 7.9389e-05 lr: 7.9389e-05  eta: 0:53:24  time: 2.6093  data_time: 0.0025  memory: 48840  loss: 1.6435
2024/07/09 09:54:23 - mmengine - INFO - Epoch(train)  [7][ 50/185]  base_lr: 7.9389e-05 lr: 7.9389e-05  eta: 0:52:02  time: 2.5796  data_time: 0.0026  memory: 32400  loss: 1.6306
2024/07/09 09:55:28 - mmengine - INFO - Epoch(train)  [7][ 75/185]  base_lr: 7.9389e-05 lr: 7.9389e-05  eta: 0:50:40  time: 2.5778  data_time: 0.0026  memory: 32400  loss: 1.6135
2024/07/09 09:56:33 - mmengine - INFO - Epoch(train)  [7][100/185]  base_lr: 7.9389e-05 lr: 7.9389e-05  eta: 0:49:20  time: 2.5836  data_time: 0.0026  memory: 32400  loss: 1.6487
2024/07/09 09:57:38 - mmengine - INFO - Epoch(train)  [7][125/185]  base_lr: 7.9389e-05 lr: 7.9389e-05  eta: 0:48:00  time: 2.6125  data_time: 0.0031  memory: 32400  loss: 1.6200
2024/07/09 09:58:42 - mmengine - INFO - Epoch(train)  [7][150/185]  base_lr: 7.9389e-05 lr: 7.9389e-05  eta: 0:46:40  time: 2.5684  data_time: 0.0021  memory: 32400  loss: 1.6141
2024/07/09 09:59:45 - mmengine - INFO - Epoch(train)  [7][175/185]  base_lr: 7.9389e-05 lr: 7.9389e-05  eta: 0:45:20  time: 2.5539  data_time: 0.0017  memory: 32400  loss: 1.5794
2024/07/09 10:00:10 - mmengine - INFO - Exp name: leafcaw_20240709_083652
2024/07/09 10:00:10 - mmengine - INFO - Saving checkpoint at 7 epochs
2024/07/09 10:03:14 - mmengine - INFO - Epoch(val) [7][10/10]    accuracy/top1: 61.9045  accuracy/top5: 82.9475  data_time: 1.2899  time: 15.9157
2024/07/09 10:05:10 - mmengine - INFO - Epoch(train)  [8][ 25/185]  base_lr: 7.2700e-05 lr: 7.2700e-05  eta: 0:44:05  time: 2.5807  data_time: 0.0030  memory: 48840  loss: 1.5190
2024/07/09 10:06:15 - mmengine - INFO - Epoch(train)  [8][ 50/185]  base_lr: 7.2700e-05 lr: 7.2700e-05  eta: 0:42:46  time: 2.5820  data_time: 0.0051  memory: 32400  loss: 1.5256
2024/07/09 10:07:20 - mmengine - INFO - Epoch(train)  [8][ 75/185]  base_lr: 7.2700e-05 lr: 7.2700e-05  eta: 0:41:27  time: 2.5711  data_time: 0.0027  memory: 32400  loss: 1.5430
2024/07/09 10:08:24 - mmengine - INFO - Epoch(train)  [8][100/185]  base_lr: 7.2700e-05 lr: 7.2700e-05  eta: 0:40:09  time: 2.5613  data_time: 0.0026  memory: 32400  loss: 1.5099
2024/07/09 10:09:28 - mmengine - INFO - Epoch(train)  [8][125/185]  base_lr: 7.2700e-05 lr: 7.2700e-05  eta: 0:38:51  time: 2.5691  data_time: 0.0029  memory: 32400  loss: 1.5109
2024/07/09 10:10:33 - mmengine - INFO - Epoch(train)  [8][150/185]  base_lr: 7.2700e-05 lr: 7.2700e-05  eta: 0:37:33  time: 2.5597  data_time: 0.0026  memory: 32400  loss: 1.5308
2024/07/09 10:11:37 - mmengine - INFO - Epoch(train)  [8][175/185]  base_lr: 7.2700e-05 lr: 7.2700e-05  eta: 0:36:16  time: 2.5640  data_time: 0.0020  memory: 32400  loss: 1.4843
2024/07/09 10:12:01 - mmengine - INFO - Exp name: leafcaw_20240709_083652
2024/07/09 10:12:01 - mmengine - INFO - Saving checkpoint at 8 epochs
2024/07/09 10:15:31 - mmengine - INFO - Epoch(val) [8][10/10]    accuracy/top1: 62.7907  accuracy/top5: 83.4040  data_time: 3.6264  time: 18.2485
2024/07/09 10:17:27 - mmengine - INFO - Epoch(train)  [9][ 25/185]  base_lr: 6.5451e-05 lr: 6.5451e-05  eta: 0:34:53  time: 2.5934  data_time: 0.0055  memory: 48840  loss: 1.4624
2024/07/09 10:18:32 - mmengine - INFO - Epoch(train)  [9][ 50/185]  base_lr: 6.5451e-05 lr: 6.5451e-05  eta: 0:33:36  time: 2.5864  data_time: 0.0030  memory: 32400  loss: 1.4587
2024/07/09 10:19:36 - mmengine - INFO - Epoch(train)  [9][ 75/185]  base_lr: 6.5451e-05 lr: 6.5451e-05  eta: 0:32:19  time: 2.5733  data_time: 0.0041  memory: 32400  loss: 1.4561
2024/07/09 10:20:41 - mmengine - INFO - Epoch(train)  [9][100/185]  base_lr: 6.5451e-05 lr: 6.5451e-05  eta: 0:31:03  time: 2.6043  data_time: 0.0031  memory: 32400  loss: 1.4431
2024/07/09 10:21:46 - mmengine - INFO - Epoch(train)  [9][125/185]  base_lr: 6.5451e-05 lr: 6.5451e-05  eta: 0:29:47  time: 2.6062  data_time: 0.0046  memory: 32400  loss: 1.4438
2024/07/09 10:22:51 - mmengine - INFO - Epoch(train)  [9][150/185]  base_lr: 6.5451e-05 lr: 6.5451e-05  eta: 0:28:32  time: 2.5638  data_time: 0.0021  memory: 32400  loss: 1.4420
2024/07/09 10:23:55 - mmengine - INFO - Epoch(train)  [9][175/185]  base_lr: 6.5451e-05 lr: 6.5451e-05  eta: 0:27:16  time: 2.5629  data_time: 0.0018  memory: 32400  loss: 1.4528
2024/07/09 10:24:19 - mmengine - INFO - Exp name: leafcaw_20240709_083652
2024/07/09 10:24:19 - mmengine - INFO - Saving checkpoint at 9 epochs
2024/07/09 10:27:23 - mmengine - INFO - Epoch(val) [9][10/10]    accuracy/top1: 63.1774  accuracy/top5: 83.8015  data_time: 1.2847  time: 15.9155
2024/07/09 10:29:19 - mmengine - INFO - Epoch(train) [10][ 25/185]  base_lr: 5.7822e-05 lr: 5.7822e-05  eta: 0:25:47  time: 2.5773  data_time: 0.0089  memory: 48840  loss: 1.3934
2024/07/09 10:30:23 - mmengine - INFO - Epoch(train) [10][ 50/185]  base_lr: 5.7822e-05 lr: 5.7822e-05  eta: 0:24:32  time: 2.5702  data_time: 0.0032  memory: 32400  loss: 1.4148
2024/07/09 10:31:28 - mmengine - INFO - Epoch(train) [10][ 75/185]  base_lr: 5.7822e-05 lr: 5.7822e-05  eta: 0:23:16  time: 2.5640  data_time: 0.0030  memory: 32400  loss: 1.4056
2024/07/09 10:32:33 - mmengine - INFO - Epoch(train) [10][100/185]  base_lr: 5.7822e-05 lr: 5.7822e-05  eta: 0:22:02  time: 2.5701  data_time: 0.0102  memory: 32400  loss: 1.3919
2024/07/09 10:33:38 - mmengine - INFO - Epoch(train) [10][125/185]  base_lr: 5.7822e-05 lr: 5.7822e-05  eta: 0:20:47  time: 2.5728  data_time: 0.0049  memory: 32400  loss: 1.3962
2024/07/09 10:34:42 - mmengine - INFO - Epoch(train) [10][150/185]  base_lr: 5.7822e-05 lr: 5.7822e-05  eta: 0:19:33  time: 2.5677  data_time: 0.0019  memory: 32400  loss: 1.3811
2024/07/09 10:35:47 - mmengine - INFO - Epoch(train) [10][175/185]  base_lr: 5.7822e-05 lr: 5.7822e-05  eta: 0:18:19  time: 2.5662  data_time: 0.0023  memory: 32400  loss: 1.3760
2024/07/09 10:36:11 - mmengine - INFO - Exp name: leafcaw_20240709_083652
2024/07/09 10:36:11 - mmengine - INFO - Saving checkpoint at 10 epochs
2024/07/09 10:39:43 - mmengine - INFO - Epoch(val) [10][10/10]    accuracy/top1: 63.6286  accuracy/top5: 84.0700  data_time: 3.6971  time: 18.2615
2024/07/09 10:41:37 - mmengine - INFO - Epoch(train) [11][ 25/185]  base_lr: 5.0000e-05 lr: 5.0000e-05  eta: 0:16:44  time: 2.5690  data_time: 0.0031  memory: 48840  loss: 1.3209
2024/07/09 10:42:42 - mmengine - INFO - Epoch(train) [11][ 50/185]  base_lr: 5.0000e-05 lr: 5.0000e-05  eta: 0:15:30  time: 2.5706  data_time: 0.0023  memory: 32400  loss: 1.3618
2024/07/09 10:43:46 - mmengine - INFO - Epoch(train) [11][ 75/185]  base_lr: 5.0000e-05 lr: 5.0000e-05  eta: 0:14:16  time: 2.6022  data_time: 0.0024  memory: 32400  loss: 1.3271
2024/07/09 10:44:50 - mmengine - INFO - Epoch(train) [11][100/185]  base_lr: 5.0000e-05 lr: 5.0000e-05  eta: 0:13:02  time: 2.5637  data_time: 0.0025  memory: 32400  loss: 1.3454
2024/07/09 10:45:55 - mmengine - INFO - Epoch(train) [11][125/185]  base_lr: 5.0000e-05 lr: 5.0000e-05  eta: 0:11:49  time: 2.5588  data_time: 0.0027  memory: 32400  loss: 1.3346
2024/07/09 10:46:59 - mmengine - INFO - Exp name: leafcaw_20240709_083652
2024/07/09 10:46:59 - mmengine - INFO - Epoch(train) [11][150/185]  base_lr: 5.0000e-05 lr: 5.0000e-05  eta: 0:10:36  time: 2.5534  data_time: 0.0021  memory: 32400  loss: 1.3494
2024/07/09 10:48:03 - mmengine - INFO - Epoch(train) [11][175/185]  base_lr: 5.0000e-05 lr: 5.0000e-05  eta: 0:09:23  time: 2.5535  data_time: 0.0018  memory: 32400  loss: 1.3459
2024/07/09 10:48:27 - mmengine - INFO - Exp name: leafcaw_20240709_083652
2024/07/09 10:48:27 - mmengine - INFO - Saving checkpoint at 11 epochs
2024/07/09 10:52:01 - mmengine - INFO - Epoch(val) [11][10/10]    accuracy/top1: 64.0045  accuracy/top5: 84.3977  data_time: 3.8349  time: 18.4392
2024/07/09 10:53:59 - mmengine - INFO - Epoch(train) [12][ 25/185]  base_lr: 4.2178e-05 lr: 4.2178e-05  eta: 0:07:45  time: 2.5697  data_time: 0.0039  memory: 48840  loss: 1.2890
2024/07/09 10:55:04 - mmengine - INFO - Epoch(train) [12][ 50/185]  base_lr: 4.2178e-05 lr: 4.2178e-05  eta: 0:06:31  time: 2.5927  data_time: 0.0050  memory: 32400  loss: 1.3107
2024/07/09 10:56:08 - mmengine - INFO - Epoch(train) [12][ 75/185]  base_lr: 4.2178e-05 lr: 4.2178e-05  eta: 0:05:18  time: 2.5728  data_time: 0.0055  memory: 32400  loss: 1.2853
2024/07/09 10:57:13 - mmengine - INFO - Epoch(train) [12][100/185]  base_lr: 4.2178e-05 lr: 4.2178e-05  eta: 0:04:06  time: 2.5761  data_time: 0.0057  memory: 32400  loss: 1.3262
2024/07/09 10:58:17 - mmengine - INFO - Epoch(train) [12][125/185]  base_lr: 4.2178e-05 lr: 4.2178e-05  eta: 0:02:53  time: 2.5762  data_time: 0.0035  memory: 32400  loss: 1.3026
2024/07/09 10:59:21 - mmengine - INFO - Epoch(train) [12][150/185]  base_lr: 4.2178e-05 lr: 4.2178e-05  eta: 0:01:41  time: 2.5560  data_time: 0.0023  memory: 32400  loss: 1.3099
2024/07/09 11:00:25 - mmengine - INFO - Epoch(train) [12][175/185]  base_lr: 4.2178e-05 lr: 4.2178e-05  eta: 0:00:28  time: 2.5551  data_time: 0.0025  memory: 32400  loss: 1.3191
2024/07/09 11:00:49 - mmengine - INFO - Exp name: leafcaw_20240709_083652
2024/07/09 11:00:49 - mmengine - INFO - Saving checkpoint at 12 epochs
2024/07/09 11:03:58 - mmengine - INFO - Epoch(val) [12][10/10]    accuracy/top1: 64.1764  accuracy/top5: 84.5427  data_time: 1.4407  time: 16.0563
