2024/07/21 13:15:03 - mmengine - INFO - 
------------------------------------------------------------
System environment:
    sys.platform: linux
    Python: 3.10.12 (main, Mar 22 2024, 16:50:05) [GCC 11.4.0]
    CUDA available: True
    MUSA available: False
    numpy_random_seed: 0
    GPU 0,1: NVIDIA A100-SXM4-80GB
    CUDA_HOME: /usr/local/cuda
    NVCC: Cuda compilation tools, release 12.3, V12.3.107
    GCC: x86_64-linux-gnu-gcc (Ubuntu 11.4.0-1ubuntu1~22.04) 11.4.0
    PyTorch: 2.3.1+cu121
    PyTorch compiling details: PyTorch built with:
  - GCC 9.3
  - C++ Version: 201703
  - Intel(R) oneAPI Math Kernel Library Version 2022.2-Product Build 20220804 for Intel(R) 64 architecture applications
  - Intel(R) MKL-DNN v3.3.6 (Git Hash 86e6af5974177e513fd3fee58425e1063e7f1361)
  - OpenMP 201511 (a.k.a. OpenMP 4.5)
  - LAPACK is enabled (usually provided by MKL)
  - NNPACK is enabled
  - CPU capability usage: AVX2
  - CUDA Runtime 12.1
  - NVCC architecture flags: -gencode;arch=compute_50,code=sm_50;-gencode;arch=compute_60,code=sm_60;-gencode;arch=compute_70,code=sm_70;-gencode;arch=compute_75,code=sm_75;-gencode;arch=compute_80,code=sm_80;-gencode;arch=compute_86,code=sm_86;-gencode;arch=compute_90,code=sm_90
  - CuDNN 8.9.2
  - Magma 2.6.1
  - Build settings: BLAS_INFO=mkl, BUILD_TYPE=Release, CUDA_VERSION=12.1, CUDNN_VERSION=8.9.2, CXX_COMPILER=/opt/rh/devtoolset-9/root/usr/bin/c++, CXX_FLAGS= -D_GLIBCXX_USE_CXX11_ABI=0 -fabi-version=11 -fvisibility-inlines-hidden -DUSE_PTHREADPOOL -DNDEBUG -DUSE_KINETO -DLIBKINETO_NOROCTRACER -DUSE_FBGEMM -DUSE_QNNPACK -DUSE_PYTORCH_QNNPACK -DUSE_XNNPACK -DSYMBOLICATE_MOBILE_DEBUG_HANDLE -O2 -fPIC -Wall -Wextra -Werror=return-type -Werror=non-virtual-dtor -Werror=bool-operation -Wnarrowing -Wno-missing-field-initializers -Wno-type-limits -Wno-array-bounds -Wno-unknown-pragmas -Wno-unused-parameter -Wno-unused-function -Wno-unused-result -Wno-strict-overflow -Wno-strict-aliasing -Wno-stringop-overflow -Wsuggest-override -Wno-psabi -Wno-error=pedantic -Wno-error=old-style-cast -Wno-missing-braces -fdiagnostics-color=always -faligned-new -Wno-unused-but-set-variable -Wno-maybe-uninitialized -fno-math-errno -fno-trapping-math -Werror=format -Wno-stringop-overflow, LAPACK_INFO=mkl, PERF_WITH_AVX=1, PERF_WITH_AVX2=1, PERF_WITH_AVX512=1, TORCH_VERSION=2.3.1, USE_CUDA=ON, USE_CUDNN=ON, USE_CUSPARSELT=1, USE_EXCEPTION_PTR=1, USE_GFLAGS=OFF, USE_GLOG=OFF, USE_GLOO=ON, USE_MKL=ON, USE_MKLDNN=ON, USE_MPI=OFF, USE_NCCL=1, USE_NNPACK=ON, USE_OPENMP=ON, USE_ROCM=OFF, USE_ROCM_KERNEL_ASSERT=OFF, 

    TorchVision: 0.18.1+cu121
    OpenCV: 4.10.0
    MMEngine: 0.10.4

Runtime environment:
    cudnn_benchmark: False
    mp_cfg: {'mp_start_method': 'fork', 'opencv_num_threads': 0}
    dist_cfg: {'backend': 'nccl'}
    seed: 0
    deterministic: True
    Distributed launcher: pytorch
    Distributed training: True
    GPU number: 2
------------------------------------------------------------

2024/07/21 13:15:03 - mmengine - INFO - Config:
auto_scale_lr = dict(base_batch_size=1024)
data_dir = '/mnt/data'
data_preprocessor = dict(
    mean=[
        123.675,
        116.28,
        103.53,
    ],
    num_classes=7806,
    std=[
        58.395,
        57.12,
        57.375,
    ],
    to_rgb=True)
default_hooks = dict(
    checkpoint=dict(interval=1, max_keep_ckpts=5, type='CheckpointHook'),
    logger=dict(interval=25, type='LoggerHook'),
    param_scheduler=dict(type='ParamSchedulerHook'),
    sampler_seed=dict(type='DistSamplerSeedHook'),
    timer=dict(type='IterTimerHook'),
    visualization=dict(enable=False, type='VisualizationHook'))
default_scope = 'mmpretrain'
env_cfg = dict(
    cudnn_benchmark=False,
    dist_cfg=dict(backend='nccl'),
    mp_cfg=dict(mp_start_method='fork', opencv_num_threads=0))
launcher = 'pytorch'
load_from = None
log_level = 'INFO'
model = dict(
    backbone=dict(
        arch='base',
        frozen_stages=0,
        img_size=518,
        init_cfg=dict(
            checkpoint=
            'https://download.openmmlab.com/mmpretrain/v1.0/dinov2/vit-base-p14_dinov2-pre_3rdparty_20230426-ba246503.pth',
            prefix='backbone',
            type='Pretrained'),
        layer_scale_init_value=1e-05,
        patch_size=14,
        type='VisionTransformer'),
    head=dict(
        in_channels=768,
        init_cfg=dict(
            checkpoint='/mnt/data/saved/20240709_083652_leafcaw_new.pth',
            prefix='head',
            type='Pretrained'),
        loss=dict(type='CrossEntropyLoss'),
        num_classes=7806,
        topk=(
            1,
            5,
        ),
        type='VisionTransformerClsHead'),
    neck=None,
    type='ImageClassifier')
optim_wrapper = dict(
    loss_scale='dynamic',
    optimizer=dict(lr=1e-05, type='AdamW', weight_decay=0.05),
    paramwise_cfg=dict(
        custom_keys=dict(
            cls_token=dict(decay_mult=0.0), mask_token=dict(decay_mult=0.0))),
    type='AmpOptimWrapper')
param_scheduler = [
    dict(T_max=20, by_epoch=True, type='CosineAnnealingLR'),
]
randomness = dict(deterministic=True, seed=0)
resume = False
test_cfg = dict()
test_dataloader = dict(
    batch_size=1024,
    collate_fn=dict(type='default_collate'),
    dataset=dict(
        ann_file='annotation/test_2.txt',
        data_prefix='/mnt/data',
        pipeline=[
            dict(type='LoadImageFromFile'),
            dict(
                backend='pillow',
                edge='short',
                interpolation='bicubic',
                scale=518,
                type='ResizeEdge'),
            dict(crop_size=518, type='CenterCrop'),
            dict(type='PackInputs'),
        ],
        type='CustomDataset'),
    num_workers=28,
    persistent_workers=True,
    pin_memory=True,
    sampler=dict(shuffle=True, type='DefaultSampler'))
test_evaluator = [
    dict(topk=(
        1,
        5,
    ), type='Accuracy'),
    dict(type='SingleLabelMetric'),
]
test_pipeline = [
    dict(type='LoadImageFromFile'),
    dict(
        backend='pillow',
        edge='short',
        interpolation='bicubic',
        scale=518,
        type='ResizeEdge'),
    dict(crop_size=518, type='CenterCrop'),
    dict(type='PackInputs'),
]
train_cfg = dict(by_epoch=True, max_epochs=12, val_interval=1)
train_dataloader = dict(
    batch_size=128,
    collate_fn=dict(type='default_collate'),
    dataset=dict(
        ann_file='annotation/train_2.txt',
        data_prefix='/mnt/data',
        pipeline=[
            dict(type='LoadImageFromFile'),
            dict(
                backend='pillow',
                edge='short',
                interpolation='bicubic',
                scale=518,
                type='ResizeEdge'),
            dict(crop_size=518, type='CenterCrop'),
            dict(type='PackInputs'),
        ],
        type='CustomDataset'),
    num_workers=28,
    persistent_workers=True,
    pin_memory=True,
    sampler=dict(shuffle=True, type='DefaultSampler'))
train_pipeline = [
    dict(type='LoadImageFromFile'),
    dict(
        backend='pillow',
        interpolation='bicubic',
        scale=518,
        type='RandomResizedCrop'),
    dict(direction='horizontal', prob=0.5, type='RandomFlip'),
    dict(type='PackInputs'),
]
val_cfg = dict()
val_dataloader = dict(
    batch_size=128,
    collate_fn=dict(type='default_collate'),
    dataset=dict(
        ann_file='annotation/val_2.txt',
        data_prefix='/mnt/data',
        pipeline=[
            dict(type='LoadImageFromFile'),
            dict(
                backend='pillow',
                edge='short',
                interpolation='bicubic',
                scale=518,
                type='ResizeEdge'),
            dict(crop_size=518, type='CenterCrop'),
            dict(type='PackInputs'),
        ],
        type='CustomDataset'),
    num_workers=28,
    persistent_workers=True,
    pin_memory=True,
    sampler=dict(shuffle=True, type='DefaultSampler'))
val_evaluator = dict(
    topk=(
        1,
        5,
    ), type='Accuracy')
vis_backends = [
    dict(type='LocalVisBackend'),
]
visualizer = dict(
    type='UniversalVisualizer', vis_backends=[
        dict(type='LocalVisBackend'),
    ])
work_dir = './work_dirs/finetune'

2024/07/21 13:15:04 - mmengine - INFO - Hooks will be executed in the following order:
before_run:
(VERY_HIGH   ) RuntimeInfoHook                    
(BELOW_NORMAL) LoggerHook                         
 -------------------- 
before_train:
(VERY_HIGH   ) RuntimeInfoHook                    
(NORMAL      ) IterTimerHook                      
(VERY_LOW    ) CheckpointHook                     
 -------------------- 
before_train_epoch:
(VERY_HIGH   ) RuntimeInfoHook                    
(NORMAL      ) IterTimerHook                      
(NORMAL      ) DistSamplerSeedHook                
 -------------------- 
before_train_iter:
(VERY_HIGH   ) RuntimeInfoHook                    
(NORMAL      ) IterTimerHook                      
 -------------------- 
after_train_iter:
(VERY_HIGH   ) RuntimeInfoHook                    
(NORMAL      ) IterTimerHook                      
(BELOW_NORMAL) LoggerHook                         
(LOW         ) ParamSchedulerHook                 
(VERY_LOW    ) CheckpointHook                     
 -------------------- 
after_train_epoch:
(NORMAL      ) IterTimerHook                      
(LOW         ) ParamSchedulerHook                 
(VERY_LOW    ) CheckpointHook                     
 -------------------- 
before_val:
(VERY_HIGH   ) RuntimeInfoHook                    
 -------------------- 
before_val_epoch:
(NORMAL      ) IterTimerHook                      
 -------------------- 
before_val_iter:
(NORMAL      ) IterTimerHook                      
 -------------------- 
after_val_iter:
(NORMAL      ) IterTimerHook                      
(NORMAL      ) VisualizationHook                  
(BELOW_NORMAL) LoggerHook                         
 -------------------- 
after_val_epoch:
(VERY_HIGH   ) RuntimeInfoHook                    
(NORMAL      ) IterTimerHook                      
(BELOW_NORMAL) LoggerHook                         
(LOW         ) ParamSchedulerHook                 
(VERY_LOW    ) CheckpointHook                     
 -------------------- 
after_val:
(VERY_HIGH   ) RuntimeInfoHook                    
 -------------------- 
after_train:
(VERY_HIGH   ) RuntimeInfoHook                    
(VERY_LOW    ) CheckpointHook                     
 -------------------- 
before_test:
(VERY_HIGH   ) RuntimeInfoHook                    
 -------------------- 
before_test_epoch:
(NORMAL      ) IterTimerHook                      
 -------------------- 
before_test_iter:
(NORMAL      ) IterTimerHook                      
 -------------------- 
after_test_iter:
(NORMAL      ) IterTimerHook                      
(NORMAL      ) VisualizationHook                  
(BELOW_NORMAL) LoggerHook                         
 -------------------- 
after_test_epoch:
(VERY_HIGH   ) RuntimeInfoHook                    
(NORMAL      ) IterTimerHook                      
(BELOW_NORMAL) LoggerHook                         
 -------------------- 
after_test:
(VERY_HIGH   ) RuntimeInfoHook                    
 -------------------- 
after_run:
(BELOW_NORMAL) LoggerHook                         
 -------------------- 
2024/07/21 13:15:07 - mmengine - INFO - paramwise_options -- backbone.cls_token:lr=1e-05
2024/07/21 13:15:07 - mmengine - INFO - paramwise_options -- backbone.cls_token:weight_decay=0.0
2024/07/21 13:15:07 - mmengine - INFO - paramwise_options -- backbone.cls_token:decay_mult=0.0
2024/07/21 13:15:07 - mmengine - INFO - load backbone in model from: https://download.openmmlab.com/mmpretrain/v1.0/dinov2/vit-base-p14_dinov2-pre_3rdparty_20230426-ba246503.pth
2024/07/21 13:15:08 - mmengine - WARNING - The model and loaded state dict do not match exactly

unexpected key in source state_dict: mask_token

2024/07/21 13:15:08 - mmengine - INFO - load head in model from: /mnt/data/saved/20240709_083652_leafcaw_new.pth
Name of parameter - Initialization information

backbone.cls_token - torch.Size([1, 1, 768]): 
PretrainedInit: load from https://download.openmmlab.com/mmpretrain/v1.0/dinov2/vit-base-p14_dinov2-pre_3rdparty_20230426-ba246503.pth 

backbone.pos_embed - torch.Size([1, 1370, 768]): 
PretrainedInit: load from https://download.openmmlab.com/mmpretrain/v1.0/dinov2/vit-base-p14_dinov2-pre_3rdparty_20230426-ba246503.pth 

backbone.patch_embed.projection.weight - torch.Size([768, 3, 14, 14]): 
PretrainedInit: load from https://download.openmmlab.com/mmpretrain/v1.0/dinov2/vit-base-p14_dinov2-pre_3rdparty_20230426-ba246503.pth 

backbone.patch_embed.projection.bias - torch.Size([768]): 
PretrainedInit: load from https://download.openmmlab.com/mmpretrain/v1.0/dinov2/vit-base-p14_dinov2-pre_3rdparty_20230426-ba246503.pth 

backbone.layers.0.ln1.weight - torch.Size([768]): 
PretrainedInit: load from https://download.openmmlab.com/mmpretrain/v1.0/dinov2/vit-base-p14_dinov2-pre_3rdparty_20230426-ba246503.pth 

backbone.layers.0.ln1.bias - torch.Size([768]): 
PretrainedInit: load from https://download.openmmlab.com/mmpretrain/v1.0/dinov2/vit-base-p14_dinov2-pre_3rdparty_20230426-ba246503.pth 

backbone.layers.0.attn.qkv.weight - torch.Size([2304, 768]): 
PretrainedInit: load from https://download.openmmlab.com/mmpretrain/v1.0/dinov2/vit-base-p14_dinov2-pre_3rdparty_20230426-ba246503.pth 

backbone.layers.0.attn.qkv.bias - torch.Size([2304]): 
PretrainedInit: load from https://download.openmmlab.com/mmpretrain/v1.0/dinov2/vit-base-p14_dinov2-pre_3rdparty_20230426-ba246503.pth 

backbone.layers.0.attn.proj.weight - torch.Size([768, 768]): 
PretrainedInit: load from https://download.openmmlab.com/mmpretrain/v1.0/dinov2/vit-base-p14_dinov2-pre_3rdparty_20230426-ba246503.pth 

backbone.layers.0.attn.proj.bias - torch.Size([768]): 
PretrainedInit: load from https://download.openmmlab.com/mmpretrain/v1.0/dinov2/vit-base-p14_dinov2-pre_3rdparty_20230426-ba246503.pth 

backbone.layers.0.attn.gamma1.weight - torch.Size([768]): 
PretrainedInit: load from https://download.openmmlab.com/mmpretrain/v1.0/dinov2/vit-base-p14_dinov2-pre_3rdparty_20230426-ba246503.pth 

backbone.layers.0.ln2.weight - torch.Size([768]): 
PretrainedInit: load from https://download.openmmlab.com/mmpretrain/v1.0/dinov2/vit-base-p14_dinov2-pre_3rdparty_20230426-ba246503.pth 

backbone.layers.0.ln2.bias - torch.Size([768]): 
PretrainedInit: load from https://download.openmmlab.com/mmpretrain/v1.0/dinov2/vit-base-p14_dinov2-pre_3rdparty_20230426-ba246503.pth 

backbone.layers.0.ffn.layers.0.0.weight - torch.Size([3072, 768]): 
PretrainedInit: load from https://download.openmmlab.com/mmpretrain/v1.0/dinov2/vit-base-p14_dinov2-pre_3rdparty_20230426-ba246503.pth 

backbone.layers.0.ffn.layers.0.0.bias - torch.Size([3072]): 
PretrainedInit: load from https://download.openmmlab.com/mmpretrain/v1.0/dinov2/vit-base-p14_dinov2-pre_3rdparty_20230426-ba246503.pth 

backbone.layers.0.ffn.layers.1.weight - torch.Size([768, 3072]): 
PretrainedInit: load from https://download.openmmlab.com/mmpretrain/v1.0/dinov2/vit-base-p14_dinov2-pre_3rdparty_20230426-ba246503.pth 

backbone.layers.0.ffn.layers.1.bias - torch.Size([768]): 
PretrainedInit: load from https://download.openmmlab.com/mmpretrain/v1.0/dinov2/vit-base-p14_dinov2-pre_3rdparty_20230426-ba246503.pth 

backbone.layers.0.ffn.gamma2.weight - torch.Size([768]): 
PretrainedInit: load from https://download.openmmlab.com/mmpretrain/v1.0/dinov2/vit-base-p14_dinov2-pre_3rdparty_20230426-ba246503.pth 

backbone.layers.1.ln1.weight - torch.Size([768]): 
PretrainedInit: load from https://download.openmmlab.com/mmpretrain/v1.0/dinov2/vit-base-p14_dinov2-pre_3rdparty_20230426-ba246503.pth 

backbone.layers.1.ln1.bias - torch.Size([768]): 
PretrainedInit: load from https://download.openmmlab.com/mmpretrain/v1.0/dinov2/vit-base-p14_dinov2-pre_3rdparty_20230426-ba246503.pth 

backbone.layers.1.attn.qkv.weight - torch.Size([2304, 768]): 
PretrainedInit: load from https://download.openmmlab.com/mmpretrain/v1.0/dinov2/vit-base-p14_dinov2-pre_3rdparty_20230426-ba246503.pth 

backbone.layers.1.attn.qkv.bias - torch.Size([2304]): 
PretrainedInit: load from https://download.openmmlab.com/mmpretrain/v1.0/dinov2/vit-base-p14_dinov2-pre_3rdparty_20230426-ba246503.pth 

backbone.layers.1.attn.proj.weight - torch.Size([768, 768]): 
PretrainedInit: load from https://download.openmmlab.com/mmpretrain/v1.0/dinov2/vit-base-p14_dinov2-pre_3rdparty_20230426-ba246503.pth 

backbone.layers.1.attn.proj.bias - torch.Size([768]): 
PretrainedInit: load from https://download.openmmlab.com/mmpretrain/v1.0/dinov2/vit-base-p14_dinov2-pre_3rdparty_20230426-ba246503.pth 

backbone.layers.1.attn.gamma1.weight - torch.Size([768]): 
PretrainedInit: load from https://download.openmmlab.com/mmpretrain/v1.0/dinov2/vit-base-p14_dinov2-pre_3rdparty_20230426-ba246503.pth 

backbone.layers.1.ln2.weight - torch.Size([768]): 
PretrainedInit: load from https://download.openmmlab.com/mmpretrain/v1.0/dinov2/vit-base-p14_dinov2-pre_3rdparty_20230426-ba246503.pth 

backbone.layers.1.ln2.bias - torch.Size([768]): 
PretrainedInit: load from https://download.openmmlab.com/mmpretrain/v1.0/dinov2/vit-base-p14_dinov2-pre_3rdparty_20230426-ba246503.pth 

backbone.layers.1.ffn.layers.0.0.weight - torch.Size([3072, 768]): 
PretrainedInit: load from https://download.openmmlab.com/mmpretrain/v1.0/dinov2/vit-base-p14_dinov2-pre_3rdparty_20230426-ba246503.pth 

backbone.layers.1.ffn.layers.0.0.bias - torch.Size([3072]): 
PretrainedInit: load from https://download.openmmlab.com/mmpretrain/v1.0/dinov2/vit-base-p14_dinov2-pre_3rdparty_20230426-ba246503.pth 

backbone.layers.1.ffn.layers.1.weight - torch.Size([768, 3072]): 
PretrainedInit: load from https://download.openmmlab.com/mmpretrain/v1.0/dinov2/vit-base-p14_dinov2-pre_3rdparty_20230426-ba246503.pth 

backbone.layers.1.ffn.layers.1.bias - torch.Size([768]): 
PretrainedInit: load from https://download.openmmlab.com/mmpretrain/v1.0/dinov2/vit-base-p14_dinov2-pre_3rdparty_20230426-ba246503.pth 

backbone.layers.1.ffn.gamma2.weight - torch.Size([768]): 
PretrainedInit: load from https://download.openmmlab.com/mmpretrain/v1.0/dinov2/vit-base-p14_dinov2-pre_3rdparty_20230426-ba246503.pth 

backbone.layers.2.ln1.weight - torch.Size([768]): 
PretrainedInit: load from https://download.openmmlab.com/mmpretrain/v1.0/dinov2/vit-base-p14_dinov2-pre_3rdparty_20230426-ba246503.pth 

backbone.layers.2.ln1.bias - torch.Size([768]): 
PretrainedInit: load from https://download.openmmlab.com/mmpretrain/v1.0/dinov2/vit-base-p14_dinov2-pre_3rdparty_20230426-ba246503.pth 

backbone.layers.2.attn.qkv.weight - torch.Size([2304, 768]): 
PretrainedInit: load from https://download.openmmlab.com/mmpretrain/v1.0/dinov2/vit-base-p14_dinov2-pre_3rdparty_20230426-ba246503.pth 

backbone.layers.2.attn.qkv.bias - torch.Size([2304]): 
PretrainedInit: load from https://download.openmmlab.com/mmpretrain/v1.0/dinov2/vit-base-p14_dinov2-pre_3rdparty_20230426-ba246503.pth 

backbone.layers.2.attn.proj.weight - torch.Size([768, 768]): 
PretrainedInit: load from https://download.openmmlab.com/mmpretrain/v1.0/dinov2/vit-base-p14_dinov2-pre_3rdparty_20230426-ba246503.pth 

backbone.layers.2.attn.proj.bias - torch.Size([768]): 
PretrainedInit: load from https://download.openmmlab.com/mmpretrain/v1.0/dinov2/vit-base-p14_dinov2-pre_3rdparty_20230426-ba246503.pth 

backbone.layers.2.attn.gamma1.weight - torch.Size([768]): 
PretrainedInit: load from https://download.openmmlab.com/mmpretrain/v1.0/dinov2/vit-base-p14_dinov2-pre_3rdparty_20230426-ba246503.pth 

backbone.layers.2.ln2.weight - torch.Size([768]): 
PretrainedInit: load from https://download.openmmlab.com/mmpretrain/v1.0/dinov2/vit-base-p14_dinov2-pre_3rdparty_20230426-ba246503.pth 

backbone.layers.2.ln2.bias - torch.Size([768]): 
PretrainedInit: load from https://download.openmmlab.com/mmpretrain/v1.0/dinov2/vit-base-p14_dinov2-pre_3rdparty_20230426-ba246503.pth 

backbone.layers.2.ffn.layers.0.0.weight - torch.Size([3072, 768]): 
PretrainedInit: load from https://download.openmmlab.com/mmpretrain/v1.0/dinov2/vit-base-p14_dinov2-pre_3rdparty_20230426-ba246503.pth 

backbone.layers.2.ffn.layers.0.0.bias - torch.Size([3072]): 
PretrainedInit: load from https://download.openmmlab.com/mmpretrain/v1.0/dinov2/vit-base-p14_dinov2-pre_3rdparty_20230426-ba246503.pth 

backbone.layers.2.ffn.layers.1.weight - torch.Size([768, 3072]): 
PretrainedInit: load from https://download.openmmlab.com/mmpretrain/v1.0/dinov2/vit-base-p14_dinov2-pre_3rdparty_20230426-ba246503.pth 

backbone.layers.2.ffn.layers.1.bias - torch.Size([768]): 
PretrainedInit: load from https://download.openmmlab.com/mmpretrain/v1.0/dinov2/vit-base-p14_dinov2-pre_3rdparty_20230426-ba246503.pth 

backbone.layers.2.ffn.gamma2.weight - torch.Size([768]): 
PretrainedInit: load from https://download.openmmlab.com/mmpretrain/v1.0/dinov2/vit-base-p14_dinov2-pre_3rdparty_20230426-ba246503.pth 

backbone.layers.3.ln1.weight - torch.Size([768]): 
PretrainedInit: load from https://download.openmmlab.com/mmpretrain/v1.0/dinov2/vit-base-p14_dinov2-pre_3rdparty_20230426-ba246503.pth 

backbone.layers.3.ln1.bias - torch.Size([768]): 
PretrainedInit: load from https://download.openmmlab.com/mmpretrain/v1.0/dinov2/vit-base-p14_dinov2-pre_3rdparty_20230426-ba246503.pth 

backbone.layers.3.attn.qkv.weight - torch.Size([2304, 768]): 
PretrainedInit: load from https://download.openmmlab.com/mmpretrain/v1.0/dinov2/vit-base-p14_dinov2-pre_3rdparty_20230426-ba246503.pth 

backbone.layers.3.attn.qkv.bias - torch.Size([2304]): 
PretrainedInit: load from https://download.openmmlab.com/mmpretrain/v1.0/dinov2/vit-base-p14_dinov2-pre_3rdparty_20230426-ba246503.pth 

backbone.layers.3.attn.proj.weight - torch.Size([768, 768]): 
PretrainedInit: load from https://download.openmmlab.com/mmpretrain/v1.0/dinov2/vit-base-p14_dinov2-pre_3rdparty_20230426-ba246503.pth 

backbone.layers.3.attn.proj.bias - torch.Size([768]): 
PretrainedInit: load from https://download.openmmlab.com/mmpretrain/v1.0/dinov2/vit-base-p14_dinov2-pre_3rdparty_20230426-ba246503.pth 

backbone.layers.3.attn.gamma1.weight - torch.Size([768]): 
PretrainedInit: load from https://download.openmmlab.com/mmpretrain/v1.0/dinov2/vit-base-p14_dinov2-pre_3rdparty_20230426-ba246503.pth 

backbone.layers.3.ln2.weight - torch.Size([768]): 
PretrainedInit: load from https://download.openmmlab.com/mmpretrain/v1.0/dinov2/vit-base-p14_dinov2-pre_3rdparty_20230426-ba246503.pth 

backbone.layers.3.ln2.bias - torch.Size([768]): 
PretrainedInit: load from https://download.openmmlab.com/mmpretrain/v1.0/dinov2/vit-base-p14_dinov2-pre_3rdparty_20230426-ba246503.pth 

backbone.layers.3.ffn.layers.0.0.weight - torch.Size([3072, 768]): 
PretrainedInit: load from https://download.openmmlab.com/mmpretrain/v1.0/dinov2/vit-base-p14_dinov2-pre_3rdparty_20230426-ba246503.pth 

backbone.layers.3.ffn.layers.0.0.bias - torch.Size([3072]): 
PretrainedInit: load from https://download.openmmlab.com/mmpretrain/v1.0/dinov2/vit-base-p14_dinov2-pre_3rdparty_20230426-ba246503.pth 

backbone.layers.3.ffn.layers.1.weight - torch.Size([768, 3072]): 
PretrainedInit: load from https://download.openmmlab.com/mmpretrain/v1.0/dinov2/vit-base-p14_dinov2-pre_3rdparty_20230426-ba246503.pth 

backbone.layers.3.ffn.layers.1.bias - torch.Size([768]): 
PretrainedInit: load from https://download.openmmlab.com/mmpretrain/v1.0/dinov2/vit-base-p14_dinov2-pre_3rdparty_20230426-ba246503.pth 

backbone.layers.3.ffn.gamma2.weight - torch.Size([768]): 
PretrainedInit: load from https://download.openmmlab.com/mmpretrain/v1.0/dinov2/vit-base-p14_dinov2-pre_3rdparty_20230426-ba246503.pth 

backbone.layers.4.ln1.weight - torch.Size([768]): 
PretrainedInit: load from https://download.openmmlab.com/mmpretrain/v1.0/dinov2/vit-base-p14_dinov2-pre_3rdparty_20230426-ba246503.pth 

backbone.layers.4.ln1.bias - torch.Size([768]): 
PretrainedInit: load from https://download.openmmlab.com/mmpretrain/v1.0/dinov2/vit-base-p14_dinov2-pre_3rdparty_20230426-ba246503.pth 

backbone.layers.4.attn.qkv.weight - torch.Size([2304, 768]): 
PretrainedInit: load from https://download.openmmlab.com/mmpretrain/v1.0/dinov2/vit-base-p14_dinov2-pre_3rdparty_20230426-ba246503.pth 

backbone.layers.4.attn.qkv.bias - torch.Size([2304]): 
PretrainedInit: load from https://download.openmmlab.com/mmpretrain/v1.0/dinov2/vit-base-p14_dinov2-pre_3rdparty_20230426-ba246503.pth 

backbone.layers.4.attn.proj.weight - torch.Size([768, 768]): 
PretrainedInit: load from https://download.openmmlab.com/mmpretrain/v1.0/dinov2/vit-base-p14_dinov2-pre_3rdparty_20230426-ba246503.pth 

backbone.layers.4.attn.proj.bias - torch.Size([768]): 
PretrainedInit: load from https://download.openmmlab.com/mmpretrain/v1.0/dinov2/vit-base-p14_dinov2-pre_3rdparty_20230426-ba246503.pth 

backbone.layers.4.attn.gamma1.weight - torch.Size([768]): 
PretrainedInit: load from https://download.openmmlab.com/mmpretrain/v1.0/dinov2/vit-base-p14_dinov2-pre_3rdparty_20230426-ba246503.pth 

backbone.layers.4.ln2.weight - torch.Size([768]): 
PretrainedInit: load from https://download.openmmlab.com/mmpretrain/v1.0/dinov2/vit-base-p14_dinov2-pre_3rdparty_20230426-ba246503.pth 

backbone.layers.4.ln2.bias - torch.Size([768]): 
PretrainedInit: load from https://download.openmmlab.com/mmpretrain/v1.0/dinov2/vit-base-p14_dinov2-pre_3rdparty_20230426-ba246503.pth 

backbone.layers.4.ffn.layers.0.0.weight - torch.Size([3072, 768]): 
PretrainedInit: load from https://download.openmmlab.com/mmpretrain/v1.0/dinov2/vit-base-p14_dinov2-pre_3rdparty_20230426-ba246503.pth 

backbone.layers.4.ffn.layers.0.0.bias - torch.Size([3072]): 
PretrainedInit: load from https://download.openmmlab.com/mmpretrain/v1.0/dinov2/vit-base-p14_dinov2-pre_3rdparty_20230426-ba246503.pth 

backbone.layers.4.ffn.layers.1.weight - torch.Size([768, 3072]): 
PretrainedInit: load from https://download.openmmlab.com/mmpretrain/v1.0/dinov2/vit-base-p14_dinov2-pre_3rdparty_20230426-ba246503.pth 

backbone.layers.4.ffn.layers.1.bias - torch.Size([768]): 
PretrainedInit: load from https://download.openmmlab.com/mmpretrain/v1.0/dinov2/vit-base-p14_dinov2-pre_3rdparty_20230426-ba246503.pth 

backbone.layers.4.ffn.gamma2.weight - torch.Size([768]): 
PretrainedInit: load from https://download.openmmlab.com/mmpretrain/v1.0/dinov2/vit-base-p14_dinov2-pre_3rdparty_20230426-ba246503.pth 

backbone.layers.5.ln1.weight - torch.Size([768]): 
PretrainedInit: load from https://download.openmmlab.com/mmpretrain/v1.0/dinov2/vit-base-p14_dinov2-pre_3rdparty_20230426-ba246503.pth 

backbone.layers.5.ln1.bias - torch.Size([768]): 
PretrainedInit: load from https://download.openmmlab.com/mmpretrain/v1.0/dinov2/vit-base-p14_dinov2-pre_3rdparty_20230426-ba246503.pth 

backbone.layers.5.attn.qkv.weight - torch.Size([2304, 768]): 
PretrainedInit: load from https://download.openmmlab.com/mmpretrain/v1.0/dinov2/vit-base-p14_dinov2-pre_3rdparty_20230426-ba246503.pth 

backbone.layers.5.attn.qkv.bias - torch.Size([2304]): 
PretrainedInit: load from https://download.openmmlab.com/mmpretrain/v1.0/dinov2/vit-base-p14_dinov2-pre_3rdparty_20230426-ba246503.pth 

backbone.layers.5.attn.proj.weight - torch.Size([768, 768]): 
PretrainedInit: load from https://download.openmmlab.com/mmpretrain/v1.0/dinov2/vit-base-p14_dinov2-pre_3rdparty_20230426-ba246503.pth 

backbone.layers.5.attn.proj.bias - torch.Size([768]): 
PretrainedInit: load from https://download.openmmlab.com/mmpretrain/v1.0/dinov2/vit-base-p14_dinov2-pre_3rdparty_20230426-ba246503.pth 

backbone.layers.5.attn.gamma1.weight - torch.Size([768]): 
PretrainedInit: load from https://download.openmmlab.com/mmpretrain/v1.0/dinov2/vit-base-p14_dinov2-pre_3rdparty_20230426-ba246503.pth 

backbone.layers.5.ln2.weight - torch.Size([768]): 
PretrainedInit: load from https://download.openmmlab.com/mmpretrain/v1.0/dinov2/vit-base-p14_dinov2-pre_3rdparty_20230426-ba246503.pth 

backbone.layers.5.ln2.bias - torch.Size([768]): 
PretrainedInit: load from https://download.openmmlab.com/mmpretrain/v1.0/dinov2/vit-base-p14_dinov2-pre_3rdparty_20230426-ba246503.pth 

backbone.layers.5.ffn.layers.0.0.weight - torch.Size([3072, 768]): 
PretrainedInit: load from https://download.openmmlab.com/mmpretrain/v1.0/dinov2/vit-base-p14_dinov2-pre_3rdparty_20230426-ba246503.pth 

backbone.layers.5.ffn.layers.0.0.bias - torch.Size([3072]): 
PretrainedInit: load from https://download.openmmlab.com/mmpretrain/v1.0/dinov2/vit-base-p14_dinov2-pre_3rdparty_20230426-ba246503.pth 

backbone.layers.5.ffn.layers.1.weight - torch.Size([768, 3072]): 
PretrainedInit: load from https://download.openmmlab.com/mmpretrain/v1.0/dinov2/vit-base-p14_dinov2-pre_3rdparty_20230426-ba246503.pth 

backbone.layers.5.ffn.layers.1.bias - torch.Size([768]): 
PretrainedInit: load from https://download.openmmlab.com/mmpretrain/v1.0/dinov2/vit-base-p14_dinov2-pre_3rdparty_20230426-ba246503.pth 

backbone.layers.5.ffn.gamma2.weight - torch.Size([768]): 
PretrainedInit: load from https://download.openmmlab.com/mmpretrain/v1.0/dinov2/vit-base-p14_dinov2-pre_3rdparty_20230426-ba246503.pth 

backbone.layers.6.ln1.weight - torch.Size([768]): 
PretrainedInit: load from https://download.openmmlab.com/mmpretrain/v1.0/dinov2/vit-base-p14_dinov2-pre_3rdparty_20230426-ba246503.pth 

backbone.layers.6.ln1.bias - torch.Size([768]): 
PretrainedInit: load from https://download.openmmlab.com/mmpretrain/v1.0/dinov2/vit-base-p14_dinov2-pre_3rdparty_20230426-ba246503.pth 

backbone.layers.6.attn.qkv.weight - torch.Size([2304, 768]): 
PretrainedInit: load from https://download.openmmlab.com/mmpretrain/v1.0/dinov2/vit-base-p14_dinov2-pre_3rdparty_20230426-ba246503.pth 

backbone.layers.6.attn.qkv.bias - torch.Size([2304]): 
PretrainedInit: load from https://download.openmmlab.com/mmpretrain/v1.0/dinov2/vit-base-p14_dinov2-pre_3rdparty_20230426-ba246503.pth 

backbone.layers.6.attn.proj.weight - torch.Size([768, 768]): 
PretrainedInit: load from https://download.openmmlab.com/mmpretrain/v1.0/dinov2/vit-base-p14_dinov2-pre_3rdparty_20230426-ba246503.pth 

backbone.layers.6.attn.proj.bias - torch.Size([768]): 
PretrainedInit: load from https://download.openmmlab.com/mmpretrain/v1.0/dinov2/vit-base-p14_dinov2-pre_3rdparty_20230426-ba246503.pth 

backbone.layers.6.attn.gamma1.weight - torch.Size([768]): 
PretrainedInit: load from https://download.openmmlab.com/mmpretrain/v1.0/dinov2/vit-base-p14_dinov2-pre_3rdparty_20230426-ba246503.pth 

backbone.layers.6.ln2.weight - torch.Size([768]): 
PretrainedInit: load from https://download.openmmlab.com/mmpretrain/v1.0/dinov2/vit-base-p14_dinov2-pre_3rdparty_20230426-ba246503.pth 

backbone.layers.6.ln2.bias - torch.Size([768]): 
PretrainedInit: load from https://download.openmmlab.com/mmpretrain/v1.0/dinov2/vit-base-p14_dinov2-pre_3rdparty_20230426-ba246503.pth 

backbone.layers.6.ffn.layers.0.0.weight - torch.Size([3072, 768]): 
PretrainedInit: load from https://download.openmmlab.com/mmpretrain/v1.0/dinov2/vit-base-p14_dinov2-pre_3rdparty_20230426-ba246503.pth 

backbone.layers.6.ffn.layers.0.0.bias - torch.Size([3072]): 
PretrainedInit: load from https://download.openmmlab.com/mmpretrain/v1.0/dinov2/vit-base-p14_dinov2-pre_3rdparty_20230426-ba246503.pth 

backbone.layers.6.ffn.layers.1.weight - torch.Size([768, 3072]): 
PretrainedInit: load from https://download.openmmlab.com/mmpretrain/v1.0/dinov2/vit-base-p14_dinov2-pre_3rdparty_20230426-ba246503.pth 

backbone.layers.6.ffn.layers.1.bias - torch.Size([768]): 
PretrainedInit: load from https://download.openmmlab.com/mmpretrain/v1.0/dinov2/vit-base-p14_dinov2-pre_3rdparty_20230426-ba246503.pth 

backbone.layers.6.ffn.gamma2.weight - torch.Size([768]): 
PretrainedInit: load from https://download.openmmlab.com/mmpretrain/v1.0/dinov2/vit-base-p14_dinov2-pre_3rdparty_20230426-ba246503.pth 

backbone.layers.7.ln1.weight - torch.Size([768]): 
PretrainedInit: load from https://download.openmmlab.com/mmpretrain/v1.0/dinov2/vit-base-p14_dinov2-pre_3rdparty_20230426-ba246503.pth 

backbone.layers.7.ln1.bias - torch.Size([768]): 
PretrainedInit: load from https://download.openmmlab.com/mmpretrain/v1.0/dinov2/vit-base-p14_dinov2-pre_3rdparty_20230426-ba246503.pth 

backbone.layers.7.attn.qkv.weight - torch.Size([2304, 768]): 
PretrainedInit: load from https://download.openmmlab.com/mmpretrain/v1.0/dinov2/vit-base-p14_dinov2-pre_3rdparty_20230426-ba246503.pth 

backbone.layers.7.attn.qkv.bias - torch.Size([2304]): 
PretrainedInit: load from https://download.openmmlab.com/mmpretrain/v1.0/dinov2/vit-base-p14_dinov2-pre_3rdparty_20230426-ba246503.pth 

backbone.layers.7.attn.proj.weight - torch.Size([768, 768]): 
PretrainedInit: load from https://download.openmmlab.com/mmpretrain/v1.0/dinov2/vit-base-p14_dinov2-pre_3rdparty_20230426-ba246503.pth 

backbone.layers.7.attn.proj.bias - torch.Size([768]): 
PretrainedInit: load from https://download.openmmlab.com/mmpretrain/v1.0/dinov2/vit-base-p14_dinov2-pre_3rdparty_20230426-ba246503.pth 

backbone.layers.7.attn.gamma1.weight - torch.Size([768]): 
PretrainedInit: load from https://download.openmmlab.com/mmpretrain/v1.0/dinov2/vit-base-p14_dinov2-pre_3rdparty_20230426-ba246503.pth 

backbone.layers.7.ln2.weight - torch.Size([768]): 
PretrainedInit: load from https://download.openmmlab.com/mmpretrain/v1.0/dinov2/vit-base-p14_dinov2-pre_3rdparty_20230426-ba246503.pth 

backbone.layers.7.ln2.bias - torch.Size([768]): 
PretrainedInit: load from https://download.openmmlab.com/mmpretrain/v1.0/dinov2/vit-base-p14_dinov2-pre_3rdparty_20230426-ba246503.pth 

backbone.layers.7.ffn.layers.0.0.weight - torch.Size([3072, 768]): 
PretrainedInit: load from https://download.openmmlab.com/mmpretrain/v1.0/dinov2/vit-base-p14_dinov2-pre_3rdparty_20230426-ba246503.pth 

backbone.layers.7.ffn.layers.0.0.bias - torch.Size([3072]): 
PretrainedInit: load from https://download.openmmlab.com/mmpretrain/v1.0/dinov2/vit-base-p14_dinov2-pre_3rdparty_20230426-ba246503.pth 

backbone.layers.7.ffn.layers.1.weight - torch.Size([768, 3072]): 
PretrainedInit: load from https://download.openmmlab.com/mmpretrain/v1.0/dinov2/vit-base-p14_dinov2-pre_3rdparty_20230426-ba246503.pth 

backbone.layers.7.ffn.layers.1.bias - torch.Size([768]): 
PretrainedInit: load from https://download.openmmlab.com/mmpretrain/v1.0/dinov2/vit-base-p14_dinov2-pre_3rdparty_20230426-ba246503.pth 

backbone.layers.7.ffn.gamma2.weight - torch.Size([768]): 
PretrainedInit: load from https://download.openmmlab.com/mmpretrain/v1.0/dinov2/vit-base-p14_dinov2-pre_3rdparty_20230426-ba246503.pth 

backbone.layers.8.ln1.weight - torch.Size([768]): 
PretrainedInit: load from https://download.openmmlab.com/mmpretrain/v1.0/dinov2/vit-base-p14_dinov2-pre_3rdparty_20230426-ba246503.pth 

backbone.layers.8.ln1.bias - torch.Size([768]): 
PretrainedInit: load from https://download.openmmlab.com/mmpretrain/v1.0/dinov2/vit-base-p14_dinov2-pre_3rdparty_20230426-ba246503.pth 

backbone.layers.8.attn.qkv.weight - torch.Size([2304, 768]): 
PretrainedInit: load from https://download.openmmlab.com/mmpretrain/v1.0/dinov2/vit-base-p14_dinov2-pre_3rdparty_20230426-ba246503.pth 

backbone.layers.8.attn.qkv.bias - torch.Size([2304]): 
PretrainedInit: load from https://download.openmmlab.com/mmpretrain/v1.0/dinov2/vit-base-p14_dinov2-pre_3rdparty_20230426-ba246503.pth 

backbone.layers.8.attn.proj.weight - torch.Size([768, 768]): 
PretrainedInit: load from https://download.openmmlab.com/mmpretrain/v1.0/dinov2/vit-base-p14_dinov2-pre_3rdparty_20230426-ba246503.pth 

backbone.layers.8.attn.proj.bias - torch.Size([768]): 
PretrainedInit: load from https://download.openmmlab.com/mmpretrain/v1.0/dinov2/vit-base-p14_dinov2-pre_3rdparty_20230426-ba246503.pth 

backbone.layers.8.attn.gamma1.weight - torch.Size([768]): 
PretrainedInit: load from https://download.openmmlab.com/mmpretrain/v1.0/dinov2/vit-base-p14_dinov2-pre_3rdparty_20230426-ba246503.pth 

backbone.layers.8.ln2.weight - torch.Size([768]): 
PretrainedInit: load from https://download.openmmlab.com/mmpretrain/v1.0/dinov2/vit-base-p14_dinov2-pre_3rdparty_20230426-ba246503.pth 

backbone.layers.8.ln2.bias - torch.Size([768]): 
PretrainedInit: load from https://download.openmmlab.com/mmpretrain/v1.0/dinov2/vit-base-p14_dinov2-pre_3rdparty_20230426-ba246503.pth 

backbone.layers.8.ffn.layers.0.0.weight - torch.Size([3072, 768]): 
PretrainedInit: load from https://download.openmmlab.com/mmpretrain/v1.0/dinov2/vit-base-p14_dinov2-pre_3rdparty_20230426-ba246503.pth 

backbone.layers.8.ffn.layers.0.0.bias - torch.Size([3072]): 
PretrainedInit: load from https://download.openmmlab.com/mmpretrain/v1.0/dinov2/vit-base-p14_dinov2-pre_3rdparty_20230426-ba246503.pth 

backbone.layers.8.ffn.layers.1.weight - torch.Size([768, 3072]): 
PretrainedInit: load from https://download.openmmlab.com/mmpretrain/v1.0/dinov2/vit-base-p14_dinov2-pre_3rdparty_20230426-ba246503.pth 

backbone.layers.8.ffn.layers.1.bias - torch.Size([768]): 
PretrainedInit: load from https://download.openmmlab.com/mmpretrain/v1.0/dinov2/vit-base-p14_dinov2-pre_3rdparty_20230426-ba246503.pth 

backbone.layers.8.ffn.gamma2.weight - torch.Size([768]): 
PretrainedInit: load from https://download.openmmlab.com/mmpretrain/v1.0/dinov2/vit-base-p14_dinov2-pre_3rdparty_20230426-ba246503.pth 

backbone.layers.9.ln1.weight - torch.Size([768]): 
PretrainedInit: load from https://download.openmmlab.com/mmpretrain/v1.0/dinov2/vit-base-p14_dinov2-pre_3rdparty_20230426-ba246503.pth 

backbone.layers.9.ln1.bias - torch.Size([768]): 
PretrainedInit: load from https://download.openmmlab.com/mmpretrain/v1.0/dinov2/vit-base-p14_dinov2-pre_3rdparty_20230426-ba246503.pth 

backbone.layers.9.attn.qkv.weight - torch.Size([2304, 768]): 
PretrainedInit: load from https://download.openmmlab.com/mmpretrain/v1.0/dinov2/vit-base-p14_dinov2-pre_3rdparty_20230426-ba246503.pth 

backbone.layers.9.attn.qkv.bias - torch.Size([2304]): 
PretrainedInit: load from https://download.openmmlab.com/mmpretrain/v1.0/dinov2/vit-base-p14_dinov2-pre_3rdparty_20230426-ba246503.pth 

backbone.layers.9.attn.proj.weight - torch.Size([768, 768]): 
PretrainedInit: load from https://download.openmmlab.com/mmpretrain/v1.0/dinov2/vit-base-p14_dinov2-pre_3rdparty_20230426-ba246503.pth 

backbone.layers.9.attn.proj.bias - torch.Size([768]): 
PretrainedInit: load from https://download.openmmlab.com/mmpretrain/v1.0/dinov2/vit-base-p14_dinov2-pre_3rdparty_20230426-ba246503.pth 

backbone.layers.9.attn.gamma1.weight - torch.Size([768]): 
PretrainedInit: load from https://download.openmmlab.com/mmpretrain/v1.0/dinov2/vit-base-p14_dinov2-pre_3rdparty_20230426-ba246503.pth 

backbone.layers.9.ln2.weight - torch.Size([768]): 
PretrainedInit: load from https://download.openmmlab.com/mmpretrain/v1.0/dinov2/vit-base-p14_dinov2-pre_3rdparty_20230426-ba246503.pth 

backbone.layers.9.ln2.bias - torch.Size([768]): 
PretrainedInit: load from https://download.openmmlab.com/mmpretrain/v1.0/dinov2/vit-base-p14_dinov2-pre_3rdparty_20230426-ba246503.pth 

backbone.layers.9.ffn.layers.0.0.weight - torch.Size([3072, 768]): 
PretrainedInit: load from https://download.openmmlab.com/mmpretrain/v1.0/dinov2/vit-base-p14_dinov2-pre_3rdparty_20230426-ba246503.pth 

backbone.layers.9.ffn.layers.0.0.bias - torch.Size([3072]): 
PretrainedInit: load from https://download.openmmlab.com/mmpretrain/v1.0/dinov2/vit-base-p14_dinov2-pre_3rdparty_20230426-ba246503.pth 

backbone.layers.9.ffn.layers.1.weight - torch.Size([768, 3072]): 
PretrainedInit: load from https://download.openmmlab.com/mmpretrain/v1.0/dinov2/vit-base-p14_dinov2-pre_3rdparty_20230426-ba246503.pth 

backbone.layers.9.ffn.layers.1.bias - torch.Size([768]): 
PretrainedInit: load from https://download.openmmlab.com/mmpretrain/v1.0/dinov2/vit-base-p14_dinov2-pre_3rdparty_20230426-ba246503.pth 

backbone.layers.9.ffn.gamma2.weight - torch.Size([768]): 
PretrainedInit: load from https://download.openmmlab.com/mmpretrain/v1.0/dinov2/vit-base-p14_dinov2-pre_3rdparty_20230426-ba246503.pth 

backbone.layers.10.ln1.weight - torch.Size([768]): 
PretrainedInit: load from https://download.openmmlab.com/mmpretrain/v1.0/dinov2/vit-base-p14_dinov2-pre_3rdparty_20230426-ba246503.pth 

backbone.layers.10.ln1.bias - torch.Size([768]): 
PretrainedInit: load from https://download.openmmlab.com/mmpretrain/v1.0/dinov2/vit-base-p14_dinov2-pre_3rdparty_20230426-ba246503.pth 

backbone.layers.10.attn.qkv.weight - torch.Size([2304, 768]): 
PretrainedInit: load from https://download.openmmlab.com/mmpretrain/v1.0/dinov2/vit-base-p14_dinov2-pre_3rdparty_20230426-ba246503.pth 

backbone.layers.10.attn.qkv.bias - torch.Size([2304]): 
PretrainedInit: load from https://download.openmmlab.com/mmpretrain/v1.0/dinov2/vit-base-p14_dinov2-pre_3rdparty_20230426-ba246503.pth 

backbone.layers.10.attn.proj.weight - torch.Size([768, 768]): 
PretrainedInit: load from https://download.openmmlab.com/mmpretrain/v1.0/dinov2/vit-base-p14_dinov2-pre_3rdparty_20230426-ba246503.pth 

backbone.layers.10.attn.proj.bias - torch.Size([768]): 
PretrainedInit: load from https://download.openmmlab.com/mmpretrain/v1.0/dinov2/vit-base-p14_dinov2-pre_3rdparty_20230426-ba246503.pth 

backbone.layers.10.attn.gamma1.weight - torch.Size([768]): 
PretrainedInit: load from https://download.openmmlab.com/mmpretrain/v1.0/dinov2/vit-base-p14_dinov2-pre_3rdparty_20230426-ba246503.pth 

backbone.layers.10.ln2.weight - torch.Size([768]): 
PretrainedInit: load from https://download.openmmlab.com/mmpretrain/v1.0/dinov2/vit-base-p14_dinov2-pre_3rdparty_20230426-ba246503.pth 

backbone.layers.10.ln2.bias - torch.Size([768]): 
PretrainedInit: load from https://download.openmmlab.com/mmpretrain/v1.0/dinov2/vit-base-p14_dinov2-pre_3rdparty_20230426-ba246503.pth 

backbone.layers.10.ffn.layers.0.0.weight - torch.Size([3072, 768]): 
PretrainedInit: load from https://download.openmmlab.com/mmpretrain/v1.0/dinov2/vit-base-p14_dinov2-pre_3rdparty_20230426-ba246503.pth 

backbone.layers.10.ffn.layers.0.0.bias - torch.Size([3072]): 
PretrainedInit: load from https://download.openmmlab.com/mmpretrain/v1.0/dinov2/vit-base-p14_dinov2-pre_3rdparty_20230426-ba246503.pth 

backbone.layers.10.ffn.layers.1.weight - torch.Size([768, 3072]): 
PretrainedInit: load from https://download.openmmlab.com/mmpretrain/v1.0/dinov2/vit-base-p14_dinov2-pre_3rdparty_20230426-ba246503.pth 

backbone.layers.10.ffn.layers.1.bias - torch.Size([768]): 
PretrainedInit: load from https://download.openmmlab.com/mmpretrain/v1.0/dinov2/vit-base-p14_dinov2-pre_3rdparty_20230426-ba246503.pth 

backbone.layers.10.ffn.gamma2.weight - torch.Size([768]): 
PretrainedInit: load from https://download.openmmlab.com/mmpretrain/v1.0/dinov2/vit-base-p14_dinov2-pre_3rdparty_20230426-ba246503.pth 

backbone.layers.11.ln1.weight - torch.Size([768]): 
PretrainedInit: load from https://download.openmmlab.com/mmpretrain/v1.0/dinov2/vit-base-p14_dinov2-pre_3rdparty_20230426-ba246503.pth 

backbone.layers.11.ln1.bias - torch.Size([768]): 
PretrainedInit: load from https://download.openmmlab.com/mmpretrain/v1.0/dinov2/vit-base-p14_dinov2-pre_3rdparty_20230426-ba246503.pth 

backbone.layers.11.attn.qkv.weight - torch.Size([2304, 768]): 
PretrainedInit: load from https://download.openmmlab.com/mmpretrain/v1.0/dinov2/vit-base-p14_dinov2-pre_3rdparty_20230426-ba246503.pth 

backbone.layers.11.attn.qkv.bias - torch.Size([2304]): 
PretrainedInit: load from https://download.openmmlab.com/mmpretrain/v1.0/dinov2/vit-base-p14_dinov2-pre_3rdparty_20230426-ba246503.pth 

backbone.layers.11.attn.proj.weight - torch.Size([768, 768]): 
PretrainedInit: load from https://download.openmmlab.com/mmpretrain/v1.0/dinov2/vit-base-p14_dinov2-pre_3rdparty_20230426-ba246503.pth 

backbone.layers.11.attn.proj.bias - torch.Size([768]): 
PretrainedInit: load from https://download.openmmlab.com/mmpretrain/v1.0/dinov2/vit-base-p14_dinov2-pre_3rdparty_20230426-ba246503.pth 

backbone.layers.11.attn.gamma1.weight - torch.Size([768]): 
PretrainedInit: load from https://download.openmmlab.com/mmpretrain/v1.0/dinov2/vit-base-p14_dinov2-pre_3rdparty_20230426-ba246503.pth 

backbone.layers.11.ln2.weight - torch.Size([768]): 
PretrainedInit: load from https://download.openmmlab.com/mmpretrain/v1.0/dinov2/vit-base-p14_dinov2-pre_3rdparty_20230426-ba246503.pth 

backbone.layers.11.ln2.bias - torch.Size([768]): 
PretrainedInit: load from https://download.openmmlab.com/mmpretrain/v1.0/dinov2/vit-base-p14_dinov2-pre_3rdparty_20230426-ba246503.pth 

backbone.layers.11.ffn.layers.0.0.weight - torch.Size([3072, 768]): 
PretrainedInit: load from https://download.openmmlab.com/mmpretrain/v1.0/dinov2/vit-base-p14_dinov2-pre_3rdparty_20230426-ba246503.pth 

backbone.layers.11.ffn.layers.0.0.bias - torch.Size([3072]): 
PretrainedInit: load from https://download.openmmlab.com/mmpretrain/v1.0/dinov2/vit-base-p14_dinov2-pre_3rdparty_20230426-ba246503.pth 

backbone.layers.11.ffn.layers.1.weight - torch.Size([768, 3072]): 
PretrainedInit: load from https://download.openmmlab.com/mmpretrain/v1.0/dinov2/vit-base-p14_dinov2-pre_3rdparty_20230426-ba246503.pth 

backbone.layers.11.ffn.layers.1.bias - torch.Size([768]): 
PretrainedInit: load from https://download.openmmlab.com/mmpretrain/v1.0/dinov2/vit-base-p14_dinov2-pre_3rdparty_20230426-ba246503.pth 

backbone.layers.11.ffn.gamma2.weight - torch.Size([768]): 
PretrainedInit: load from https://download.openmmlab.com/mmpretrain/v1.0/dinov2/vit-base-p14_dinov2-pre_3rdparty_20230426-ba246503.pth 

backbone.ln1.weight - torch.Size([768]): 
PretrainedInit: load from https://download.openmmlab.com/mmpretrain/v1.0/dinov2/vit-base-p14_dinov2-pre_3rdparty_20230426-ba246503.pth 

backbone.ln1.bias - torch.Size([768]): 
PretrainedInit: load from https://download.openmmlab.com/mmpretrain/v1.0/dinov2/vit-base-p14_dinov2-pre_3rdparty_20230426-ba246503.pth 

head.layers.head.weight - torch.Size([7806, 768]): 
PretrainedInit: load from /mnt/data/saved/20240709_083652_leafcaw_new.pth 

head.layers.head.bias - torch.Size([7806]): 
PretrainedInit: load from /mnt/data/saved/20240709_083652_leafcaw_new.pth 
2024/07/21 13:15:08 - mmengine - WARNING - "FileClient" will be deprecated in future. Please use io functions in https://mmengine.readthedocs.io/en/latest/api/fileio.html#file-io
2024/07/21 13:15:08 - mmengine - WARNING - "HardDiskBackend" is the alias of "LocalBackend" and the former will be deprecated in future.
2024/07/21 13:15:08 - mmengine - INFO - Checkpoints will be saved to /root/weed-detection/work_dirs/finetune.
2024/07/21 13:16:01 - mmengine - INFO - Epoch(train)  [1][  25/1476]  base_lr: 1.0000e-05 lr: 1.0000e-05  eta: 10:22:24  time: 1.1389  data_time: 0.0011  memory: 65855  loss: 1.2680
2024/07/21 13:16:29 - mmengine - INFO - Epoch(train)  [1][  50/1476]  base_lr: 1.0000e-05 lr: 1.0000e-05  eta: 7:58:37  time: 1.1407  data_time: 0.0010  memory: 65855  loss: 1.1772
2024/07/21 13:16:58 - mmengine - INFO - Epoch(train)  [1][  75/1476]  base_lr: 1.0000e-05 lr: 1.0000e-05  eta: 7:10:26  time: 1.1416  data_time: 0.0012  memory: 65855  loss: 1.1819
2024/07/21 13:17:26 - mmengine - INFO - Epoch(train)  [1][ 100/1476]  base_lr: 1.0000e-05 lr: 1.0000e-05  eta: 6:46:59  time: 1.1414  data_time: 0.0015  memory: 65855  loss: 1.2877
2024/07/21 13:17:55 - mmengine - INFO - Epoch(train)  [1][ 125/1476]  base_lr: 1.0000e-05 lr: 1.0000e-05  eta: 6:32:04  time: 1.1422  data_time: 0.0018  memory: 65855  loss: 1.1873
2024/07/21 13:18:24 - mmengine - INFO - Epoch(train)  [1][ 150/1476]  base_lr: 1.0000e-05 lr: 1.0000e-05  eta: 6:21:57  time: 1.1411  data_time: 0.0012  memory: 65855  loss: 1.2210
2024/07/21 13:18:52 - mmengine - INFO - Epoch(train)  [1][ 175/1476]  base_lr: 1.0000e-05 lr: 1.0000e-05  eta: 6:14:33  time: 1.1404  data_time: 0.0011  memory: 65855  loss: 1.0668
2024/07/21 13:19:21 - mmengine - INFO - Epoch(train)  [1][ 200/1476]  base_lr: 1.0000e-05 lr: 1.0000e-05  eta: 6:08:54  time: 1.1400  data_time: 0.0011  memory: 65855  loss: 1.1529
2024/07/21 13:19:49 - mmengine - INFO - Epoch(train)  [1][ 225/1476]  base_lr: 1.0000e-05 lr: 1.0000e-05  eta: 6:04:23  time: 1.1407  data_time: 0.0010  memory: 65855  loss: 1.1403
2024/07/21 13:20:18 - mmengine - INFO - Epoch(train)  [1][ 250/1476]  base_lr: 1.0000e-05 lr: 1.0000e-05  eta: 6:00:41  time: 1.1411  data_time: 0.0010  memory: 65855  loss: 1.1304
2024/07/21 13:20:46 - mmengine - INFO - Epoch(train)  [1][ 275/1476]  base_lr: 1.0000e-05 lr: 1.0000e-05  eta: 5:57:47  time: 1.1417  data_time: 0.0013  memory: 65855  loss: 1.2058
2024/07/21 13:21:15 - mmengine - INFO - Epoch(train)  [1][ 300/1476]  base_lr: 1.0000e-05 lr: 1.0000e-05  eta: 5:55:05  time: 1.1409  data_time: 0.0015  memory: 65855  loss: 1.1490
2024/07/21 13:21:43 - mmengine - INFO - Epoch(train)  [1][ 325/1476]  base_lr: 1.0000e-05 lr: 1.0000e-05  eta: 5:52:42  time: 1.1409  data_time: 0.0015  memory: 65855  loss: 1.1682
2024/07/21 13:22:12 - mmengine - INFO - Epoch(train)  [1][ 350/1476]  base_lr: 1.0000e-05 lr: 1.0000e-05  eta: 5:50:38  time: 1.1402  data_time: 0.0013  memory: 65855  loss: 1.1520
2024/07/21 13:22:40 - mmengine - INFO - Epoch(train)  [1][ 375/1476]  base_lr: 1.0000e-05 lr: 1.0000e-05  eta: 5:48:45  time: 1.1401  data_time: 0.0012  memory: 65855  loss: 1.1721
2024/07/21 13:23:09 - mmengine - INFO - Epoch(train)  [1][ 400/1476]  base_lr: 1.0000e-05 lr: 1.0000e-05  eta: 5:47:02  time: 1.1397  data_time: 0.0013  memory: 65855  loss: 1.1289
2024/07/21 13:23:37 - mmengine - INFO - Epoch(train)  [1][ 425/1476]  base_lr: 1.0000e-05 lr: 1.0000e-05  eta: 5:45:29  time: 1.1405  data_time: 0.0013  memory: 65855  loss: 1.2686
2024/07/21 13:24:06 - mmengine - INFO - Epoch(train)  [1][ 450/1476]  base_lr: 1.0000e-05 lr: 1.0000e-05  eta: 5:44:03  time: 1.1403  data_time: 0.0012  memory: 65855  loss: 1.2324
2024/07/21 13:24:34 - mmengine - INFO - Epoch(train)  [1][ 475/1476]  base_lr: 1.0000e-05 lr: 1.0000e-05  eta: 5:42:43  time: 1.1410  data_time: 0.0015  memory: 65855  loss: 1.2175
2024/07/21 13:25:03 - mmengine - INFO - Epoch(train)  [1][ 500/1476]  base_lr: 1.0000e-05 lr: 1.0000e-05  eta: 5:41:28  time: 1.1399  data_time: 0.0014  memory: 65855  loss: 1.1210
2024/07/21 13:25:32 - mmengine - INFO - Epoch(train)  [1][ 525/1476]  base_lr: 1.0000e-05 lr: 1.0000e-05  eta: 5:40:18  time: 1.1396  data_time: 0.0014  memory: 65855  loss: 1.2542
2024/07/21 13:26:00 - mmengine - INFO - Epoch(train)  [1][ 550/1476]  base_lr: 1.0000e-05 lr: 1.0000e-05  eta: 5:39:11  time: 1.1400  data_time: 0.0015  memory: 65855  loss: 1.2207
2024/07/21 13:26:29 - mmengine - INFO - Epoch(train)  [1][ 575/1476]  base_lr: 1.0000e-05 lr: 1.0000e-05  eta: 5:38:07  time: 1.1410  data_time: 0.0015  memory: 65855  loss: 1.1737
2024/07/21 13:26:57 - mmengine - INFO - Epoch(train)  [1][ 600/1476]  base_lr: 1.0000e-05 lr: 1.0000e-05  eta: 5:37:07  time: 1.1398  data_time: 0.0013  memory: 65855  loss: 1.1385
2024/07/21 13:27:26 - mmengine - INFO - Epoch(train)  [1][ 625/1476]  base_lr: 1.0000e-05 lr: 1.0000e-05  eta: 5:36:09  time: 1.1403  data_time: 0.0013  memory: 65855  loss: 1.1808
2024/07/21 13:27:54 - mmengine - INFO - Epoch(train)  [1][ 650/1476]  base_lr: 1.0000e-05 lr: 1.0000e-05  eta: 5:35:13  time: 1.1402  data_time: 0.0012  memory: 65855  loss: 1.0805
2024/07/21 13:28:23 - mmengine - INFO - Epoch(train)  [1][ 675/1476]  base_lr: 1.0000e-05 lr: 1.0000e-05  eta: 5:34:20  time: 1.1406  data_time: 0.0012  memory: 65855  loss: 1.1336
2024/07/21 13:28:51 - mmengine - INFO - Epoch(train)  [1][ 700/1476]  base_lr: 1.0000e-05 lr: 1.0000e-05  eta: 5:33:28  time: 1.1411  data_time: 0.0014  memory: 65855  loss: 1.1369
2024/07/21 13:29:20 - mmengine - INFO - Epoch(train)  [1][ 725/1476]  base_lr: 1.0000e-05 lr: 1.0000e-05  eta: 5:32:38  time: 1.1406  data_time: 0.0013  memory: 65855  loss: 1.1517
2024/07/21 13:29:48 - mmengine - INFO - Epoch(train)  [1][ 750/1476]  base_lr: 1.0000e-05 lr: 1.0000e-05  eta: 5:31:50  time: 1.1438  data_time: 0.0014  memory: 65855  loss: 1.1654
2024/07/21 13:30:17 - mmengine - INFO - Epoch(train)  [1][ 775/1476]  base_lr: 1.0000e-05 lr: 1.0000e-05  eta: 5:31:03  time: 1.1407  data_time: 0.0014  memory: 65855  loss: 1.1076
2024/07/21 13:30:45 - mmengine - INFO - Epoch(train)  [1][ 800/1476]  base_lr: 1.0000e-05 lr: 1.0000e-05  eta: 5:30:17  time: 1.1417  data_time: 0.0014  memory: 65855  loss: 1.1893
2024/07/21 13:31:14 - mmengine - INFO - Epoch(train)  [1][ 825/1476]  base_lr: 1.0000e-05 lr: 1.0000e-05  eta: 5:29:32  time: 1.1410  data_time: 0.0011  memory: 65855  loss: 1.0727
2024/07/21 13:31:42 - mmengine - INFO - Epoch(train)  [1][ 850/1476]  base_lr: 1.0000e-05 lr: 1.0000e-05  eta: 5:28:48  time: 1.1411  data_time: 0.0015  memory: 65855  loss: 1.1479
2024/07/21 13:32:11 - mmengine - INFO - Epoch(train)  [1][ 875/1476]  base_lr: 1.0000e-05 lr: 1.0000e-05  eta: 5:28:05  time: 1.1395  data_time: 0.0014  memory: 65855  loss: 1.0952
2024/07/21 13:32:39 - mmengine - INFO - Epoch(train)  [1][ 900/1476]  base_lr: 1.0000e-05 lr: 1.0000e-05  eta: 5:27:22  time: 1.1407  data_time: 0.0015  memory: 65855  loss: 1.0196
2024/07/21 13:33:08 - mmengine - INFO - Epoch(train)  [1][ 925/1476]  base_lr: 1.0000e-05 lr: 1.0000e-05  eta: 5:26:40  time: 1.1400  data_time: 0.0013  memory: 65855  loss: 1.0522
2024/07/21 13:33:37 - mmengine - INFO - Epoch(train)  [1][ 950/1476]  base_lr: 1.0000e-05 lr: 1.0000e-05  eta: 5:26:03  time: 1.1646  data_time: 0.0014  memory: 65855  loss: 1.0900
2024/07/21 13:34:05 - mmengine - INFO - Epoch(train)  [1][ 975/1476]  base_lr: 1.0000e-05 lr: 1.0000e-05  eta: 5:25:23  time: 1.1407  data_time: 0.0012  memory: 65855  loss: 1.1347
2024/07/21 13:34:34 - mmengine - INFO - Exp name: finetune_20240721_131502
2024/07/21 13:34:34 - mmengine - INFO - Epoch(train)  [1][1000/1476]  base_lr: 1.0000e-05 lr: 1.0000e-05  eta: 5:24:43  time: 1.1409  data_time: 0.0012  memory: 65855  loss: 1.0629
2024/07/21 13:35:02 - mmengine - INFO - Epoch(train)  [1][1025/1476]  base_lr: 1.0000e-05 lr: 1.0000e-05  eta: 5:24:03  time: 1.1403  data_time: 0.0012  memory: 65855  loss: 1.0757
2024/07/21 13:35:31 - mmengine - INFO - Epoch(train)  [1][1050/1476]  base_lr: 1.0000e-05 lr: 1.0000e-05  eta: 5:23:24  time: 1.1408  data_time: 0.0013  memory: 65855  loss: 1.1054
2024/07/21 13:35:59 - mmengine - INFO - Epoch(train)  [1][1075/1476]  base_lr: 1.0000e-05 lr: 1.0000e-05  eta: 5:22:46  time: 1.1407  data_time: 0.0015  memory: 65855  loss: 1.1026
2024/07/21 13:36:28 - mmengine - INFO - Epoch(train)  [1][1100/1476]  base_lr: 1.0000e-05 lr: 1.0000e-05  eta: 5:22:08  time: 1.1393  data_time: 0.0018  memory: 65855  loss: 1.1193
2024/07/21 13:36:56 - mmengine - INFO - Epoch(train)  [1][1125/1476]  base_lr: 1.0000e-05 lr: 1.0000e-05  eta: 5:21:32  time: 1.1523  data_time: 0.0013  memory: 65855  loss: 1.0587
2024/07/21 13:37:25 - mmengine - INFO - Epoch(train)  [1][1150/1476]  base_lr: 1.0000e-05 lr: 1.0000e-05  eta: 5:20:55  time: 1.1397  data_time: 0.0013  memory: 65855  loss: 1.0644
2024/07/21 13:37:53 - mmengine - INFO - Epoch(train)  [1][1175/1476]  base_lr: 1.0000e-05 lr: 1.0000e-05  eta: 5:20:18  time: 1.1406  data_time: 0.0011  memory: 65855  loss: 1.0843
2024/07/21 13:38:22 - mmengine - INFO - Epoch(train)  [1][1200/1476]  base_lr: 1.0000e-05 lr: 1.0000e-05  eta: 5:19:41  time: 1.1402  data_time: 0.0013  memory: 65855  loss: 1.1072
2024/07/21 13:38:50 - mmengine - INFO - Epoch(train)  [1][1225/1476]  base_lr: 1.0000e-05 lr: 1.0000e-05  eta: 5:19:05  time: 1.1392  data_time: 0.0012  memory: 65855  loss: 1.0965
2024/07/21 13:39:19 - mmengine - INFO - Epoch(train)  [1][1250/1476]  base_lr: 1.0000e-05 lr: 1.0000e-05  eta: 5:18:29  time: 1.1404  data_time: 0.0013  memory: 65855  loss: 1.0839
2024/07/21 13:39:47 - mmengine - INFO - Epoch(train)  [1][1275/1476]  base_lr: 1.0000e-05 lr: 1.0000e-05  eta: 5:17:53  time: 1.1403  data_time: 0.0016  memory: 65855  loss: 1.1087
2024/07/21 13:40:16 - mmengine - INFO - Epoch(train)  [1][1300/1476]  base_lr: 1.0000e-05 lr: 1.0000e-05  eta: 5:17:18  time: 1.1404  data_time: 0.0017  memory: 65855  loss: 1.0791
2024/07/21 13:40:44 - mmengine - INFO - Epoch(train)  [1][1325/1476]  base_lr: 1.0000e-05 lr: 1.0000e-05  eta: 5:16:42  time: 1.1399  data_time: 0.0017  memory: 65855  loss: 1.0587
2024/07/21 13:41:13 - mmengine - INFO - Epoch(train)  [1][1350/1476]  base_lr: 1.0000e-05 lr: 1.0000e-05  eta: 5:16:08  time: 1.1404  data_time: 0.0013  memory: 65855  loss: 1.0985
2024/07/21 13:41:41 - mmengine - INFO - Epoch(train)  [1][1375/1476]  base_lr: 1.0000e-05 lr: 1.0000e-05  eta: 5:15:33  time: 1.1394  data_time: 0.0016  memory: 65855  loss: 1.0169
2024/07/21 13:42:10 - mmengine - INFO - Epoch(train)  [1][1400/1476]  base_lr: 1.0000e-05 lr: 1.0000e-05  eta: 5:14:58  time: 1.1403  data_time: 0.0012  memory: 65855  loss: 0.9984
2024/07/21 13:42:38 - mmengine - INFO - Epoch(train)  [1][1425/1476]  base_lr: 1.0000e-05 lr: 1.0000e-05  eta: 5:14:24  time: 1.1414  data_time: 0.0015  memory: 65855  loss: 1.0660
2024/07/21 13:43:07 - mmengine - INFO - Epoch(train)  [1][1450/1476]  base_lr: 1.0000e-05 lr: 1.0000e-05  eta: 5:13:50  time: 1.1380  data_time: 0.0009  memory: 65855  loss: 1.1406
2024/07/21 13:43:35 - mmengine - INFO - Epoch(train)  [1][1475/1476]  base_lr: 1.0000e-05 lr: 1.0000e-05  eta: 5:13:15  time: 1.1382  data_time: 0.0010  memory: 65855  loss: 1.0482
2024/07/21 13:43:36 - mmengine - INFO - Exp name: finetune_20240721_131502
2024/07/21 13:43:36 - mmengine - INFO - Saving checkpoint at 1 epochs
2024/07/21 13:44:43 - mmengine - INFO - Epoch(val)  [1][25/73]    eta: 0:02:03  time: 2.1928  data_time: 0.0005  memory: 47295  
2024/07/21 13:45:37 - mmengine - INFO - Epoch(val)  [1][50/73]    eta: 0:00:54  time: 2.1907  data_time: 0.0004  memory: 7528  
2024/07/21 13:46:38 - mmengine - INFO - Epoch(val) [1][73/73]    accuracy/top1: 70.3582  accuracy/top5: 88.2647  data_time: 0.1249  time: 2.3181
2024/07/21 13:47:25 - mmengine - INFO - Epoch(train)  [2][  25/1476]  base_lr: 9.9384e-06 lr: 9.9384e-06  eta: 5:16:03  time: 1.1427  data_time: 0.0013  memory: 65855  loss: 0.8763
2024/07/21 13:47:54 - mmengine - INFO - Epoch(train)  [2][  50/1476]  base_lr: 9.9384e-06 lr: 9.9384e-06  eta: 5:15:26  time: 1.1393  data_time: 0.0016  memory: 65855  loss: 0.8784
2024/07/21 13:48:22 - mmengine - INFO - Epoch(train)  [2][  75/1476]  base_lr: 9.9384e-06 lr: 9.9384e-06  eta: 5:14:49  time: 1.1391  data_time: 0.0016  memory: 65855  loss: 0.8740
2024/07/21 13:48:51 - mmengine - INFO - Epoch(train)  [2][ 100/1476]  base_lr: 9.9384e-06 lr: 9.9384e-06  eta: 5:14:12  time: 1.1406  data_time: 0.0015  memory: 65855  loss: 0.9570
2024/07/21 13:49:19 - mmengine - INFO - Epoch(train)  [2][ 125/1476]  base_lr: 9.9384e-06 lr: 9.9384e-06  eta: 5:13:36  time: 1.1399  data_time: 0.0014  memory: 65855  loss: 0.8537
2024/07/21 13:49:48 - mmengine - INFO - Epoch(train)  [2][ 150/1476]  base_lr: 9.9384e-06 lr: 9.9384e-06  eta: 5:13:02  time: 1.1396  data_time: 0.0014  memory: 65855  loss: 0.9879
2024/07/21 13:50:16 - mmengine - INFO - Epoch(train)  [2][ 175/1476]  base_lr: 9.9384e-06 lr: 9.9384e-06  eta: 5:12:26  time: 1.1393  data_time: 0.0018  memory: 65855  loss: 0.9252
2024/07/21 13:50:45 - mmengine - INFO - Epoch(train)  [2][ 200/1476]  base_lr: 9.9384e-06 lr: 9.9384e-06  eta: 5:11:51  time: 1.1398  data_time: 0.0015  memory: 65855  loss: 0.8962
2024/07/21 13:51:14 - mmengine - INFO - Epoch(train)  [2][ 225/1476]  base_lr: 9.9384e-06 lr: 9.9384e-06  eta: 5:11:15  time: 1.1401  data_time: 0.0013  memory: 65855  loss: 0.8548
2024/07/21 13:51:42 - mmengine - INFO - Epoch(train)  [2][ 250/1476]  base_lr: 9.9384e-06 lr: 9.9384e-06  eta: 5:10:40  time: 1.1407  data_time: 0.0014  memory: 65855  loss: 0.9206
2024/07/21 13:52:11 - mmengine - INFO - Epoch(train)  [2][ 275/1476]  base_lr: 9.9384e-06 lr: 9.9384e-06  eta: 5:10:05  time: 1.1418  data_time: 0.0016  memory: 65855  loss: 0.9098
2024/07/21 13:52:39 - mmengine - INFO - Epoch(train)  [2][ 300/1476]  base_lr: 9.9384e-06 lr: 9.9384e-06  eta: 5:09:32  time: 1.1405  data_time: 0.0012  memory: 65855  loss: 0.8768
2024/07/21 13:53:08 - mmengine - INFO - Epoch(train)  [2][ 325/1476]  base_lr: 9.9384e-06 lr: 9.9384e-06  eta: 5:08:59  time: 1.1406  data_time: 0.0013  memory: 65855  loss: 0.8980
2024/07/21 13:53:36 - mmengine - INFO - Epoch(train)  [2][ 350/1476]  base_lr: 9.9384e-06 lr: 9.9384e-06  eta: 5:08:25  time: 1.1411  data_time: 0.0014  memory: 65855  loss: 0.8956
2024/07/21 13:54:05 - mmengine - INFO - Epoch(train)  [2][ 375/1476]  base_lr: 9.9384e-06 lr: 9.9384e-06  eta: 5:07:51  time: 1.1408  data_time: 0.0014  memory: 65855  loss: 0.8445
2024/07/21 13:54:34 - mmengine - INFO - Epoch(train)  [2][ 400/1476]  base_lr: 9.9384e-06 lr: 9.9384e-06  eta: 5:07:16  time: 1.1406  data_time: 0.0014  memory: 65855  loss: 0.9402
2024/07/21 13:55:02 - mmengine - INFO - Epoch(train)  [2][ 425/1476]  base_lr: 9.9384e-06 lr: 9.9384e-06  eta: 5:06:42  time: 1.1402  data_time: 0.0013  memory: 65855  loss: 0.9090
2024/07/21 13:55:31 - mmengine - INFO - Epoch(train)  [2][ 450/1476]  base_lr: 9.9384e-06 lr: 9.9384e-06  eta: 5:06:10  time: 1.1579  data_time: 0.0012  memory: 65855  loss: 0.8631
2024/07/21 13:55:59 - mmengine - INFO - Epoch(train)  [2][ 475/1476]  base_lr: 9.9384e-06 lr: 9.9384e-06  eta: 5:05:36  time: 1.1400  data_time: 0.0012  memory: 65855  loss: 0.8826
2024/07/21 13:56:28 - mmengine - INFO - Epoch(train)  [2][ 500/1476]  base_lr: 9.9384e-06 lr: 9.9384e-06  eta: 5:05:04  time: 1.1404  data_time: 0.0012  memory: 65855  loss: 0.8704
2024/07/21 13:56:55 - mmengine - INFO - Exp name: finetune_20240721_131502
2024/07/21 13:56:56 - mmengine - INFO - Epoch(train)  [2][ 525/1476]  base_lr: 9.9384e-06 lr: 9.9384e-06  eta: 5:04:31  time: 1.1401  data_time: 0.0016  memory: 65855  loss: 0.8413
2024/07/21 13:57:25 - mmengine - INFO - Epoch(train)  [2][ 550/1476]  base_lr: 9.9384e-06 lr: 9.9384e-06  eta: 5:03:57  time: 1.1392  data_time: 0.0012  memory: 65855  loss: 0.9673
2024/07/21 13:57:53 - mmengine - INFO - Epoch(train)  [2][ 575/1476]  base_lr: 9.9384e-06 lr: 9.9384e-06  eta: 5:03:24  time: 1.1397  data_time: 0.0012  memory: 65855  loss: 0.9259
2024/07/21 13:58:22 - mmengine - INFO - Epoch(train)  [2][ 600/1476]  base_lr: 9.9384e-06 lr: 9.9384e-06  eta: 5:02:50  time: 1.1395  data_time: 0.0012  memory: 65855  loss: 0.8869
2024/07/21 13:58:50 - mmengine - INFO - Epoch(train)  [2][ 625/1476]  base_lr: 9.9384e-06 lr: 9.9384e-06  eta: 5:02:17  time: 1.1403  data_time: 0.0012  memory: 65855  loss: 0.8920
2024/07/21 13:59:19 - mmengine - INFO - Epoch(train)  [2][ 650/1476]  base_lr: 9.9384e-06 lr: 9.9384e-06  eta: 5:01:44  time: 1.1398  data_time: 0.0012  memory: 65855  loss: 0.9423
2024/07/21 13:59:48 - mmengine - INFO - Epoch(train)  [2][ 675/1476]  base_lr: 9.9384e-06 lr: 9.9384e-06  eta: 5:01:12  time: 1.1396  data_time: 0.0012  memory: 65855  loss: 0.8734
2024/07/21 14:00:16 - mmengine - INFO - Epoch(train)  [2][ 700/1476]  base_lr: 9.9384e-06 lr: 9.9384e-06  eta: 5:00:39  time: 1.1393  data_time: 0.0012  memory: 65855  loss: 0.9153
2024/07/21 14:00:45 - mmengine - INFO - Epoch(train)  [2][ 725/1476]  base_lr: 9.9384e-06 lr: 9.9384e-06  eta: 5:00:06  time: 1.1399  data_time: 0.0012  memory: 65855  loss: 0.9499
2024/07/21 14:01:13 - mmengine - INFO - Epoch(train)  [2][ 750/1476]  base_lr: 9.9384e-06 lr: 9.9384e-06  eta: 4:59:34  time: 1.1395  data_time: 0.0012  memory: 65855  loss: 0.8676
2024/07/21 14:01:42 - mmengine - INFO - Epoch(train)  [2][ 775/1476]  base_lr: 9.9384e-06 lr: 9.9384e-06  eta: 4:59:01  time: 1.1394  data_time: 0.0013  memory: 65855  loss: 0.8732
2024/07/21 14:02:10 - mmengine - INFO - Epoch(train)  [2][ 800/1476]  base_lr: 9.9384e-06 lr: 9.9384e-06  eta: 4:58:30  time: 1.1398  data_time: 0.0013  memory: 65855  loss: 0.8312
2024/07/21 14:02:39 - mmengine - INFO - Epoch(train)  [2][ 825/1476]  base_lr: 9.9384e-06 lr: 9.9384e-06  eta: 4:57:58  time: 1.1442  data_time: 0.0013  memory: 65855  loss: 0.9575
2024/07/21 14:03:07 - mmengine - INFO - Epoch(train)  [2][ 850/1476]  base_lr: 9.9384e-06 lr: 9.9384e-06  eta: 4:57:26  time: 1.1419  data_time: 0.0013  memory: 65855  loss: 0.8901
2024/07/21 14:03:36 - mmengine - INFO - Epoch(train)  [2][ 875/1476]  base_lr: 9.9384e-06 lr: 9.9384e-06  eta: 4:56:54  time: 1.1416  data_time: 0.0014  memory: 65855  loss: 0.8858
2024/07/21 14:04:04 - mmengine - INFO - Epoch(train)  [2][ 900/1476]  base_lr: 9.9384e-06 lr: 9.9384e-06  eta: 4:56:22  time: 1.1414  data_time: 0.0014  memory: 65855  loss: 0.9072
2024/07/21 14:04:33 - mmengine - INFO - Epoch(train)  [2][ 925/1476]  base_lr: 9.9384e-06 lr: 9.9384e-06  eta: 4:55:50  time: 1.1414  data_time: 0.0012  memory: 65855  loss: 0.8815
2024/07/21 14:05:02 - mmengine - INFO - Epoch(train)  [2][ 950/1476]  base_lr: 9.9384e-06 lr: 9.9384e-06  eta: 4:55:18  time: 1.1410  data_time: 0.0012  memory: 65855  loss: 0.8825
2024/07/21 14:05:30 - mmengine - INFO - Epoch(train)  [2][ 975/1476]  base_lr: 9.9384e-06 lr: 9.9384e-06  eta: 4:54:47  time: 1.1407  data_time: 0.0012  memory: 65855  loss: 0.9026
2024/07/21 14:05:59 - mmengine - INFO - Epoch(train)  [2][1000/1476]  base_lr: 9.9384e-06 lr: 9.9384e-06  eta: 4:54:15  time: 1.1409  data_time: 0.0012  memory: 65855  loss: 0.8832
2024/07/21 14:06:27 - mmengine - INFO - Epoch(train)  [2][1025/1476]  base_lr: 9.9384e-06 lr: 9.9384e-06  eta: 4:53:44  time: 1.1405  data_time: 0.0013  memory: 65855  loss: 0.8727
2024/07/21 14:06:56 - mmengine - INFO - Epoch(train)  [2][1050/1476]  base_lr: 9.9384e-06 lr: 9.9384e-06  eta: 4:53:12  time: 1.1406  data_time: 0.0013  memory: 65855  loss: 0.8582
2024/07/21 14:07:24 - mmengine - INFO - Epoch(train)  [2][1075/1476]  base_lr: 9.9384e-06 lr: 9.9384e-06  eta: 4:52:40  time: 1.1405  data_time: 0.0012  memory: 65855  loss: 0.9799
2024/07/21 14:07:53 - mmengine - INFO - Epoch(train)  [2][1100/1476]  base_lr: 9.9384e-06 lr: 9.9384e-06  eta: 4:52:09  time: 1.1410  data_time: 0.0017  memory: 65855  loss: 0.9869
2024/07/21 14:08:21 - mmengine - INFO - Epoch(train)  [2][1125/1476]  base_lr: 9.9384e-06 lr: 9.9384e-06  eta: 4:51:37  time: 1.1403  data_time: 0.0013  memory: 65855  loss: 0.9307
2024/07/21 14:08:50 - mmengine - INFO - Epoch(train)  [2][1150/1476]  base_lr: 9.9384e-06 lr: 9.9384e-06  eta: 4:51:06  time: 1.1397  data_time: 0.0013  memory: 65855  loss: 0.9706
2024/07/21 14:09:18 - mmengine - INFO - Epoch(train)  [2][1175/1476]  base_lr: 9.9384e-06 lr: 9.9384e-06  eta: 4:50:35  time: 1.1397  data_time: 0.0014  memory: 65855  loss: 0.9251
2024/07/21 14:09:47 - mmengine - INFO - Epoch(train)  [2][1200/1476]  base_lr: 9.9384e-06 lr: 9.9384e-06  eta: 4:50:03  time: 1.1403  data_time: 0.0014  memory: 65855  loss: 0.9506
2024/07/21 14:10:15 - mmengine - INFO - Epoch(train)  [2][1225/1476]  base_lr: 9.9384e-06 lr: 9.9384e-06  eta: 4:49:32  time: 1.1395  data_time: 0.0014  memory: 65855  loss: 0.9036
2024/07/21 14:10:44 - mmengine - INFO - Epoch(train)  [2][1250/1476]  base_lr: 9.9384e-06 lr: 9.9384e-06  eta: 4:49:01  time: 1.1393  data_time: 0.0014  memory: 65855  loss: 0.8491
2024/07/21 14:11:12 - mmengine - INFO - Epoch(train)  [2][1275/1476]  base_lr: 9.9384e-06 lr: 9.9384e-06  eta: 4:48:29  time: 1.1398  data_time: 0.0013  memory: 65855  loss: 0.8254
2024/07/21 14:11:41 - mmengine - INFO - Epoch(train)  [2][1300/1476]  base_lr: 9.9384e-06 lr: 9.9384e-06  eta: 4:47:59  time: 1.1486  data_time: 0.0013  memory: 65855  loss: 0.9120
2024/07/21 14:12:09 - mmengine - INFO - Epoch(train)  [2][1325/1476]  base_lr: 9.9384e-06 lr: 9.9384e-06  eta: 4:47:27  time: 1.1392  data_time: 0.0013  memory: 65855  loss: 0.9410
2024/07/21 14:12:38 - mmengine - INFO - Epoch(train)  [2][1350/1476]  base_lr: 9.9384e-06 lr: 9.9384e-06  eta: 4:46:57  time: 1.1400  data_time: 0.0012  memory: 65855  loss: 0.9021
2024/07/21 14:13:07 - mmengine - INFO - Epoch(train)  [2][1375/1476]  base_lr: 9.9384e-06 lr: 9.9384e-06  eta: 4:46:26  time: 1.1403  data_time: 0.0014  memory: 65855  loss: 0.9417
2024/07/21 14:13:35 - mmengine - INFO - Epoch(train)  [2][1400/1476]  base_lr: 9.9384e-06 lr: 9.9384e-06  eta: 4:45:55  time: 1.1413  data_time: 0.0014  memory: 65855  loss: 0.9259
2024/07/21 14:14:04 - mmengine - INFO - Epoch(train)  [2][1425/1476]  base_lr: 9.9384e-06 lr: 9.9384e-06  eta: 4:45:24  time: 1.1408  data_time: 0.0014  memory: 65855  loss: 0.8862
2024/07/21 14:14:32 - mmengine - INFO - Epoch(train)  [2][1450/1476]  base_lr: 9.9384e-06 lr: 9.9384e-06  eta: 4:44:53  time: 1.1402  data_time: 0.0009  memory: 65855  loss: 0.9696
2024/07/21 14:15:01 - mmengine - INFO - Epoch(train)  [2][1475/1476]  base_lr: 9.9384e-06 lr: 9.9384e-06  eta: 4:44:22  time: 1.1398  data_time: 0.0009  memory: 65855  loss: 0.9294
2024/07/21 14:15:01 - mmengine - INFO - Exp name: finetune_20240721_131502
2024/07/21 14:15:01 - mmengine - INFO - Saving checkpoint at 2 epochs
2024/07/21 14:16:06 - mmengine - INFO - Epoch(val)  [2][25/73]    eta: 0:01:53  time: 2.1885  data_time: 0.0005  memory: 47295  
2024/07/21 14:17:00 - mmengine - INFO - Epoch(val)  [2][50/73]    eta: 0:00:52  time: 2.1881  data_time: 0.0004  memory: 7528  
2024/07/21 14:18:00 - mmengine - INFO - Epoch(val) [2][73/73]    accuracy/top1: 71.5882  accuracy/top5: 88.7481  data_time: 0.0580  time: 2.2321
2024/07/21 14:18:45 - mmengine - INFO - Epoch(train)  [3][  25/1476]  base_lr: 9.7553e-06 lr: 9.7553e-06  eta: 4:45:10  time: 1.1407  data_time: 0.0013  memory: 65855  loss: 0.7295
2024/07/21 14:19:11 - mmengine - INFO - Exp name: finetune_20240721_131502
2024/07/21 14:19:13 - mmengine - INFO - Epoch(train)  [3][  50/1476]  base_lr: 9.7553e-06 lr: 9.7553e-06  eta: 4:44:39  time: 1.1406  data_time: 0.0017  memory: 65855  loss: 0.7908
2024/07/21 14:19:42 - mmengine - INFO - Epoch(train)  [3][  75/1476]  base_lr: 9.7553e-06 lr: 9.7553e-06  eta: 4:44:08  time: 1.1405  data_time: 0.0014  memory: 65855  loss: 0.6901
2024/07/21 14:20:10 - mmengine - INFO - Epoch(train)  [3][ 100/1476]  base_lr: 9.7553e-06 lr: 9.7553e-06  eta: 4:43:36  time: 1.1424  data_time: 0.0022  memory: 65855  loss: 0.7656
2024/07/21 14:20:39 - mmengine - INFO - Epoch(train)  [3][ 125/1476]  base_lr: 9.7553e-06 lr: 9.7553e-06  eta: 4:43:06  time: 1.1416  data_time: 0.0016  memory: 65855  loss: 0.7531
2024/07/21 14:21:08 - mmengine - INFO - Epoch(train)  [3][ 150/1476]  base_lr: 9.7553e-06 lr: 9.7553e-06  eta: 4:42:36  time: 1.1422  data_time: 0.0014  memory: 65855  loss: 0.7151
2024/07/21 14:21:36 - mmengine - INFO - Epoch(train)  [3][ 175/1476]  base_lr: 9.7553e-06 lr: 9.7553e-06  eta: 4:42:04  time: 1.1408  data_time: 0.0015  memory: 65855  loss: 0.7038
2024/07/21 14:22:05 - mmengine - INFO - Epoch(train)  [3][ 200/1476]  base_lr: 9.7553e-06 lr: 9.7553e-06  eta: 4:41:33  time: 1.1416  data_time: 0.0015  memory: 65855  loss: 0.7325
2024/07/21 14:22:33 - mmengine - INFO - Epoch(train)  [3][ 225/1476]  base_lr: 9.7553e-06 lr: 9.7553e-06  eta: 4:41:02  time: 1.1408  data_time: 0.0014  memory: 65855  loss: 0.7167
2024/07/21 14:23:02 - mmengine - INFO - Epoch(train)  [3][ 250/1476]  base_lr: 9.7553e-06 lr: 9.7553e-06  eta: 4:40:31  time: 1.1421  data_time: 0.0018  memory: 65855  loss: 0.7952
2024/07/21 14:23:30 - mmengine - INFO - Epoch(train)  [3][ 275/1476]  base_lr: 9.7553e-06 lr: 9.7553e-06  eta: 4:40:00  time: 1.1405  data_time: 0.0019  memory: 65855  loss: 0.7040
2024/07/21 14:23:59 - mmengine - INFO - Epoch(train)  [3][ 300/1476]  base_lr: 9.7553e-06 lr: 9.7553e-06  eta: 4:39:29  time: 1.1440  data_time: 0.0013  memory: 65855  loss: 0.7077
2024/07/21 14:24:28 - mmengine - INFO - Epoch(train)  [3][ 325/1476]  base_lr: 9.7553e-06 lr: 9.7553e-06  eta: 4:38:58  time: 1.1411  data_time: 0.0015  memory: 65855  loss: 0.7136
2024/07/21 14:24:56 - mmengine - INFO - Epoch(train)  [3][ 350/1476]  base_lr: 9.7553e-06 lr: 9.7553e-06  eta: 4:38:27  time: 1.1420  data_time: 0.0014  memory: 65855  loss: 0.6823
2024/07/21 14:25:25 - mmengine - INFO - Epoch(train)  [3][ 375/1476]  base_lr: 9.7553e-06 lr: 9.7553e-06  eta: 4:37:56  time: 1.1415  data_time: 0.0015  memory: 65855  loss: 0.7170
2024/07/21 14:25:53 - mmengine - INFO - Epoch(train)  [3][ 400/1476]  base_lr: 9.7553e-06 lr: 9.7553e-06  eta: 4:37:26  time: 1.1407  data_time: 0.0014  memory: 65855  loss: 0.7546
2024/07/21 14:26:22 - mmengine - INFO - Epoch(train)  [3][ 425/1476]  base_lr: 9.7553e-06 lr: 9.7553e-06  eta: 4:36:55  time: 1.1404  data_time: 0.0013  memory: 65855  loss: 0.7406
2024/07/21 14:26:50 - mmengine - INFO - Epoch(train)  [3][ 450/1476]  base_lr: 9.7553e-06 lr: 9.7553e-06  eta: 4:36:24  time: 1.1414  data_time: 0.0020  memory: 65855  loss: 0.7462
2024/07/21 14:27:19 - mmengine - INFO - Epoch(train)  [3][ 475/1476]  base_lr: 9.7553e-06 lr: 9.7553e-06  eta: 4:35:54  time: 1.1521  data_time: 0.0014  memory: 65855  loss: 0.7290
2024/07/21 14:27:48 - mmengine - INFO - Epoch(train)  [3][ 500/1476]  base_lr: 9.7553e-06 lr: 9.7553e-06  eta: 4:35:23  time: 1.1420  data_time: 0.0012  memory: 65855  loss: 0.7625
2024/07/21 14:28:16 - mmengine - INFO - Epoch(train)  [3][ 525/1476]  base_lr: 9.7553e-06 lr: 9.7553e-06  eta: 4:34:52  time: 1.1420  data_time: 0.0016  memory: 65855  loss: 0.7246
2024/07/21 14:28:45 - mmengine - INFO - Epoch(train)  [3][ 550/1476]  base_lr: 9.7553e-06 lr: 9.7553e-06  eta: 4:34:21  time: 1.1418  data_time: 0.0017  memory: 65855  loss: 0.7265
2024/07/21 14:29:13 - mmengine - INFO - Epoch(train)  [3][ 575/1476]  base_lr: 9.7553e-06 lr: 9.7553e-06  eta: 4:33:51  time: 1.1414  data_time: 0.0015  memory: 65855  loss: 0.7637
2024/07/21 14:29:42 - mmengine - INFO - Epoch(train)  [3][ 600/1476]  base_lr: 9.7553e-06 lr: 9.7553e-06  eta: 4:33:20  time: 1.1409  data_time: 0.0014  memory: 65855  loss: 0.6956
2024/07/21 14:30:10 - mmengine - INFO - Epoch(train)  [3][ 625/1476]  base_lr: 9.7553e-06 lr: 9.7553e-06  eta: 4:32:50  time: 1.1565  data_time: 0.0015  memory: 65855  loss: 0.7029
2024/07/21 14:30:39 - mmengine - INFO - Epoch(train)  [3][ 650/1476]  base_lr: 9.7553e-06 lr: 9.7553e-06  eta: 4:32:20  time: 1.1400  data_time: 0.0013  memory: 65855  loss: 0.7098
2024/07/21 14:31:08 - mmengine - INFO - Epoch(train)  [3][ 675/1476]  base_lr: 9.7553e-06 lr: 9.7553e-06  eta: 4:31:49  time: 1.1415  data_time: 0.0014  memory: 65855  loss: 0.7200
2024/07/21 14:31:36 - mmengine - INFO - Epoch(train)  [3][ 700/1476]  base_lr: 9.7553e-06 lr: 9.7553e-06  eta: 4:31:19  time: 1.1407  data_time: 0.0021  memory: 65855  loss: 0.7988
2024/07/21 14:32:05 - mmengine - INFO - Epoch(train)  [3][ 725/1476]  base_lr: 9.7553e-06 lr: 9.7553e-06  eta: 4:30:48  time: 1.1399  data_time: 0.0011  memory: 65855  loss: 0.7259
2024/07/21 14:32:33 - mmengine - INFO - Epoch(train)  [3][ 750/1476]  base_lr: 9.7553e-06 lr: 9.7553e-06  eta: 4:30:17  time: 1.1400  data_time: 0.0012  memory: 65855  loss: 0.7514
2024/07/21 14:33:02 - mmengine - INFO - Epoch(train)  [3][ 775/1476]  base_lr: 9.7553e-06 lr: 9.7553e-06  eta: 4:29:47  time: 1.1404  data_time: 0.0013  memory: 65855  loss: 0.7488
2024/07/21 14:33:30 - mmengine - INFO - Epoch(train)  [3][ 800/1476]  base_lr: 9.7553e-06 lr: 9.7553e-06  eta: 4:29:17  time: 1.1505  data_time: 0.0014  memory: 65855  loss: 0.7676
2024/07/21 14:33:59 - mmengine - INFO - Epoch(train)  [3][ 825/1476]  base_lr: 9.7553e-06 lr: 9.7553e-06  eta: 4:28:46  time: 1.1405  data_time: 0.0015  memory: 65855  loss: 0.6982
2024/07/21 14:34:27 - mmengine - INFO - Epoch(train)  [3][ 850/1476]  base_lr: 9.7553e-06 lr: 9.7553e-06  eta: 4:28:16  time: 1.1416  data_time: 0.0014  memory: 65855  loss: 0.6797
2024/07/21 14:34:56 - mmengine - INFO - Epoch(train)  [3][ 875/1476]  base_lr: 9.7553e-06 lr: 9.7553e-06  eta: 4:27:46  time: 1.1414  data_time: 0.0015  memory: 65855  loss: 0.7637
2024/07/21 14:35:24 - mmengine - INFO - Epoch(train)  [3][ 900/1476]  base_lr: 9.7553e-06 lr: 9.7553e-06  eta: 4:27:15  time: 1.1420  data_time: 0.0013  memory: 65855  loss: 0.6861
2024/07/21 14:35:53 - mmengine - INFO - Epoch(train)  [3][ 925/1476]  base_lr: 9.7553e-06 lr: 9.7553e-06  eta: 4:26:45  time: 1.1410  data_time: 0.0012  memory: 65855  loss: 0.7552
2024/07/21 14:36:21 - mmengine - INFO - Epoch(train)  [3][ 950/1476]  base_lr: 9.7553e-06 lr: 9.7553e-06  eta: 4:26:15  time: 1.1407  data_time: 0.0012  memory: 65855  loss: 0.7531
2024/07/21 14:36:50 - mmengine - INFO - Epoch(train)  [3][ 975/1476]  base_lr: 9.7553e-06 lr: 9.7553e-06  eta: 4:25:45  time: 1.1583  data_time: 0.0013  memory: 65855  loss: 0.7095
2024/07/21 14:37:19 - mmengine - INFO - Epoch(train)  [3][1000/1476]  base_lr: 9.7553e-06 lr: 9.7553e-06  eta: 4:25:15  time: 1.1409  data_time: 0.0013  memory: 65855  loss: 0.7632
2024/07/21 14:37:47 - mmengine - INFO - Epoch(train)  [3][1025/1476]  base_lr: 9.7553e-06 lr: 9.7553e-06  eta: 4:24:45  time: 1.1414  data_time: 0.0015  memory: 65855  loss: 0.7927
2024/07/21 14:38:14 - mmengine - INFO - Exp name: finetune_20240721_131502
2024/07/21 14:38:16 - mmengine - INFO - Epoch(train)  [3][1050/1476]  base_lr: 9.7553e-06 lr: 9.7553e-06  eta: 4:24:14  time: 1.1419  data_time: 0.0014  memory: 65855  loss: 0.7691
2024/07/21 14:38:44 - mmengine - INFO - Epoch(train)  [3][1075/1476]  base_lr: 9.7553e-06 lr: 9.7553e-06  eta: 4:23:44  time: 1.1414  data_time: 0.0014  memory: 65855  loss: 0.7407
2024/07/21 14:39:13 - mmengine - INFO - Epoch(train)  [3][1100/1476]  base_lr: 9.7553e-06 lr: 9.7553e-06  eta: 4:23:14  time: 1.1409  data_time: 0.0013  memory: 65855  loss: 0.7263
2024/07/21 14:39:41 - mmengine - INFO - Epoch(train)  [3][1125/1476]  base_lr: 9.7553e-06 lr: 9.7553e-06  eta: 4:22:44  time: 1.1409  data_time: 0.0013  memory: 65855  loss: 0.7437
2024/07/21 14:40:10 - mmengine - INFO - Epoch(train)  [3][1150/1476]  base_lr: 9.7553e-06 lr: 9.7553e-06  eta: 4:22:14  time: 1.1413  data_time: 0.0014  memory: 65855  loss: 0.7142
2024/07/21 14:40:39 - mmengine - INFO - Epoch(train)  [3][1175/1476]  base_lr: 9.7553e-06 lr: 9.7553e-06  eta: 4:21:44  time: 1.1417  data_time: 0.0013  memory: 65855  loss: 0.8323
2024/07/21 14:41:07 - mmengine - INFO - Epoch(train)  [3][1200/1476]  base_lr: 9.7553e-06 lr: 9.7553e-06  eta: 4:21:14  time: 1.1404  data_time: 0.0014  memory: 65855  loss: 0.7282
2024/07/21 14:41:36 - mmengine - INFO - Epoch(train)  [3][1225/1476]  base_lr: 9.7553e-06 lr: 9.7553e-06  eta: 4:20:44  time: 1.1410  data_time: 0.0014  memory: 65855  loss: 0.7113
2024/07/21 14:42:04 - mmengine - INFO - Epoch(train)  [3][1250/1476]  base_lr: 9.7553e-06 lr: 9.7553e-06  eta: 4:20:14  time: 1.1407  data_time: 0.0015  memory: 65855  loss: 0.7660
2024/07/21 14:42:33 - mmengine - INFO - Epoch(train)  [3][1275/1476]  base_lr: 9.7553e-06 lr: 9.7553e-06  eta: 4:19:44  time: 1.1415  data_time: 0.0013  memory: 65855  loss: 0.7486
2024/07/21 14:43:01 - mmengine - INFO - Epoch(train)  [3][1300/1476]  base_lr: 9.7553e-06 lr: 9.7553e-06  eta: 4:19:14  time: 1.1417  data_time: 0.0014  memory: 65855  loss: 0.7106
2024/07/21 14:43:30 - mmengine - INFO - Epoch(train)  [3][1325/1476]  base_lr: 9.7553e-06 lr: 9.7553e-06  eta: 4:18:45  time: 1.1599  data_time: 0.0014  memory: 65855  loss: 0.6876
2024/07/21 14:43:59 - mmengine - INFO - Epoch(train)  [3][1350/1476]  base_lr: 9.7553e-06 lr: 9.7553e-06  eta: 4:18:15  time: 1.1402  data_time: 0.0013  memory: 65855  loss: 0.6800
2024/07/21 14:44:27 - mmengine - INFO - Epoch(train)  [3][1375/1476]  base_lr: 9.7553e-06 lr: 9.7553e-06  eta: 4:17:45  time: 1.1403  data_time: 0.0012  memory: 65855  loss: 0.6959
2024/07/21 14:44:56 - mmengine - INFO - Epoch(train)  [3][1400/1476]  base_lr: 9.7553e-06 lr: 9.7553e-06  eta: 4:17:15  time: 1.1411  data_time: 0.0012  memory: 65855  loss: 0.7677
2024/07/21 14:45:24 - mmengine - INFO - Epoch(train)  [3][1425/1476]  base_lr: 9.7553e-06 lr: 9.7553e-06  eta: 4:16:45  time: 1.1411  data_time: 0.0014  memory: 65855  loss: 0.7884
2024/07/21 14:45:53 - mmengine - INFO - Epoch(train)  [3][1450/1476]  base_lr: 9.7553e-06 lr: 9.7553e-06  eta: 4:16:15  time: 1.1395  data_time: 0.0009  memory: 65855  loss: 0.7273
2024/07/21 14:46:21 - mmengine - INFO - Epoch(train)  [3][1475/1476]  base_lr: 9.7553e-06 lr: 9.7553e-06  eta: 4:15:45  time: 1.1394  data_time: 0.0009  memory: 65855  loss: 0.7336
2024/07/21 14:46:22 - mmengine - INFO - Exp name: finetune_20240721_131502
2024/07/21 14:46:22 - mmengine - INFO - Saving checkpoint at 3 epochs
2024/07/21 14:47:25 - mmengine - INFO - Epoch(val)  [3][25/73]    eta: 0:01:50  time: 2.1902  data_time: 0.0005  memory: 47295  
2024/07/21 14:48:20 - mmengine - INFO - Epoch(val)  [3][50/73]    eta: 0:00:51  time: 2.1894  data_time: 0.0003  memory: 7528  
2024/07/21 14:49:19 - mmengine - INFO - Epoch(val) [3][73/73]    accuracy/top1: 73.2961  accuracy/top5: 89.5537  data_time: 0.0413  time: 2.2153
2024/07/21 14:50:05 - mmengine - INFO - Epoch(train)  [4][  25/1476]  base_lr: 9.4550e-06 lr: 9.4550e-06  eta: 4:16:03  time: 1.1408  data_time: 0.0012  memory: 65855  loss: 0.5446
2024/07/21 14:50:33 - mmengine - INFO - Epoch(train)  [4][  50/1476]  base_lr: 9.4550e-06 lr: 9.4550e-06  eta: 4:15:33  time: 1.1429  data_time: 0.0013  memory: 65855  loss: 0.5444
2024/07/21 14:51:02 - mmengine - INFO - Epoch(train)  [4][  75/1476]  base_lr: 9.4550e-06 lr: 9.4550e-06  eta: 4:15:02  time: 1.1416  data_time: 0.0019  memory: 65855  loss: 0.5476
2024/07/21 14:51:30 - mmengine - INFO - Epoch(train)  [4][ 100/1476]  base_lr: 9.4550e-06 lr: 9.4550e-06  eta: 4:14:32  time: 1.1416  data_time: 0.0012  memory: 65855  loss: 0.5539
2024/07/21 14:51:59 - mmengine - INFO - Epoch(train)  [4][ 125/1476]  base_lr: 9.4550e-06 lr: 9.4550e-06  eta: 4:14:03  time: 1.1634  data_time: 0.0013  memory: 65855  loss: 0.5741
2024/07/21 14:52:27 - mmengine - INFO - Epoch(train)  [4][ 150/1476]  base_lr: 9.4550e-06 lr: 9.4550e-06  eta: 4:13:33  time: 1.1496  data_time: 0.0013  memory: 65855  loss: 0.6128
2024/07/21 14:52:56 - mmengine - INFO - Epoch(train)  [4][ 175/1476]  base_lr: 9.4550e-06 lr: 9.4550e-06  eta: 4:13:02  time: 1.1414  data_time: 0.0024  memory: 65855  loss: 0.5634
2024/07/21 14:53:24 - mmengine - INFO - Epoch(train)  [4][ 200/1476]  base_lr: 9.4550e-06 lr: 9.4550e-06  eta: 4:12:32  time: 1.1400  data_time: 0.0011  memory: 65855  loss: 0.5603
2024/07/21 14:53:53 - mmengine - INFO - Epoch(train)  [4][ 225/1476]  base_lr: 9.4550e-06 lr: 9.4550e-06  eta: 4:12:02  time: 1.1401  data_time: 0.0011  memory: 65855  loss: 0.5756
2024/07/21 14:54:22 - mmengine - INFO - Epoch(train)  [4][ 250/1476]  base_lr: 9.4550e-06 lr: 9.4550e-06  eta: 4:11:32  time: 1.1396  data_time: 0.0011  memory: 65855  loss: 0.5374
2024/07/21 14:54:50 - mmengine - INFO - Epoch(train)  [4][ 275/1476]  base_lr: 9.4550e-06 lr: 9.4550e-06  eta: 4:11:01  time: 1.1279  data_time: 0.0011  memory: 65855  loss: 0.5585
2024/07/21 14:55:18 - mmengine - INFO - Epoch(train)  [4][ 300/1476]  base_lr: 9.4550e-06 lr: 9.4550e-06  eta: 4:10:31  time: 1.1481  data_time: 0.0012  memory: 65855  loss: 0.5457
2024/07/21 14:55:47 - mmengine - INFO - Epoch(train)  [4][ 325/1476]  base_lr: 9.4550e-06 lr: 9.4550e-06  eta: 4:10:02  time: 1.1647  data_time: 0.0012  memory: 65855  loss: 0.6171
