2024/08/22 08:11:05 - mmengine - INFO - 
------------------------------------------------------------
System environment:
    sys.platform: linux
    Python: 3.10.12 (main, Jul 29 2024, 16:56:48) [GCC 11.4.0]
    CUDA available: True
    MUSA available: False
    numpy_random_seed: 0
    GPU 0: NVIDIA H100 80GB HBM3
    CUDA_HOME: /usr/local/cuda
    NVCC: Cuda compilation tools, release 12.3, V12.3.107
    GCC: x86_64-linux-gnu-gcc (Ubuntu 11.4.0-1ubuntu1~22.04) 11.4.0
    PyTorch: 2.3.1+cu121
    PyTorch compiling details: PyTorch built with:
  - GCC 9.3
  - C++ Version: 201703
  - Intel(R) oneAPI Math Kernel Library Version 2022.2-Product Build 20220804 for Intel(R) 64 architecture applications
  - Intel(R) MKL-DNN v3.3.6 (Git Hash 86e6af5974177e513fd3fee58425e1063e7f1361)
  - OpenMP 201511 (a.k.a. OpenMP 4.5)
  - LAPACK is enabled (usually provided by MKL)
  - NNPACK is enabled
  - CPU capability usage: AVX512
  - CUDA Runtime 12.1
  - NVCC architecture flags: -gencode;arch=compute_50,code=sm_50;-gencode;arch=compute_60,code=sm_60;-gencode;arch=compute_70,code=sm_70;-gencode;arch=compute_75,code=sm_75;-gencode;arch=compute_80,code=sm_80;-gencode;arch=compute_86,code=sm_86;-gencode;arch=compute_90,code=sm_90
  - CuDNN 8.9.2
  - Magma 2.6.1
  - Build settings: BLAS_INFO=mkl, BUILD_TYPE=Release, CUDA_VERSION=12.1, CUDNN_VERSION=8.9.2, CXX_COMPILER=/opt/rh/devtoolset-9/root/usr/bin/c++, CXX_FLAGS= -D_GLIBCXX_USE_CXX11_ABI=0 -fabi-version=11 -fvisibility-inlines-hidden -DUSE_PTHREADPOOL -DNDEBUG -DUSE_KINETO -DLIBKINETO_NOROCTRACER -DUSE_FBGEMM -DUSE_QNNPACK -DUSE_PYTORCH_QNNPACK -DUSE_XNNPACK -DSYMBOLICATE_MOBILE_DEBUG_HANDLE -O2 -fPIC -Wall -Wextra -Werror=return-type -Werror=non-virtual-dtor -Werror=bool-operation -Wnarrowing -Wno-missing-field-initializers -Wno-type-limits -Wno-array-bounds -Wno-unknown-pragmas -Wno-unused-parameter -Wno-unused-function -Wno-unused-result -Wno-strict-overflow -Wno-strict-aliasing -Wno-stringop-overflow -Wsuggest-override -Wno-psabi -Wno-error=pedantic -Wno-error=old-style-cast -Wno-missing-braces -fdiagnostics-color=always -faligned-new -Wno-unused-but-set-variable -Wno-maybe-uninitialized -fno-math-errno -fno-trapping-math -Werror=format -Wno-stringop-overflow, LAPACK_INFO=mkl, PERF_WITH_AVX=1, PERF_WITH_AVX2=1, PERF_WITH_AVX512=1, TORCH_VERSION=2.3.1, USE_CUDA=ON, USE_CUDNN=ON, USE_CUSPARSELT=1, USE_EXCEPTION_PTR=1, USE_GFLAGS=OFF, USE_GLOG=OFF, USE_GLOO=ON, USE_MKL=ON, USE_MKLDNN=ON, USE_MPI=OFF, USE_NCCL=1, USE_NNPACK=ON, USE_OPENMP=ON, USE_ROCM=OFF, USE_ROCM_KERNEL_ASSERT=OFF, 

    TorchVision: 0.18.1+cu121
    OpenCV: 4.10.0
    MMEngine: 0.10.4

Runtime environment:
    cudnn_benchmark: False
    mp_cfg: {'mp_start_method': 'fork', 'opencv_num_threads': 0}
    dist_cfg: {'backend': 'nccl'}
    seed: 0
    deterministic: True
    Distributed launcher: none
    Distributed training: False
    GPU number: 1
------------------------------------------------------------

2024/08/22 08:11:05 - mmengine - INFO - Config:
auto_scale_lr = dict(base_batch_size=1024)
data_dir = '/mnt/data'
data_preprocessor = dict(
    mean=[
        123.675,
        116.28,
        103.53,
    ],
    num_classes=7806,
    std=[
        58.395,
        57.12,
        57.375,
    ],
    to_rgb=True)
default_hooks = dict(
    checkpoint=dict(interval=1, max_keep_ckpts=5, type='CheckpointHook'),
    logger=dict(interval=25, type='LoggerHook'),
    param_scheduler=dict(type='ParamSchedulerHook'),
    sampler_seed=dict(type='DistSamplerSeedHook'),
    timer=dict(type='IterTimerHook'),
    visualization=dict(enable=False, type='VisualizationHook'))
default_scope = 'mmpretrain'
env_cfg = dict(
    cudnn_benchmark=False,
    dist_cfg=dict(backend='nccl'),
    mp_cfg=dict(mp_start_method='fork', opencv_num_threads=0))
launcher = 'none'
load_from = None
log_level = 'INFO'
model = dict(
    backbone=dict(
        arch='dinov2-small',
        frozen_stages=12,
        img_size=518,
        init_cfg=dict(
            checkpoint=
            'https://download.openmmlab.com/mmpretrain/v1.0/dinov2/vit-small-p14_dinov2-pre_3rdparty_20230426-5641ca5a.pth',
            prefix='backbone',
            type='Pretrained'),
        layer_scale_init_value=1e-05,
        patch_size=14,
        type='VisionTransformer'),
    head=dict(
        in_channels=384,
        loss=dict(type='CrossEntropyLoss'),
        num_classes=7806,
        topk=(
            1,
            5,
        ),
        type='VisionTransformerClsHead'),
    neck=None,
    type='ImageClassifier')
optim_wrapper = dict(
    loss_scale='dynamic',
    optimizer=dict(lr=0.0001, type='AdamW', weight_decay=0.05),
    paramwise_cfg=dict(
        custom_keys=dict(
            cls_token=dict(decay_mult=0.0), mask_token=dict(decay_mult=0.0))),
    type='AmpOptimWrapper')
param_scheduler = [
    dict(T_max=20, by_epoch=True, type='CosineAnnealingLR'),
]
randomness = dict(deterministic=True, seed=0)
resume = True
test_cfg = dict()
test_dataloader = dict(
    batch_size=1024,
    collate_fn=dict(type='default_collate'),
    dataset=dict(
        ann_file='annotation/test_2.txt',
        data_prefix='/mnt/data',
        pipeline=[
            dict(type='LoadImageFromFile'),
            dict(
                backend='pillow',
                edge='short',
                interpolation='bicubic',
                scale=518,
                type='ResizeEdge'),
            dict(crop_size=518, type='CenterCrop'),
            dict(type='PackInputs'),
        ],
        type='CustomDataset'),
    num_workers=20,
    persistent_workers=True,
    pin_memory=True,
    sampler=dict(shuffle=True, type='DefaultSampler'))
test_evaluator = [
    dict(topk=(
        1,
        5,
    ), type='Accuracy'),
    dict(type='SingleLabelMetric'),
]
test_pipeline = [
    dict(type='LoadImageFromFile'),
    dict(
        backend='pillow',
        edge='short',
        interpolation='bicubic',
        scale=518,
        type='ResizeEdge'),
    dict(crop_size=518, type='CenterCrop'),
    dict(type='PackInputs'),
]
train_cfg = dict(by_epoch=True, max_epochs=12, val_interval=1)
train_dataloader = dict(
    batch_size=1024,
    collate_fn=dict(type='default_collate'),
    dataset=dict(
        ann_file='annotation/train_2.txt',
        data_prefix='/mnt/data',
        pipeline=[
            dict(type='LoadImageFromFile'),
            dict(
                backend='pillow',
                edge='short',
                interpolation='bicubic',
                scale=518,
                type='ResizeEdge'),
            dict(crop_size=518, type='CenterCrop'),
            dict(type='PackInputs'),
        ],
        type='CustomDataset'),
    num_workers=28,
    persistent_workers=True,
    pin_memory=True,
    sampler=dict(shuffle=True, type='DefaultSampler'))
train_pipeline = [
    dict(type='LoadImageFromFile'),
    dict(
        backend='pillow',
        interpolation='bicubic',
        scale=518,
        type='RandomResizedCrop'),
    dict(direction='horizontal', prob=0.5, type='RandomFlip'),
    dict(type='PackInputs'),
]
val_cfg = dict()
val_dataloader = dict(
    batch_size=1024,
    collate_fn=dict(type='default_collate'),
    dataset=dict(
        ann_file='annotation/val_2.txt',
        data_prefix='/mnt/data',
        pipeline=[
            dict(type='LoadImageFromFile'),
            dict(
                backend='pillow',
                edge='short',
                interpolation='bicubic',
                scale=518,
                type='ResizeEdge'),
            dict(crop_size=518, type='CenterCrop'),
            dict(type='PackInputs'),
        ],
        type='CustomDataset'),
    num_workers=28,
    persistent_workers=True,
    pin_memory=True,
    sampler=dict(shuffle=True, type='DefaultSampler'))
val_evaluator = [
    dict(topk=(
        1,
        5,
    ), type='Accuracy'),
    dict(type='SingleLabelMetric'),
]
vis_backends = [
    dict(type='LocalVisBackend'),
]
visualizer = dict(
    type='UniversalVisualizer', vis_backends=[
        dict(type='LocalVisBackend'),
    ])
work_dir = './work_dirs/leafcaw'

2024/08/22 08:11:06 - mmengine - INFO - Distributed training is not used, all SyncBatchNorm (SyncBN) layers in the model will be automatically reverted to BatchNormXd layers if they are used.
2024/08/22 08:11:06 - mmengine - INFO - Hooks will be executed in the following order:
before_run:
(VERY_HIGH   ) RuntimeInfoHook                    
(BELOW_NORMAL) LoggerHook                         
 -------------------- 
before_train:
(VERY_HIGH   ) RuntimeInfoHook                    
(NORMAL      ) IterTimerHook                      
(VERY_LOW    ) CheckpointHook                     
 -------------------- 
before_train_epoch:
(VERY_HIGH   ) RuntimeInfoHook                    
(NORMAL      ) IterTimerHook                      
(NORMAL      ) DistSamplerSeedHook                
 -------------------- 
before_train_iter:
(VERY_HIGH   ) RuntimeInfoHook                    
(NORMAL      ) IterTimerHook                      
 -------------------- 
after_train_iter:
(VERY_HIGH   ) RuntimeInfoHook                    
(NORMAL      ) IterTimerHook                      
(BELOW_NORMAL) LoggerHook                         
(LOW         ) ParamSchedulerHook                 
(VERY_LOW    ) CheckpointHook                     
 -------------------- 
after_train_epoch:
(NORMAL      ) IterTimerHook                      
(LOW         ) ParamSchedulerHook                 
(VERY_LOW    ) CheckpointHook                     
 -------------------- 
before_val:
(VERY_HIGH   ) RuntimeInfoHook                    
 -------------------- 
before_val_epoch:
(NORMAL      ) IterTimerHook                      
 -------------------- 
before_val_iter:
(NORMAL      ) IterTimerHook                      
 -------------------- 
after_val_iter:
(NORMAL      ) IterTimerHook                      
(NORMAL      ) VisualizationHook                  
(BELOW_NORMAL) LoggerHook                         
 -------------------- 
after_val_epoch:
(VERY_HIGH   ) RuntimeInfoHook                    
(NORMAL      ) IterTimerHook                      
(BELOW_NORMAL) LoggerHook                         
(LOW         ) ParamSchedulerHook                 
(VERY_LOW    ) CheckpointHook                     
 -------------------- 
after_val:
(VERY_HIGH   ) RuntimeInfoHook                    
 -------------------- 
after_train:
(VERY_HIGH   ) RuntimeInfoHook                    
(VERY_LOW    ) CheckpointHook                     
 -------------------- 
before_test:
(VERY_HIGH   ) RuntimeInfoHook                    
 -------------------- 
before_test_epoch:
(NORMAL      ) IterTimerHook                      
 -------------------- 
before_test_iter:
(NORMAL      ) IterTimerHook                      
 -------------------- 
after_test_iter:
(NORMAL      ) IterTimerHook                      
(NORMAL      ) VisualizationHook                  
(BELOW_NORMAL) LoggerHook                         
 -------------------- 
after_test_epoch:
(VERY_HIGH   ) RuntimeInfoHook                    
(NORMAL      ) IterTimerHook                      
(BELOW_NORMAL) LoggerHook                         
 -------------------- 
after_test:
(VERY_HIGH   ) RuntimeInfoHook                    
 -------------------- 
after_run:
(BELOW_NORMAL) LoggerHook                         
 -------------------- 
2024/08/22 08:11:07 - mmengine - WARNING - backbone.cls_token is skipped since its requires_grad=False
2024/08/22 08:11:07 - mmengine - WARNING - backbone.pos_embed is skipped since its requires_grad=False
2024/08/22 08:11:07 - mmengine - WARNING - backbone.patch_embed.projection.weight is skipped since its requires_grad=False
2024/08/22 08:11:07 - mmengine - WARNING - backbone.patch_embed.projection.bias is skipped since its requires_grad=False
2024/08/22 08:11:07 - mmengine - WARNING - backbone.layers.0.ln1.weight is skipped since its requires_grad=False
2024/08/22 08:11:07 - mmengine - WARNING - backbone.layers.0.ln1.bias is skipped since its requires_grad=False
2024/08/22 08:11:07 - mmengine - WARNING - backbone.layers.0.attn.qkv.weight is skipped since its requires_grad=False
2024/08/22 08:11:07 - mmengine - WARNING - backbone.layers.0.attn.qkv.bias is skipped since its requires_grad=False
2024/08/22 08:11:07 - mmengine - WARNING - backbone.layers.0.attn.proj.weight is skipped since its requires_grad=False
2024/08/22 08:11:07 - mmengine - WARNING - backbone.layers.0.attn.proj.bias is skipped since its requires_grad=False
2024/08/22 08:11:07 - mmengine - WARNING - backbone.layers.0.attn.gamma1.weight is skipped since its requires_grad=False
2024/08/22 08:11:07 - mmengine - WARNING - backbone.layers.0.ln2.weight is skipped since its requires_grad=False
2024/08/22 08:11:07 - mmengine - WARNING - backbone.layers.0.ln2.bias is skipped since its requires_grad=False
2024/08/22 08:11:07 - mmengine - WARNING - backbone.layers.0.ffn.layers.0.0.weight is skipped since its requires_grad=False
2024/08/22 08:11:07 - mmengine - WARNING - backbone.layers.0.ffn.layers.0.0.bias is skipped since its requires_grad=False
2024/08/22 08:11:07 - mmengine - WARNING - backbone.layers.0.ffn.layers.1.weight is skipped since its requires_grad=False
2024/08/22 08:11:07 - mmengine - WARNING - backbone.layers.0.ffn.layers.1.bias is skipped since its requires_grad=False
2024/08/22 08:11:07 - mmengine - WARNING - backbone.layers.0.ffn.gamma2.weight is skipped since its requires_grad=False
2024/08/22 08:11:07 - mmengine - WARNING - backbone.layers.1.ln1.weight is skipped since its requires_grad=False
2024/08/22 08:11:07 - mmengine - WARNING - backbone.layers.1.ln1.bias is skipped since its requires_grad=False
2024/08/22 08:11:07 - mmengine - WARNING - backbone.layers.1.attn.qkv.weight is skipped since its requires_grad=False
2024/08/22 08:11:07 - mmengine - WARNING - backbone.layers.1.attn.qkv.bias is skipped since its requires_grad=False
2024/08/22 08:11:07 - mmengine - WARNING - backbone.layers.1.attn.proj.weight is skipped since its requires_grad=False
2024/08/22 08:11:07 - mmengine - WARNING - backbone.layers.1.attn.proj.bias is skipped since its requires_grad=False
2024/08/22 08:11:07 - mmengine - WARNING - backbone.layers.1.attn.gamma1.weight is skipped since its requires_grad=False
2024/08/22 08:11:07 - mmengine - WARNING - backbone.layers.1.ln2.weight is skipped since its requires_grad=False
2024/08/22 08:11:07 - mmengine - WARNING - backbone.layers.1.ln2.bias is skipped since its requires_grad=False
2024/08/22 08:11:07 - mmengine - WARNING - backbone.layers.1.ffn.layers.0.0.weight is skipped since its requires_grad=False
2024/08/22 08:11:07 - mmengine - WARNING - backbone.layers.1.ffn.layers.0.0.bias is skipped since its requires_grad=False
2024/08/22 08:11:07 - mmengine - WARNING - backbone.layers.1.ffn.layers.1.weight is skipped since its requires_grad=False
2024/08/22 08:11:07 - mmengine - WARNING - backbone.layers.1.ffn.layers.1.bias is skipped since its requires_grad=False
2024/08/22 08:11:07 - mmengine - WARNING - backbone.layers.1.ffn.gamma2.weight is skipped since its requires_grad=False
2024/08/22 08:11:07 - mmengine - WARNING - backbone.layers.2.ln1.weight is skipped since its requires_grad=False
2024/08/22 08:11:07 - mmengine - WARNING - backbone.layers.2.ln1.bias is skipped since its requires_grad=False
2024/08/22 08:11:07 - mmengine - WARNING - backbone.layers.2.attn.qkv.weight is skipped since its requires_grad=False
2024/08/22 08:11:07 - mmengine - WARNING - backbone.layers.2.attn.qkv.bias is skipped since its requires_grad=False
2024/08/22 08:11:07 - mmengine - WARNING - backbone.layers.2.attn.proj.weight is skipped since its requires_grad=False
2024/08/22 08:11:07 - mmengine - WARNING - backbone.layers.2.attn.proj.bias is skipped since its requires_grad=False
2024/08/22 08:11:07 - mmengine - WARNING - backbone.layers.2.attn.gamma1.weight is skipped since its requires_grad=False
2024/08/22 08:11:07 - mmengine - WARNING - backbone.layers.2.ln2.weight is skipped since its requires_grad=False
2024/08/22 08:11:07 - mmengine - WARNING - backbone.layers.2.ln2.bias is skipped since its requires_grad=False
2024/08/22 08:11:07 - mmengine - WARNING - backbone.layers.2.ffn.layers.0.0.weight is skipped since its requires_grad=False
2024/08/22 08:11:07 - mmengine - WARNING - backbone.layers.2.ffn.layers.0.0.bias is skipped since its requires_grad=False
2024/08/22 08:11:07 - mmengine - WARNING - backbone.layers.2.ffn.layers.1.weight is skipped since its requires_grad=False
2024/08/22 08:11:07 - mmengine - WARNING - backbone.layers.2.ffn.layers.1.bias is skipped since its requires_grad=False
2024/08/22 08:11:07 - mmengine - WARNING - backbone.layers.2.ffn.gamma2.weight is skipped since its requires_grad=False
2024/08/22 08:11:07 - mmengine - WARNING - backbone.layers.3.ln1.weight is skipped since its requires_grad=False
2024/08/22 08:11:07 - mmengine - WARNING - backbone.layers.3.ln1.bias is skipped since its requires_grad=False
2024/08/22 08:11:07 - mmengine - WARNING - backbone.layers.3.attn.qkv.weight is skipped since its requires_grad=False
2024/08/22 08:11:07 - mmengine - WARNING - backbone.layers.3.attn.qkv.bias is skipped since its requires_grad=False
2024/08/22 08:11:07 - mmengine - WARNING - backbone.layers.3.attn.proj.weight is skipped since its requires_grad=False
2024/08/22 08:11:07 - mmengine - WARNING - backbone.layers.3.attn.proj.bias is skipped since its requires_grad=False
2024/08/22 08:11:07 - mmengine - WARNING - backbone.layers.3.attn.gamma1.weight is skipped since its requires_grad=False
2024/08/22 08:11:07 - mmengine - WARNING - backbone.layers.3.ln2.weight is skipped since its requires_grad=False
2024/08/22 08:11:07 - mmengine - WARNING - backbone.layers.3.ln2.bias is skipped since its requires_grad=False
2024/08/22 08:11:07 - mmengine - WARNING - backbone.layers.3.ffn.layers.0.0.weight is skipped since its requires_grad=False
2024/08/22 08:11:07 - mmengine - WARNING - backbone.layers.3.ffn.layers.0.0.bias is skipped since its requires_grad=False
2024/08/22 08:11:07 - mmengine - WARNING - backbone.layers.3.ffn.layers.1.weight is skipped since its requires_grad=False
2024/08/22 08:11:07 - mmengine - WARNING - backbone.layers.3.ffn.layers.1.bias is skipped since its requires_grad=False
2024/08/22 08:11:07 - mmengine - WARNING - backbone.layers.3.ffn.gamma2.weight is skipped since its requires_grad=False
2024/08/22 08:11:07 - mmengine - WARNING - backbone.layers.4.ln1.weight is skipped since its requires_grad=False
2024/08/22 08:11:07 - mmengine - WARNING - backbone.layers.4.ln1.bias is skipped since its requires_grad=False
2024/08/22 08:11:07 - mmengine - WARNING - backbone.layers.4.attn.qkv.weight is skipped since its requires_grad=False
2024/08/22 08:11:07 - mmengine - WARNING - backbone.layers.4.attn.qkv.bias is skipped since its requires_grad=False
2024/08/22 08:11:07 - mmengine - WARNING - backbone.layers.4.attn.proj.weight is skipped since its requires_grad=False
2024/08/22 08:11:07 - mmengine - WARNING - backbone.layers.4.attn.proj.bias is skipped since its requires_grad=False
2024/08/22 08:11:07 - mmengine - WARNING - backbone.layers.4.attn.gamma1.weight is skipped since its requires_grad=False
2024/08/22 08:11:07 - mmengine - WARNING - backbone.layers.4.ln2.weight is skipped since its requires_grad=False
2024/08/22 08:11:07 - mmengine - WARNING - backbone.layers.4.ln2.bias is skipped since its requires_grad=False
2024/08/22 08:11:07 - mmengine - WARNING - backbone.layers.4.ffn.layers.0.0.weight is skipped since its requires_grad=False
2024/08/22 08:11:07 - mmengine - WARNING - backbone.layers.4.ffn.layers.0.0.bias is skipped since its requires_grad=False
2024/08/22 08:11:07 - mmengine - WARNING - backbone.layers.4.ffn.layers.1.weight is skipped since its requires_grad=False
2024/08/22 08:11:07 - mmengine - WARNING - backbone.layers.4.ffn.layers.1.bias is skipped since its requires_grad=False
2024/08/22 08:11:07 - mmengine - WARNING - backbone.layers.4.ffn.gamma2.weight is skipped since its requires_grad=False
2024/08/22 08:11:07 - mmengine - WARNING - backbone.layers.5.ln1.weight is skipped since its requires_grad=False
2024/08/22 08:11:07 - mmengine - WARNING - backbone.layers.5.ln1.bias is skipped since its requires_grad=False
2024/08/22 08:11:07 - mmengine - WARNING - backbone.layers.5.attn.qkv.weight is skipped since its requires_grad=False
2024/08/22 08:11:07 - mmengine - WARNING - backbone.layers.5.attn.qkv.bias is skipped since its requires_grad=False
2024/08/22 08:11:07 - mmengine - WARNING - backbone.layers.5.attn.proj.weight is skipped since its requires_grad=False
2024/08/22 08:11:07 - mmengine - WARNING - backbone.layers.5.attn.proj.bias is skipped since its requires_grad=False
2024/08/22 08:11:07 - mmengine - WARNING - backbone.layers.5.attn.gamma1.weight is skipped since its requires_grad=False
2024/08/22 08:11:07 - mmengine - WARNING - backbone.layers.5.ln2.weight is skipped since its requires_grad=False
2024/08/22 08:11:07 - mmengine - WARNING - backbone.layers.5.ln2.bias is skipped since its requires_grad=False
2024/08/22 08:11:07 - mmengine - WARNING - backbone.layers.5.ffn.layers.0.0.weight is skipped since its requires_grad=False
2024/08/22 08:11:07 - mmengine - WARNING - backbone.layers.5.ffn.layers.0.0.bias is skipped since its requires_grad=False
2024/08/22 08:11:07 - mmengine - WARNING - backbone.layers.5.ffn.layers.1.weight is skipped since its requires_grad=False
2024/08/22 08:11:07 - mmengine - WARNING - backbone.layers.5.ffn.layers.1.bias is skipped since its requires_grad=False
2024/08/22 08:11:07 - mmengine - WARNING - backbone.layers.5.ffn.gamma2.weight is skipped since its requires_grad=False
2024/08/22 08:11:07 - mmengine - WARNING - backbone.layers.6.ln1.weight is skipped since its requires_grad=False
2024/08/22 08:11:07 - mmengine - WARNING - backbone.layers.6.ln1.bias is skipped since its requires_grad=False
2024/08/22 08:11:07 - mmengine - WARNING - backbone.layers.6.attn.qkv.weight is skipped since its requires_grad=False
2024/08/22 08:11:07 - mmengine - WARNING - backbone.layers.6.attn.qkv.bias is skipped since its requires_grad=False
2024/08/22 08:11:07 - mmengine - WARNING - backbone.layers.6.attn.proj.weight is skipped since its requires_grad=False
2024/08/22 08:11:07 - mmengine - WARNING - backbone.layers.6.attn.proj.bias is skipped since its requires_grad=False
2024/08/22 08:11:07 - mmengine - WARNING - backbone.layers.6.attn.gamma1.weight is skipped since its requires_grad=False
2024/08/22 08:11:07 - mmengine - WARNING - backbone.layers.6.ln2.weight is skipped since its requires_grad=False
2024/08/22 08:11:07 - mmengine - WARNING - backbone.layers.6.ln2.bias is skipped since its requires_grad=False
2024/08/22 08:11:07 - mmengine - WARNING - backbone.layers.6.ffn.layers.0.0.weight is skipped since its requires_grad=False
2024/08/22 08:11:07 - mmengine - WARNING - backbone.layers.6.ffn.layers.0.0.bias is skipped since its requires_grad=False
2024/08/22 08:11:07 - mmengine - WARNING - backbone.layers.6.ffn.layers.1.weight is skipped since its requires_grad=False
2024/08/22 08:11:07 - mmengine - WARNING - backbone.layers.6.ffn.layers.1.bias is skipped since its requires_grad=False
2024/08/22 08:11:07 - mmengine - WARNING - backbone.layers.6.ffn.gamma2.weight is skipped since its requires_grad=False
2024/08/22 08:11:07 - mmengine - WARNING - backbone.layers.7.ln1.weight is skipped since its requires_grad=False
2024/08/22 08:11:07 - mmengine - WARNING - backbone.layers.7.ln1.bias is skipped since its requires_grad=False
2024/08/22 08:11:07 - mmengine - WARNING - backbone.layers.7.attn.qkv.weight is skipped since its requires_grad=False
2024/08/22 08:11:07 - mmengine - WARNING - backbone.layers.7.attn.qkv.bias is skipped since its requires_grad=False
2024/08/22 08:11:07 - mmengine - WARNING - backbone.layers.7.attn.proj.weight is skipped since its requires_grad=False
2024/08/22 08:11:07 - mmengine - WARNING - backbone.layers.7.attn.proj.bias is skipped since its requires_grad=False
2024/08/22 08:11:07 - mmengine - WARNING - backbone.layers.7.attn.gamma1.weight is skipped since its requires_grad=False
2024/08/22 08:11:07 - mmengine - WARNING - backbone.layers.7.ln2.weight is skipped since its requires_grad=False
2024/08/22 08:11:07 - mmengine - WARNING - backbone.layers.7.ln2.bias is skipped since its requires_grad=False
2024/08/22 08:11:07 - mmengine - WARNING - backbone.layers.7.ffn.layers.0.0.weight is skipped since its requires_grad=False
2024/08/22 08:11:07 - mmengine - WARNING - backbone.layers.7.ffn.layers.0.0.bias is skipped since its requires_grad=False
2024/08/22 08:11:07 - mmengine - WARNING - backbone.layers.7.ffn.layers.1.weight is skipped since its requires_grad=False
2024/08/22 08:11:07 - mmengine - WARNING - backbone.layers.7.ffn.layers.1.bias is skipped since its requires_grad=False
2024/08/22 08:11:07 - mmengine - WARNING - backbone.layers.7.ffn.gamma2.weight is skipped since its requires_grad=False
2024/08/22 08:11:07 - mmengine - WARNING - backbone.layers.8.ln1.weight is skipped since its requires_grad=False
2024/08/22 08:11:07 - mmengine - WARNING - backbone.layers.8.ln1.bias is skipped since its requires_grad=False
2024/08/22 08:11:07 - mmengine - WARNING - backbone.layers.8.attn.qkv.weight is skipped since its requires_grad=False
2024/08/22 08:11:07 - mmengine - WARNING - backbone.layers.8.attn.qkv.bias is skipped since its requires_grad=False
2024/08/22 08:11:07 - mmengine - WARNING - backbone.layers.8.attn.proj.weight is skipped since its requires_grad=False
2024/08/22 08:11:07 - mmengine - WARNING - backbone.layers.8.attn.proj.bias is skipped since its requires_grad=False
2024/08/22 08:11:07 - mmengine - WARNING - backbone.layers.8.attn.gamma1.weight is skipped since its requires_grad=False
2024/08/22 08:11:07 - mmengine - WARNING - backbone.layers.8.ln2.weight is skipped since its requires_grad=False
2024/08/22 08:11:07 - mmengine - WARNING - backbone.layers.8.ln2.bias is skipped since its requires_grad=False
2024/08/22 08:11:07 - mmengine - WARNING - backbone.layers.8.ffn.layers.0.0.weight is skipped since its requires_grad=False
2024/08/22 08:11:07 - mmengine - WARNING - backbone.layers.8.ffn.layers.0.0.bias is skipped since its requires_grad=False
2024/08/22 08:11:07 - mmengine - WARNING - backbone.layers.8.ffn.layers.1.weight is skipped since its requires_grad=False
2024/08/22 08:11:07 - mmengine - WARNING - backbone.layers.8.ffn.layers.1.bias is skipped since its requires_grad=False
2024/08/22 08:11:07 - mmengine - WARNING - backbone.layers.8.ffn.gamma2.weight is skipped since its requires_grad=False
2024/08/22 08:11:07 - mmengine - WARNING - backbone.layers.9.ln1.weight is skipped since its requires_grad=False
2024/08/22 08:11:07 - mmengine - WARNING - backbone.layers.9.ln1.bias is skipped since its requires_grad=False
2024/08/22 08:11:07 - mmengine - WARNING - backbone.layers.9.attn.qkv.weight is skipped since its requires_grad=False
2024/08/22 08:11:07 - mmengine - WARNING - backbone.layers.9.attn.qkv.bias is skipped since its requires_grad=False
2024/08/22 08:11:07 - mmengine - WARNING - backbone.layers.9.attn.proj.weight is skipped since its requires_grad=False
2024/08/22 08:11:07 - mmengine - WARNING - backbone.layers.9.attn.proj.bias is skipped since its requires_grad=False
2024/08/22 08:11:07 - mmengine - WARNING - backbone.layers.9.attn.gamma1.weight is skipped since its requires_grad=False
2024/08/22 08:11:07 - mmengine - WARNING - backbone.layers.9.ln2.weight is skipped since its requires_grad=False
2024/08/22 08:11:07 - mmengine - WARNING - backbone.layers.9.ln2.bias is skipped since its requires_grad=False
2024/08/22 08:11:07 - mmengine - WARNING - backbone.layers.9.ffn.layers.0.0.weight is skipped since its requires_grad=False
2024/08/22 08:11:07 - mmengine - WARNING - backbone.layers.9.ffn.layers.0.0.bias is skipped since its requires_grad=False
2024/08/22 08:11:07 - mmengine - WARNING - backbone.layers.9.ffn.layers.1.weight is skipped since its requires_grad=False
2024/08/22 08:11:07 - mmengine - WARNING - backbone.layers.9.ffn.layers.1.bias is skipped since its requires_grad=False
2024/08/22 08:11:07 - mmengine - WARNING - backbone.layers.9.ffn.gamma2.weight is skipped since its requires_grad=False
2024/08/22 08:11:07 - mmengine - WARNING - backbone.layers.10.ln1.weight is skipped since its requires_grad=False
2024/08/22 08:11:07 - mmengine - WARNING - backbone.layers.10.ln1.bias is skipped since its requires_grad=False
2024/08/22 08:11:07 - mmengine - WARNING - backbone.layers.10.attn.qkv.weight is skipped since its requires_grad=False
2024/08/22 08:11:07 - mmengine - WARNING - backbone.layers.10.attn.qkv.bias is skipped since its requires_grad=False
2024/08/22 08:11:07 - mmengine - WARNING - backbone.layers.10.attn.proj.weight is skipped since its requires_grad=False
2024/08/22 08:11:07 - mmengine - WARNING - backbone.layers.10.attn.proj.bias is skipped since its requires_grad=False
2024/08/22 08:11:07 - mmengine - WARNING - backbone.layers.10.attn.gamma1.weight is skipped since its requires_grad=False
2024/08/22 08:11:07 - mmengine - WARNING - backbone.layers.10.ln2.weight is skipped since its requires_grad=False
2024/08/22 08:11:07 - mmengine - WARNING - backbone.layers.10.ln2.bias is skipped since its requires_grad=False
2024/08/22 08:11:07 - mmengine - WARNING - backbone.layers.10.ffn.layers.0.0.weight is skipped since its requires_grad=False
2024/08/22 08:11:07 - mmengine - WARNING - backbone.layers.10.ffn.layers.0.0.bias is skipped since its requires_grad=False
2024/08/22 08:11:07 - mmengine - WARNING - backbone.layers.10.ffn.layers.1.weight is skipped since its requires_grad=False
2024/08/22 08:11:07 - mmengine - WARNING - backbone.layers.10.ffn.layers.1.bias is skipped since its requires_grad=False
2024/08/22 08:11:07 - mmengine - WARNING - backbone.layers.10.ffn.gamma2.weight is skipped since its requires_grad=False
2024/08/22 08:11:07 - mmengine - WARNING - backbone.layers.11.ln1.weight is skipped since its requires_grad=False
2024/08/22 08:11:07 - mmengine - WARNING - backbone.layers.11.ln1.bias is skipped since its requires_grad=False
2024/08/22 08:11:07 - mmengine - WARNING - backbone.layers.11.attn.qkv.weight is skipped since its requires_grad=False
2024/08/22 08:11:07 - mmengine - WARNING - backbone.layers.11.attn.qkv.bias is skipped since its requires_grad=False
2024/08/22 08:11:07 - mmengine - WARNING - backbone.layers.11.attn.proj.weight is skipped since its requires_grad=False
2024/08/22 08:11:07 - mmengine - WARNING - backbone.layers.11.attn.proj.bias is skipped since its requires_grad=False
2024/08/22 08:11:07 - mmengine - WARNING - backbone.layers.11.attn.gamma1.weight is skipped since its requires_grad=False
2024/08/22 08:11:07 - mmengine - WARNING - backbone.layers.11.ln2.weight is skipped since its requires_grad=False
2024/08/22 08:11:07 - mmengine - WARNING - backbone.layers.11.ln2.bias is skipped since its requires_grad=False
2024/08/22 08:11:07 - mmengine - WARNING - backbone.layers.11.ffn.layers.0.0.weight is skipped since its requires_grad=False
2024/08/22 08:11:07 - mmengine - WARNING - backbone.layers.11.ffn.layers.0.0.bias is skipped since its requires_grad=False
2024/08/22 08:11:07 - mmengine - WARNING - backbone.layers.11.ffn.layers.1.weight is skipped since its requires_grad=False
2024/08/22 08:11:07 - mmengine - WARNING - backbone.layers.11.ffn.layers.1.bias is skipped since its requires_grad=False
2024/08/22 08:11:07 - mmengine - WARNING - backbone.layers.11.ffn.gamma2.weight is skipped since its requires_grad=False
2024/08/22 08:11:07 - mmengine - WARNING - backbone.ln1.weight is skipped since its requires_grad=False
2024/08/22 08:11:07 - mmengine - WARNING - backbone.ln1.bias is skipped since its requires_grad=False
2024/08/22 08:11:08 - mmengine - INFO - load backbone in model from: https://download.openmmlab.com/mmpretrain/v1.0/dinov2/vit-small-p14_dinov2-pre_3rdparty_20230426-5641ca5a.pth
2024/08/22 08:11:08 - mmengine - WARNING - The model and loaded state dict do not match exactly

unexpected key in source state_dict: mask_token

Name of parameter - Initialization information

backbone.cls_token - torch.Size([1, 1, 384]): 
PretrainedInit: load from https://download.openmmlab.com/mmpretrain/v1.0/dinov2/vit-small-p14_dinov2-pre_3rdparty_20230426-5641ca5a.pth 

backbone.pos_embed - torch.Size([1, 1370, 384]): 
PretrainedInit: load from https://download.openmmlab.com/mmpretrain/v1.0/dinov2/vit-small-p14_dinov2-pre_3rdparty_20230426-5641ca5a.pth 

backbone.patch_embed.projection.weight - torch.Size([384, 3, 14, 14]): 
PretrainedInit: load from https://download.openmmlab.com/mmpretrain/v1.0/dinov2/vit-small-p14_dinov2-pre_3rdparty_20230426-5641ca5a.pth 

backbone.patch_embed.projection.bias - torch.Size([384]): 
PretrainedInit: load from https://download.openmmlab.com/mmpretrain/v1.0/dinov2/vit-small-p14_dinov2-pre_3rdparty_20230426-5641ca5a.pth 

backbone.layers.0.ln1.weight - torch.Size([384]): 
PretrainedInit: load from https://download.openmmlab.com/mmpretrain/v1.0/dinov2/vit-small-p14_dinov2-pre_3rdparty_20230426-5641ca5a.pth 

backbone.layers.0.ln1.bias - torch.Size([384]): 
PretrainedInit: load from https://download.openmmlab.com/mmpretrain/v1.0/dinov2/vit-small-p14_dinov2-pre_3rdparty_20230426-5641ca5a.pth 

backbone.layers.0.attn.qkv.weight - torch.Size([1152, 384]): 
PretrainedInit: load from https://download.openmmlab.com/mmpretrain/v1.0/dinov2/vit-small-p14_dinov2-pre_3rdparty_20230426-5641ca5a.pth 

backbone.layers.0.attn.qkv.bias - torch.Size([1152]): 
PretrainedInit: load from https://download.openmmlab.com/mmpretrain/v1.0/dinov2/vit-small-p14_dinov2-pre_3rdparty_20230426-5641ca5a.pth 

backbone.layers.0.attn.proj.weight - torch.Size([384, 384]): 
PretrainedInit: load from https://download.openmmlab.com/mmpretrain/v1.0/dinov2/vit-small-p14_dinov2-pre_3rdparty_20230426-5641ca5a.pth 

backbone.layers.0.attn.proj.bias - torch.Size([384]): 
PretrainedInit: load from https://download.openmmlab.com/mmpretrain/v1.0/dinov2/vit-small-p14_dinov2-pre_3rdparty_20230426-5641ca5a.pth 

backbone.layers.0.attn.gamma1.weight - torch.Size([384]): 
PretrainedInit: load from https://download.openmmlab.com/mmpretrain/v1.0/dinov2/vit-small-p14_dinov2-pre_3rdparty_20230426-5641ca5a.pth 

backbone.layers.0.ln2.weight - torch.Size([384]): 
PretrainedInit: load from https://download.openmmlab.com/mmpretrain/v1.0/dinov2/vit-small-p14_dinov2-pre_3rdparty_20230426-5641ca5a.pth 

backbone.layers.0.ln2.bias - torch.Size([384]): 
PretrainedInit: load from https://download.openmmlab.com/mmpretrain/v1.0/dinov2/vit-small-p14_dinov2-pre_3rdparty_20230426-5641ca5a.pth 

backbone.layers.0.ffn.layers.0.0.weight - torch.Size([1536, 384]): 
PretrainedInit: load from https://download.openmmlab.com/mmpretrain/v1.0/dinov2/vit-small-p14_dinov2-pre_3rdparty_20230426-5641ca5a.pth 

backbone.layers.0.ffn.layers.0.0.bias - torch.Size([1536]): 
PretrainedInit: load from https://download.openmmlab.com/mmpretrain/v1.0/dinov2/vit-small-p14_dinov2-pre_3rdparty_20230426-5641ca5a.pth 

backbone.layers.0.ffn.layers.1.weight - torch.Size([384, 1536]): 
PretrainedInit: load from https://download.openmmlab.com/mmpretrain/v1.0/dinov2/vit-small-p14_dinov2-pre_3rdparty_20230426-5641ca5a.pth 

backbone.layers.0.ffn.layers.1.bias - torch.Size([384]): 
PretrainedInit: load from https://download.openmmlab.com/mmpretrain/v1.0/dinov2/vit-small-p14_dinov2-pre_3rdparty_20230426-5641ca5a.pth 

backbone.layers.0.ffn.gamma2.weight - torch.Size([384]): 
PretrainedInit: load from https://download.openmmlab.com/mmpretrain/v1.0/dinov2/vit-small-p14_dinov2-pre_3rdparty_20230426-5641ca5a.pth 

backbone.layers.1.ln1.weight - torch.Size([384]): 
PretrainedInit: load from https://download.openmmlab.com/mmpretrain/v1.0/dinov2/vit-small-p14_dinov2-pre_3rdparty_20230426-5641ca5a.pth 

backbone.layers.1.ln1.bias - torch.Size([384]): 
PretrainedInit: load from https://download.openmmlab.com/mmpretrain/v1.0/dinov2/vit-small-p14_dinov2-pre_3rdparty_20230426-5641ca5a.pth 

backbone.layers.1.attn.qkv.weight - torch.Size([1152, 384]): 
PretrainedInit: load from https://download.openmmlab.com/mmpretrain/v1.0/dinov2/vit-small-p14_dinov2-pre_3rdparty_20230426-5641ca5a.pth 

backbone.layers.1.attn.qkv.bias - torch.Size([1152]): 
PretrainedInit: load from https://download.openmmlab.com/mmpretrain/v1.0/dinov2/vit-small-p14_dinov2-pre_3rdparty_20230426-5641ca5a.pth 

backbone.layers.1.attn.proj.weight - torch.Size([384, 384]): 
PretrainedInit: load from https://download.openmmlab.com/mmpretrain/v1.0/dinov2/vit-small-p14_dinov2-pre_3rdparty_20230426-5641ca5a.pth 

backbone.layers.1.attn.proj.bias - torch.Size([384]): 
PretrainedInit: load from https://download.openmmlab.com/mmpretrain/v1.0/dinov2/vit-small-p14_dinov2-pre_3rdparty_20230426-5641ca5a.pth 

backbone.layers.1.attn.gamma1.weight - torch.Size([384]): 
PretrainedInit: load from https://download.openmmlab.com/mmpretrain/v1.0/dinov2/vit-small-p14_dinov2-pre_3rdparty_20230426-5641ca5a.pth 

backbone.layers.1.ln2.weight - torch.Size([384]): 
PretrainedInit: load from https://download.openmmlab.com/mmpretrain/v1.0/dinov2/vit-small-p14_dinov2-pre_3rdparty_20230426-5641ca5a.pth 

backbone.layers.1.ln2.bias - torch.Size([384]): 
PretrainedInit: load from https://download.openmmlab.com/mmpretrain/v1.0/dinov2/vit-small-p14_dinov2-pre_3rdparty_20230426-5641ca5a.pth 

backbone.layers.1.ffn.layers.0.0.weight - torch.Size([1536, 384]): 
PretrainedInit: load from https://download.openmmlab.com/mmpretrain/v1.0/dinov2/vit-small-p14_dinov2-pre_3rdparty_20230426-5641ca5a.pth 

backbone.layers.1.ffn.layers.0.0.bias - torch.Size([1536]): 
PretrainedInit: load from https://download.openmmlab.com/mmpretrain/v1.0/dinov2/vit-small-p14_dinov2-pre_3rdparty_20230426-5641ca5a.pth 

backbone.layers.1.ffn.layers.1.weight - torch.Size([384, 1536]): 
PretrainedInit: load from https://download.openmmlab.com/mmpretrain/v1.0/dinov2/vit-small-p14_dinov2-pre_3rdparty_20230426-5641ca5a.pth 

backbone.layers.1.ffn.layers.1.bias - torch.Size([384]): 
PretrainedInit: load from https://download.openmmlab.com/mmpretrain/v1.0/dinov2/vit-small-p14_dinov2-pre_3rdparty_20230426-5641ca5a.pth 

backbone.layers.1.ffn.gamma2.weight - torch.Size([384]): 
PretrainedInit: load from https://download.openmmlab.com/mmpretrain/v1.0/dinov2/vit-small-p14_dinov2-pre_3rdparty_20230426-5641ca5a.pth 

backbone.layers.2.ln1.weight - torch.Size([384]): 
PretrainedInit: load from https://download.openmmlab.com/mmpretrain/v1.0/dinov2/vit-small-p14_dinov2-pre_3rdparty_20230426-5641ca5a.pth 

backbone.layers.2.ln1.bias - torch.Size([384]): 
PretrainedInit: load from https://download.openmmlab.com/mmpretrain/v1.0/dinov2/vit-small-p14_dinov2-pre_3rdparty_20230426-5641ca5a.pth 

backbone.layers.2.attn.qkv.weight - torch.Size([1152, 384]): 
PretrainedInit: load from https://download.openmmlab.com/mmpretrain/v1.0/dinov2/vit-small-p14_dinov2-pre_3rdparty_20230426-5641ca5a.pth 

backbone.layers.2.attn.qkv.bias - torch.Size([1152]): 
PretrainedInit: load from https://download.openmmlab.com/mmpretrain/v1.0/dinov2/vit-small-p14_dinov2-pre_3rdparty_20230426-5641ca5a.pth 

backbone.layers.2.attn.proj.weight - torch.Size([384, 384]): 
PretrainedInit: load from https://download.openmmlab.com/mmpretrain/v1.0/dinov2/vit-small-p14_dinov2-pre_3rdparty_20230426-5641ca5a.pth 

backbone.layers.2.attn.proj.bias - torch.Size([384]): 
PretrainedInit: load from https://download.openmmlab.com/mmpretrain/v1.0/dinov2/vit-small-p14_dinov2-pre_3rdparty_20230426-5641ca5a.pth 

backbone.layers.2.attn.gamma1.weight - torch.Size([384]): 
PretrainedInit: load from https://download.openmmlab.com/mmpretrain/v1.0/dinov2/vit-small-p14_dinov2-pre_3rdparty_20230426-5641ca5a.pth 

backbone.layers.2.ln2.weight - torch.Size([384]): 
PretrainedInit: load from https://download.openmmlab.com/mmpretrain/v1.0/dinov2/vit-small-p14_dinov2-pre_3rdparty_20230426-5641ca5a.pth 

backbone.layers.2.ln2.bias - torch.Size([384]): 
PretrainedInit: load from https://download.openmmlab.com/mmpretrain/v1.0/dinov2/vit-small-p14_dinov2-pre_3rdparty_20230426-5641ca5a.pth 

backbone.layers.2.ffn.layers.0.0.weight - torch.Size([1536, 384]): 
PretrainedInit: load from https://download.openmmlab.com/mmpretrain/v1.0/dinov2/vit-small-p14_dinov2-pre_3rdparty_20230426-5641ca5a.pth 

backbone.layers.2.ffn.layers.0.0.bias - torch.Size([1536]): 
PretrainedInit: load from https://download.openmmlab.com/mmpretrain/v1.0/dinov2/vit-small-p14_dinov2-pre_3rdparty_20230426-5641ca5a.pth 

backbone.layers.2.ffn.layers.1.weight - torch.Size([384, 1536]): 
PretrainedInit: load from https://download.openmmlab.com/mmpretrain/v1.0/dinov2/vit-small-p14_dinov2-pre_3rdparty_20230426-5641ca5a.pth 

backbone.layers.2.ffn.layers.1.bias - torch.Size([384]): 
PretrainedInit: load from https://download.openmmlab.com/mmpretrain/v1.0/dinov2/vit-small-p14_dinov2-pre_3rdparty_20230426-5641ca5a.pth 

backbone.layers.2.ffn.gamma2.weight - torch.Size([384]): 
PretrainedInit: load from https://download.openmmlab.com/mmpretrain/v1.0/dinov2/vit-small-p14_dinov2-pre_3rdparty_20230426-5641ca5a.pth 

backbone.layers.3.ln1.weight - torch.Size([384]): 
PretrainedInit: load from https://download.openmmlab.com/mmpretrain/v1.0/dinov2/vit-small-p14_dinov2-pre_3rdparty_20230426-5641ca5a.pth 

backbone.layers.3.ln1.bias - torch.Size([384]): 
PretrainedInit: load from https://download.openmmlab.com/mmpretrain/v1.0/dinov2/vit-small-p14_dinov2-pre_3rdparty_20230426-5641ca5a.pth 

backbone.layers.3.attn.qkv.weight - torch.Size([1152, 384]): 
PretrainedInit: load from https://download.openmmlab.com/mmpretrain/v1.0/dinov2/vit-small-p14_dinov2-pre_3rdparty_20230426-5641ca5a.pth 

backbone.layers.3.attn.qkv.bias - torch.Size([1152]): 
PretrainedInit: load from https://download.openmmlab.com/mmpretrain/v1.0/dinov2/vit-small-p14_dinov2-pre_3rdparty_20230426-5641ca5a.pth 

backbone.layers.3.attn.proj.weight - torch.Size([384, 384]): 
PretrainedInit: load from https://download.openmmlab.com/mmpretrain/v1.0/dinov2/vit-small-p14_dinov2-pre_3rdparty_20230426-5641ca5a.pth 

backbone.layers.3.attn.proj.bias - torch.Size([384]): 
PretrainedInit: load from https://download.openmmlab.com/mmpretrain/v1.0/dinov2/vit-small-p14_dinov2-pre_3rdparty_20230426-5641ca5a.pth 

backbone.layers.3.attn.gamma1.weight - torch.Size([384]): 
PretrainedInit: load from https://download.openmmlab.com/mmpretrain/v1.0/dinov2/vit-small-p14_dinov2-pre_3rdparty_20230426-5641ca5a.pth 

backbone.layers.3.ln2.weight - torch.Size([384]): 
PretrainedInit: load from https://download.openmmlab.com/mmpretrain/v1.0/dinov2/vit-small-p14_dinov2-pre_3rdparty_20230426-5641ca5a.pth 

backbone.layers.3.ln2.bias - torch.Size([384]): 
PretrainedInit: load from https://download.openmmlab.com/mmpretrain/v1.0/dinov2/vit-small-p14_dinov2-pre_3rdparty_20230426-5641ca5a.pth 

backbone.layers.3.ffn.layers.0.0.weight - torch.Size([1536, 384]): 
PretrainedInit: load from https://download.openmmlab.com/mmpretrain/v1.0/dinov2/vit-small-p14_dinov2-pre_3rdparty_20230426-5641ca5a.pth 

backbone.layers.3.ffn.layers.0.0.bias - torch.Size([1536]): 
PretrainedInit: load from https://download.openmmlab.com/mmpretrain/v1.0/dinov2/vit-small-p14_dinov2-pre_3rdparty_20230426-5641ca5a.pth 

backbone.layers.3.ffn.layers.1.weight - torch.Size([384, 1536]): 
PretrainedInit: load from https://download.openmmlab.com/mmpretrain/v1.0/dinov2/vit-small-p14_dinov2-pre_3rdparty_20230426-5641ca5a.pth 

backbone.layers.3.ffn.layers.1.bias - torch.Size([384]): 
PretrainedInit: load from https://download.openmmlab.com/mmpretrain/v1.0/dinov2/vit-small-p14_dinov2-pre_3rdparty_20230426-5641ca5a.pth 

backbone.layers.3.ffn.gamma2.weight - torch.Size([384]): 
PretrainedInit: load from https://download.openmmlab.com/mmpretrain/v1.0/dinov2/vit-small-p14_dinov2-pre_3rdparty_20230426-5641ca5a.pth 

backbone.layers.4.ln1.weight - torch.Size([384]): 
PretrainedInit: load from https://download.openmmlab.com/mmpretrain/v1.0/dinov2/vit-small-p14_dinov2-pre_3rdparty_20230426-5641ca5a.pth 

backbone.layers.4.ln1.bias - torch.Size([384]): 
PretrainedInit: load from https://download.openmmlab.com/mmpretrain/v1.0/dinov2/vit-small-p14_dinov2-pre_3rdparty_20230426-5641ca5a.pth 

backbone.layers.4.attn.qkv.weight - torch.Size([1152, 384]): 
PretrainedInit: load from https://download.openmmlab.com/mmpretrain/v1.0/dinov2/vit-small-p14_dinov2-pre_3rdparty_20230426-5641ca5a.pth 

backbone.layers.4.attn.qkv.bias - torch.Size([1152]): 
PretrainedInit: load from https://download.openmmlab.com/mmpretrain/v1.0/dinov2/vit-small-p14_dinov2-pre_3rdparty_20230426-5641ca5a.pth 

backbone.layers.4.attn.proj.weight - torch.Size([384, 384]): 
PretrainedInit: load from https://download.openmmlab.com/mmpretrain/v1.0/dinov2/vit-small-p14_dinov2-pre_3rdparty_20230426-5641ca5a.pth 

backbone.layers.4.attn.proj.bias - torch.Size([384]): 
PretrainedInit: load from https://download.openmmlab.com/mmpretrain/v1.0/dinov2/vit-small-p14_dinov2-pre_3rdparty_20230426-5641ca5a.pth 

backbone.layers.4.attn.gamma1.weight - torch.Size([384]): 
PretrainedInit: load from https://download.openmmlab.com/mmpretrain/v1.0/dinov2/vit-small-p14_dinov2-pre_3rdparty_20230426-5641ca5a.pth 

backbone.layers.4.ln2.weight - torch.Size([384]): 
PretrainedInit: load from https://download.openmmlab.com/mmpretrain/v1.0/dinov2/vit-small-p14_dinov2-pre_3rdparty_20230426-5641ca5a.pth 

backbone.layers.4.ln2.bias - torch.Size([384]): 
PretrainedInit: load from https://download.openmmlab.com/mmpretrain/v1.0/dinov2/vit-small-p14_dinov2-pre_3rdparty_20230426-5641ca5a.pth 

backbone.layers.4.ffn.layers.0.0.weight - torch.Size([1536, 384]): 
PretrainedInit: load from https://download.openmmlab.com/mmpretrain/v1.0/dinov2/vit-small-p14_dinov2-pre_3rdparty_20230426-5641ca5a.pth 

backbone.layers.4.ffn.layers.0.0.bias - torch.Size([1536]): 
PretrainedInit: load from https://download.openmmlab.com/mmpretrain/v1.0/dinov2/vit-small-p14_dinov2-pre_3rdparty_20230426-5641ca5a.pth 

backbone.layers.4.ffn.layers.1.weight - torch.Size([384, 1536]): 
PretrainedInit: load from https://download.openmmlab.com/mmpretrain/v1.0/dinov2/vit-small-p14_dinov2-pre_3rdparty_20230426-5641ca5a.pth 

backbone.layers.4.ffn.layers.1.bias - torch.Size([384]): 
PretrainedInit: load from https://download.openmmlab.com/mmpretrain/v1.0/dinov2/vit-small-p14_dinov2-pre_3rdparty_20230426-5641ca5a.pth 

backbone.layers.4.ffn.gamma2.weight - torch.Size([384]): 
PretrainedInit: load from https://download.openmmlab.com/mmpretrain/v1.0/dinov2/vit-small-p14_dinov2-pre_3rdparty_20230426-5641ca5a.pth 

backbone.layers.5.ln1.weight - torch.Size([384]): 
PretrainedInit: load from https://download.openmmlab.com/mmpretrain/v1.0/dinov2/vit-small-p14_dinov2-pre_3rdparty_20230426-5641ca5a.pth 

backbone.layers.5.ln1.bias - torch.Size([384]): 
PretrainedInit: load from https://download.openmmlab.com/mmpretrain/v1.0/dinov2/vit-small-p14_dinov2-pre_3rdparty_20230426-5641ca5a.pth 

backbone.layers.5.attn.qkv.weight - torch.Size([1152, 384]): 
PretrainedInit: load from https://download.openmmlab.com/mmpretrain/v1.0/dinov2/vit-small-p14_dinov2-pre_3rdparty_20230426-5641ca5a.pth 

backbone.layers.5.attn.qkv.bias - torch.Size([1152]): 
PretrainedInit: load from https://download.openmmlab.com/mmpretrain/v1.0/dinov2/vit-small-p14_dinov2-pre_3rdparty_20230426-5641ca5a.pth 

backbone.layers.5.attn.proj.weight - torch.Size([384, 384]): 
PretrainedInit: load from https://download.openmmlab.com/mmpretrain/v1.0/dinov2/vit-small-p14_dinov2-pre_3rdparty_20230426-5641ca5a.pth 

backbone.layers.5.attn.proj.bias - torch.Size([384]): 
PretrainedInit: load from https://download.openmmlab.com/mmpretrain/v1.0/dinov2/vit-small-p14_dinov2-pre_3rdparty_20230426-5641ca5a.pth 

backbone.layers.5.attn.gamma1.weight - torch.Size([384]): 
PretrainedInit: load from https://download.openmmlab.com/mmpretrain/v1.0/dinov2/vit-small-p14_dinov2-pre_3rdparty_20230426-5641ca5a.pth 

backbone.layers.5.ln2.weight - torch.Size([384]): 
PretrainedInit: load from https://download.openmmlab.com/mmpretrain/v1.0/dinov2/vit-small-p14_dinov2-pre_3rdparty_20230426-5641ca5a.pth 

backbone.layers.5.ln2.bias - torch.Size([384]): 
PretrainedInit: load from https://download.openmmlab.com/mmpretrain/v1.0/dinov2/vit-small-p14_dinov2-pre_3rdparty_20230426-5641ca5a.pth 

backbone.layers.5.ffn.layers.0.0.weight - torch.Size([1536, 384]): 
PretrainedInit: load from https://download.openmmlab.com/mmpretrain/v1.0/dinov2/vit-small-p14_dinov2-pre_3rdparty_20230426-5641ca5a.pth 

backbone.layers.5.ffn.layers.0.0.bias - torch.Size([1536]): 
PretrainedInit: load from https://download.openmmlab.com/mmpretrain/v1.0/dinov2/vit-small-p14_dinov2-pre_3rdparty_20230426-5641ca5a.pth 

backbone.layers.5.ffn.layers.1.weight - torch.Size([384, 1536]): 
PretrainedInit: load from https://download.openmmlab.com/mmpretrain/v1.0/dinov2/vit-small-p14_dinov2-pre_3rdparty_20230426-5641ca5a.pth 

backbone.layers.5.ffn.layers.1.bias - torch.Size([384]): 
PretrainedInit: load from https://download.openmmlab.com/mmpretrain/v1.0/dinov2/vit-small-p14_dinov2-pre_3rdparty_20230426-5641ca5a.pth 

backbone.layers.5.ffn.gamma2.weight - torch.Size([384]): 
PretrainedInit: load from https://download.openmmlab.com/mmpretrain/v1.0/dinov2/vit-small-p14_dinov2-pre_3rdparty_20230426-5641ca5a.pth 

backbone.layers.6.ln1.weight - torch.Size([384]): 
PretrainedInit: load from https://download.openmmlab.com/mmpretrain/v1.0/dinov2/vit-small-p14_dinov2-pre_3rdparty_20230426-5641ca5a.pth 

backbone.layers.6.ln1.bias - torch.Size([384]): 
PretrainedInit: load from https://download.openmmlab.com/mmpretrain/v1.0/dinov2/vit-small-p14_dinov2-pre_3rdparty_20230426-5641ca5a.pth 

backbone.layers.6.attn.qkv.weight - torch.Size([1152, 384]): 
PretrainedInit: load from https://download.openmmlab.com/mmpretrain/v1.0/dinov2/vit-small-p14_dinov2-pre_3rdparty_20230426-5641ca5a.pth 

backbone.layers.6.attn.qkv.bias - torch.Size([1152]): 
PretrainedInit: load from https://download.openmmlab.com/mmpretrain/v1.0/dinov2/vit-small-p14_dinov2-pre_3rdparty_20230426-5641ca5a.pth 

backbone.layers.6.attn.proj.weight - torch.Size([384, 384]): 
PretrainedInit: load from https://download.openmmlab.com/mmpretrain/v1.0/dinov2/vit-small-p14_dinov2-pre_3rdparty_20230426-5641ca5a.pth 

backbone.layers.6.attn.proj.bias - torch.Size([384]): 
PretrainedInit: load from https://download.openmmlab.com/mmpretrain/v1.0/dinov2/vit-small-p14_dinov2-pre_3rdparty_20230426-5641ca5a.pth 

backbone.layers.6.attn.gamma1.weight - torch.Size([384]): 
PretrainedInit: load from https://download.openmmlab.com/mmpretrain/v1.0/dinov2/vit-small-p14_dinov2-pre_3rdparty_20230426-5641ca5a.pth 

backbone.layers.6.ln2.weight - torch.Size([384]): 
PretrainedInit: load from https://download.openmmlab.com/mmpretrain/v1.0/dinov2/vit-small-p14_dinov2-pre_3rdparty_20230426-5641ca5a.pth 

backbone.layers.6.ln2.bias - torch.Size([384]): 
PretrainedInit: load from https://download.openmmlab.com/mmpretrain/v1.0/dinov2/vit-small-p14_dinov2-pre_3rdparty_20230426-5641ca5a.pth 

backbone.layers.6.ffn.layers.0.0.weight - torch.Size([1536, 384]): 
PretrainedInit: load from https://download.openmmlab.com/mmpretrain/v1.0/dinov2/vit-small-p14_dinov2-pre_3rdparty_20230426-5641ca5a.pth 

backbone.layers.6.ffn.layers.0.0.bias - torch.Size([1536]): 
PretrainedInit: load from https://download.openmmlab.com/mmpretrain/v1.0/dinov2/vit-small-p14_dinov2-pre_3rdparty_20230426-5641ca5a.pth 

backbone.layers.6.ffn.layers.1.weight - torch.Size([384, 1536]): 
PretrainedInit: load from https://download.openmmlab.com/mmpretrain/v1.0/dinov2/vit-small-p14_dinov2-pre_3rdparty_20230426-5641ca5a.pth 

backbone.layers.6.ffn.layers.1.bias - torch.Size([384]): 
PretrainedInit: load from https://download.openmmlab.com/mmpretrain/v1.0/dinov2/vit-small-p14_dinov2-pre_3rdparty_20230426-5641ca5a.pth 

backbone.layers.6.ffn.gamma2.weight - torch.Size([384]): 
PretrainedInit: load from https://download.openmmlab.com/mmpretrain/v1.0/dinov2/vit-small-p14_dinov2-pre_3rdparty_20230426-5641ca5a.pth 

backbone.layers.7.ln1.weight - torch.Size([384]): 
PretrainedInit: load from https://download.openmmlab.com/mmpretrain/v1.0/dinov2/vit-small-p14_dinov2-pre_3rdparty_20230426-5641ca5a.pth 

backbone.layers.7.ln1.bias - torch.Size([384]): 
PretrainedInit: load from https://download.openmmlab.com/mmpretrain/v1.0/dinov2/vit-small-p14_dinov2-pre_3rdparty_20230426-5641ca5a.pth 

backbone.layers.7.attn.qkv.weight - torch.Size([1152, 384]): 
PretrainedInit: load from https://download.openmmlab.com/mmpretrain/v1.0/dinov2/vit-small-p14_dinov2-pre_3rdparty_20230426-5641ca5a.pth 

backbone.layers.7.attn.qkv.bias - torch.Size([1152]): 
PretrainedInit: load from https://download.openmmlab.com/mmpretrain/v1.0/dinov2/vit-small-p14_dinov2-pre_3rdparty_20230426-5641ca5a.pth 

backbone.layers.7.attn.proj.weight - torch.Size([384, 384]): 
PretrainedInit: load from https://download.openmmlab.com/mmpretrain/v1.0/dinov2/vit-small-p14_dinov2-pre_3rdparty_20230426-5641ca5a.pth 

backbone.layers.7.attn.proj.bias - torch.Size([384]): 
PretrainedInit: load from https://download.openmmlab.com/mmpretrain/v1.0/dinov2/vit-small-p14_dinov2-pre_3rdparty_20230426-5641ca5a.pth 

backbone.layers.7.attn.gamma1.weight - torch.Size([384]): 
PretrainedInit: load from https://download.openmmlab.com/mmpretrain/v1.0/dinov2/vit-small-p14_dinov2-pre_3rdparty_20230426-5641ca5a.pth 

backbone.layers.7.ln2.weight - torch.Size([384]): 
PretrainedInit: load from https://download.openmmlab.com/mmpretrain/v1.0/dinov2/vit-small-p14_dinov2-pre_3rdparty_20230426-5641ca5a.pth 

backbone.layers.7.ln2.bias - torch.Size([384]): 
PretrainedInit: load from https://download.openmmlab.com/mmpretrain/v1.0/dinov2/vit-small-p14_dinov2-pre_3rdparty_20230426-5641ca5a.pth 

backbone.layers.7.ffn.layers.0.0.weight - torch.Size([1536, 384]): 
PretrainedInit: load from https://download.openmmlab.com/mmpretrain/v1.0/dinov2/vit-small-p14_dinov2-pre_3rdparty_20230426-5641ca5a.pth 

backbone.layers.7.ffn.layers.0.0.bias - torch.Size([1536]): 
PretrainedInit: load from https://download.openmmlab.com/mmpretrain/v1.0/dinov2/vit-small-p14_dinov2-pre_3rdparty_20230426-5641ca5a.pth 

backbone.layers.7.ffn.layers.1.weight - torch.Size([384, 1536]): 
PretrainedInit: load from https://download.openmmlab.com/mmpretrain/v1.0/dinov2/vit-small-p14_dinov2-pre_3rdparty_20230426-5641ca5a.pth 

backbone.layers.7.ffn.layers.1.bias - torch.Size([384]): 
PretrainedInit: load from https://download.openmmlab.com/mmpretrain/v1.0/dinov2/vit-small-p14_dinov2-pre_3rdparty_20230426-5641ca5a.pth 

backbone.layers.7.ffn.gamma2.weight - torch.Size([384]): 
PretrainedInit: load from https://download.openmmlab.com/mmpretrain/v1.0/dinov2/vit-small-p14_dinov2-pre_3rdparty_20230426-5641ca5a.pth 

backbone.layers.8.ln1.weight - torch.Size([384]): 
PretrainedInit: load from https://download.openmmlab.com/mmpretrain/v1.0/dinov2/vit-small-p14_dinov2-pre_3rdparty_20230426-5641ca5a.pth 

backbone.layers.8.ln1.bias - torch.Size([384]): 
PretrainedInit: load from https://download.openmmlab.com/mmpretrain/v1.0/dinov2/vit-small-p14_dinov2-pre_3rdparty_20230426-5641ca5a.pth 

backbone.layers.8.attn.qkv.weight - torch.Size([1152, 384]): 
PretrainedInit: load from https://download.openmmlab.com/mmpretrain/v1.0/dinov2/vit-small-p14_dinov2-pre_3rdparty_20230426-5641ca5a.pth 

backbone.layers.8.attn.qkv.bias - torch.Size([1152]): 
PretrainedInit: load from https://download.openmmlab.com/mmpretrain/v1.0/dinov2/vit-small-p14_dinov2-pre_3rdparty_20230426-5641ca5a.pth 

backbone.layers.8.attn.proj.weight - torch.Size([384, 384]): 
PretrainedInit: load from https://download.openmmlab.com/mmpretrain/v1.0/dinov2/vit-small-p14_dinov2-pre_3rdparty_20230426-5641ca5a.pth 

backbone.layers.8.attn.proj.bias - torch.Size([384]): 
PretrainedInit: load from https://download.openmmlab.com/mmpretrain/v1.0/dinov2/vit-small-p14_dinov2-pre_3rdparty_20230426-5641ca5a.pth 

backbone.layers.8.attn.gamma1.weight - torch.Size([384]): 
PretrainedInit: load from https://download.openmmlab.com/mmpretrain/v1.0/dinov2/vit-small-p14_dinov2-pre_3rdparty_20230426-5641ca5a.pth 

backbone.layers.8.ln2.weight - torch.Size([384]): 
PretrainedInit: load from https://download.openmmlab.com/mmpretrain/v1.0/dinov2/vit-small-p14_dinov2-pre_3rdparty_20230426-5641ca5a.pth 

backbone.layers.8.ln2.bias - torch.Size([384]): 
PretrainedInit: load from https://download.openmmlab.com/mmpretrain/v1.0/dinov2/vit-small-p14_dinov2-pre_3rdparty_20230426-5641ca5a.pth 

backbone.layers.8.ffn.layers.0.0.weight - torch.Size([1536, 384]): 
PretrainedInit: load from https://download.openmmlab.com/mmpretrain/v1.0/dinov2/vit-small-p14_dinov2-pre_3rdparty_20230426-5641ca5a.pth 

backbone.layers.8.ffn.layers.0.0.bias - torch.Size([1536]): 
PretrainedInit: load from https://download.openmmlab.com/mmpretrain/v1.0/dinov2/vit-small-p14_dinov2-pre_3rdparty_20230426-5641ca5a.pth 

backbone.layers.8.ffn.layers.1.weight - torch.Size([384, 1536]): 
PretrainedInit: load from https://download.openmmlab.com/mmpretrain/v1.0/dinov2/vit-small-p14_dinov2-pre_3rdparty_20230426-5641ca5a.pth 

backbone.layers.8.ffn.layers.1.bias - torch.Size([384]): 
PretrainedInit: load from https://download.openmmlab.com/mmpretrain/v1.0/dinov2/vit-small-p14_dinov2-pre_3rdparty_20230426-5641ca5a.pth 

backbone.layers.8.ffn.gamma2.weight - torch.Size([384]): 
PretrainedInit: load from https://download.openmmlab.com/mmpretrain/v1.0/dinov2/vit-small-p14_dinov2-pre_3rdparty_20230426-5641ca5a.pth 

backbone.layers.9.ln1.weight - torch.Size([384]): 
PretrainedInit: load from https://download.openmmlab.com/mmpretrain/v1.0/dinov2/vit-small-p14_dinov2-pre_3rdparty_20230426-5641ca5a.pth 

backbone.layers.9.ln1.bias - torch.Size([384]): 
PretrainedInit: load from https://download.openmmlab.com/mmpretrain/v1.0/dinov2/vit-small-p14_dinov2-pre_3rdparty_20230426-5641ca5a.pth 

backbone.layers.9.attn.qkv.weight - torch.Size([1152, 384]): 
PretrainedInit: load from https://download.openmmlab.com/mmpretrain/v1.0/dinov2/vit-small-p14_dinov2-pre_3rdparty_20230426-5641ca5a.pth 

backbone.layers.9.attn.qkv.bias - torch.Size([1152]): 
PretrainedInit: load from https://download.openmmlab.com/mmpretrain/v1.0/dinov2/vit-small-p14_dinov2-pre_3rdparty_20230426-5641ca5a.pth 

backbone.layers.9.attn.proj.weight - torch.Size([384, 384]): 
PretrainedInit: load from https://download.openmmlab.com/mmpretrain/v1.0/dinov2/vit-small-p14_dinov2-pre_3rdparty_20230426-5641ca5a.pth 

backbone.layers.9.attn.proj.bias - torch.Size([384]): 
PretrainedInit: load from https://download.openmmlab.com/mmpretrain/v1.0/dinov2/vit-small-p14_dinov2-pre_3rdparty_20230426-5641ca5a.pth 

backbone.layers.9.attn.gamma1.weight - torch.Size([384]): 
PretrainedInit: load from https://download.openmmlab.com/mmpretrain/v1.0/dinov2/vit-small-p14_dinov2-pre_3rdparty_20230426-5641ca5a.pth 

backbone.layers.9.ln2.weight - torch.Size([384]): 
PretrainedInit: load from https://download.openmmlab.com/mmpretrain/v1.0/dinov2/vit-small-p14_dinov2-pre_3rdparty_20230426-5641ca5a.pth 

backbone.layers.9.ln2.bias - torch.Size([384]): 
PretrainedInit: load from https://download.openmmlab.com/mmpretrain/v1.0/dinov2/vit-small-p14_dinov2-pre_3rdparty_20230426-5641ca5a.pth 

backbone.layers.9.ffn.layers.0.0.weight - torch.Size([1536, 384]): 
PretrainedInit: load from https://download.openmmlab.com/mmpretrain/v1.0/dinov2/vit-small-p14_dinov2-pre_3rdparty_20230426-5641ca5a.pth 

backbone.layers.9.ffn.layers.0.0.bias - torch.Size([1536]): 
PretrainedInit: load from https://download.openmmlab.com/mmpretrain/v1.0/dinov2/vit-small-p14_dinov2-pre_3rdparty_20230426-5641ca5a.pth 

backbone.layers.9.ffn.layers.1.weight - torch.Size([384, 1536]): 
PretrainedInit: load from https://download.openmmlab.com/mmpretrain/v1.0/dinov2/vit-small-p14_dinov2-pre_3rdparty_20230426-5641ca5a.pth 

backbone.layers.9.ffn.layers.1.bias - torch.Size([384]): 
PretrainedInit: load from https://download.openmmlab.com/mmpretrain/v1.0/dinov2/vit-small-p14_dinov2-pre_3rdparty_20230426-5641ca5a.pth 

backbone.layers.9.ffn.gamma2.weight - torch.Size([384]): 
PretrainedInit: load from https://download.openmmlab.com/mmpretrain/v1.0/dinov2/vit-small-p14_dinov2-pre_3rdparty_20230426-5641ca5a.pth 

backbone.layers.10.ln1.weight - torch.Size([384]): 
PretrainedInit: load from https://download.openmmlab.com/mmpretrain/v1.0/dinov2/vit-small-p14_dinov2-pre_3rdparty_20230426-5641ca5a.pth 

backbone.layers.10.ln1.bias - torch.Size([384]): 
PretrainedInit: load from https://download.openmmlab.com/mmpretrain/v1.0/dinov2/vit-small-p14_dinov2-pre_3rdparty_20230426-5641ca5a.pth 

backbone.layers.10.attn.qkv.weight - torch.Size([1152, 384]): 
PretrainedInit: load from https://download.openmmlab.com/mmpretrain/v1.0/dinov2/vit-small-p14_dinov2-pre_3rdparty_20230426-5641ca5a.pth 

backbone.layers.10.attn.qkv.bias - torch.Size([1152]): 
PretrainedInit: load from https://download.openmmlab.com/mmpretrain/v1.0/dinov2/vit-small-p14_dinov2-pre_3rdparty_20230426-5641ca5a.pth 

backbone.layers.10.attn.proj.weight - torch.Size([384, 384]): 
PretrainedInit: load from https://download.openmmlab.com/mmpretrain/v1.0/dinov2/vit-small-p14_dinov2-pre_3rdparty_20230426-5641ca5a.pth 

backbone.layers.10.attn.proj.bias - torch.Size([384]): 
PretrainedInit: load from https://download.openmmlab.com/mmpretrain/v1.0/dinov2/vit-small-p14_dinov2-pre_3rdparty_20230426-5641ca5a.pth 

backbone.layers.10.attn.gamma1.weight - torch.Size([384]): 
PretrainedInit: load from https://download.openmmlab.com/mmpretrain/v1.0/dinov2/vit-small-p14_dinov2-pre_3rdparty_20230426-5641ca5a.pth 

backbone.layers.10.ln2.weight - torch.Size([384]): 
PretrainedInit: load from https://download.openmmlab.com/mmpretrain/v1.0/dinov2/vit-small-p14_dinov2-pre_3rdparty_20230426-5641ca5a.pth 

backbone.layers.10.ln2.bias - torch.Size([384]): 
PretrainedInit: load from https://download.openmmlab.com/mmpretrain/v1.0/dinov2/vit-small-p14_dinov2-pre_3rdparty_20230426-5641ca5a.pth 

backbone.layers.10.ffn.layers.0.0.weight - torch.Size([1536, 384]): 
PretrainedInit: load from https://download.openmmlab.com/mmpretrain/v1.0/dinov2/vit-small-p14_dinov2-pre_3rdparty_20230426-5641ca5a.pth 

backbone.layers.10.ffn.layers.0.0.bias - torch.Size([1536]): 
PretrainedInit: load from https://download.openmmlab.com/mmpretrain/v1.0/dinov2/vit-small-p14_dinov2-pre_3rdparty_20230426-5641ca5a.pth 

backbone.layers.10.ffn.layers.1.weight - torch.Size([384, 1536]): 
PretrainedInit: load from https://download.openmmlab.com/mmpretrain/v1.0/dinov2/vit-small-p14_dinov2-pre_3rdparty_20230426-5641ca5a.pth 

backbone.layers.10.ffn.layers.1.bias - torch.Size([384]): 
PretrainedInit: load from https://download.openmmlab.com/mmpretrain/v1.0/dinov2/vit-small-p14_dinov2-pre_3rdparty_20230426-5641ca5a.pth 

backbone.layers.10.ffn.gamma2.weight - torch.Size([384]): 
PretrainedInit: load from https://download.openmmlab.com/mmpretrain/v1.0/dinov2/vit-small-p14_dinov2-pre_3rdparty_20230426-5641ca5a.pth 

backbone.layers.11.ln1.weight - torch.Size([384]): 
PretrainedInit: load from https://download.openmmlab.com/mmpretrain/v1.0/dinov2/vit-small-p14_dinov2-pre_3rdparty_20230426-5641ca5a.pth 

backbone.layers.11.ln1.bias - torch.Size([384]): 
PretrainedInit: load from https://download.openmmlab.com/mmpretrain/v1.0/dinov2/vit-small-p14_dinov2-pre_3rdparty_20230426-5641ca5a.pth 

backbone.layers.11.attn.qkv.weight - torch.Size([1152, 384]): 
PretrainedInit: load from https://download.openmmlab.com/mmpretrain/v1.0/dinov2/vit-small-p14_dinov2-pre_3rdparty_20230426-5641ca5a.pth 

backbone.layers.11.attn.qkv.bias - torch.Size([1152]): 
PretrainedInit: load from https://download.openmmlab.com/mmpretrain/v1.0/dinov2/vit-small-p14_dinov2-pre_3rdparty_20230426-5641ca5a.pth 

backbone.layers.11.attn.proj.weight - torch.Size([384, 384]): 
PretrainedInit: load from https://download.openmmlab.com/mmpretrain/v1.0/dinov2/vit-small-p14_dinov2-pre_3rdparty_20230426-5641ca5a.pth 

backbone.layers.11.attn.proj.bias - torch.Size([384]): 
PretrainedInit: load from https://download.openmmlab.com/mmpretrain/v1.0/dinov2/vit-small-p14_dinov2-pre_3rdparty_20230426-5641ca5a.pth 

backbone.layers.11.attn.gamma1.weight - torch.Size([384]): 
PretrainedInit: load from https://download.openmmlab.com/mmpretrain/v1.0/dinov2/vit-small-p14_dinov2-pre_3rdparty_20230426-5641ca5a.pth 

backbone.layers.11.ln2.weight - torch.Size([384]): 
PretrainedInit: load from https://download.openmmlab.com/mmpretrain/v1.0/dinov2/vit-small-p14_dinov2-pre_3rdparty_20230426-5641ca5a.pth 

backbone.layers.11.ln2.bias - torch.Size([384]): 
PretrainedInit: load from https://download.openmmlab.com/mmpretrain/v1.0/dinov2/vit-small-p14_dinov2-pre_3rdparty_20230426-5641ca5a.pth 

backbone.layers.11.ffn.layers.0.0.weight - torch.Size([1536, 384]): 
PretrainedInit: load from https://download.openmmlab.com/mmpretrain/v1.0/dinov2/vit-small-p14_dinov2-pre_3rdparty_20230426-5641ca5a.pth 

backbone.layers.11.ffn.layers.0.0.bias - torch.Size([1536]): 
PretrainedInit: load from https://download.openmmlab.com/mmpretrain/v1.0/dinov2/vit-small-p14_dinov2-pre_3rdparty_20230426-5641ca5a.pth 

backbone.layers.11.ffn.layers.1.weight - torch.Size([384, 1536]): 
PretrainedInit: load from https://download.openmmlab.com/mmpretrain/v1.0/dinov2/vit-small-p14_dinov2-pre_3rdparty_20230426-5641ca5a.pth 

backbone.layers.11.ffn.layers.1.bias - torch.Size([384]): 
PretrainedInit: load from https://download.openmmlab.com/mmpretrain/v1.0/dinov2/vit-small-p14_dinov2-pre_3rdparty_20230426-5641ca5a.pth 

backbone.layers.11.ffn.gamma2.weight - torch.Size([384]): 
PretrainedInit: load from https://download.openmmlab.com/mmpretrain/v1.0/dinov2/vit-small-p14_dinov2-pre_3rdparty_20230426-5641ca5a.pth 

backbone.ln1.weight - torch.Size([384]): 
PretrainedInit: load from https://download.openmmlab.com/mmpretrain/v1.0/dinov2/vit-small-p14_dinov2-pre_3rdparty_20230426-5641ca5a.pth 

backbone.ln1.bias - torch.Size([384]): 
PretrainedInit: load from https://download.openmmlab.com/mmpretrain/v1.0/dinov2/vit-small-p14_dinov2-pre_3rdparty_20230426-5641ca5a.pth 

head.layers.head.weight - torch.Size([7806, 384]): 
ConstantInit: val=0, bias=0 

head.layers.head.bias - torch.Size([7806]): 
ConstantInit: val=0, bias=0 
2024/08/22 08:11:08 - mmengine - INFO - Auto resumed from the latest checkpoint /root/weed-detection/work_dirs/leafcaw/epoch_9.pth.
2024/08/22 08:11:08 - mmengine - INFO - Load checkpoint from /root/weed-detection/work_dirs/leafcaw/epoch_9.pth
2024/08/22 08:11:08 - mmengine - INFO - resumed epoch: 9, iter: 11993
2024/08/22 08:11:08 - mmengine - WARNING - "FileClient" will be deprecated in future. Please use io functions in https://mmengine.readthedocs.io/en/latest/api/fileio.html#file-io
2024/08/22 08:11:08 - mmengine - WARNING - "HardDiskBackend" is the alias of "LocalBackend" and the former will be deprecated in future.
2024/08/22 08:11:08 - mmengine - INFO - Checkpoints will be saved to /root/weed-detection/work_dirs/leafcaw.
2024/08/22 08:12:25 - mmengine - INFO - Exp name: leafcaw_20240822_081104
2024/08/22 08:12:35 - mmengine - INFO - Epoch(train) [10][ 25/369]  base_lr: 5.7822e-05 lr: 5.7822e-05  eta: -1 day, 16:38:23  time: 0.5873  data_time: 0.0014  memory: 17714  loss: 1.3186
2024/08/22 08:13:19 - mmengine - INFO - Epoch(train) [10][ 50/369]  base_lr: 5.7822e-05 lr: 5.7822e-05  eta: -1 day, 18:26:14  time: 0.5872  data_time: 0.0013  memory: 17714  loss: 1.2998
2024/08/22 08:14:06 - mmengine - INFO - Epoch(train) [10][ 75/369]  base_lr: 5.7822e-05 lr: 5.7822e-05  eta: -1 day, 18:57:36  time: 0.5876  data_time: 0.0014  memory: 17714  loss: 1.3440
2024/08/22 08:14:50 - mmengine - INFO - Epoch(train) [10][100/369]  base_lr: 5.7822e-05 lr: 5.7822e-05  eta: -1 day, 19:16:09  time: 0.5876  data_time: 0.0012  memory: 17714  loss: 1.3334
2024/08/22 08:15:37 - mmengine - INFO - Epoch(train) [10][125/369]  base_lr: 5.7822e-05 lr: 5.7822e-05  eta: -1 day, 19:24:36  time: 0.5862  data_time: 0.0012  memory: 17714  loss: 1.3095
2024/08/22 08:16:23 - mmengine - INFO - Epoch(train) [10][150/369]  base_lr: 5.7822e-05 lr: 5.7822e-05  eta: -1 day, 19:30:21  time: 3.7169  data_time: 3.1316  memory: 17714  loss: 1.3299
2024/08/22 08:17:06 - mmengine - INFO - Epoch(train) [10][175/369]  base_lr: 5.7822e-05 lr: 5.7822e-05  eta: -1 day, 19:36:10  time: 3.4546  data_time: 2.8688  memory: 17714  loss: 1.3149
2024/08/22 08:17:48 - mmengine - INFO - Epoch(train) [10][200/369]  base_lr: 5.7822e-05 lr: 5.7822e-05  eta: -1 day, 19:41:00  time: 3.2017  data_time: 2.6043  memory: 17714  loss: 1.3129
2024/08/22 08:18:25 - mmengine - INFO - Epoch(train) [10][225/369]  base_lr: 5.7822e-05 lr: 5.7822e-05  eta: -1 day, 19:47:59  time: 2.5281  data_time: 1.9427  memory: 17714  loss: 1.3118
2024/08/22 08:18:51 - mmengine - INFO - Epoch(train) [10][250/369]  base_lr: 5.7822e-05 lr: 5.7822e-05  eta: -1 day, 19:58:46  time: 0.5876  data_time: 0.0014  memory: 17714  loss: 1.3206
2024/08/22 08:19:35 - mmengine - INFO - Epoch(train) [10][275/369]  base_lr: 5.7822e-05 lr: 5.7822e-05  eta: -1 day, 19:59:06  time: 0.5872  data_time: 0.0013  memory: 17714  loss: 1.3151
2024/08/22 08:20:21 - mmengine - INFO - Epoch(train) [10][300/369]  base_lr: 5.7822e-05 lr: 5.7822e-05  eta: -1 day, 19:58:27  time: 0.5874  data_time: 0.0013  memory: 17714  loss: 1.3468
2024/08/22 08:21:06 - mmengine - INFO - Epoch(train) [10][325/369]  base_lr: 5.7822e-05 lr: 5.7822e-05  eta: -1 day, 19:58:03  time: 0.5874  data_time: 0.0010  memory: 17714  loss: 1.3159
2024/08/22 08:21:49 - mmengine - INFO - Epoch(train) [10][350/369]  base_lr: 5.7822e-05 lr: 5.7822e-05  eta: -1 day, 19:58:21  time: 1.6344  data_time: 1.0503  memory: 17714  loss: 1.3147
2024/08/22 08:22:24 - mmengine - INFO - Exp name: leafcaw_20240822_081104
2024/08/22 08:22:24 - mmengine - INFO - Saving checkpoint at 10 epochs
2024/08/22 08:23:48 - mmengine - INFO - Epoch(val) [10][19/19]    accuracy/top1: 61.9421  accuracy/top5: 82.4641  single-label/precision: 14.4696  single-label/recall: 12.9555  single-label/f1-score: 12.7267  data_time: 1.7664  time: 4.2283
2024/08/22 08:24:36 - mmengine - INFO - Epoch(train) [11][ 25/369]  base_lr: 5.0000e-05 lr: 5.0000e-05  eta: -1 day, 19:56:25  time: 0.5897  data_time: 0.0020  memory: 25934  loss: 1.2932
2024/08/22 08:25:03 - mmengine - INFO - Epoch(train) [11][ 50/369]  base_lr: 5.0000e-05 lr: 5.0000e-05  eta: -1 day, 20:01:26  time: 0.5886  data_time: 0.0013  memory: 17714  loss: 1.3146
2024/08/22 08:25:29 - mmengine - INFO - Epoch(train) [11][ 75/369]  base_lr: 5.0000e-05 lr: 5.0000e-05  eta: -1 day, 20:06:26  time: 0.5883  data_time: 0.0016  memory: 17714  loss: 1.2705
2024/08/22 08:25:58 - mmengine - INFO - Epoch(train) [11][100/369]  base_lr: 5.0000e-05 lr: 5.0000e-05  eta: -1 day, 20:09:51  time: 0.5900  data_time: 0.0020  memory: 17714  loss: 1.3030
2024/08/22 08:26:25 - mmengine - INFO - Epoch(train) [11][125/369]  base_lr: 5.0000e-05 lr: 5.0000e-05  eta: -1 day, 20:13:28  time: 0.5953  data_time: 0.0031  memory: 17714  loss: 1.3153
2024/08/22 08:26:52 - mmengine - INFO - Epoch(train) [11][150/369]  base_lr: 5.0000e-05 lr: 5.0000e-05  eta: -1 day, 20:16:46  time: 1.7904  data_time: 1.1977  memory: 17714  loss: 1.2753
2024/08/22 08:27:20 - mmengine - INFO - Epoch(train) [11][175/369]  base_lr: 5.0000e-05 lr: 5.0000e-05  eta: -1 day, 20:19:27  time: 1.8945  data_time: 1.3037  memory: 17714  loss: 1.3065
2024/08/22 08:27:53 - mmengine - INFO - Epoch(train) [11][200/369]  base_lr: 5.0000e-05 lr: 5.0000e-05  eta: -1 day, 20:20:39  time: 2.4035  data_time: 1.8135  memory: 17714  loss: 1.2852
2024/08/22 08:28:22 - mmengine - INFO - Epoch(train) [11][225/369]  base_lr: 5.0000e-05 lr: 5.0000e-05  eta: -1 day, 20:22:37  time: 2.0050  data_time: 1.4160  memory: 17714  loss: 1.2861
2024/08/22 08:28:45 - mmengine - INFO - Epoch(train) [11][250/369]  base_lr: 5.0000e-05 lr: 5.0000e-05  eta: -1 day, 20:25:38  time: 1.0757  data_time: 0.4900  memory: 17714  loss: 1.3245
2024/08/22 08:29:21 - mmengine - INFO - Epoch(train) [11][275/369]  base_lr: 5.0000e-05 lr: 5.0000e-05  eta: -1 day, 20:25:34  time: 1.0954  data_time: 0.5095  memory: 17714  loss: 1.3086
2024/08/22 08:29:57 - mmengine - INFO - Epoch(train) [11][300/369]  base_lr: 5.0000e-05 lr: 5.0000e-05  eta: -1 day, 20:25:34  time: 0.5884  data_time: 0.0014  memory: 17714  loss: 1.2978
2024/08/22 08:30:40 - mmengine - INFO - Epoch(train) [11][325/369]  base_lr: 5.0000e-05 lr: 5.0000e-05  eta: -1 day, 20:24:07  time: 0.5941  data_time: 0.0011  memory: 17714  loss: 1.3388
2024/08/22 08:31:23 - mmengine - INFO - Epoch(train) [11][350/369]  base_lr: 5.0000e-05 lr: 5.0000e-05  eta: -1 day, 20:22:46  time: 0.5867  data_time: 0.0010  memory: 17714  loss: 1.3286
2024/08/22 08:32:04 - mmengine - INFO - Exp name: leafcaw_20240822_081104
2024/08/22 08:32:04 - mmengine - INFO - Saving checkpoint at 11 epochs
2024/08/22 08:33:25 - mmengine - INFO - Epoch(val) [11][19/19]    accuracy/top1: 62.1247  accuracy/top5: 82.5232  single-label/precision: 14.4958  single-label/recall: 13.0092  single-label/f1-score: 12.7667  data_time: 1.6054  time: 3.9984
2024/08/22 08:34:23 - mmengine - INFO - Epoch(train) [12][ 25/369]  base_lr: 4.2178e-05 lr: 4.2178e-05  eta: -1 day, 20:16:06  time: 0.5876  data_time: 0.0013  memory: 25934  loss: 1.2892
2024/08/22 08:34:59 - mmengine - INFO - Epoch(train) [12][ 50/369]  base_lr: 4.2178e-05 lr: 4.2178e-05  eta: -1 day, 20:16:11  time: 0.5878  data_time: 0.0014  memory: 17714  loss: 1.2728
2024/08/22 08:35:39 - mmengine - INFO - Epoch(train) [12][ 75/369]  base_lr: 4.2178e-05 lr: 4.2178e-05  eta: -1 day, 20:15:38  time: 0.5880  data_time: 0.0014  memory: 17714  loss: 1.2978
2024/08/22 08:36:15 - mmengine - INFO - Epoch(train) [12][100/369]  base_lr: 4.2178e-05 lr: 4.2178e-05  eta: -1 day, 20:15:40  time: 0.5880  data_time: 0.0016  memory: 17714  loss: 1.2866
2024/08/22 08:36:53 - mmengine - INFO - Epoch(train) [12][125/369]  base_lr: 4.2178e-05 lr: 4.2178e-05  eta: -1 day, 20:15:18  time: 0.5921  data_time: 0.0025  memory: 17714  loss: 1.3319
2024/08/22 08:37:31 - mmengine - INFO - Epoch(train) [12][150/369]  base_lr: 4.2178e-05 lr: 4.2178e-05  eta: -1 day, 20:15:02  time: 2.8610  data_time: 2.2677  memory: 17714  loss: 1.2737
2024/08/22 08:38:06 - mmengine - INFO - Epoch(train) [12][175/369]  base_lr: 4.2178e-05 lr: 4.2178e-05  eta: -1 day, 20:15:01  time: 2.6950  data_time: 2.1050  memory: 17714  loss: 1.3150
2024/08/22 08:38:44 - mmengine - INFO - Epoch(train) [12][200/369]  base_lr: 4.2178e-05 lr: 4.2178e-05  eta: -1 day, 20:14:38  time: 2.9133  data_time: 2.3246  memory: 17714  loss: 1.2836
2024/08/22 08:39:19 - mmengine - INFO - Epoch(train) [12][225/369]  base_lr: 4.2178e-05 lr: 4.2178e-05  eta: -1 day, 20:14:46  time: 2.5477  data_time: 1.9623  memory: 17714  loss: 1.2925
2024/08/22 08:39:36 - mmengine - INFO - Epoch(train) [12][250/369]  base_lr: 4.2178e-05 lr: 4.2178e-05  eta: -1 day, 20:17:18  time: 0.5866  data_time: 0.0014  memory: 17714  loss: 1.2799
2024/08/22 08:40:15 - mmengine - INFO - Exp name: leafcaw_20240822_081104
2024/08/22 08:40:18 - mmengine - INFO - Epoch(train) [12][275/369]  base_lr: 4.2178e-05 lr: 4.2178e-05  eta: -1 day, 20:16:15  time: 0.5873  data_time: 0.0014  memory: 17714  loss: 1.2942
2024/08/22 08:40:59 - mmengine - INFO - Epoch(train) [12][300/369]  base_lr: 4.2178e-05 lr: 4.2178e-05  eta: -1 day, 20:15:24  time: 0.5913  data_time: 0.0021  memory: 17714  loss: 1.2993
2024/08/22 08:41:41 - mmengine - INFO - Epoch(train) [12][325/369]  base_lr: 4.2178e-05 lr: 4.2178e-05  eta: -1 day, 20:14:17  time: 0.5872  data_time: 0.0012  memory: 17714  loss: 1.3013
2024/08/22 08:42:25 - mmengine - INFO - Epoch(train) [12][350/369]  base_lr: 4.2178e-05 lr: 4.2178e-05  eta: -1 day, 20:13:00  time: 0.5920  data_time: 0.0018  memory: 17714  loss: 1.3044
2024/08/22 08:43:02 - mmengine - INFO - Exp name: leafcaw_20240822_081104
2024/08/22 08:43:02 - mmengine - INFO - Saving checkpoint at 12 epochs
2024/08/22 08:44:22 - mmengine - INFO - Epoch(val) [12][19/19]    accuracy/top1: 62.1516  accuracy/top5: 82.5608  single-label/precision: 14.5681  single-label/recall: 13.0617  single-label/f1-score: 12.8503  data_time: 1.5861  time: 3.9658
