2024/06/19 10:35:38 - mmengine - INFO - 
------------------------------------------------------------
System environment:
    sys.platform: linux
    Python: 3.10.12 (main, Nov 20 2023, 15:14:05) [GCC 11.4.0]
    CUDA available: True
    MUSA available: False
    numpy_random_seed: 0
    GPU 0,1,2,3,4,5,6,7: Tesla V100-SXM2-16GB
    CUDA_HOME: /usr/local/cuda
    NVCC: Cuda compilation tools, release 12.3, V12.3.107
    GCC: x86_64-linux-gnu-gcc (Ubuntu 11.4.0-1ubuntu1~22.04) 11.4.0
    PyTorch: 2.3.1+cu121
    PyTorch compiling details: PyTorch built with:
  - GCC 9.3
  - C++ Version: 201703
  - Intel(R) oneAPI Math Kernel Library Version 2022.2-Product Build 20220804 for Intel(R) 64 architecture applications
  - Intel(R) MKL-DNN v3.3.6 (Git Hash 86e6af5974177e513fd3fee58425e1063e7f1361)
  - OpenMP 201511 (a.k.a. OpenMP 4.5)
  - LAPACK is enabled (usually provided by MKL)
  - NNPACK is enabled
  - CPU capability usage: AVX512
  - CUDA Runtime 12.1
  - NVCC architecture flags: -gencode;arch=compute_50,code=sm_50;-gencode;arch=compute_60,code=sm_60;-gencode;arch=compute_70,code=sm_70;-gencode;arch=compute_75,code=sm_75;-gencode;arch=compute_80,code=sm_80;-gencode;arch=compute_86,code=sm_86;-gencode;arch=compute_90,code=sm_90
  - CuDNN 8.9.2
  - Magma 2.6.1
  - Build settings: BLAS_INFO=mkl, BUILD_TYPE=Release, CUDA_VERSION=12.1, CUDNN_VERSION=8.9.2, CXX_COMPILER=/opt/rh/devtoolset-9/root/usr/bin/c++, CXX_FLAGS= -D_GLIBCXX_USE_CXX11_ABI=0 -fabi-version=11 -fvisibility-inlines-hidden -DUSE_PTHREADPOOL -DNDEBUG -DUSE_KINETO -DLIBKINETO_NOROCTRACER -DUSE_FBGEMM -DUSE_QNNPACK -DUSE_PYTORCH_QNNPACK -DUSE_XNNPACK -DSYMBOLICATE_MOBILE_DEBUG_HANDLE -O2 -fPIC -Wall -Wextra -Werror=return-type -Werror=non-virtual-dtor -Werror=bool-operation -Wnarrowing -Wno-missing-field-initializers -Wno-type-limits -Wno-array-bounds -Wno-unknown-pragmas -Wno-unused-parameter -Wno-unused-function -Wno-unused-result -Wno-strict-overflow -Wno-strict-aliasing -Wno-stringop-overflow -Wsuggest-override -Wno-psabi -Wno-error=pedantic -Wno-error=old-style-cast -Wno-missing-braces -fdiagnostics-color=always -faligned-new -Wno-unused-but-set-variable -Wno-maybe-uninitialized -fno-math-errno -fno-trapping-math -Werror=format -Wno-stringop-overflow, LAPACK_INFO=mkl, PERF_WITH_AVX=1, PERF_WITH_AVX2=1, PERF_WITH_AVX512=1, TORCH_VERSION=2.3.1, USE_CUDA=ON, USE_CUDNN=ON, USE_CUSPARSELT=1, USE_EXCEPTION_PTR=1, USE_GFLAGS=OFF, USE_GLOG=OFF, USE_GLOO=ON, USE_MKL=ON, USE_MKLDNN=ON, USE_MPI=OFF, USE_NCCL=1, USE_NNPACK=ON, USE_OPENMP=ON, USE_ROCM=OFF, USE_ROCM_KERNEL_ASSERT=OFF, 

    TorchVision: 0.18.1+cu121
    OpenCV: 4.10.0
    MMEngine: 0.10.4

Runtime environment:
    cudnn_benchmark: False
    mp_cfg: {'mp_start_method': 'fork', 'opencv_num_threads': 0}
    dist_cfg: {'backend': 'nccl'}
    seed: 0
    deterministic: True
    Distributed launcher: pytorch
    Distributed training: True
    GPU number: 8
------------------------------------------------------------

2024/06/19 10:35:39 - mmengine - INFO - Config:
auto_scale_lr = dict(base_batch_size=1024)
data_dir = '/mnt/data'
data_preprocessor = dict(
    mean=[
        123.675,
        116.28,
        103.53,
    ],
    num_classes=7806,
    std=[
        58.395,
        57.12,
        57.375,
    ],
    to_rgb=True)
default_hooks = dict(
    checkpoint=dict(interval=1, max_keep_ckpts=5, type='CheckpointHook'),
    logger=dict(interval=100, type='LoggerHook'),
    param_scheduler=dict(type='ParamSchedulerHook'),
    sampler_seed=dict(type='DistSamplerSeedHook'),
    timer=dict(type='IterTimerHook'),
    visualization=dict(enable=False, type='VisualizationHook'))
default_scope = 'mmpretrain'
env_cfg = dict(
    cudnn_benchmark=False,
    dist_cfg=dict(backend='nccl'),
    mp_cfg=dict(mp_start_method='fork', opencv_num_threads=0))
launcher = 'pytorch'
load_from = None
log_level = 'INFO'
model = dict(
    init_cfg=dict(
        checkpoint='/mnt/data/pretrained/dinov2.pth', type='Pretrained'),
    model_name='vit_base_patch14_reg4_dinov2.lvd142m',
    num_classes=7806,
    type='TimmClassifier')
optim_wrapper = dict(
    loss_scale='dynamic',
    optimizer=dict(lr=0.001, type='AdamW', weight_decay=0.05),
    paramwise_cfg=dict(
        custom_keys=dict(
            cls_token=dict(decay_mult=0.0), mask_token=dict(decay_mult=0.0))),
    type='AmpOptimWrapper')
param_scheduler = dict(by_epoch=True, type='CosineAnnealingLR')
randomness = dict(deterministic=True, seed=0)
resume = False
test_cfg = dict()
test_dataloader = dict(
    batch_size=128,
    collate_fn=dict(type='default_collate'),
    dataset=dict(
        ann_file='annotation/plantclef_val.txt',
        data_prefix='/mnt/data',
        pipeline=[
            dict(type='LoadImageFromFile'),
            dict(
                backend='pillow',
                edge='short',
                interpolation='bicubic',
                scale=518,
                type='ResizeEdge'),
            dict(crop_size=518, type='CenterCrop'),
            dict(type='PackInputs'),
        ],
        type='CustomDataset'),
    num_workers=10,
    persistent_workers=True,
    pin_memory=True,
    sampler=dict(shuffle=True, type='DefaultSampler'))
test_evaluator = dict(
    topk=(
        1,
        5,
    ), type='Accuracy')
test_pipeline = [
    dict(type='LoadImageFromFile'),
    dict(
        backend='pillow',
        edge='short',
        interpolation='bicubic',
        scale=518,
        type='ResizeEdge'),
    dict(crop_size=518, type='CenterCrop'),
    dict(type='PackInputs'),
]
train_cfg = dict(by_epoch=True, max_epochs=15, val_interval=1)
train_dataloader = dict(
    batch_size=16,
    collate_fn=dict(type='default_collate'),
    dataset=dict(
        ann_file='annotation/train.txt',
        data_prefix='/mnt/data',
        pipeline=[
            dict(type='LoadImageFromFile'),
            dict(
                backend='pillow',
                edge='short',
                interpolation='bicubic',
                scale=518,
                type='ResizeEdge'),
            dict(crop_size=518, type='CenterCrop'),
            dict(type='PackInputs'),
        ],
        type='CustomDataset'),
    num_workers=48,
    persistent_workers=True,
    pin_memory=True,
    sampler=dict(shuffle=True, type='DefaultSampler'))
train_pipeline = [
    dict(type='LoadImageFromFile'),
    dict(
        backend='pillow',
        interpolation='bicubic',
        scale=518,
        type='RandomResizedCrop'),
    dict(direction='horizontal', prob=0.5, type='RandomFlip'),
    dict(brightness=0.4, contrast=0.4, saturation=0.4, type='ColorJitter'),
    dict(type='PackInputs'),
]
val_cfg = dict()
val_dataloader = dict(
    batch_size=128,
    collate_fn=dict(type='default_collate'),
    dataset=dict(
        ann_file='annotation/val.txt',
        data_prefix='/mnt/data',
        pipeline=[
            dict(type='LoadImageFromFile'),
            dict(
                backend='pillow',
                edge='short',
                interpolation='bicubic',
                scale=518,
                type='ResizeEdge'),
            dict(crop_size=518, type='CenterCrop'),
            dict(type='PackInputs'),
        ],
        type='CustomDataset'),
    num_workers=10,
    persistent_workers=True,
    pin_memory=True,
    sampler=dict(shuffle=True, type='DefaultSampler'))
val_evaluator = dict(
    topk=(
        1,
        5,
    ), type='Accuracy')
vis_backends = [
    dict(type='LocalVisBackend'),
]
visualizer = dict(
    type='UniversalVisualizer', vis_backends=[
        dict(type='LocalVisBackend'),
    ])
work_dir = './work_dirs/plantclef-pretrained'

2024/06/19 10:35:41 - mmengine - INFO - Hooks will be executed in the following order:
before_run:
(VERY_HIGH   ) RuntimeInfoHook                    
(BELOW_NORMAL) LoggerHook                         
 -------------------- 
before_train:
(VERY_HIGH   ) RuntimeInfoHook                    
(NORMAL      ) IterTimerHook                      
(VERY_LOW    ) CheckpointHook                     
 -------------------- 
before_train_epoch:
(VERY_HIGH   ) RuntimeInfoHook                    
(NORMAL      ) IterTimerHook                      
(NORMAL      ) DistSamplerSeedHook                
 -------------------- 
before_train_iter:
(VERY_HIGH   ) RuntimeInfoHook                    
(NORMAL      ) IterTimerHook                      
 -------------------- 
after_train_iter:
(VERY_HIGH   ) RuntimeInfoHook                    
(NORMAL      ) IterTimerHook                      
(BELOW_NORMAL) LoggerHook                         
(LOW         ) ParamSchedulerHook                 
(VERY_LOW    ) CheckpointHook                     
 -------------------- 
after_train_epoch:
(NORMAL      ) IterTimerHook                      
(LOW         ) ParamSchedulerHook                 
(VERY_LOW    ) CheckpointHook                     
 -------------------- 
before_val:
(VERY_HIGH   ) RuntimeInfoHook                    
 -------------------- 
before_val_epoch:
(NORMAL      ) IterTimerHook                      
 -------------------- 
before_val_iter:
(NORMAL      ) IterTimerHook                      
 -------------------- 
after_val_iter:
(NORMAL      ) IterTimerHook                      
(NORMAL      ) VisualizationHook                  
(BELOW_NORMAL) LoggerHook                         
 -------------------- 
after_val_epoch:
(VERY_HIGH   ) RuntimeInfoHook                    
(NORMAL      ) IterTimerHook                      
(BELOW_NORMAL) LoggerHook                         
(LOW         ) ParamSchedulerHook                 
(VERY_LOW    ) CheckpointHook                     
 -------------------- 
after_val:
(VERY_HIGH   ) RuntimeInfoHook                    
 -------------------- 
after_train:
(VERY_HIGH   ) RuntimeInfoHook                    
(VERY_LOW    ) CheckpointHook                     
 -------------------- 
before_test:
(VERY_HIGH   ) RuntimeInfoHook                    
 -------------------- 
before_test_epoch:
(NORMAL      ) IterTimerHook                      
 -------------------- 
before_test_iter:
(NORMAL      ) IterTimerHook                      
 -------------------- 
after_test_iter:
(NORMAL      ) IterTimerHook                      
(NORMAL      ) VisualizationHook                  
(BELOW_NORMAL) LoggerHook                         
 -------------------- 
after_test_epoch:
(VERY_HIGH   ) RuntimeInfoHook                    
(NORMAL      ) IterTimerHook                      
(BELOW_NORMAL) LoggerHook                         
 -------------------- 
after_test:
(VERY_HIGH   ) RuntimeInfoHook                    
 -------------------- 
after_run:
(BELOW_NORMAL) LoggerHook                         
 -------------------- 
2024/06/19 10:35:44 - mmengine - INFO - paramwise_options -- model.cls_token:lr=0.001
2024/06/19 10:35:44 - mmengine - INFO - paramwise_options -- model.cls_token:weight_decay=0.0
2024/06/19 10:35:44 - mmengine - INFO - paramwise_options -- model.cls_token:decay_mult=0.0
2024/06/19 10:35:44 - mmengine - INFO - load model from: /mnt/data/pretrained/dinov2.pth
2024/06/19 10:35:44 - mmengine - INFO - Loads checkpoint by local backend from path: /mnt/data/pretrained/dinov2.pth
Name of parameter - Initialization information

model.cls_token - torch.Size([1, 1, 768]): 
PretrainedInit: load from /mnt/data/pretrained/dinov2.pth 

model.reg_token - torch.Size([1, 4, 768]): 
PretrainedInit: load from /mnt/data/pretrained/dinov2.pth 

model.pos_embed - torch.Size([1, 1369, 768]): 
PretrainedInit: load from /mnt/data/pretrained/dinov2.pth 

model.patch_embed.proj.weight - torch.Size([768, 3, 14, 14]): 
PretrainedInit: load from /mnt/data/pretrained/dinov2.pth 

model.patch_embed.proj.bias - torch.Size([768]): 
PretrainedInit: load from /mnt/data/pretrained/dinov2.pth 

model.blocks.0.norm1.weight - torch.Size([768]): 
PretrainedInit: load from /mnt/data/pretrained/dinov2.pth 

model.blocks.0.norm1.bias - torch.Size([768]): 
PretrainedInit: load from /mnt/data/pretrained/dinov2.pth 

model.blocks.0.attn.qkv.weight - torch.Size([2304, 768]): 
PretrainedInit: load from /mnt/data/pretrained/dinov2.pth 

model.blocks.0.attn.qkv.bias - torch.Size([2304]): 
PretrainedInit: load from /mnt/data/pretrained/dinov2.pth 

model.blocks.0.attn.proj.weight - torch.Size([768, 768]): 
PretrainedInit: load from /mnt/data/pretrained/dinov2.pth 

model.blocks.0.attn.proj.bias - torch.Size([768]): 
PretrainedInit: load from /mnt/data/pretrained/dinov2.pth 

model.blocks.0.ls1.gamma - torch.Size([768]): 
PretrainedInit: load from /mnt/data/pretrained/dinov2.pth 

model.blocks.0.norm2.weight - torch.Size([768]): 
PretrainedInit: load from /mnt/data/pretrained/dinov2.pth 

model.blocks.0.norm2.bias - torch.Size([768]): 
PretrainedInit: load from /mnt/data/pretrained/dinov2.pth 

model.blocks.0.mlp.fc1.weight - torch.Size([3072, 768]): 
PretrainedInit: load from /mnt/data/pretrained/dinov2.pth 

model.blocks.0.mlp.fc1.bias - torch.Size([3072]): 
PretrainedInit: load from /mnt/data/pretrained/dinov2.pth 

model.blocks.0.mlp.fc2.weight - torch.Size([768, 3072]): 
PretrainedInit: load from /mnt/data/pretrained/dinov2.pth 

model.blocks.0.mlp.fc2.bias - torch.Size([768]): 
PretrainedInit: load from /mnt/data/pretrained/dinov2.pth 

model.blocks.0.ls2.gamma - torch.Size([768]): 
PretrainedInit: load from /mnt/data/pretrained/dinov2.pth 

model.blocks.1.norm1.weight - torch.Size([768]): 
PretrainedInit: load from /mnt/data/pretrained/dinov2.pth 

model.blocks.1.norm1.bias - torch.Size([768]): 
PretrainedInit: load from /mnt/data/pretrained/dinov2.pth 

model.blocks.1.attn.qkv.weight - torch.Size([2304, 768]): 
PretrainedInit: load from /mnt/data/pretrained/dinov2.pth 

model.blocks.1.attn.qkv.bias - torch.Size([2304]): 
PretrainedInit: load from /mnt/data/pretrained/dinov2.pth 

model.blocks.1.attn.proj.weight - torch.Size([768, 768]): 
PretrainedInit: load from /mnt/data/pretrained/dinov2.pth 

model.blocks.1.attn.proj.bias - torch.Size([768]): 
PretrainedInit: load from /mnt/data/pretrained/dinov2.pth 

model.blocks.1.ls1.gamma - torch.Size([768]): 
PretrainedInit: load from /mnt/data/pretrained/dinov2.pth 

model.blocks.1.norm2.weight - torch.Size([768]): 
PretrainedInit: load from /mnt/data/pretrained/dinov2.pth 

model.blocks.1.norm2.bias - torch.Size([768]): 
PretrainedInit: load from /mnt/data/pretrained/dinov2.pth 

model.blocks.1.mlp.fc1.weight - torch.Size([3072, 768]): 
PretrainedInit: load from /mnt/data/pretrained/dinov2.pth 

model.blocks.1.mlp.fc1.bias - torch.Size([3072]): 
PretrainedInit: load from /mnt/data/pretrained/dinov2.pth 

model.blocks.1.mlp.fc2.weight - torch.Size([768, 3072]): 
PretrainedInit: load from /mnt/data/pretrained/dinov2.pth 

model.blocks.1.mlp.fc2.bias - torch.Size([768]): 
PretrainedInit: load from /mnt/data/pretrained/dinov2.pth 

model.blocks.1.ls2.gamma - torch.Size([768]): 
PretrainedInit: load from /mnt/data/pretrained/dinov2.pth 

model.blocks.2.norm1.weight - torch.Size([768]): 
PretrainedInit: load from /mnt/data/pretrained/dinov2.pth 

model.blocks.2.norm1.bias - torch.Size([768]): 
PretrainedInit: load from /mnt/data/pretrained/dinov2.pth 

model.blocks.2.attn.qkv.weight - torch.Size([2304, 768]): 
PretrainedInit: load from /mnt/data/pretrained/dinov2.pth 

model.blocks.2.attn.qkv.bias - torch.Size([2304]): 
PretrainedInit: load from /mnt/data/pretrained/dinov2.pth 

model.blocks.2.attn.proj.weight - torch.Size([768, 768]): 
PretrainedInit: load from /mnt/data/pretrained/dinov2.pth 

model.blocks.2.attn.proj.bias - torch.Size([768]): 
PretrainedInit: load from /mnt/data/pretrained/dinov2.pth 

model.blocks.2.ls1.gamma - torch.Size([768]): 
PretrainedInit: load from /mnt/data/pretrained/dinov2.pth 

model.blocks.2.norm2.weight - torch.Size([768]): 
PretrainedInit: load from /mnt/data/pretrained/dinov2.pth 

model.blocks.2.norm2.bias - torch.Size([768]): 
PretrainedInit: load from /mnt/data/pretrained/dinov2.pth 

model.blocks.2.mlp.fc1.weight - torch.Size([3072, 768]): 
PretrainedInit: load from /mnt/data/pretrained/dinov2.pth 

model.blocks.2.mlp.fc1.bias - torch.Size([3072]): 
PretrainedInit: load from /mnt/data/pretrained/dinov2.pth 

model.blocks.2.mlp.fc2.weight - torch.Size([768, 3072]): 
PretrainedInit: load from /mnt/data/pretrained/dinov2.pth 

model.blocks.2.mlp.fc2.bias - torch.Size([768]): 
PretrainedInit: load from /mnt/data/pretrained/dinov2.pth 

model.blocks.2.ls2.gamma - torch.Size([768]): 
PretrainedInit: load from /mnt/data/pretrained/dinov2.pth 

model.blocks.3.norm1.weight - torch.Size([768]): 
PretrainedInit: load from /mnt/data/pretrained/dinov2.pth 

model.blocks.3.norm1.bias - torch.Size([768]): 
PretrainedInit: load from /mnt/data/pretrained/dinov2.pth 

model.blocks.3.attn.qkv.weight - torch.Size([2304, 768]): 
PretrainedInit: load from /mnt/data/pretrained/dinov2.pth 

model.blocks.3.attn.qkv.bias - torch.Size([2304]): 
PretrainedInit: load from /mnt/data/pretrained/dinov2.pth 

model.blocks.3.attn.proj.weight - torch.Size([768, 768]): 
PretrainedInit: load from /mnt/data/pretrained/dinov2.pth 

model.blocks.3.attn.proj.bias - torch.Size([768]): 
PretrainedInit: load from /mnt/data/pretrained/dinov2.pth 

model.blocks.3.ls1.gamma - torch.Size([768]): 
PretrainedInit: load from /mnt/data/pretrained/dinov2.pth 

model.blocks.3.norm2.weight - torch.Size([768]): 
PretrainedInit: load from /mnt/data/pretrained/dinov2.pth 

model.blocks.3.norm2.bias - torch.Size([768]): 
PretrainedInit: load from /mnt/data/pretrained/dinov2.pth 

model.blocks.3.mlp.fc1.weight - torch.Size([3072, 768]): 
PretrainedInit: load from /mnt/data/pretrained/dinov2.pth 

model.blocks.3.mlp.fc1.bias - torch.Size([3072]): 
PretrainedInit: load from /mnt/data/pretrained/dinov2.pth 

model.blocks.3.mlp.fc2.weight - torch.Size([768, 3072]): 
PretrainedInit: load from /mnt/data/pretrained/dinov2.pth 

model.blocks.3.mlp.fc2.bias - torch.Size([768]): 
PretrainedInit: load from /mnt/data/pretrained/dinov2.pth 

model.blocks.3.ls2.gamma - torch.Size([768]): 
PretrainedInit: load from /mnt/data/pretrained/dinov2.pth 

model.blocks.4.norm1.weight - torch.Size([768]): 
PretrainedInit: load from /mnt/data/pretrained/dinov2.pth 

model.blocks.4.norm1.bias - torch.Size([768]): 
PretrainedInit: load from /mnt/data/pretrained/dinov2.pth 

model.blocks.4.attn.qkv.weight - torch.Size([2304, 768]): 
PretrainedInit: load from /mnt/data/pretrained/dinov2.pth 

model.blocks.4.attn.qkv.bias - torch.Size([2304]): 
PretrainedInit: load from /mnt/data/pretrained/dinov2.pth 

model.blocks.4.attn.proj.weight - torch.Size([768, 768]): 
PretrainedInit: load from /mnt/data/pretrained/dinov2.pth 

model.blocks.4.attn.proj.bias - torch.Size([768]): 
PretrainedInit: load from /mnt/data/pretrained/dinov2.pth 

model.blocks.4.ls1.gamma - torch.Size([768]): 
PretrainedInit: load from /mnt/data/pretrained/dinov2.pth 

model.blocks.4.norm2.weight - torch.Size([768]): 
PretrainedInit: load from /mnt/data/pretrained/dinov2.pth 

model.blocks.4.norm2.bias - torch.Size([768]): 
PretrainedInit: load from /mnt/data/pretrained/dinov2.pth 

model.blocks.4.mlp.fc1.weight - torch.Size([3072, 768]): 
PretrainedInit: load from /mnt/data/pretrained/dinov2.pth 

model.blocks.4.mlp.fc1.bias - torch.Size([3072]): 
PretrainedInit: load from /mnt/data/pretrained/dinov2.pth 

model.blocks.4.mlp.fc2.weight - torch.Size([768, 3072]): 
PretrainedInit: load from /mnt/data/pretrained/dinov2.pth 

model.blocks.4.mlp.fc2.bias - torch.Size([768]): 
PretrainedInit: load from /mnt/data/pretrained/dinov2.pth 

model.blocks.4.ls2.gamma - torch.Size([768]): 
PretrainedInit: load from /mnt/data/pretrained/dinov2.pth 

model.blocks.5.norm1.weight - torch.Size([768]): 
PretrainedInit: load from /mnt/data/pretrained/dinov2.pth 

model.blocks.5.norm1.bias - torch.Size([768]): 
PretrainedInit: load from /mnt/data/pretrained/dinov2.pth 

model.blocks.5.attn.qkv.weight - torch.Size([2304, 768]): 
PretrainedInit: load from /mnt/data/pretrained/dinov2.pth 

model.blocks.5.attn.qkv.bias - torch.Size([2304]): 
PretrainedInit: load from /mnt/data/pretrained/dinov2.pth 

model.blocks.5.attn.proj.weight - torch.Size([768, 768]): 
PretrainedInit: load from /mnt/data/pretrained/dinov2.pth 

model.blocks.5.attn.proj.bias - torch.Size([768]): 
PretrainedInit: load from /mnt/data/pretrained/dinov2.pth 

model.blocks.5.ls1.gamma - torch.Size([768]): 
PretrainedInit: load from /mnt/data/pretrained/dinov2.pth 

model.blocks.5.norm2.weight - torch.Size([768]): 
PretrainedInit: load from /mnt/data/pretrained/dinov2.pth 

model.blocks.5.norm2.bias - torch.Size([768]): 
PretrainedInit: load from /mnt/data/pretrained/dinov2.pth 

model.blocks.5.mlp.fc1.weight - torch.Size([3072, 768]): 
PretrainedInit: load from /mnt/data/pretrained/dinov2.pth 

model.blocks.5.mlp.fc1.bias - torch.Size([3072]): 
PretrainedInit: load from /mnt/data/pretrained/dinov2.pth 

model.blocks.5.mlp.fc2.weight - torch.Size([768, 3072]): 
PretrainedInit: load from /mnt/data/pretrained/dinov2.pth 

model.blocks.5.mlp.fc2.bias - torch.Size([768]): 
PretrainedInit: load from /mnt/data/pretrained/dinov2.pth 

model.blocks.5.ls2.gamma - torch.Size([768]): 
PretrainedInit: load from /mnt/data/pretrained/dinov2.pth 

model.blocks.6.norm1.weight - torch.Size([768]): 
PretrainedInit: load from /mnt/data/pretrained/dinov2.pth 

model.blocks.6.norm1.bias - torch.Size([768]): 
PretrainedInit: load from /mnt/data/pretrained/dinov2.pth 

model.blocks.6.attn.qkv.weight - torch.Size([2304, 768]): 
PretrainedInit: load from /mnt/data/pretrained/dinov2.pth 

model.blocks.6.attn.qkv.bias - torch.Size([2304]): 
PretrainedInit: load from /mnt/data/pretrained/dinov2.pth 

model.blocks.6.attn.proj.weight - torch.Size([768, 768]): 
PretrainedInit: load from /mnt/data/pretrained/dinov2.pth 

model.blocks.6.attn.proj.bias - torch.Size([768]): 
PretrainedInit: load from /mnt/data/pretrained/dinov2.pth 

model.blocks.6.ls1.gamma - torch.Size([768]): 
PretrainedInit: load from /mnt/data/pretrained/dinov2.pth 

model.blocks.6.norm2.weight - torch.Size([768]): 
PretrainedInit: load from /mnt/data/pretrained/dinov2.pth 

model.blocks.6.norm2.bias - torch.Size([768]): 
PretrainedInit: load from /mnt/data/pretrained/dinov2.pth 

model.blocks.6.mlp.fc1.weight - torch.Size([3072, 768]): 
PretrainedInit: load from /mnt/data/pretrained/dinov2.pth 

model.blocks.6.mlp.fc1.bias - torch.Size([3072]): 
PretrainedInit: load from /mnt/data/pretrained/dinov2.pth 

model.blocks.6.mlp.fc2.weight - torch.Size([768, 3072]): 
PretrainedInit: load from /mnt/data/pretrained/dinov2.pth 

model.blocks.6.mlp.fc2.bias - torch.Size([768]): 
PretrainedInit: load from /mnt/data/pretrained/dinov2.pth 

model.blocks.6.ls2.gamma - torch.Size([768]): 
PretrainedInit: load from /mnt/data/pretrained/dinov2.pth 

model.blocks.7.norm1.weight - torch.Size([768]): 
PretrainedInit: load from /mnt/data/pretrained/dinov2.pth 

model.blocks.7.norm1.bias - torch.Size([768]): 
PretrainedInit: load from /mnt/data/pretrained/dinov2.pth 

model.blocks.7.attn.qkv.weight - torch.Size([2304, 768]): 
PretrainedInit: load from /mnt/data/pretrained/dinov2.pth 

model.blocks.7.attn.qkv.bias - torch.Size([2304]): 
PretrainedInit: load from /mnt/data/pretrained/dinov2.pth 

model.blocks.7.attn.proj.weight - torch.Size([768, 768]): 
PretrainedInit: load from /mnt/data/pretrained/dinov2.pth 

model.blocks.7.attn.proj.bias - torch.Size([768]): 
PretrainedInit: load from /mnt/data/pretrained/dinov2.pth 

model.blocks.7.ls1.gamma - torch.Size([768]): 
PretrainedInit: load from /mnt/data/pretrained/dinov2.pth 

model.blocks.7.norm2.weight - torch.Size([768]): 
PretrainedInit: load from /mnt/data/pretrained/dinov2.pth 

model.blocks.7.norm2.bias - torch.Size([768]): 
PretrainedInit: load from /mnt/data/pretrained/dinov2.pth 

model.blocks.7.mlp.fc1.weight - torch.Size([3072, 768]): 
PretrainedInit: load from /mnt/data/pretrained/dinov2.pth 

model.blocks.7.mlp.fc1.bias - torch.Size([3072]): 
PretrainedInit: load from /mnt/data/pretrained/dinov2.pth 

model.blocks.7.mlp.fc2.weight - torch.Size([768, 3072]): 
PretrainedInit: load from /mnt/data/pretrained/dinov2.pth 

model.blocks.7.mlp.fc2.bias - torch.Size([768]): 
PretrainedInit: load from /mnt/data/pretrained/dinov2.pth 

model.blocks.7.ls2.gamma - torch.Size([768]): 
PretrainedInit: load from /mnt/data/pretrained/dinov2.pth 

model.blocks.8.norm1.weight - torch.Size([768]): 
PretrainedInit: load from /mnt/data/pretrained/dinov2.pth 

model.blocks.8.norm1.bias - torch.Size([768]): 
PretrainedInit: load from /mnt/data/pretrained/dinov2.pth 

model.blocks.8.attn.qkv.weight - torch.Size([2304, 768]): 
PretrainedInit: load from /mnt/data/pretrained/dinov2.pth 

model.blocks.8.attn.qkv.bias - torch.Size([2304]): 
PretrainedInit: load from /mnt/data/pretrained/dinov2.pth 

model.blocks.8.attn.proj.weight - torch.Size([768, 768]): 
PretrainedInit: load from /mnt/data/pretrained/dinov2.pth 

model.blocks.8.attn.proj.bias - torch.Size([768]): 
PretrainedInit: load from /mnt/data/pretrained/dinov2.pth 

model.blocks.8.ls1.gamma - torch.Size([768]): 
PretrainedInit: load from /mnt/data/pretrained/dinov2.pth 

model.blocks.8.norm2.weight - torch.Size([768]): 
PretrainedInit: load from /mnt/data/pretrained/dinov2.pth 

model.blocks.8.norm2.bias - torch.Size([768]): 
PretrainedInit: load from /mnt/data/pretrained/dinov2.pth 

model.blocks.8.mlp.fc1.weight - torch.Size([3072, 768]): 
PretrainedInit: load from /mnt/data/pretrained/dinov2.pth 

model.blocks.8.mlp.fc1.bias - torch.Size([3072]): 
PretrainedInit: load from /mnt/data/pretrained/dinov2.pth 

model.blocks.8.mlp.fc2.weight - torch.Size([768, 3072]): 
PretrainedInit: load from /mnt/data/pretrained/dinov2.pth 

model.blocks.8.mlp.fc2.bias - torch.Size([768]): 
PretrainedInit: load from /mnt/data/pretrained/dinov2.pth 

model.blocks.8.ls2.gamma - torch.Size([768]): 
PretrainedInit: load from /mnt/data/pretrained/dinov2.pth 

model.blocks.9.norm1.weight - torch.Size([768]): 
PretrainedInit: load from /mnt/data/pretrained/dinov2.pth 

model.blocks.9.norm1.bias - torch.Size([768]): 
PretrainedInit: load from /mnt/data/pretrained/dinov2.pth 

model.blocks.9.attn.qkv.weight - torch.Size([2304, 768]): 
PretrainedInit: load from /mnt/data/pretrained/dinov2.pth 

model.blocks.9.attn.qkv.bias - torch.Size([2304]): 
PretrainedInit: load from /mnt/data/pretrained/dinov2.pth 

model.blocks.9.attn.proj.weight - torch.Size([768, 768]): 
PretrainedInit: load from /mnt/data/pretrained/dinov2.pth 

model.blocks.9.attn.proj.bias - torch.Size([768]): 
PretrainedInit: load from /mnt/data/pretrained/dinov2.pth 

model.blocks.9.ls1.gamma - torch.Size([768]): 
PretrainedInit: load from /mnt/data/pretrained/dinov2.pth 

model.blocks.9.norm2.weight - torch.Size([768]): 
PretrainedInit: load from /mnt/data/pretrained/dinov2.pth 

model.blocks.9.norm2.bias - torch.Size([768]): 
PretrainedInit: load from /mnt/data/pretrained/dinov2.pth 

model.blocks.9.mlp.fc1.weight - torch.Size([3072, 768]): 
PretrainedInit: load from /mnt/data/pretrained/dinov2.pth 

model.blocks.9.mlp.fc1.bias - torch.Size([3072]): 
PretrainedInit: load from /mnt/data/pretrained/dinov2.pth 

model.blocks.9.mlp.fc2.weight - torch.Size([768, 3072]): 
PretrainedInit: load from /mnt/data/pretrained/dinov2.pth 

model.blocks.9.mlp.fc2.bias - torch.Size([768]): 
PretrainedInit: load from /mnt/data/pretrained/dinov2.pth 

model.blocks.9.ls2.gamma - torch.Size([768]): 
PretrainedInit: load from /mnt/data/pretrained/dinov2.pth 

model.blocks.10.norm1.weight - torch.Size([768]): 
PretrainedInit: load from /mnt/data/pretrained/dinov2.pth 

model.blocks.10.norm1.bias - torch.Size([768]): 
PretrainedInit: load from /mnt/data/pretrained/dinov2.pth 

model.blocks.10.attn.qkv.weight - torch.Size([2304, 768]): 
PretrainedInit: load from /mnt/data/pretrained/dinov2.pth 

model.blocks.10.attn.qkv.bias - torch.Size([2304]): 
PretrainedInit: load from /mnt/data/pretrained/dinov2.pth 

model.blocks.10.attn.proj.weight - torch.Size([768, 768]): 
PretrainedInit: load from /mnt/data/pretrained/dinov2.pth 

model.blocks.10.attn.proj.bias - torch.Size([768]): 
PretrainedInit: load from /mnt/data/pretrained/dinov2.pth 

model.blocks.10.ls1.gamma - torch.Size([768]): 
PretrainedInit: load from /mnt/data/pretrained/dinov2.pth 

model.blocks.10.norm2.weight - torch.Size([768]): 
PretrainedInit: load from /mnt/data/pretrained/dinov2.pth 

model.blocks.10.norm2.bias - torch.Size([768]): 
PretrainedInit: load from /mnt/data/pretrained/dinov2.pth 

model.blocks.10.mlp.fc1.weight - torch.Size([3072, 768]): 
PretrainedInit: load from /mnt/data/pretrained/dinov2.pth 

model.blocks.10.mlp.fc1.bias - torch.Size([3072]): 
PretrainedInit: load from /mnt/data/pretrained/dinov2.pth 

model.blocks.10.mlp.fc2.weight - torch.Size([768, 3072]): 
PretrainedInit: load from /mnt/data/pretrained/dinov2.pth 

model.blocks.10.mlp.fc2.bias - torch.Size([768]): 
PretrainedInit: load from /mnt/data/pretrained/dinov2.pth 

model.blocks.10.ls2.gamma - torch.Size([768]): 
PretrainedInit: load from /mnt/data/pretrained/dinov2.pth 

model.blocks.11.norm1.weight - torch.Size([768]): 
PretrainedInit: load from /mnt/data/pretrained/dinov2.pth 

model.blocks.11.norm1.bias - torch.Size([768]): 
PretrainedInit: load from /mnt/data/pretrained/dinov2.pth 

model.blocks.11.attn.qkv.weight - torch.Size([2304, 768]): 
PretrainedInit: load from /mnt/data/pretrained/dinov2.pth 

model.blocks.11.attn.qkv.bias - torch.Size([2304]): 
PretrainedInit: load from /mnt/data/pretrained/dinov2.pth 

model.blocks.11.attn.proj.weight - torch.Size([768, 768]): 
PretrainedInit: load from /mnt/data/pretrained/dinov2.pth 

model.blocks.11.attn.proj.bias - torch.Size([768]): 
PretrainedInit: load from /mnt/data/pretrained/dinov2.pth 

model.blocks.11.ls1.gamma - torch.Size([768]): 
PretrainedInit: load from /mnt/data/pretrained/dinov2.pth 

model.blocks.11.norm2.weight - torch.Size([768]): 
PretrainedInit: load from /mnt/data/pretrained/dinov2.pth 

model.blocks.11.norm2.bias - torch.Size([768]): 
PretrainedInit: load from /mnt/data/pretrained/dinov2.pth 

model.blocks.11.mlp.fc1.weight - torch.Size([3072, 768]): 
PretrainedInit: load from /mnt/data/pretrained/dinov2.pth 

model.blocks.11.mlp.fc1.bias - torch.Size([3072]): 
PretrainedInit: load from /mnt/data/pretrained/dinov2.pth 

model.blocks.11.mlp.fc2.weight - torch.Size([768, 3072]): 
PretrainedInit: load from /mnt/data/pretrained/dinov2.pth 

model.blocks.11.mlp.fc2.bias - torch.Size([768]): 
PretrainedInit: load from /mnt/data/pretrained/dinov2.pth 

model.blocks.11.ls2.gamma - torch.Size([768]): 
PretrainedInit: load from /mnt/data/pretrained/dinov2.pth 

model.norm.weight - torch.Size([768]): 
PretrainedInit: load from /mnt/data/pretrained/dinov2.pth 

model.norm.bias - torch.Size([768]): 
PretrainedInit: load from /mnt/data/pretrained/dinov2.pth 

model.head.weight - torch.Size([7806, 768]): 
PretrainedInit: load from /mnt/data/pretrained/dinov2.pth 

model.head.bias - torch.Size([7806]): 
The value is the same before and after calling `init_weights` of TimmClassifier  
2024/06/19 10:35:45 - mmengine - WARNING - "FileClient" will be deprecated in future. Please use io functions in https://mmengine.readthedocs.io/en/latest/api/fileio.html#file-io
2024/06/19 10:35:45 - mmengine - WARNING - "HardDiskBackend" is the alias of "LocalBackend" and the former will be deprecated in future.
2024/06/19 10:35:45 - mmengine - INFO - Checkpoints will be saved to /root/weed-detection/work_dirs/plantclef-pretrained.
2024/06/19 10:36:55 - mmengine - INFO - Epoch(train)  [1][ 100/3069]  base_lr: 1.0000e-03 lr: 1.0000e-03  eta: 9:00:19  time: 0.5641  data_time: 0.0021  memory: 9771  loss: 8.0365
2024/06/19 10:37:50 - mmengine - INFO - Epoch(train)  [1][ 200/3069]  base_lr: 1.0000e-03 lr: 1.0000e-03  eta: 7:59:51  time: 0.5541  data_time: 0.0018  memory: 9771  loss: 7.9511
2024/06/19 10:38:46 - mmengine - INFO - Epoch(train)  [1][ 300/3069]  base_lr: 1.0000e-03 lr: 1.0000e-03  eta: 7:40:12  time: 0.5636  data_time: 0.0013  memory: 9771  loss: 8.0923
2024/06/19 10:39:41 - mmengine - INFO - Epoch(train)  [1][ 400/3069]  base_lr: 1.0000e-03 lr: 1.0000e-03  eta: 7:28:51  time: 0.5468  data_time: 0.0016  memory: 9771  loss: 7.7198
2024/06/19 10:40:36 - mmengine - INFO - Epoch(train)  [1][ 500/3069]  base_lr: 1.0000e-03 lr: 1.0000e-03  eta: 7:22:24  time: 0.5471  data_time: 0.0012  memory: 9771  loss: 7.8071
2024/06/19 10:41:31 - mmengine - INFO - Epoch(train)  [1][ 600/3069]  base_lr: 1.0000e-03 lr: 1.0000e-03  eta: 7:17:21  time: 0.5459  data_time: 0.0017  memory: 9771  loss: 7.4955
2024/06/19 10:42:26 - mmengine - INFO - Epoch(train)  [1][ 700/3069]  base_lr: 1.0000e-03 lr: 1.0000e-03  eta: 7:13:16  time: 0.5399  data_time: 0.0017  memory: 9771  loss: 7.1961
2024/06/19 10:43:21 - mmengine - INFO - Epoch(train)  [1][ 800/3069]  base_lr: 1.0000e-03 lr: 1.0000e-03  eta: 7:10:19  time: 0.5447  data_time: 0.0011  memory: 9771  loss: 7.2260
2024/06/19 10:44:16 - mmengine - INFO - Epoch(train)  [1][ 900/3069]  base_lr: 1.0000e-03 lr: 1.0000e-03  eta: 7:07:17  time: 0.5415  data_time: 0.0013  memory: 9771  loss: 7.1873
2024/06/19 10:45:12 - mmengine - INFO - Exp name: plantclef-pretrained_20240619_103535
2024/06/19 10:45:12 - mmengine - INFO - Epoch(train)  [1][1000/3069]  base_lr: 1.0000e-03 lr: 1.0000e-03  eta: 7:05:31  time: 0.5484  data_time: 0.0012  memory: 9771  loss: 7.0567
2024/06/19 10:46:07 - mmengine - INFO - Epoch(train)  [1][1100/3069]  base_lr: 1.0000e-03 lr: 1.0000e-03  eta: 7:03:34  time: 0.5473  data_time: 0.0012  memory: 9771  loss: 7.1285
2024/06/19 10:47:02 - mmengine - INFO - Epoch(train)  [1][1200/3069]  base_lr: 1.0000e-03 lr: 1.0000e-03  eta: 7:01:42  time: 0.5495  data_time: 0.0015  memory: 9771  loss: 7.0513
2024/06/19 10:47:57 - mmengine - INFO - Epoch(train)  [1][1300/3069]  base_lr: 1.0000e-03 lr: 1.0000e-03  eta: 7:00:05  time: 0.5525  data_time: 0.0014  memory: 9771  loss: 6.8773
2024/06/19 10:48:52 - mmengine - INFO - Epoch(train)  [1][1400/3069]  base_lr: 1.0000e-03 lr: 1.0000e-03  eta: 6:58:29  time: 0.5423  data_time: 0.0016  memory: 9771  loss: 6.8946
2024/06/19 10:49:47 - mmengine - INFO - Epoch(train)  [1][1500/3069]  base_lr: 1.0000e-03 lr: 1.0000e-03  eta: 6:56:57  time: 0.5539  data_time: 0.0012  memory: 9771  loss: 6.8641
2024/06/19 10:50:43 - mmengine - INFO - Epoch(train)  [1][1600/3069]  base_lr: 1.0000e-03 lr: 1.0000e-03  eta: 6:55:41  time: 0.5614  data_time: 0.0017  memory: 9771  loss: 6.9436
2024/06/19 10:51:39 - mmengine - INFO - Epoch(train)  [1][1700/3069]  base_lr: 1.0000e-03 lr: 1.0000e-03  eta: 6:54:32  time: 0.5634  data_time: 0.0016  memory: 9771  loss: 6.7570
2024/06/19 10:52:34 - mmengine - INFO - Epoch(train)  [1][1800/3069]  base_lr: 1.0000e-03 lr: 1.0000e-03  eta: 6:53:20  time: 0.5432  data_time: 0.0016  memory: 9771  loss: 6.8577
2024/06/19 10:53:30 - mmengine - INFO - Epoch(train)  [1][1900/3069]  base_lr: 1.0000e-03 lr: 1.0000e-03  eta: 6:52:12  time: 0.5658  data_time: 0.0018  memory: 9771  loss: 7.0741
2024/06/19 10:54:25 - mmengine - INFO - Exp name: plantclef-pretrained_20240619_103535
2024/06/19 10:54:25 - mmengine - INFO - Epoch(train)  [1][2000/3069]  base_lr: 1.0000e-03 lr: 1.0000e-03  eta: 6:51:05  time: 0.5515  data_time: 0.0012  memory: 9771  loss: 6.3763
2024/06/19 10:55:21 - mmengine - INFO - Epoch(train)  [1][2100/3069]  base_lr: 1.0000e-03 lr: 1.0000e-03  eta: 6:49:58  time: 0.5457  data_time: 0.0014  memory: 9771  loss: 7.1005
2024/06/19 10:56:16 - mmengine - INFO - Epoch(train)  [1][2200/3069]  base_lr: 1.0000e-03 lr: 1.0000e-03  eta: 6:48:43  time: 0.5465  data_time: 0.0017  memory: 9771  loss: 6.4310
2024/06/19 10:57:11 - mmengine - INFO - Epoch(train)  [1][2300/3069]  base_lr: 1.0000e-03 lr: 1.0000e-03  eta: 6:47:36  time: 0.5497  data_time: 0.0014  memory: 9771  loss: 6.5633
2024/06/19 10:58:06 - mmengine - INFO - Epoch(train)  [1][2400/3069]  base_lr: 1.0000e-03 lr: 1.0000e-03  eta: 6:46:28  time: 0.5527  data_time: 0.0011  memory: 9771  loss: 6.6646
2024/06/19 10:59:02 - mmengine - INFO - Epoch(train)  [1][2500/3069]  base_lr: 1.0000e-03 lr: 1.0000e-03  eta: 6:45:24  time: 0.5560  data_time: 0.0014  memory: 9771  loss: 6.6530
2024/06/19 10:59:57 - mmengine - INFO - Epoch(train)  [1][2600/3069]  base_lr: 1.0000e-03 lr: 1.0000e-03  eta: 6:44:17  time: 0.5487  data_time: 0.0011  memory: 9771  loss: 6.5418
2024/06/19 11:00:52 - mmengine - INFO - Epoch(train)  [1][2700/3069]  base_lr: 1.0000e-03 lr: 1.0000e-03  eta: 6:43:10  time: 0.5556  data_time: 0.0014  memory: 9771  loss: 6.4570
2024/06/19 11:01:48 - mmengine - INFO - Epoch(train)  [1][2800/3069]  base_lr: 1.0000e-03 lr: 1.0000e-03  eta: 6:42:08  time: 0.5453  data_time: 0.0014  memory: 9771  loss: 6.3536
2024/06/19 11:02:43 - mmengine - INFO - Epoch(train)  [1][2900/3069]  base_lr: 1.0000e-03 lr: 1.0000e-03  eta: 6:41:06  time: 0.5548  data_time: 0.0017  memory: 9771  loss: 6.1621
2024/06/19 11:03:38 - mmengine - INFO - Exp name: plantclef-pretrained_20240619_103535
2024/06/19 11:03:38 - mmengine - INFO - Epoch(train)  [1][3000/3069]  base_lr: 1.0000e-03 lr: 1.0000e-03  eta: 6:40:04  time: 0.5358  data_time: 0.0011  memory: 9771  loss: 6.3902
2024/06/19 11:04:15 - mmengine - INFO - Exp name: plantclef-pretrained_20240619_103535
2024/06/19 11:04:15 - mmengine - INFO - Saving checkpoint at 1 epochs
2024/06/19 11:05:09 - mmengine - INFO - Epoch(val) [1][11/11]    accuracy/top1: 16.9495  accuracy/top5: 29.4820  data_time: 0.4043  time: 3.8008
2024/06/19 11:06:13 - mmengine - INFO - Epoch(train)  [2][ 100/3069]  base_lr: 9.8907e-04 lr: 9.8907e-04  eta: 6:40:01  time: 0.5521  data_time: 0.0014  memory: 9787  loss: 6.0182
2024/06/19 11:07:08 - mmengine - INFO - Epoch(train)  [2][ 200/3069]  base_lr: 9.8907e-04 lr: 9.8907e-04  eta: 6:38:56  time: 0.5540  data_time: 0.0012  memory: 9787  loss: 5.8308
2024/06/19 11:08:03 - mmengine - INFO - Epoch(train)  [2][ 300/3069]  base_lr: 9.8907e-04 lr: 9.8907e-04  eta: 6:37:47  time: 0.5546  data_time: 0.0013  memory: 9787  loss: 5.9185
2024/06/19 11:08:58 - mmengine - INFO - Epoch(train)  [2][ 400/3069]  base_lr: 9.8907e-04 lr: 9.8907e-04  eta: 6:36:39  time: 0.5595  data_time: 0.0014  memory: 9787  loss: 5.9580
2024/06/19 11:09:53 - mmengine - INFO - Epoch(train)  [2][ 500/3069]  base_lr: 9.8907e-04 lr: 9.8907e-04  eta: 6:35:34  time: 0.5461  data_time: 0.0012  memory: 9787  loss: 6.1375
2024/06/19 11:10:49 - mmengine - INFO - Epoch(train)  [2][ 600/3069]  base_lr: 9.8907e-04 lr: 9.8907e-04  eta: 6:34:38  time: 0.5583  data_time: 0.0012  memory: 9787  loss: 6.0542
2024/06/19 11:11:44 - mmengine - INFO - Epoch(train)  [2][ 700/3069]  base_lr: 9.8907e-04 lr: 9.8907e-04  eta: 6:33:29  time: 0.5440  data_time: 0.0013  memory: 9787  loss: 5.8165
2024/06/19 11:12:39 - mmengine - INFO - Epoch(train)  [2][ 800/3069]  base_lr: 9.8907e-04 lr: 9.8907e-04  eta: 6:32:20  time: 0.5543  data_time: 0.0013  memory: 9787  loss: 5.8339
2024/06/19 11:13:34 - mmengine - INFO - Epoch(train)  [2][ 900/3069]  base_lr: 9.8907e-04 lr: 9.8907e-04  eta: 6:31:16  time: 0.5529  data_time: 0.0012  memory: 9787  loss: 6.1002
2024/06/19 11:13:51 - mmengine - INFO - Exp name: plantclef-pretrained_20240619_103535
2024/06/19 11:14:29 - mmengine - INFO - Epoch(train)  [2][1000/3069]  base_lr: 9.8907e-04 lr: 9.8907e-04  eta: 6:30:17  time: 0.5472  data_time: 0.0012  memory: 9787  loss: 6.2229
2024/06/19 11:15:24 - mmengine - INFO - Epoch(train)  [2][1100/3069]  base_lr: 9.8907e-04 lr: 9.8907e-04  eta: 6:29:12  time: 0.5440  data_time: 0.0012  memory: 9787  loss: 5.6551
2024/06/19 11:16:19 - mmengine - INFO - Epoch(train)  [2][1200/3069]  base_lr: 9.8907e-04 lr: 9.8907e-04  eta: 6:28:11  time: 0.5598  data_time: 0.0013  memory: 9787  loss: 5.5875
2024/06/19 11:17:15 - mmengine - INFO - Epoch(train)  [2][1300/3069]  base_lr: 9.8907e-04 lr: 9.8907e-04  eta: 6:27:10  time: 0.5550  data_time: 0.0012  memory: 9787  loss: 5.5864
2024/06/19 11:18:10 - mmengine - INFO - Epoch(train)  [2][1400/3069]  base_lr: 9.8907e-04 lr: 9.8907e-04  eta: 6:26:15  time: 0.5458  data_time: 0.0013  memory: 9787  loss: 5.7916
2024/06/19 11:19:05 - mmengine - INFO - Epoch(train)  [2][1500/3069]  base_lr: 9.8907e-04 lr: 9.8907e-04  eta: 6:25:08  time: 0.5431  data_time: 0.0015  memory: 9787  loss: 5.9095
2024/06/19 11:20:00 - mmengine - INFO - Epoch(train)  [2][1600/3069]  base_lr: 9.8907e-04 lr: 9.8907e-04  eta: 6:24:03  time: 0.5607  data_time: 0.0024  memory: 9787  loss: 5.5825
2024/06/19 11:20:55 - mmengine - INFO - Epoch(train)  [2][1700/3069]  base_lr: 9.8907e-04 lr: 9.8907e-04  eta: 6:23:04  time: 0.5424  data_time: 0.0014  memory: 9787  loss: 5.7557
2024/06/19 11:21:50 - mmengine - INFO - Epoch(train)  [2][1800/3069]  base_lr: 9.8907e-04 lr: 9.8907e-04  eta: 6:22:01  time: 0.5441  data_time: 0.0016  memory: 9787  loss: 5.6099
2024/06/19 11:22:45 - mmengine - INFO - Epoch(train)  [2][1900/3069]  base_lr: 9.8907e-04 lr: 9.8907e-04  eta: 6:21:00  time: 0.5601  data_time: 0.0016  memory: 9787  loss: 6.0378
2024/06/19 11:23:02 - mmengine - INFO - Exp name: plantclef-pretrained_20240619_103535
2024/06/19 11:23:40 - mmengine - INFO - Epoch(train)  [2][2000/3069]  base_lr: 9.8907e-04 lr: 9.8907e-04  eta: 6:20:04  time: 0.5460  data_time: 0.0012  memory: 9787  loss: 5.7556
2024/06/19 11:24:35 - mmengine - INFO - Epoch(train)  [2][2100/3069]  base_lr: 9.8907e-04 lr: 9.8907e-04  eta: 6:18:58  time: 0.5424  data_time: 0.0012  memory: 9787  loss: 5.8133
2024/06/19 11:25:29 - mmengine - INFO - Epoch(train)  [2][2200/3069]  base_lr: 9.8907e-04 lr: 9.8907e-04  eta: 6:17:51  time: 0.5394  data_time: 0.0013  memory: 9787  loss: 5.5446
2024/06/19 11:26:23 - mmengine - INFO - Epoch(train)  [2][2300/3069]  base_lr: 9.8907e-04 lr: 9.8907e-04  eta: 6:16:45  time: 0.5444  data_time: 0.0012  memory: 9787  loss: 5.3715
2024/06/19 11:27:18 - mmengine - INFO - Epoch(train)  [2][2400/3069]  base_lr: 9.8907e-04 lr: 9.8907e-04  eta: 6:15:41  time: 0.5458  data_time: 0.0013  memory: 9787  loss: 5.9540
2024/06/19 11:28:13 - mmengine - INFO - Epoch(train)  [2][2500/3069]  base_lr: 9.8907e-04 lr: 9.8907e-04  eta: 6:14:44  time: 0.5636  data_time: 0.0012  memory: 9787  loss: 5.5193
2024/06/19 11:29:08 - mmengine - INFO - Epoch(train)  [2][2600/3069]  base_lr: 9.8907e-04 lr: 9.8907e-04  eta: 6:13:41  time: 0.5403  data_time: 0.0013  memory: 9787  loss: 5.3728
2024/06/19 11:30:03 - mmengine - INFO - Epoch(train)  [2][2700/3069]  base_lr: 9.8907e-04 lr: 9.8907e-04  eta: 6:12:44  time: 0.5611  data_time: 0.0017  memory: 9787  loss: 5.4229
2024/06/19 11:30:59 - mmengine - INFO - Epoch(train)  [2][2800/3069]  base_lr: 9.8907e-04 lr: 9.8907e-04  eta: 6:11:51  time: 0.5623  data_time: 0.0012  memory: 9787  loss: 5.3076
2024/06/19 11:31:54 - mmengine - INFO - Epoch(train)  [2][2900/3069]  base_lr: 9.8907e-04 lr: 9.8907e-04  eta: 6:10:53  time: 0.5516  data_time: 0.0017  memory: 9787  loss: 5.4868
2024/06/19 11:32:11 - mmengine - INFO - Exp name: plantclef-pretrained_20240619_103535
2024/06/19 11:32:50 - mmengine - INFO - Epoch(train)  [2][3000/3069]  base_lr: 9.8907e-04 lr: 9.8907e-04  eta: 6:09:59  time: 0.5585  data_time: 0.0014  memory: 9787  loss: 5.6412
2024/06/19 11:33:28 - mmengine - INFO - Exp name: plantclef-pretrained_20240619_103535
2024/06/19 11:33:28 - mmengine - INFO - Saving checkpoint at 2 epochs
2024/06/19 11:34:22 - mmengine - INFO - Epoch(val) [2][11/11]    accuracy/top1: 22.8925  accuracy/top5: 36.5024  data_time: 0.3572  time: 3.6490
2024/06/19 11:35:28 - mmengine - INFO - Epoch(train)  [3][ 100/3069]  base_lr: 9.5677e-04 lr: 9.5677e-04  eta: 6:09:29  time: 0.5491  data_time: 0.0013  memory: 9787  loss: 5.0359
2024/06/19 11:36:23 - mmengine - INFO - Epoch(train)  [3][ 200/3069]  base_lr: 9.5677e-04 lr: 9.5677e-04  eta: 6:08:30  time: 0.5390  data_time: 0.0012  memory: 9787  loss: 5.3443
2024/06/19 11:37:19 - mmengine - INFO - Epoch(train)  [3][ 300/3069]  base_lr: 9.5677e-04 lr: 9.5677e-04  eta: 6:07:34  time: 0.5645  data_time: 0.0019  memory: 9787  loss: 5.4275
2024/06/19 11:38:13 - mmengine - INFO - Epoch(train)  [3][ 400/3069]  base_lr: 9.5677e-04 lr: 9.5677e-04  eta: 6:06:32  time: 0.5431  data_time: 0.0012  memory: 9787  loss: 5.6336
2024/06/19 11:39:08 - mmengine - INFO - Epoch(train)  [3][ 500/3069]  base_lr: 9.5677e-04 lr: 9.5677e-04  eta: 6:05:33  time: 0.5449  data_time: 0.0012  memory: 9787  loss: 4.8380
2024/06/19 11:40:04 - mmengine - INFO - Epoch(train)  [3][ 600/3069]  base_lr: 9.5677e-04 lr: 9.5677e-04  eta: 6:04:34  time: 0.5427  data_time: 0.0014  memory: 9787  loss: 4.9578
2024/06/19 11:40:59 - mmengine - INFO - Epoch(train)  [3][ 700/3069]  base_lr: 9.5677e-04 lr: 9.5677e-04  eta: 6:03:35  time: 0.5612  data_time: 0.0013  memory: 9787  loss: 4.5438
2024/06/19 11:41:54 - mmengine - INFO - Epoch(train)  [3][ 800/3069]  base_lr: 9.5677e-04 lr: 9.5677e-04  eta: 6:02:37  time: 0.5446  data_time: 0.0012  memory: 9787  loss: 5.0366
2024/06/19 11:42:28 - mmengine - INFO - Exp name: plantclef-pretrained_20240619_103535
2024/06/19 11:42:49 - mmengine - INFO - Epoch(train)  [3][ 900/3069]  base_lr: 9.5677e-04 lr: 9.5677e-04  eta: 6:01:37  time: 0.5587  data_time: 0.0012  memory: 9787  loss: 5.2520
2024/06/19 11:43:43 - mmengine - INFO - Epoch(train)  [3][1000/3069]  base_lr: 9.5677e-04 lr: 9.5677e-04  eta: 6:00:36  time: 0.5393  data_time: 0.0013  memory: 9787  loss: 4.8389
2024/06/19 11:44:38 - mmengine - INFO - Epoch(train)  [3][1100/3069]  base_lr: 9.5677e-04 lr: 9.5677e-04  eta: 5:59:37  time: 0.5382  data_time: 0.0013  memory: 9787  loss: 5.2836
2024/06/19 11:45:34 - mmengine - INFO - Epoch(train)  [3][1200/3069]  base_lr: 9.5677e-04 lr: 9.5677e-04  eta: 5:58:40  time: 0.5454  data_time: 0.0012  memory: 9787  loss: 4.4940
2024/06/19 11:46:29 - mmengine - INFO - Epoch(train)  [3][1300/3069]  base_lr: 9.5677e-04 lr: 9.5677e-04  eta: 5:57:44  time: 0.5647  data_time: 0.0012  memory: 9787  loss: 5.3895
2024/06/19 11:47:25 - mmengine - INFO - Epoch(train)  [3][1400/3069]  base_lr: 9.5677e-04 lr: 9.5677e-04  eta: 5:56:49  time: 0.5659  data_time: 0.0014  memory: 9787  loss: 5.0082
2024/06/19 11:48:20 - mmengine - INFO - Epoch(train)  [3][1500/3069]  base_lr: 9.5677e-04 lr: 9.5677e-04  eta: 5:55:51  time: 0.5634  data_time: 0.0017  memory: 9787  loss: 4.9750
2024/06/19 11:49:15 - mmengine - INFO - Epoch(train)  [3][1600/3069]  base_lr: 9.5677e-04 lr: 9.5677e-04  eta: 5:54:51  time: 0.5384  data_time: 0.0013  memory: 9787  loss: 4.8640
2024/06/19 11:50:10 - mmengine - INFO - Epoch(train)  [3][1700/3069]  base_lr: 9.5677e-04 lr: 9.5677e-04  eta: 5:53:51  time: 0.5446  data_time: 0.0014  memory: 9787  loss: 5.1942
2024/06/19 11:51:04 - mmengine - INFO - Epoch(train)  [3][1800/3069]  base_lr: 9.5677e-04 lr: 9.5677e-04  eta: 5:52:51  time: 0.5410  data_time: 0.0014  memory: 9787  loss: 5.1234
2024/06/19 11:51:38 - mmengine - INFO - Exp name: plantclef-pretrained_20240619_103535
2024/06/19 11:51:59 - mmengine - INFO - Epoch(train)  [3][1900/3069]  base_lr: 9.5677e-04 lr: 9.5677e-04  eta: 5:51:50  time: 0.5446  data_time: 0.0014  memory: 9787  loss: 4.9890
2024/06/19 11:52:54 - mmengine - INFO - Epoch(train)  [3][2000/3069]  base_lr: 9.5677e-04 lr: 9.5677e-04  eta: 5:50:55  time: 0.5601  data_time: 0.0013  memory: 9787  loss: 4.6324
2024/06/19 11:53:51 - mmengine - INFO - Epoch(train)  [3][2100/3069]  base_lr: 9.5677e-04 lr: 9.5677e-04  eta: 5:50:02  time: 0.5555  data_time: 0.0017  memory: 9787  loss: 4.8059
2024/06/19 11:54:46 - mmengine - INFO - Epoch(train)  [3][2200/3069]  base_lr: 9.5677e-04 lr: 9.5677e-04  eta: 5:49:05  time: 0.5486  data_time: 0.0021  memory: 9787  loss: 4.7816
2024/06/19 11:55:41 - mmengine - INFO - Epoch(train)  [3][2300/3069]  base_lr: 9.5677e-04 lr: 9.5677e-04  eta: 5:48:09  time: 0.5480  data_time: 0.0022  memory: 9787  loss: 4.8686
2024/06/19 11:56:36 - mmengine - INFO - Epoch(train)  [3][2400/3069]  base_lr: 9.5677e-04 lr: 9.5677e-04  eta: 5:47:10  time: 0.5493  data_time: 0.0012  memory: 9787  loss: 4.8727
2024/06/19 11:57:31 - mmengine - INFO - Epoch(train)  [3][2500/3069]  base_lr: 9.5677e-04 lr: 9.5677e-04  eta: 5:46:11  time: 0.5452  data_time: 0.0012  memory: 9787  loss: 4.6864
2024/06/19 11:58:25 - mmengine - INFO - Epoch(train)  [3][2600/3069]  base_lr: 9.5677e-04 lr: 9.5677e-04  eta: 5:45:12  time: 0.5576  data_time: 0.0014  memory: 9787  loss: 4.5354
2024/06/19 11:59:20 - mmengine - INFO - Epoch(train)  [3][2700/3069]  base_lr: 9.5677e-04 lr: 9.5677e-04  eta: 5:44:13  time: 0.5442  data_time: 0.0013  memory: 9787  loss: 4.9451
2024/06/19 12:00:15 - mmengine - INFO - Epoch(train)  [3][2800/3069]  base_lr: 9.5677e-04 lr: 9.5677e-04  eta: 5:43:14  time: 0.5419  data_time: 0.0013  memory: 9787  loss: 4.6279
2024/06/19 12:00:49 - mmengine - INFO - Exp name: plantclef-pretrained_20240619_103535
2024/06/19 12:01:09 - mmengine - INFO - Epoch(train)  [3][2900/3069]  base_lr: 9.5677e-04 lr: 9.5677e-04  eta: 5:42:15  time: 0.5446  data_time: 0.0013  memory: 9787  loss: 4.8554
2024/06/19 12:02:04 - mmengine - INFO - Epoch(train)  [3][3000/3069]  base_lr: 9.5677e-04 lr: 9.5677e-04  eta: 5:41:16  time: 0.5588  data_time: 0.0014  memory: 9787  loss: 4.7616
2024/06/19 12:02:43 - mmengine - INFO - Exp name: plantclef-pretrained_20240619_103535
2024/06/19 12:02:43 - mmengine - INFO - Saving checkpoint at 3 epochs
2024/06/19 12:03:34 - mmengine - INFO - Epoch(val) [3][11/11]    accuracy/top1: 26.9414  accuracy/top5: 42.5532  data_time: 0.2296  time: 3.5194
2024/06/19 12:04:39 - mmengine - INFO - Epoch(train)  [4][ 100/3069]  base_lr: 9.0451e-04 lr: 9.0451e-04  eta: 5:40:20  time: 0.5435  data_time: 0.0012  memory: 9787  loss: 4.3622
2024/06/19 12:05:34 - mmengine - INFO - Epoch(train)  [4][ 200/3069]  base_lr: 9.0451e-04 lr: 9.0451e-04  eta: 5:39:22  time: 0.5534  data_time: 0.0012  memory: 9787  loss: 4.1544
2024/06/19 12:06:29 - mmengine - INFO - Epoch(train)  [4][ 300/3069]  base_lr: 9.0451e-04 lr: 9.0451e-04  eta: 5:38:23  time: 0.5402  data_time: 0.0013  memory: 9787  loss: 4.0807
2024/06/19 12:07:24 - mmengine - INFO - Epoch(train)  [4][ 400/3069]  base_lr: 9.0451e-04 lr: 9.0451e-04  eta: 5:37:24  time: 0.5457  data_time: 0.0014  memory: 9787  loss: 4.4751
2024/06/19 12:08:18 - mmengine - INFO - Epoch(train)  [4][ 500/3069]  base_lr: 9.0451e-04 lr: 9.0451e-04  eta: 5:36:26  time: 0.5383  data_time: 0.0015  memory: 9787  loss: 4.3349
2024/06/19 12:09:13 - mmengine - INFO - Epoch(train)  [4][ 600/3069]  base_lr: 9.0451e-04 lr: 9.0451e-04  eta: 5:35:25  time: 0.5438  data_time: 0.0013  memory: 9787  loss: 4.3873
2024/06/19 12:10:07 - mmengine - INFO - Epoch(train)  [4][ 700/3069]  base_lr: 9.0451e-04 lr: 9.0451e-04  eta: 5:34:25  time: 0.5374  data_time: 0.0013  memory: 9787  loss: 4.2981
2024/06/19 12:10:58 - mmengine - INFO - Exp name: plantclef-pretrained_20240619_103535
2024/06/19 12:11:02 - mmengine - INFO - Epoch(train)  [4][ 800/3069]  base_lr: 9.0451e-04 lr: 9.0451e-04  eta: 5:33:28  time: 0.5465  data_time: 0.0013  memory: 9787  loss: 4.2897
2024/06/19 12:11:57 - mmengine - INFO - Epoch(train)  [4][ 900/3069]  base_lr: 9.0451e-04 lr: 9.0451e-04  eta: 5:32:29  time: 0.5423  data_time: 0.0013  memory: 9787  loss: 4.4447
2024/06/19 12:12:51 - mmengine - INFO - Epoch(train)  [4][1000/3069]  base_lr: 9.0451e-04 lr: 9.0451e-04  eta: 5:31:30  time: 0.5501  data_time: 0.0016  memory: 9787  loss: 4.4570
2024/06/19 12:13:46 - mmengine - INFO - Epoch(train)  [4][1100/3069]  base_lr: 9.0451e-04 lr: 9.0451e-04  eta: 5:30:32  time: 0.5586  data_time: 0.0015  memory: 9787  loss: 4.2501
2024/06/19 12:14:41 - mmengine - INFO - Epoch(train)  [4][1200/3069]  base_lr: 9.0451e-04 lr: 9.0451e-04  eta: 5:29:35  time: 0.5405  data_time: 0.0013  memory: 9787  loss: 4.5310
2024/06/19 12:15:36 - mmengine - INFO - Epoch(train)  [4][1300/3069]  base_lr: 9.0451e-04 lr: 9.0451e-04  eta: 5:28:36  time: 0.5414  data_time: 0.0014  memory: 9787  loss: 4.2557
2024/06/19 12:16:31 - mmengine - INFO - Epoch(train)  [4][1400/3069]  base_lr: 9.0451e-04 lr: 9.0451e-04  eta: 5:27:39  time: 0.5456  data_time: 0.0020  memory: 9787  loss: 4.5046
2024/06/19 12:17:26 - mmengine - INFO - Epoch(train)  [4][1500/3069]  base_lr: 9.0451e-04 lr: 9.0451e-04  eta: 5:26:43  time: 0.5641  data_time: 0.0012  memory: 9787  loss: 4.8369
2024/06/19 12:18:21 - mmengine - INFO - Epoch(train)  [4][1600/3069]  base_lr: 9.0451e-04 lr: 9.0451e-04  eta: 5:25:48  time: 0.5604  data_time: 0.0013  memory: 9787  loss: 4.3725
2024/06/19 12:19:17 - mmengine - INFO - Epoch(train)  [4][1700/3069]  base_lr: 9.0451e-04 lr: 9.0451e-04  eta: 5:24:52  time: 0.5533  data_time: 0.0015  memory: 9787  loss: 4.3946
2024/06/19 12:20:08 - mmengine - INFO - Exp name: plantclef-pretrained_20240619_103535
2024/06/19 12:20:12 - mmengine - INFO - Epoch(train)  [4][1800/3069]  base_lr: 9.0451e-04 lr: 9.0451e-04  eta: 5:23:56  time: 0.5528  data_time: 0.0018  memory: 9787  loss: 4.0307
2024/06/19 12:21:08 - mmengine - INFO - Epoch(train)  [4][1900/3069]  base_lr: 9.0451e-04 lr: 9.0451e-04  eta: 5:23:00  time: 0.5556  data_time: 0.0013  memory: 9787  loss: 3.9240
2024/06/19 12:22:03 - mmengine - INFO - Epoch(train)  [4][2000/3069]  base_lr: 9.0451e-04 lr: 9.0451e-04  eta: 5:22:04  time: 0.5409  data_time: 0.0016  memory: 9787  loss: 4.5918
2024/06/19 12:22:58 - mmengine - INFO - Epoch(train)  [4][2100/3069]  base_lr: 9.0451e-04 lr: 9.0451e-04  eta: 5:21:07  time: 0.5472  data_time: 0.0013  memory: 9787  loss: 4.0842
2024/06/19 12:23:53 - mmengine - INFO - Epoch(train)  [4][2200/3069]  base_lr: 9.0451e-04 lr: 9.0451e-04  eta: 5:20:12  time: 0.5604  data_time: 0.0018  memory: 9787  loss: 4.2747
2024/06/19 12:24:49 - mmengine - INFO - Epoch(train)  [4][2300/3069]  base_lr: 9.0451e-04 lr: 9.0451e-04  eta: 5:19:17  time: 0.5559  data_time: 0.0013  memory: 9787  loss: 4.1975
2024/06/19 12:25:44 - mmengine - INFO - Epoch(train)  [4][2400/3069]  base_lr: 9.0451e-04 lr: 9.0451e-04  eta: 5:18:20  time: 0.5567  data_time: 0.0015  memory: 9787  loss: 4.1034
2024/06/19 12:26:40 - mmengine - INFO - Epoch(train)  [4][2500/3069]  base_lr: 9.0451e-04 lr: 9.0451e-04  eta: 5:17:25  time: 0.5587  data_time: 0.0018  memory: 9787  loss: 4.0108
2024/06/19 12:27:35 - mmengine - INFO - Epoch(train)  [4][2600/3069]  base_lr: 9.0451e-04 lr: 9.0451e-04  eta: 5:16:29  time: 0.5572  data_time: 0.0024  memory: 9787  loss: 3.8125
2024/06/19 12:28:30 - mmengine - INFO - Epoch(train)  [4][2700/3069]  base_lr: 9.0451e-04 lr: 9.0451e-04  eta: 5:15:32  time: 0.5539  data_time: 0.0013  memory: 9787  loss: 4.4165
2024/06/19 12:29:21 - mmengine - INFO - Exp name: plantclef-pretrained_20240619_103535
2024/06/19 12:29:25 - mmengine - INFO - Epoch(train)  [4][2800/3069]  base_lr: 9.0451e-04 lr: 9.0451e-04  eta: 5:14:36  time: 0.5626  data_time: 0.0019  memory: 9787  loss: 4.1524
2024/06/19 12:30:22 - mmengine - INFO - Epoch(train)  [4][2900/3069]  base_lr: 9.0451e-04 lr: 9.0451e-04  eta: 5:13:43  time: 0.5615  data_time: 0.0019  memory: 9787  loss: 4.1022
2024/06/19 12:31:17 - mmengine - INFO - Epoch(train)  [4][3000/3069]  base_lr: 9.0451e-04 lr: 9.0451e-04  eta: 5:12:46  time: 0.5425  data_time: 0.0011  memory: 9787  loss: 3.7844
2024/06/19 12:31:54 - mmengine - INFO - Exp name: plantclef-pretrained_20240619_103535
2024/06/19 12:31:54 - mmengine - INFO - Saving checkpoint at 4 epochs
2024/06/19 12:32:47 - mmengine - INFO - Epoch(val) [4][11/11]    accuracy/top1: 30.3887  accuracy/top5: 46.7367  data_time: 0.3090  time: 3.6006
2024/06/19 12:33:52 - mmengine - INFO - Epoch(train)  [5][ 100/3069]  base_lr: 8.3457e-04 lr: 8.3457e-04  eta: 5:11:33  time: 0.5436  data_time: 0.0014  memory: 9787  loss: 3.4287
2024/06/19 12:34:47 - mmengine - INFO - Epoch(train)  [5][ 200/3069]  base_lr: 8.3457e-04 lr: 8.3457e-04  eta: 5:10:36  time: 0.5449  data_time: 0.0014  memory: 9787  loss: 3.4840
2024/06/19 12:35:42 - mmengine - INFO - Epoch(train)  [5][ 300/3069]  base_lr: 8.3457e-04 lr: 8.3457e-04  eta: 5:09:41  time: 0.5617  data_time: 0.0021  memory: 9787  loss: 3.7294
2024/06/19 12:36:37 - mmengine - INFO - Epoch(train)  [5][ 400/3069]  base_lr: 8.3457e-04 lr: 8.3457e-04  eta: 5:08:43  time: 0.5478  data_time: 0.0017  memory: 9787  loss: 3.7548
2024/06/19 12:37:33 - mmengine - INFO - Epoch(train)  [5][ 500/3069]  base_lr: 8.3457e-04 lr: 8.3457e-04  eta: 5:07:48  time: 0.5648  data_time: 0.0016  memory: 9787  loss: 3.9570
2024/06/19 12:38:28 - mmengine - INFO - Epoch(train)  [5][ 600/3069]  base_lr: 8.3457e-04 lr: 8.3457e-04  eta: 5:06:51  time: 0.5502  data_time: 0.0030  memory: 9787  loss: 3.7538
2024/06/19 12:39:23 - mmengine - INFO - Epoch(train)  [5][ 700/3069]  base_lr: 8.3457e-04 lr: 8.3457e-04  eta: 5:05:56  time: 0.5542  data_time: 0.0022  memory: 9787  loss: 3.7100
2024/06/19 12:39:37 - mmengine - INFO - Exp name: plantclef-pretrained_20240619_103535
2024/06/19 12:40:18 - mmengine - INFO - Epoch(train)  [5][ 800/3069]  base_lr: 8.3457e-04 lr: 8.3457e-04  eta: 5:04:58  time: 0.5377  data_time: 0.0019  memory: 9787  loss: 3.5408
2024/06/19 12:41:12 - mmengine - INFO - Epoch(train)  [5][ 900/3069]  base_lr: 8.3457e-04 lr: 8.3457e-04  eta: 5:04:00  time: 0.5467  data_time: 0.0014  memory: 9787  loss: 3.6540
2024/06/19 12:42:07 - mmengine - INFO - Epoch(train)  [5][1000/3069]  base_lr: 8.3457e-04 lr: 8.3457e-04  eta: 5:03:02  time: 0.5458  data_time: 0.0014  memory: 9787  loss: 3.4477
2024/06/19 12:43:02 - mmengine - INFO - Epoch(train)  [5][1100/3069]  base_lr: 8.3457e-04 lr: 8.3457e-04  eta: 5:02:05  time: 0.5624  data_time: 0.0013  memory: 9787  loss: 3.5685
2024/06/19 12:43:57 - mmengine - INFO - Epoch(train)  [5][1200/3069]  base_lr: 8.3457e-04 lr: 8.3457e-04  eta: 5:01:09  time: 0.5407  data_time: 0.0016  memory: 9787  loss: 3.7679
2024/06/19 12:44:52 - mmengine - INFO - Epoch(train)  [5][1300/3069]  base_lr: 8.3457e-04 lr: 8.3457e-04  eta: 5:00:12  time: 0.5431  data_time: 0.0014  memory: 9787  loss: 3.4395
2024/06/19 12:45:47 - mmengine - INFO - Epoch(train)  [5][1400/3069]  base_lr: 8.3457e-04 lr: 8.3457e-04  eta: 4:59:15  time: 0.5432  data_time: 0.0014  memory: 9787  loss: 3.4792
2024/06/19 12:46:42 - mmengine - INFO - Epoch(train)  [5][1500/3069]  base_lr: 8.3457e-04 lr: 8.3457e-04  eta: 4:58:18  time: 0.5549  data_time: 0.0014  memory: 9787  loss: 3.7649
2024/06/19 12:47:36 - mmengine - INFO - Epoch(train)  [5][1600/3069]  base_lr: 8.3457e-04 lr: 8.3457e-04  eta: 4:57:20  time: 0.5389  data_time: 0.0014  memory: 9787  loss: 3.5940
2024/06/19 12:48:31 - mmengine - INFO - Epoch(train)  [5][1700/3069]  base_lr: 8.3457e-04 lr: 8.3457e-04  eta: 4:56:23  time: 0.5399  data_time: 0.0014  memory: 9787  loss: 3.8289
2024/06/19 12:48:44 - mmengine - INFO - Exp name: plantclef-pretrained_20240619_103535
2024/06/19 12:49:26 - mmengine - INFO - Epoch(train)  [5][1800/3069]  base_lr: 8.3457e-04 lr: 8.3457e-04  eta: 4:55:27  time: 0.5396  data_time: 0.0014  memory: 9787  loss: 3.8048
2024/06/19 12:50:20 - mmengine - INFO - Epoch(train)  [5][1900/3069]  base_lr: 8.3457e-04 lr: 8.3457e-04  eta: 4:54:29  time: 0.5446  data_time: 0.0015  memory: 9787  loss: 3.4604
2024/06/19 12:51:15 - mmengine - INFO - Epoch(train)  [5][2000/3069]  base_lr: 8.3457e-04 lr: 8.3457e-04  eta: 4:53:31  time: 0.5512  data_time: 0.0016  memory: 9787  loss: 3.4647
2024/06/19 12:52:10 - mmengine - INFO - Epoch(train)  [5][2100/3069]  base_lr: 8.3457e-04 lr: 8.3457e-04  eta: 4:52:34  time: 0.5426  data_time: 0.0015  memory: 9787  loss: 4.0085
2024/06/19 12:53:04 - mmengine - INFO - Epoch(train)  [5][2200/3069]  base_lr: 8.3457e-04 lr: 8.3457e-04  eta: 4:51:37  time: 0.5380  data_time: 0.0014  memory: 9787  loss: 3.9398
2024/06/19 12:53:59 - mmengine - INFO - Epoch(train)  [5][2300/3069]  base_lr: 8.3457e-04 lr: 8.3457e-04  eta: 4:50:40  time: 0.5443  data_time: 0.0013  memory: 9787  loss: 3.5111
2024/06/19 12:54:54 - mmengine - INFO - Epoch(train)  [5][2400/3069]  base_lr: 8.3457e-04 lr: 8.3457e-04  eta: 4:49:44  time: 0.5485  data_time: 0.0014  memory: 9787  loss: 3.6079
2024/06/19 12:55:49 - mmengine - INFO - Epoch(train)  [5][2500/3069]  base_lr: 8.3457e-04 lr: 8.3457e-04  eta: 4:48:47  time: 0.5428  data_time: 0.0014  memory: 9787  loss: 3.7162
2024/06/19 12:56:43 - mmengine - INFO - Epoch(train)  [5][2600/3069]  base_lr: 8.3457e-04 lr: 8.3457e-04  eta: 4:47:50  time: 0.5401  data_time: 0.0014  memory: 9787  loss: 3.3588
2024/06/19 12:57:39 - mmengine - INFO - Epoch(train)  [5][2700/3069]  base_lr: 8.3457e-04 lr: 8.3457e-04  eta: 4:46:54  time: 0.5647  data_time: 0.0018  memory: 9787  loss: 3.7453
2024/06/19 12:57:52 - mmengine - INFO - Exp name: plantclef-pretrained_20240619_103535
2024/06/19 12:58:34 - mmengine - INFO - Epoch(train)  [5][2800/3069]  base_lr: 8.3457e-04 lr: 8.3457e-04  eta: 4:45:59  time: 0.5657  data_time: 0.0019  memory: 9787  loss: 3.6390
2024/06/19 12:59:30 - mmengine - INFO - Epoch(train)  [5][2900/3069]  base_lr: 8.3457e-04 lr: 8.3457e-04  eta: 4:45:05  time: 0.5427  data_time: 0.0014  memory: 9787  loss: 3.6781
2024/06/19 13:00:27 - mmengine - INFO - Epoch(train)  [5][3000/3069]  base_lr: 8.3457e-04 lr: 8.3457e-04  eta: 4:44:11  time: 0.5600  data_time: 0.0009  memory: 9787  loss: 3.3651
2024/06/19 13:01:03 - mmengine - INFO - Exp name: plantclef-pretrained_20240619_103535
2024/06/19 13:01:03 - mmengine - INFO - Saving checkpoint at 5 epochs
2024/06/19 13:01:56 - mmengine - INFO - Epoch(val) [5][11/11]    accuracy/top1: 32.7767  accuracy/top5: 49.3402  data_time: 0.3687  time: 3.6629
2024/06/19 13:03:01 - mmengine - INFO - Epoch(train)  [6][ 100/3069]  base_lr: 7.5000e-04 lr: 7.5000e-04  eta: 4:42:52  time: 0.5606  data_time: 0.0013  memory: 9787  loss: 2.8511
2024/06/19 13:03:56 - mmengine - INFO - Epoch(train)  [6][ 200/3069]  base_lr: 7.5000e-04 lr: 7.5000e-04  eta: 4:41:56  time: 0.5403  data_time: 0.0016  memory: 9787  loss: 3.0715
2024/06/19 13:04:51 - mmengine - INFO - Epoch(train)  [6][ 300/3069]  base_lr: 7.5000e-04 lr: 7.5000e-04  eta: 4:41:00  time: 0.5603  data_time: 0.0018  memory: 9787  loss: 2.9372
2024/06/19 13:05:46 - mmengine - INFO - Epoch(train)  [6][ 400/3069]  base_lr: 7.5000e-04 lr: 7.5000e-04  eta: 4:40:04  time: 0.5585  data_time: 0.0018  memory: 9787  loss: 3.3096
2024/06/19 13:06:42 - mmengine - INFO - Epoch(train)  [6][ 500/3069]  base_lr: 7.5000e-04 lr: 7.5000e-04  eta: 4:39:08  time: 0.5410  data_time: 0.0020  memory: 9787  loss: 3.0705
2024/06/19 13:07:38 - mmengine - INFO - Epoch(train)  [6][ 600/3069]  base_lr: 7.5000e-04 lr: 7.5000e-04  eta: 4:38:14  time: 0.5459  data_time: 0.0024  memory: 9787  loss: 2.9955
2024/06/19 13:08:08 - mmengine - INFO - Exp name: plantclef-pretrained_20240619_103535
2024/06/19 13:08:33 - mmengine - INFO - Epoch(train)  [6][ 700/3069]  base_lr: 7.5000e-04 lr: 7.5000e-04  eta: 4:37:18  time: 0.5446  data_time: 0.0013  memory: 9787  loss: 2.9761
2024/06/19 13:09:27 - mmengine - INFO - Epoch(train)  [6][ 800/3069]  base_lr: 7.5000e-04 lr: 7.5000e-04  eta: 4:36:19  time: 0.5398  data_time: 0.0014  memory: 9787  loss: 3.1619
2024/06/19 13:10:22 - mmengine - INFO - Epoch(train)  [6][ 900/3069]  base_lr: 7.5000e-04 lr: 7.5000e-04  eta: 4:35:24  time: 0.5582  data_time: 0.0039  memory: 9787  loss: 3.1673
2024/06/19 13:11:17 - mmengine - INFO - Epoch(train)  [6][1000/3069]  base_lr: 7.5000e-04 lr: 7.5000e-04  eta: 4:34:27  time: 0.5501  data_time: 0.0014  memory: 9787  loss: 2.9597
2024/06/19 13:12:12 - mmengine - INFO - Epoch(train)  [6][1100/3069]  base_lr: 7.5000e-04 lr: 7.5000e-04  eta: 4:33:30  time: 0.5476  data_time: 0.0016  memory: 9787  loss: 3.3776
2024/06/19 13:13:06 - mmengine - INFO - Epoch(train)  [6][1200/3069]  base_lr: 7.5000e-04 lr: 7.5000e-04  eta: 4:32:34  time: 0.5571  data_time: 0.0014  memory: 9787  loss: 2.9463
2024/06/19 13:14:01 - mmengine - INFO - Epoch(train)  [6][1300/3069]  base_lr: 7.5000e-04 lr: 7.5000e-04  eta: 4:31:36  time: 0.5560  data_time: 0.0022  memory: 9787  loss: 2.8045
2024/06/19 13:14:55 - mmengine - INFO - Epoch(train)  [6][1400/3069]  base_lr: 7.5000e-04 lr: 7.5000e-04  eta: 4:30:39  time: 0.5403  data_time: 0.0014  memory: 9787  loss: 3.3489
2024/06/19 13:15:50 - mmengine - INFO - Epoch(train)  [6][1500/3069]  base_lr: 7.5000e-04 lr: 7.5000e-04  eta: 4:29:43  time: 0.5425  data_time: 0.0015  memory: 9787  loss: 3.2765
2024/06/19 13:16:46 - mmengine - INFO - Epoch(train)  [6][1600/3069]  base_lr: 7.5000e-04 lr: 7.5000e-04  eta: 4:28:47  time: 0.5623  data_time: 0.0013  memory: 9787  loss: 3.2939
2024/06/19 13:17:16 - mmengine - INFO - Exp name: plantclef-pretrained_20240619_103535
2024/06/19 13:17:41 - mmengine - INFO - Epoch(train)  [6][1700/3069]  base_lr: 7.5000e-04 lr: 7.5000e-04  eta: 4:27:51  time: 0.5631  data_time: 0.0021  memory: 9787  loss: 3.2318
2024/06/19 13:18:36 - mmengine - INFO - Epoch(train)  [6][1800/3069]  base_lr: 7.5000e-04 lr: 7.5000e-04  eta: 4:26:55  time: 0.5483  data_time: 0.0015  memory: 9787  loss: 3.0853
2024/06/19 13:19:31 - mmengine - INFO - Epoch(train)  [6][1900/3069]  base_lr: 7.5000e-04 lr: 7.5000e-04  eta: 4:25:59  time: 0.5590  data_time: 0.0014  memory: 9787  loss: 3.3764
2024/06/19 13:20:26 - mmengine - INFO - Epoch(train)  [6][2000/3069]  base_lr: 7.5000e-04 lr: 7.5000e-04  eta: 4:25:04  time: 0.5562  data_time: 0.0014  memory: 9787  loss: 3.4837
2024/06/19 13:21:21 - mmengine - INFO - Epoch(train)  [6][2100/3069]  base_lr: 7.5000e-04 lr: 7.5000e-04  eta: 4:24:07  time: 0.5458  data_time: 0.0014  memory: 9787  loss: 2.7182
2024/06/19 13:22:16 - mmengine - INFO - Epoch(train)  [6][2200/3069]  base_lr: 7.5000e-04 lr: 7.5000e-04  eta: 4:23:11  time: 0.5615  data_time: 0.0014  memory: 9787  loss: 2.9080
2024/06/19 13:23:12 - mmengine - INFO - Epoch(train)  [6][2300/3069]  base_lr: 7.5000e-04 lr: 7.5000e-04  eta: 4:22:16  time: 0.5455  data_time: 0.0014  memory: 9787  loss: 3.3669
2024/06/19 13:24:07 - mmengine - INFO - Epoch(train)  [6][2400/3069]  base_lr: 7.5000e-04 lr: 7.5000e-04  eta: 4:21:20  time: 0.5521  data_time: 0.0016  memory: 9787  loss: 3.3167
2024/06/19 13:25:02 - mmengine - INFO - Epoch(train)  [6][2500/3069]  base_lr: 7.5000e-04 lr: 7.5000e-04  eta: 4:20:24  time: 0.5508  data_time: 0.0015  memory: 9787  loss: 3.2127
2024/06/19 13:25:57 - mmengine - INFO - Epoch(train)  [6][2600/3069]  base_lr: 7.5000e-04 lr: 7.5000e-04  eta: 4:19:27  time: 0.5409  data_time: 0.0020  memory: 9787  loss: 3.3182
2024/06/19 13:26:27 - mmengine - INFO - Exp name: plantclef-pretrained_20240619_103535
2024/06/19 13:26:52 - mmengine - INFO - Epoch(train)  [6][2700/3069]  base_lr: 7.5000e-04 lr: 7.5000e-04  eta: 4:18:32  time: 0.5450  data_time: 0.0016  memory: 9787  loss: 3.0793
2024/06/19 13:27:47 - mmengine - INFO - Epoch(train)  [6][2800/3069]  base_lr: 7.5000e-04 lr: 7.5000e-04  eta: 4:17:35  time: 0.5502  data_time: 0.0017  memory: 9787  loss: 3.1503
2024/06/19 13:28:42 - mmengine - INFO - Epoch(train)  [6][2900/3069]  base_lr: 7.5000e-04 lr: 7.5000e-04  eta: 4:16:40  time: 0.5470  data_time: 0.0015  memory: 9787  loss: 3.2751
2024/06/19 13:29:37 - mmengine - INFO - Epoch(train)  [6][3000/3069]  base_lr: 7.5000e-04 lr: 7.5000e-04  eta: 4:15:44  time: 0.5612  data_time: 0.0016  memory: 9787  loss: 2.6218
2024/06/19 13:30:15 - mmengine - INFO - Exp name: plantclef-pretrained_20240619_103535
2024/06/19 13:30:15 - mmengine - INFO - Saving checkpoint at 6 epochs
2024/06/19 13:31:08 - mmengine - INFO - Epoch(val) [6][11/11]    accuracy/top1: 34.0156  accuracy/top5: 51.6833  data_time: 0.2426  time: 3.5351
2024/06/19 13:32:12 - mmengine - INFO - Epoch(train)  [7][ 100/3069]  base_lr: 6.5451e-04 lr: 6.5451e-04  eta: 4:14:23  time: 0.5548  data_time: 0.0014  memory: 9787  loss: 2.2757
2024/06/19 13:33:07 - mmengine - INFO - Epoch(train)  [7][ 200/3069]  base_lr: 6.5451e-04 lr: 6.5451e-04  eta: 4:13:28  time: 0.5632  data_time: 0.0018  memory: 9787  loss: 2.5280
2024/06/19 13:34:02 - mmengine - INFO - Epoch(train)  [7][ 300/3069]  base_lr: 6.5451e-04 lr: 6.5451e-04  eta: 4:12:32  time: 0.5492  data_time: 0.0015  memory: 9787  loss: 2.2111
2024/06/19 13:34:57 - mmengine - INFO - Epoch(train)  [7][ 400/3069]  base_lr: 6.5451e-04 lr: 6.5451e-04  eta: 4:11:36  time: 0.5558  data_time: 0.0018  memory: 9787  loss: 2.2827
2024/06/19 13:35:53 - mmengine - INFO - Epoch(train)  [7][ 500/3069]  base_lr: 6.5451e-04 lr: 6.5451e-04  eta: 4:10:40  time: 0.5608  data_time: 0.0014  memory: 9787  loss: 2.8107
2024/06/19 13:36:40 - mmengine - INFO - Exp name: plantclef-pretrained_20240619_103535
2024/06/19 13:36:48 - mmengine - INFO - Epoch(train)  [7][ 600/3069]  base_lr: 6.5451e-04 lr: 6.5451e-04  eta: 4:09:44  time: 0.5593  data_time: 0.0020  memory: 9787  loss: 2.5511
2024/06/19 13:37:43 - mmengine - INFO - Epoch(train)  [7][ 700/3069]  base_lr: 6.5451e-04 lr: 6.5451e-04  eta: 4:08:48  time: 0.5543  data_time: 0.0014  memory: 9787  loss: 2.2792
2024/06/19 13:38:39 - mmengine - INFO - Epoch(train)  [7][ 800/3069]  base_lr: 6.5451e-04 lr: 6.5451e-04  eta: 4:07:53  time: 0.5426  data_time: 0.0013  memory: 9787  loss: 2.2664
2024/06/19 13:39:34 - mmengine - INFO - Epoch(train)  [7][ 900/3069]  base_lr: 6.5451e-04 lr: 6.5451e-04  eta: 4:06:58  time: 0.5591  data_time: 0.0015  memory: 9787  loss: 2.6729
2024/06/19 13:40:29 - mmengine - INFO - Epoch(train)  [7][1000/3069]  base_lr: 6.5451e-04 lr: 6.5451e-04  eta: 4:06:02  time: 0.5599  data_time: 0.0014  memory: 9787  loss: 2.1011
2024/06/19 13:41:24 - mmengine - INFO - Epoch(train)  [7][1100/3069]  base_lr: 6.5451e-04 lr: 6.5451e-04  eta: 4:05:06  time: 0.5561  data_time: 0.0014  memory: 9787  loss: 2.6667
2024/06/19 13:42:20 - mmengine - INFO - Epoch(train)  [7][1200/3069]  base_lr: 6.5451e-04 lr: 6.5451e-04  eta: 4:04:10  time: 0.5542  data_time: 0.0014  memory: 9787  loss: 2.5915
2024/06/19 13:43:14 - mmengine - INFO - Epoch(train)  [7][1300/3069]  base_lr: 6.5451e-04 lr: 6.5451e-04  eta: 4:03:13  time: 0.5455  data_time: 0.0015  memory: 9787  loss: 2.3109
2024/06/19 13:44:08 - mmengine - INFO - Epoch(train)  [7][1400/3069]  base_lr: 6.5451e-04 lr: 6.5451e-04  eta: 4:02:16  time: 0.5419  data_time: 0.0015  memory: 9787  loss: 2.6738
2024/06/19 13:45:03 - mmengine - INFO - Epoch(train)  [7][1500/3069]  base_lr: 6.5451e-04 lr: 6.5451e-04  eta: 4:01:19  time: 0.5453  data_time: 0.0015  memory: 9787  loss: 2.6599
2024/06/19 13:45:50 - mmengine - INFO - Exp name: plantclef-pretrained_20240619_103535
2024/06/19 13:45:58 - mmengine - INFO - Epoch(train)  [7][1600/3069]  base_lr: 6.5451e-04 lr: 6.5451e-04  eta: 4:00:24  time: 0.5642  data_time: 0.0015  memory: 9787  loss: 2.6372
2024/06/19 13:46:53 - mmengine - INFO - Epoch(train)  [7][1700/3069]  base_lr: 6.5451e-04 lr: 6.5451e-04  eta: 3:59:28  time: 0.5465  data_time: 0.0016  memory: 9787  loss: 2.6750
2024/06/19 13:47:48 - mmengine - INFO - Epoch(train)  [7][1800/3069]  base_lr: 6.5451e-04 lr: 6.5451e-04  eta: 3:58:32  time: 0.5451  data_time: 0.0015  memory: 9787  loss: 2.6859
2024/06/19 13:48:43 - mmengine - INFO - Epoch(train)  [7][1900/3069]  base_lr: 6.5451e-04 lr: 6.5451e-04  eta: 3:57:36  time: 0.5462  data_time: 0.0014  memory: 9787  loss: 2.6706
2024/06/19 13:49:38 - mmengine - INFO - Epoch(train)  [7][2000/3069]  base_lr: 6.5451e-04 lr: 6.5451e-04  eta: 3:56:40  time: 0.5438  data_time: 0.0015  memory: 9787  loss: 2.4779
2024/06/19 13:50:33 - mmengine - INFO - Epoch(train)  [7][2100/3069]  base_lr: 6.5451e-04 lr: 6.5451e-04  eta: 3:55:44  time: 0.5479  data_time: 0.0014  memory: 9787  loss: 2.4062
2024/06/19 13:51:27 - mmengine - INFO - Epoch(train)  [7][2200/3069]  base_lr: 6.5451e-04 lr: 6.5451e-04  eta: 3:54:47  time: 0.5503  data_time: 0.0017  memory: 9787  loss: 3.0599
2024/06/19 13:52:23 - mmengine - INFO - Epoch(train)  [7][2300/3069]  base_lr: 6.5451e-04 lr: 6.5451e-04  eta: 3:53:52  time: 0.5550  data_time: 0.0014  memory: 9787  loss: 2.7179
2024/06/19 13:53:18 - mmengine - INFO - Epoch(train)  [7][2400/3069]  base_lr: 6.5451e-04 lr: 6.5451e-04  eta: 3:52:56  time: 0.5512  data_time: 0.0013  memory: 9787  loss: 2.7728
2024/06/19 13:54:14 - mmengine - INFO - Epoch(train)  [7][2500/3069]  base_lr: 6.5451e-04 lr: 6.5451e-04  eta: 3:52:01  time: 0.5468  data_time: 0.0014  memory: 9787  loss: 2.5240
2024/06/19 13:55:01 - mmengine - INFO - Exp name: plantclef-pretrained_20240619_103535
2024/06/19 13:55:09 - mmengine - INFO - Epoch(train)  [7][2600/3069]  base_lr: 6.5451e-04 lr: 6.5451e-04  eta: 3:51:06  time: 0.5624  data_time: 0.0015  memory: 9787  loss: 2.5837
2024/06/19 13:56:04 - mmengine - INFO - Epoch(train)  [7][2700/3069]  base_lr: 6.5451e-04 lr: 6.5451e-04  eta: 3:50:09  time: 0.5391  data_time: 0.0017  memory: 9787  loss: 3.0669
2024/06/19 13:56:58 - mmengine - INFO - Epoch(train)  [7][2800/3069]  base_lr: 6.5451e-04 lr: 6.5451e-04  eta: 3:49:13  time: 0.5457  data_time: 0.0014  memory: 9787  loss: 2.7197
2024/06/19 13:57:54 - mmengine - INFO - Epoch(train)  [7][2900/3069]  base_lr: 6.5451e-04 lr: 6.5451e-04  eta: 3:48:17  time: 0.5551  data_time: 0.0016  memory: 9787  loss: 2.6358
2024/06/19 13:58:48 - mmengine - INFO - Epoch(train)  [7][3000/3069]  base_lr: 6.5451e-04 lr: 6.5451e-04  eta: 3:47:21  time: 0.5365  data_time: 0.0011  memory: 9787  loss: 2.6682
2024/06/19 13:59:25 - mmengine - INFO - Exp name: plantclef-pretrained_20240619_103535
2024/06/19 13:59:25 - mmengine - INFO - Saving checkpoint at 7 epochs
2024/06/19 14:00:18 - mmengine - INFO - Epoch(val) [7][11/11]    accuracy/top1: 36.1433  accuracy/top5: 53.2184  data_time: 0.2016  time: 3.4970
2024/06/19 14:01:21 - mmengine - INFO - Epoch(train)  [8][ 100/3069]  base_lr: 5.5226e-04 lr: 5.5226e-04  eta: 3:45:55  time: 0.5521  data_time: 0.0016  memory: 9787  loss: 1.5810
2024/06/19 14:02:16 - mmengine - INFO - Epoch(train)  [8][ 200/3069]  base_lr: 5.5226e-04 lr: 5.5226e-04  eta: 3:44:59  time: 0.5482  data_time: 0.0018  memory: 9787  loss: 1.9327
2024/06/19 14:03:12 - mmengine - INFO - Epoch(train)  [8][ 300/3069]  base_lr: 5.5226e-04 lr: 5.5226e-04  eta: 3:44:04  time: 0.5649  data_time: 0.0014  memory: 9787  loss: 1.6968
2024/06/19 14:04:08 - mmengine - INFO - Epoch(train)  [8][ 400/3069]  base_lr: 5.5226e-04 lr: 5.5226e-04  eta: 3:43:08  time: 0.5631  data_time: 0.0018  memory: 9787  loss: 1.9121
2024/06/19 14:05:03 - mmengine - INFO - Epoch(train)  [8][ 500/3069]  base_lr: 5.5226e-04 lr: 5.5226e-04  eta: 3:42:13  time: 0.5598  data_time: 0.0015  memory: 9787  loss: 1.9107
2024/06/19 14:05:12 - mmengine - INFO - Exp name: plantclef-pretrained_20240619_103535
2024/06/19 14:05:57 - mmengine - INFO - Epoch(train)  [8][ 600/3069]  base_lr: 5.5226e-04 lr: 5.5226e-04  eta: 3:41:16  time: 0.5383  data_time: 0.0014  memory: 9787  loss: 1.6989
2024/06/19 14:06:53 - mmengine - INFO - Epoch(train)  [8][ 700/3069]  base_lr: 5.5226e-04 lr: 5.5226e-04  eta: 3:40:21  time: 0.5780  data_time: 0.0015  memory: 9787  loss: 1.8688
2024/06/19 14:07:47 - mmengine - INFO - Epoch(train)  [8][ 800/3069]  base_lr: 5.5226e-04 lr: 5.5226e-04  eta: 3:39:24  time: 0.5376  data_time: 0.0014  memory: 9787  loss: 1.9723
2024/06/19 14:08:42 - mmengine - INFO - Epoch(train)  [8][ 900/3069]  base_lr: 5.5226e-04 lr: 5.5226e-04  eta: 3:38:28  time: 0.5406  data_time: 0.0016  memory: 9787  loss: 1.8715
2024/06/19 14:09:36 - mmengine - INFO - Epoch(train)  [8][1000/3069]  base_lr: 5.5226e-04 lr: 5.5226e-04  eta: 3:37:32  time: 0.5412  data_time: 0.0015  memory: 9787  loss: 2.2234
2024/06/19 14:10:31 - mmengine - INFO - Epoch(train)  [8][1100/3069]  base_lr: 5.5226e-04 lr: 5.5226e-04  eta: 3:36:35  time: 0.5422  data_time: 0.0014  memory: 9787  loss: 2.1669
2024/06/19 14:11:27 - mmengine - INFO - Epoch(train)  [8][1200/3069]  base_lr: 5.5226e-04 lr: 5.5226e-04  eta: 3:35:41  time: 0.5527  data_time: 0.0031  memory: 9787  loss: 1.7738
2024/06/19 14:12:22 - mmengine - INFO - Epoch(train)  [8][1300/3069]  base_lr: 5.5226e-04 lr: 5.5226e-04  eta: 3:34:45  time: 0.5472  data_time: 0.0018  memory: 9787  loss: 1.8631
2024/06/19 14:13:18 - mmengine - INFO - Epoch(train)  [8][1400/3069]  base_lr: 5.5226e-04 lr: 5.5226e-04  eta: 3:33:50  time: 0.5533  data_time: 0.0018  memory: 9787  loss: 2.1507
2024/06/19 14:14:14 - mmengine - INFO - Epoch(train)  [8][1500/3069]  base_lr: 5.5226e-04 lr: 5.5226e-04  eta: 3:32:55  time: 0.5498  data_time: 0.0015  memory: 9787  loss: 2.0395
2024/06/19 14:14:23 - mmengine - INFO - Exp name: plantclef-pretrained_20240619_103535
2024/06/19 14:15:09 - mmengine - INFO - Epoch(train)  [8][1600/3069]  base_lr: 5.5226e-04 lr: 5.5226e-04  eta: 3:32:00  time: 0.5476  data_time: 0.0015  memory: 9787  loss: 1.8542
2024/06/19 14:16:05 - mmengine - INFO - Epoch(train)  [8][1700/3069]  base_lr: 5.5226e-04 lr: 5.5226e-04  eta: 3:31:04  time: 0.5374  data_time: 0.0014  memory: 9787  loss: 2.1617
2024/06/19 14:16:59 - mmengine - INFO - Epoch(train)  [8][1800/3069]  base_lr: 5.5226e-04 lr: 5.5226e-04  eta: 3:30:08  time: 0.5387  data_time: 0.0018  memory: 9787  loss: 2.0758
2024/06/19 14:17:54 - mmengine - INFO - Epoch(train)  [8][1900/3069]  base_lr: 5.5226e-04 lr: 5.5226e-04  eta: 3:29:12  time: 0.5582  data_time: 0.0014  memory: 9787  loss: 1.9359
2024/06/19 14:18:49 - mmengine - INFO - Epoch(train)  [8][2000/3069]  base_lr: 5.5226e-04 lr: 5.5226e-04  eta: 3:28:16  time: 0.5443  data_time: 0.0015  memory: 9787  loss: 2.2230
2024/06/19 14:19:44 - mmengine - INFO - Epoch(train)  [8][2100/3069]  base_lr: 5.5226e-04 lr: 5.5226e-04  eta: 3:27:20  time: 0.5436  data_time: 0.0015  memory: 9787  loss: 2.1121
2024/06/19 14:20:39 - mmengine - INFO - Epoch(train)  [8][2200/3069]  base_lr: 5.5226e-04 lr: 5.5226e-04  eta: 3:26:24  time: 0.5425  data_time: 0.0016  memory: 9787  loss: 2.1177
2024/06/19 14:21:33 - mmengine - INFO - Epoch(train)  [8][2300/3069]  base_lr: 5.5226e-04 lr: 5.5226e-04  eta: 3:25:28  time: 0.5388  data_time: 0.0013  memory: 9787  loss: 1.9794
2024/06/19 14:22:29 - mmengine - INFO - Epoch(train)  [8][2400/3069]  base_lr: 5.5226e-04 lr: 5.5226e-04  eta: 3:24:33  time: 0.5462  data_time: 0.0014  memory: 9787  loss: 1.9837
2024/06/19 14:23:25 - mmengine - INFO - Epoch(train)  [8][2500/3069]  base_lr: 5.5226e-04 lr: 5.5226e-04  eta: 3:23:38  time: 0.5610  data_time: 0.0015  memory: 9787  loss: 1.8751
2024/06/19 14:23:35 - mmengine - INFO - Exp name: plantclef-pretrained_20240619_103535
2024/06/19 14:24:21 - mmengine - INFO - Epoch(train)  [8][2600/3069]  base_lr: 5.5226e-04 lr: 5.5226e-04  eta: 3:22:43  time: 0.5562  data_time: 0.0030  memory: 9787  loss: 2.3343
2024/06/19 14:25:17 - mmengine - INFO - Epoch(train)  [8][2700/3069]  base_lr: 5.5226e-04 lr: 5.5226e-04  eta: 3:21:49  time: 0.5731  data_time: 0.0015  memory: 9787  loss: 2.0648
2024/06/19 14:26:14 - mmengine - INFO - Epoch(train)  [8][2800/3069]  base_lr: 5.5226e-04 lr: 5.5226e-04  eta: 3:20:54  time: 0.5627  data_time: 0.0014  memory: 9787  loss: 2.4714
2024/06/19 14:27:09 - mmengine - INFO - Epoch(train)  [8][2900/3069]  base_lr: 5.5226e-04 lr: 5.5226e-04  eta: 3:19:59  time: 0.5496  data_time: 0.0016  memory: 9787  loss: 2.5068
2024/06/19 14:28:05 - mmengine - INFO - Epoch(train)  [8][3000/3069]  base_lr: 5.5226e-04 lr: 5.5226e-04  eta: 3:19:03  time: 0.5427  data_time: 0.0010  memory: 9787  loss: 2.3708
2024/06/19 14:28:43 - mmengine - INFO - Exp name: plantclef-pretrained_20240619_103535
2024/06/19 14:28:43 - mmengine - INFO - Saving checkpoint at 8 epochs
2024/06/19 14:29:35 - mmengine - INFO - Epoch(val) [8][11/11]    accuracy/top1: 35.6675  accuracy/top5: 52.6528  data_time: 0.2279  time: 3.5216
2024/06/19 14:30:39 - mmengine - INFO - Epoch(train)  [9][ 100/3069]  base_lr: 4.4774e-04 lr: 4.4774e-04  eta: 3:17:37  time: 0.5585  data_time: 0.0013  memory: 9787  loss: 1.0307
2024/06/19 14:31:34 - mmengine - INFO - Epoch(train)  [9][ 200/3069]  base_lr: 4.4774e-04 lr: 4.4774e-04  eta: 3:16:41  time: 0.5554  data_time: 0.0013  memory: 9787  loss: 1.1263
2024/06/19 14:32:29 - mmengine - INFO - Epoch(train)  [9][ 300/3069]  base_lr: 4.4774e-04 lr: 4.4774e-04  eta: 3:15:45  time: 0.5382  data_time: 0.0014  memory: 9787  loss: 1.1550
2024/06/19 14:33:24 - mmengine - INFO - Epoch(train)  [9][ 400/3069]  base_lr: 4.4774e-04 lr: 4.4774e-04  eta: 3:14:50  time: 0.5583  data_time: 0.0017  memory: 9787  loss: 1.2564
2024/06/19 14:33:50 - mmengine - INFO - Exp name: plantclef-pretrained_20240619_103535
2024/06/19 14:34:19 - mmengine - INFO - Epoch(train)  [9][ 500/3069]  base_lr: 4.4774e-04 lr: 4.4774e-04  eta: 3:13:54  time: 0.5509  data_time: 0.0016  memory: 9787  loss: 1.1781
2024/06/19 14:35:15 - mmengine - INFO - Epoch(train)  [9][ 600/3069]  base_lr: 4.4774e-04 lr: 4.4774e-04  eta: 3:12:59  time: 0.5676  data_time: 0.0016  memory: 9787  loss: 1.0465
2024/06/19 14:36:11 - mmengine - INFO - Epoch(train)  [9][ 700/3069]  base_lr: 4.4774e-04 lr: 4.4774e-04  eta: 3:12:04  time: 0.5398  data_time: 0.0015  memory: 9787  loss: 1.3443
2024/06/19 14:37:06 - mmengine - INFO - Epoch(train)  [9][ 800/3069]  base_lr: 4.4774e-04 lr: 4.4774e-04  eta: 3:11:08  time: 0.5593  data_time: 0.0014  memory: 9787  loss: 1.3219
2024/06/19 14:38:01 - mmengine - INFO - Epoch(train)  [9][ 900/3069]  base_lr: 4.4774e-04 lr: 4.4774e-04  eta: 3:10:12  time: 0.5658  data_time: 0.0014  memory: 9787  loss: 1.2925
2024/06/19 14:38:59 - mmengine - INFO - Epoch(train)  [9][1000/3069]  base_lr: 4.4774e-04 lr: 4.4774e-04  eta: 3:09:18  time: 0.5727  data_time: 0.0014  memory: 9787  loss: 1.1964
2024/06/19 14:39:55 - mmengine - INFO - Epoch(train)  [9][1100/3069]  base_lr: 4.4774e-04 lr: 4.4774e-04  eta: 3:08:24  time: 0.5382  data_time: 0.0014  memory: 9787  loss: 1.1187
2024/06/19 14:40:50 - mmengine - INFO - Epoch(train)  [9][1200/3069]  base_lr: 4.4774e-04 lr: 4.4774e-04  eta: 3:07:28  time: 0.5386  data_time: 0.0015  memory: 9787  loss: 1.2321
2024/06/19 14:41:44 - mmengine - INFO - Epoch(train)  [9][1300/3069]  base_lr: 4.4774e-04 lr: 4.4774e-04  eta: 3:06:32  time: 0.5378  data_time: 0.0014  memory: 9787  loss: 1.1116
2024/06/19 14:42:39 - mmengine - INFO - Epoch(train)  [9][1400/3069]  base_lr: 4.4774e-04 lr: 4.4774e-04  eta: 3:05:35  time: 0.5399  data_time: 0.0015  memory: 9787  loss: 1.3532
2024/06/19 14:43:06 - mmengine - INFO - Exp name: plantclef-pretrained_20240619_103535
2024/06/19 14:43:35 - mmengine - INFO - Epoch(train)  [9][1500/3069]  base_lr: 4.4774e-04 lr: 4.4774e-04  eta: 3:04:40  time: 0.5536  data_time: 0.0014  memory: 9787  loss: 1.3218
2024/06/19 14:44:29 - mmengine - INFO - Epoch(train)  [9][1600/3069]  base_lr: 4.4774e-04 lr: 4.4774e-04  eta: 3:03:44  time: 0.5384  data_time: 0.0016  memory: 9787  loss: 1.4012
2024/06/19 14:45:24 - mmengine - INFO - Epoch(train)  [9][1700/3069]  base_lr: 4.4774e-04 lr: 4.4774e-04  eta: 3:02:48  time: 0.5422  data_time: 0.0015  memory: 9787  loss: 1.5199
