2024/06/25 16:40:50 - mmengine - INFO - 
------------------------------------------------------------
System environment:
    sys.platform: linux
    Python: 3.10.12 (main, Nov 20 2023, 15:14:05) [GCC 11.4.0]
    CUDA available: True
    MUSA available: False
    numpy_random_seed: 0
    GPU 0: NVIDIA H100 80GB HBM3
    CUDA_HOME: /usr/local/cuda
    NVCC: Cuda compilation tools, release 12.3, V12.3.107
    GCC: x86_64-linux-gnu-gcc (Ubuntu 11.4.0-1ubuntu1~22.04) 11.4.0
    PyTorch: 2.3.1+cu121
    PyTorch compiling details: PyTorch built with:
  - GCC 9.3
  - C++ Version: 201703
  - Intel(R) oneAPI Math Kernel Library Version 2022.2-Product Build 20220804 for Intel(R) 64 architecture applications
  - Intel(R) MKL-DNN v3.3.6 (Git Hash 86e6af5974177e513fd3fee58425e1063e7f1361)
  - OpenMP 201511 (a.k.a. OpenMP 4.5)
  - LAPACK is enabled (usually provided by MKL)
  - NNPACK is enabled
  - CPU capability usage: AVX512
  - CUDA Runtime 12.1
  - NVCC architecture flags: -gencode;arch=compute_50,code=sm_50;-gencode;arch=compute_60,code=sm_60;-gencode;arch=compute_70,code=sm_70;-gencode;arch=compute_75,code=sm_75;-gencode;arch=compute_80,code=sm_80;-gencode;arch=compute_86,code=sm_86;-gencode;arch=compute_90,code=sm_90
  - CuDNN 8.9.2
  - Magma 2.6.1
  - Build settings: BLAS_INFO=mkl, BUILD_TYPE=Release, CUDA_VERSION=12.1, CUDNN_VERSION=8.9.2, CXX_COMPILER=/opt/rh/devtoolset-9/root/usr/bin/c++, CXX_FLAGS= -D_GLIBCXX_USE_CXX11_ABI=0 -fabi-version=11 -fvisibility-inlines-hidden -DUSE_PTHREADPOOL -DNDEBUG -DUSE_KINETO -DLIBKINETO_NOROCTRACER -DUSE_FBGEMM -DUSE_QNNPACK -DUSE_PYTORCH_QNNPACK -DUSE_XNNPACK -DSYMBOLICATE_MOBILE_DEBUG_HANDLE -O2 -fPIC -Wall -Wextra -Werror=return-type -Werror=non-virtual-dtor -Werror=bool-operation -Wnarrowing -Wno-missing-field-initializers -Wno-type-limits -Wno-array-bounds -Wno-unknown-pragmas -Wno-unused-parameter -Wno-unused-function -Wno-unused-result -Wno-strict-overflow -Wno-strict-aliasing -Wno-stringop-overflow -Wsuggest-override -Wno-psabi -Wno-error=pedantic -Wno-error=old-style-cast -Wno-missing-braces -fdiagnostics-color=always -faligned-new -Wno-unused-but-set-variable -Wno-maybe-uninitialized -fno-math-errno -fno-trapping-math -Werror=format -Wno-stringop-overflow, LAPACK_INFO=mkl, PERF_WITH_AVX=1, PERF_WITH_AVX2=1, PERF_WITH_AVX512=1, TORCH_VERSION=2.3.1, USE_CUDA=ON, USE_CUDNN=ON, USE_CUSPARSELT=1, USE_EXCEPTION_PTR=1, USE_GFLAGS=OFF, USE_GLOG=OFF, USE_GLOO=ON, USE_MKL=ON, USE_MKLDNN=ON, USE_MPI=OFF, USE_NCCL=1, USE_NNPACK=ON, USE_OPENMP=ON, USE_ROCM=OFF, USE_ROCM_KERNEL_ASSERT=OFF, 

    TorchVision: 0.18.1+cu121
    OpenCV: 4.10.0
    MMEngine: 0.10.4

Runtime environment:
    cudnn_benchmark: False
    mp_cfg: {'mp_start_method': 'fork', 'opencv_num_threads': 0}
    dist_cfg: {'backend': 'nccl'}
    seed: 0
    deterministic: True
    Distributed launcher: none
    Distributed training: False
    GPU number: 1
------------------------------------------------------------

2024/06/25 16:40:50 - mmengine - INFO - Config:
auto_scale_lr = dict(base_batch_size=1024)
data_dir = '/mnt/data'
data_preprocessor = dict(
    mean=[
        123.675,
        116.28,
        103.53,
    ],
    num_classes=2,
    std=[
        58.395,
        57.12,
        57.375,
    ],
    to_rgb=True)
default_hooks = dict(
    checkpoint=dict(interval=1, max_keep_ckpts=5, type='CheckpointHook'),
    logger=dict(interval=25, type='LoggerHook'),
    param_scheduler=dict(type='ParamSchedulerHook'),
    sampler_seed=dict(type='DistSamplerSeedHook'),
    timer=dict(type='IterTimerHook'),
    visualization=dict(enable=False, type='VisualizationHook'))
default_scope = 'mmpretrain'
env_cfg = dict(
    cudnn_benchmark=False,
    dist_cfg=dict(backend='nccl'),
    mp_cfg=dict(mp_start_method='fork', opencv_num_threads=0))
launcher = 'none'
load_from = None
log_level = 'INFO'
model = dict(
    backbone=dict(
        arch='base',
        frozen_stages=12,
        img_size=518,
        init_cfg=dict(
            checkpoint=
            'https://download.openmmlab.com/mmpretrain/v1.0/dinov2/vit-base-p14_dinov2-pre_3rdparty_20230426-ba246503.pth',
            prefix='backbone',
            type='Pretrained'),
        layer_scale_init_value=1e-05,
        patch_size=14,
        type='VisionTransformer'),
    head=dict(
        in_channels=768,
        loss=dict(type='CrossEntropyLoss'),
        num_classes=2,
        topk=(1, ),
        type='VisionTransformerClsHead'),
    neck=None,
    type='ImageClassifier')
optim_wrapper = dict(
    loss_scale='dynamic',
    optimizer=dict(lr=0.0001, type='AdamW', weight_decay=0.05),
    paramwise_cfg=dict(
        custom_keys=dict(
            cls_token=dict(decay_mult=0.0), mask_token=dict(decay_mult=0.0))),
    type='AmpOptimWrapper')
param_scheduler = [
    dict(T_max=20, by_epoch=True, type='CosineAnnealingLR'),
]
randomness = dict(deterministic=True, seed=0)
resume = False
test_cfg = dict()
test_dataloader = dict(
    batch_size=1024,
    collate_fn=dict(type='default_collate'),
    dataset=dict(
        ann_file='annotation_binary/test_2.txt',
        data_prefix='/mnt/data',
        pipeline=[
            dict(type='LoadImageFromFile'),
            dict(
                backend='pillow',
                edge='short',
                interpolation='bicubic',
                scale=518,
                type='ResizeEdge'),
            dict(crop_size=518, type='CenterCrop'),
            dict(type='PackInputs'),
        ],
        type='CustomDataset'),
    num_workers=28,
    persistent_workers=True,
    pin_memory=True,
    sampler=dict(shuffle=True, type='DefaultSampler'))
test_evaluator = [
    dict(topk=(1, ), type='Accuracy'),
    dict(items=[
        'precision',
        'recall',
    ], type='SingleLabelMetric'),
]
test_pipeline = [
    dict(type='LoadImageFromFile'),
    dict(
        backend='pillow',
        edge='short',
        interpolation='bicubic',
        scale=518,
        type='ResizeEdge'),
    dict(crop_size=518, type='CenterCrop'),
    dict(type='PackInputs'),
]
train_cfg = dict(by_epoch=True, max_epochs=12, val_interval=1)
train_dataloader = dict(
    batch_size=1024,
    collate_fn=dict(type='default_collate'),
    dataset=dict(
        ann_file='annotation_binary/train_2.txt',
        data_prefix='/mnt/data',
        pipeline=[
            dict(type='LoadImageFromFile'),
            dict(
                backend='pillow',
                edge='short',
                interpolation='bicubic',
                scale=518,
                type='ResizeEdge'),
            dict(crop_size=518, type='CenterCrop'),
            dict(type='PackInputs'),
        ],
        type='CustomDataset'),
    num_workers=28,
    persistent_workers=True,
    pin_memory=True,
    sampler=dict(shuffle=True, type='DefaultSampler'))
train_pipeline = [
    dict(type='LoadImageFromFile'),
    dict(
        backend='pillow',
        interpolation='bicubic',
        scale=518,
        type='RandomResizedCrop'),
    dict(direction='horizontal', prob=0.5, type='RandomFlip'),
    dict(type='PackInputs'),
]
val_cfg = dict()
val_dataloader = dict(
    batch_size=1024,
    collate_fn=dict(type='default_collate'),
    dataset=dict(
        ann_file='annotation_binary/val_2.txt',
        data_prefix='/mnt/data',
        pipeline=[
            dict(type='LoadImageFromFile'),
            dict(
                backend='pillow',
                edge='short',
                interpolation='bicubic',
                scale=518,
                type='ResizeEdge'),
            dict(crop_size=518, type='CenterCrop'),
            dict(type='PackInputs'),
        ],
        type='CustomDataset'),
    num_workers=28,
    persistent_workers=True,
    pin_memory=True,
    sampler=dict(shuffle=True, type='DefaultSampler'))
val_evaluator = [
    dict(topk=(1, ), type='Accuracy'),
    dict(items=[
        'precision',
        'recall',
    ], type='SingleLabelMetric'),
]
vis_backends = [
    dict(type='LocalVisBackend'),
]
visualizer = dict(
    type='UniversalVisualizer', vis_backends=[
        dict(type='LocalVisBackend'),
    ])
work_dir = './work_dirs/binary'

2024/06/25 16:40:51 - mmengine - INFO - Distributed training is not used, all SyncBatchNorm (SyncBN) layers in the model will be automatically reverted to BatchNormXd layers if they are used.
2024/06/25 16:40:51 - mmengine - INFO - Hooks will be executed in the following order:
before_run:
(VERY_HIGH   ) RuntimeInfoHook                    
(BELOW_NORMAL) LoggerHook                         
 -------------------- 
before_train:
(VERY_HIGH   ) RuntimeInfoHook                    
(NORMAL      ) IterTimerHook                      
(VERY_LOW    ) CheckpointHook                     
 -------------------- 
before_train_epoch:
(VERY_HIGH   ) RuntimeInfoHook                    
(NORMAL      ) IterTimerHook                      
(NORMAL      ) DistSamplerSeedHook                
 -------------------- 
before_train_iter:
(VERY_HIGH   ) RuntimeInfoHook                    
(NORMAL      ) IterTimerHook                      
 -------------------- 
after_train_iter:
(VERY_HIGH   ) RuntimeInfoHook                    
(NORMAL      ) IterTimerHook                      
(BELOW_NORMAL) LoggerHook                         
(LOW         ) ParamSchedulerHook                 
(VERY_LOW    ) CheckpointHook                     
 -------------------- 
after_train_epoch:
(NORMAL      ) IterTimerHook                      
(LOW         ) ParamSchedulerHook                 
(VERY_LOW    ) CheckpointHook                     
 -------------------- 
before_val:
(VERY_HIGH   ) RuntimeInfoHook                    
 -------------------- 
before_val_epoch:
(NORMAL      ) IterTimerHook                      
 -------------------- 
before_val_iter:
(NORMAL      ) IterTimerHook                      
 -------------------- 
after_val_iter:
(NORMAL      ) IterTimerHook                      
(NORMAL      ) VisualizationHook                  
(BELOW_NORMAL) LoggerHook                         
 -------------------- 
after_val_epoch:
(VERY_HIGH   ) RuntimeInfoHook                    
(NORMAL      ) IterTimerHook                      
(BELOW_NORMAL) LoggerHook                         
(LOW         ) ParamSchedulerHook                 
(VERY_LOW    ) CheckpointHook                     
 -------------------- 
after_val:
(VERY_HIGH   ) RuntimeInfoHook                    
 -------------------- 
after_train:
(VERY_HIGH   ) RuntimeInfoHook                    
(VERY_LOW    ) CheckpointHook                     
 -------------------- 
before_test:
(VERY_HIGH   ) RuntimeInfoHook                    
 -------------------- 
before_test_epoch:
(NORMAL      ) IterTimerHook                      
 -------------------- 
before_test_iter:
(NORMAL      ) IterTimerHook                      
 -------------------- 
after_test_iter:
(NORMAL      ) IterTimerHook                      
(NORMAL      ) VisualizationHook                  
(BELOW_NORMAL) LoggerHook                         
 -------------------- 
after_test_epoch:
(VERY_HIGH   ) RuntimeInfoHook                    
(NORMAL      ) IterTimerHook                      
(BELOW_NORMAL) LoggerHook                         
 -------------------- 
after_test:
(VERY_HIGH   ) RuntimeInfoHook                    
 -------------------- 
after_run:
(BELOW_NORMAL) LoggerHook                         
 -------------------- 
2024/06/25 16:40:53 - mmengine - WARNING - backbone.cls_token is skipped since its requires_grad=False
2024/06/25 16:40:53 - mmengine - WARNING - backbone.pos_embed is skipped since its requires_grad=False
2024/06/25 16:40:53 - mmengine - WARNING - backbone.patch_embed.projection.weight is skipped since its requires_grad=False
2024/06/25 16:40:53 - mmengine - WARNING - backbone.patch_embed.projection.bias is skipped since its requires_grad=False
2024/06/25 16:40:53 - mmengine - WARNING - backbone.layers.0.ln1.weight is skipped since its requires_grad=False
2024/06/25 16:40:53 - mmengine - WARNING - backbone.layers.0.ln1.bias is skipped since its requires_grad=False
2024/06/25 16:40:53 - mmengine - WARNING - backbone.layers.0.attn.qkv.weight is skipped since its requires_grad=False
2024/06/25 16:40:53 - mmengine - WARNING - backbone.layers.0.attn.qkv.bias is skipped since its requires_grad=False
2024/06/25 16:40:53 - mmengine - WARNING - backbone.layers.0.attn.proj.weight is skipped since its requires_grad=False
2024/06/25 16:40:53 - mmengine - WARNING - backbone.layers.0.attn.proj.bias is skipped since its requires_grad=False
2024/06/25 16:40:53 - mmengine - WARNING - backbone.layers.0.attn.gamma1.weight is skipped since its requires_grad=False
2024/06/25 16:40:53 - mmengine - WARNING - backbone.layers.0.ln2.weight is skipped since its requires_grad=False
2024/06/25 16:40:53 - mmengine - WARNING - backbone.layers.0.ln2.bias is skipped since its requires_grad=False
2024/06/25 16:40:53 - mmengine - WARNING - backbone.layers.0.ffn.layers.0.0.weight is skipped since its requires_grad=False
2024/06/25 16:40:53 - mmengine - WARNING - backbone.layers.0.ffn.layers.0.0.bias is skipped since its requires_grad=False
2024/06/25 16:40:53 - mmengine - WARNING - backbone.layers.0.ffn.layers.1.weight is skipped since its requires_grad=False
2024/06/25 16:40:53 - mmengine - WARNING - backbone.layers.0.ffn.layers.1.bias is skipped since its requires_grad=False
2024/06/25 16:40:53 - mmengine - WARNING - backbone.layers.0.ffn.gamma2.weight is skipped since its requires_grad=False
2024/06/25 16:40:53 - mmengine - WARNING - backbone.layers.1.ln1.weight is skipped since its requires_grad=False
2024/06/25 16:40:53 - mmengine - WARNING - backbone.layers.1.ln1.bias is skipped since its requires_grad=False
2024/06/25 16:40:53 - mmengine - WARNING - backbone.layers.1.attn.qkv.weight is skipped since its requires_grad=False
2024/06/25 16:40:53 - mmengine - WARNING - backbone.layers.1.attn.qkv.bias is skipped since its requires_grad=False
2024/06/25 16:40:53 - mmengine - WARNING - backbone.layers.1.attn.proj.weight is skipped since its requires_grad=False
2024/06/25 16:40:53 - mmengine - WARNING - backbone.layers.1.attn.proj.bias is skipped since its requires_grad=False
2024/06/25 16:40:53 - mmengine - WARNING - backbone.layers.1.attn.gamma1.weight is skipped since its requires_grad=False
2024/06/25 16:40:53 - mmengine - WARNING - backbone.layers.1.ln2.weight is skipped since its requires_grad=False
2024/06/25 16:40:53 - mmengine - WARNING - backbone.layers.1.ln2.bias is skipped since its requires_grad=False
2024/06/25 16:40:53 - mmengine - WARNING - backbone.layers.1.ffn.layers.0.0.weight is skipped since its requires_grad=False
2024/06/25 16:40:53 - mmengine - WARNING - backbone.layers.1.ffn.layers.0.0.bias is skipped since its requires_grad=False
2024/06/25 16:40:53 - mmengine - WARNING - backbone.layers.1.ffn.layers.1.weight is skipped since its requires_grad=False
2024/06/25 16:40:53 - mmengine - WARNING - backbone.layers.1.ffn.layers.1.bias is skipped since its requires_grad=False
2024/06/25 16:40:53 - mmengine - WARNING - backbone.layers.1.ffn.gamma2.weight is skipped since its requires_grad=False
2024/06/25 16:40:53 - mmengine - WARNING - backbone.layers.2.ln1.weight is skipped since its requires_grad=False
2024/06/25 16:40:53 - mmengine - WARNING - backbone.layers.2.ln1.bias is skipped since its requires_grad=False
2024/06/25 16:40:53 - mmengine - WARNING - backbone.layers.2.attn.qkv.weight is skipped since its requires_grad=False
2024/06/25 16:40:53 - mmengine - WARNING - backbone.layers.2.attn.qkv.bias is skipped since its requires_grad=False
2024/06/25 16:40:53 - mmengine - WARNING - backbone.layers.2.attn.proj.weight is skipped since its requires_grad=False
2024/06/25 16:40:53 - mmengine - WARNING - backbone.layers.2.attn.proj.bias is skipped since its requires_grad=False
2024/06/25 16:40:53 - mmengine - WARNING - backbone.layers.2.attn.gamma1.weight is skipped since its requires_grad=False
2024/06/25 16:40:53 - mmengine - WARNING - backbone.layers.2.ln2.weight is skipped since its requires_grad=False
2024/06/25 16:40:53 - mmengine - WARNING - backbone.layers.2.ln2.bias is skipped since its requires_grad=False
2024/06/25 16:40:53 - mmengine - WARNING - backbone.layers.2.ffn.layers.0.0.weight is skipped since its requires_grad=False
2024/06/25 16:40:53 - mmengine - WARNING - backbone.layers.2.ffn.layers.0.0.bias is skipped since its requires_grad=False
2024/06/25 16:40:53 - mmengine - WARNING - backbone.layers.2.ffn.layers.1.weight is skipped since its requires_grad=False
2024/06/25 16:40:53 - mmengine - WARNING - backbone.layers.2.ffn.layers.1.bias is skipped since its requires_grad=False
2024/06/25 16:40:53 - mmengine - WARNING - backbone.layers.2.ffn.gamma2.weight is skipped since its requires_grad=False
2024/06/25 16:40:53 - mmengine - WARNING - backbone.layers.3.ln1.weight is skipped since its requires_grad=False
2024/06/25 16:40:53 - mmengine - WARNING - backbone.layers.3.ln1.bias is skipped since its requires_grad=False
2024/06/25 16:40:53 - mmengine - WARNING - backbone.layers.3.attn.qkv.weight is skipped since its requires_grad=False
2024/06/25 16:40:53 - mmengine - WARNING - backbone.layers.3.attn.qkv.bias is skipped since its requires_grad=False
2024/06/25 16:40:53 - mmengine - WARNING - backbone.layers.3.attn.proj.weight is skipped since its requires_grad=False
2024/06/25 16:40:53 - mmengine - WARNING - backbone.layers.3.attn.proj.bias is skipped since its requires_grad=False
2024/06/25 16:40:53 - mmengine - WARNING - backbone.layers.3.attn.gamma1.weight is skipped since its requires_grad=False
2024/06/25 16:40:53 - mmengine - WARNING - backbone.layers.3.ln2.weight is skipped since its requires_grad=False
2024/06/25 16:40:53 - mmengine - WARNING - backbone.layers.3.ln2.bias is skipped since its requires_grad=False
2024/06/25 16:40:53 - mmengine - WARNING - backbone.layers.3.ffn.layers.0.0.weight is skipped since its requires_grad=False
2024/06/25 16:40:53 - mmengine - WARNING - backbone.layers.3.ffn.layers.0.0.bias is skipped since its requires_grad=False
2024/06/25 16:40:53 - mmengine - WARNING - backbone.layers.3.ffn.layers.1.weight is skipped since its requires_grad=False
2024/06/25 16:40:53 - mmengine - WARNING - backbone.layers.3.ffn.layers.1.bias is skipped since its requires_grad=False
2024/06/25 16:40:53 - mmengine - WARNING - backbone.layers.3.ffn.gamma2.weight is skipped since its requires_grad=False
2024/06/25 16:40:53 - mmengine - WARNING - backbone.layers.4.ln1.weight is skipped since its requires_grad=False
2024/06/25 16:40:53 - mmengine - WARNING - backbone.layers.4.ln1.bias is skipped since its requires_grad=False
2024/06/25 16:40:53 - mmengine - WARNING - backbone.layers.4.attn.qkv.weight is skipped since its requires_grad=False
2024/06/25 16:40:53 - mmengine - WARNING - backbone.layers.4.attn.qkv.bias is skipped since its requires_grad=False
2024/06/25 16:40:53 - mmengine - WARNING - backbone.layers.4.attn.proj.weight is skipped since its requires_grad=False
2024/06/25 16:40:53 - mmengine - WARNING - backbone.layers.4.attn.proj.bias is skipped since its requires_grad=False
2024/06/25 16:40:53 - mmengine - WARNING - backbone.layers.4.attn.gamma1.weight is skipped since its requires_grad=False
2024/06/25 16:40:53 - mmengine - WARNING - backbone.layers.4.ln2.weight is skipped since its requires_grad=False
2024/06/25 16:40:53 - mmengine - WARNING - backbone.layers.4.ln2.bias is skipped since its requires_grad=False
2024/06/25 16:40:53 - mmengine - WARNING - backbone.layers.4.ffn.layers.0.0.weight is skipped since its requires_grad=False
2024/06/25 16:40:53 - mmengine - WARNING - backbone.layers.4.ffn.layers.0.0.bias is skipped since its requires_grad=False
2024/06/25 16:40:53 - mmengine - WARNING - backbone.layers.4.ffn.layers.1.weight is skipped since its requires_grad=False
2024/06/25 16:40:53 - mmengine - WARNING - backbone.layers.4.ffn.layers.1.bias is skipped since its requires_grad=False
2024/06/25 16:40:53 - mmengine - WARNING - backbone.layers.4.ffn.gamma2.weight is skipped since its requires_grad=False
2024/06/25 16:40:53 - mmengine - WARNING - backbone.layers.5.ln1.weight is skipped since its requires_grad=False
2024/06/25 16:40:53 - mmengine - WARNING - backbone.layers.5.ln1.bias is skipped since its requires_grad=False
2024/06/25 16:40:53 - mmengine - WARNING - backbone.layers.5.attn.qkv.weight is skipped since its requires_grad=False
2024/06/25 16:40:53 - mmengine - WARNING - backbone.layers.5.attn.qkv.bias is skipped since its requires_grad=False
2024/06/25 16:40:53 - mmengine - WARNING - backbone.layers.5.attn.proj.weight is skipped since its requires_grad=False
2024/06/25 16:40:53 - mmengine - WARNING - backbone.layers.5.attn.proj.bias is skipped since its requires_grad=False
2024/06/25 16:40:53 - mmengine - WARNING - backbone.layers.5.attn.gamma1.weight is skipped since its requires_grad=False
2024/06/25 16:40:53 - mmengine - WARNING - backbone.layers.5.ln2.weight is skipped since its requires_grad=False
2024/06/25 16:40:53 - mmengine - WARNING - backbone.layers.5.ln2.bias is skipped since its requires_grad=False
2024/06/25 16:40:53 - mmengine - WARNING - backbone.layers.5.ffn.layers.0.0.weight is skipped since its requires_grad=False
2024/06/25 16:40:53 - mmengine - WARNING - backbone.layers.5.ffn.layers.0.0.bias is skipped since its requires_grad=False
2024/06/25 16:40:53 - mmengine - WARNING - backbone.layers.5.ffn.layers.1.weight is skipped since its requires_grad=False
2024/06/25 16:40:53 - mmengine - WARNING - backbone.layers.5.ffn.layers.1.bias is skipped since its requires_grad=False
2024/06/25 16:40:53 - mmengine - WARNING - backbone.layers.5.ffn.gamma2.weight is skipped since its requires_grad=False
2024/06/25 16:40:53 - mmengine - WARNING - backbone.layers.6.ln1.weight is skipped since its requires_grad=False
2024/06/25 16:40:53 - mmengine - WARNING - backbone.layers.6.ln1.bias is skipped since its requires_grad=False
2024/06/25 16:40:53 - mmengine - WARNING - backbone.layers.6.attn.qkv.weight is skipped since its requires_grad=False
2024/06/25 16:40:53 - mmengine - WARNING - backbone.layers.6.attn.qkv.bias is skipped since its requires_grad=False
2024/06/25 16:40:53 - mmengine - WARNING - backbone.layers.6.attn.proj.weight is skipped since its requires_grad=False
2024/06/25 16:40:53 - mmengine - WARNING - backbone.layers.6.attn.proj.bias is skipped since its requires_grad=False
2024/06/25 16:40:53 - mmengine - WARNING - backbone.layers.6.attn.gamma1.weight is skipped since its requires_grad=False
2024/06/25 16:40:53 - mmengine - WARNING - backbone.layers.6.ln2.weight is skipped since its requires_grad=False
2024/06/25 16:40:53 - mmengine - WARNING - backbone.layers.6.ln2.bias is skipped since its requires_grad=False
2024/06/25 16:40:53 - mmengine - WARNING - backbone.layers.6.ffn.layers.0.0.weight is skipped since its requires_grad=False
2024/06/25 16:40:53 - mmengine - WARNING - backbone.layers.6.ffn.layers.0.0.bias is skipped since its requires_grad=False
2024/06/25 16:40:53 - mmengine - WARNING - backbone.layers.6.ffn.layers.1.weight is skipped since its requires_grad=False
2024/06/25 16:40:53 - mmengine - WARNING - backbone.layers.6.ffn.layers.1.bias is skipped since its requires_grad=False
2024/06/25 16:40:53 - mmengine - WARNING - backbone.layers.6.ffn.gamma2.weight is skipped since its requires_grad=False
2024/06/25 16:40:53 - mmengine - WARNING - backbone.layers.7.ln1.weight is skipped since its requires_grad=False
2024/06/25 16:40:53 - mmengine - WARNING - backbone.layers.7.ln1.bias is skipped since its requires_grad=False
2024/06/25 16:40:53 - mmengine - WARNING - backbone.layers.7.attn.qkv.weight is skipped since its requires_grad=False
2024/06/25 16:40:53 - mmengine - WARNING - backbone.layers.7.attn.qkv.bias is skipped since its requires_grad=False
2024/06/25 16:40:53 - mmengine - WARNING - backbone.layers.7.attn.proj.weight is skipped since its requires_grad=False
2024/06/25 16:40:53 - mmengine - WARNING - backbone.layers.7.attn.proj.bias is skipped since its requires_grad=False
2024/06/25 16:40:53 - mmengine - WARNING - backbone.layers.7.attn.gamma1.weight is skipped since its requires_grad=False
2024/06/25 16:40:53 - mmengine - WARNING - backbone.layers.7.ln2.weight is skipped since its requires_grad=False
2024/06/25 16:40:53 - mmengine - WARNING - backbone.layers.7.ln2.bias is skipped since its requires_grad=False
2024/06/25 16:40:53 - mmengine - WARNING - backbone.layers.7.ffn.layers.0.0.weight is skipped since its requires_grad=False
2024/06/25 16:40:53 - mmengine - WARNING - backbone.layers.7.ffn.layers.0.0.bias is skipped since its requires_grad=False
2024/06/25 16:40:53 - mmengine - WARNING - backbone.layers.7.ffn.layers.1.weight is skipped since its requires_grad=False
2024/06/25 16:40:53 - mmengine - WARNING - backbone.layers.7.ffn.layers.1.bias is skipped since its requires_grad=False
2024/06/25 16:40:53 - mmengine - WARNING - backbone.layers.7.ffn.gamma2.weight is skipped since its requires_grad=False
2024/06/25 16:40:53 - mmengine - WARNING - backbone.layers.8.ln1.weight is skipped since its requires_grad=False
2024/06/25 16:40:53 - mmengine - WARNING - backbone.layers.8.ln1.bias is skipped since its requires_grad=False
2024/06/25 16:40:53 - mmengine - WARNING - backbone.layers.8.attn.qkv.weight is skipped since its requires_grad=False
2024/06/25 16:40:53 - mmengine - WARNING - backbone.layers.8.attn.qkv.bias is skipped since its requires_grad=False
2024/06/25 16:40:53 - mmengine - WARNING - backbone.layers.8.attn.proj.weight is skipped since its requires_grad=False
2024/06/25 16:40:53 - mmengine - WARNING - backbone.layers.8.attn.proj.bias is skipped since its requires_grad=False
2024/06/25 16:40:53 - mmengine - WARNING - backbone.layers.8.attn.gamma1.weight is skipped since its requires_grad=False
2024/06/25 16:40:53 - mmengine - WARNING - backbone.layers.8.ln2.weight is skipped since its requires_grad=False
2024/06/25 16:40:53 - mmengine - WARNING - backbone.layers.8.ln2.bias is skipped since its requires_grad=False
2024/06/25 16:40:53 - mmengine - WARNING - backbone.layers.8.ffn.layers.0.0.weight is skipped since its requires_grad=False
2024/06/25 16:40:53 - mmengine - WARNING - backbone.layers.8.ffn.layers.0.0.bias is skipped since its requires_grad=False
2024/06/25 16:40:53 - mmengine - WARNING - backbone.layers.8.ffn.layers.1.weight is skipped since its requires_grad=False
2024/06/25 16:40:53 - mmengine - WARNING - backbone.layers.8.ffn.layers.1.bias is skipped since its requires_grad=False
2024/06/25 16:40:53 - mmengine - WARNING - backbone.layers.8.ffn.gamma2.weight is skipped since its requires_grad=False
2024/06/25 16:40:53 - mmengine - WARNING - backbone.layers.9.ln1.weight is skipped since its requires_grad=False
2024/06/25 16:40:53 - mmengine - WARNING - backbone.layers.9.ln1.bias is skipped since its requires_grad=False
2024/06/25 16:40:53 - mmengine - WARNING - backbone.layers.9.attn.qkv.weight is skipped since its requires_grad=False
2024/06/25 16:40:53 - mmengine - WARNING - backbone.layers.9.attn.qkv.bias is skipped since its requires_grad=False
2024/06/25 16:40:53 - mmengine - WARNING - backbone.layers.9.attn.proj.weight is skipped since its requires_grad=False
2024/06/25 16:40:53 - mmengine - WARNING - backbone.layers.9.attn.proj.bias is skipped since its requires_grad=False
2024/06/25 16:40:53 - mmengine - WARNING - backbone.layers.9.attn.gamma1.weight is skipped since its requires_grad=False
2024/06/25 16:40:53 - mmengine - WARNING - backbone.layers.9.ln2.weight is skipped since its requires_grad=False
2024/06/25 16:40:53 - mmengine - WARNING - backbone.layers.9.ln2.bias is skipped since its requires_grad=False
2024/06/25 16:40:53 - mmengine - WARNING - backbone.layers.9.ffn.layers.0.0.weight is skipped since its requires_grad=False
2024/06/25 16:40:53 - mmengine - WARNING - backbone.layers.9.ffn.layers.0.0.bias is skipped since its requires_grad=False
2024/06/25 16:40:53 - mmengine - WARNING - backbone.layers.9.ffn.layers.1.weight is skipped since its requires_grad=False
2024/06/25 16:40:53 - mmengine - WARNING - backbone.layers.9.ffn.layers.1.bias is skipped since its requires_grad=False
2024/06/25 16:40:53 - mmengine - WARNING - backbone.layers.9.ffn.gamma2.weight is skipped since its requires_grad=False
2024/06/25 16:40:53 - mmengine - WARNING - backbone.layers.10.ln1.weight is skipped since its requires_grad=False
2024/06/25 16:40:53 - mmengine - WARNING - backbone.layers.10.ln1.bias is skipped since its requires_grad=False
2024/06/25 16:40:53 - mmengine - WARNING - backbone.layers.10.attn.qkv.weight is skipped since its requires_grad=False
2024/06/25 16:40:53 - mmengine - WARNING - backbone.layers.10.attn.qkv.bias is skipped since its requires_grad=False
2024/06/25 16:40:53 - mmengine - WARNING - backbone.layers.10.attn.proj.weight is skipped since its requires_grad=False
2024/06/25 16:40:53 - mmengine - WARNING - backbone.layers.10.attn.proj.bias is skipped since its requires_grad=False
2024/06/25 16:40:53 - mmengine - WARNING - backbone.layers.10.attn.gamma1.weight is skipped since its requires_grad=False
2024/06/25 16:40:53 - mmengine - WARNING - backbone.layers.10.ln2.weight is skipped since its requires_grad=False
2024/06/25 16:40:53 - mmengine - WARNING - backbone.layers.10.ln2.bias is skipped since its requires_grad=False
2024/06/25 16:40:53 - mmengine - WARNING - backbone.layers.10.ffn.layers.0.0.weight is skipped since its requires_grad=False
2024/06/25 16:40:53 - mmengine - WARNING - backbone.layers.10.ffn.layers.0.0.bias is skipped since its requires_grad=False
2024/06/25 16:40:53 - mmengine - WARNING - backbone.layers.10.ffn.layers.1.weight is skipped since its requires_grad=False
2024/06/25 16:40:53 - mmengine - WARNING - backbone.layers.10.ffn.layers.1.bias is skipped since its requires_grad=False
2024/06/25 16:40:53 - mmengine - WARNING - backbone.layers.10.ffn.gamma2.weight is skipped since its requires_grad=False
2024/06/25 16:40:53 - mmengine - WARNING - backbone.layers.11.ln1.weight is skipped since its requires_grad=False
2024/06/25 16:40:53 - mmengine - WARNING - backbone.layers.11.ln1.bias is skipped since its requires_grad=False
2024/06/25 16:40:53 - mmengine - WARNING - backbone.layers.11.attn.qkv.weight is skipped since its requires_grad=False
2024/06/25 16:40:53 - mmengine - WARNING - backbone.layers.11.attn.qkv.bias is skipped since its requires_grad=False
2024/06/25 16:40:53 - mmengine - WARNING - backbone.layers.11.attn.proj.weight is skipped since its requires_grad=False
2024/06/25 16:40:53 - mmengine - WARNING - backbone.layers.11.attn.proj.bias is skipped since its requires_grad=False
2024/06/25 16:40:53 - mmengine - WARNING - backbone.layers.11.attn.gamma1.weight is skipped since its requires_grad=False
2024/06/25 16:40:53 - mmengine - WARNING - backbone.layers.11.ln2.weight is skipped since its requires_grad=False
2024/06/25 16:40:53 - mmengine - WARNING - backbone.layers.11.ln2.bias is skipped since its requires_grad=False
2024/06/25 16:40:53 - mmengine - WARNING - backbone.layers.11.ffn.layers.0.0.weight is skipped since its requires_grad=False
2024/06/25 16:40:53 - mmengine - WARNING - backbone.layers.11.ffn.layers.0.0.bias is skipped since its requires_grad=False
2024/06/25 16:40:53 - mmengine - WARNING - backbone.layers.11.ffn.layers.1.weight is skipped since its requires_grad=False
2024/06/25 16:40:53 - mmengine - WARNING - backbone.layers.11.ffn.layers.1.bias is skipped since its requires_grad=False
2024/06/25 16:40:53 - mmengine - WARNING - backbone.layers.11.ffn.gamma2.weight is skipped since its requires_grad=False
2024/06/25 16:40:53 - mmengine - WARNING - backbone.ln1.weight is skipped since its requires_grad=False
2024/06/25 16:40:53 - mmengine - WARNING - backbone.ln1.bias is skipped since its requires_grad=False
2024/06/25 16:40:53 - mmengine - INFO - load backbone in model from: https://download.openmmlab.com/mmpretrain/v1.0/dinov2/vit-base-p14_dinov2-pre_3rdparty_20230426-ba246503.pth
2024/06/25 16:40:53 - mmengine - WARNING - The model and loaded state dict do not match exactly

unexpected key in source state_dict: mask_token

Name of parameter - Initialization information

backbone.cls_token - torch.Size([1, 1, 768]): 
PretrainedInit: load from https://download.openmmlab.com/mmpretrain/v1.0/dinov2/vit-base-p14_dinov2-pre_3rdparty_20230426-ba246503.pth 

backbone.pos_embed - torch.Size([1, 1370, 768]): 
PretrainedInit: load from https://download.openmmlab.com/mmpretrain/v1.0/dinov2/vit-base-p14_dinov2-pre_3rdparty_20230426-ba246503.pth 

backbone.patch_embed.projection.weight - torch.Size([768, 3, 14, 14]): 
PretrainedInit: load from https://download.openmmlab.com/mmpretrain/v1.0/dinov2/vit-base-p14_dinov2-pre_3rdparty_20230426-ba246503.pth 

backbone.patch_embed.projection.bias - torch.Size([768]): 
PretrainedInit: load from https://download.openmmlab.com/mmpretrain/v1.0/dinov2/vit-base-p14_dinov2-pre_3rdparty_20230426-ba246503.pth 

backbone.layers.0.ln1.weight - torch.Size([768]): 
PretrainedInit: load from https://download.openmmlab.com/mmpretrain/v1.0/dinov2/vit-base-p14_dinov2-pre_3rdparty_20230426-ba246503.pth 

backbone.layers.0.ln1.bias - torch.Size([768]): 
PretrainedInit: load from https://download.openmmlab.com/mmpretrain/v1.0/dinov2/vit-base-p14_dinov2-pre_3rdparty_20230426-ba246503.pth 

backbone.layers.0.attn.qkv.weight - torch.Size([2304, 768]): 
PretrainedInit: load from https://download.openmmlab.com/mmpretrain/v1.0/dinov2/vit-base-p14_dinov2-pre_3rdparty_20230426-ba246503.pth 

backbone.layers.0.attn.qkv.bias - torch.Size([2304]): 
PretrainedInit: load from https://download.openmmlab.com/mmpretrain/v1.0/dinov2/vit-base-p14_dinov2-pre_3rdparty_20230426-ba246503.pth 

backbone.layers.0.attn.proj.weight - torch.Size([768, 768]): 
PretrainedInit: load from https://download.openmmlab.com/mmpretrain/v1.0/dinov2/vit-base-p14_dinov2-pre_3rdparty_20230426-ba246503.pth 

backbone.layers.0.attn.proj.bias - torch.Size([768]): 
PretrainedInit: load from https://download.openmmlab.com/mmpretrain/v1.0/dinov2/vit-base-p14_dinov2-pre_3rdparty_20230426-ba246503.pth 

backbone.layers.0.attn.gamma1.weight - torch.Size([768]): 
PretrainedInit: load from https://download.openmmlab.com/mmpretrain/v1.0/dinov2/vit-base-p14_dinov2-pre_3rdparty_20230426-ba246503.pth 

backbone.layers.0.ln2.weight - torch.Size([768]): 
PretrainedInit: load from https://download.openmmlab.com/mmpretrain/v1.0/dinov2/vit-base-p14_dinov2-pre_3rdparty_20230426-ba246503.pth 

backbone.layers.0.ln2.bias - torch.Size([768]): 
PretrainedInit: load from https://download.openmmlab.com/mmpretrain/v1.0/dinov2/vit-base-p14_dinov2-pre_3rdparty_20230426-ba246503.pth 

backbone.layers.0.ffn.layers.0.0.weight - torch.Size([3072, 768]): 
PretrainedInit: load from https://download.openmmlab.com/mmpretrain/v1.0/dinov2/vit-base-p14_dinov2-pre_3rdparty_20230426-ba246503.pth 

backbone.layers.0.ffn.layers.0.0.bias - torch.Size([3072]): 
PretrainedInit: load from https://download.openmmlab.com/mmpretrain/v1.0/dinov2/vit-base-p14_dinov2-pre_3rdparty_20230426-ba246503.pth 

backbone.layers.0.ffn.layers.1.weight - torch.Size([768, 3072]): 
PretrainedInit: load from https://download.openmmlab.com/mmpretrain/v1.0/dinov2/vit-base-p14_dinov2-pre_3rdparty_20230426-ba246503.pth 

backbone.layers.0.ffn.layers.1.bias - torch.Size([768]): 
PretrainedInit: load from https://download.openmmlab.com/mmpretrain/v1.0/dinov2/vit-base-p14_dinov2-pre_3rdparty_20230426-ba246503.pth 

backbone.layers.0.ffn.gamma2.weight - torch.Size([768]): 
PretrainedInit: load from https://download.openmmlab.com/mmpretrain/v1.0/dinov2/vit-base-p14_dinov2-pre_3rdparty_20230426-ba246503.pth 

backbone.layers.1.ln1.weight - torch.Size([768]): 
PretrainedInit: load from https://download.openmmlab.com/mmpretrain/v1.0/dinov2/vit-base-p14_dinov2-pre_3rdparty_20230426-ba246503.pth 

backbone.layers.1.ln1.bias - torch.Size([768]): 
PretrainedInit: load from https://download.openmmlab.com/mmpretrain/v1.0/dinov2/vit-base-p14_dinov2-pre_3rdparty_20230426-ba246503.pth 

backbone.layers.1.attn.qkv.weight - torch.Size([2304, 768]): 
PretrainedInit: load from https://download.openmmlab.com/mmpretrain/v1.0/dinov2/vit-base-p14_dinov2-pre_3rdparty_20230426-ba246503.pth 

backbone.layers.1.attn.qkv.bias - torch.Size([2304]): 
PretrainedInit: load from https://download.openmmlab.com/mmpretrain/v1.0/dinov2/vit-base-p14_dinov2-pre_3rdparty_20230426-ba246503.pth 

backbone.layers.1.attn.proj.weight - torch.Size([768, 768]): 
PretrainedInit: load from https://download.openmmlab.com/mmpretrain/v1.0/dinov2/vit-base-p14_dinov2-pre_3rdparty_20230426-ba246503.pth 

backbone.layers.1.attn.proj.bias - torch.Size([768]): 
PretrainedInit: load from https://download.openmmlab.com/mmpretrain/v1.0/dinov2/vit-base-p14_dinov2-pre_3rdparty_20230426-ba246503.pth 

backbone.layers.1.attn.gamma1.weight - torch.Size([768]): 
PretrainedInit: load from https://download.openmmlab.com/mmpretrain/v1.0/dinov2/vit-base-p14_dinov2-pre_3rdparty_20230426-ba246503.pth 

backbone.layers.1.ln2.weight - torch.Size([768]): 
PretrainedInit: load from https://download.openmmlab.com/mmpretrain/v1.0/dinov2/vit-base-p14_dinov2-pre_3rdparty_20230426-ba246503.pth 

backbone.layers.1.ln2.bias - torch.Size([768]): 
PretrainedInit: load from https://download.openmmlab.com/mmpretrain/v1.0/dinov2/vit-base-p14_dinov2-pre_3rdparty_20230426-ba246503.pth 

backbone.layers.1.ffn.layers.0.0.weight - torch.Size([3072, 768]): 
PretrainedInit: load from https://download.openmmlab.com/mmpretrain/v1.0/dinov2/vit-base-p14_dinov2-pre_3rdparty_20230426-ba246503.pth 

backbone.layers.1.ffn.layers.0.0.bias - torch.Size([3072]): 
PretrainedInit: load from https://download.openmmlab.com/mmpretrain/v1.0/dinov2/vit-base-p14_dinov2-pre_3rdparty_20230426-ba246503.pth 

backbone.layers.1.ffn.layers.1.weight - torch.Size([768, 3072]): 
PretrainedInit: load from https://download.openmmlab.com/mmpretrain/v1.0/dinov2/vit-base-p14_dinov2-pre_3rdparty_20230426-ba246503.pth 

backbone.layers.1.ffn.layers.1.bias - torch.Size([768]): 
PretrainedInit: load from https://download.openmmlab.com/mmpretrain/v1.0/dinov2/vit-base-p14_dinov2-pre_3rdparty_20230426-ba246503.pth 

backbone.layers.1.ffn.gamma2.weight - torch.Size([768]): 
PretrainedInit: load from https://download.openmmlab.com/mmpretrain/v1.0/dinov2/vit-base-p14_dinov2-pre_3rdparty_20230426-ba246503.pth 

backbone.layers.2.ln1.weight - torch.Size([768]): 
PretrainedInit: load from https://download.openmmlab.com/mmpretrain/v1.0/dinov2/vit-base-p14_dinov2-pre_3rdparty_20230426-ba246503.pth 

backbone.layers.2.ln1.bias - torch.Size([768]): 
PretrainedInit: load from https://download.openmmlab.com/mmpretrain/v1.0/dinov2/vit-base-p14_dinov2-pre_3rdparty_20230426-ba246503.pth 

backbone.layers.2.attn.qkv.weight - torch.Size([2304, 768]): 
PretrainedInit: load from https://download.openmmlab.com/mmpretrain/v1.0/dinov2/vit-base-p14_dinov2-pre_3rdparty_20230426-ba246503.pth 

backbone.layers.2.attn.qkv.bias - torch.Size([2304]): 
PretrainedInit: load from https://download.openmmlab.com/mmpretrain/v1.0/dinov2/vit-base-p14_dinov2-pre_3rdparty_20230426-ba246503.pth 

backbone.layers.2.attn.proj.weight - torch.Size([768, 768]): 
PretrainedInit: load from https://download.openmmlab.com/mmpretrain/v1.0/dinov2/vit-base-p14_dinov2-pre_3rdparty_20230426-ba246503.pth 

backbone.layers.2.attn.proj.bias - torch.Size([768]): 
PretrainedInit: load from https://download.openmmlab.com/mmpretrain/v1.0/dinov2/vit-base-p14_dinov2-pre_3rdparty_20230426-ba246503.pth 

backbone.layers.2.attn.gamma1.weight - torch.Size([768]): 
PretrainedInit: load from https://download.openmmlab.com/mmpretrain/v1.0/dinov2/vit-base-p14_dinov2-pre_3rdparty_20230426-ba246503.pth 

backbone.layers.2.ln2.weight - torch.Size([768]): 
PretrainedInit: load from https://download.openmmlab.com/mmpretrain/v1.0/dinov2/vit-base-p14_dinov2-pre_3rdparty_20230426-ba246503.pth 

backbone.layers.2.ln2.bias - torch.Size([768]): 
PretrainedInit: load from https://download.openmmlab.com/mmpretrain/v1.0/dinov2/vit-base-p14_dinov2-pre_3rdparty_20230426-ba246503.pth 

backbone.layers.2.ffn.layers.0.0.weight - torch.Size([3072, 768]): 
PretrainedInit: load from https://download.openmmlab.com/mmpretrain/v1.0/dinov2/vit-base-p14_dinov2-pre_3rdparty_20230426-ba246503.pth 

backbone.layers.2.ffn.layers.0.0.bias - torch.Size([3072]): 
PretrainedInit: load from https://download.openmmlab.com/mmpretrain/v1.0/dinov2/vit-base-p14_dinov2-pre_3rdparty_20230426-ba246503.pth 

backbone.layers.2.ffn.layers.1.weight - torch.Size([768, 3072]): 
PretrainedInit: load from https://download.openmmlab.com/mmpretrain/v1.0/dinov2/vit-base-p14_dinov2-pre_3rdparty_20230426-ba246503.pth 

backbone.layers.2.ffn.layers.1.bias - torch.Size([768]): 
PretrainedInit: load from https://download.openmmlab.com/mmpretrain/v1.0/dinov2/vit-base-p14_dinov2-pre_3rdparty_20230426-ba246503.pth 

backbone.layers.2.ffn.gamma2.weight - torch.Size([768]): 
PretrainedInit: load from https://download.openmmlab.com/mmpretrain/v1.0/dinov2/vit-base-p14_dinov2-pre_3rdparty_20230426-ba246503.pth 

backbone.layers.3.ln1.weight - torch.Size([768]): 
PretrainedInit: load from https://download.openmmlab.com/mmpretrain/v1.0/dinov2/vit-base-p14_dinov2-pre_3rdparty_20230426-ba246503.pth 

backbone.layers.3.ln1.bias - torch.Size([768]): 
PretrainedInit: load from https://download.openmmlab.com/mmpretrain/v1.0/dinov2/vit-base-p14_dinov2-pre_3rdparty_20230426-ba246503.pth 

backbone.layers.3.attn.qkv.weight - torch.Size([2304, 768]): 
PretrainedInit: load from https://download.openmmlab.com/mmpretrain/v1.0/dinov2/vit-base-p14_dinov2-pre_3rdparty_20230426-ba246503.pth 

backbone.layers.3.attn.qkv.bias - torch.Size([2304]): 
PretrainedInit: load from https://download.openmmlab.com/mmpretrain/v1.0/dinov2/vit-base-p14_dinov2-pre_3rdparty_20230426-ba246503.pth 

backbone.layers.3.attn.proj.weight - torch.Size([768, 768]): 
PretrainedInit: load from https://download.openmmlab.com/mmpretrain/v1.0/dinov2/vit-base-p14_dinov2-pre_3rdparty_20230426-ba246503.pth 

backbone.layers.3.attn.proj.bias - torch.Size([768]): 
PretrainedInit: load from https://download.openmmlab.com/mmpretrain/v1.0/dinov2/vit-base-p14_dinov2-pre_3rdparty_20230426-ba246503.pth 

backbone.layers.3.attn.gamma1.weight - torch.Size([768]): 
PretrainedInit: load from https://download.openmmlab.com/mmpretrain/v1.0/dinov2/vit-base-p14_dinov2-pre_3rdparty_20230426-ba246503.pth 

backbone.layers.3.ln2.weight - torch.Size([768]): 
PretrainedInit: load from https://download.openmmlab.com/mmpretrain/v1.0/dinov2/vit-base-p14_dinov2-pre_3rdparty_20230426-ba246503.pth 

backbone.layers.3.ln2.bias - torch.Size([768]): 
PretrainedInit: load from https://download.openmmlab.com/mmpretrain/v1.0/dinov2/vit-base-p14_dinov2-pre_3rdparty_20230426-ba246503.pth 

backbone.layers.3.ffn.layers.0.0.weight - torch.Size([3072, 768]): 
PretrainedInit: load from https://download.openmmlab.com/mmpretrain/v1.0/dinov2/vit-base-p14_dinov2-pre_3rdparty_20230426-ba246503.pth 

backbone.layers.3.ffn.layers.0.0.bias - torch.Size([3072]): 
PretrainedInit: load from https://download.openmmlab.com/mmpretrain/v1.0/dinov2/vit-base-p14_dinov2-pre_3rdparty_20230426-ba246503.pth 

backbone.layers.3.ffn.layers.1.weight - torch.Size([768, 3072]): 
PretrainedInit: load from https://download.openmmlab.com/mmpretrain/v1.0/dinov2/vit-base-p14_dinov2-pre_3rdparty_20230426-ba246503.pth 

backbone.layers.3.ffn.layers.1.bias - torch.Size([768]): 
PretrainedInit: load from https://download.openmmlab.com/mmpretrain/v1.0/dinov2/vit-base-p14_dinov2-pre_3rdparty_20230426-ba246503.pth 

backbone.layers.3.ffn.gamma2.weight - torch.Size([768]): 
PretrainedInit: load from https://download.openmmlab.com/mmpretrain/v1.0/dinov2/vit-base-p14_dinov2-pre_3rdparty_20230426-ba246503.pth 

backbone.layers.4.ln1.weight - torch.Size([768]): 
PretrainedInit: load from https://download.openmmlab.com/mmpretrain/v1.0/dinov2/vit-base-p14_dinov2-pre_3rdparty_20230426-ba246503.pth 

backbone.layers.4.ln1.bias - torch.Size([768]): 
PretrainedInit: load from https://download.openmmlab.com/mmpretrain/v1.0/dinov2/vit-base-p14_dinov2-pre_3rdparty_20230426-ba246503.pth 

backbone.layers.4.attn.qkv.weight - torch.Size([2304, 768]): 
PretrainedInit: load from https://download.openmmlab.com/mmpretrain/v1.0/dinov2/vit-base-p14_dinov2-pre_3rdparty_20230426-ba246503.pth 

backbone.layers.4.attn.qkv.bias - torch.Size([2304]): 
PretrainedInit: load from https://download.openmmlab.com/mmpretrain/v1.0/dinov2/vit-base-p14_dinov2-pre_3rdparty_20230426-ba246503.pth 

backbone.layers.4.attn.proj.weight - torch.Size([768, 768]): 
PretrainedInit: load from https://download.openmmlab.com/mmpretrain/v1.0/dinov2/vit-base-p14_dinov2-pre_3rdparty_20230426-ba246503.pth 

backbone.layers.4.attn.proj.bias - torch.Size([768]): 
PretrainedInit: load from https://download.openmmlab.com/mmpretrain/v1.0/dinov2/vit-base-p14_dinov2-pre_3rdparty_20230426-ba246503.pth 

backbone.layers.4.attn.gamma1.weight - torch.Size([768]): 
PretrainedInit: load from https://download.openmmlab.com/mmpretrain/v1.0/dinov2/vit-base-p14_dinov2-pre_3rdparty_20230426-ba246503.pth 

backbone.layers.4.ln2.weight - torch.Size([768]): 
PretrainedInit: load from https://download.openmmlab.com/mmpretrain/v1.0/dinov2/vit-base-p14_dinov2-pre_3rdparty_20230426-ba246503.pth 

backbone.layers.4.ln2.bias - torch.Size([768]): 
PretrainedInit: load from https://download.openmmlab.com/mmpretrain/v1.0/dinov2/vit-base-p14_dinov2-pre_3rdparty_20230426-ba246503.pth 

backbone.layers.4.ffn.layers.0.0.weight - torch.Size([3072, 768]): 
PretrainedInit: load from https://download.openmmlab.com/mmpretrain/v1.0/dinov2/vit-base-p14_dinov2-pre_3rdparty_20230426-ba246503.pth 

backbone.layers.4.ffn.layers.0.0.bias - torch.Size([3072]): 
PretrainedInit: load from https://download.openmmlab.com/mmpretrain/v1.0/dinov2/vit-base-p14_dinov2-pre_3rdparty_20230426-ba246503.pth 

backbone.layers.4.ffn.layers.1.weight - torch.Size([768, 3072]): 
PretrainedInit: load from https://download.openmmlab.com/mmpretrain/v1.0/dinov2/vit-base-p14_dinov2-pre_3rdparty_20230426-ba246503.pth 

backbone.layers.4.ffn.layers.1.bias - torch.Size([768]): 
PretrainedInit: load from https://download.openmmlab.com/mmpretrain/v1.0/dinov2/vit-base-p14_dinov2-pre_3rdparty_20230426-ba246503.pth 

backbone.layers.4.ffn.gamma2.weight - torch.Size([768]): 
PretrainedInit: load from https://download.openmmlab.com/mmpretrain/v1.0/dinov2/vit-base-p14_dinov2-pre_3rdparty_20230426-ba246503.pth 

backbone.layers.5.ln1.weight - torch.Size([768]): 
PretrainedInit: load from https://download.openmmlab.com/mmpretrain/v1.0/dinov2/vit-base-p14_dinov2-pre_3rdparty_20230426-ba246503.pth 

backbone.layers.5.ln1.bias - torch.Size([768]): 
PretrainedInit: load from https://download.openmmlab.com/mmpretrain/v1.0/dinov2/vit-base-p14_dinov2-pre_3rdparty_20230426-ba246503.pth 

backbone.layers.5.attn.qkv.weight - torch.Size([2304, 768]): 
PretrainedInit: load from https://download.openmmlab.com/mmpretrain/v1.0/dinov2/vit-base-p14_dinov2-pre_3rdparty_20230426-ba246503.pth 

backbone.layers.5.attn.qkv.bias - torch.Size([2304]): 
PretrainedInit: load from https://download.openmmlab.com/mmpretrain/v1.0/dinov2/vit-base-p14_dinov2-pre_3rdparty_20230426-ba246503.pth 

backbone.layers.5.attn.proj.weight - torch.Size([768, 768]): 
PretrainedInit: load from https://download.openmmlab.com/mmpretrain/v1.0/dinov2/vit-base-p14_dinov2-pre_3rdparty_20230426-ba246503.pth 

backbone.layers.5.attn.proj.bias - torch.Size([768]): 
PretrainedInit: load from https://download.openmmlab.com/mmpretrain/v1.0/dinov2/vit-base-p14_dinov2-pre_3rdparty_20230426-ba246503.pth 

backbone.layers.5.attn.gamma1.weight - torch.Size([768]): 
PretrainedInit: load from https://download.openmmlab.com/mmpretrain/v1.0/dinov2/vit-base-p14_dinov2-pre_3rdparty_20230426-ba246503.pth 

backbone.layers.5.ln2.weight - torch.Size([768]): 
PretrainedInit: load from https://download.openmmlab.com/mmpretrain/v1.0/dinov2/vit-base-p14_dinov2-pre_3rdparty_20230426-ba246503.pth 

backbone.layers.5.ln2.bias - torch.Size([768]): 
PretrainedInit: load from https://download.openmmlab.com/mmpretrain/v1.0/dinov2/vit-base-p14_dinov2-pre_3rdparty_20230426-ba246503.pth 

backbone.layers.5.ffn.layers.0.0.weight - torch.Size([3072, 768]): 
PretrainedInit: load from https://download.openmmlab.com/mmpretrain/v1.0/dinov2/vit-base-p14_dinov2-pre_3rdparty_20230426-ba246503.pth 

backbone.layers.5.ffn.layers.0.0.bias - torch.Size([3072]): 
PretrainedInit: load from https://download.openmmlab.com/mmpretrain/v1.0/dinov2/vit-base-p14_dinov2-pre_3rdparty_20230426-ba246503.pth 

backbone.layers.5.ffn.layers.1.weight - torch.Size([768, 3072]): 
PretrainedInit: load from https://download.openmmlab.com/mmpretrain/v1.0/dinov2/vit-base-p14_dinov2-pre_3rdparty_20230426-ba246503.pth 

backbone.layers.5.ffn.layers.1.bias - torch.Size([768]): 
PretrainedInit: load from https://download.openmmlab.com/mmpretrain/v1.0/dinov2/vit-base-p14_dinov2-pre_3rdparty_20230426-ba246503.pth 

backbone.layers.5.ffn.gamma2.weight - torch.Size([768]): 
PretrainedInit: load from https://download.openmmlab.com/mmpretrain/v1.0/dinov2/vit-base-p14_dinov2-pre_3rdparty_20230426-ba246503.pth 

backbone.layers.6.ln1.weight - torch.Size([768]): 
PretrainedInit: load from https://download.openmmlab.com/mmpretrain/v1.0/dinov2/vit-base-p14_dinov2-pre_3rdparty_20230426-ba246503.pth 

backbone.layers.6.ln1.bias - torch.Size([768]): 
PretrainedInit: load from https://download.openmmlab.com/mmpretrain/v1.0/dinov2/vit-base-p14_dinov2-pre_3rdparty_20230426-ba246503.pth 

backbone.layers.6.attn.qkv.weight - torch.Size([2304, 768]): 
PretrainedInit: load from https://download.openmmlab.com/mmpretrain/v1.0/dinov2/vit-base-p14_dinov2-pre_3rdparty_20230426-ba246503.pth 

backbone.layers.6.attn.qkv.bias - torch.Size([2304]): 
PretrainedInit: load from https://download.openmmlab.com/mmpretrain/v1.0/dinov2/vit-base-p14_dinov2-pre_3rdparty_20230426-ba246503.pth 

backbone.layers.6.attn.proj.weight - torch.Size([768, 768]): 
PretrainedInit: load from https://download.openmmlab.com/mmpretrain/v1.0/dinov2/vit-base-p14_dinov2-pre_3rdparty_20230426-ba246503.pth 

backbone.layers.6.attn.proj.bias - torch.Size([768]): 
PretrainedInit: load from https://download.openmmlab.com/mmpretrain/v1.0/dinov2/vit-base-p14_dinov2-pre_3rdparty_20230426-ba246503.pth 

backbone.layers.6.attn.gamma1.weight - torch.Size([768]): 
PretrainedInit: load from https://download.openmmlab.com/mmpretrain/v1.0/dinov2/vit-base-p14_dinov2-pre_3rdparty_20230426-ba246503.pth 

backbone.layers.6.ln2.weight - torch.Size([768]): 
PretrainedInit: load from https://download.openmmlab.com/mmpretrain/v1.0/dinov2/vit-base-p14_dinov2-pre_3rdparty_20230426-ba246503.pth 

backbone.layers.6.ln2.bias - torch.Size([768]): 
PretrainedInit: load from https://download.openmmlab.com/mmpretrain/v1.0/dinov2/vit-base-p14_dinov2-pre_3rdparty_20230426-ba246503.pth 

backbone.layers.6.ffn.layers.0.0.weight - torch.Size([3072, 768]): 
PretrainedInit: load from https://download.openmmlab.com/mmpretrain/v1.0/dinov2/vit-base-p14_dinov2-pre_3rdparty_20230426-ba246503.pth 

backbone.layers.6.ffn.layers.0.0.bias - torch.Size([3072]): 
PretrainedInit: load from https://download.openmmlab.com/mmpretrain/v1.0/dinov2/vit-base-p14_dinov2-pre_3rdparty_20230426-ba246503.pth 

backbone.layers.6.ffn.layers.1.weight - torch.Size([768, 3072]): 
PretrainedInit: load from https://download.openmmlab.com/mmpretrain/v1.0/dinov2/vit-base-p14_dinov2-pre_3rdparty_20230426-ba246503.pth 

backbone.layers.6.ffn.layers.1.bias - torch.Size([768]): 
PretrainedInit: load from https://download.openmmlab.com/mmpretrain/v1.0/dinov2/vit-base-p14_dinov2-pre_3rdparty_20230426-ba246503.pth 

backbone.layers.6.ffn.gamma2.weight - torch.Size([768]): 
PretrainedInit: load from https://download.openmmlab.com/mmpretrain/v1.0/dinov2/vit-base-p14_dinov2-pre_3rdparty_20230426-ba246503.pth 

backbone.layers.7.ln1.weight - torch.Size([768]): 
PretrainedInit: load from https://download.openmmlab.com/mmpretrain/v1.0/dinov2/vit-base-p14_dinov2-pre_3rdparty_20230426-ba246503.pth 

backbone.layers.7.ln1.bias - torch.Size([768]): 
PretrainedInit: load from https://download.openmmlab.com/mmpretrain/v1.0/dinov2/vit-base-p14_dinov2-pre_3rdparty_20230426-ba246503.pth 

backbone.layers.7.attn.qkv.weight - torch.Size([2304, 768]): 
PretrainedInit: load from https://download.openmmlab.com/mmpretrain/v1.0/dinov2/vit-base-p14_dinov2-pre_3rdparty_20230426-ba246503.pth 

backbone.layers.7.attn.qkv.bias - torch.Size([2304]): 
PretrainedInit: load from https://download.openmmlab.com/mmpretrain/v1.0/dinov2/vit-base-p14_dinov2-pre_3rdparty_20230426-ba246503.pth 

backbone.layers.7.attn.proj.weight - torch.Size([768, 768]): 
PretrainedInit: load from https://download.openmmlab.com/mmpretrain/v1.0/dinov2/vit-base-p14_dinov2-pre_3rdparty_20230426-ba246503.pth 

backbone.layers.7.attn.proj.bias - torch.Size([768]): 
PretrainedInit: load from https://download.openmmlab.com/mmpretrain/v1.0/dinov2/vit-base-p14_dinov2-pre_3rdparty_20230426-ba246503.pth 

backbone.layers.7.attn.gamma1.weight - torch.Size([768]): 
PretrainedInit: load from https://download.openmmlab.com/mmpretrain/v1.0/dinov2/vit-base-p14_dinov2-pre_3rdparty_20230426-ba246503.pth 

backbone.layers.7.ln2.weight - torch.Size([768]): 
PretrainedInit: load from https://download.openmmlab.com/mmpretrain/v1.0/dinov2/vit-base-p14_dinov2-pre_3rdparty_20230426-ba246503.pth 

backbone.layers.7.ln2.bias - torch.Size([768]): 
PretrainedInit: load from https://download.openmmlab.com/mmpretrain/v1.0/dinov2/vit-base-p14_dinov2-pre_3rdparty_20230426-ba246503.pth 

backbone.layers.7.ffn.layers.0.0.weight - torch.Size([3072, 768]): 
PretrainedInit: load from https://download.openmmlab.com/mmpretrain/v1.0/dinov2/vit-base-p14_dinov2-pre_3rdparty_20230426-ba246503.pth 

backbone.layers.7.ffn.layers.0.0.bias - torch.Size([3072]): 
PretrainedInit: load from https://download.openmmlab.com/mmpretrain/v1.0/dinov2/vit-base-p14_dinov2-pre_3rdparty_20230426-ba246503.pth 

backbone.layers.7.ffn.layers.1.weight - torch.Size([768, 3072]): 
PretrainedInit: load from https://download.openmmlab.com/mmpretrain/v1.0/dinov2/vit-base-p14_dinov2-pre_3rdparty_20230426-ba246503.pth 

backbone.layers.7.ffn.layers.1.bias - torch.Size([768]): 
PretrainedInit: load from https://download.openmmlab.com/mmpretrain/v1.0/dinov2/vit-base-p14_dinov2-pre_3rdparty_20230426-ba246503.pth 

backbone.layers.7.ffn.gamma2.weight - torch.Size([768]): 
PretrainedInit: load from https://download.openmmlab.com/mmpretrain/v1.0/dinov2/vit-base-p14_dinov2-pre_3rdparty_20230426-ba246503.pth 

backbone.layers.8.ln1.weight - torch.Size([768]): 
PretrainedInit: load from https://download.openmmlab.com/mmpretrain/v1.0/dinov2/vit-base-p14_dinov2-pre_3rdparty_20230426-ba246503.pth 

backbone.layers.8.ln1.bias - torch.Size([768]): 
PretrainedInit: load from https://download.openmmlab.com/mmpretrain/v1.0/dinov2/vit-base-p14_dinov2-pre_3rdparty_20230426-ba246503.pth 

backbone.layers.8.attn.qkv.weight - torch.Size([2304, 768]): 
PretrainedInit: load from https://download.openmmlab.com/mmpretrain/v1.0/dinov2/vit-base-p14_dinov2-pre_3rdparty_20230426-ba246503.pth 

backbone.layers.8.attn.qkv.bias - torch.Size([2304]): 
PretrainedInit: load from https://download.openmmlab.com/mmpretrain/v1.0/dinov2/vit-base-p14_dinov2-pre_3rdparty_20230426-ba246503.pth 

backbone.layers.8.attn.proj.weight - torch.Size([768, 768]): 
PretrainedInit: load from https://download.openmmlab.com/mmpretrain/v1.0/dinov2/vit-base-p14_dinov2-pre_3rdparty_20230426-ba246503.pth 

backbone.layers.8.attn.proj.bias - torch.Size([768]): 
PretrainedInit: load from https://download.openmmlab.com/mmpretrain/v1.0/dinov2/vit-base-p14_dinov2-pre_3rdparty_20230426-ba246503.pth 

backbone.layers.8.attn.gamma1.weight - torch.Size([768]): 
PretrainedInit: load from https://download.openmmlab.com/mmpretrain/v1.0/dinov2/vit-base-p14_dinov2-pre_3rdparty_20230426-ba246503.pth 

backbone.layers.8.ln2.weight - torch.Size([768]): 
PretrainedInit: load from https://download.openmmlab.com/mmpretrain/v1.0/dinov2/vit-base-p14_dinov2-pre_3rdparty_20230426-ba246503.pth 

backbone.layers.8.ln2.bias - torch.Size([768]): 
PretrainedInit: load from https://download.openmmlab.com/mmpretrain/v1.0/dinov2/vit-base-p14_dinov2-pre_3rdparty_20230426-ba246503.pth 

backbone.layers.8.ffn.layers.0.0.weight - torch.Size([3072, 768]): 
PretrainedInit: load from https://download.openmmlab.com/mmpretrain/v1.0/dinov2/vit-base-p14_dinov2-pre_3rdparty_20230426-ba246503.pth 

backbone.layers.8.ffn.layers.0.0.bias - torch.Size([3072]): 
PretrainedInit: load from https://download.openmmlab.com/mmpretrain/v1.0/dinov2/vit-base-p14_dinov2-pre_3rdparty_20230426-ba246503.pth 

backbone.layers.8.ffn.layers.1.weight - torch.Size([768, 3072]): 
PretrainedInit: load from https://download.openmmlab.com/mmpretrain/v1.0/dinov2/vit-base-p14_dinov2-pre_3rdparty_20230426-ba246503.pth 

backbone.layers.8.ffn.layers.1.bias - torch.Size([768]): 
PretrainedInit: load from https://download.openmmlab.com/mmpretrain/v1.0/dinov2/vit-base-p14_dinov2-pre_3rdparty_20230426-ba246503.pth 

backbone.layers.8.ffn.gamma2.weight - torch.Size([768]): 
PretrainedInit: load from https://download.openmmlab.com/mmpretrain/v1.0/dinov2/vit-base-p14_dinov2-pre_3rdparty_20230426-ba246503.pth 

backbone.layers.9.ln1.weight - torch.Size([768]): 
PretrainedInit: load from https://download.openmmlab.com/mmpretrain/v1.0/dinov2/vit-base-p14_dinov2-pre_3rdparty_20230426-ba246503.pth 

backbone.layers.9.ln1.bias - torch.Size([768]): 
PretrainedInit: load from https://download.openmmlab.com/mmpretrain/v1.0/dinov2/vit-base-p14_dinov2-pre_3rdparty_20230426-ba246503.pth 

backbone.layers.9.attn.qkv.weight - torch.Size([2304, 768]): 
PretrainedInit: load from https://download.openmmlab.com/mmpretrain/v1.0/dinov2/vit-base-p14_dinov2-pre_3rdparty_20230426-ba246503.pth 

backbone.layers.9.attn.qkv.bias - torch.Size([2304]): 
PretrainedInit: load from https://download.openmmlab.com/mmpretrain/v1.0/dinov2/vit-base-p14_dinov2-pre_3rdparty_20230426-ba246503.pth 

backbone.layers.9.attn.proj.weight - torch.Size([768, 768]): 
PretrainedInit: load from https://download.openmmlab.com/mmpretrain/v1.0/dinov2/vit-base-p14_dinov2-pre_3rdparty_20230426-ba246503.pth 

backbone.layers.9.attn.proj.bias - torch.Size([768]): 
PretrainedInit: load from https://download.openmmlab.com/mmpretrain/v1.0/dinov2/vit-base-p14_dinov2-pre_3rdparty_20230426-ba246503.pth 

backbone.layers.9.attn.gamma1.weight - torch.Size([768]): 
PretrainedInit: load from https://download.openmmlab.com/mmpretrain/v1.0/dinov2/vit-base-p14_dinov2-pre_3rdparty_20230426-ba246503.pth 

backbone.layers.9.ln2.weight - torch.Size([768]): 
PretrainedInit: load from https://download.openmmlab.com/mmpretrain/v1.0/dinov2/vit-base-p14_dinov2-pre_3rdparty_20230426-ba246503.pth 

backbone.layers.9.ln2.bias - torch.Size([768]): 
PretrainedInit: load from https://download.openmmlab.com/mmpretrain/v1.0/dinov2/vit-base-p14_dinov2-pre_3rdparty_20230426-ba246503.pth 

backbone.layers.9.ffn.layers.0.0.weight - torch.Size([3072, 768]): 
PretrainedInit: load from https://download.openmmlab.com/mmpretrain/v1.0/dinov2/vit-base-p14_dinov2-pre_3rdparty_20230426-ba246503.pth 

backbone.layers.9.ffn.layers.0.0.bias - torch.Size([3072]): 
PretrainedInit: load from https://download.openmmlab.com/mmpretrain/v1.0/dinov2/vit-base-p14_dinov2-pre_3rdparty_20230426-ba246503.pth 

backbone.layers.9.ffn.layers.1.weight - torch.Size([768, 3072]): 
PretrainedInit: load from https://download.openmmlab.com/mmpretrain/v1.0/dinov2/vit-base-p14_dinov2-pre_3rdparty_20230426-ba246503.pth 

backbone.layers.9.ffn.layers.1.bias - torch.Size([768]): 
PretrainedInit: load from https://download.openmmlab.com/mmpretrain/v1.0/dinov2/vit-base-p14_dinov2-pre_3rdparty_20230426-ba246503.pth 

backbone.layers.9.ffn.gamma2.weight - torch.Size([768]): 
PretrainedInit: load from https://download.openmmlab.com/mmpretrain/v1.0/dinov2/vit-base-p14_dinov2-pre_3rdparty_20230426-ba246503.pth 

backbone.layers.10.ln1.weight - torch.Size([768]): 
PretrainedInit: load from https://download.openmmlab.com/mmpretrain/v1.0/dinov2/vit-base-p14_dinov2-pre_3rdparty_20230426-ba246503.pth 

backbone.layers.10.ln1.bias - torch.Size([768]): 
PretrainedInit: load from https://download.openmmlab.com/mmpretrain/v1.0/dinov2/vit-base-p14_dinov2-pre_3rdparty_20230426-ba246503.pth 

backbone.layers.10.attn.qkv.weight - torch.Size([2304, 768]): 
PretrainedInit: load from https://download.openmmlab.com/mmpretrain/v1.0/dinov2/vit-base-p14_dinov2-pre_3rdparty_20230426-ba246503.pth 

backbone.layers.10.attn.qkv.bias - torch.Size([2304]): 
PretrainedInit: load from https://download.openmmlab.com/mmpretrain/v1.0/dinov2/vit-base-p14_dinov2-pre_3rdparty_20230426-ba246503.pth 

backbone.layers.10.attn.proj.weight - torch.Size([768, 768]): 
PretrainedInit: load from https://download.openmmlab.com/mmpretrain/v1.0/dinov2/vit-base-p14_dinov2-pre_3rdparty_20230426-ba246503.pth 

backbone.layers.10.attn.proj.bias - torch.Size([768]): 
PretrainedInit: load from https://download.openmmlab.com/mmpretrain/v1.0/dinov2/vit-base-p14_dinov2-pre_3rdparty_20230426-ba246503.pth 

backbone.layers.10.attn.gamma1.weight - torch.Size([768]): 
PretrainedInit: load from https://download.openmmlab.com/mmpretrain/v1.0/dinov2/vit-base-p14_dinov2-pre_3rdparty_20230426-ba246503.pth 

backbone.layers.10.ln2.weight - torch.Size([768]): 
PretrainedInit: load from https://download.openmmlab.com/mmpretrain/v1.0/dinov2/vit-base-p14_dinov2-pre_3rdparty_20230426-ba246503.pth 

backbone.layers.10.ln2.bias - torch.Size([768]): 
PretrainedInit: load from https://download.openmmlab.com/mmpretrain/v1.0/dinov2/vit-base-p14_dinov2-pre_3rdparty_20230426-ba246503.pth 

backbone.layers.10.ffn.layers.0.0.weight - torch.Size([3072, 768]): 
PretrainedInit: load from https://download.openmmlab.com/mmpretrain/v1.0/dinov2/vit-base-p14_dinov2-pre_3rdparty_20230426-ba246503.pth 

backbone.layers.10.ffn.layers.0.0.bias - torch.Size([3072]): 
PretrainedInit: load from https://download.openmmlab.com/mmpretrain/v1.0/dinov2/vit-base-p14_dinov2-pre_3rdparty_20230426-ba246503.pth 

backbone.layers.10.ffn.layers.1.weight - torch.Size([768, 3072]): 
PretrainedInit: load from https://download.openmmlab.com/mmpretrain/v1.0/dinov2/vit-base-p14_dinov2-pre_3rdparty_20230426-ba246503.pth 

backbone.layers.10.ffn.layers.1.bias - torch.Size([768]): 
PretrainedInit: load from https://download.openmmlab.com/mmpretrain/v1.0/dinov2/vit-base-p14_dinov2-pre_3rdparty_20230426-ba246503.pth 

backbone.layers.10.ffn.gamma2.weight - torch.Size([768]): 
PretrainedInit: load from https://download.openmmlab.com/mmpretrain/v1.0/dinov2/vit-base-p14_dinov2-pre_3rdparty_20230426-ba246503.pth 

backbone.layers.11.ln1.weight - torch.Size([768]): 
PretrainedInit: load from https://download.openmmlab.com/mmpretrain/v1.0/dinov2/vit-base-p14_dinov2-pre_3rdparty_20230426-ba246503.pth 

backbone.layers.11.ln1.bias - torch.Size([768]): 
PretrainedInit: load from https://download.openmmlab.com/mmpretrain/v1.0/dinov2/vit-base-p14_dinov2-pre_3rdparty_20230426-ba246503.pth 

backbone.layers.11.attn.qkv.weight - torch.Size([2304, 768]): 
PretrainedInit: load from https://download.openmmlab.com/mmpretrain/v1.0/dinov2/vit-base-p14_dinov2-pre_3rdparty_20230426-ba246503.pth 

backbone.layers.11.attn.qkv.bias - torch.Size([2304]): 
PretrainedInit: load from https://download.openmmlab.com/mmpretrain/v1.0/dinov2/vit-base-p14_dinov2-pre_3rdparty_20230426-ba246503.pth 

backbone.layers.11.attn.proj.weight - torch.Size([768, 768]): 
PretrainedInit: load from https://download.openmmlab.com/mmpretrain/v1.0/dinov2/vit-base-p14_dinov2-pre_3rdparty_20230426-ba246503.pth 

backbone.layers.11.attn.proj.bias - torch.Size([768]): 
PretrainedInit: load from https://download.openmmlab.com/mmpretrain/v1.0/dinov2/vit-base-p14_dinov2-pre_3rdparty_20230426-ba246503.pth 

backbone.layers.11.attn.gamma1.weight - torch.Size([768]): 
PretrainedInit: load from https://download.openmmlab.com/mmpretrain/v1.0/dinov2/vit-base-p14_dinov2-pre_3rdparty_20230426-ba246503.pth 

backbone.layers.11.ln2.weight - torch.Size([768]): 
PretrainedInit: load from https://download.openmmlab.com/mmpretrain/v1.0/dinov2/vit-base-p14_dinov2-pre_3rdparty_20230426-ba246503.pth 

backbone.layers.11.ln2.bias - torch.Size([768]): 
PretrainedInit: load from https://download.openmmlab.com/mmpretrain/v1.0/dinov2/vit-base-p14_dinov2-pre_3rdparty_20230426-ba246503.pth 

backbone.layers.11.ffn.layers.0.0.weight - torch.Size([3072, 768]): 
PretrainedInit: load from https://download.openmmlab.com/mmpretrain/v1.0/dinov2/vit-base-p14_dinov2-pre_3rdparty_20230426-ba246503.pth 

backbone.layers.11.ffn.layers.0.0.bias - torch.Size([3072]): 
PretrainedInit: load from https://download.openmmlab.com/mmpretrain/v1.0/dinov2/vit-base-p14_dinov2-pre_3rdparty_20230426-ba246503.pth 

backbone.layers.11.ffn.layers.1.weight - torch.Size([768, 3072]): 
PretrainedInit: load from https://download.openmmlab.com/mmpretrain/v1.0/dinov2/vit-base-p14_dinov2-pre_3rdparty_20230426-ba246503.pth 

backbone.layers.11.ffn.layers.1.bias - torch.Size([768]): 
PretrainedInit: load from https://download.openmmlab.com/mmpretrain/v1.0/dinov2/vit-base-p14_dinov2-pre_3rdparty_20230426-ba246503.pth 

backbone.layers.11.ffn.gamma2.weight - torch.Size([768]): 
PretrainedInit: load from https://download.openmmlab.com/mmpretrain/v1.0/dinov2/vit-base-p14_dinov2-pre_3rdparty_20230426-ba246503.pth 

backbone.ln1.weight - torch.Size([768]): 
PretrainedInit: load from https://download.openmmlab.com/mmpretrain/v1.0/dinov2/vit-base-p14_dinov2-pre_3rdparty_20230426-ba246503.pth 

backbone.ln1.bias - torch.Size([768]): 
PretrainedInit: load from https://download.openmmlab.com/mmpretrain/v1.0/dinov2/vit-base-p14_dinov2-pre_3rdparty_20230426-ba246503.pth 

head.layers.head.weight - torch.Size([2, 768]): 
ConstantInit: val=0, bias=0 

head.layers.head.bias - torch.Size([2]): 
ConstantInit: val=0, bias=0 
2024/06/25 16:40:53 - mmengine - WARNING - "FileClient" will be deprecated in future. Please use io functions in https://mmengine.readthedocs.io/en/latest/api/fileio.html#file-io
2024/06/25 16:40:53 - mmengine - WARNING - "HardDiskBackend" is the alias of "LocalBackend" and the former will be deprecated in future.
2024/06/25 16:40:53 - mmengine - INFO - Checkpoints will be saved to /root/weed-detection/work_dirs/binary.
2024/06/25 16:42:01 - mmengine - INFO - Epoch(train)  [1][ 25/384]  base_lr: 1.0000e-04 lr: 1.0000e-04  eta: 3:26:36  time: 1.3597  data_time: 0.0023  memory: 32309  loss: 0.3708
2024/06/25 16:42:33 - mmengine - INFO - Epoch(train)  [1][ 50/384]  base_lr: 1.0000e-04 lr: 1.0000e-04  eta: 2:30:58  time: 1.2680  data_time: 0.0013  memory: 32309  loss: 0.2099
2024/06/25 16:43:04 - mmengine - INFO - Epoch(train)  [1][ 75/384]  base_lr: 1.0000e-04 lr: 1.0000e-04  eta: 2:12:12  time: 1.2786  data_time: 0.0032  memory: 32309  loss: 0.1571
2024/06/25 16:43:54 - mmengine - INFO - Epoch(train)  [1][100/384]  base_lr: 1.0000e-04 lr: 1.0000e-04  eta: 2:15:37  time: 1.2741  data_time: 0.0021  memory: 32309  loss: 0.1218
2024/06/25 16:44:50 - mmengine - INFO - Epoch(train)  [1][125/384]  base_lr: 1.0000e-04 lr: 1.0000e-04  eta: 2:21:24  time: 1.2740  data_time: 0.0023  memory: 32309  loss: 0.1053
2024/06/25 16:45:45 - mmengine - INFO - Epoch(train)  [1][150/384]  base_lr: 1.0000e-04 lr: 1.0000e-04  eta: 2:24:45  time: 3.6513  data_time: 2.3821  memory: 32309  loss: 0.0883
2024/06/25 16:46:38 - mmengine - INFO - Epoch(train)  [1][175/384]  base_lr: 1.0000e-04 lr: 1.0000e-04  eta: 2:25:46  time: 3.3950  data_time: 2.1254  memory: 32309  loss: 0.0791
2024/06/25 16:47:35 - mmengine - INFO - Epoch(train)  [1][200/384]  base_lr: 1.0000e-04 lr: 1.0000e-04  eta: 2:27:32  time: 3.7225  data_time: 2.4515  memory: 32309  loss: 0.0723
2024/06/25 16:48:31 - mmengine - INFO - Epoch(train)  [1][225/384]  base_lr: 1.0000e-04 lr: 1.0000e-04  eta: 2:28:33  time: 3.6636  data_time: 2.3943  memory: 32309  loss: 0.0633
2024/06/25 16:49:03 - mmengine - INFO - Epoch(train)  [1][250/384]  base_lr: 1.0000e-04 lr: 1.0000e-04  eta: 2:22:18  time: 1.2820  data_time: 0.0038  memory: 32309  loss: 0.0595
2024/06/25 16:50:00 - mmengine - INFO - Epoch(train)  [1][275/384]  base_lr: 1.0000e-04 lr: 1.0000e-04  eta: 2:23:29  time: 1.3107  data_time: 0.0032  memory: 32309  loss: 0.0532
2024/06/25 16:51:01 - mmengine - INFO - Epoch(train)  [1][300/384]  base_lr: 1.0000e-04 lr: 1.0000e-04  eta: 2:25:32  time: 1.2805  data_time: 0.0032  memory: 32309  loss: 0.0526
2024/06/25 16:51:59 - mmengine - INFO - Epoch(train)  [1][325/384]  base_lr: 1.0000e-04 lr: 1.0000e-04  eta: 2:26:10  time: 1.2799  data_time: 0.0033  memory: 32309  loss: 0.0488
2024/06/25 16:52:52 - mmengine - INFO - Epoch(train)  [1][350/384]  base_lr: 1.0000e-04 lr: 1.0000e-04  eta: 2:25:45  time: 1.2778  data_time: 0.0023  memory: 32309  loss: 0.0439
2024/06/25 16:53:50 - mmengine - INFO - Epoch(train)  [1][375/384]  base_lr: 1.0000e-04 lr: 1.0000e-04  eta: 2:26:13  time: 1.7777  data_time: 0.5092  memory: 32309  loss: 0.0402
2024/06/25 16:54:01 - mmengine - INFO - Exp name: binary_20240625_164050
2024/06/25 16:54:01 - mmengine - INFO - Saving checkpoint at 1 epochs
2024/06/25 16:56:23 - mmengine - INFO - Epoch(val) [1][11/11]    accuracy/top1: 98.8329  single-label/precision: 97.2659  single-label/recall: 77.7656  data_time: 5.2287  time: 12.7449
2024/06/25 16:57:37 - mmengine - INFO - Epoch(train)  [2][ 25/384]  base_lr: 9.9384e-05 lr: 9.9384e-05  eta: 2:27:24  time: 1.2700  data_time: 0.0018  memory: 48749  loss: 0.0387
2024/06/25 16:58:18 - mmengine - INFO - Epoch(train)  [2][ 50/384]  base_lr: 9.9384e-05 lr: 9.9384e-05  eta: 2:24:42  time: 1.3066  data_time: 0.0035  memory: 32309  loss: 0.0396
2024/06/25 16:58:54 - mmengine - INFO - Epoch(train)  [2][ 75/384]  base_lr: 9.9384e-05 lr: 9.9384e-05  eta: 2:21:28  time: 1.3228  data_time: 0.0093  memory: 32309  loss: 0.0376
2024/06/25 16:59:34 - mmengine - INFO - Epoch(train)  [2][100/384]  base_lr: 9.9384e-05 lr: 9.9384e-05  eta: 2:18:55  time: 1.2701  data_time: 0.0015  memory: 32309  loss: 0.0335
2024/06/25 17:00:11 - mmengine - INFO - Epoch(train)  [2][125/384]  base_lr: 9.9384e-05 lr: 9.9384e-05  eta: 2:16:18  time: 1.8200  data_time: 0.5454  memory: 32309  loss: 0.0361
2024/06/25 17:00:52 - mmengine - INFO - Epoch(train)  [2][150/384]  base_lr: 9.9384e-05 lr: 9.9384e-05  eta: 2:14:19  time: 2.1677  data_time: 0.8994  memory: 32309  loss: 0.0314
2024/06/25 17:01:35 - mmengine - INFO - Epoch(train)  [2][175/384]  base_lr: 9.9384e-05 lr: 9.9384e-05  eta: 2:12:42  time: 2.3810  data_time: 1.1115  memory: 32309  loss: 0.0307
2024/06/25 17:02:19 - mmengine - INFO - Epoch(train)  [2][200/384]  base_lr: 9.9384e-05 lr: 9.9384e-05  eta: 2:11:23  time: 2.5676  data_time: 1.2956  memory: 32309  loss: 0.0302
2024/06/25 17:02:51 - mmengine - INFO - Epoch(train)  [2][225/384]  base_lr: 9.9384e-05 lr: 9.9384e-05  eta: 2:08:42  time: 1.2722  data_time: 0.0017  memory: 32309  loss: 0.0305
2024/06/25 17:03:39 - mmengine - INFO - Epoch(train)  [2][250/384]  base_lr: 9.9384e-05 lr: 9.9384e-05  eta: 2:07:51  time: 1.2702  data_time: 0.0015  memory: 32309  loss: 0.0282
2024/06/25 17:04:31 - mmengine - INFO - Epoch(train)  [2][275/384]  base_lr: 9.9384e-05 lr: 9.9384e-05  eta: 2:07:23  time: 1.2809  data_time: 0.0029  memory: 32309  loss: 0.0265
2024/06/25 17:05:19 - mmengine - INFO - Epoch(train)  [2][300/384]  base_lr: 9.9384e-05 lr: 9.9384e-05  eta: 2:06:35  time: 1.2742  data_time: 0.0018  memory: 32309  loss: 0.0287
2024/06/25 17:06:08 - mmengine - INFO - Epoch(train)  [2][325/384]  base_lr: 9.9384e-05 lr: 9.9384e-05  eta: 2:05:49  time: 1.2783  data_time: 0.0032  memory: 32309  loss: 0.0256
2024/06/25 17:06:57 - mmengine - INFO - Epoch(train)  [2][350/384]  base_lr: 9.9384e-05 lr: 9.9384e-05  eta: 2:05:05  time: 1.5009  data_time: 0.2281  memory: 32309  loss: 0.0258
2024/06/25 17:07:46 - mmengine - INFO - Epoch(train)  [2][375/384]  base_lr: 9.9384e-05 lr: 9.9384e-05  eta: 2:04:16  time: 2.9254  data_time: 1.6560  memory: 32309  loss: 0.0273
2024/06/25 17:07:57 - mmengine - INFO - Exp name: binary_20240625_164050
2024/06/25 17:07:57 - mmengine - INFO - Saving checkpoint at 2 epochs
2024/06/25 17:10:19 - mmengine - INFO - Epoch(val) [2][11/11]    accuracy/top1: 99.2549  single-label/precision: 96.7249  single-label/recall: 87.3048  data_time: 5.0187  time: 12.3711
2024/06/25 17:11:32 - mmengine - INFO - Epoch(train)  [3][ 25/384]  base_lr: 9.7553e-05 lr: 9.7553e-05  eta: 2:04:34  time: 1.2732  data_time: 0.0026  memory: 48749  loss: 0.0247
2024/06/25 17:12:23 - mmengine - INFO - Epoch(train)  [3][ 50/384]  base_lr: 9.7553e-05 lr: 9.7553e-05  eta: 2:03:57  time: 2.4347  data_time: 1.1489  memory: 32309  loss: 0.0248
2024/06/25 17:12:55 - mmengine - INFO - Epoch(train)  [3][ 75/384]  base_lr: 9.7553e-05 lr: 9.7553e-05  eta: 2:01:51  time: 1.2737  data_time: 0.0018  memory: 32309  loss: 0.0235
2024/06/25 17:13:33 - mmengine - INFO - Epoch(train)  [3][100/384]  base_lr: 9.7553e-05 lr: 9.7553e-05  eta: 2:00:19  time: 1.3069  data_time: 0.0075  memory: 32309  loss: 0.0218
2024/06/25 17:14:09 - mmengine - INFO - Epoch(train)  [3][125/384]  base_lr: 9.7553e-05 lr: 9.7553e-05  eta: 1:58:37  time: 1.2753  data_time: 0.0021  memory: 32309  loss: 0.0251
2024/06/25 17:14:46 - mmengine - INFO - Epoch(train)  [3][150/384]  base_lr: 9.7553e-05 lr: 9.7553e-05  eta: 1:57:07  time: 1.2723  data_time: 0.0016  memory: 32309  loss: 0.0220
2024/06/25 17:15:24 - mmengine - INFO - Epoch(train)  [3][175/384]  base_lr: 9.7553e-05 lr: 9.7553e-05  eta: 1:55:41  time: 1.2740  data_time: 0.0017  memory: 32309  loss: 0.0224
2024/06/25 17:16:04 - mmengine - INFO - Epoch(train)  [3][200/384]  base_lr: 9.7553e-05 lr: 9.7553e-05  eta: 1:54:27  time: 1.2920  data_time: 0.0041  memory: 32309  loss: 0.0213
2024/06/25 17:16:42 - mmengine - INFO - Epoch(train)  [3][225/384]  base_lr: 9.7553e-05 lr: 9.7553e-05  eta: 1:53:05  time: 1.8187  data_time: 0.5462  memory: 32309  loss: 0.0215
2024/06/25 17:16:51 - mmengine - INFO - Exp name: binary_20240625_164050
2024/06/25 17:17:24 - mmengine - INFO - Epoch(train)  [3][250/384]  base_lr: 9.7553e-05 lr: 9.7553e-05  eta: 1:52:01  time: 2.3022  data_time: 1.0270  memory: 32309  loss: 0.0217
2024/06/25 17:18:10 - mmengine - INFO - Epoch(train)  [3][275/384]  base_lr: 9.7553e-05 lr: 9.7553e-05  eta: 1:51:11  time: 2.6201  data_time: 1.3439  memory: 32309  loss: 0.0205
2024/06/25 17:18:46 - mmengine - INFO - Epoch(train)  [3][300/384]  base_lr: 9.7553e-05 lr: 9.7553e-05  eta: 1:49:50  time: 1.2780  data_time: 0.0028  memory: 32309  loss: 0.0200
2024/06/25 17:19:35 - mmengine - INFO - Epoch(train)  [3][325/384]  base_lr: 9.7553e-05 lr: 9.7553e-05  eta: 1:49:10  time: 1.2788  data_time: 0.0030  memory: 32309  loss: 0.0221
2024/06/25 17:20:23 - mmengine - INFO - Epoch(train)  [3][350/384]  base_lr: 9.7553e-05 lr: 9.7553e-05  eta: 1:48:29  time: 1.3002  data_time: 0.0027  memory: 32309  loss: 0.0193
2024/06/25 17:21:10 - mmengine - INFO - Epoch(train)  [3][375/384]  base_lr: 9.7553e-05 lr: 9.7553e-05  eta: 1:47:42  time: 1.2998  data_time: 0.0018  memory: 32309  loss: 0.0182
2024/06/25 17:21:21 - mmengine - INFO - Exp name: binary_20240625_164050
2024/06/25 17:21:21 - mmengine - INFO - Saving checkpoint at 3 epochs
2024/06/25 17:23:34 - mmengine - INFO - Epoch(val) [3][11/11]    accuracy/top1: 99.3985  single-label/precision: 96.8157  single-label/recall: 90.3688  data_time: 4.2219  time: 11.5253
2024/06/25 17:24:54 - mmengine - INFO - Epoch(train)  [4][ 25/384]  base_lr: 9.4550e-05 lr: 9.4550e-05  eta: 1:47:58  time: 1.2878  data_time: 0.0046  memory: 48749  loss: 0.0207
2024/06/25 17:25:32 - mmengine - INFO - Epoch(train)  [4][ 50/384]  base_lr: 9.4550e-05 lr: 9.4550e-05  eta: 1:46:45  time: 1.8929  data_time: 0.6245  memory: 32309  loss: 0.0166
2024/06/25 17:26:22 - mmengine - INFO - Epoch(train)  [4][ 75/384]  base_lr: 9.4550e-05 lr: 9.4550e-05  eta: 1:46:07  time: 3.0925  data_time: 1.8163  memory: 32309  loss: 0.0166
2024/06/25 17:26:59 - mmengine - INFO - Epoch(train)  [4][100/384]  base_lr: 9.4550e-05 lr: 9.4550e-05  eta: 1:44:52  time: 1.7683  data_time: 0.4935  memory: 32309  loss: 0.0172
2024/06/25 17:27:34 - mmengine - INFO - Epoch(train)  [4][125/384]  base_lr: 9.4550e-05 lr: 9.4550e-05  eta: 1:43:35  time: 1.6097  data_time: 0.3380  memory: 32309  loss: 0.0171
2024/06/25 17:28:06 - mmengine - INFO - Epoch(train)  [4][150/384]  base_lr: 9.4550e-05 lr: 9.4550e-05  eta: 1:42:12  time: 1.2745  data_time: 0.0017  memory: 32309  loss: 0.0186
2024/06/25 17:28:45 - mmengine - INFO - Epoch(train)  [4][175/384]  base_lr: 9.4550e-05 lr: 9.4550e-05  eta: 1:41:06  time: 1.2737  data_time: 0.0018  memory: 32309  loss: 0.0177
2024/06/25 17:29:27 - mmengine - INFO - Epoch(train)  [4][200/384]  base_lr: 9.4550e-05 lr: 9.4550e-05  eta: 1:40:11  time: 1.2734  data_time: 0.0020  memory: 32309  loss: 0.0162
2024/06/25 17:30:10 - mmengine - INFO - Epoch(train)  [4][225/384]  base_lr: 9.4550e-05 lr: 9.4550e-05  eta: 1:39:17  time: 1.2727  data_time: 0.0016  memory: 32309  loss: 0.0170
2024/06/25 17:30:56 - mmengine - INFO - Epoch(train)  [4][250/384]  base_lr: 9.4550e-05 lr: 9.4550e-05  eta: 1:38:29  time: 1.2731  data_time: 0.0018  memory: 32309  loss: 0.0173
2024/06/25 17:31:43 - mmengine - INFO - Epoch(train)  [4][275/384]  base_lr: 9.4550e-05 lr: 9.4550e-05  eta: 1:37:47  time: 1.2704  data_time: 0.0017  memory: 32309  loss: 0.0173
2024/06/25 17:32:32 - mmengine - INFO - Epoch(train)  [4][300/384]  base_lr: 9.4550e-05 lr: 9.4550e-05  eta: 1:37:07  time: 2.9575  data_time: 1.6823  memory: 32309  loss: 0.0182
2024/06/25 17:33:21 - mmengine - INFO - Epoch(train)  [4][325/384]  base_lr: 9.4550e-05 lr: 9.4550e-05  eta: 1:36:25  time: 2.9419  data_time: 1.6726  memory: 32309  loss: 0.0158
2024/06/25 17:34:06 - mmengine - INFO - Epoch(train)  [4][350/384]  base_lr: 9.4550e-05 lr: 9.4550e-05  eta: 1:35:37  time: 2.6114  data_time: 1.3420  memory: 32309  loss: 0.0156
2024/06/25 17:34:38 - mmengine - INFO - Epoch(train)  [4][375/384]  base_lr: 9.4550e-05 lr: 9.4550e-05  eta: 1:34:22  time: 1.2709  data_time: 0.0018  memory: 32309  loss: 0.0147
2024/06/25 17:35:06 - mmengine - INFO - Exp name: binary_20240625_164050
2024/06/25 17:35:06 - mmengine - INFO - Saving checkpoint at 4 epochs
2024/06/25 17:37:29 - mmengine - INFO - Epoch(val) [4][11/11]    accuracy/top1: 99.4254  single-label/precision: 96.5144  single-label/recall: 91.2621  data_time: 5.0460  time: 12.3722
2024/06/25 17:38:45 - mmengine - INFO - Epoch(train)  [5][ 25/384]  base_lr: 9.0451e-05 lr: 9.0451e-05  eta: 1:34:42  time: 1.2907  data_time: 0.0056  memory: 48749  loss: 0.0174
2024/06/25 17:39:19 - mmengine - INFO - Epoch(train)  [5][ 50/384]  base_lr: 9.0451e-05 lr: 9.0451e-05  eta: 1:33:31  time: 1.2720  data_time: 0.0016  memory: 32309  loss: 0.0144
2024/06/25 17:39:57 - mmengine - INFO - Epoch(train)  [5][ 75/384]  base_lr: 9.0451e-05 lr: 9.0451e-05  eta: 1:32:28  time: 1.2769  data_time: 0.0030  memory: 32309  loss: 0.0170
2024/06/25 17:40:31 - mmengine - INFO - Epoch(train)  [5][100/384]  base_lr: 9.0451e-05 lr: 9.0451e-05  eta: 1:31:20  time: 1.2714  data_time: 0.0015  memory: 32309  loss: 0.0148
2024/06/25 17:41:07 - mmengine - INFO - Epoch(train)  [5][125/384]  base_lr: 9.0451e-05 lr: 9.0451e-05  eta: 1:30:17  time: 1.3113  data_time: 0.0412  memory: 32309  loss: 0.0148
2024/06/25 17:41:46 - mmengine - INFO - Epoch(train)  [5][150/384]  base_lr: 9.0451e-05 lr: 9.0451e-05  eta: 1:29:18  time: 1.9320  data_time: 0.6607  memory: 32309  loss: 0.0147
2024/06/25 17:42:25 - mmengine - INFO - Epoch(train)  [5][175/384]  base_lr: 9.0451e-05 lr: 9.0451e-05  eta: 1:28:20  time: 1.9832  data_time: 0.7104  memory: 32309  loss: 0.0154
2024/06/25 17:43:07 - mmengine - INFO - Epoch(train)  [5][200/384]  base_lr: 9.0451e-05 lr: 9.0451e-05  eta: 1:27:28  time: 2.2828  data_time: 1.0102  memory: 32309  loss: 0.0138
2024/06/25 17:43:47 - mmengine - INFO - Epoch(train)  [5][225/384]  base_lr: 9.0451e-05 lr: 9.0451e-05  eta: 1:26:34  time: 2.1063  data_time: 0.8310  memory: 32309  loss: 0.0174
2024/06/25 17:44:22 - mmengine - INFO - Epoch(train)  [5][250/384]  base_lr: 9.0451e-05 lr: 9.0451e-05  eta: 1:25:31  time: 1.2770  data_time: 0.0025  memory: 32309  loss: 0.0151
2024/06/25 17:45:10 - mmengine - INFO - Epoch(train)  [5][275/384]  base_lr: 9.0451e-05 lr: 9.0451e-05  eta: 1:24:51  time: 1.2758  data_time: 0.0020  memory: 32309  loss: 0.0168
2024/06/25 17:46:00 - mmengine - INFO - Epoch(train)  [5][300/384]  base_lr: 9.0451e-05 lr: 9.0451e-05  eta: 1:24:11  time: 1.2840  data_time: 0.0039  memory: 32309  loss: 0.0138
2024/06/25 17:46:44 - mmengine - INFO - Epoch(train)  [5][325/384]  base_lr: 9.0451e-05 lr: 9.0451e-05  eta: 1:23:24  time: 1.2740  data_time: 0.0015  memory: 32309  loss: 0.0149
2024/06/25 17:47:30 - mmengine - INFO - Epoch(train)  [5][350/384]  base_lr: 9.0451e-05 lr: 9.0451e-05  eta: 1:22:39  time: 1.3899  data_time: 0.1162  memory: 32309  loss: 0.0149
2024/06/25 17:48:18 - mmengine - INFO - Epoch(train)  [5][375/384]  base_lr: 9.0451e-05 lr: 9.0451e-05  eta: 1:21:57  time: 1.2712  data_time: 0.0011  memory: 32309  loss: 0.0174
2024/06/25 17:48:29 - mmengine - INFO - Exp name: binary_20240625_164050
2024/06/25 17:48:29 - mmengine - INFO - Saving checkpoint at 5 epochs
2024/06/25 17:50:44 - mmengine - INFO - Epoch(val) [5][11/11]    accuracy/top1: 99.4793  single-label/precision: 96.2868  single-label/recall: 92.6969  data_time: 4.4213  time: 11.7480
2024/06/25 17:51:55 - mmengine - INFO - Epoch(train)  [6][ 25/384]  base_lr: 8.5355e-05 lr: 8.5355e-05  eta: 1:21:22  time: 1.2667  data_time: 0.0016  memory: 48749  loss: 0.0119
2024/06/25 17:52:32 - mmengine - INFO - Epoch(train)  [6][ 50/384]  base_lr: 8.5355e-05 lr: 8.5355e-05  eta: 1:20:24  time: 1.2705  data_time: 0.0016  memory: 32309  loss: 0.0147
2024/06/25 17:53:08 - mmengine - INFO - Epoch(train)  [6][ 75/384]  base_lr: 8.5355e-05 lr: 8.5355e-05  eta: 1:19:26  time: 1.2721  data_time: 0.0014  memory: 32309  loss: 0.0135
2024/06/25 17:53:15 - mmengine - INFO - Exp name: binary_20240625_164050
2024/06/25 17:53:44 - mmengine - INFO - Epoch(train)  [6][100/384]  base_lr: 8.5355e-05 lr: 8.5355e-05  eta: 1:18:28  time: 1.2812  data_time: 0.0034  memory: 32309  loss: 0.0156
2024/06/25 17:54:17 - mmengine - INFO - Epoch(train)  [6][125/384]  base_lr: 8.5355e-05 lr: 8.5355e-05  eta: 1:17:27  time: 1.2749  data_time: 0.0021  memory: 32309  loss: 0.0147
2024/06/25 17:54:57 - mmengine - INFO - Epoch(train)  [6][150/384]  base_lr: 8.5355e-05 lr: 8.5355e-05  eta: 1:16:35  time: 1.8397  data_time: 0.5639  memory: 32309  loss: 0.0147
2024/06/25 17:55:33 - mmengine - INFO - Epoch(train)  [6][175/384]  base_lr: 8.5355e-05 lr: 8.5355e-05  eta: 1:15:38  time: 1.6540  data_time: 0.3852  memory: 32309  loss: 0.0130
2024/06/25 17:56:11 - mmengine - INFO - Epoch(train)  [6][200/384]  base_lr: 8.5355e-05 lr: 8.5355e-05  eta: 1:14:45  time: 1.9440  data_time: 0.6736  memory: 32309  loss: 0.0137
2024/06/25 17:56:50 - mmengine - INFO - Epoch(train)  [6][225/384]  base_lr: 8.5355e-05 lr: 8.5355e-05  eta: 1:13:53  time: 1.5951  data_time: 0.3231  memory: 32309  loss: 0.0149
2024/06/25 17:57:31 - mmengine - INFO - Epoch(train)  [6][250/384]  base_lr: 8.5355e-05 lr: 8.5355e-05  eta: 1:13:04  time: 1.2740  data_time: 0.0028  memory: 32309  loss: 0.0153
2024/06/25 17:58:19 - mmengine - INFO - Epoch(train)  [6][275/384]  base_lr: 8.5355e-05 lr: 8.5355e-05  eta: 1:12:22  time: 1.2719  data_time: 0.0021  memory: 32309  loss: 0.0156
2024/06/25 17:59:09 - mmengine - INFO - Epoch(train)  [6][300/384]  base_lr: 8.5355e-05 lr: 8.5355e-05  eta: 1:11:42  time: 1.2761  data_time: 0.0029  memory: 32309  loss: 0.0145
2024/06/25 17:59:56 - mmengine - INFO - Epoch(train)  [6][325/384]  base_lr: 8.5355e-05 lr: 8.5355e-05  eta: 1:10:59  time: 1.2804  data_time: 0.0035  memory: 32309  loss: 0.0148
2024/06/25 18:00:45 - mmengine - INFO - Epoch(train)  [6][350/384]  base_lr: 8.5355e-05 lr: 8.5355e-05  eta: 1:10:19  time: 1.2745  data_time: 0.0021  memory: 32309  loss: 0.0141
2024/06/25 18:01:30 - mmengine - INFO - Epoch(train)  [6][375/384]  base_lr: 8.5355e-05 lr: 8.5355e-05  eta: 1:09:33  time: 1.2709  data_time: 0.0018  memory: 32309  loss: 0.0153
2024/06/25 18:01:41 - mmengine - INFO - Exp name: binary_20240625_164050
2024/06/25 18:01:41 - mmengine - INFO - Saving checkpoint at 6 epochs
2024/06/25 18:04:03 - mmengine - INFO - Epoch(val) [6][11/11]    accuracy/top1: 99.5152  single-label/precision: 96.6882  single-label/recall: 93.0671  data_time: 4.8805  time: 12.1854
2024/06/25 18:05:14 - mmengine - INFO - Epoch(train)  [7][ 25/384]  base_lr: 7.9389e-05 lr: 7.9389e-05  eta: 1:08:53  time: 1.2708  data_time: 0.0016  memory: 48749  loss: 0.0122
2024/06/25 18:05:49 - mmengine - INFO - Epoch(train)  [7][ 50/384]  base_lr: 7.9389e-05 lr: 7.9389e-05  eta: 1:07:58  time: 1.2723  data_time: 0.0016  memory: 32309  loss: 0.0129
2024/06/25 18:06:26 - mmengine - INFO - Epoch(train)  [7][ 75/384]  base_lr: 7.9389e-05 lr: 7.9389e-05  eta: 1:07:04  time: 1.2956  data_time: 0.0057  memory: 32309  loss: 0.0156
2024/06/25 18:07:06 - mmengine - INFO - Epoch(train)  [7][100/384]  base_lr: 7.9389e-05 lr: 7.9389e-05  eta: 1:06:15  time: 1.2753  data_time: 0.0020  memory: 32309  loss: 0.0125
2024/06/25 18:07:44 - mmengine - INFO - Epoch(train)  [7][125/384]  base_lr: 7.9389e-05 lr: 7.9389e-05  eta: 1:05:23  time: 1.8209  data_time: 0.5453  memory: 32309  loss: 0.0118
2024/06/25 18:08:22 - mmengine - INFO - Epoch(train)  [7][150/384]  base_lr: 7.9389e-05 lr: 7.9389e-05  eta: 1:04:32  time: 1.9070  data_time: 0.6259  memory: 32309  loss: 0.0106
2024/06/25 18:09:01 - mmengine - INFO - Epoch(train)  [7][175/384]  base_lr: 7.9389e-05 lr: 7.9389e-05  eta: 1:03:42  time: 1.9266  data_time: 0.6523  memory: 32309  loss: 0.0143
2024/06/25 18:09:33 - mmengine - INFO - Epoch(train)  [7][200/384]  base_lr: 7.9389e-05 lr: 7.9389e-05  eta: 1:02:46  time: 1.2756  data_time: 0.0021  memory: 32309  loss: 0.0155
2024/06/25 18:10:11 - mmengine - INFO - Epoch(train)  [7][225/384]  base_lr: 7.9389e-05 lr: 7.9389e-05  eta: 1:01:56  time: 1.2742  data_time: 0.0020  memory: 32309  loss: 0.0126
2024/06/25 18:10:55 - mmengine - INFO - Epoch(train)  [7][250/384]  base_lr: 7.9389e-05 lr: 7.9389e-05  eta: 1:01:10  time: 1.2749  data_time: 0.0024  memory: 32309  loss: 0.0121
2024/06/25 18:11:43 - mmengine - INFO - Epoch(train)  [7][275/384]  base_lr: 7.9389e-05 lr: 7.9389e-05  eta: 1:00:28  time: 1.2758  data_time: 0.0022  memory: 32309  loss: 0.0154
2024/06/25 18:12:30 - mmengine - INFO - Epoch(train)  [7][300/384]  base_lr: 7.9389e-05 lr: 7.9389e-05  eta: 0:59:45  time: 1.2698  data_time: 0.0015  memory: 32309  loss: 0.0144
2024/06/25 18:13:18 - mmengine - INFO - Epoch(train)  [7][325/384]  base_lr: 7.9389e-05 lr: 7.9389e-05  eta: 0:59:04  time: 1.2879  data_time: 0.0015  memory: 32309  loss: 0.0137
2024/06/25 18:14:06 - mmengine - INFO - Epoch(train)  [7][350/384]  base_lr: 7.9389e-05 lr: 7.9389e-05  eta: 0:58:21  time: 2.8295  data_time: 1.5597  memory: 32309  loss: 0.0114
2024/06/25 18:14:59 - mmengine - INFO - Epoch(train)  [7][375/384]  base_lr: 7.9389e-05 lr: 7.9389e-05  eta: 0:57:42  time: 3.3332  data_time: 2.0630  memory: 32309  loss: 0.0116
2024/06/25 18:15:10 - mmengine - INFO - Exp name: binary_20240625_164050
2024/06/25 18:15:10 - mmengine - INFO - Saving checkpoint at 7 epochs
2024/06/25 18:17:25 - mmengine - INFO - Epoch(val) [7][11/11]    accuracy/top1: 99.5152  single-label/precision: 96.6882  single-label/recall: 93.0671  data_time: 4.3970  time: 11.7052
2024/06/25 18:18:40 - mmengine - INFO - Epoch(train)  [8][ 25/384]  base_lr: 7.2700e-05 lr: 7.2700e-05  eta: 0:56:58  time: 1.2777  data_time: 0.0031  memory: 48749  loss: 0.0135
2024/06/25 18:19:13 - mmengine - INFO - Epoch(train)  [8][ 50/384]  base_lr: 7.2700e-05 lr: 7.2700e-05  eta: 0:56:05  time: 1.2699  data_time: 0.0015  memory: 32309  loss: 0.0135
2024/06/25 18:19:50 - mmengine - INFO - Epoch(train)  [8][ 75/384]  base_lr: 7.2700e-05 lr: 7.2700e-05  eta: 0:55:15  time: 1.2798  data_time: 0.0032  memory: 32309  loss: 0.0120
2024/06/25 18:20:22 - mmengine - INFO - Epoch(train)  [8][100/384]  base_lr: 7.2700e-05 lr: 7.2700e-05  eta: 0:54:21  time: 1.2726  data_time: 0.0016  memory: 32309  loss: 0.0106
2024/06/25 18:20:57 - mmengine - INFO - Epoch(train)  [8][125/384]  base_lr: 7.2700e-05 lr: 7.2700e-05  eta: 0:53:30  time: 1.2748  data_time: 0.0017  memory: 32309  loss: 0.0141
2024/06/25 18:21:32 - mmengine - INFO - Epoch(train)  [8][150/384]  base_lr: 7.2700e-05 lr: 7.2700e-05  eta: 0:52:39  time: 1.6606  data_time: 0.3878  memory: 32309  loss: 0.0150
2024/06/25 18:22:12 - mmengine - INFO - Epoch(train)  [8][175/384]  base_lr: 7.2700e-05 lr: 7.2700e-05  eta: 0:51:51  time: 2.0011  data_time: 0.7292  memory: 32309  loss: 0.0134
2024/06/25 18:22:48 - mmengine - INFO - Epoch(train)  [8][200/384]  base_lr: 7.2700e-05 lr: 7.2700e-05  eta: 0:51:02  time: 1.7113  data_time: 0.4324  memory: 32309  loss: 0.0110
2024/06/25 18:23:26 - mmengine - INFO - Epoch(train)  [8][225/384]  base_lr: 7.2700e-05 lr: 7.2700e-05  eta: 0:50:14  time: 1.8861  data_time: 0.6126  memory: 32309  loss: 0.0109
2024/06/25 18:24:02 - mmengine - INFO - Epoch(train)  [8][250/384]  base_lr: 7.2700e-05 lr: 7.2700e-05  eta: 0:49:24  time: 1.2729  data_time: 0.0018  memory: 32309  loss: 0.0114
2024/06/25 18:24:47 - mmengine - INFO - Epoch(train)  [8][275/384]  base_lr: 7.2700e-05 lr: 7.2700e-05  eta: 0:48:40  time: 1.2733  data_time: 0.0022  memory: 32309  loss: 0.0109
2024/06/25 18:25:33 - mmengine - INFO - Epoch(train)  [8][300/384]  base_lr: 7.2700e-05 lr: 7.2700e-05  eta: 0:47:57  time: 1.2778  data_time: 0.0028  memory: 32309  loss: 0.0126
2024/06/25 18:26:05 - mmengine - INFO - Exp name: binary_20240625_164050
2024/06/25 18:26:22 - mmengine - INFO - Epoch(train)  [8][325/384]  base_lr: 7.2700e-05 lr: 7.2700e-05  eta: 0:47:15  time: 1.2785  data_time: 0.0030  memory: 32309  loss: 0.0126
2024/06/25 18:27:06 - mmengine - INFO - Epoch(train)  [8][350/384]  base_lr: 7.2700e-05 lr: 7.2700e-05  eta: 0:46:30  time: 1.4287  data_time: 0.1542  memory: 32309  loss: 0.0121
2024/06/25 18:27:57 - mmengine - INFO - Epoch(train)  [8][375/384]  base_lr: 7.2700e-05 lr: 7.2700e-05  eta: 0:45:49  time: 1.9177  data_time: 0.6448  memory: 32309  loss: 0.0126
2024/06/25 18:28:08 - mmengine - INFO - Exp name: binary_20240625_164050
2024/06/25 18:28:08 - mmengine - INFO - Saving checkpoint at 8 epochs
2024/06/25 18:30:25 - mmengine - INFO - Epoch(val) [8][11/11]    accuracy/top1: 99.5511  single-label/precision: 96.5916  single-label/recall: 93.9651  data_time: 4.5527  time: 11.8760
2024/06/25 18:31:39 - mmengine - INFO - Epoch(train)  [9][ 25/384]  base_lr: 6.5451e-05 lr: 6.5451e-05  eta: 0:45:00  time: 1.2848  data_time: 0.0017  memory: 48749  loss: 0.0123
2024/06/25 18:32:11 - mmengine - INFO - Epoch(train)  [9][ 50/384]  base_lr: 6.5451e-05 lr: 6.5451e-05  eta: 0:44:10  time: 1.2792  data_time: 0.0037  memory: 32309  loss: 0.0120
2024/06/25 18:32:45 - mmengine - INFO - Epoch(train)  [9][ 75/384]  base_lr: 6.5451e-05 lr: 6.5451e-05  eta: 0:43:20  time: 1.2728  data_time: 0.0017  memory: 32309  loss: 0.0101
2024/06/25 18:33:23 - mmengine - INFO - Epoch(train)  [9][100/384]  base_lr: 6.5451e-05 lr: 6.5451e-05  eta: 0:42:33  time: 1.2715  data_time: 0.0016  memory: 32309  loss: 0.0121
2024/06/25 18:33:59 - mmengine - INFO - Epoch(train)  [9][125/384]  base_lr: 6.5451e-05 lr: 6.5451e-05  eta: 0:41:44  time: 1.2711  data_time: 0.0016  memory: 32309  loss: 0.0101
2024/06/25 18:34:33 - mmengine - INFO - Epoch(train)  [9][150/384]  base_lr: 6.5451e-05 lr: 6.5451e-05  eta: 0:40:56  time: 1.5609  data_time: 0.2904  memory: 32309  loss: 0.0103
2024/06/25 18:35:14 - mmengine - INFO - Epoch(train)  [9][175/384]  base_lr: 6.5451e-05 lr: 6.5451e-05  eta: 0:40:10  time: 2.1290  data_time: 0.8548  memory: 32309  loss: 0.0104
2024/06/25 18:35:52 - mmengine - INFO - Epoch(train)  [9][200/384]  base_lr: 6.5451e-05 lr: 6.5451e-05  eta: 0:39:23  time: 1.8786  data_time: 0.5975  memory: 32309  loss: 0.0129
2024/06/25 18:36:38 - mmengine - INFO - Epoch(train)  [9][225/384]  base_lr: 6.5451e-05 lr: 6.5451e-05  eta: 0:38:40  time: 2.3772  data_time: 1.1039  memory: 32309  loss: 0.0088
2024/06/25 18:37:10 - mmengine - INFO - Epoch(train)  [9][250/384]  base_lr: 6.5451e-05 lr: 6.5451e-05  eta: 0:37:51  time: 1.2747  data_time: 0.0016  memory: 32309  loss: 0.0135
2024/06/25 18:38:00 - mmengine - INFO - Epoch(train)  [9][275/384]  base_lr: 6.5451e-05 lr: 6.5451e-05  eta: 0:37:08  time: 1.2730  data_time: 0.0015  memory: 32309  loss: 0.0100
2024/06/25 18:38:48 - mmengine - INFO - Epoch(train)  [9][300/384]  base_lr: 6.5451e-05 lr: 6.5451e-05  eta: 0:36:26  time: 1.2727  data_time: 0.0014  memory: 32309  loss: 0.0111
2024/06/25 18:39:38 - mmengine - INFO - Epoch(train)  [9][325/384]  base_lr: 6.5451e-05 lr: 6.5451e-05  eta: 0:35:43  time: 1.2761  data_time: 0.0022  memory: 32309  loss: 0.0120
2024/06/25 18:40:23 - mmengine - INFO - Epoch(train)  [9][350/384]  base_lr: 6.5451e-05 lr: 6.5451e-05  eta: 0:35:00  time: 1.2739  data_time: 0.0014  memory: 32309  loss: 0.0114
2024/06/25 18:41:16 - mmengine - INFO - Epoch(train)  [9][375/384]  base_lr: 6.5451e-05 lr: 6.5451e-05  eta: 0:34:18  time: 1.2819  data_time: 0.0010  memory: 32309  loss: 0.0117
2024/06/25 18:41:27 - mmengine - INFO - Exp name: binary_20240625_164050
2024/06/25 18:41:27 - mmengine - INFO - Saving checkpoint at 9 epochs
2024/06/25 18:43:40 - mmengine - INFO - Epoch(val) [9][11/11]    accuracy/top1: 99.5601  single-label/precision: 96.7714  single-label/recall: 93.9697  data_time: 4.1856  time: 11.5295
2024/06/25 18:44:53 - mmengine - INFO - Epoch(train) [10][ 25/384]  base_lr: 5.7822e-05 lr: 5.7822e-05  eta: 0:33:26  time: 1.2717  data_time: 0.0017  memory: 48749  loss: 0.0109
2024/06/25 18:45:25 - mmengine - INFO - Epoch(train) [10][ 50/384]  base_lr: 5.7822e-05 lr: 5.7822e-05  eta: 0:32:37  time: 1.2705  data_time: 0.0015  memory: 32309  loss: 0.0119
2024/06/25 18:46:01 - mmengine - INFO - Epoch(train) [10][ 75/384]  base_lr: 5.7822e-05 lr: 5.7822e-05  eta: 0:31:50  time: 1.2710  data_time: 0.0015  memory: 32309  loss: 0.0114
2024/06/25 18:46:39 - mmengine - INFO - Epoch(train) [10][100/384]  base_lr: 5.7822e-05 lr: 5.7822e-05  eta: 0:31:04  time: 1.2867  data_time: 0.0043  memory: 32309  loss: 0.0112
2024/06/25 18:47:13 - mmengine - INFO - Epoch(train) [10][125/384]  base_lr: 5.7822e-05 lr: 5.7822e-05  eta: 0:30:16  time: 1.3702  data_time: 0.0975  memory: 32309  loss: 0.0086
2024/06/25 18:47:47 - mmengine - INFO - Epoch(train) [10][150/384]  base_lr: 5.7822e-05 lr: 5.7822e-05  eta: 0:29:30  time: 1.5717  data_time: 0.3036  memory: 32309  loss: 0.0132
2024/06/25 18:48:25 - mmengine - INFO - Epoch(train) [10][175/384]  base_lr: 5.7822e-05 lr: 5.7822e-05  eta: 0:28:44  time: 1.8235  data_time: 0.5526  memory: 32309  loss: 0.0101
2024/06/25 18:48:59 - mmengine - INFO - Epoch(train) [10][200/384]  base_lr: 5.7822e-05 lr: 5.7822e-05  eta: 0:27:57  time: 1.4980  data_time: 0.2269  memory: 32309  loss: 0.0094
2024/06/25 18:49:40 - mmengine - INFO - Epoch(train) [10][225/384]  base_lr: 5.7822e-05 lr: 5.7822e-05  eta: 0:27:12  time: 1.5835  data_time: 0.3092  memory: 32309  loss: 0.0108
2024/06/25 18:50:18 - mmengine - INFO - Epoch(train) [10][250/384]  base_lr: 5.7822e-05 lr: 5.7822e-05  eta: 0:26:27  time: 1.2757  data_time: 0.0029  memory: 32309  loss: 0.0104
2024/06/25 18:51:04 - mmengine - INFO - Epoch(train) [10][275/384]  base_lr: 5.7822e-05 lr: 5.7822e-05  eta: 0:25:43  time: 1.2691  data_time: 0.0018  memory: 32309  loss: 0.0104
2024/06/25 18:51:53 - mmengine - INFO - Epoch(train) [10][300/384]  base_lr: 5.7822e-05 lr: 5.7822e-05  eta: 0:25:00  time: 1.2741  data_time: 0.0026  memory: 32309  loss: 0.0109
2024/06/25 18:52:39 - mmengine - INFO - Epoch(train) [10][325/384]  base_lr: 5.7822e-05 lr: 5.7822e-05  eta: 0:24:17  time: 1.2701  data_time: 0.0015  memory: 32309  loss: 0.0117
2024/06/25 18:53:31 - mmengine - INFO - Epoch(train) [10][350/384]  base_lr: 5.7822e-05 lr: 5.7822e-05  eta: 0:23:34  time: 2.9709  data_time: 1.7024  memory: 32309  loss: 0.0133
2024/06/25 18:54:21 - mmengine - INFO - Epoch(train) [10][375/384]  base_lr: 5.7822e-05 lr: 5.7822e-05  eta: 0:22:51  time: 3.0779  data_time: 1.8065  memory: 32309  loss: 0.0089
2024/06/25 18:54:32 - mmengine - INFO - Exp name: binary_20240625_164050
2024/06/25 18:54:32 - mmengine - INFO - Saving checkpoint at 10 epochs
2024/06/25 18:56:47 - mmengine - INFO - Epoch(val) [10][11/11]    accuracy/top1: 99.5870  single-label/precision: 97.3192  single-label/recall: 93.9835  data_time: 4.4275  time: 11.7457
2024/06/25 18:58:01 - mmengine - INFO - Epoch(train) [11][ 25/384]  base_lr: 5.0000e-05 lr: 5.0000e-05  eta: 0:21:56  time: 1.2713  data_time: 0.0019  memory: 48749  loss: 0.0105
2024/06/25 18:58:33 - mmengine - INFO - Epoch(train) [11][ 50/384]  base_lr: 5.0000e-05 lr: 5.0000e-05  eta: 0:21:10  time: 1.2716  data_time: 0.0018  memory: 32309  loss: 0.0108
2024/06/25 18:59:06 - mmengine - INFO - Epoch(train) [11][ 75/384]  base_lr: 5.0000e-05 lr: 5.0000e-05  eta: 0:20:23  time: 1.2720  data_time: 0.0016  memory: 32309  loss: 0.0108
2024/06/25 18:59:41 - mmengine - INFO - Epoch(train) [11][100/384]  base_lr: 5.0000e-05 lr: 5.0000e-05  eta: 0:19:38  time: 1.2716  data_time: 0.0016  memory: 32309  loss: 0.0086
2024/06/25 19:00:16 - mmengine - INFO - Epoch(train) [11][125/384]  base_lr: 5.0000e-05 lr: 5.0000e-05  eta: 0:18:52  time: 1.3210  data_time: 0.0504  memory: 32309  loss: 0.0118
2024/06/25 19:00:52 - mmengine - INFO - Epoch(train) [11][150/384]  base_lr: 5.0000e-05 lr: 5.0000e-05  eta: 0:18:07  time: 1.7258  data_time: 0.4556  memory: 32309  loss: 0.0119
2024/06/25 19:01:05 - mmengine - INFO - Exp name: binary_20240625_164050
2024/06/25 19:01:34 - mmengine - INFO - Epoch(train) [11][175/384]  base_lr: 5.0000e-05 lr: 5.0000e-05  eta: 0:17:23  time: 2.2600  data_time: 0.9881  memory: 32309  loss: 0.0111
2024/06/25 19:02:14 - mmengine - INFO - Epoch(train) [11][200/384]  base_lr: 5.0000e-05 lr: 5.0000e-05  eta: 0:16:38  time: 2.0768  data_time: 0.8063  memory: 32309  loss: 0.0104
2024/06/25 19:02:47 - mmengine - INFO - Epoch(train) [11][225/384]  base_lr: 5.0000e-05 lr: 5.0000e-05  eta: 0:15:53  time: 1.4367  data_time: 0.1482  memory: 32309  loss: 0.0095
2024/06/25 19:03:26 - mmengine - INFO - Epoch(train) [11][250/384]  base_lr: 5.0000e-05 lr: 5.0000e-05  eta: 0:15:08  time: 1.2749  data_time: 0.0019  memory: 32309  loss: 0.0117
