2024/09/25 17:50:18 - mmengine - INFO - 
------------------------------------------------------------
System environment:
    sys.platform: linux
    Python: 3.10.12 (main, Sep 11 2024, 15:47:36) [GCC 11.4.0]
    CUDA available: True
    MUSA available: False
    numpy_random_seed: 0
    GPU 0: NVIDIA GeForce GTX 970
    CUDA_HOME: None
    GCC: x86_64-linux-gnu-gcc (Ubuntu 11.4.0-1ubuntu1~22.04) 11.4.0
    PyTorch: 2.3.1+cu121
    PyTorch compiling details: PyTorch built with:
  - GCC 9.3
  - C++ Version: 201703
  - Intel(R) oneAPI Math Kernel Library Version 2022.2-Product Build 20220804 for Intel(R) 64 architecture applications
  - Intel(R) MKL-DNN v3.3.6 (Git Hash 86e6af5974177e513fd3fee58425e1063e7f1361)
  - OpenMP 201511 (a.k.a. OpenMP 4.5)
  - LAPACK is enabled (usually provided by MKL)
  - NNPACK is enabled
  - CPU capability usage: AVX2
  - CUDA Runtime 12.1
  - NVCC architecture flags: -gencode;arch=compute_50,code=sm_50;-gencode;arch=compute_60,code=sm_60;-gencode;arch=compute_70,code=sm_70;-gencode;arch=compute_75,code=sm_75;-gencode;arch=compute_80,code=sm_80;-gencode;arch=compute_86,code=sm_86;-gencode;arch=compute_90,code=sm_90
  - CuDNN 8.9.2
  - Magma 2.6.1
  - Build settings: BLAS_INFO=mkl, BUILD_TYPE=Release, CUDA_VERSION=12.1, CUDNN_VERSION=8.9.2, CXX_COMPILER=/opt/rh/devtoolset-9/root/usr/bin/c++, CXX_FLAGS= -D_GLIBCXX_USE_CXX11_ABI=0 -fabi-version=11 -fvisibility-inlines-hidden -DUSE_PTHREADPOOL -DNDEBUG -DUSE_KINETO -DLIBKINETO_NOROCTRACER -DUSE_FBGEMM -DUSE_QNNPACK -DUSE_PYTORCH_QNNPACK -DUSE_XNNPACK -DSYMBOLICATE_MOBILE_DEBUG_HANDLE -O2 -fPIC -Wall -Wextra -Werror=return-type -Werror=non-virtual-dtor -Werror=bool-operation -Wnarrowing -Wno-missing-field-initializers -Wno-type-limits -Wno-array-bounds -Wno-unknown-pragmas -Wno-unused-parameter -Wno-unused-function -Wno-unused-result -Wno-strict-overflow -Wno-strict-aliasing -Wno-stringop-overflow -Wsuggest-override -Wno-psabi -Wno-error=pedantic -Wno-error=old-style-cast -Wno-missing-braces -fdiagnostics-color=always -faligned-new -Wno-unused-but-set-variable -Wno-maybe-uninitialized -fno-math-errno -fno-trapping-math -Werror=format -Wno-stringop-overflow, LAPACK_INFO=mkl, PERF_WITH_AVX=1, PERF_WITH_AVX2=1, PERF_WITH_AVX512=1, TORCH_VERSION=2.3.1, USE_CUDA=ON, USE_CUDNN=ON, USE_CUSPARSELT=1, USE_EXCEPTION_PTR=1, USE_GFLAGS=OFF, USE_GLOG=OFF, USE_GLOO=ON, USE_MKL=ON, USE_MKLDNN=ON, USE_MPI=OFF, USE_NCCL=1, USE_NNPACK=ON, USE_OPENMP=ON, USE_ROCM=OFF, USE_ROCM_KERNEL_ASSERT=OFF, 

    TorchVision: 0.18.1+cu121
    OpenCV: 4.10.0
    MMEngine: 0.10.4

Runtime environment:
    cudnn_benchmark: False
    mp_cfg: {'mp_start_method': 'fork', 'opencv_num_threads': 0}
    dist_cfg: {'backend': 'nccl'}
    seed: 0
    deterministic: True
    Distributed launcher: none
    Distributed training: False
    GPU number: 1
------------------------------------------------------------

2024/09/25 17:50:19 - mmengine - INFO - Config:
auto_scale_lr = dict(base_batch_size=1024)
data_dir = '/mnt/c'
data_preprocessor = dict(
    mean=[
        123.675,
        116.28,
        103.53,
    ],
    num_classes=7806,
    std=[
        58.395,
        57.12,
        57.375,
    ],
    to_rgb=True)
default_hooks = dict(
    checkpoint=dict(interval=1, max_keep_ckpts=5, type='CheckpointHook'),
    logger=dict(interval=1, type='LoggerHook'),
    param_scheduler=dict(type='ParamSchedulerHook'),
    sampler_seed=dict(type='DistSamplerSeedHook'),
    timer=dict(type='IterTimerHook'),
    visualization=dict(enable=False, type='VisualizationHook'))
default_scope = 'mmpretrain'
env_cfg = dict(
    cudnn_benchmark=False,
    dist_cfg=dict(backend='nccl'),
    mp_cfg=dict(mp_start_method='fork', opencv_num_threads=0))
launcher = 'none'
load_from = '/mnt/c/finetuned.pth'
log_level = 'INFO'
model = dict(
    backbone=dict(
        arch='base',
        frozen_stages=0,
        img_size=518,
        init_cfg=dict(
            checkpoint=
            'https://download.openmmlab.com/mmpretrain/v1.0/dinov2/vit-base-p14_dinov2-pre_3rdparty_20230426-ba246503.pth',
            prefix='backbone',
            type='Pretrained'),
        layer_scale_init_value=1e-05,
        patch_size=14,
        type='VisionTransformer'),
    head=dict(
        in_channels=768,
        init_cfg=dict(
            checkpoint='/mnt/data/saved/plantclefleafcaw.pth',
            prefix='head',
            type='Pretrained'),
        loss=dict(type='CrossEntropyLoss'),
        num_classes=7806,
        topk=(
            1,
            5,
        ),
        type='VisionTransformerClsHead'),
    neck=None,
    type='ImageClassifier')
optim_wrapper = dict(
    loss_scale='dynamic',
    optimizer=dict(lr=1e-05, type='AdamW', weight_decay=0.05),
    paramwise_cfg=dict(
        custom_keys=dict(
            cls_token=dict(decay_mult=0.0), mask_token=dict(decay_mult=0.0))),
    type='AmpOptimWrapper')
param_scheduler = [
    dict(T_max=20, by_epoch=True, type='CosineAnnealingLR'),
]
randomness = dict(deterministic=True, seed=0)
resume = False
test_cfg = dict()
test_dataloader = dict(
    batch_size=8,
    collate_fn=dict(type='default_collate'),
    dataset=dict(
        ann_file='annotation/caw_test_2.txt',
        data_prefix='/mnt/c',
        pipeline=[
            dict(type='LoadImageFromFile'),
            dict(
                backend='pillow',
                edge='short',
                interpolation='bicubic',
                scale=518,
                type='ResizeEdge'),
            dict(crop_size=518, type='CenterCrop'),
            dict(type='PackInputs'),
        ],
        type='CustomDataset'),
    num_workers=1,
    persistent_workers=True,
    pin_memory=True,
    sampler=dict(shuffle=True, type='DefaultSampler'))
test_evaluator = [
    dict(topk=(
        1,
        5,
    ), type='Accuracy'),
    dict(type='SingleLabelMetric'),
    dict(class_id=2354, type='BinaryMetric'),
    dict(class_id=2473, type='BinaryMetric'),
]
test_pipeline = [
    dict(type='LoadImageFromFile'),
    dict(
        backend='pillow',
        edge='short',
        interpolation='bicubic',
        scale=518,
        type='ResizeEdge'),
    dict(crop_size=518, type='CenterCrop'),
    dict(type='PackInputs'),
]
train_cfg = dict(by_epoch=True, max_epochs=10, val_interval=1)
train_dataloader = dict(
    batch_size=128,
    dataset=dict(
        ann_file='annotation/plantclefcaw_train.txt',
        data_prefix='/mnt/c',
        pipeline=[
            dict(type='LoadImageFromFile'),
            dict(
                backend='pillow',
                edge='short',
                interpolation='bicubic',
                scale=518,
                type='ResizeEdge'),
            dict(crop_size=518, type='CenterCrop'),
            dict(type='PackInputs'),
        ],
        type='CustomDataset'),
    num_workers=28,
    persistent_workers=True,
    sampler=dict(shuffle=True, type='DefaultSampler'))
train_pipeline = [
    dict(type='LoadImageFromFile'),
    dict(
        backend='pillow',
        interpolation='bicubic',
        scale=518,
        type='RandomResizedCrop'),
    dict(direction='horizontal', prob=0.5, type='RandomFlip'),
    dict(type='PackInputs'),
]
val_cfg = dict()
val_dataloader = dict(
    batch_size=128,
    dataset=dict(
        ann_file='annotation/plantclefcaw_val.txt',
        data_prefix='/mnt/c',
        pipeline=[
            dict(type='LoadImageFromFile'),
            dict(
                backend='pillow',
                edge='short',
                interpolation='bicubic',
                scale=518,
                type='ResizeEdge'),
            dict(crop_size=518, type='CenterCrop'),
            dict(type='PackInputs'),
        ],
        type='CustomDataset'),
    num_workers=28,
    persistent_workers=True,
    sampler=dict(shuffle=True, type='DefaultSampler'))
val_evaluator = [
    dict(topk=(
        1,
        5,
    ), type='Accuracy'),
    dict(type='SingleLabelMetric'),
]
vis_backends = [
    dict(type='LocalVisBackend'),
]
visualizer = dict(
    type='UniversalVisualizer', vis_backends=[
        dict(type='LocalVisBackend'),
    ])
work_dir = './work_dirs/finetune'

2024/09/25 17:50:20 - mmengine - INFO - Distributed training is not used, all SyncBatchNorm (SyncBN) layers in the model will be automatically reverted to BatchNormXd layers if they are used.
2024/09/25 17:50:20 - mmengine - INFO - Hooks will be executed in the following order:
before_run:
(VERY_HIGH   ) RuntimeInfoHook                    
(BELOW_NORMAL) LoggerHook                         
 -------------------- 
before_train:
(VERY_HIGH   ) RuntimeInfoHook                    
(NORMAL      ) IterTimerHook                      
(VERY_LOW    ) CheckpointHook                     
 -------------------- 
before_train_epoch:
(VERY_HIGH   ) RuntimeInfoHook                    
(NORMAL      ) IterTimerHook                      
(NORMAL      ) DistSamplerSeedHook                
 -------------------- 
before_train_iter:
(VERY_HIGH   ) RuntimeInfoHook                    
(NORMAL      ) IterTimerHook                      
 -------------------- 
after_train_iter:
(VERY_HIGH   ) RuntimeInfoHook                    
(NORMAL      ) IterTimerHook                      
(BELOW_NORMAL) LoggerHook                         
(LOW         ) ParamSchedulerHook                 
(VERY_LOW    ) CheckpointHook                     
 -------------------- 
after_train_epoch:
(NORMAL      ) IterTimerHook                      
(LOW         ) ParamSchedulerHook                 
(VERY_LOW    ) CheckpointHook                     
 -------------------- 
before_val:
(VERY_HIGH   ) RuntimeInfoHook                    
 -------------------- 
before_val_epoch:
(NORMAL      ) IterTimerHook                      
 -------------------- 
before_val_iter:
(NORMAL      ) IterTimerHook                      
 -------------------- 
after_val_iter:
(NORMAL      ) IterTimerHook                      
(NORMAL      ) VisualizationHook                  
(BELOW_NORMAL) LoggerHook                         
 -------------------- 
after_val_epoch:
(VERY_HIGH   ) RuntimeInfoHook                    
(NORMAL      ) IterTimerHook                      
(BELOW_NORMAL) LoggerHook                         
(LOW         ) ParamSchedulerHook                 
(VERY_LOW    ) CheckpointHook                     
 -------------------- 
after_val:
(VERY_HIGH   ) RuntimeInfoHook                    
 -------------------- 
after_train:
(VERY_HIGH   ) RuntimeInfoHook                    
(VERY_LOW    ) CheckpointHook                     
 -------------------- 
before_test:
(VERY_HIGH   ) RuntimeInfoHook                    
 -------------------- 
before_test_epoch:
(NORMAL      ) IterTimerHook                      
 -------------------- 
before_test_iter:
(NORMAL      ) IterTimerHook                      
 -------------------- 
after_test_iter:
(NORMAL      ) IterTimerHook                      
(NORMAL      ) VisualizationHook                  
(BELOW_NORMAL) LoggerHook                         
 -------------------- 
after_test_epoch:
(VERY_HIGH   ) RuntimeInfoHook                    
(NORMAL      ) IterTimerHook                      
(BELOW_NORMAL) LoggerHook                         
 -------------------- 
after_test:
(VERY_HIGH   ) RuntimeInfoHook                    
 -------------------- 
after_run:
(BELOW_NORMAL) LoggerHook                         
 -------------------- 
2024/09/25 17:50:21 - mmengine - WARNING - The prefix is not set in metric class BinaryMetric.
2024/09/25 17:50:27 - mmengine - INFO - Load checkpoint from /mnt/c/finetuned.pth
2024/09/25 17:50:30 - mmengine - INFO - Epoch(test) [  1/102]    eta: 0:03:49  time: 2.2708  data_time: 0.1873  memory: 739  
2024/09/25 17:50:31 - mmengine - INFO - Epoch(test) [  2/102]    eta: 0:03:11  time: 1.9132  data_time: 0.0948  memory: 739  
2024/09/25 17:50:33 - mmengine - INFO - Epoch(test) [  3/102]    eta: 0:02:57  time: 1.7896  data_time: 0.0637  memory: 739  
2024/09/25 17:50:34 - mmengine - INFO - Epoch(test) [  4/102]    eta: 0:02:49  time: 1.7285  data_time: 0.0481  memory: 739  
2024/09/25 17:50:36 - mmengine - INFO - Epoch(test) [  5/102]    eta: 0:02:44  time: 1.6925  data_time: 0.0387  memory: 739  
2024/09/25 17:50:37 - mmengine - INFO - Epoch(test) [  6/102]    eta: 0:02:40  time: 1.6690  data_time: 0.0325  memory: 739  
2024/09/25 17:50:39 - mmengine - INFO - Epoch(test) [  7/102]    eta: 0:02:36  time: 1.6523  data_time: 0.0280  memory: 739  
2024/09/25 17:50:41 - mmengine - INFO - Epoch(test) [  8/102]    eta: 0:02:34  time: 1.6393  data_time: 0.0247  memory: 739  
2024/09/25 17:50:42 - mmengine - INFO - Epoch(test) [  9/102]    eta: 0:02:31  time: 1.6286  data_time: 0.0221  memory: 739  
2024/09/25 17:50:44 - mmengine - INFO - Epoch(test) [ 10/102]    eta: 0:02:29  time: 1.6219  data_time: 0.0200  memory: 739  
2024/09/25 17:50:45 - mmengine - INFO - Epoch(test) [ 11/102]    eta: 0:02:27  time: 1.5499  data_time: 0.0014  memory: 739  
2024/09/25 17:50:47 - mmengine - INFO - Epoch(test) [ 12/102]    eta: 0:02:24  time: 1.5495  data_time: 0.0014  memory: 739  
2024/09/25 17:50:48 - mmengine - INFO - Epoch(test) [ 13/102]    eta: 0:02:22  time: 1.5507  data_time: 0.0013  memory: 739  
2024/09/25 17:50:50 - mmengine - INFO - Epoch(test) [ 14/102]    eta: 0:02:20  time: 1.5511  data_time: 0.0014  memory: 739  
2024/09/25 17:50:51 - mmengine - INFO - Epoch(test) [ 15/102]    eta: 0:02:19  time: 1.5515  data_time: 0.0014  memory: 739  
2024/09/25 17:50:53 - mmengine - INFO - Epoch(test) [ 16/102]    eta: 0:02:17  time: 1.5510  data_time: 0.0014  memory: 739  
2024/09/25 17:50:55 - mmengine - INFO - Epoch(test) [ 17/102]    eta: 0:02:15  time: 1.5511  data_time: 0.0014  memory: 739  
2024/09/25 17:50:56 - mmengine - INFO - Epoch(test) [ 18/102]    eta: 0:02:13  time: 1.5523  data_time: 0.0014  memory: 739  
2024/09/25 17:50:58 - mmengine - INFO - Epoch(test) [ 19/102]    eta: 0:02:11  time: 1.5536  data_time: 0.0015  memory: 739  
2024/09/25 17:50:59 - mmengine - INFO - Epoch(test) [ 20/102]    eta: 0:02:10  time: 1.5525  data_time: 0.0015  memory: 739  
2024/09/25 17:51:01 - mmengine - INFO - Epoch(test) [ 21/102]    eta: 0:02:08  time: 1.5527  data_time: 0.0014  memory: 739  
2024/09/25 17:51:02 - mmengine - INFO - Epoch(test) [ 22/102]    eta: 0:02:06  time: 1.5534  data_time: 0.0014  memory: 739  
2024/09/25 17:51:04 - mmengine - INFO - Epoch(test) [ 23/102]    eta: 0:02:05  time: 1.5527  data_time: 0.0014  memory: 739  
2024/09/25 17:51:05 - mmengine - INFO - Epoch(test) [ 24/102]    eta: 0:02:03  time: 1.5530  data_time: 0.0013  memory: 739  
2024/09/25 17:51:07 - mmengine - INFO - Epoch(test) [ 25/102]    eta: 0:02:01  time: 1.5528  data_time: 0.0013  memory: 739  
2024/09/25 17:51:09 - mmengine - INFO - Epoch(test) [ 26/102]    eta: 0:02:00  time: 1.5540  data_time: 0.0013  memory: 739  
2024/09/25 17:51:10 - mmengine - INFO - Epoch(test) [ 27/102]    eta: 0:01:58  time: 1.5541  data_time: 0.0013  memory: 739  
2024/09/25 17:51:12 - mmengine - INFO - Epoch(test) [ 28/102]    eta: 0:01:56  time: 1.5537  data_time: 0.0013  memory: 739  
2024/09/25 17:51:13 - mmengine - INFO - Epoch(test) [ 29/102]    eta: 0:01:55  time: 1.5540  data_time: 0.0013  memory: 739  
2024/09/25 17:51:15 - mmengine - INFO - Epoch(test) [ 30/102]    eta: 0:01:53  time: 1.5536  data_time: 0.0013  memory: 739  
2024/09/25 17:51:16 - mmengine - INFO - Epoch(test) [ 31/102]    eta: 0:01:51  time: 1.5528  data_time: 0.0014  memory: 739  
2024/09/25 17:51:18 - mmengine - INFO - Epoch(test) [ 32/102]    eta: 0:01:50  time: 1.5527  data_time: 0.0014  memory: 739  
2024/09/25 17:51:19 - mmengine - INFO - Epoch(test) [ 33/102]    eta: 0:01:48  time: 1.5530  data_time: 0.0014  memory: 739  
2024/09/25 17:51:21 - mmengine - INFO - Epoch(test) [ 34/102]    eta: 0:01:46  time: 1.5528  data_time: 0.0014  memory: 739  
2024/09/25 17:51:22 - mmengine - INFO - Epoch(test) [ 35/102]    eta: 0:01:45  time: 1.5531  data_time: 0.0014  memory: 739  
2024/09/25 17:51:24 - mmengine - INFO - Epoch(test) [ 36/102]    eta: 0:01:43  time: 1.5521  data_time: 0.0014  memory: 739  
2024/09/25 17:51:26 - mmengine - INFO - Epoch(test) [ 37/102]    eta: 0:01:42  time: 1.5514  data_time: 0.0014  memory: 739  
2024/09/25 17:51:27 - mmengine - INFO - Epoch(test) [ 38/102]    eta: 0:01:40  time: 1.5520  data_time: 0.0014  memory: 739  
2024/09/25 17:51:29 - mmengine - INFO - Epoch(test) [ 39/102]    eta: 0:01:38  time: 1.5513  data_time: 0.0013  memory: 739  
2024/09/25 17:51:30 - mmengine - INFO - Epoch(test) [ 40/102]    eta: 0:01:37  time: 1.5515  data_time: 0.0013  memory: 739  
2024/09/25 17:51:32 - mmengine - INFO - Epoch(test) [ 41/102]    eta: 0:01:35  time: 1.5531  data_time: 0.0013  memory: 739  
2024/09/25 17:51:33 - mmengine - INFO - Epoch(test) [ 42/102]    eta: 0:01:34  time: 1.5526  data_time: 0.0013  memory: 739  
2024/09/25 17:51:35 - mmengine - INFO - Epoch(test) [ 43/102]    eta: 0:01:32  time: 1.5529  data_time: 0.0013  memory: 739  
2024/09/25 17:51:36 - mmengine - INFO - Epoch(test) [ 44/102]    eta: 0:01:30  time: 1.5531  data_time: 0.0012  memory: 739  
2024/09/25 17:51:38 - mmengine - INFO - Epoch(test) [ 45/102]    eta: 0:01:29  time: 1.5532  data_time: 0.0012  memory: 739  
2024/09/25 17:51:40 - mmengine - INFO - Epoch(test) [ 46/102]    eta: 0:01:27  time: 1.5534  data_time: 0.0012  memory: 739  
2024/09/25 17:51:41 - mmengine - INFO - Epoch(test) [ 47/102]    eta: 0:01:26  time: 1.5539  data_time: 0.0012  memory: 739  
2024/09/25 17:51:43 - mmengine - INFO - Epoch(test) [ 48/102]    eta: 0:01:24  time: 1.5526  data_time: 0.0012  memory: 739  
2024/09/25 17:51:44 - mmengine - INFO - Epoch(test) [ 49/102]    eta: 0:01:23  time: 1.5525  data_time: 0.0012  memory: 739  
2024/09/25 17:51:46 - mmengine - INFO - Epoch(test) [ 50/102]    eta: 0:01:21  time: 1.5526  data_time: 0.0012  memory: 739  
2024/09/25 17:51:47 - mmengine - INFO - Epoch(test) [ 51/102]    eta: 0:01:19  time: 1.5525  data_time: 0.0012  memory: 739  
2024/09/25 17:51:49 - mmengine - INFO - Epoch(test) [ 52/102]    eta: 0:01:18  time: 1.5525  data_time: 0.0012  memory: 739  
2024/09/25 17:51:50 - mmengine - INFO - Epoch(test) [ 53/102]    eta: 0:01:16  time: 1.5523  data_time: 0.0012  memory: 739  
2024/09/25 17:51:52 - mmengine - INFO - Epoch(test) [ 54/102]    eta: 0:01:15  time: 1.5523  data_time: 0.0012  memory: 739  
2024/09/25 17:51:54 - mmengine - INFO - Epoch(test) [ 55/102]    eta: 0:01:13  time: 1.5513  data_time: 0.0013  memory: 739  
2024/09/25 17:51:55 - mmengine - INFO - Epoch(test) [ 56/102]    eta: 0:01:11  time: 1.5522  data_time: 0.0013  memory: 739  
2024/09/25 17:51:57 - mmengine - INFO - Epoch(test) [ 57/102]    eta: 0:01:10  time: 1.5528  data_time: 0.0013  memory: 739  
2024/09/25 17:51:58 - mmengine - INFO - Epoch(test) [ 58/102]    eta: 0:01:08  time: 1.5540  data_time: 0.0013  memory: 739  
2024/09/25 17:52:00 - mmengine - INFO - Epoch(test) [ 59/102]    eta: 0:01:07  time: 1.5546  data_time: 0.0013  memory: 739  
2024/09/25 17:52:01 - mmengine - INFO - Epoch(test) [ 60/102]    eta: 0:01:05  time: 1.5555  data_time: 0.0014  memory: 739  
2024/09/25 17:52:03 - mmengine - INFO - Epoch(test) [ 61/102]    eta: 0:01:04  time: 1.5561  data_time: 0.0014  memory: 739  
2024/09/25 17:52:04 - mmengine - INFO - Epoch(test) [ 62/102]    eta: 0:01:02  time: 1.5574  data_time: 0.0013  memory: 739  
2024/09/25 17:52:06 - mmengine - INFO - Epoch(test) [ 63/102]    eta: 0:01:01  time: 1.5578  data_time: 0.0015  memory: 739  
2024/09/25 17:52:08 - mmengine - INFO - Epoch(test) [ 64/102]    eta: 0:00:59  time: 1.5583  data_time: 0.0016  memory: 739  
2024/09/25 17:52:09 - mmengine - INFO - Epoch(test) [ 65/102]    eta: 0:00:57  time: 1.5593  data_time: 0.0016  memory: 739  
2024/09/25 17:52:11 - mmengine - INFO - Epoch(test) [ 66/102]    eta: 0:00:56  time: 1.5584  data_time: 0.0016  memory: 739  
2024/09/25 17:52:12 - mmengine - INFO - Epoch(test) [ 67/102]    eta: 0:00:54  time: 1.5578  data_time: 0.0017  memory: 739  
2024/09/25 17:52:14 - mmengine - INFO - Epoch(test) [ 68/102]    eta: 0:00:53  time: 1.5576  data_time: 0.0018  memory: 739  
2024/09/25 17:52:15 - mmengine - INFO - Epoch(test) [ 69/102]    eta: 0:00:51  time: 1.5569  data_time: 0.0018  memory: 739  
2024/09/25 17:52:17 - mmengine - INFO - Epoch(test) [ 70/102]    eta: 0:00:50  time: 1.5562  data_time: 0.0018  memory: 739  
2024/09/25 17:52:18 - mmengine - INFO - Epoch(test) [ 71/102]    eta: 0:00:48  time: 1.5555  data_time: 0.0018  memory: 739  
2024/09/25 17:52:20 - mmengine - INFO - Epoch(test) [ 72/102]    eta: 0:00:46  time: 1.5548  data_time: 0.0018  memory: 739  
2024/09/25 17:52:22 - mmengine - INFO - Epoch(test) [ 73/102]    eta: 0:00:45  time: 1.5548  data_time: 0.0017  memory: 739  
2024/09/25 17:52:23 - mmengine - INFO - Epoch(test) [ 74/102]    eta: 0:00:43  time: 1.5544  data_time: 0.0015  memory: 739  
2024/09/25 17:52:25 - mmengine - INFO - Epoch(test) [ 75/102]    eta: 0:00:42  time: 1.5555  data_time: 0.0015  memory: 739  
2024/09/25 17:52:26 - mmengine - INFO - Epoch(test) [ 76/102]    eta: 0:00:40  time: 1.5559  data_time: 0.0014  memory: 739  
2024/09/25 17:52:28 - mmengine - INFO - Epoch(test) [ 77/102]    eta: 0:00:39  time: 1.5556  data_time: 0.0014  memory: 739  
2024/09/25 17:52:29 - mmengine - INFO - Epoch(test) [ 78/102]    eta: 0:00:37  time: 1.5554  data_time: 0.0013  memory: 739  
2024/09/25 17:52:31 - mmengine - INFO - Epoch(test) [ 79/102]    eta: 0:00:35  time: 1.5556  data_time: 0.0013  memory: 739  
2024/09/25 17:52:32 - mmengine - INFO - Epoch(test) [ 80/102]    eta: 0:00:34  time: 1.5561  data_time: 0.0013  memory: 739  
2024/09/25 17:52:34 - mmengine - INFO - Epoch(test) [ 81/102]    eta: 0:00:32  time: 1.5558  data_time: 0.0015  memory: 739  
2024/09/25 17:52:36 - mmengine - INFO - Epoch(test) [ 82/102]    eta: 0:00:31  time: 1.5549  data_time: 0.0016  memory: 739  
2024/09/25 17:52:37 - mmengine - INFO - Epoch(test) [ 83/102]    eta: 0:00:29  time: 1.5558  data_time: 0.0016  memory: 739  
2024/09/25 17:52:39 - mmengine - INFO - Epoch(test) [ 84/102]    eta: 0:00:28  time: 1.5564  data_time: 0.0016  memory: 739  
2024/09/25 17:52:40 - mmengine - INFO - Epoch(test) [ 85/102]    eta: 0:00:26  time: 1.5555  data_time: 0.0016  memory: 739  
2024/09/25 17:52:42 - mmengine - INFO - Epoch(test) [ 86/102]    eta: 0:00:24  time: 1.5557  data_time: 0.0016  memory: 739  
2024/09/25 17:52:43 - mmengine - INFO - Epoch(test) [ 87/102]    eta: 0:00:23  time: 1.5569  data_time: 0.0016  memory: 739  
2024/09/25 17:52:45 - mmengine - INFO - Epoch(test) [ 88/102]    eta: 0:00:21  time: 1.5570  data_time: 0.0015  memory: 739  
2024/09/25 17:52:46 - mmengine - INFO - Epoch(test) [ 89/102]    eta: 0:00:20  time: 1.5569  data_time: 0.0015  memory: 739  
2024/09/25 17:52:48 - mmengine - INFO - Epoch(test) [ 90/102]    eta: 0:00:18  time: 1.5570  data_time: 0.0016  memory: 739  
2024/09/25 17:52:50 - mmengine - INFO - Epoch(test) [ 91/102]    eta: 0:00:17  time: 1.5587  data_time: 0.0025  memory: 739  
2024/09/25 17:52:51 - mmengine - INFO - Epoch(test) [ 92/102]    eta: 0:00:15  time: 1.5591  data_time: 0.0025  memory: 739  
2024/09/25 17:52:53 - mmengine - INFO - Epoch(test) [ 93/102]    eta: 0:00:14  time: 1.5584  data_time: 0.0024  memory: 739  
2024/09/25 17:52:54 - mmengine - INFO - Epoch(test) [ 94/102]    eta: 0:00:12  time: 1.5585  data_time: 0.0025  memory: 739  
2024/09/25 17:52:56 - mmengine - INFO - Epoch(test) [ 95/102]    eta: 0:00:10  time: 1.5595  data_time: 0.0025  memory: 739  
2024/09/25 17:52:57 - mmengine - INFO - Epoch(test) [ 96/102]    eta: 0:00:09  time: 1.5600  data_time: 0.0025  memory: 739  
2024/09/25 17:52:59 - mmengine - INFO - Epoch(test) [ 97/102]    eta: 0:00:07  time: 1.5598  data_time: 0.0028  memory: 739  
2024/09/25 17:53:01 - mmengine - INFO - Epoch(test) [ 98/102]    eta: 0:00:06  time: 1.5595  data_time: 0.0028  memory: 739  
2024/09/25 17:53:02 - mmengine - INFO - Epoch(test) [ 99/102]    eta: 0:00:04  time: 1.5597  data_time: 0.0030  memory: 739  
2024/09/25 17:53:04 - mmengine - INFO - Epoch(test) [100/102]    eta: 0:00:03  time: 1.5599  data_time: 0.0030  memory: 739  
2024/09/25 17:53:05 - mmengine - INFO - Epoch(test) [101/102]    eta: 0:00:01  time: 1.5583  data_time: 0.0018  memory: 739  
2024/09/25 17:53:06 - mmengine - INFO - Epoch(test) [102/102]    eta: 0:00:00  time: 1.5159  data_time: 0.0018  memory: 692  
2024/09/25 17:53:07 - mmengine - INFO - Epoch(test) [102/102]    accuracy/top1: 83.6810  accuracy/top5: 95.8282  single-label/precision: 0.5134  single-label/recall: 0.4808  single-label/f1-score: 0.4858  2354/accuracy: 0.9902  2354/precision: 0.9231  2354/recall: 0.9231  2354/f1: 0.9231  2354/f2: 0.9231  2354/tp: 48  2354/tn: 759  2354/fp: 4  2354/fn: 4  2473/accuracy: 0.9926  2473/precision: 0.9322  2473/recall: 0.9649  2473/f1: 0.9483  2473/f2: 0.9582  2473/tp: 55  2473/tn: 754  2473/fp: 4  2473/fn: 2  data_time: 0.0034  time: 1.5574
