2024/07/23 21:07:10 - mmengine - INFO - 
------------------------------------------------------------
System environment:
    sys.platform: linux
    Python: 3.10.12 (main, Mar 22 2024, 16:50:05) [GCC 11.4.0]
    CUDA available: True
    MUSA available: False
    numpy_random_seed: 0
    GPU 0: NVIDIA A100-SXM4-80GB
    CUDA_HOME: /usr/local/cuda
    NVCC: Cuda compilation tools, release 12.3, V12.3.107
    GCC: x86_64-linux-gnu-gcc (Ubuntu 11.4.0-1ubuntu1~22.04) 11.4.0
    PyTorch: 2.3.1+cu121
    PyTorch compiling details: PyTorch built with:
  - GCC 9.3
  - C++ Version: 201703
  - Intel(R) oneAPI Math Kernel Library Version 2022.2-Product Build 20220804 for Intel(R) 64 architecture applications
  - Intel(R) MKL-DNN v3.3.6 (Git Hash 86e6af5974177e513fd3fee58425e1063e7f1361)
  - OpenMP 201511 (a.k.a. OpenMP 4.5)
  - LAPACK is enabled (usually provided by MKL)
  - NNPACK is enabled
  - CPU capability usage: AVX2
  - CUDA Runtime 12.1
  - NVCC architecture flags: -gencode;arch=compute_50,code=sm_50;-gencode;arch=compute_60,code=sm_60;-gencode;arch=compute_70,code=sm_70;-gencode;arch=compute_75,code=sm_75;-gencode;arch=compute_80,code=sm_80;-gencode;arch=compute_86,code=sm_86;-gencode;arch=compute_90,code=sm_90
  - CuDNN 8.9.2
  - Magma 2.6.1
  - Build settings: BLAS_INFO=mkl, BUILD_TYPE=Release, CUDA_VERSION=12.1, CUDNN_VERSION=8.9.2, CXX_COMPILER=/opt/rh/devtoolset-9/root/usr/bin/c++, CXX_FLAGS= -D_GLIBCXX_USE_CXX11_ABI=0 -fabi-version=11 -fvisibility-inlines-hidden -DUSE_PTHREADPOOL -DNDEBUG -DUSE_KINETO -DLIBKINETO_NOROCTRACER -DUSE_FBGEMM -DUSE_QNNPACK -DUSE_PYTORCH_QNNPACK -DUSE_XNNPACK -DSYMBOLICATE_MOBILE_DEBUG_HANDLE -O2 -fPIC -Wall -Wextra -Werror=return-type -Werror=non-virtual-dtor -Werror=bool-operation -Wnarrowing -Wno-missing-field-initializers -Wno-type-limits -Wno-array-bounds -Wno-unknown-pragmas -Wno-unused-parameter -Wno-unused-function -Wno-unused-result -Wno-strict-overflow -Wno-strict-aliasing -Wno-stringop-overflow -Wsuggest-override -Wno-psabi -Wno-error=pedantic -Wno-error=old-style-cast -Wno-missing-braces -fdiagnostics-color=always -faligned-new -Wno-unused-but-set-variable -Wno-maybe-uninitialized -fno-math-errno -fno-trapping-math -Werror=format -Wno-stringop-overflow, LAPACK_INFO=mkl, PERF_WITH_AVX=1, PERF_WITH_AVX2=1, PERF_WITH_AVX512=1, TORCH_VERSION=2.3.1, USE_CUDA=ON, USE_CUDNN=ON, USE_CUSPARSELT=1, USE_EXCEPTION_PTR=1, USE_GFLAGS=OFF, USE_GLOG=OFF, USE_GLOO=ON, USE_MKL=ON, USE_MKLDNN=ON, USE_MPI=OFF, USE_NCCL=1, USE_NNPACK=ON, USE_OPENMP=ON, USE_ROCM=OFF, USE_ROCM_KERNEL_ASSERT=OFF, 

    TorchVision: 0.18.1+cu121
    OpenCV: 4.10.0
    MMEngine: 0.10.4

Runtime environment:
    cudnn_benchmark: False
    mp_cfg: {'mp_start_method': 'fork', 'opencv_num_threads': 0}
    dist_cfg: {'backend': 'nccl'}
    seed: 0
    deterministic: True
    Distributed launcher: none
    Distributed training: False
    GPU number: 1
------------------------------------------------------------

2024/07/23 21:07:10 - mmengine - INFO - Config:
auto_scale_lr = dict(base_batch_size=1024)
data_dir = '/mnt/data'
data_preprocessor = dict(
    mean=[
        123.675,
        116.28,
        103.53,
    ],
    num_classes=7806,
    std=[
        58.395,
        57.12,
        57.375,
    ],
    to_rgb=True)
default_hooks = dict(
    checkpoint=dict(interval=1, max_keep_ckpts=5, type='CheckpointHook'),
    logger=dict(interval=100, type='LoggerHook'),
    param_scheduler=dict(type='ParamSchedulerHook'),
    sampler_seed=dict(type='DistSamplerSeedHook'),
    timer=dict(type='IterTimerHook'),
    visualization=dict(enable=False, type='VisualizationHook'))
default_scope = 'mmpretrain'
env_cfg = dict(
    cudnn_benchmark=False,
    dist_cfg=dict(backend='nccl'),
    mp_cfg=dict(mp_start_method='fork', opencv_num_threads=0))
launcher = 'none'
load_from = None
log_level = 'INFO'
model = dict(
    backbone=dict(
        arch='base',
        frozen_stages=0,
        img_size=518,
        init_cfg=dict(
            checkpoint=
            'https://download.openmmlab.com/mmpretrain/v1.0/dinov2/vit-base-p14_dinov2-pre_3rdparty_20230426-ba246503.pth',
            prefix='backbone',
            type='Pretrained'),
        layer_scale_init_value=1e-05,
        patch_size=14,
        type='VisionTransformer'),
    head=dict(
        in_channels=768,
        init_cfg=dict(
            checkpoint='/mnt/data/saved/20240709_083652_leafcaw_new.pth',
            prefix='head',
            type='Pretrained'),
        loss=dict(type='CrossEntropyLoss'),
        num_classes=7806,
        topk=(
            1,
            5,
        ),
        type='VisionTransformerClsHead'),
    neck=None,
    type='ImageClassifier')
optim_wrapper = dict(
    loss_scale='dynamic',
    optimizer=dict(lr=0.0001, type='AdamW', weight_decay=0.05),
    paramwise_cfg=dict(
        custom_keys=dict(
            cls_token=dict(decay_mult=0.0), mask_token=dict(decay_mult=0.0))),
    type='AmpOptimWrapper')
param_scheduler = [
    dict(T_max=20, by_epoch=True, type='CosineAnnealingLR'),
]
randomness = dict(deterministic=True, seed=0)
resume = False
test_cfg = dict()
test_dataloader = dict(
    batch_size=1024,
    collate_fn=dict(type='default_collate'),
    dataset=dict(
        ann_file='annotation/test_2.txt',
        data_prefix='/mnt/data',
        pipeline=[
            dict(type='LoadImageFromFile'),
            dict(
                backend='pillow',
                edge='short',
                interpolation='bicubic',
                scale=518,
                type='ResizeEdge'),
            dict(crop_size=518, type='CenterCrop'),
            dict(type='PackInputs'),
        ],
        type='CustomDataset'),
    num_workers=20,
    persistent_workers=True,
    pin_memory=True,
    sampler=dict(shuffle=True, type='DefaultSampler'))
test_evaluator = [
    dict(topk=(
        1,
        5,
    ), type='Accuracy'),
    dict(type='SingleLabelMetric'),
]
test_pipeline = [
    dict(type='LoadImageFromFile'),
    dict(
        backend='pillow',
        edge='short',
        interpolation='bicubic',
        scale=518,
        type='ResizeEdge'),
    dict(crop_size=518, type='CenterCrop'),
    dict(type='PackInputs'),
]
train_cfg = dict(by_epoch=True, max_epochs=20, val_interval=1)
train_dataloader = dict(
    batch_size=128,
    collate_fn=dict(type='default_collate'),
    dataset=dict(
        ann_file='annotation/train_2.txt',
        data_prefix='/mnt/data',
        pipeline=[
            dict(type='LoadImageFromFile'),
            dict(
                backend='pillow',
                edge='short',
                interpolation='bicubic',
                scale=518,
                type='ResizeEdge'),
            dict(crop_size=518, type='CenterCrop'),
            dict(type='PackInputs'),
        ],
        type='CustomDataset'),
    num_workers=20,
    persistent_workers=True,
    pin_memory=True,
    sampler=dict(shuffle=True, type='DefaultSampler'))
train_pipeline = [
    dict(type='LoadImageFromFile'),
    dict(
        backend='pillow',
        interpolation='bicubic',
        scale=518,
        type='RandomResizedCrop'),
    dict(direction='horizontal', prob=0.5, type='RandomFlip'),
    dict(type='PackInputs'),
]
val_cfg = dict()
val_dataloader = dict(
    batch_size=128,
    collate_fn=dict(type='default_collate'),
    dataset=dict(
        ann_file='annotation/val_2.txt',
        data_prefix='/mnt/data',
        pipeline=[
            dict(type='LoadImageFromFile'),
            dict(
                backend='pillow',
                edge='short',
                interpolation='bicubic',
                scale=518,
                type='ResizeEdge'),
            dict(crop_size=518, type='CenterCrop'),
            dict(type='PackInputs'),
        ],
        type='CustomDataset'),
    num_workers=20,
    persistent_workers=True,
    pin_memory=True,
    sampler=dict(shuffle=True, type='DefaultSampler'))
val_evaluator = [
    dict(topk=(
        1,
        5,
    ), type='Accuracy'),
    dict(type='SingleLabelMetric'),
]
vis_backends = [
    dict(type='LocalVisBackend'),
]
visualizer = dict(
    type='UniversalVisualizer', vis_backends=[
        dict(type='LocalVisBackend'),
    ])
work_dir = './work_dirs/finetune'

2024/07/23 21:07:11 - mmengine - INFO - Distributed training is not used, all SyncBatchNorm (SyncBN) layers in the model will be automatically reverted to BatchNormXd layers if they are used.
2024/07/23 21:07:11 - mmengine - INFO - Hooks will be executed in the following order:
before_run:
(VERY_HIGH   ) RuntimeInfoHook                    
(BELOW_NORMAL) LoggerHook                         
 -------------------- 
before_train:
(VERY_HIGH   ) RuntimeInfoHook                    
(NORMAL      ) IterTimerHook                      
(VERY_LOW    ) CheckpointHook                     
 -------------------- 
before_train_epoch:
(VERY_HIGH   ) RuntimeInfoHook                    
(NORMAL      ) IterTimerHook                      
(NORMAL      ) DistSamplerSeedHook                
 -------------------- 
before_train_iter:
(VERY_HIGH   ) RuntimeInfoHook                    
(NORMAL      ) IterTimerHook                      
 -------------------- 
after_train_iter:
(VERY_HIGH   ) RuntimeInfoHook                    
(NORMAL      ) IterTimerHook                      
(BELOW_NORMAL) LoggerHook                         
(LOW         ) ParamSchedulerHook                 
(VERY_LOW    ) CheckpointHook                     
 -------------------- 
after_train_epoch:
(NORMAL      ) IterTimerHook                      
(LOW         ) ParamSchedulerHook                 
(VERY_LOW    ) CheckpointHook                     
 -------------------- 
before_val:
(VERY_HIGH   ) RuntimeInfoHook                    
 -------------------- 
before_val_epoch:
(NORMAL      ) IterTimerHook                      
 -------------------- 
before_val_iter:
(NORMAL      ) IterTimerHook                      
 -------------------- 
after_val_iter:
(NORMAL      ) IterTimerHook                      
(NORMAL      ) VisualizationHook                  
(BELOW_NORMAL) LoggerHook                         
 -------------------- 
after_val_epoch:
(VERY_HIGH   ) RuntimeInfoHook                    
(NORMAL      ) IterTimerHook                      
(BELOW_NORMAL) LoggerHook                         
(LOW         ) ParamSchedulerHook                 
(VERY_LOW    ) CheckpointHook                     
 -------------------- 
after_val:
(VERY_HIGH   ) RuntimeInfoHook                    
 -------------------- 
after_train:
(VERY_HIGH   ) RuntimeInfoHook                    
(VERY_LOW    ) CheckpointHook                     
 -------------------- 
before_test:
(VERY_HIGH   ) RuntimeInfoHook                    
 -------------------- 
before_test_epoch:
(NORMAL      ) IterTimerHook                      
 -------------------- 
before_test_iter:
(NORMAL      ) IterTimerHook                      
 -------------------- 
after_test_iter:
(NORMAL      ) IterTimerHook                      
(NORMAL      ) VisualizationHook                  
(BELOW_NORMAL) LoggerHook                         
 -------------------- 
after_test_epoch:
(VERY_HIGH   ) RuntimeInfoHook                    
(NORMAL      ) IterTimerHook                      
(BELOW_NORMAL) LoggerHook                         
 -------------------- 
after_test:
(VERY_HIGH   ) RuntimeInfoHook                    
 -------------------- 
after_run:
(BELOW_NORMAL) LoggerHook                         
 -------------------- 
2024/07/23 21:07:13 - mmengine - INFO - paramwise_options -- backbone.cls_token:lr=0.0001
2024/07/23 21:07:13 - mmengine - INFO - paramwise_options -- backbone.cls_token:weight_decay=0.0
2024/07/23 21:07:13 - mmengine - INFO - paramwise_options -- backbone.cls_token:decay_mult=0.0
2024/07/23 21:07:14 - mmengine - INFO - load backbone in model from: https://download.openmmlab.com/mmpretrain/v1.0/dinov2/vit-base-p14_dinov2-pre_3rdparty_20230426-ba246503.pth
2024/07/23 21:07:14 - mmengine - WARNING - The model and loaded state dict do not match exactly

unexpected key in source state_dict: mask_token

2024/07/23 21:07:14 - mmengine - INFO - load head in model from: /mnt/data/saved/20240709_083652_leafcaw_new.pth
Name of parameter - Initialization information

backbone.cls_token - torch.Size([1, 1, 768]): 
PretrainedInit: load from https://download.openmmlab.com/mmpretrain/v1.0/dinov2/vit-base-p14_dinov2-pre_3rdparty_20230426-ba246503.pth 

backbone.pos_embed - torch.Size([1, 1370, 768]): 
PretrainedInit: load from https://download.openmmlab.com/mmpretrain/v1.0/dinov2/vit-base-p14_dinov2-pre_3rdparty_20230426-ba246503.pth 

backbone.patch_embed.projection.weight - torch.Size([768, 3, 14, 14]): 
PretrainedInit: load from https://download.openmmlab.com/mmpretrain/v1.0/dinov2/vit-base-p14_dinov2-pre_3rdparty_20230426-ba246503.pth 

backbone.patch_embed.projection.bias - torch.Size([768]): 
PretrainedInit: load from https://download.openmmlab.com/mmpretrain/v1.0/dinov2/vit-base-p14_dinov2-pre_3rdparty_20230426-ba246503.pth 

backbone.layers.0.ln1.weight - torch.Size([768]): 
PretrainedInit: load from https://download.openmmlab.com/mmpretrain/v1.0/dinov2/vit-base-p14_dinov2-pre_3rdparty_20230426-ba246503.pth 

backbone.layers.0.ln1.bias - torch.Size([768]): 
PretrainedInit: load from https://download.openmmlab.com/mmpretrain/v1.0/dinov2/vit-base-p14_dinov2-pre_3rdparty_20230426-ba246503.pth 

backbone.layers.0.attn.qkv.weight - torch.Size([2304, 768]): 
PretrainedInit: load from https://download.openmmlab.com/mmpretrain/v1.0/dinov2/vit-base-p14_dinov2-pre_3rdparty_20230426-ba246503.pth 

backbone.layers.0.attn.qkv.bias - torch.Size([2304]): 
PretrainedInit: load from https://download.openmmlab.com/mmpretrain/v1.0/dinov2/vit-base-p14_dinov2-pre_3rdparty_20230426-ba246503.pth 

backbone.layers.0.attn.proj.weight - torch.Size([768, 768]): 
PretrainedInit: load from https://download.openmmlab.com/mmpretrain/v1.0/dinov2/vit-base-p14_dinov2-pre_3rdparty_20230426-ba246503.pth 

backbone.layers.0.attn.proj.bias - torch.Size([768]): 
PretrainedInit: load from https://download.openmmlab.com/mmpretrain/v1.0/dinov2/vit-base-p14_dinov2-pre_3rdparty_20230426-ba246503.pth 

backbone.layers.0.attn.gamma1.weight - torch.Size([768]): 
PretrainedInit: load from https://download.openmmlab.com/mmpretrain/v1.0/dinov2/vit-base-p14_dinov2-pre_3rdparty_20230426-ba246503.pth 

backbone.layers.0.ln2.weight - torch.Size([768]): 
PretrainedInit: load from https://download.openmmlab.com/mmpretrain/v1.0/dinov2/vit-base-p14_dinov2-pre_3rdparty_20230426-ba246503.pth 

backbone.layers.0.ln2.bias - torch.Size([768]): 
PretrainedInit: load from https://download.openmmlab.com/mmpretrain/v1.0/dinov2/vit-base-p14_dinov2-pre_3rdparty_20230426-ba246503.pth 

backbone.layers.0.ffn.layers.0.0.weight - torch.Size([3072, 768]): 
PretrainedInit: load from https://download.openmmlab.com/mmpretrain/v1.0/dinov2/vit-base-p14_dinov2-pre_3rdparty_20230426-ba246503.pth 

backbone.layers.0.ffn.layers.0.0.bias - torch.Size([3072]): 
PretrainedInit: load from https://download.openmmlab.com/mmpretrain/v1.0/dinov2/vit-base-p14_dinov2-pre_3rdparty_20230426-ba246503.pth 

backbone.layers.0.ffn.layers.1.weight - torch.Size([768, 3072]): 
PretrainedInit: load from https://download.openmmlab.com/mmpretrain/v1.0/dinov2/vit-base-p14_dinov2-pre_3rdparty_20230426-ba246503.pth 

backbone.layers.0.ffn.layers.1.bias - torch.Size([768]): 
PretrainedInit: load from https://download.openmmlab.com/mmpretrain/v1.0/dinov2/vit-base-p14_dinov2-pre_3rdparty_20230426-ba246503.pth 

backbone.layers.0.ffn.gamma2.weight - torch.Size([768]): 
PretrainedInit: load from https://download.openmmlab.com/mmpretrain/v1.0/dinov2/vit-base-p14_dinov2-pre_3rdparty_20230426-ba246503.pth 

backbone.layers.1.ln1.weight - torch.Size([768]): 
PretrainedInit: load from https://download.openmmlab.com/mmpretrain/v1.0/dinov2/vit-base-p14_dinov2-pre_3rdparty_20230426-ba246503.pth 

backbone.layers.1.ln1.bias - torch.Size([768]): 
PretrainedInit: load from https://download.openmmlab.com/mmpretrain/v1.0/dinov2/vit-base-p14_dinov2-pre_3rdparty_20230426-ba246503.pth 

backbone.layers.1.attn.qkv.weight - torch.Size([2304, 768]): 
PretrainedInit: load from https://download.openmmlab.com/mmpretrain/v1.0/dinov2/vit-base-p14_dinov2-pre_3rdparty_20230426-ba246503.pth 

backbone.layers.1.attn.qkv.bias - torch.Size([2304]): 
PretrainedInit: load from https://download.openmmlab.com/mmpretrain/v1.0/dinov2/vit-base-p14_dinov2-pre_3rdparty_20230426-ba246503.pth 

backbone.layers.1.attn.proj.weight - torch.Size([768, 768]): 
PretrainedInit: load from https://download.openmmlab.com/mmpretrain/v1.0/dinov2/vit-base-p14_dinov2-pre_3rdparty_20230426-ba246503.pth 

backbone.layers.1.attn.proj.bias - torch.Size([768]): 
PretrainedInit: load from https://download.openmmlab.com/mmpretrain/v1.0/dinov2/vit-base-p14_dinov2-pre_3rdparty_20230426-ba246503.pth 

backbone.layers.1.attn.gamma1.weight - torch.Size([768]): 
PretrainedInit: load from https://download.openmmlab.com/mmpretrain/v1.0/dinov2/vit-base-p14_dinov2-pre_3rdparty_20230426-ba246503.pth 

backbone.layers.1.ln2.weight - torch.Size([768]): 
PretrainedInit: load from https://download.openmmlab.com/mmpretrain/v1.0/dinov2/vit-base-p14_dinov2-pre_3rdparty_20230426-ba246503.pth 

backbone.layers.1.ln2.bias - torch.Size([768]): 
PretrainedInit: load from https://download.openmmlab.com/mmpretrain/v1.0/dinov2/vit-base-p14_dinov2-pre_3rdparty_20230426-ba246503.pth 

backbone.layers.1.ffn.layers.0.0.weight - torch.Size([3072, 768]): 
PretrainedInit: load from https://download.openmmlab.com/mmpretrain/v1.0/dinov2/vit-base-p14_dinov2-pre_3rdparty_20230426-ba246503.pth 

backbone.layers.1.ffn.layers.0.0.bias - torch.Size([3072]): 
PretrainedInit: load from https://download.openmmlab.com/mmpretrain/v1.0/dinov2/vit-base-p14_dinov2-pre_3rdparty_20230426-ba246503.pth 

backbone.layers.1.ffn.layers.1.weight - torch.Size([768, 3072]): 
PretrainedInit: load from https://download.openmmlab.com/mmpretrain/v1.0/dinov2/vit-base-p14_dinov2-pre_3rdparty_20230426-ba246503.pth 

backbone.layers.1.ffn.layers.1.bias - torch.Size([768]): 
PretrainedInit: load from https://download.openmmlab.com/mmpretrain/v1.0/dinov2/vit-base-p14_dinov2-pre_3rdparty_20230426-ba246503.pth 

backbone.layers.1.ffn.gamma2.weight - torch.Size([768]): 
PretrainedInit: load from https://download.openmmlab.com/mmpretrain/v1.0/dinov2/vit-base-p14_dinov2-pre_3rdparty_20230426-ba246503.pth 

backbone.layers.2.ln1.weight - torch.Size([768]): 
PretrainedInit: load from https://download.openmmlab.com/mmpretrain/v1.0/dinov2/vit-base-p14_dinov2-pre_3rdparty_20230426-ba246503.pth 

backbone.layers.2.ln1.bias - torch.Size([768]): 
PretrainedInit: load from https://download.openmmlab.com/mmpretrain/v1.0/dinov2/vit-base-p14_dinov2-pre_3rdparty_20230426-ba246503.pth 

backbone.layers.2.attn.qkv.weight - torch.Size([2304, 768]): 
PretrainedInit: load from https://download.openmmlab.com/mmpretrain/v1.0/dinov2/vit-base-p14_dinov2-pre_3rdparty_20230426-ba246503.pth 

backbone.layers.2.attn.qkv.bias - torch.Size([2304]): 
PretrainedInit: load from https://download.openmmlab.com/mmpretrain/v1.0/dinov2/vit-base-p14_dinov2-pre_3rdparty_20230426-ba246503.pth 

backbone.layers.2.attn.proj.weight - torch.Size([768, 768]): 
PretrainedInit: load from https://download.openmmlab.com/mmpretrain/v1.0/dinov2/vit-base-p14_dinov2-pre_3rdparty_20230426-ba246503.pth 

backbone.layers.2.attn.proj.bias - torch.Size([768]): 
PretrainedInit: load from https://download.openmmlab.com/mmpretrain/v1.0/dinov2/vit-base-p14_dinov2-pre_3rdparty_20230426-ba246503.pth 

backbone.layers.2.attn.gamma1.weight - torch.Size([768]): 
PretrainedInit: load from https://download.openmmlab.com/mmpretrain/v1.0/dinov2/vit-base-p14_dinov2-pre_3rdparty_20230426-ba246503.pth 

backbone.layers.2.ln2.weight - torch.Size([768]): 
PretrainedInit: load from https://download.openmmlab.com/mmpretrain/v1.0/dinov2/vit-base-p14_dinov2-pre_3rdparty_20230426-ba246503.pth 

backbone.layers.2.ln2.bias - torch.Size([768]): 
PretrainedInit: load from https://download.openmmlab.com/mmpretrain/v1.0/dinov2/vit-base-p14_dinov2-pre_3rdparty_20230426-ba246503.pth 

backbone.layers.2.ffn.layers.0.0.weight - torch.Size([3072, 768]): 
PretrainedInit: load from https://download.openmmlab.com/mmpretrain/v1.0/dinov2/vit-base-p14_dinov2-pre_3rdparty_20230426-ba246503.pth 

backbone.layers.2.ffn.layers.0.0.bias - torch.Size([3072]): 
PretrainedInit: load from https://download.openmmlab.com/mmpretrain/v1.0/dinov2/vit-base-p14_dinov2-pre_3rdparty_20230426-ba246503.pth 

backbone.layers.2.ffn.layers.1.weight - torch.Size([768, 3072]): 
PretrainedInit: load from https://download.openmmlab.com/mmpretrain/v1.0/dinov2/vit-base-p14_dinov2-pre_3rdparty_20230426-ba246503.pth 

backbone.layers.2.ffn.layers.1.bias - torch.Size([768]): 
PretrainedInit: load from https://download.openmmlab.com/mmpretrain/v1.0/dinov2/vit-base-p14_dinov2-pre_3rdparty_20230426-ba246503.pth 

backbone.layers.2.ffn.gamma2.weight - torch.Size([768]): 
PretrainedInit: load from https://download.openmmlab.com/mmpretrain/v1.0/dinov2/vit-base-p14_dinov2-pre_3rdparty_20230426-ba246503.pth 

backbone.layers.3.ln1.weight - torch.Size([768]): 
PretrainedInit: load from https://download.openmmlab.com/mmpretrain/v1.0/dinov2/vit-base-p14_dinov2-pre_3rdparty_20230426-ba246503.pth 

backbone.layers.3.ln1.bias - torch.Size([768]): 
PretrainedInit: load from https://download.openmmlab.com/mmpretrain/v1.0/dinov2/vit-base-p14_dinov2-pre_3rdparty_20230426-ba246503.pth 

backbone.layers.3.attn.qkv.weight - torch.Size([2304, 768]): 
PretrainedInit: load from https://download.openmmlab.com/mmpretrain/v1.0/dinov2/vit-base-p14_dinov2-pre_3rdparty_20230426-ba246503.pth 

backbone.layers.3.attn.qkv.bias - torch.Size([2304]): 
PretrainedInit: load from https://download.openmmlab.com/mmpretrain/v1.0/dinov2/vit-base-p14_dinov2-pre_3rdparty_20230426-ba246503.pth 

backbone.layers.3.attn.proj.weight - torch.Size([768, 768]): 
PretrainedInit: load from https://download.openmmlab.com/mmpretrain/v1.0/dinov2/vit-base-p14_dinov2-pre_3rdparty_20230426-ba246503.pth 

backbone.layers.3.attn.proj.bias - torch.Size([768]): 
PretrainedInit: load from https://download.openmmlab.com/mmpretrain/v1.0/dinov2/vit-base-p14_dinov2-pre_3rdparty_20230426-ba246503.pth 

backbone.layers.3.attn.gamma1.weight - torch.Size([768]): 
PretrainedInit: load from https://download.openmmlab.com/mmpretrain/v1.0/dinov2/vit-base-p14_dinov2-pre_3rdparty_20230426-ba246503.pth 

backbone.layers.3.ln2.weight - torch.Size([768]): 
PretrainedInit: load from https://download.openmmlab.com/mmpretrain/v1.0/dinov2/vit-base-p14_dinov2-pre_3rdparty_20230426-ba246503.pth 

backbone.layers.3.ln2.bias - torch.Size([768]): 
PretrainedInit: load from https://download.openmmlab.com/mmpretrain/v1.0/dinov2/vit-base-p14_dinov2-pre_3rdparty_20230426-ba246503.pth 

backbone.layers.3.ffn.layers.0.0.weight - torch.Size([3072, 768]): 
PretrainedInit: load from https://download.openmmlab.com/mmpretrain/v1.0/dinov2/vit-base-p14_dinov2-pre_3rdparty_20230426-ba246503.pth 

backbone.layers.3.ffn.layers.0.0.bias - torch.Size([3072]): 
PretrainedInit: load from https://download.openmmlab.com/mmpretrain/v1.0/dinov2/vit-base-p14_dinov2-pre_3rdparty_20230426-ba246503.pth 

backbone.layers.3.ffn.layers.1.weight - torch.Size([768, 3072]): 
PretrainedInit: load from https://download.openmmlab.com/mmpretrain/v1.0/dinov2/vit-base-p14_dinov2-pre_3rdparty_20230426-ba246503.pth 

backbone.layers.3.ffn.layers.1.bias - torch.Size([768]): 
PretrainedInit: load from https://download.openmmlab.com/mmpretrain/v1.0/dinov2/vit-base-p14_dinov2-pre_3rdparty_20230426-ba246503.pth 

backbone.layers.3.ffn.gamma2.weight - torch.Size([768]): 
PretrainedInit: load from https://download.openmmlab.com/mmpretrain/v1.0/dinov2/vit-base-p14_dinov2-pre_3rdparty_20230426-ba246503.pth 

backbone.layers.4.ln1.weight - torch.Size([768]): 
PretrainedInit: load from https://download.openmmlab.com/mmpretrain/v1.0/dinov2/vit-base-p14_dinov2-pre_3rdparty_20230426-ba246503.pth 

backbone.layers.4.ln1.bias - torch.Size([768]): 
PretrainedInit: load from https://download.openmmlab.com/mmpretrain/v1.0/dinov2/vit-base-p14_dinov2-pre_3rdparty_20230426-ba246503.pth 

backbone.layers.4.attn.qkv.weight - torch.Size([2304, 768]): 
PretrainedInit: load from https://download.openmmlab.com/mmpretrain/v1.0/dinov2/vit-base-p14_dinov2-pre_3rdparty_20230426-ba246503.pth 

backbone.layers.4.attn.qkv.bias - torch.Size([2304]): 
PretrainedInit: load from https://download.openmmlab.com/mmpretrain/v1.0/dinov2/vit-base-p14_dinov2-pre_3rdparty_20230426-ba246503.pth 

backbone.layers.4.attn.proj.weight - torch.Size([768, 768]): 
PretrainedInit: load from https://download.openmmlab.com/mmpretrain/v1.0/dinov2/vit-base-p14_dinov2-pre_3rdparty_20230426-ba246503.pth 

backbone.layers.4.attn.proj.bias - torch.Size([768]): 
PretrainedInit: load from https://download.openmmlab.com/mmpretrain/v1.0/dinov2/vit-base-p14_dinov2-pre_3rdparty_20230426-ba246503.pth 

backbone.layers.4.attn.gamma1.weight - torch.Size([768]): 
PretrainedInit: load from https://download.openmmlab.com/mmpretrain/v1.0/dinov2/vit-base-p14_dinov2-pre_3rdparty_20230426-ba246503.pth 

backbone.layers.4.ln2.weight - torch.Size([768]): 
PretrainedInit: load from https://download.openmmlab.com/mmpretrain/v1.0/dinov2/vit-base-p14_dinov2-pre_3rdparty_20230426-ba246503.pth 

backbone.layers.4.ln2.bias - torch.Size([768]): 
PretrainedInit: load from https://download.openmmlab.com/mmpretrain/v1.0/dinov2/vit-base-p14_dinov2-pre_3rdparty_20230426-ba246503.pth 

backbone.layers.4.ffn.layers.0.0.weight - torch.Size([3072, 768]): 
PretrainedInit: load from https://download.openmmlab.com/mmpretrain/v1.0/dinov2/vit-base-p14_dinov2-pre_3rdparty_20230426-ba246503.pth 

backbone.layers.4.ffn.layers.0.0.bias - torch.Size([3072]): 
PretrainedInit: load from https://download.openmmlab.com/mmpretrain/v1.0/dinov2/vit-base-p14_dinov2-pre_3rdparty_20230426-ba246503.pth 

backbone.layers.4.ffn.layers.1.weight - torch.Size([768, 3072]): 
PretrainedInit: load from https://download.openmmlab.com/mmpretrain/v1.0/dinov2/vit-base-p14_dinov2-pre_3rdparty_20230426-ba246503.pth 

backbone.layers.4.ffn.layers.1.bias - torch.Size([768]): 
PretrainedInit: load from https://download.openmmlab.com/mmpretrain/v1.0/dinov2/vit-base-p14_dinov2-pre_3rdparty_20230426-ba246503.pth 

backbone.layers.4.ffn.gamma2.weight - torch.Size([768]): 
PretrainedInit: load from https://download.openmmlab.com/mmpretrain/v1.0/dinov2/vit-base-p14_dinov2-pre_3rdparty_20230426-ba246503.pth 

backbone.layers.5.ln1.weight - torch.Size([768]): 
PretrainedInit: load from https://download.openmmlab.com/mmpretrain/v1.0/dinov2/vit-base-p14_dinov2-pre_3rdparty_20230426-ba246503.pth 

backbone.layers.5.ln1.bias - torch.Size([768]): 
PretrainedInit: load from https://download.openmmlab.com/mmpretrain/v1.0/dinov2/vit-base-p14_dinov2-pre_3rdparty_20230426-ba246503.pth 

backbone.layers.5.attn.qkv.weight - torch.Size([2304, 768]): 
PretrainedInit: load from https://download.openmmlab.com/mmpretrain/v1.0/dinov2/vit-base-p14_dinov2-pre_3rdparty_20230426-ba246503.pth 

backbone.layers.5.attn.qkv.bias - torch.Size([2304]): 
PretrainedInit: load from https://download.openmmlab.com/mmpretrain/v1.0/dinov2/vit-base-p14_dinov2-pre_3rdparty_20230426-ba246503.pth 

backbone.layers.5.attn.proj.weight - torch.Size([768, 768]): 
PretrainedInit: load from https://download.openmmlab.com/mmpretrain/v1.0/dinov2/vit-base-p14_dinov2-pre_3rdparty_20230426-ba246503.pth 

backbone.layers.5.attn.proj.bias - torch.Size([768]): 
PretrainedInit: load from https://download.openmmlab.com/mmpretrain/v1.0/dinov2/vit-base-p14_dinov2-pre_3rdparty_20230426-ba246503.pth 

backbone.layers.5.attn.gamma1.weight - torch.Size([768]): 
PretrainedInit: load from https://download.openmmlab.com/mmpretrain/v1.0/dinov2/vit-base-p14_dinov2-pre_3rdparty_20230426-ba246503.pth 

backbone.layers.5.ln2.weight - torch.Size([768]): 
PretrainedInit: load from https://download.openmmlab.com/mmpretrain/v1.0/dinov2/vit-base-p14_dinov2-pre_3rdparty_20230426-ba246503.pth 

backbone.layers.5.ln2.bias - torch.Size([768]): 
PretrainedInit: load from https://download.openmmlab.com/mmpretrain/v1.0/dinov2/vit-base-p14_dinov2-pre_3rdparty_20230426-ba246503.pth 

backbone.layers.5.ffn.layers.0.0.weight - torch.Size([3072, 768]): 
PretrainedInit: load from https://download.openmmlab.com/mmpretrain/v1.0/dinov2/vit-base-p14_dinov2-pre_3rdparty_20230426-ba246503.pth 

backbone.layers.5.ffn.layers.0.0.bias - torch.Size([3072]): 
PretrainedInit: load from https://download.openmmlab.com/mmpretrain/v1.0/dinov2/vit-base-p14_dinov2-pre_3rdparty_20230426-ba246503.pth 

backbone.layers.5.ffn.layers.1.weight - torch.Size([768, 3072]): 
PretrainedInit: load from https://download.openmmlab.com/mmpretrain/v1.0/dinov2/vit-base-p14_dinov2-pre_3rdparty_20230426-ba246503.pth 

backbone.layers.5.ffn.layers.1.bias - torch.Size([768]): 
PretrainedInit: load from https://download.openmmlab.com/mmpretrain/v1.0/dinov2/vit-base-p14_dinov2-pre_3rdparty_20230426-ba246503.pth 

backbone.layers.5.ffn.gamma2.weight - torch.Size([768]): 
PretrainedInit: load from https://download.openmmlab.com/mmpretrain/v1.0/dinov2/vit-base-p14_dinov2-pre_3rdparty_20230426-ba246503.pth 

backbone.layers.6.ln1.weight - torch.Size([768]): 
PretrainedInit: load from https://download.openmmlab.com/mmpretrain/v1.0/dinov2/vit-base-p14_dinov2-pre_3rdparty_20230426-ba246503.pth 

backbone.layers.6.ln1.bias - torch.Size([768]): 
PretrainedInit: load from https://download.openmmlab.com/mmpretrain/v1.0/dinov2/vit-base-p14_dinov2-pre_3rdparty_20230426-ba246503.pth 

backbone.layers.6.attn.qkv.weight - torch.Size([2304, 768]): 
PretrainedInit: load from https://download.openmmlab.com/mmpretrain/v1.0/dinov2/vit-base-p14_dinov2-pre_3rdparty_20230426-ba246503.pth 

backbone.layers.6.attn.qkv.bias - torch.Size([2304]): 
PretrainedInit: load from https://download.openmmlab.com/mmpretrain/v1.0/dinov2/vit-base-p14_dinov2-pre_3rdparty_20230426-ba246503.pth 

backbone.layers.6.attn.proj.weight - torch.Size([768, 768]): 
PretrainedInit: load from https://download.openmmlab.com/mmpretrain/v1.0/dinov2/vit-base-p14_dinov2-pre_3rdparty_20230426-ba246503.pth 

backbone.layers.6.attn.proj.bias - torch.Size([768]): 
PretrainedInit: load from https://download.openmmlab.com/mmpretrain/v1.0/dinov2/vit-base-p14_dinov2-pre_3rdparty_20230426-ba246503.pth 

backbone.layers.6.attn.gamma1.weight - torch.Size([768]): 
PretrainedInit: load from https://download.openmmlab.com/mmpretrain/v1.0/dinov2/vit-base-p14_dinov2-pre_3rdparty_20230426-ba246503.pth 

backbone.layers.6.ln2.weight - torch.Size([768]): 
PretrainedInit: load from https://download.openmmlab.com/mmpretrain/v1.0/dinov2/vit-base-p14_dinov2-pre_3rdparty_20230426-ba246503.pth 

backbone.layers.6.ln2.bias - torch.Size([768]): 
PretrainedInit: load from https://download.openmmlab.com/mmpretrain/v1.0/dinov2/vit-base-p14_dinov2-pre_3rdparty_20230426-ba246503.pth 

backbone.layers.6.ffn.layers.0.0.weight - torch.Size([3072, 768]): 
PretrainedInit: load from https://download.openmmlab.com/mmpretrain/v1.0/dinov2/vit-base-p14_dinov2-pre_3rdparty_20230426-ba246503.pth 

backbone.layers.6.ffn.layers.0.0.bias - torch.Size([3072]): 
PretrainedInit: load from https://download.openmmlab.com/mmpretrain/v1.0/dinov2/vit-base-p14_dinov2-pre_3rdparty_20230426-ba246503.pth 

backbone.layers.6.ffn.layers.1.weight - torch.Size([768, 3072]): 
PretrainedInit: load from https://download.openmmlab.com/mmpretrain/v1.0/dinov2/vit-base-p14_dinov2-pre_3rdparty_20230426-ba246503.pth 

backbone.layers.6.ffn.layers.1.bias - torch.Size([768]): 
PretrainedInit: load from https://download.openmmlab.com/mmpretrain/v1.0/dinov2/vit-base-p14_dinov2-pre_3rdparty_20230426-ba246503.pth 

backbone.layers.6.ffn.gamma2.weight - torch.Size([768]): 
PretrainedInit: load from https://download.openmmlab.com/mmpretrain/v1.0/dinov2/vit-base-p14_dinov2-pre_3rdparty_20230426-ba246503.pth 

backbone.layers.7.ln1.weight - torch.Size([768]): 
PretrainedInit: load from https://download.openmmlab.com/mmpretrain/v1.0/dinov2/vit-base-p14_dinov2-pre_3rdparty_20230426-ba246503.pth 

backbone.layers.7.ln1.bias - torch.Size([768]): 
PretrainedInit: load from https://download.openmmlab.com/mmpretrain/v1.0/dinov2/vit-base-p14_dinov2-pre_3rdparty_20230426-ba246503.pth 

backbone.layers.7.attn.qkv.weight - torch.Size([2304, 768]): 
PretrainedInit: load from https://download.openmmlab.com/mmpretrain/v1.0/dinov2/vit-base-p14_dinov2-pre_3rdparty_20230426-ba246503.pth 

backbone.layers.7.attn.qkv.bias - torch.Size([2304]): 
PretrainedInit: load from https://download.openmmlab.com/mmpretrain/v1.0/dinov2/vit-base-p14_dinov2-pre_3rdparty_20230426-ba246503.pth 

backbone.layers.7.attn.proj.weight - torch.Size([768, 768]): 
PretrainedInit: load from https://download.openmmlab.com/mmpretrain/v1.0/dinov2/vit-base-p14_dinov2-pre_3rdparty_20230426-ba246503.pth 

backbone.layers.7.attn.proj.bias - torch.Size([768]): 
PretrainedInit: load from https://download.openmmlab.com/mmpretrain/v1.0/dinov2/vit-base-p14_dinov2-pre_3rdparty_20230426-ba246503.pth 

backbone.layers.7.attn.gamma1.weight - torch.Size([768]): 
PretrainedInit: load from https://download.openmmlab.com/mmpretrain/v1.0/dinov2/vit-base-p14_dinov2-pre_3rdparty_20230426-ba246503.pth 

backbone.layers.7.ln2.weight - torch.Size([768]): 
PretrainedInit: load from https://download.openmmlab.com/mmpretrain/v1.0/dinov2/vit-base-p14_dinov2-pre_3rdparty_20230426-ba246503.pth 

backbone.layers.7.ln2.bias - torch.Size([768]): 
PretrainedInit: load from https://download.openmmlab.com/mmpretrain/v1.0/dinov2/vit-base-p14_dinov2-pre_3rdparty_20230426-ba246503.pth 

backbone.layers.7.ffn.layers.0.0.weight - torch.Size([3072, 768]): 
PretrainedInit: load from https://download.openmmlab.com/mmpretrain/v1.0/dinov2/vit-base-p14_dinov2-pre_3rdparty_20230426-ba246503.pth 

backbone.layers.7.ffn.layers.0.0.bias - torch.Size([3072]): 
PretrainedInit: load from https://download.openmmlab.com/mmpretrain/v1.0/dinov2/vit-base-p14_dinov2-pre_3rdparty_20230426-ba246503.pth 

backbone.layers.7.ffn.layers.1.weight - torch.Size([768, 3072]): 
PretrainedInit: load from https://download.openmmlab.com/mmpretrain/v1.0/dinov2/vit-base-p14_dinov2-pre_3rdparty_20230426-ba246503.pth 

backbone.layers.7.ffn.layers.1.bias - torch.Size([768]): 
PretrainedInit: load from https://download.openmmlab.com/mmpretrain/v1.0/dinov2/vit-base-p14_dinov2-pre_3rdparty_20230426-ba246503.pth 

backbone.layers.7.ffn.gamma2.weight - torch.Size([768]): 
PretrainedInit: load from https://download.openmmlab.com/mmpretrain/v1.0/dinov2/vit-base-p14_dinov2-pre_3rdparty_20230426-ba246503.pth 

backbone.layers.8.ln1.weight - torch.Size([768]): 
PretrainedInit: load from https://download.openmmlab.com/mmpretrain/v1.0/dinov2/vit-base-p14_dinov2-pre_3rdparty_20230426-ba246503.pth 

backbone.layers.8.ln1.bias - torch.Size([768]): 
PretrainedInit: load from https://download.openmmlab.com/mmpretrain/v1.0/dinov2/vit-base-p14_dinov2-pre_3rdparty_20230426-ba246503.pth 

backbone.layers.8.attn.qkv.weight - torch.Size([2304, 768]): 
PretrainedInit: load from https://download.openmmlab.com/mmpretrain/v1.0/dinov2/vit-base-p14_dinov2-pre_3rdparty_20230426-ba246503.pth 

backbone.layers.8.attn.qkv.bias - torch.Size([2304]): 
PretrainedInit: load from https://download.openmmlab.com/mmpretrain/v1.0/dinov2/vit-base-p14_dinov2-pre_3rdparty_20230426-ba246503.pth 

backbone.layers.8.attn.proj.weight - torch.Size([768, 768]): 
PretrainedInit: load from https://download.openmmlab.com/mmpretrain/v1.0/dinov2/vit-base-p14_dinov2-pre_3rdparty_20230426-ba246503.pth 

backbone.layers.8.attn.proj.bias - torch.Size([768]): 
PretrainedInit: load from https://download.openmmlab.com/mmpretrain/v1.0/dinov2/vit-base-p14_dinov2-pre_3rdparty_20230426-ba246503.pth 

backbone.layers.8.attn.gamma1.weight - torch.Size([768]): 
PretrainedInit: load from https://download.openmmlab.com/mmpretrain/v1.0/dinov2/vit-base-p14_dinov2-pre_3rdparty_20230426-ba246503.pth 

backbone.layers.8.ln2.weight - torch.Size([768]): 
PretrainedInit: load from https://download.openmmlab.com/mmpretrain/v1.0/dinov2/vit-base-p14_dinov2-pre_3rdparty_20230426-ba246503.pth 

backbone.layers.8.ln2.bias - torch.Size([768]): 
PretrainedInit: load from https://download.openmmlab.com/mmpretrain/v1.0/dinov2/vit-base-p14_dinov2-pre_3rdparty_20230426-ba246503.pth 

backbone.layers.8.ffn.layers.0.0.weight - torch.Size([3072, 768]): 
PretrainedInit: load from https://download.openmmlab.com/mmpretrain/v1.0/dinov2/vit-base-p14_dinov2-pre_3rdparty_20230426-ba246503.pth 

backbone.layers.8.ffn.layers.0.0.bias - torch.Size([3072]): 
PretrainedInit: load from https://download.openmmlab.com/mmpretrain/v1.0/dinov2/vit-base-p14_dinov2-pre_3rdparty_20230426-ba246503.pth 

backbone.layers.8.ffn.layers.1.weight - torch.Size([768, 3072]): 
PretrainedInit: load from https://download.openmmlab.com/mmpretrain/v1.0/dinov2/vit-base-p14_dinov2-pre_3rdparty_20230426-ba246503.pth 

backbone.layers.8.ffn.layers.1.bias - torch.Size([768]): 
PretrainedInit: load from https://download.openmmlab.com/mmpretrain/v1.0/dinov2/vit-base-p14_dinov2-pre_3rdparty_20230426-ba246503.pth 

backbone.layers.8.ffn.gamma2.weight - torch.Size([768]): 
PretrainedInit: load from https://download.openmmlab.com/mmpretrain/v1.0/dinov2/vit-base-p14_dinov2-pre_3rdparty_20230426-ba246503.pth 

backbone.layers.9.ln1.weight - torch.Size([768]): 
PretrainedInit: load from https://download.openmmlab.com/mmpretrain/v1.0/dinov2/vit-base-p14_dinov2-pre_3rdparty_20230426-ba246503.pth 

backbone.layers.9.ln1.bias - torch.Size([768]): 
PretrainedInit: load from https://download.openmmlab.com/mmpretrain/v1.0/dinov2/vit-base-p14_dinov2-pre_3rdparty_20230426-ba246503.pth 

backbone.layers.9.attn.qkv.weight - torch.Size([2304, 768]): 
PretrainedInit: load from https://download.openmmlab.com/mmpretrain/v1.0/dinov2/vit-base-p14_dinov2-pre_3rdparty_20230426-ba246503.pth 

backbone.layers.9.attn.qkv.bias - torch.Size([2304]): 
PretrainedInit: load from https://download.openmmlab.com/mmpretrain/v1.0/dinov2/vit-base-p14_dinov2-pre_3rdparty_20230426-ba246503.pth 

backbone.layers.9.attn.proj.weight - torch.Size([768, 768]): 
PretrainedInit: load from https://download.openmmlab.com/mmpretrain/v1.0/dinov2/vit-base-p14_dinov2-pre_3rdparty_20230426-ba246503.pth 

backbone.layers.9.attn.proj.bias - torch.Size([768]): 
PretrainedInit: load from https://download.openmmlab.com/mmpretrain/v1.0/dinov2/vit-base-p14_dinov2-pre_3rdparty_20230426-ba246503.pth 

backbone.layers.9.attn.gamma1.weight - torch.Size([768]): 
PretrainedInit: load from https://download.openmmlab.com/mmpretrain/v1.0/dinov2/vit-base-p14_dinov2-pre_3rdparty_20230426-ba246503.pth 

backbone.layers.9.ln2.weight - torch.Size([768]): 
PretrainedInit: load from https://download.openmmlab.com/mmpretrain/v1.0/dinov2/vit-base-p14_dinov2-pre_3rdparty_20230426-ba246503.pth 

backbone.layers.9.ln2.bias - torch.Size([768]): 
PretrainedInit: load from https://download.openmmlab.com/mmpretrain/v1.0/dinov2/vit-base-p14_dinov2-pre_3rdparty_20230426-ba246503.pth 

backbone.layers.9.ffn.layers.0.0.weight - torch.Size([3072, 768]): 
PretrainedInit: load from https://download.openmmlab.com/mmpretrain/v1.0/dinov2/vit-base-p14_dinov2-pre_3rdparty_20230426-ba246503.pth 

backbone.layers.9.ffn.layers.0.0.bias - torch.Size([3072]): 
PretrainedInit: load from https://download.openmmlab.com/mmpretrain/v1.0/dinov2/vit-base-p14_dinov2-pre_3rdparty_20230426-ba246503.pth 

backbone.layers.9.ffn.layers.1.weight - torch.Size([768, 3072]): 
PretrainedInit: load from https://download.openmmlab.com/mmpretrain/v1.0/dinov2/vit-base-p14_dinov2-pre_3rdparty_20230426-ba246503.pth 

backbone.layers.9.ffn.layers.1.bias - torch.Size([768]): 
PretrainedInit: load from https://download.openmmlab.com/mmpretrain/v1.0/dinov2/vit-base-p14_dinov2-pre_3rdparty_20230426-ba246503.pth 

backbone.layers.9.ffn.gamma2.weight - torch.Size([768]): 
PretrainedInit: load from https://download.openmmlab.com/mmpretrain/v1.0/dinov2/vit-base-p14_dinov2-pre_3rdparty_20230426-ba246503.pth 

backbone.layers.10.ln1.weight - torch.Size([768]): 
PretrainedInit: load from https://download.openmmlab.com/mmpretrain/v1.0/dinov2/vit-base-p14_dinov2-pre_3rdparty_20230426-ba246503.pth 

backbone.layers.10.ln1.bias - torch.Size([768]): 
PretrainedInit: load from https://download.openmmlab.com/mmpretrain/v1.0/dinov2/vit-base-p14_dinov2-pre_3rdparty_20230426-ba246503.pth 

backbone.layers.10.attn.qkv.weight - torch.Size([2304, 768]): 
PretrainedInit: load from https://download.openmmlab.com/mmpretrain/v1.0/dinov2/vit-base-p14_dinov2-pre_3rdparty_20230426-ba246503.pth 

backbone.layers.10.attn.qkv.bias - torch.Size([2304]): 
PretrainedInit: load from https://download.openmmlab.com/mmpretrain/v1.0/dinov2/vit-base-p14_dinov2-pre_3rdparty_20230426-ba246503.pth 

backbone.layers.10.attn.proj.weight - torch.Size([768, 768]): 
PretrainedInit: load from https://download.openmmlab.com/mmpretrain/v1.0/dinov2/vit-base-p14_dinov2-pre_3rdparty_20230426-ba246503.pth 

backbone.layers.10.attn.proj.bias - torch.Size([768]): 
PretrainedInit: load from https://download.openmmlab.com/mmpretrain/v1.0/dinov2/vit-base-p14_dinov2-pre_3rdparty_20230426-ba246503.pth 

backbone.layers.10.attn.gamma1.weight - torch.Size([768]): 
PretrainedInit: load from https://download.openmmlab.com/mmpretrain/v1.0/dinov2/vit-base-p14_dinov2-pre_3rdparty_20230426-ba246503.pth 

backbone.layers.10.ln2.weight - torch.Size([768]): 
PretrainedInit: load from https://download.openmmlab.com/mmpretrain/v1.0/dinov2/vit-base-p14_dinov2-pre_3rdparty_20230426-ba246503.pth 

backbone.layers.10.ln2.bias - torch.Size([768]): 
PretrainedInit: load from https://download.openmmlab.com/mmpretrain/v1.0/dinov2/vit-base-p14_dinov2-pre_3rdparty_20230426-ba246503.pth 

backbone.layers.10.ffn.layers.0.0.weight - torch.Size([3072, 768]): 
PretrainedInit: load from https://download.openmmlab.com/mmpretrain/v1.0/dinov2/vit-base-p14_dinov2-pre_3rdparty_20230426-ba246503.pth 

backbone.layers.10.ffn.layers.0.0.bias - torch.Size([3072]): 
PretrainedInit: load from https://download.openmmlab.com/mmpretrain/v1.0/dinov2/vit-base-p14_dinov2-pre_3rdparty_20230426-ba246503.pth 

backbone.layers.10.ffn.layers.1.weight - torch.Size([768, 3072]): 
PretrainedInit: load from https://download.openmmlab.com/mmpretrain/v1.0/dinov2/vit-base-p14_dinov2-pre_3rdparty_20230426-ba246503.pth 

backbone.layers.10.ffn.layers.1.bias - torch.Size([768]): 
PretrainedInit: load from https://download.openmmlab.com/mmpretrain/v1.0/dinov2/vit-base-p14_dinov2-pre_3rdparty_20230426-ba246503.pth 

backbone.layers.10.ffn.gamma2.weight - torch.Size([768]): 
PretrainedInit: load from https://download.openmmlab.com/mmpretrain/v1.0/dinov2/vit-base-p14_dinov2-pre_3rdparty_20230426-ba246503.pth 

backbone.layers.11.ln1.weight - torch.Size([768]): 
PretrainedInit: load from https://download.openmmlab.com/mmpretrain/v1.0/dinov2/vit-base-p14_dinov2-pre_3rdparty_20230426-ba246503.pth 

backbone.layers.11.ln1.bias - torch.Size([768]): 
PretrainedInit: load from https://download.openmmlab.com/mmpretrain/v1.0/dinov2/vit-base-p14_dinov2-pre_3rdparty_20230426-ba246503.pth 

backbone.layers.11.attn.qkv.weight - torch.Size([2304, 768]): 
PretrainedInit: load from https://download.openmmlab.com/mmpretrain/v1.0/dinov2/vit-base-p14_dinov2-pre_3rdparty_20230426-ba246503.pth 

backbone.layers.11.attn.qkv.bias - torch.Size([2304]): 
PretrainedInit: load from https://download.openmmlab.com/mmpretrain/v1.0/dinov2/vit-base-p14_dinov2-pre_3rdparty_20230426-ba246503.pth 

backbone.layers.11.attn.proj.weight - torch.Size([768, 768]): 
PretrainedInit: load from https://download.openmmlab.com/mmpretrain/v1.0/dinov2/vit-base-p14_dinov2-pre_3rdparty_20230426-ba246503.pth 

backbone.layers.11.attn.proj.bias - torch.Size([768]): 
PretrainedInit: load from https://download.openmmlab.com/mmpretrain/v1.0/dinov2/vit-base-p14_dinov2-pre_3rdparty_20230426-ba246503.pth 

backbone.layers.11.attn.gamma1.weight - torch.Size([768]): 
PretrainedInit: load from https://download.openmmlab.com/mmpretrain/v1.0/dinov2/vit-base-p14_dinov2-pre_3rdparty_20230426-ba246503.pth 

backbone.layers.11.ln2.weight - torch.Size([768]): 
PretrainedInit: load from https://download.openmmlab.com/mmpretrain/v1.0/dinov2/vit-base-p14_dinov2-pre_3rdparty_20230426-ba246503.pth 

backbone.layers.11.ln2.bias - torch.Size([768]): 
PretrainedInit: load from https://download.openmmlab.com/mmpretrain/v1.0/dinov2/vit-base-p14_dinov2-pre_3rdparty_20230426-ba246503.pth 

backbone.layers.11.ffn.layers.0.0.weight - torch.Size([3072, 768]): 
PretrainedInit: load from https://download.openmmlab.com/mmpretrain/v1.0/dinov2/vit-base-p14_dinov2-pre_3rdparty_20230426-ba246503.pth 

backbone.layers.11.ffn.layers.0.0.bias - torch.Size([3072]): 
PretrainedInit: load from https://download.openmmlab.com/mmpretrain/v1.0/dinov2/vit-base-p14_dinov2-pre_3rdparty_20230426-ba246503.pth 

backbone.layers.11.ffn.layers.1.weight - torch.Size([768, 3072]): 
PretrainedInit: load from https://download.openmmlab.com/mmpretrain/v1.0/dinov2/vit-base-p14_dinov2-pre_3rdparty_20230426-ba246503.pth 

backbone.layers.11.ffn.layers.1.bias - torch.Size([768]): 
PretrainedInit: load from https://download.openmmlab.com/mmpretrain/v1.0/dinov2/vit-base-p14_dinov2-pre_3rdparty_20230426-ba246503.pth 

backbone.layers.11.ffn.gamma2.weight - torch.Size([768]): 
PretrainedInit: load from https://download.openmmlab.com/mmpretrain/v1.0/dinov2/vit-base-p14_dinov2-pre_3rdparty_20230426-ba246503.pth 

backbone.ln1.weight - torch.Size([768]): 
PretrainedInit: load from https://download.openmmlab.com/mmpretrain/v1.0/dinov2/vit-base-p14_dinov2-pre_3rdparty_20230426-ba246503.pth 

backbone.ln1.bias - torch.Size([768]): 
PretrainedInit: load from https://download.openmmlab.com/mmpretrain/v1.0/dinov2/vit-base-p14_dinov2-pre_3rdparty_20230426-ba246503.pth 

head.layers.head.weight - torch.Size([7806, 768]): 
PretrainedInit: load from /mnt/data/saved/20240709_083652_leafcaw_new.pth 

head.layers.head.bias - torch.Size([7806]): 
PretrainedInit: load from /mnt/data/saved/20240709_083652_leafcaw_new.pth 
2024/07/23 21:07:14 - mmengine - WARNING - "FileClient" will be deprecated in future. Please use io functions in https://mmengine.readthedocs.io/en/latest/api/fileio.html#file-io
2024/07/23 21:07:14 - mmengine - WARNING - "HardDiskBackend" is the alias of "LocalBackend" and the former will be deprecated in future.
2024/07/23 21:07:14 - mmengine - INFO - Checkpoints will be saved to /root/weed-detection/work_dirs/finetune.
2024/07/23 21:09:10 - mmengine - INFO - Epoch(train)  [1][ 100/2952]  base_lr: 1.0000e-04 lr: 1.0000e-04  eta: 19:01:16  time: 1.1303  data_time: 0.0011  memory: 65503  loss: 3.0644
2024/07/23 21:11:03 - mmengine - INFO - Epoch(train)  [1][ 200/2952]  base_lr: 1.0000e-04 lr: 1.0000e-04  eta: 18:44:02  time: 1.1309  data_time: 0.0015  memory: 65503  loss: 2.1217
2024/07/23 21:12:56 - mmengine - INFO - Epoch(train)  [1][ 300/2952]  base_lr: 1.0000e-04 lr: 1.0000e-04  eta: 18:36:48  time: 1.1294  data_time: 0.0010  memory: 65503  loss: 2.0841
2024/07/23 21:14:49 - mmengine - INFO - Epoch(train)  [1][ 400/2952]  base_lr: 1.0000e-04 lr: 1.0000e-04  eta: 18:32:11  time: 1.1298  data_time: 0.0010  memory: 65503  loss: 2.0052
2024/07/23 21:16:42 - mmengine - INFO - Epoch(train)  [1][ 500/2952]  base_lr: 1.0000e-04 lr: 1.0000e-04  eta: 18:28:48  time: 1.1298  data_time: 0.0010  memory: 65503  loss: 1.8859
2024/07/23 21:18:35 - mmengine - INFO - Epoch(train)  [1][ 600/2952]  base_lr: 1.0000e-04 lr: 1.0000e-04  eta: 18:25:53  time: 1.1304  data_time: 0.0010  memory: 65503  loss: 1.8942
2024/07/23 21:20:28 - mmengine - INFO - Epoch(train)  [1][ 700/2952]  base_lr: 1.0000e-04 lr: 1.0000e-04  eta: 18:23:13  time: 1.1299  data_time: 0.0010  memory: 65503  loss: 1.8341
2024/07/23 21:22:21 - mmengine - INFO - Epoch(train)  [1][ 800/2952]  base_lr: 1.0000e-04 lr: 1.0000e-04  eta: 18:20:46  time: 1.1302  data_time: 0.0010  memory: 65503  loss: 1.7614
2024/07/23 21:24:14 - mmengine - INFO - Epoch(train)  [1][ 900/2952]  base_lr: 1.0000e-04 lr: 1.0000e-04  eta: 18:18:25  time: 1.1306  data_time: 0.0010  memory: 65503  loss: 1.8200
2024/07/23 21:26:07 - mmengine - INFO - Exp name: finetune_20240723_210710
2024/07/23 21:26:07 - mmengine - INFO - Epoch(train)  [1][1000/2952]  base_lr: 1.0000e-04 lr: 1.0000e-04  eta: 18:16:11  time: 1.1301  data_time: 0.0011  memory: 65503  loss: 1.8798
2024/07/23 21:28:00 - mmengine - INFO - Epoch(train)  [1][1100/2952]  base_lr: 1.0000e-04 lr: 1.0000e-04  eta: 18:14:01  time: 1.1296  data_time: 0.0010  memory: 65503  loss: 1.8075
2024/07/23 21:29:53 - mmengine - INFO - Epoch(train)  [1][1200/2952]  base_lr: 1.0000e-04 lr: 1.0000e-04  eta: 18:11:51  time: 1.1297  data_time: 0.0011  memory: 65503  loss: 1.7016
2024/07/23 21:31:46 - mmengine - INFO - Epoch(train)  [1][1300/2952]  base_lr: 1.0000e-04 lr: 1.0000e-04  eta: 18:09:45  time: 1.1302  data_time: 0.0011  memory: 65503  loss: 1.7247
2024/07/23 21:33:39 - mmengine - INFO - Epoch(train)  [1][1400/2952]  base_lr: 1.0000e-04 lr: 1.0000e-04  eta: 18:07:40  time: 1.1291  data_time: 0.0011  memory: 65503  loss: 1.7298
2024/07/23 21:35:32 - mmengine - INFO - Epoch(train)  [1][1500/2952]  base_lr: 1.0000e-04 lr: 1.0000e-04  eta: 18:05:40  time: 1.1308  data_time: 0.0010  memory: 65503  loss: 1.8128
2024/07/23 21:37:25 - mmengine - INFO - Epoch(train)  [1][1600/2952]  base_lr: 1.0000e-04 lr: 1.0000e-04  eta: 18:03:45  time: 1.1313  data_time: 0.0011  memory: 65503  loss: 1.7232
2024/07/23 21:39:18 - mmengine - INFO - Epoch(train)  [1][1700/2952]  base_lr: 1.0000e-04 lr: 1.0000e-04  eta: 18:01:47  time: 1.1294  data_time: 0.0011  memory: 65503  loss: 1.6805
2024/07/23 21:41:11 - mmengine - INFO - Epoch(train)  [1][1800/2952]  base_lr: 1.0000e-04 lr: 1.0000e-04  eta: 17:59:47  time: 1.1290  data_time: 0.0010  memory: 65503  loss: 1.6842
2024/07/23 21:43:04 - mmengine - INFO - Epoch(train)  [1][1900/2952]  base_lr: 1.0000e-04 lr: 1.0000e-04  eta: 17:57:47  time: 1.1281  data_time: 0.0010  memory: 65503  loss: 1.6854
2024/07/23 21:44:57 - mmengine - INFO - Exp name: finetune_20240723_210710
2024/07/23 21:44:57 - mmengine - INFO - Epoch(train)  [1][2000/2952]  base_lr: 1.0000e-04 lr: 1.0000e-04  eta: 17:55:45  time: 1.1293  data_time: 0.0010  memory: 65503  loss: 1.6475
2024/07/23 21:46:50 - mmengine - INFO - Epoch(train)  [1][2100/2952]  base_lr: 1.0000e-04 lr: 1.0000e-04  eta: 17:53:48  time: 1.1311  data_time: 0.0011  memory: 65503  loss: 1.7991
2024/07/23 21:48:43 - mmengine - INFO - Epoch(train)  [1][2200/2952]  base_lr: 1.0000e-04 lr: 1.0000e-04  eta: 17:51:52  time: 1.1302  data_time: 0.0011  memory: 65503  loss: 1.6212
2024/07/23 21:50:36 - mmengine - INFO - Epoch(train)  [1][2300/2952]  base_lr: 1.0000e-04 lr: 1.0000e-04  eta: 17:49:57  time: 1.1304  data_time: 0.0010  memory: 65503  loss: 1.6308
2024/07/23 21:52:29 - mmengine - INFO - Epoch(train)  [1][2400/2952]  base_lr: 1.0000e-04 lr: 1.0000e-04  eta: 17:48:00  time: 1.1296  data_time: 0.0011  memory: 65503  loss: 1.7238
2024/07/23 21:54:22 - mmengine - INFO - Epoch(train)  [1][2500/2952]  base_lr: 1.0000e-04 lr: 1.0000e-04  eta: 17:46:04  time: 1.1304  data_time: 0.0011  memory: 65503  loss: 1.7287
2024/07/23 21:56:15 - mmengine - INFO - Epoch(train)  [1][2600/2952]  base_lr: 1.0000e-04 lr: 1.0000e-04  eta: 17:44:09  time: 1.1302  data_time: 0.0011  memory: 65503  loss: 1.7006
2024/07/23 21:58:08 - mmengine - INFO - Epoch(train)  [1][2700/2952]  base_lr: 1.0000e-04 lr: 1.0000e-04  eta: 17:42:13  time: 1.1299  data_time: 0.0010  memory: 65503  loss: 1.6602
2024/07/23 22:00:01 - mmengine - INFO - Epoch(train)  [1][2800/2952]  base_lr: 1.0000e-04 lr: 1.0000e-04  eta: 17:40:18  time: 1.1291  data_time: 0.0011  memory: 65503  loss: 1.5501
2024/07/23 22:01:54 - mmengine - INFO - Epoch(train)  [1][2900/2952]  base_lr: 1.0000e-04 lr: 1.0000e-04  eta: 17:38:23  time: 1.1297  data_time: 0.0011  memory: 65503  loss: 1.7596
2024/07/23 22:02:52 - mmengine - INFO - Exp name: finetune_20240723_210710
2024/07/23 22:02:52 - mmengine - INFO - Saving checkpoint at 1 epochs
2024/07/23 22:06:34 - mmengine - INFO - Epoch(val)  [1][100/146]    eta: 0:01:40  time: 2.1587  data_time: 0.0006  memory: 65503  
2024/07/23 22:08:13 - mmengine - INFO - Epoch(val) [1][146/146]    accuracy/top1: 64.3751  accuracy/top5: 84.7575  single-label/precision: 14.7788  single-label/recall: 13.2630  single-label/f1-score: 12.9591  data_time: 0.0130  time: 2.1667
2024/07/23 22:09:10 - mmengine - INFO - Exp name: finetune_20240723_210710
2024/07/23 22:10:08 - mmengine - INFO - Epoch(train)  [2][ 100/2952]  base_lr: 9.9384e-05 lr: 9.9384e-05  eta: 17:36:02  time: 1.1332  data_time: 0.0012  memory: 65503  loss: 1.2062
2024/07/23 22:12:02 - mmengine - INFO - Epoch(train)  [2][ 200/2952]  base_lr: 9.9384e-05 lr: 9.9384e-05  eta: 17:34:11  time: 1.1331  data_time: 0.0011  memory: 65503  loss: 1.1877
2024/07/23 22:13:55 - mmengine - INFO - Epoch(train)  [2][ 300/2952]  base_lr: 9.9384e-05 lr: 9.9384e-05  eta: 17:32:19  time: 1.1313  data_time: 0.0011  memory: 65503  loss: 1.2862
2024/07/23 22:15:48 - mmengine - INFO - Epoch(train)  [2][ 400/2952]  base_lr: 9.9384e-05 lr: 9.9384e-05  eta: 17:30:25  time: 1.1320  data_time: 0.0011  memory: 65503  loss: 1.1771
2024/07/23 22:17:41 - mmengine - INFO - Epoch(train)  [2][ 500/2952]  base_lr: 9.9384e-05 lr: 9.9384e-05  eta: 17:28:31  time: 1.1300  data_time: 0.0011  memory: 65503  loss: 1.2619
2024/07/23 22:19:34 - mmengine - INFO - Epoch(train)  [2][ 600/2952]  base_lr: 9.9384e-05 lr: 9.9384e-05  eta: 17:26:37  time: 1.1316  data_time: 0.0012  memory: 65503  loss: 1.2251
2024/07/23 22:21:28 - mmengine - INFO - Epoch(train)  [2][ 700/2952]  base_lr: 9.9384e-05 lr: 9.9384e-05  eta: 17:24:44  time: 1.1315  data_time: 0.0011  memory: 65503  loss: 1.2421
2024/07/23 22:23:21 - mmengine - INFO - Epoch(train)  [2][ 800/2952]  base_lr: 9.9384e-05 lr: 9.9384e-05  eta: 17:22:51  time: 1.1315  data_time: 0.0012  memory: 65503  loss: 1.2896
2024/07/23 22:25:14 - mmengine - INFO - Epoch(train)  [2][ 900/2952]  base_lr: 9.9384e-05 lr: 9.9384e-05  eta: 17:20:56  time: 1.1320  data_time: 0.0011  memory: 65503  loss: 1.2744
2024/07/23 22:27:07 - mmengine - INFO - Epoch(train)  [2][1000/2952]  base_lr: 9.9384e-05 lr: 9.9384e-05  eta: 17:19:03  time: 1.1316  data_time: 0.0011  memory: 65503  loss: 1.2700
2024/07/23 22:28:01 - mmengine - INFO - Exp name: finetune_20240723_210710
2024/07/23 22:29:00 - mmengine - INFO - Epoch(train)  [2][1100/2952]  base_lr: 9.9384e-05 lr: 9.9384e-05  eta: 17:17:09  time: 1.1319  data_time: 0.0011  memory: 65503  loss: 1.3665
2024/07/23 22:30:53 - mmengine - INFO - Epoch(train)  [2][1200/2952]  base_lr: 9.9384e-05 lr: 9.9384e-05  eta: 17:15:17  time: 1.1325  data_time: 0.0012  memory: 65503  loss: 1.2725
2024/07/23 22:32:46 - mmengine - INFO - Epoch(train)  [2][1300/2952]  base_lr: 9.9384e-05 lr: 9.9384e-05  eta: 17:13:23  time: 1.1317  data_time: 0.0011  memory: 65503  loss: 1.4333
2024/07/23 22:34:40 - mmengine - INFO - Epoch(train)  [2][1400/2952]  base_lr: 9.9384e-05 lr: 9.9384e-05  eta: 17:11:30  time: 1.1318  data_time: 0.0012  memory: 65503  loss: 1.3007
2024/07/23 22:36:33 - mmengine - INFO - Epoch(train)  [2][1500/2952]  base_lr: 9.9384e-05 lr: 9.9384e-05  eta: 17:09:37  time: 1.1312  data_time: 0.0011  memory: 65503  loss: 1.3025
2024/07/23 22:38:26 - mmengine - INFO - Epoch(train)  [2][1600/2952]  base_lr: 9.9384e-05 lr: 9.9384e-05  eta: 17:07:44  time: 1.1313  data_time: 0.0011  memory: 65503  loss: 1.3192
2024/07/23 22:40:19 - mmengine - INFO - Epoch(train)  [2][1700/2952]  base_lr: 9.9384e-05 lr: 9.9384e-05  eta: 17:05:52  time: 1.1322  data_time: 0.0011  memory: 65503  loss: 1.2500
2024/07/23 22:42:12 - mmengine - INFO - Epoch(train)  [2][1800/2952]  base_lr: 9.9384e-05 lr: 9.9384e-05  eta: 17:03:58  time: 1.1318  data_time: 0.0011  memory: 65503  loss: 1.3272
2024/07/23 22:44:06 - mmengine - INFO - Epoch(train)  [2][1900/2952]  base_lr: 9.9384e-05 lr: 9.9384e-05  eta: 17:02:06  time: 1.1333  data_time: 0.0011  memory: 65503  loss: 1.3964
2024/07/23 22:45:59 - mmengine - INFO - Epoch(train)  [2][2000/2952]  base_lr: 9.9384e-05 lr: 9.9384e-05  eta: 17:00:14  time: 1.1329  data_time: 0.0011  memory: 65503  loss: 1.2586
2024/07/23 22:46:53 - mmengine - INFO - Exp name: finetune_20240723_210710
2024/07/23 22:47:52 - mmengine - INFO - Epoch(train)  [2][2100/2952]  base_lr: 9.9384e-05 lr: 9.9384e-05  eta: 16:58:21  time: 1.1319  data_time: 0.0011  memory: 65503  loss: 1.3472
2024/07/23 22:49:45 - mmengine - INFO - Epoch(train)  [2][2200/2952]  base_lr: 9.9384e-05 lr: 9.9384e-05  eta: 16:56:28  time: 1.1316  data_time: 0.0012  memory: 65503  loss: 1.3182
2024/07/23 22:51:38 - mmengine - INFO - Epoch(train)  [2][2300/2952]  base_lr: 9.9384e-05 lr: 9.9384e-05  eta: 16:54:35  time: 1.1312  data_time: 0.0011  memory: 65503  loss: 1.4052
2024/07/23 22:53:32 - mmengine - INFO - Epoch(train)  [2][2400/2952]  base_lr: 9.9384e-05 lr: 9.9384e-05  eta: 16:52:41  time: 1.1314  data_time: 0.0012  memory: 65503  loss: 1.4356
2024/07/23 22:55:25 - mmengine - INFO - Epoch(train)  [2][2500/2952]  base_lr: 9.9384e-05 lr: 9.9384e-05  eta: 16:50:47  time: 1.1307  data_time: 0.0011  memory: 65503  loss: 1.2796
2024/07/23 22:57:18 - mmengine - INFO - Epoch(train)  [2][2600/2952]  base_lr: 9.9384e-05 lr: 9.9384e-05  eta: 16:48:53  time: 1.1317  data_time: 0.0011  memory: 65503  loss: 1.3643
2024/07/23 22:59:11 - mmengine - INFO - Epoch(train)  [2][2700/2952]  base_lr: 9.9384e-05 lr: 9.9384e-05  eta: 16:47:00  time: 1.1311  data_time: 0.0011  memory: 65503  loss: 1.3559
2024/07/23 23:01:04 - mmengine - INFO - Epoch(train)  [2][2800/2952]  base_lr: 9.9384e-05 lr: 9.9384e-05  eta: 16:45:06  time: 1.1313  data_time: 0.0011  memory: 65503  loss: 1.3245
2024/07/23 23:02:57 - mmengine - INFO - Epoch(train)  [2][2900/2952]  base_lr: 9.9384e-05 lr: 9.9384e-05  eta: 16:43:13  time: 1.1311  data_time: 0.0011  memory: 65503  loss: 1.4135
2024/07/23 23:03:55 - mmengine - INFO - Exp name: finetune_20240723_210710
2024/07/23 23:03:55 - mmengine - INFO - Saving checkpoint at 2 epochs
2024/07/23 23:07:36 - mmengine - INFO - Epoch(val)  [2][100/146]    eta: 0:01:40  time: 2.1574  data_time: 0.0010  memory: 65503  
2024/07/23 23:09:16 - mmengine - INFO - Epoch(val) [2][146/146]    accuracy/top1: 66.7866  accuracy/top5: 85.8156  single-label/precision: 15.6115  single-label/recall: 13.9951  single-label/f1-score: 13.7278  data_time: 0.0165  time: 2.1566
2024/07/23 23:11:07 - mmengine - INFO - Exp name: finetune_20240723_210710
2024/07/23 23:11:11 - mmengine - INFO - Epoch(train)  [3][ 100/2952]  base_lr: 9.7553e-05 lr: 9.7553e-05  eta: 16:40:36  time: 1.1300  data_time: 0.0011  memory: 65503  loss: 0.9174
2024/07/23 23:13:04 - mmengine - INFO - Epoch(train)  [3][ 200/2952]  base_lr: 9.7553e-05 lr: 9.7553e-05  eta: 16:38:41  time: 1.1295  data_time: 0.0011  memory: 65503  loss: 0.8458
2024/07/23 23:14:57 - mmengine - INFO - Epoch(train)  [3][ 300/2952]  base_lr: 9.7553e-05 lr: 9.7553e-05  eta: 16:36:47  time: 1.1304  data_time: 0.0011  memory: 65503  loss: 0.8718
2024/07/23 23:16:50 - mmengine - INFO - Epoch(train)  [3][ 400/2952]  base_lr: 9.7553e-05 lr: 9.7553e-05  eta: 16:34:52  time: 1.1295  data_time: 0.0011  memory: 65503  loss: 0.8899
2024/07/23 23:18:43 - mmengine - INFO - Epoch(train)  [3][ 500/2952]  base_lr: 9.7553e-05 lr: 9.7553e-05  eta: 16:32:57  time: 1.1315  data_time: 0.0012  memory: 65503  loss: 1.0495
2024/07/23 23:20:36 - mmengine - INFO - Epoch(train)  [3][ 600/2952]  base_lr: 9.7553e-05 lr: 9.7553e-05  eta: 16:31:03  time: 1.1311  data_time: 0.0011  memory: 65503  loss: 0.9587
2024/07/23 23:22:30 - mmengine - INFO - Epoch(train)  [3][ 700/2952]  base_lr: 9.7553e-05 lr: 9.7553e-05  eta: 16:29:10  time: 1.1310  data_time: 0.0011  memory: 65503  loss: 0.9518
2024/07/23 23:24:23 - mmengine - INFO - Epoch(train)  [3][ 800/2952]  base_lr: 9.7553e-05 lr: 9.7553e-05  eta: 16:27:15  time: 1.1311  data_time: 0.0012  memory: 65503  loss: 0.9534
2024/07/23 23:26:16 - mmengine - INFO - Epoch(train)  [3][ 900/2952]  base_lr: 9.7553e-05 lr: 9.7553e-05  eta: 16:25:21  time: 1.1302  data_time: 0.0011  memory: 65503  loss: 0.9660
2024/07/23 23:28:09 - mmengine - INFO - Epoch(train)  [3][1000/2952]  base_lr: 9.7553e-05 lr: 9.7553e-05  eta: 16:23:27  time: 1.1300  data_time: 0.0011  memory: 65503  loss: 1.0228
2024/07/23 23:29:57 - mmengine - INFO - Exp name: finetune_20240723_210710
2024/07/23 23:30:02 - mmengine - INFO - Epoch(train)  [3][1100/2952]  base_lr: 9.7553e-05 lr: 9.7553e-05  eta: 16:21:33  time: 1.1306  data_time: 0.0011  memory: 65503  loss: 0.9859
2024/07/23 23:31:55 - mmengine - INFO - Epoch(train)  [3][1200/2952]  base_lr: 9.7553e-05 lr: 9.7553e-05  eta: 16:19:39  time: 1.1306  data_time: 0.0011  memory: 65503  loss: 0.9478
2024/07/23 23:33:48 - mmengine - INFO - Epoch(train)  [3][1300/2952]  base_lr: 9.7553e-05 lr: 9.7553e-05  eta: 16:17:44  time: 1.1303  data_time: 0.0012  memory: 65503  loss: 1.0226
2024/07/23 23:35:41 - mmengine - INFO - Epoch(train)  [3][1400/2952]  base_lr: 9.7553e-05 lr: 9.7553e-05  eta: 16:15:48  time: 1.1312  data_time: 0.0011  memory: 65503  loss: 1.1041
2024/07/23 23:37:34 - mmengine - INFO - Epoch(train)  [3][1500/2952]  base_lr: 9.7553e-05 lr: 9.7553e-05  eta: 16:13:54  time: 1.1291  data_time: 0.0010  memory: 65503  loss: 1.0756
2024/07/23 23:39:27 - mmengine - INFO - Epoch(train)  [3][1600/2952]  base_lr: 9.7553e-05 lr: 9.7553e-05  eta: 16:12:00  time: 1.1298  data_time: 0.0011  memory: 65503  loss: 1.1146
2024/07/23 23:41:20 - mmengine - INFO - Epoch(train)  [3][1700/2952]  base_lr: 9.7553e-05 lr: 9.7553e-05  eta: 16:10:06  time: 1.1304  data_time: 0.0011  memory: 65503  loss: 0.9543
2024/07/23 23:43:13 - mmengine - INFO - Epoch(train)  [3][1800/2952]  base_lr: 9.7553e-05 lr: 9.7553e-05  eta: 16:08:12  time: 1.1314  data_time: 0.0012  memory: 65503  loss: 1.0220
2024/07/23 23:45:06 - mmengine - INFO - Epoch(train)  [3][1900/2952]  base_lr: 9.7553e-05 lr: 9.7553e-05  eta: 16:06:19  time: 1.1302  data_time: 0.0011  memory: 65503  loss: 1.1311
2024/07/23 23:46:59 - mmengine - INFO - Epoch(train)  [3][2000/2952]  base_lr: 9.7553e-05 lr: 9.7553e-05  eta: 16:04:25  time: 1.1300  data_time: 0.0011  memory: 65503  loss: 1.1056
2024/07/23 23:48:48 - mmengine - INFO - Exp name: finetune_20240723_210710
2024/07/23 23:48:52 - mmengine - INFO - Epoch(train)  [3][2100/2952]  base_lr: 9.7553e-05 lr: 9.7553e-05  eta: 16:02:33  time: 1.1299  data_time: 0.0011  memory: 65503  loss: 1.0527
2024/07/23 23:50:45 - mmengine - INFO - Epoch(train)  [3][2200/2952]  base_lr: 9.7553e-05 lr: 9.7553e-05  eta: 16:00:40  time: 1.1321  data_time: 0.0011  memory: 65503  loss: 1.0486
2024/07/23 23:52:39 - mmengine - INFO - Epoch(train)  [3][2300/2952]  base_lr: 9.7553e-05 lr: 9.7553e-05  eta: 15:58:46  time: 1.1304  data_time: 0.0011  memory: 65503  loss: 1.0991
2024/07/23 23:54:32 - mmengine - INFO - Epoch(train)  [3][2400/2952]  base_lr: 9.7553e-05 lr: 9.7553e-05  eta: 15:56:53  time: 1.1306  data_time: 0.0009  memory: 65503  loss: 1.1260
2024/07/23 23:56:25 - mmengine - INFO - Epoch(train)  [3][2500/2952]  base_lr: 9.7553e-05 lr: 9.7553e-05  eta: 15:54:59  time: 1.1303  data_time: 0.0011  memory: 65503  loss: 1.1461
2024/07/23 23:58:18 - mmengine - INFO - Epoch(train)  [3][2600/2952]  base_lr: 9.7553e-05 lr: 9.7553e-05  eta: 15:53:05  time: 1.1299  data_time: 0.0011  memory: 65503  loss: 1.0242
2024/07/24 00:00:11 - mmengine - INFO - Epoch(train)  [3][2700/2952]  base_lr: 9.7553e-05 lr: 9.7553e-05  eta: 15:51:11  time: 1.1313  data_time: 0.0010  memory: 65503  loss: 1.1414
2024/07/24 00:02:04 - mmengine - INFO - Epoch(train)  [3][2800/2952]  base_lr: 9.7553e-05 lr: 9.7553e-05  eta: 15:49:18  time: 1.1297  data_time: 0.0010  memory: 65503  loss: 1.0737
2024/07/24 00:03:57 - mmengine - INFO - Epoch(train)  [3][2900/2952]  base_lr: 9.7553e-05 lr: 9.7553e-05  eta: 15:47:24  time: 1.1307  data_time: 0.0010  memory: 65503  loss: 1.0868
2024/07/24 00:04:55 - mmengine - INFO - Exp name: finetune_20240723_210710
2024/07/24 00:04:55 - mmengine - INFO - Saving checkpoint at 3 epochs
2024/07/24 00:08:36 - mmengine - INFO - Epoch(val)  [3][100/146]    eta: 0:01:40  time: 2.1568  data_time: 0.0006  memory: 65503  
2024/07/24 00:10:15 - mmengine - INFO - Epoch(val) [3][146/146]    accuracy/top1: 69.1498  accuracy/top5: 87.1529  single-label/precision: 15.9734  single-label/recall: 14.4273  single-label/f1-score: 14.1722  data_time: 0.0146  time: 2.1559
2024/07/24 00:12:11 - mmengine - INFO - Epoch(train)  [4][ 100/2952]  base_lr: 9.4550e-05 lr: 9.4550e-05  eta: 15:44:43  time: 1.1313  data_time: 0.0009  memory: 65503  loss: 0.6446
2024/07/24 00:13:01 - mmengine - INFO - Exp name: finetune_20240723_210710
2024/07/24 00:14:05 - mmengine - INFO - Epoch(train)  [4][ 200/2952]  base_lr: 9.4550e-05 lr: 9.4550e-05  eta: 15:42:49  time: 1.1305  data_time: 0.0011  memory: 65503  loss: 0.6276
2024/07/24 00:15:58 - mmengine - INFO - Epoch(train)  [4][ 300/2952]  base_lr: 9.4550e-05 lr: 9.4550e-05  eta: 15:40:56  time: 1.1319  data_time: 0.0013  memory: 65503  loss: 0.6327
2024/07/24 00:17:51 - mmengine - INFO - Epoch(train)  [4][ 400/2952]  base_lr: 9.4550e-05 lr: 9.4550e-05  eta: 15:39:02  time: 1.1305  data_time: 0.0011  memory: 65503  loss: 0.6487
2024/07/24 00:19:44 - mmengine - INFO - Epoch(train)  [4][ 500/2952]  base_lr: 9.4550e-05 lr: 9.4550e-05  eta: 15:37:08  time: 1.1302  data_time: 0.0011  memory: 65503  loss: 0.6141
2024/07/24 00:21:37 - mmengine - INFO - Epoch(train)  [4][ 600/2952]  base_lr: 9.4550e-05 lr: 9.4550e-05  eta: 15:35:15  time: 1.1298  data_time: 0.0011  memory: 65503  loss: 0.6695
2024/07/24 00:23:30 - mmengine - INFO - Epoch(train)  [4][ 700/2952]  base_lr: 9.4550e-05 lr: 9.4550e-05  eta: 15:33:21  time: 1.1302  data_time: 0.0011  memory: 65503  loss: 0.6568
2024/07/24 00:25:23 - mmengine - INFO - Epoch(train)  [4][ 800/2952]  base_lr: 9.4550e-05 lr: 9.4550e-05  eta: 15:31:27  time: 1.1304  data_time: 0.0011  memory: 65503  loss: 0.7265
2024/07/24 00:27:16 - mmengine - INFO - Epoch(train)  [4][ 900/2952]  base_lr: 9.4550e-05 lr: 9.4550e-05  eta: 15:29:33  time: 1.1295  data_time: 0.0011  memory: 65503  loss: 0.7612
2024/07/24 00:29:09 - mmengine - INFO - Epoch(train)  [4][1000/2952]  base_lr: 9.4550e-05 lr: 9.4550e-05  eta: 15:27:40  time: 1.1301  data_time: 0.0012  memory: 65503  loss: 0.7991
2024/07/24 00:31:02 - mmengine - INFO - Epoch(train)  [4][1100/2952]  base_lr: 9.4550e-05 lr: 9.4550e-05  eta: 15:25:46  time: 1.1303  data_time: 0.0011  memory: 65503  loss: 0.7860
2024/07/24 00:31:52 - mmengine - INFO - Exp name: finetune_20240723_210710
2024/07/24 00:32:55 - mmengine - INFO - Epoch(train)  [4][1200/2952]  base_lr: 9.4550e-05 lr: 9.4550e-05  eta: 15:23:52  time: 1.1306  data_time: 0.0011  memory: 65503  loss: 0.7117
2024/07/24 00:34:48 - mmengine - INFO - Epoch(train)  [4][1300/2952]  base_lr: 9.4550e-05 lr: 9.4550e-05  eta: 15:21:59  time: 1.1302  data_time: 0.0011  memory: 65503  loss: 0.7724
2024/07/24 00:36:41 - mmengine - INFO - Epoch(train)  [4][1400/2952]  base_lr: 9.4550e-05 lr: 9.4550e-05  eta: 15:20:05  time: 1.1299  data_time: 0.0010  memory: 65503  loss: 0.8279
2024/07/24 00:38:34 - mmengine - INFO - Epoch(train)  [4][1500/2952]  base_lr: 9.4550e-05 lr: 9.4550e-05  eta: 15:18:11  time: 1.1308  data_time: 0.0011  memory: 65503  loss: 0.8000
2024/07/24 00:40:27 - mmengine - INFO - Epoch(train)  [4][1600/2952]  base_lr: 9.4550e-05 lr: 9.4550e-05  eta: 15:16:18  time: 1.1300  data_time: 0.0010  memory: 65503  loss: 0.7920
2024/07/24 00:42:21 - mmengine - INFO - Epoch(train)  [4][1700/2952]  base_lr: 9.4550e-05 lr: 9.4550e-05  eta: 15:14:24  time: 1.1302  data_time: 0.0010  memory: 65503  loss: 0.7725
2024/07/24 00:44:14 - mmengine - INFO - Epoch(train)  [4][1800/2952]  base_lr: 9.4550e-05 lr: 9.4550e-05  eta: 15:12:30  time: 1.1301  data_time: 0.0011  memory: 65503  loss: 0.8373
2024/07/24 00:46:07 - mmengine - INFO - Epoch(train)  [4][1900/2952]  base_lr: 9.4550e-05 lr: 9.4550e-05  eta: 15:10:37  time: 1.1304  data_time: 0.0010  memory: 65503  loss: 0.8671
2024/07/24 00:48:00 - mmengine - INFO - Epoch(train)  [4][2000/2952]  base_lr: 9.4550e-05 lr: 9.4550e-05  eta: 15:08:43  time: 1.1309  data_time: 0.0010  memory: 65503  loss: 0.8299
2024/07/24 00:49:53 - mmengine - INFO - Epoch(train)  [4][2100/2952]  base_lr: 9.4550e-05 lr: 9.4550e-05  eta: 15:06:50  time: 1.1304  data_time: 0.0011  memory: 65503  loss: 0.8480
2024/07/24 00:50:43 - mmengine - INFO - Exp name: finetune_20240723_210710
2024/07/24 00:51:46 - mmengine - INFO - Epoch(train)  [4][2200/2952]  base_lr: 9.4550e-05 lr: 9.4550e-05  eta: 15:04:56  time: 1.1312  data_time: 0.0011  memory: 65503  loss: 0.8022
2024/07/24 00:53:39 - mmengine - INFO - Epoch(train)  [4][2300/2952]  base_lr: 9.4550e-05 lr: 9.4550e-05  eta: 15:03:03  time: 1.1305  data_time: 0.0011  memory: 65503  loss: 0.8534
2024/07/24 00:55:32 - mmengine - INFO - Epoch(train)  [4][2400/2952]  base_lr: 9.4550e-05 lr: 9.4550e-05  eta: 15:01:09  time: 1.1306  data_time: 0.0010  memory: 65503  loss: 0.8457
2024/07/24 00:57:25 - mmengine - INFO - Epoch(train)  [4][2500/2952]  base_lr: 9.4550e-05 lr: 9.4550e-05  eta: 14:59:16  time: 1.1310  data_time: 0.0011  memory: 65503  loss: 0.8270
2024/07/24 00:59:18 - mmengine - INFO - Epoch(train)  [4][2600/2952]  base_lr: 9.4550e-05 lr: 9.4550e-05  eta: 14:57:22  time: 1.1304  data_time: 0.0010  memory: 65503  loss: 0.9059
2024/07/24 01:01:11 - mmengine - INFO - Epoch(train)  [4][2700/2952]  base_lr: 9.4550e-05 lr: 9.4550e-05  eta: 14:55:29  time: 1.1304  data_time: 0.0010  memory: 65503  loss: 0.8563
2024/07/24 01:03:04 - mmengine - INFO - Epoch(train)  [4][2800/2952]  base_lr: 9.4550e-05 lr: 9.4550e-05  eta: 14:53:35  time: 1.1303  data_time: 0.0011  memory: 65503  loss: 0.8837
2024/07/24 01:04:57 - mmengine - INFO - Epoch(train)  [4][2900/2952]  base_lr: 9.4550e-05 lr: 9.4550e-05  eta: 14:51:42  time: 1.1328  data_time: 0.0011  memory: 65503  loss: 0.8511
2024/07/24 01:05:56 - mmengine - INFO - Exp name: finetune_20240723_210710
2024/07/24 01:05:56 - mmengine - INFO - Saving checkpoint at 4 epochs
2024/07/24 01:09:36 - mmengine - INFO - Epoch(val)  [4][100/146]    eta: 0:01:40  time: 2.1725  data_time: 0.0011  memory: 65503  
2024/07/24 01:11:15 - mmengine - INFO - Epoch(val) [4][146/146]    accuracy/top1: 67.2915  accuracy/top5: 86.5084  single-label/precision: 15.9452  single-label/recall: 14.0808  single-label/f1-score: 13.9605  data_time: 0.0178  time: 2.1593
2024/07/24 01:13:11 - mmengine - INFO - Epoch(train)  [5][ 100/2952]  base_lr: 9.0451e-05 lr: 9.0451e-05  eta: 14:48:58  time: 1.1307  data_time: 0.0011  memory: 65503  loss: 0.4202
2024/07/24 01:14:55 - mmengine - INFO - Exp name: finetune_20240723_210710
2024/07/24 01:15:04 - mmengine - INFO - Epoch(train)  [5][ 200/2952]  base_lr: 9.0451e-05 lr: 9.0451e-05  eta: 14:47:04  time: 1.1321  data_time: 0.0012  memory: 65503  loss: 0.4144
2024/07/24 01:16:57 - mmengine - INFO - Epoch(train)  [5][ 300/2952]  base_lr: 9.0451e-05 lr: 9.0451e-05  eta: 14:45:11  time: 1.1309  data_time: 0.0012  memory: 65503  loss: 0.3906
2024/07/24 01:18:50 - mmengine - INFO - Epoch(train)  [5][ 400/2952]  base_lr: 9.0451e-05 lr: 9.0451e-05  eta: 14:43:18  time: 1.1320  data_time: 0.0012  memory: 65503  loss: 0.4426
2024/07/24 01:20:43 - mmengine - INFO - Epoch(train)  [5][ 500/2952]  base_lr: 9.0451e-05 lr: 9.0451e-05  eta: 14:41:25  time: 1.1315  data_time: 0.0011  memory: 65503  loss: 0.3973
2024/07/24 01:22:36 - mmengine - INFO - Epoch(train)  [5][ 600/2952]  base_lr: 9.0451e-05 lr: 9.0451e-05  eta: 14:39:31  time: 1.1318  data_time: 0.0012  memory: 65503  loss: 0.4560
2024/07/24 01:24:30 - mmengine - INFO - Epoch(train)  [5][ 700/2952]  base_lr: 9.0451e-05 lr: 9.0451e-05  eta: 14:37:38  time: 1.1313  data_time: 0.0012  memory: 65503  loss: 0.4755
2024/07/24 01:26:23 - mmengine - INFO - Epoch(train)  [5][ 800/2952]  base_lr: 9.0451e-05 lr: 9.0451e-05  eta: 14:35:45  time: 1.1323  data_time: 0.0012  memory: 65503  loss: 0.5014
2024/07/24 01:28:16 - mmengine - INFO - Epoch(train)  [5][ 900/2952]  base_lr: 9.0451e-05 lr: 9.0451e-05  eta: 14:33:52  time: 1.1322  data_time: 0.0012  memory: 65503  loss: 0.4455
2024/07/24 01:30:09 - mmengine - INFO - Epoch(train)  [5][1000/2952]  base_lr: 9.0451e-05 lr: 9.0451e-05  eta: 14:31:59  time: 1.1330  data_time: 0.0011  memory: 65503  loss: 0.5076
2024/07/24 01:32:02 - mmengine - INFO - Epoch(train)  [5][1100/2952]  base_lr: 9.0451e-05 lr: 9.0451e-05  eta: 14:30:06  time: 1.1316  data_time: 0.0011  memory: 65503  loss: 0.4866
2024/07/24 01:33:46 - mmengine - INFO - Exp name: finetune_20240723_210710
2024/07/24 01:33:55 - mmengine - INFO - Epoch(train)  [5][1200/2952]  base_lr: 9.0451e-05 lr: 9.0451e-05  eta: 14:28:13  time: 1.1319  data_time: 0.0012  memory: 65503  loss: 0.5225
2024/07/24 01:35:49 - mmengine - INFO - Epoch(train)  [5][1300/2952]  base_lr: 9.0451e-05 lr: 9.0451e-05  eta: 14:26:19  time: 1.1314  data_time: 0.0012  memory: 65503  loss: 0.6303
2024/07/24 01:37:42 - mmengine - INFO - Epoch(train)  [5][1400/2952]  base_lr: 9.0451e-05 lr: 9.0451e-05  eta: 14:24:26  time: 1.1324  data_time: 0.0012  memory: 65503  loss: 0.5856
2024/07/24 01:39:35 - mmengine - INFO - Epoch(train)  [5][1500/2952]  base_lr: 9.0451e-05 lr: 9.0451e-05  eta: 14:22:33  time: 1.1331  data_time: 0.0013  memory: 65503  loss: 0.5765
2024/07/24 01:41:28 - mmengine - INFO - Epoch(train)  [5][1600/2952]  base_lr: 9.0451e-05 lr: 9.0451e-05  eta: 14:20:40  time: 1.1313  data_time: 0.0012  memory: 65503  loss: 0.5626
2024/07/24 01:43:21 - mmengine - INFO - Epoch(train)  [5][1700/2952]  base_lr: 9.0451e-05 lr: 9.0451e-05  eta: 14:18:47  time: 1.1316  data_time: 0.0012  memory: 65503  loss: 0.5823
2024/07/24 01:45:15 - mmengine - INFO - Epoch(train)  [5][1800/2952]  base_lr: 9.0451e-05 lr: 9.0451e-05  eta: 14:16:54  time: 1.1320  data_time: 0.0012  memory: 65503  loss: 0.5683
2024/07/24 01:47:08 - mmengine - INFO - Epoch(train)  [5][1900/2952]  base_lr: 9.0451e-05 lr: 9.0451e-05  eta: 14:15:01  time: 1.1322  data_time: 0.0012  memory: 65503  loss: 0.6172
2024/07/24 01:49:01 - mmengine - INFO - Epoch(train)  [5][2000/2952]  base_lr: 9.0451e-05 lr: 9.0451e-05  eta: 14:13:08  time: 1.1320  data_time: 0.0012  memory: 65503  loss: 0.6318
2024/07/24 01:50:54 - mmengine - INFO - Epoch(train)  [5][2100/2952]  base_lr: 9.0451e-05 lr: 9.0451e-05  eta: 14:11:14  time: 1.1308  data_time: 0.0012  memory: 65503  loss: 0.5943
2024/07/24 01:52:38 - mmengine - INFO - Exp name: finetune_20240723_210710
2024/07/24 01:52:47 - mmengine - INFO - Epoch(train)  [5][2200/2952]  base_lr: 9.0451e-05 lr: 9.0451e-05  eta: 14:09:21  time: 1.1321  data_time: 0.0013  memory: 65503  loss: 0.6697
2024/07/24 01:54:40 - mmengine - INFO - Epoch(train)  [5][2300/2952]  base_lr: 9.0451e-05 lr: 9.0451e-05  eta: 14:07:28  time: 1.1316  data_time: 0.0012  memory: 65503  loss: 0.6316
2024/07/24 01:56:33 - mmengine - INFO - Epoch(train)  [5][2400/2952]  base_lr: 9.0451e-05 lr: 9.0451e-05  eta: 14:05:35  time: 1.1317  data_time: 0.0013  memory: 65503  loss: 0.6080
2024/07/24 01:58:27 - mmengine - INFO - Epoch(train)  [5][2500/2952]  base_lr: 9.0451e-05 lr: 9.0451e-05  eta: 14:03:42  time: 1.1321  data_time: 0.0012  memory: 65503  loss: 0.5877
2024/07/24 02:00:20 - mmengine - INFO - Epoch(train)  [5][2600/2952]  base_lr: 9.0451e-05 lr: 9.0451e-05  eta: 14:01:48  time: 1.1315  data_time: 0.0012  memory: 65503  loss: 0.6798
2024/07/24 02:02:13 - mmengine - INFO - Epoch(train)  [5][2700/2952]  base_lr: 9.0451e-05 lr: 9.0451e-05  eta: 13:59:55  time: 1.1325  data_time: 0.0013  memory: 65503  loss: 0.7354
2024/07/24 02:04:06 - mmengine - INFO - Epoch(train)  [5][2800/2952]  base_lr: 9.0451e-05 lr: 9.0451e-05  eta: 13:58:02  time: 1.1318  data_time: 0.0013  memory: 65503  loss: 0.6906
2024/07/24 02:05:59 - mmengine - INFO - Epoch(train)  [5][2900/2952]  base_lr: 9.0451e-05 lr: 9.0451e-05  eta: 13:56:09  time: 1.1316  data_time: 0.0013  memory: 65503  loss: 0.6612
2024/07/24 02:06:58 - mmengine - INFO - Exp name: finetune_20240723_210710
2024/07/24 02:06:58 - mmengine - INFO - Saving checkpoint at 5 epochs
2024/07/24 02:10:37 - mmengine - INFO - Epoch(val)  [5][100/146]    eta: 0:01:40  time: 2.1566  data_time: 0.0010  memory: 65503  
2024/07/24 02:12:16 - mmengine - INFO - Epoch(val) [5][146/146]    accuracy/top1: 68.9188  accuracy/top5: 86.9434  single-label/precision: 16.2190  single-label/recall: 14.3178  single-label/f1-score: 14.1858  data_time: 0.0135  time: 2.1545
2024/07/24 02:14:13 - mmengine - INFO - Epoch(train)  [6][ 100/2952]  base_lr: 8.5355e-05 lr: 8.5355e-05  eta: 13:53:25  time: 1.1309  data_time: 0.0024  memory: 65503  loss: 0.2493
2024/07/24 02:16:06 - mmengine - INFO - Epoch(train)  [6][ 200/2952]  base_lr: 8.5355e-05 lr: 8.5355e-05  eta: 13:51:31  time: 1.1305  data_time: 0.0012  memory: 65503  loss: 0.2472
2024/07/24 02:16:51 - mmengine - INFO - Exp name: finetune_20240723_210710
2024/07/24 02:17:59 - mmengine - INFO - Epoch(train)  [6][ 300/2952]  base_lr: 8.5355e-05 lr: 8.5355e-05  eta: 13:49:38  time: 1.1309  data_time: 0.0011  memory: 65503  loss: 0.2550
2024/07/24 02:19:52 - mmengine - INFO - Epoch(train)  [6][ 400/2952]  base_lr: 8.5355e-05 lr: 8.5355e-05  eta: 13:47:44  time: 1.1323  data_time: 0.0016  memory: 65503  loss: 0.2545
2024/07/24 02:21:45 - mmengine - INFO - Epoch(train)  [6][ 500/2952]  base_lr: 8.5355e-05 lr: 8.5355e-05  eta: 13:45:51  time: 1.1306  data_time: 0.0011  memory: 65503  loss: 0.2630
2024/07/24 02:23:38 - mmengine - INFO - Epoch(train)  [6][ 600/2952]  base_lr: 8.5355e-05 lr: 8.5355e-05  eta: 13:43:57  time: 1.1310  data_time: 0.0011  memory: 65503  loss: 0.2625
2024/07/24 02:25:31 - mmengine - INFO - Epoch(train)  [6][ 700/2952]  base_lr: 8.5355e-05 lr: 8.5355e-05  eta: 13:42:04  time: 1.1313  data_time: 0.0011  memory: 65503  loss: 0.2771
2024/07/24 02:27:24 - mmengine - INFO - Epoch(train)  [6][ 800/2952]  base_lr: 8.5355e-05 lr: 8.5355e-05  eta: 13:40:10  time: 1.1308  data_time: 0.0011  memory: 65503  loss: 0.2801
2024/07/24 02:29:17 - mmengine - INFO - Epoch(train)  [6][ 900/2952]  base_lr: 8.5355e-05 lr: 8.5355e-05  eta: 13:38:17  time: 1.1311  data_time: 0.0012  memory: 65503  loss: 0.2829
2024/07/24 02:31:11 - mmengine - INFO - Epoch(train)  [6][1000/2952]  base_lr: 8.5355e-05 lr: 8.5355e-05  eta: 13:36:23  time: 1.1324  data_time: 0.0012  memory: 65503  loss: 0.3064
2024/07/24 02:33:04 - mmengine - INFO - Epoch(train)  [6][1100/2952]  base_lr: 8.5355e-05 lr: 8.5355e-05  eta: 13:34:30  time: 1.1313  data_time: 0.0012  memory: 65503  loss: 0.2956
2024/07/24 02:34:57 - mmengine - INFO - Epoch(train)  [6][1200/2952]  base_lr: 8.5355e-05 lr: 8.5355e-05  eta: 13:32:37  time: 1.1305  data_time: 0.0011  memory: 65503  loss: 0.3548
2024/07/24 02:35:42 - mmengine - INFO - Exp name: finetune_20240723_210710
2024/07/24 02:36:50 - mmengine - INFO - Epoch(train)  [6][1300/2952]  base_lr: 8.5355e-05 lr: 8.5355e-05  eta: 13:30:44  time: 1.1313  data_time: 0.0012  memory: 65503  loss: 0.3191
2024/07/24 02:38:43 - mmengine - INFO - Epoch(train)  [6][1400/2952]  base_lr: 8.5355e-05 lr: 8.5355e-05  eta: 13:28:50  time: 1.1320  data_time: 0.0012  memory: 65503  loss: 0.3738
2024/07/24 02:40:36 - mmengine - INFO - Epoch(train)  [6][1500/2952]  base_lr: 8.5355e-05 lr: 8.5355e-05  eta: 13:26:57  time: 1.1312  data_time: 0.0011  memory: 65503  loss: 0.3877
2024/07/24 02:42:29 - mmengine - INFO - Epoch(train)  [6][1600/2952]  base_lr: 8.5355e-05 lr: 8.5355e-05  eta: 13:25:04  time: 1.1310  data_time: 0.0012  memory: 65503  loss: 0.3923
2024/07/24 02:44:23 - mmengine - INFO - Epoch(train)  [6][1700/2952]  base_lr: 8.5355e-05 lr: 8.5355e-05  eta: 13:23:11  time: 1.1317  data_time: 0.0011  memory: 65503  loss: 0.3642
2024/07/24 02:46:16 - mmengine - INFO - Epoch(train)  [6][1800/2952]  base_lr: 8.5355e-05 lr: 8.5355e-05  eta: 13:21:17  time: 1.1302  data_time: 0.0010  memory: 65503  loss: 0.3794
2024/07/24 02:48:09 - mmengine - INFO - Epoch(train)  [6][1900/2952]  base_lr: 8.5355e-05 lr: 8.5355e-05  eta: 13:19:24  time: 1.1293  data_time: 0.0010  memory: 65503  loss: 0.3969
2024/07/24 02:50:02 - mmengine - INFO - Epoch(train)  [6][2000/2952]  base_lr: 8.5355e-05 lr: 8.5355e-05  eta: 13:17:30  time: 1.1288  data_time: 0.0010  memory: 65503  loss: 0.4219
2024/07/24 02:51:55 - mmengine - INFO - Epoch(train)  [6][2100/2952]  base_lr: 8.5355e-05 lr: 8.5355e-05  eta: 13:15:36  time: 1.1301  data_time: 0.0010  memory: 65503  loss: 0.4073
2024/07/24 02:53:48 - mmengine - INFO - Epoch(train)  [6][2200/2952]  base_lr: 8.5355e-05 lr: 8.5355e-05  eta: 13:13:43  time: 1.1297  data_time: 0.0010  memory: 65503  loss: 0.4488
2024/07/24 02:54:33 - mmengine - INFO - Exp name: finetune_20240723_210710
2024/07/24 02:55:41 - mmengine - INFO - Epoch(train)  [6][2300/2952]  base_lr: 8.5355e-05 lr: 8.5355e-05  eta: 13:11:49  time: 1.1317  data_time: 0.0011  memory: 65503  loss: 0.4722
2024/07/24 02:57:34 - mmengine - INFO - Epoch(train)  [6][2400/2952]  base_lr: 8.5355e-05 lr: 8.5355e-05  eta: 13:09:55  time: 1.1301  data_time: 0.0010  memory: 65503  loss: 0.4424
2024/07/24 02:59:27 - mmengine - INFO - Epoch(train)  [6][2500/2952]  base_lr: 8.5355e-05 lr: 8.5355e-05  eta: 13:08:02  time: 1.1300  data_time: 0.0010  memory: 65503  loss: 0.4444
2024/07/24 03:01:20 - mmengine - INFO - Epoch(train)  [6][2600/2952]  base_lr: 8.5355e-05 lr: 8.5355e-05  eta: 13:06:08  time: 1.1291  data_time: 0.0010  memory: 65503  loss: 0.4691
2024/07/24 03:03:13 - mmengine - INFO - Epoch(train)  [6][2700/2952]  base_lr: 8.5355e-05 lr: 8.5355e-05  eta: 13:04:15  time: 1.1301  data_time: 0.0010  memory: 65503  loss: 0.4232
2024/07/24 03:05:06 - mmengine - INFO - Epoch(train)  [6][2800/2952]  base_lr: 8.5355e-05 lr: 8.5355e-05  eta: 13:02:21  time: 1.1295  data_time: 0.0010  memory: 65503  loss: 0.5023
2024/07/24 03:06:59 - mmengine - INFO - Epoch(train)  [6][2900/2952]  base_lr: 8.5355e-05 lr: 8.5355e-05  eta: 13:00:27  time: 1.1293  data_time: 0.0010  memory: 65503  loss: 0.4236
2024/07/24 03:07:57 - mmengine - INFO - Exp name: finetune_20240723_210710
2024/07/24 03:07:57 - mmengine - INFO - Saving checkpoint at 6 epochs
2024/07/24 03:11:36 - mmengine - INFO - Epoch(val)  [6][100/146]    eta: 0:01:40  time: 2.1569  data_time: 0.0006  memory: 65503  
2024/07/24 03:13:15 - mmengine - INFO - Epoch(val) [6][146/146]    accuracy/top1: 69.4667  accuracy/top5: 87.2603  single-label/precision: 16.1142  single-label/recall: 14.5574  single-label/f1-score: 14.3100  data_time: 0.0144  time: 2.1555
2024/07/24 03:15:12 - mmengine - INFO - Epoch(train)  [7][ 100/2952]  base_lr: 7.9389e-05 lr: 7.9389e-05  eta: 12:57:41  time: 1.1293  data_time: 0.0011  memory: 65503  loss: 0.1885
2024/07/24 03:17:05 - mmengine - INFO - Epoch(train)  [7][ 200/2952]  base_lr: 7.9389e-05 lr: 7.9389e-05  eta: 12:55:47  time: 1.1289  data_time: 0.0012  memory: 65503  loss: 0.1621
2024/07/24 03:18:44 - mmengine - INFO - Exp name: finetune_20240723_210710
2024/07/24 03:18:58 - mmengine - INFO - Epoch(train)  [7][ 300/2952]  base_lr: 7.9389e-05 lr: 7.9389e-05  eta: 12:53:54  time: 1.1296  data_time: 0.0013  memory: 65503  loss: 0.1540
2024/07/24 03:20:51 - mmengine - INFO - Epoch(train)  [7][ 400/2952]  base_lr: 7.9389e-05 lr: 7.9389e-05  eta: 12:52:00  time: 1.1300  data_time: 0.0011  memory: 65503  loss: 0.1536
2024/07/24 03:22:44 - mmengine - INFO - Epoch(train)  [7][ 500/2952]  base_lr: 7.9389e-05 lr: 7.9389e-05  eta: 12:50:06  time: 1.1292  data_time: 0.0011  memory: 65503  loss: 0.1240
2024/07/24 03:24:37 - mmengine - INFO - Epoch(train)  [7][ 600/2952]  base_lr: 7.9389e-05 lr: 7.9389e-05  eta: 12:48:13  time: 1.1300  data_time: 0.0012  memory: 65503  loss: 0.1686
2024/07/24 03:26:30 - mmengine - INFO - Epoch(train)  [7][ 700/2952]  base_lr: 7.9389e-05 lr: 7.9389e-05  eta: 12:46:19  time: 1.1300  data_time: 0.0012  memory: 65503  loss: 0.1534
2024/07/24 03:28:22 - mmengine - INFO - Epoch(train)  [7][ 800/2952]  base_lr: 7.9389e-05 lr: 7.9389e-05  eta: 12:44:25  time: 1.1286  data_time: 0.0012  memory: 65503  loss: 0.1779
2024/07/24 03:30:15 - mmengine - INFO - Epoch(train)  [7][ 900/2952]  base_lr: 7.9389e-05 lr: 7.9389e-05  eta: 12:42:31  time: 1.1308  data_time: 0.0011  memory: 65503  loss: 0.1907
2024/07/24 03:32:08 - mmengine - INFO - Epoch(train)  [7][1000/2952]  base_lr: 7.9389e-05 lr: 7.9389e-05  eta: 12:40:38  time: 1.1300  data_time: 0.0012  memory: 65503  loss: 0.1986
2024/07/24 03:34:01 - mmengine - INFO - Epoch(train)  [7][1100/2952]  base_lr: 7.9389e-05 lr: 7.9389e-05  eta: 12:38:44  time: 1.1304  data_time: 0.0012  memory: 65503  loss: 0.1795
2024/07/24 03:35:54 - mmengine - INFO - Epoch(train)  [7][1200/2952]  base_lr: 7.9389e-05 lr: 7.9389e-05  eta: 12:36:51  time: 1.1306  data_time: 0.0012  memory: 65503  loss: 0.2013
2024/07/24 03:37:34 - mmengine - INFO - Exp name: finetune_20240723_210710
2024/07/24 03:37:47 - mmengine - INFO - Epoch(train)  [7][1300/2952]  base_lr: 7.9389e-05 lr: 7.9389e-05  eta: 12:34:57  time: 1.1308  data_time: 0.0012  memory: 65503  loss: 0.2089
2024/07/24 03:39:40 - mmengine - INFO - Epoch(train)  [7][1400/2952]  base_lr: 7.9389e-05 lr: 7.9389e-05  eta: 12:33:04  time: 1.1315  data_time: 0.0012  memory: 65503  loss: 0.2530
2024/07/24 03:41:33 - mmengine - INFO - Epoch(train)  [7][1500/2952]  base_lr: 7.9389e-05 lr: 7.9389e-05  eta: 12:31:10  time: 1.1305  data_time: 0.0012  memory: 65503  loss: 0.2341
2024/07/24 03:43:26 - mmengine - INFO - Epoch(train)  [7][1600/2952]  base_lr: 7.9389e-05 lr: 7.9389e-05  eta: 12:29:17  time: 1.1298  data_time: 0.0012  memory: 65503  loss: 0.2479
2024/07/24 03:45:20 - mmengine - INFO - Epoch(train)  [7][1700/2952]  base_lr: 7.9389e-05 lr: 7.9389e-05  eta: 12:27:23  time: 1.1286  data_time: 0.0011  memory: 65503  loss: 0.2615
2024/07/24 03:47:12 - mmengine - INFO - Epoch(train)  [7][1800/2952]  base_lr: 7.9389e-05 lr: 7.9389e-05  eta: 12:25:30  time: 1.1302  data_time: 0.0012  memory: 65503  loss: 0.2556
2024/07/24 03:49:05 - mmengine - INFO - Epoch(train)  [7][1900/2952]  base_lr: 7.9389e-05 lr: 7.9389e-05  eta: 12:23:36  time: 1.1308  data_time: 0.0012  memory: 65503  loss: 0.2733
2024/07/24 03:50:58 - mmengine - INFO - Epoch(train)  [7][2000/2952]  base_lr: 7.9389e-05 lr: 7.9389e-05  eta: 12:21:43  time: 1.1305  data_time: 0.0012  memory: 65503  loss: 0.2601
2024/07/24 03:52:51 - mmengine - INFO - Epoch(train)  [7][2100/2952]  base_lr: 7.9389e-05 lr: 7.9389e-05  eta: 12:19:49  time: 1.1302  data_time: 0.0012  memory: 65503  loss: 0.2759
2024/07/24 03:54:44 - mmengine - INFO - Epoch(train)  [7][2200/2952]  base_lr: 7.9389e-05 lr: 7.9389e-05  eta: 12:17:56  time: 1.1314  data_time: 0.0012  memory: 65503  loss: 0.2947
2024/07/24 03:56:24 - mmengine - INFO - Exp name: finetune_20240723_210710
2024/07/24 03:56:38 - mmengine - INFO - Epoch(train)  [7][2300/2952]  base_lr: 7.9389e-05 lr: 7.9389e-05  eta: 12:16:03  time: 1.1308  data_time: 0.0012  memory: 65503  loss: 0.3205
2024/07/24 03:58:31 - mmengine - INFO - Epoch(train)  [7][2400/2952]  base_lr: 7.9389e-05 lr: 7.9389e-05  eta: 12:14:09  time: 1.1294  data_time: 0.0012  memory: 65503  loss: 0.2840
2024/07/24 04:00:24 - mmengine - INFO - Epoch(train)  [7][2500/2952]  base_lr: 7.9389e-05 lr: 7.9389e-05  eta: 12:12:16  time: 1.1288  data_time: 0.0013  memory: 65503  loss: 0.3075
2024/07/24 04:02:17 - mmengine - INFO - Epoch(train)  [7][2600/2952]  base_lr: 7.9389e-05 lr: 7.9389e-05  eta: 12:10:22  time: 1.1301  data_time: 0.0012  memory: 65503  loss: 0.2839
2024/07/24 04:04:10 - mmengine - INFO - Epoch(train)  [7][2700/2952]  base_lr: 7.9389e-05 lr: 7.9389e-05  eta: 12:08:29  time: 1.1301  data_time: 0.0012  memory: 65503  loss: 0.3150
2024/07/24 04:06:03 - mmengine - INFO - Epoch(train)  [7][2800/2952]  base_lr: 7.9389e-05 lr: 7.9389e-05  eta: 12:06:35  time: 1.1293  data_time: 0.0012  memory: 65503  loss: 0.3004
2024/07/24 04:07:55 - mmengine - INFO - Epoch(train)  [7][2900/2952]  base_lr: 7.9389e-05 lr: 7.9389e-05  eta: 12:04:41  time: 1.1289  data_time: 0.0012  memory: 65503  loss: 0.3529
2024/07/24 04:08:53 - mmengine - INFO - Exp name: finetune_20240723_210710
2024/07/24 04:08:53 - mmengine - INFO - Saving checkpoint at 7 epochs
2024/07/24 04:12:32 - mmengine - INFO - Epoch(val)  [7][100/146]    eta: 0:01:39  time: 2.1586  data_time: 0.0007  memory: 65503  
2024/07/24 04:14:12 - mmengine - INFO - Epoch(val) [7][146/146]    accuracy/top1: 68.8383  accuracy/top5: 86.7716  single-label/precision: 16.1754  single-label/recall: 14.3769  single-label/f1-score: 14.2531  data_time: 0.0113  time: 2.1521
2024/07/24 04:16:08 - mmengine - INFO - Epoch(train)  [8][ 100/2952]  base_lr: 7.2700e-05 lr: 7.2700e-05  eta: 12:01:53  time: 1.1296  data_time: 0.0015  memory: 65503  loss: 0.1147
2024/07/24 04:18:00 - mmengine - INFO - Epoch(train)  [8][ 200/2952]  base_lr: 7.2700e-05 lr: 7.2700e-05  eta: 11:59:59  time: 1.1283  data_time: 0.0009  memory: 65503  loss: 0.1030
2024/07/24 04:19:53 - mmengine - INFO - Epoch(train)  [8][ 300/2952]  base_lr: 7.2700e-05 lr: 7.2700e-05  eta: 11:58:06  time: 1.1290  data_time: 0.0009  memory: 65503  loss: 0.1111
2024/07/24 04:20:34 - mmengine - INFO - Exp name: finetune_20240723_210710
2024/07/24 04:21:46 - mmengine - INFO - Epoch(train)  [8][ 400/2952]  base_lr: 7.2700e-05 lr: 7.2700e-05  eta: 11:56:12  time: 1.1296  data_time: 0.0010  memory: 65503  loss: 0.1179
2024/07/24 04:23:39 - mmengine - INFO - Epoch(train)  [8][ 500/2952]  base_lr: 7.2700e-05 lr: 7.2700e-05  eta: 11:54:19  time: 1.1303  data_time: 0.0012  memory: 65503  loss: 0.1036
2024/07/24 04:25:32 - mmengine - INFO - Epoch(train)  [8][ 600/2952]  base_lr: 7.2700e-05 lr: 7.2700e-05  eta: 11:52:26  time: 1.1301  data_time: 0.0012  memory: 65503  loss: 0.0916
2024/07/24 04:27:25 - mmengine - INFO - Epoch(train)  [8][ 700/2952]  base_lr: 7.2700e-05 lr: 7.2700e-05  eta: 11:50:32  time: 1.1294  data_time: 0.0011  memory: 65503  loss: 0.0891
2024/07/24 04:29:18 - mmengine - INFO - Epoch(train)  [8][ 800/2952]  base_lr: 7.2700e-05 lr: 7.2700e-05  eta: 11:48:38  time: 1.1280  data_time: 0.0011  memory: 65503  loss: 0.0938
2024/07/24 04:31:11 - mmengine - INFO - Epoch(train)  [8][ 900/2952]  base_lr: 7.2700e-05 lr: 7.2700e-05  eta: 11:46:45  time: 1.1291  data_time: 0.0012  memory: 65503  loss: 0.0998
2024/07/24 04:33:04 - mmengine - INFO - Epoch(train)  [8][1000/2952]  base_lr: 7.2700e-05 lr: 7.2700e-05  eta: 11:44:51  time: 1.1285  data_time: 0.0012  memory: 65503  loss: 0.0916
2024/07/24 04:34:57 - mmengine - INFO - Epoch(train)  [8][1100/2952]  base_lr: 7.2700e-05 lr: 7.2700e-05  eta: 11:42:57  time: 1.1273  data_time: 0.0012  memory: 65503  loss: 0.1159
2024/07/24 04:36:50 - mmengine - INFO - Epoch(train)  [8][1200/2952]  base_lr: 7.2700e-05 lr: 7.2700e-05  eta: 11:41:04  time: 1.1292  data_time: 0.0012  memory: 65503  loss: 0.1305
2024/07/24 04:38:43 - mmengine - INFO - Epoch(train)  [8][1300/2952]  base_lr: 7.2700e-05 lr: 7.2700e-05  eta: 11:39:10  time: 1.1298  data_time: 0.0011  memory: 65503  loss: 0.1590
2024/07/24 04:39:23 - mmengine - INFO - Exp name: finetune_20240723_210710
2024/07/24 04:40:35 - mmengine - INFO - Epoch(train)  [8][1400/2952]  base_lr: 7.2700e-05 lr: 7.2700e-05  eta: 11:37:16  time: 1.1293  data_time: 0.0012  memory: 65503  loss: 0.1610
2024/07/24 04:42:28 - mmengine - INFO - Epoch(train)  [8][1500/2952]  base_lr: 7.2700e-05 lr: 7.2700e-05  eta: 11:35:23  time: 1.1304  data_time: 0.0011  memory: 65503  loss: 0.1601
2024/07/24 04:44:21 - mmengine - INFO - Epoch(train)  [8][1600/2952]  base_lr: 7.2700e-05 lr: 7.2700e-05  eta: 11:33:29  time: 1.1300  data_time: 0.0012  memory: 65503  loss: 0.1823
2024/07/24 04:46:14 - mmengine - INFO - Epoch(train)  [8][1700/2952]  base_lr: 7.2700e-05 lr: 7.2700e-05  eta: 11:31:36  time: 1.1311  data_time: 0.0012  memory: 65503  loss: 0.1885
2024/07/24 04:48:07 - mmengine - INFO - Epoch(train)  [8][1800/2952]  base_lr: 7.2700e-05 lr: 7.2700e-05  eta: 11:29:43  time: 1.1298  data_time: 0.0012  memory: 65503  loss: 0.1748
2024/07/24 04:50:00 - mmengine - INFO - Epoch(train)  [8][1900/2952]  base_lr: 7.2700e-05 lr: 7.2700e-05  eta: 11:27:49  time: 1.1297  data_time: 0.0013  memory: 65503  loss: 0.1706
