2024/06/26 08:21:08 - mmengine - INFO - 
------------------------------------------------------------
System environment:
    sys.platform: linux
    Python: 3.10.12 (main, Nov 20 2023, 15:14:05) [GCC 11.4.0]
    CUDA available: True
    MUSA available: False
    numpy_random_seed: 0
    GPU 0: NVIDIA A100-SXM4-80GB
    CUDA_HOME: /usr/local/cuda
    NVCC: Cuda compilation tools, release 12.3, V12.3.107
    GCC: x86_64-linux-gnu-gcc (Ubuntu 11.4.0-1ubuntu1~22.04) 11.4.0
    PyTorch: 2.3.1+cu121
    PyTorch compiling details: PyTorch built with:
  - GCC 9.3
  - C++ Version: 201703
  - Intel(R) oneAPI Math Kernel Library Version 2022.2-Product Build 20220804 for Intel(R) 64 architecture applications
  - Intel(R) MKL-DNN v3.3.6 (Git Hash 86e6af5974177e513fd3fee58425e1063e7f1361)
  - OpenMP 201511 (a.k.a. OpenMP 4.5)
  - LAPACK is enabled (usually provided by MKL)
  - NNPACK is enabled
  - CPU capability usage: AVX2
  - CUDA Runtime 12.1
  - NVCC architecture flags: -gencode;arch=compute_50,code=sm_50;-gencode;arch=compute_60,code=sm_60;-gencode;arch=compute_70,code=sm_70;-gencode;arch=compute_75,code=sm_75;-gencode;arch=compute_80,code=sm_80;-gencode;arch=compute_86,code=sm_86;-gencode;arch=compute_90,code=sm_90
  - CuDNN 8.9.2
  - Magma 2.6.1
  - Build settings: BLAS_INFO=mkl, BUILD_TYPE=Release, CUDA_VERSION=12.1, CUDNN_VERSION=8.9.2, CXX_COMPILER=/opt/rh/devtoolset-9/root/usr/bin/c++, CXX_FLAGS= -D_GLIBCXX_USE_CXX11_ABI=0 -fabi-version=11 -fvisibility-inlines-hidden -DUSE_PTHREADPOOL -DNDEBUG -DUSE_KINETO -DLIBKINETO_NOROCTRACER -DUSE_FBGEMM -DUSE_QNNPACK -DUSE_PYTORCH_QNNPACK -DUSE_XNNPACK -DSYMBOLICATE_MOBILE_DEBUG_HANDLE -O2 -fPIC -Wall -Wextra -Werror=return-type -Werror=non-virtual-dtor -Werror=bool-operation -Wnarrowing -Wno-missing-field-initializers -Wno-type-limits -Wno-array-bounds -Wno-unknown-pragmas -Wno-unused-parameter -Wno-unused-function -Wno-unused-result -Wno-strict-overflow -Wno-strict-aliasing -Wno-stringop-overflow -Wsuggest-override -Wno-psabi -Wno-error=pedantic -Wno-error=old-style-cast -Wno-missing-braces -fdiagnostics-color=always -faligned-new -Wno-unused-but-set-variable -Wno-maybe-uninitialized -fno-math-errno -fno-trapping-math -Werror=format -Wno-stringop-overflow, LAPACK_INFO=mkl, PERF_WITH_AVX=1, PERF_WITH_AVX2=1, PERF_WITH_AVX512=1, TORCH_VERSION=2.3.1, USE_CUDA=ON, USE_CUDNN=ON, USE_CUSPARSELT=1, USE_EXCEPTION_PTR=1, USE_GFLAGS=OFF, USE_GLOG=OFF, USE_GLOO=ON, USE_MKL=ON, USE_MKLDNN=ON, USE_MPI=OFF, USE_NCCL=1, USE_NNPACK=ON, USE_OPENMP=ON, USE_ROCM=OFF, USE_ROCM_KERNEL_ASSERT=OFF, 

    TorchVision: 0.18.1+cu121
    OpenCV: 4.10.0
    MMEngine: 0.10.4

Runtime environment:
    cudnn_benchmark: False
    mp_cfg: {'mp_start_method': 'fork', 'opencv_num_threads': 0}
    dist_cfg: {'backend': 'nccl'}
    seed: 0
    deterministic: True
    Distributed launcher: none
    Distributed training: False
    GPU number: 1
------------------------------------------------------------

2024/06/26 08:21:08 - mmengine - INFO - Config:
auto_scale_lr = dict(base_batch_size=1024)
data_dir = '/mnt/data'
data_preprocessor = dict(
    mean=[
        123.675,
        116.28,
        103.53,
    ],
    num_classes=2,
    std=[
        58.395,
        57.12,
        57.375,
    ],
    to_rgb=True)
default_hooks = dict(
    checkpoint=dict(interval=1, max_keep_ckpts=5, type='CheckpointHook'),
    logger=dict(interval=25, type='LoggerHook'),
    param_scheduler=dict(type='ParamSchedulerHook'),
    sampler_seed=dict(type='DistSamplerSeedHook'),
    timer=dict(type='IterTimerHook'),
    visualization=dict(enable=False, type='VisualizationHook'))
default_scope = 'mmpretrain'
env_cfg = dict(
    cudnn_benchmark=False,
    dist_cfg=dict(backend='nccl'),
    mp_cfg=dict(mp_start_method='fork', opencv_num_threads=0))
launcher = 'none'
load_from = None
log_level = 'INFO'
model = dict(
    backbone=dict(
        arch='base',
        frozen_stages=12,
        img_size=518,
        init_cfg=dict(
            checkpoint=
            'https://download.openmmlab.com/mmpretrain/v1.0/dinov2/vit-base-p14_dinov2-pre_3rdparty_20230426-ba246503.pth',
            prefix='backbone',
            type='Pretrained'),
        layer_scale_init_value=1e-05,
        patch_size=14,
        type='VisionTransformer'),
    head=dict(
        in_channels=768,
        loss=dict(type='CrossEntropyLoss'),
        num_classes=2,
        topk=(1, ),
        type='VisionTransformerClsHead'),
    neck=None,
    type='ImageClassifier')
optim_wrapper = dict(
    loss_scale='dynamic',
    optimizer=dict(lr=0.0001, type='AdamW', weight_decay=0.05),
    paramwise_cfg=dict(
        custom_keys=dict(
            cls_token=dict(decay_mult=0.0), mask_token=dict(decay_mult=0.0))),
    type='AmpOptimWrapper')
param_scheduler = [
    dict(T_max=20, by_epoch=True, type='CosineAnnealingLR'),
]
randomness = dict(deterministic=True, seed=0)
resume = True
test_cfg = dict()
test_dataloader = dict(
    batch_size=1024,
    collate_fn=dict(type='default_collate'),
    dataset=dict(
        ann_file='annotation_binary/test_2.txt',
        data_prefix='/mnt/data',
        pipeline=[
            dict(type='LoadImageFromFile'),
            dict(
                backend='pillow',
                edge='short',
                interpolation='bicubic',
                scale=518,
                type='ResizeEdge'),
            dict(crop_size=518, type='CenterCrop'),
            dict(type='PackInputs'),
        ],
        type='CustomDataset'),
    num_workers=28,
    persistent_workers=True,
    pin_memory=True,
    sampler=dict(shuffle=True, type='DefaultSampler'))
test_evaluator = [
    dict(topk=(1, ), type='Accuracy'),
    dict(items=[
        'precision',
        'recall',
    ], type='SingleLabelMetric'),
]
test_pipeline = [
    dict(type='LoadImageFromFile'),
    dict(
        backend='pillow',
        edge='short',
        interpolation='bicubic',
        scale=518,
        type='ResizeEdge'),
    dict(crop_size=518, type='CenterCrop'),
    dict(type='PackInputs'),
]
train_cfg = dict(by_epoch=True, max_epochs=12, val_interval=1)
train_dataloader = dict(
    batch_size=1024,
    collate_fn=dict(type='default_collate'),
    dataset=dict(
        ann_file='annotation_binary/train_2.txt',
        data_prefix='/mnt/data',
        pipeline=[
            dict(type='LoadImageFromFile'),
            dict(
                backend='pillow',
                edge='short',
                interpolation='bicubic',
                scale=518,
                type='ResizeEdge'),
            dict(crop_size=518, type='CenterCrop'),
            dict(type='PackInputs'),
        ],
        type='CustomDataset'),
    num_workers=28,
    persistent_workers=True,
    pin_memory=True,
    sampler=dict(shuffle=True, type='DefaultSampler'))
train_pipeline = [
    dict(type='LoadImageFromFile'),
    dict(
        backend='pillow',
        interpolation='bicubic',
        scale=518,
        type='RandomResizedCrop'),
    dict(direction='horizontal', prob=0.5, type='RandomFlip'),
    dict(type='PackInputs'),
]
val_cfg = dict()
val_dataloader = dict(
    batch_size=1024,
    collate_fn=dict(type='default_collate'),
    dataset=dict(
        ann_file='annotation_binary/val_2.txt',
        data_prefix='/mnt/data',
        pipeline=[
            dict(type='LoadImageFromFile'),
            dict(
                backend='pillow',
                edge='short',
                interpolation='bicubic',
                scale=518,
                type='ResizeEdge'),
            dict(crop_size=518, type='CenterCrop'),
            dict(type='PackInputs'),
        ],
        type='CustomDataset'),
    num_workers=28,
    persistent_workers=True,
    pin_memory=True,
    sampler=dict(shuffle=True, type='DefaultSampler'))
val_evaluator = [
    dict(topk=(1, ), type='Accuracy'),
    dict(items=[
        'precision',
        'recall',
    ], type='SingleLabelMetric'),
]
vis_backends = [
    dict(type='LocalVisBackend'),
]
visualizer = dict(
    type='UniversalVisualizer', vis_backends=[
        dict(type='LocalVisBackend'),
    ])
work_dir = './work_dirs/binary'

2024/06/26 08:21:10 - mmengine - INFO - Distributed training is not used, all SyncBatchNorm (SyncBN) layers in the model will be automatically reverted to BatchNormXd layers if they are used.
2024/06/26 08:21:10 - mmengine - INFO - Hooks will be executed in the following order:
before_run:
(VERY_HIGH   ) RuntimeInfoHook                    
(BELOW_NORMAL) LoggerHook                         
 -------------------- 
before_train:
(VERY_HIGH   ) RuntimeInfoHook                    
(NORMAL      ) IterTimerHook                      
(VERY_LOW    ) CheckpointHook                     
 -------------------- 
before_train_epoch:
(VERY_HIGH   ) RuntimeInfoHook                    
(NORMAL      ) IterTimerHook                      
(NORMAL      ) DistSamplerSeedHook                
 -------------------- 
before_train_iter:
(VERY_HIGH   ) RuntimeInfoHook                    
(NORMAL      ) IterTimerHook                      
 -------------------- 
after_train_iter:
(VERY_HIGH   ) RuntimeInfoHook                    
(NORMAL      ) IterTimerHook                      
(BELOW_NORMAL) LoggerHook                         
(LOW         ) ParamSchedulerHook                 
(VERY_LOW    ) CheckpointHook                     
 -------------------- 
after_train_epoch:
(NORMAL      ) IterTimerHook                      
(LOW         ) ParamSchedulerHook                 
(VERY_LOW    ) CheckpointHook                     
 -------------------- 
before_val:
(VERY_HIGH   ) RuntimeInfoHook                    
 -------------------- 
before_val_epoch:
(NORMAL      ) IterTimerHook                      
 -------------------- 
before_val_iter:
(NORMAL      ) IterTimerHook                      
 -------------------- 
after_val_iter:
(NORMAL      ) IterTimerHook                      
(NORMAL      ) VisualizationHook                  
(BELOW_NORMAL) LoggerHook                         
 -------------------- 
after_val_epoch:
(VERY_HIGH   ) RuntimeInfoHook                    
(NORMAL      ) IterTimerHook                      
(BELOW_NORMAL) LoggerHook                         
(LOW         ) ParamSchedulerHook                 
(VERY_LOW    ) CheckpointHook                     
 -------------------- 
after_val:
(VERY_HIGH   ) RuntimeInfoHook                    
 -------------------- 
after_train:
(VERY_HIGH   ) RuntimeInfoHook                    
(VERY_LOW    ) CheckpointHook                     
 -------------------- 
before_test:
(VERY_HIGH   ) RuntimeInfoHook                    
 -------------------- 
before_test_epoch:
(NORMAL      ) IterTimerHook                      
 -------------------- 
before_test_iter:
(NORMAL      ) IterTimerHook                      
 -------------------- 
after_test_iter:
(NORMAL      ) IterTimerHook                      
(NORMAL      ) VisualizationHook                  
(BELOW_NORMAL) LoggerHook                         
 -------------------- 
after_test_epoch:
(VERY_HIGH   ) RuntimeInfoHook                    
(NORMAL      ) IterTimerHook                      
(BELOW_NORMAL) LoggerHook                         
 -------------------- 
after_test:
(VERY_HIGH   ) RuntimeInfoHook                    
 -------------------- 
after_run:
(BELOW_NORMAL) LoggerHook                         
 -------------------- 
2024/06/26 08:21:12 - mmengine - WARNING - backbone.cls_token is skipped since its requires_grad=False
2024/06/26 08:21:12 - mmengine - WARNING - backbone.pos_embed is skipped since its requires_grad=False
2024/06/26 08:21:12 - mmengine - WARNING - backbone.patch_embed.projection.weight is skipped since its requires_grad=False
2024/06/26 08:21:12 - mmengine - WARNING - backbone.patch_embed.projection.bias is skipped since its requires_grad=False
2024/06/26 08:21:12 - mmengine - WARNING - backbone.layers.0.ln1.weight is skipped since its requires_grad=False
2024/06/26 08:21:12 - mmengine - WARNING - backbone.layers.0.ln1.bias is skipped since its requires_grad=False
2024/06/26 08:21:12 - mmengine - WARNING - backbone.layers.0.attn.qkv.weight is skipped since its requires_grad=False
2024/06/26 08:21:12 - mmengine - WARNING - backbone.layers.0.attn.qkv.bias is skipped since its requires_grad=False
2024/06/26 08:21:12 - mmengine - WARNING - backbone.layers.0.attn.proj.weight is skipped since its requires_grad=False
2024/06/26 08:21:12 - mmengine - WARNING - backbone.layers.0.attn.proj.bias is skipped since its requires_grad=False
2024/06/26 08:21:12 - mmengine - WARNING - backbone.layers.0.attn.gamma1.weight is skipped since its requires_grad=False
2024/06/26 08:21:12 - mmengine - WARNING - backbone.layers.0.ln2.weight is skipped since its requires_grad=False
2024/06/26 08:21:12 - mmengine - WARNING - backbone.layers.0.ln2.bias is skipped since its requires_grad=False
2024/06/26 08:21:12 - mmengine - WARNING - backbone.layers.0.ffn.layers.0.0.weight is skipped since its requires_grad=False
2024/06/26 08:21:12 - mmengine - WARNING - backbone.layers.0.ffn.layers.0.0.bias is skipped since its requires_grad=False
2024/06/26 08:21:12 - mmengine - WARNING - backbone.layers.0.ffn.layers.1.weight is skipped since its requires_grad=False
2024/06/26 08:21:12 - mmengine - WARNING - backbone.layers.0.ffn.layers.1.bias is skipped since its requires_grad=False
2024/06/26 08:21:12 - mmengine - WARNING - backbone.layers.0.ffn.gamma2.weight is skipped since its requires_grad=False
2024/06/26 08:21:12 - mmengine - WARNING - backbone.layers.1.ln1.weight is skipped since its requires_grad=False
2024/06/26 08:21:12 - mmengine - WARNING - backbone.layers.1.ln1.bias is skipped since its requires_grad=False
2024/06/26 08:21:12 - mmengine - WARNING - backbone.layers.1.attn.qkv.weight is skipped since its requires_grad=False
2024/06/26 08:21:12 - mmengine - WARNING - backbone.layers.1.attn.qkv.bias is skipped since its requires_grad=False
2024/06/26 08:21:12 - mmengine - WARNING - backbone.layers.1.attn.proj.weight is skipped since its requires_grad=False
2024/06/26 08:21:12 - mmengine - WARNING - backbone.layers.1.attn.proj.bias is skipped since its requires_grad=False
2024/06/26 08:21:12 - mmengine - WARNING - backbone.layers.1.attn.gamma1.weight is skipped since its requires_grad=False
2024/06/26 08:21:12 - mmengine - WARNING - backbone.layers.1.ln2.weight is skipped since its requires_grad=False
2024/06/26 08:21:12 - mmengine - WARNING - backbone.layers.1.ln2.bias is skipped since its requires_grad=False
2024/06/26 08:21:12 - mmengine - WARNING - backbone.layers.1.ffn.layers.0.0.weight is skipped since its requires_grad=False
2024/06/26 08:21:12 - mmengine - WARNING - backbone.layers.1.ffn.layers.0.0.bias is skipped since its requires_grad=False
2024/06/26 08:21:12 - mmengine - WARNING - backbone.layers.1.ffn.layers.1.weight is skipped since its requires_grad=False
2024/06/26 08:21:12 - mmengine - WARNING - backbone.layers.1.ffn.layers.1.bias is skipped since its requires_grad=False
2024/06/26 08:21:12 - mmengine - WARNING - backbone.layers.1.ffn.gamma2.weight is skipped since its requires_grad=False
2024/06/26 08:21:12 - mmengine - WARNING - backbone.layers.2.ln1.weight is skipped since its requires_grad=False
2024/06/26 08:21:12 - mmengine - WARNING - backbone.layers.2.ln1.bias is skipped since its requires_grad=False
2024/06/26 08:21:12 - mmengine - WARNING - backbone.layers.2.attn.qkv.weight is skipped since its requires_grad=False
2024/06/26 08:21:12 - mmengine - WARNING - backbone.layers.2.attn.qkv.bias is skipped since its requires_grad=False
2024/06/26 08:21:12 - mmengine - WARNING - backbone.layers.2.attn.proj.weight is skipped since its requires_grad=False
2024/06/26 08:21:12 - mmengine - WARNING - backbone.layers.2.attn.proj.bias is skipped since its requires_grad=False
2024/06/26 08:21:12 - mmengine - WARNING - backbone.layers.2.attn.gamma1.weight is skipped since its requires_grad=False
2024/06/26 08:21:12 - mmengine - WARNING - backbone.layers.2.ln2.weight is skipped since its requires_grad=False
2024/06/26 08:21:12 - mmengine - WARNING - backbone.layers.2.ln2.bias is skipped since its requires_grad=False
2024/06/26 08:21:12 - mmengine - WARNING - backbone.layers.2.ffn.layers.0.0.weight is skipped since its requires_grad=False
2024/06/26 08:21:12 - mmengine - WARNING - backbone.layers.2.ffn.layers.0.0.bias is skipped since its requires_grad=False
2024/06/26 08:21:12 - mmengine - WARNING - backbone.layers.2.ffn.layers.1.weight is skipped since its requires_grad=False
2024/06/26 08:21:12 - mmengine - WARNING - backbone.layers.2.ffn.layers.1.bias is skipped since its requires_grad=False
2024/06/26 08:21:12 - mmengine - WARNING - backbone.layers.2.ffn.gamma2.weight is skipped since its requires_grad=False
2024/06/26 08:21:12 - mmengine - WARNING - backbone.layers.3.ln1.weight is skipped since its requires_grad=False
2024/06/26 08:21:12 - mmengine - WARNING - backbone.layers.3.ln1.bias is skipped since its requires_grad=False
2024/06/26 08:21:12 - mmengine - WARNING - backbone.layers.3.attn.qkv.weight is skipped since its requires_grad=False
2024/06/26 08:21:12 - mmengine - WARNING - backbone.layers.3.attn.qkv.bias is skipped since its requires_grad=False
2024/06/26 08:21:12 - mmengine - WARNING - backbone.layers.3.attn.proj.weight is skipped since its requires_grad=False
2024/06/26 08:21:12 - mmengine - WARNING - backbone.layers.3.attn.proj.bias is skipped since its requires_grad=False
2024/06/26 08:21:12 - mmengine - WARNING - backbone.layers.3.attn.gamma1.weight is skipped since its requires_grad=False
2024/06/26 08:21:12 - mmengine - WARNING - backbone.layers.3.ln2.weight is skipped since its requires_grad=False
2024/06/26 08:21:12 - mmengine - WARNING - backbone.layers.3.ln2.bias is skipped since its requires_grad=False
2024/06/26 08:21:12 - mmengine - WARNING - backbone.layers.3.ffn.layers.0.0.weight is skipped since its requires_grad=False
2024/06/26 08:21:12 - mmengine - WARNING - backbone.layers.3.ffn.layers.0.0.bias is skipped since its requires_grad=False
2024/06/26 08:21:12 - mmengine - WARNING - backbone.layers.3.ffn.layers.1.weight is skipped since its requires_grad=False
2024/06/26 08:21:12 - mmengine - WARNING - backbone.layers.3.ffn.layers.1.bias is skipped since its requires_grad=False
2024/06/26 08:21:12 - mmengine - WARNING - backbone.layers.3.ffn.gamma2.weight is skipped since its requires_grad=False
2024/06/26 08:21:12 - mmengine - WARNING - backbone.layers.4.ln1.weight is skipped since its requires_grad=False
2024/06/26 08:21:12 - mmengine - WARNING - backbone.layers.4.ln1.bias is skipped since its requires_grad=False
2024/06/26 08:21:12 - mmengine - WARNING - backbone.layers.4.attn.qkv.weight is skipped since its requires_grad=False
2024/06/26 08:21:12 - mmengine - WARNING - backbone.layers.4.attn.qkv.bias is skipped since its requires_grad=False
2024/06/26 08:21:12 - mmengine - WARNING - backbone.layers.4.attn.proj.weight is skipped since its requires_grad=False
2024/06/26 08:21:12 - mmengine - WARNING - backbone.layers.4.attn.proj.bias is skipped since its requires_grad=False
2024/06/26 08:21:12 - mmengine - WARNING - backbone.layers.4.attn.gamma1.weight is skipped since its requires_grad=False
2024/06/26 08:21:12 - mmengine - WARNING - backbone.layers.4.ln2.weight is skipped since its requires_grad=False
2024/06/26 08:21:12 - mmengine - WARNING - backbone.layers.4.ln2.bias is skipped since its requires_grad=False
2024/06/26 08:21:12 - mmengine - WARNING - backbone.layers.4.ffn.layers.0.0.weight is skipped since its requires_grad=False
2024/06/26 08:21:12 - mmengine - WARNING - backbone.layers.4.ffn.layers.0.0.bias is skipped since its requires_grad=False
2024/06/26 08:21:12 - mmengine - WARNING - backbone.layers.4.ffn.layers.1.weight is skipped since its requires_grad=False
2024/06/26 08:21:12 - mmengine - WARNING - backbone.layers.4.ffn.layers.1.bias is skipped since its requires_grad=False
2024/06/26 08:21:12 - mmengine - WARNING - backbone.layers.4.ffn.gamma2.weight is skipped since its requires_grad=False
2024/06/26 08:21:12 - mmengine - WARNING - backbone.layers.5.ln1.weight is skipped since its requires_grad=False
2024/06/26 08:21:12 - mmengine - WARNING - backbone.layers.5.ln1.bias is skipped since its requires_grad=False
2024/06/26 08:21:12 - mmengine - WARNING - backbone.layers.5.attn.qkv.weight is skipped since its requires_grad=False
2024/06/26 08:21:12 - mmengine - WARNING - backbone.layers.5.attn.qkv.bias is skipped since its requires_grad=False
2024/06/26 08:21:12 - mmengine - WARNING - backbone.layers.5.attn.proj.weight is skipped since its requires_grad=False
2024/06/26 08:21:12 - mmengine - WARNING - backbone.layers.5.attn.proj.bias is skipped since its requires_grad=False
2024/06/26 08:21:12 - mmengine - WARNING - backbone.layers.5.attn.gamma1.weight is skipped since its requires_grad=False
2024/06/26 08:21:12 - mmengine - WARNING - backbone.layers.5.ln2.weight is skipped since its requires_grad=False
2024/06/26 08:21:12 - mmengine - WARNING - backbone.layers.5.ln2.bias is skipped since its requires_grad=False
2024/06/26 08:21:12 - mmengine - WARNING - backbone.layers.5.ffn.layers.0.0.weight is skipped since its requires_grad=False
2024/06/26 08:21:12 - mmengine - WARNING - backbone.layers.5.ffn.layers.0.0.bias is skipped since its requires_grad=False
2024/06/26 08:21:12 - mmengine - WARNING - backbone.layers.5.ffn.layers.1.weight is skipped since its requires_grad=False
2024/06/26 08:21:12 - mmengine - WARNING - backbone.layers.5.ffn.layers.1.bias is skipped since its requires_grad=False
2024/06/26 08:21:12 - mmengine - WARNING - backbone.layers.5.ffn.gamma2.weight is skipped since its requires_grad=False
2024/06/26 08:21:12 - mmengine - WARNING - backbone.layers.6.ln1.weight is skipped since its requires_grad=False
2024/06/26 08:21:12 - mmengine - WARNING - backbone.layers.6.ln1.bias is skipped since its requires_grad=False
2024/06/26 08:21:12 - mmengine - WARNING - backbone.layers.6.attn.qkv.weight is skipped since its requires_grad=False
2024/06/26 08:21:12 - mmengine - WARNING - backbone.layers.6.attn.qkv.bias is skipped since its requires_grad=False
2024/06/26 08:21:12 - mmengine - WARNING - backbone.layers.6.attn.proj.weight is skipped since its requires_grad=False
2024/06/26 08:21:12 - mmengine - WARNING - backbone.layers.6.attn.proj.bias is skipped since its requires_grad=False
2024/06/26 08:21:12 - mmengine - WARNING - backbone.layers.6.attn.gamma1.weight is skipped since its requires_grad=False
2024/06/26 08:21:12 - mmengine - WARNING - backbone.layers.6.ln2.weight is skipped since its requires_grad=False
2024/06/26 08:21:12 - mmengine - WARNING - backbone.layers.6.ln2.bias is skipped since its requires_grad=False
2024/06/26 08:21:12 - mmengine - WARNING - backbone.layers.6.ffn.layers.0.0.weight is skipped since its requires_grad=False
2024/06/26 08:21:12 - mmengine - WARNING - backbone.layers.6.ffn.layers.0.0.bias is skipped since its requires_grad=False
2024/06/26 08:21:12 - mmengine - WARNING - backbone.layers.6.ffn.layers.1.weight is skipped since its requires_grad=False
2024/06/26 08:21:12 - mmengine - WARNING - backbone.layers.6.ffn.layers.1.bias is skipped since its requires_grad=False
2024/06/26 08:21:12 - mmengine - WARNING - backbone.layers.6.ffn.gamma2.weight is skipped since its requires_grad=False
2024/06/26 08:21:12 - mmengine - WARNING - backbone.layers.7.ln1.weight is skipped since its requires_grad=False
2024/06/26 08:21:12 - mmengine - WARNING - backbone.layers.7.ln1.bias is skipped since its requires_grad=False
2024/06/26 08:21:12 - mmengine - WARNING - backbone.layers.7.attn.qkv.weight is skipped since its requires_grad=False
2024/06/26 08:21:12 - mmengine - WARNING - backbone.layers.7.attn.qkv.bias is skipped since its requires_grad=False
2024/06/26 08:21:12 - mmengine - WARNING - backbone.layers.7.attn.proj.weight is skipped since its requires_grad=False
2024/06/26 08:21:12 - mmengine - WARNING - backbone.layers.7.attn.proj.bias is skipped since its requires_grad=False
2024/06/26 08:21:12 - mmengine - WARNING - backbone.layers.7.attn.gamma1.weight is skipped since its requires_grad=False
2024/06/26 08:21:12 - mmengine - WARNING - backbone.layers.7.ln2.weight is skipped since its requires_grad=False
2024/06/26 08:21:12 - mmengine - WARNING - backbone.layers.7.ln2.bias is skipped since its requires_grad=False
2024/06/26 08:21:12 - mmengine - WARNING - backbone.layers.7.ffn.layers.0.0.weight is skipped since its requires_grad=False
2024/06/26 08:21:12 - mmengine - WARNING - backbone.layers.7.ffn.layers.0.0.bias is skipped since its requires_grad=False
2024/06/26 08:21:12 - mmengine - WARNING - backbone.layers.7.ffn.layers.1.weight is skipped since its requires_grad=False
2024/06/26 08:21:12 - mmengine - WARNING - backbone.layers.7.ffn.layers.1.bias is skipped since its requires_grad=False
2024/06/26 08:21:12 - mmengine - WARNING - backbone.layers.7.ffn.gamma2.weight is skipped since its requires_grad=False
2024/06/26 08:21:12 - mmengine - WARNING - backbone.layers.8.ln1.weight is skipped since its requires_grad=False
2024/06/26 08:21:12 - mmengine - WARNING - backbone.layers.8.ln1.bias is skipped since its requires_grad=False
2024/06/26 08:21:12 - mmengine - WARNING - backbone.layers.8.attn.qkv.weight is skipped since its requires_grad=False
2024/06/26 08:21:12 - mmengine - WARNING - backbone.layers.8.attn.qkv.bias is skipped since its requires_grad=False
2024/06/26 08:21:12 - mmengine - WARNING - backbone.layers.8.attn.proj.weight is skipped since its requires_grad=False
2024/06/26 08:21:12 - mmengine - WARNING - backbone.layers.8.attn.proj.bias is skipped since its requires_grad=False
2024/06/26 08:21:12 - mmengine - WARNING - backbone.layers.8.attn.gamma1.weight is skipped since its requires_grad=False
2024/06/26 08:21:12 - mmengine - WARNING - backbone.layers.8.ln2.weight is skipped since its requires_grad=False
2024/06/26 08:21:12 - mmengine - WARNING - backbone.layers.8.ln2.bias is skipped since its requires_grad=False
2024/06/26 08:21:12 - mmengine - WARNING - backbone.layers.8.ffn.layers.0.0.weight is skipped since its requires_grad=False
2024/06/26 08:21:12 - mmengine - WARNING - backbone.layers.8.ffn.layers.0.0.bias is skipped since its requires_grad=False
2024/06/26 08:21:12 - mmengine - WARNING - backbone.layers.8.ffn.layers.1.weight is skipped since its requires_grad=False
2024/06/26 08:21:12 - mmengine - WARNING - backbone.layers.8.ffn.layers.1.bias is skipped since its requires_grad=False
2024/06/26 08:21:12 - mmengine - WARNING - backbone.layers.8.ffn.gamma2.weight is skipped since its requires_grad=False
2024/06/26 08:21:12 - mmengine - WARNING - backbone.layers.9.ln1.weight is skipped since its requires_grad=False
2024/06/26 08:21:12 - mmengine - WARNING - backbone.layers.9.ln1.bias is skipped since its requires_grad=False
2024/06/26 08:21:12 - mmengine - WARNING - backbone.layers.9.attn.qkv.weight is skipped since its requires_grad=False
2024/06/26 08:21:12 - mmengine - WARNING - backbone.layers.9.attn.qkv.bias is skipped since its requires_grad=False
2024/06/26 08:21:12 - mmengine - WARNING - backbone.layers.9.attn.proj.weight is skipped since its requires_grad=False
2024/06/26 08:21:12 - mmengine - WARNING - backbone.layers.9.attn.proj.bias is skipped since its requires_grad=False
2024/06/26 08:21:12 - mmengine - WARNING - backbone.layers.9.attn.gamma1.weight is skipped since its requires_grad=False
2024/06/26 08:21:12 - mmengine - WARNING - backbone.layers.9.ln2.weight is skipped since its requires_grad=False
2024/06/26 08:21:12 - mmengine - WARNING - backbone.layers.9.ln2.bias is skipped since its requires_grad=False
2024/06/26 08:21:12 - mmengine - WARNING - backbone.layers.9.ffn.layers.0.0.weight is skipped since its requires_grad=False
2024/06/26 08:21:12 - mmengine - WARNING - backbone.layers.9.ffn.layers.0.0.bias is skipped since its requires_grad=False
2024/06/26 08:21:12 - mmengine - WARNING - backbone.layers.9.ffn.layers.1.weight is skipped since its requires_grad=False
2024/06/26 08:21:12 - mmengine - WARNING - backbone.layers.9.ffn.layers.1.bias is skipped since its requires_grad=False
2024/06/26 08:21:12 - mmengine - WARNING - backbone.layers.9.ffn.gamma2.weight is skipped since its requires_grad=False
2024/06/26 08:21:12 - mmengine - WARNING - backbone.layers.10.ln1.weight is skipped since its requires_grad=False
2024/06/26 08:21:12 - mmengine - WARNING - backbone.layers.10.ln1.bias is skipped since its requires_grad=False
2024/06/26 08:21:12 - mmengine - WARNING - backbone.layers.10.attn.qkv.weight is skipped since its requires_grad=False
2024/06/26 08:21:12 - mmengine - WARNING - backbone.layers.10.attn.qkv.bias is skipped since its requires_grad=False
2024/06/26 08:21:12 - mmengine - WARNING - backbone.layers.10.attn.proj.weight is skipped since its requires_grad=False
2024/06/26 08:21:12 - mmengine - WARNING - backbone.layers.10.attn.proj.bias is skipped since its requires_grad=False
2024/06/26 08:21:12 - mmengine - WARNING - backbone.layers.10.attn.gamma1.weight is skipped since its requires_grad=False
2024/06/26 08:21:12 - mmengine - WARNING - backbone.layers.10.ln2.weight is skipped since its requires_grad=False
2024/06/26 08:21:12 - mmengine - WARNING - backbone.layers.10.ln2.bias is skipped since its requires_grad=False
2024/06/26 08:21:12 - mmengine - WARNING - backbone.layers.10.ffn.layers.0.0.weight is skipped since its requires_grad=False
2024/06/26 08:21:12 - mmengine - WARNING - backbone.layers.10.ffn.layers.0.0.bias is skipped since its requires_grad=False
2024/06/26 08:21:12 - mmengine - WARNING - backbone.layers.10.ffn.layers.1.weight is skipped since its requires_grad=False
2024/06/26 08:21:12 - mmengine - WARNING - backbone.layers.10.ffn.layers.1.bias is skipped since its requires_grad=False
2024/06/26 08:21:12 - mmengine - WARNING - backbone.layers.10.ffn.gamma2.weight is skipped since its requires_grad=False
2024/06/26 08:21:12 - mmengine - WARNING - backbone.layers.11.ln1.weight is skipped since its requires_grad=False
2024/06/26 08:21:12 - mmengine - WARNING - backbone.layers.11.ln1.bias is skipped since its requires_grad=False
2024/06/26 08:21:12 - mmengine - WARNING - backbone.layers.11.attn.qkv.weight is skipped since its requires_grad=False
2024/06/26 08:21:12 - mmengine - WARNING - backbone.layers.11.attn.qkv.bias is skipped since its requires_grad=False
2024/06/26 08:21:12 - mmengine - WARNING - backbone.layers.11.attn.proj.weight is skipped since its requires_grad=False
2024/06/26 08:21:12 - mmengine - WARNING - backbone.layers.11.attn.proj.bias is skipped since its requires_grad=False
2024/06/26 08:21:12 - mmengine - WARNING - backbone.layers.11.attn.gamma1.weight is skipped since its requires_grad=False
2024/06/26 08:21:12 - mmengine - WARNING - backbone.layers.11.ln2.weight is skipped since its requires_grad=False
2024/06/26 08:21:12 - mmengine - WARNING - backbone.layers.11.ln2.bias is skipped since its requires_grad=False
2024/06/26 08:21:12 - mmengine - WARNING - backbone.layers.11.ffn.layers.0.0.weight is skipped since its requires_grad=False
2024/06/26 08:21:12 - mmengine - WARNING - backbone.layers.11.ffn.layers.0.0.bias is skipped since its requires_grad=False
2024/06/26 08:21:12 - mmengine - WARNING - backbone.layers.11.ffn.layers.1.weight is skipped since its requires_grad=False
2024/06/26 08:21:12 - mmengine - WARNING - backbone.layers.11.ffn.layers.1.bias is skipped since its requires_grad=False
2024/06/26 08:21:12 - mmengine - WARNING - backbone.layers.11.ffn.gamma2.weight is skipped since its requires_grad=False
2024/06/26 08:21:12 - mmengine - WARNING - backbone.ln1.weight is skipped since its requires_grad=False
2024/06/26 08:21:12 - mmengine - WARNING - backbone.ln1.bias is skipped since its requires_grad=False
2024/06/26 08:21:13 - mmengine - INFO - load backbone in model from: https://download.openmmlab.com/mmpretrain/v1.0/dinov2/vit-base-p14_dinov2-pre_3rdparty_20230426-ba246503.pth
2024/06/26 08:21:13 - mmengine - WARNING - The model and loaded state dict do not match exactly

unexpected key in source state_dict: mask_token

Name of parameter - Initialization information

backbone.cls_token - torch.Size([1, 1, 768]): 
PretrainedInit: load from https://download.openmmlab.com/mmpretrain/v1.0/dinov2/vit-base-p14_dinov2-pre_3rdparty_20230426-ba246503.pth 

backbone.pos_embed - torch.Size([1, 1370, 768]): 
PretrainedInit: load from https://download.openmmlab.com/mmpretrain/v1.0/dinov2/vit-base-p14_dinov2-pre_3rdparty_20230426-ba246503.pth 

backbone.patch_embed.projection.weight - torch.Size([768, 3, 14, 14]): 
PretrainedInit: load from https://download.openmmlab.com/mmpretrain/v1.0/dinov2/vit-base-p14_dinov2-pre_3rdparty_20230426-ba246503.pth 

backbone.patch_embed.projection.bias - torch.Size([768]): 
PretrainedInit: load from https://download.openmmlab.com/mmpretrain/v1.0/dinov2/vit-base-p14_dinov2-pre_3rdparty_20230426-ba246503.pth 

backbone.layers.0.ln1.weight - torch.Size([768]): 
PretrainedInit: load from https://download.openmmlab.com/mmpretrain/v1.0/dinov2/vit-base-p14_dinov2-pre_3rdparty_20230426-ba246503.pth 

backbone.layers.0.ln1.bias - torch.Size([768]): 
PretrainedInit: load from https://download.openmmlab.com/mmpretrain/v1.0/dinov2/vit-base-p14_dinov2-pre_3rdparty_20230426-ba246503.pth 

backbone.layers.0.attn.qkv.weight - torch.Size([2304, 768]): 
PretrainedInit: load from https://download.openmmlab.com/mmpretrain/v1.0/dinov2/vit-base-p14_dinov2-pre_3rdparty_20230426-ba246503.pth 

backbone.layers.0.attn.qkv.bias - torch.Size([2304]): 
PretrainedInit: load from https://download.openmmlab.com/mmpretrain/v1.0/dinov2/vit-base-p14_dinov2-pre_3rdparty_20230426-ba246503.pth 

backbone.layers.0.attn.proj.weight - torch.Size([768, 768]): 
PretrainedInit: load from https://download.openmmlab.com/mmpretrain/v1.0/dinov2/vit-base-p14_dinov2-pre_3rdparty_20230426-ba246503.pth 

backbone.layers.0.attn.proj.bias - torch.Size([768]): 
PretrainedInit: load from https://download.openmmlab.com/mmpretrain/v1.0/dinov2/vit-base-p14_dinov2-pre_3rdparty_20230426-ba246503.pth 

backbone.layers.0.attn.gamma1.weight - torch.Size([768]): 
PretrainedInit: load from https://download.openmmlab.com/mmpretrain/v1.0/dinov2/vit-base-p14_dinov2-pre_3rdparty_20230426-ba246503.pth 

backbone.layers.0.ln2.weight - torch.Size([768]): 
PretrainedInit: load from https://download.openmmlab.com/mmpretrain/v1.0/dinov2/vit-base-p14_dinov2-pre_3rdparty_20230426-ba246503.pth 

backbone.layers.0.ln2.bias - torch.Size([768]): 
PretrainedInit: load from https://download.openmmlab.com/mmpretrain/v1.0/dinov2/vit-base-p14_dinov2-pre_3rdparty_20230426-ba246503.pth 

backbone.layers.0.ffn.layers.0.0.weight - torch.Size([3072, 768]): 
PretrainedInit: load from https://download.openmmlab.com/mmpretrain/v1.0/dinov2/vit-base-p14_dinov2-pre_3rdparty_20230426-ba246503.pth 

backbone.layers.0.ffn.layers.0.0.bias - torch.Size([3072]): 
PretrainedInit: load from https://download.openmmlab.com/mmpretrain/v1.0/dinov2/vit-base-p14_dinov2-pre_3rdparty_20230426-ba246503.pth 

backbone.layers.0.ffn.layers.1.weight - torch.Size([768, 3072]): 
PretrainedInit: load from https://download.openmmlab.com/mmpretrain/v1.0/dinov2/vit-base-p14_dinov2-pre_3rdparty_20230426-ba246503.pth 

backbone.layers.0.ffn.layers.1.bias - torch.Size([768]): 
PretrainedInit: load from https://download.openmmlab.com/mmpretrain/v1.0/dinov2/vit-base-p14_dinov2-pre_3rdparty_20230426-ba246503.pth 

backbone.layers.0.ffn.gamma2.weight - torch.Size([768]): 
PretrainedInit: load from https://download.openmmlab.com/mmpretrain/v1.0/dinov2/vit-base-p14_dinov2-pre_3rdparty_20230426-ba246503.pth 

backbone.layers.1.ln1.weight - torch.Size([768]): 
PretrainedInit: load from https://download.openmmlab.com/mmpretrain/v1.0/dinov2/vit-base-p14_dinov2-pre_3rdparty_20230426-ba246503.pth 

backbone.layers.1.ln1.bias - torch.Size([768]): 
PretrainedInit: load from https://download.openmmlab.com/mmpretrain/v1.0/dinov2/vit-base-p14_dinov2-pre_3rdparty_20230426-ba246503.pth 

backbone.layers.1.attn.qkv.weight - torch.Size([2304, 768]): 
PretrainedInit: load from https://download.openmmlab.com/mmpretrain/v1.0/dinov2/vit-base-p14_dinov2-pre_3rdparty_20230426-ba246503.pth 

backbone.layers.1.attn.qkv.bias - torch.Size([2304]): 
PretrainedInit: load from https://download.openmmlab.com/mmpretrain/v1.0/dinov2/vit-base-p14_dinov2-pre_3rdparty_20230426-ba246503.pth 

backbone.layers.1.attn.proj.weight - torch.Size([768, 768]): 
PretrainedInit: load from https://download.openmmlab.com/mmpretrain/v1.0/dinov2/vit-base-p14_dinov2-pre_3rdparty_20230426-ba246503.pth 

backbone.layers.1.attn.proj.bias - torch.Size([768]): 
PretrainedInit: load from https://download.openmmlab.com/mmpretrain/v1.0/dinov2/vit-base-p14_dinov2-pre_3rdparty_20230426-ba246503.pth 

backbone.layers.1.attn.gamma1.weight - torch.Size([768]): 
PretrainedInit: load from https://download.openmmlab.com/mmpretrain/v1.0/dinov2/vit-base-p14_dinov2-pre_3rdparty_20230426-ba246503.pth 

backbone.layers.1.ln2.weight - torch.Size([768]): 
PretrainedInit: load from https://download.openmmlab.com/mmpretrain/v1.0/dinov2/vit-base-p14_dinov2-pre_3rdparty_20230426-ba246503.pth 

backbone.layers.1.ln2.bias - torch.Size([768]): 
PretrainedInit: load from https://download.openmmlab.com/mmpretrain/v1.0/dinov2/vit-base-p14_dinov2-pre_3rdparty_20230426-ba246503.pth 

backbone.layers.1.ffn.layers.0.0.weight - torch.Size([3072, 768]): 
PretrainedInit: load from https://download.openmmlab.com/mmpretrain/v1.0/dinov2/vit-base-p14_dinov2-pre_3rdparty_20230426-ba246503.pth 

backbone.layers.1.ffn.layers.0.0.bias - torch.Size([3072]): 
PretrainedInit: load from https://download.openmmlab.com/mmpretrain/v1.0/dinov2/vit-base-p14_dinov2-pre_3rdparty_20230426-ba246503.pth 

backbone.layers.1.ffn.layers.1.weight - torch.Size([768, 3072]): 
PretrainedInit: load from https://download.openmmlab.com/mmpretrain/v1.0/dinov2/vit-base-p14_dinov2-pre_3rdparty_20230426-ba246503.pth 

backbone.layers.1.ffn.layers.1.bias - torch.Size([768]): 
PretrainedInit: load from https://download.openmmlab.com/mmpretrain/v1.0/dinov2/vit-base-p14_dinov2-pre_3rdparty_20230426-ba246503.pth 

backbone.layers.1.ffn.gamma2.weight - torch.Size([768]): 
PretrainedInit: load from https://download.openmmlab.com/mmpretrain/v1.0/dinov2/vit-base-p14_dinov2-pre_3rdparty_20230426-ba246503.pth 

backbone.layers.2.ln1.weight - torch.Size([768]): 
PretrainedInit: load from https://download.openmmlab.com/mmpretrain/v1.0/dinov2/vit-base-p14_dinov2-pre_3rdparty_20230426-ba246503.pth 

backbone.layers.2.ln1.bias - torch.Size([768]): 
PretrainedInit: load from https://download.openmmlab.com/mmpretrain/v1.0/dinov2/vit-base-p14_dinov2-pre_3rdparty_20230426-ba246503.pth 

backbone.layers.2.attn.qkv.weight - torch.Size([2304, 768]): 
PretrainedInit: load from https://download.openmmlab.com/mmpretrain/v1.0/dinov2/vit-base-p14_dinov2-pre_3rdparty_20230426-ba246503.pth 

backbone.layers.2.attn.qkv.bias - torch.Size([2304]): 
PretrainedInit: load from https://download.openmmlab.com/mmpretrain/v1.0/dinov2/vit-base-p14_dinov2-pre_3rdparty_20230426-ba246503.pth 

backbone.layers.2.attn.proj.weight - torch.Size([768, 768]): 
PretrainedInit: load from https://download.openmmlab.com/mmpretrain/v1.0/dinov2/vit-base-p14_dinov2-pre_3rdparty_20230426-ba246503.pth 

backbone.layers.2.attn.proj.bias - torch.Size([768]): 
PretrainedInit: load from https://download.openmmlab.com/mmpretrain/v1.0/dinov2/vit-base-p14_dinov2-pre_3rdparty_20230426-ba246503.pth 

backbone.layers.2.attn.gamma1.weight - torch.Size([768]): 
PretrainedInit: load from https://download.openmmlab.com/mmpretrain/v1.0/dinov2/vit-base-p14_dinov2-pre_3rdparty_20230426-ba246503.pth 

backbone.layers.2.ln2.weight - torch.Size([768]): 
PretrainedInit: load from https://download.openmmlab.com/mmpretrain/v1.0/dinov2/vit-base-p14_dinov2-pre_3rdparty_20230426-ba246503.pth 

backbone.layers.2.ln2.bias - torch.Size([768]): 
PretrainedInit: load from https://download.openmmlab.com/mmpretrain/v1.0/dinov2/vit-base-p14_dinov2-pre_3rdparty_20230426-ba246503.pth 

backbone.layers.2.ffn.layers.0.0.weight - torch.Size([3072, 768]): 
PretrainedInit: load from https://download.openmmlab.com/mmpretrain/v1.0/dinov2/vit-base-p14_dinov2-pre_3rdparty_20230426-ba246503.pth 

backbone.layers.2.ffn.layers.0.0.bias - torch.Size([3072]): 
PretrainedInit: load from https://download.openmmlab.com/mmpretrain/v1.0/dinov2/vit-base-p14_dinov2-pre_3rdparty_20230426-ba246503.pth 

backbone.layers.2.ffn.layers.1.weight - torch.Size([768, 3072]): 
PretrainedInit: load from https://download.openmmlab.com/mmpretrain/v1.0/dinov2/vit-base-p14_dinov2-pre_3rdparty_20230426-ba246503.pth 

backbone.layers.2.ffn.layers.1.bias - torch.Size([768]): 
PretrainedInit: load from https://download.openmmlab.com/mmpretrain/v1.0/dinov2/vit-base-p14_dinov2-pre_3rdparty_20230426-ba246503.pth 

backbone.layers.2.ffn.gamma2.weight - torch.Size([768]): 
PretrainedInit: load from https://download.openmmlab.com/mmpretrain/v1.0/dinov2/vit-base-p14_dinov2-pre_3rdparty_20230426-ba246503.pth 

backbone.layers.3.ln1.weight - torch.Size([768]): 
PretrainedInit: load from https://download.openmmlab.com/mmpretrain/v1.0/dinov2/vit-base-p14_dinov2-pre_3rdparty_20230426-ba246503.pth 

backbone.layers.3.ln1.bias - torch.Size([768]): 
PretrainedInit: load from https://download.openmmlab.com/mmpretrain/v1.0/dinov2/vit-base-p14_dinov2-pre_3rdparty_20230426-ba246503.pth 

backbone.layers.3.attn.qkv.weight - torch.Size([2304, 768]): 
PretrainedInit: load from https://download.openmmlab.com/mmpretrain/v1.0/dinov2/vit-base-p14_dinov2-pre_3rdparty_20230426-ba246503.pth 

backbone.layers.3.attn.qkv.bias - torch.Size([2304]): 
PretrainedInit: load from https://download.openmmlab.com/mmpretrain/v1.0/dinov2/vit-base-p14_dinov2-pre_3rdparty_20230426-ba246503.pth 

backbone.layers.3.attn.proj.weight - torch.Size([768, 768]): 
PretrainedInit: load from https://download.openmmlab.com/mmpretrain/v1.0/dinov2/vit-base-p14_dinov2-pre_3rdparty_20230426-ba246503.pth 

backbone.layers.3.attn.proj.bias - torch.Size([768]): 
PretrainedInit: load from https://download.openmmlab.com/mmpretrain/v1.0/dinov2/vit-base-p14_dinov2-pre_3rdparty_20230426-ba246503.pth 

backbone.layers.3.attn.gamma1.weight - torch.Size([768]): 
PretrainedInit: load from https://download.openmmlab.com/mmpretrain/v1.0/dinov2/vit-base-p14_dinov2-pre_3rdparty_20230426-ba246503.pth 

backbone.layers.3.ln2.weight - torch.Size([768]): 
PretrainedInit: load from https://download.openmmlab.com/mmpretrain/v1.0/dinov2/vit-base-p14_dinov2-pre_3rdparty_20230426-ba246503.pth 

backbone.layers.3.ln2.bias - torch.Size([768]): 
PretrainedInit: load from https://download.openmmlab.com/mmpretrain/v1.0/dinov2/vit-base-p14_dinov2-pre_3rdparty_20230426-ba246503.pth 

backbone.layers.3.ffn.layers.0.0.weight - torch.Size([3072, 768]): 
PretrainedInit: load from https://download.openmmlab.com/mmpretrain/v1.0/dinov2/vit-base-p14_dinov2-pre_3rdparty_20230426-ba246503.pth 

backbone.layers.3.ffn.layers.0.0.bias - torch.Size([3072]): 
PretrainedInit: load from https://download.openmmlab.com/mmpretrain/v1.0/dinov2/vit-base-p14_dinov2-pre_3rdparty_20230426-ba246503.pth 

backbone.layers.3.ffn.layers.1.weight - torch.Size([768, 3072]): 
PretrainedInit: load from https://download.openmmlab.com/mmpretrain/v1.0/dinov2/vit-base-p14_dinov2-pre_3rdparty_20230426-ba246503.pth 

backbone.layers.3.ffn.layers.1.bias - torch.Size([768]): 
PretrainedInit: load from https://download.openmmlab.com/mmpretrain/v1.0/dinov2/vit-base-p14_dinov2-pre_3rdparty_20230426-ba246503.pth 

backbone.layers.3.ffn.gamma2.weight - torch.Size([768]): 
PretrainedInit: load from https://download.openmmlab.com/mmpretrain/v1.0/dinov2/vit-base-p14_dinov2-pre_3rdparty_20230426-ba246503.pth 

backbone.layers.4.ln1.weight - torch.Size([768]): 
PretrainedInit: load from https://download.openmmlab.com/mmpretrain/v1.0/dinov2/vit-base-p14_dinov2-pre_3rdparty_20230426-ba246503.pth 

backbone.layers.4.ln1.bias - torch.Size([768]): 
PretrainedInit: load from https://download.openmmlab.com/mmpretrain/v1.0/dinov2/vit-base-p14_dinov2-pre_3rdparty_20230426-ba246503.pth 

backbone.layers.4.attn.qkv.weight - torch.Size([2304, 768]): 
PretrainedInit: load from https://download.openmmlab.com/mmpretrain/v1.0/dinov2/vit-base-p14_dinov2-pre_3rdparty_20230426-ba246503.pth 

backbone.layers.4.attn.qkv.bias - torch.Size([2304]): 
PretrainedInit: load from https://download.openmmlab.com/mmpretrain/v1.0/dinov2/vit-base-p14_dinov2-pre_3rdparty_20230426-ba246503.pth 

backbone.layers.4.attn.proj.weight - torch.Size([768, 768]): 
PretrainedInit: load from https://download.openmmlab.com/mmpretrain/v1.0/dinov2/vit-base-p14_dinov2-pre_3rdparty_20230426-ba246503.pth 

backbone.layers.4.attn.proj.bias - torch.Size([768]): 
PretrainedInit: load from https://download.openmmlab.com/mmpretrain/v1.0/dinov2/vit-base-p14_dinov2-pre_3rdparty_20230426-ba246503.pth 

backbone.layers.4.attn.gamma1.weight - torch.Size([768]): 
PretrainedInit: load from https://download.openmmlab.com/mmpretrain/v1.0/dinov2/vit-base-p14_dinov2-pre_3rdparty_20230426-ba246503.pth 

backbone.layers.4.ln2.weight - torch.Size([768]): 
PretrainedInit: load from https://download.openmmlab.com/mmpretrain/v1.0/dinov2/vit-base-p14_dinov2-pre_3rdparty_20230426-ba246503.pth 

backbone.layers.4.ln2.bias - torch.Size([768]): 
PretrainedInit: load from https://download.openmmlab.com/mmpretrain/v1.0/dinov2/vit-base-p14_dinov2-pre_3rdparty_20230426-ba246503.pth 

backbone.layers.4.ffn.layers.0.0.weight - torch.Size([3072, 768]): 
PretrainedInit: load from https://download.openmmlab.com/mmpretrain/v1.0/dinov2/vit-base-p14_dinov2-pre_3rdparty_20230426-ba246503.pth 

backbone.layers.4.ffn.layers.0.0.bias - torch.Size([3072]): 
PretrainedInit: load from https://download.openmmlab.com/mmpretrain/v1.0/dinov2/vit-base-p14_dinov2-pre_3rdparty_20230426-ba246503.pth 

backbone.layers.4.ffn.layers.1.weight - torch.Size([768, 3072]): 
PretrainedInit: load from https://download.openmmlab.com/mmpretrain/v1.0/dinov2/vit-base-p14_dinov2-pre_3rdparty_20230426-ba246503.pth 

backbone.layers.4.ffn.layers.1.bias - torch.Size([768]): 
PretrainedInit: load from https://download.openmmlab.com/mmpretrain/v1.0/dinov2/vit-base-p14_dinov2-pre_3rdparty_20230426-ba246503.pth 

backbone.layers.4.ffn.gamma2.weight - torch.Size([768]): 
PretrainedInit: load from https://download.openmmlab.com/mmpretrain/v1.0/dinov2/vit-base-p14_dinov2-pre_3rdparty_20230426-ba246503.pth 

backbone.layers.5.ln1.weight - torch.Size([768]): 
PretrainedInit: load from https://download.openmmlab.com/mmpretrain/v1.0/dinov2/vit-base-p14_dinov2-pre_3rdparty_20230426-ba246503.pth 

backbone.layers.5.ln1.bias - torch.Size([768]): 
PretrainedInit: load from https://download.openmmlab.com/mmpretrain/v1.0/dinov2/vit-base-p14_dinov2-pre_3rdparty_20230426-ba246503.pth 

backbone.layers.5.attn.qkv.weight - torch.Size([2304, 768]): 
PretrainedInit: load from https://download.openmmlab.com/mmpretrain/v1.0/dinov2/vit-base-p14_dinov2-pre_3rdparty_20230426-ba246503.pth 

backbone.layers.5.attn.qkv.bias - torch.Size([2304]): 
PretrainedInit: load from https://download.openmmlab.com/mmpretrain/v1.0/dinov2/vit-base-p14_dinov2-pre_3rdparty_20230426-ba246503.pth 

backbone.layers.5.attn.proj.weight - torch.Size([768, 768]): 
PretrainedInit: load from https://download.openmmlab.com/mmpretrain/v1.0/dinov2/vit-base-p14_dinov2-pre_3rdparty_20230426-ba246503.pth 

backbone.layers.5.attn.proj.bias - torch.Size([768]): 
PretrainedInit: load from https://download.openmmlab.com/mmpretrain/v1.0/dinov2/vit-base-p14_dinov2-pre_3rdparty_20230426-ba246503.pth 

backbone.layers.5.attn.gamma1.weight - torch.Size([768]): 
PretrainedInit: load from https://download.openmmlab.com/mmpretrain/v1.0/dinov2/vit-base-p14_dinov2-pre_3rdparty_20230426-ba246503.pth 

backbone.layers.5.ln2.weight - torch.Size([768]): 
PretrainedInit: load from https://download.openmmlab.com/mmpretrain/v1.0/dinov2/vit-base-p14_dinov2-pre_3rdparty_20230426-ba246503.pth 

backbone.layers.5.ln2.bias - torch.Size([768]): 
PretrainedInit: load from https://download.openmmlab.com/mmpretrain/v1.0/dinov2/vit-base-p14_dinov2-pre_3rdparty_20230426-ba246503.pth 

backbone.layers.5.ffn.layers.0.0.weight - torch.Size([3072, 768]): 
PretrainedInit: load from https://download.openmmlab.com/mmpretrain/v1.0/dinov2/vit-base-p14_dinov2-pre_3rdparty_20230426-ba246503.pth 

backbone.layers.5.ffn.layers.0.0.bias - torch.Size([3072]): 
PretrainedInit: load from https://download.openmmlab.com/mmpretrain/v1.0/dinov2/vit-base-p14_dinov2-pre_3rdparty_20230426-ba246503.pth 

backbone.layers.5.ffn.layers.1.weight - torch.Size([768, 3072]): 
PretrainedInit: load from https://download.openmmlab.com/mmpretrain/v1.0/dinov2/vit-base-p14_dinov2-pre_3rdparty_20230426-ba246503.pth 

backbone.layers.5.ffn.layers.1.bias - torch.Size([768]): 
PretrainedInit: load from https://download.openmmlab.com/mmpretrain/v1.0/dinov2/vit-base-p14_dinov2-pre_3rdparty_20230426-ba246503.pth 

backbone.layers.5.ffn.gamma2.weight - torch.Size([768]): 
PretrainedInit: load from https://download.openmmlab.com/mmpretrain/v1.0/dinov2/vit-base-p14_dinov2-pre_3rdparty_20230426-ba246503.pth 

backbone.layers.6.ln1.weight - torch.Size([768]): 
PretrainedInit: load from https://download.openmmlab.com/mmpretrain/v1.0/dinov2/vit-base-p14_dinov2-pre_3rdparty_20230426-ba246503.pth 

backbone.layers.6.ln1.bias - torch.Size([768]): 
PretrainedInit: load from https://download.openmmlab.com/mmpretrain/v1.0/dinov2/vit-base-p14_dinov2-pre_3rdparty_20230426-ba246503.pth 

backbone.layers.6.attn.qkv.weight - torch.Size([2304, 768]): 
PretrainedInit: load from https://download.openmmlab.com/mmpretrain/v1.0/dinov2/vit-base-p14_dinov2-pre_3rdparty_20230426-ba246503.pth 

backbone.layers.6.attn.qkv.bias - torch.Size([2304]): 
PretrainedInit: load from https://download.openmmlab.com/mmpretrain/v1.0/dinov2/vit-base-p14_dinov2-pre_3rdparty_20230426-ba246503.pth 

backbone.layers.6.attn.proj.weight - torch.Size([768, 768]): 
PretrainedInit: load from https://download.openmmlab.com/mmpretrain/v1.0/dinov2/vit-base-p14_dinov2-pre_3rdparty_20230426-ba246503.pth 

backbone.layers.6.attn.proj.bias - torch.Size([768]): 
PretrainedInit: load from https://download.openmmlab.com/mmpretrain/v1.0/dinov2/vit-base-p14_dinov2-pre_3rdparty_20230426-ba246503.pth 

backbone.layers.6.attn.gamma1.weight - torch.Size([768]): 
PretrainedInit: load from https://download.openmmlab.com/mmpretrain/v1.0/dinov2/vit-base-p14_dinov2-pre_3rdparty_20230426-ba246503.pth 

backbone.layers.6.ln2.weight - torch.Size([768]): 
PretrainedInit: load from https://download.openmmlab.com/mmpretrain/v1.0/dinov2/vit-base-p14_dinov2-pre_3rdparty_20230426-ba246503.pth 

backbone.layers.6.ln2.bias - torch.Size([768]): 
PretrainedInit: load from https://download.openmmlab.com/mmpretrain/v1.0/dinov2/vit-base-p14_dinov2-pre_3rdparty_20230426-ba246503.pth 

backbone.layers.6.ffn.layers.0.0.weight - torch.Size([3072, 768]): 
PretrainedInit: load from https://download.openmmlab.com/mmpretrain/v1.0/dinov2/vit-base-p14_dinov2-pre_3rdparty_20230426-ba246503.pth 

backbone.layers.6.ffn.layers.0.0.bias - torch.Size([3072]): 
PretrainedInit: load from https://download.openmmlab.com/mmpretrain/v1.0/dinov2/vit-base-p14_dinov2-pre_3rdparty_20230426-ba246503.pth 

backbone.layers.6.ffn.layers.1.weight - torch.Size([768, 3072]): 
PretrainedInit: load from https://download.openmmlab.com/mmpretrain/v1.0/dinov2/vit-base-p14_dinov2-pre_3rdparty_20230426-ba246503.pth 

backbone.layers.6.ffn.layers.1.bias - torch.Size([768]): 
PretrainedInit: load from https://download.openmmlab.com/mmpretrain/v1.0/dinov2/vit-base-p14_dinov2-pre_3rdparty_20230426-ba246503.pth 

backbone.layers.6.ffn.gamma2.weight - torch.Size([768]): 
PretrainedInit: load from https://download.openmmlab.com/mmpretrain/v1.0/dinov2/vit-base-p14_dinov2-pre_3rdparty_20230426-ba246503.pth 

backbone.layers.7.ln1.weight - torch.Size([768]): 
PretrainedInit: load from https://download.openmmlab.com/mmpretrain/v1.0/dinov2/vit-base-p14_dinov2-pre_3rdparty_20230426-ba246503.pth 

backbone.layers.7.ln1.bias - torch.Size([768]): 
PretrainedInit: load from https://download.openmmlab.com/mmpretrain/v1.0/dinov2/vit-base-p14_dinov2-pre_3rdparty_20230426-ba246503.pth 

backbone.layers.7.attn.qkv.weight - torch.Size([2304, 768]): 
PretrainedInit: load from https://download.openmmlab.com/mmpretrain/v1.0/dinov2/vit-base-p14_dinov2-pre_3rdparty_20230426-ba246503.pth 

backbone.layers.7.attn.qkv.bias - torch.Size([2304]): 
PretrainedInit: load from https://download.openmmlab.com/mmpretrain/v1.0/dinov2/vit-base-p14_dinov2-pre_3rdparty_20230426-ba246503.pth 

backbone.layers.7.attn.proj.weight - torch.Size([768, 768]): 
PretrainedInit: load from https://download.openmmlab.com/mmpretrain/v1.0/dinov2/vit-base-p14_dinov2-pre_3rdparty_20230426-ba246503.pth 

backbone.layers.7.attn.proj.bias - torch.Size([768]): 
PretrainedInit: load from https://download.openmmlab.com/mmpretrain/v1.0/dinov2/vit-base-p14_dinov2-pre_3rdparty_20230426-ba246503.pth 

backbone.layers.7.attn.gamma1.weight - torch.Size([768]): 
PretrainedInit: load from https://download.openmmlab.com/mmpretrain/v1.0/dinov2/vit-base-p14_dinov2-pre_3rdparty_20230426-ba246503.pth 

backbone.layers.7.ln2.weight - torch.Size([768]): 
PretrainedInit: load from https://download.openmmlab.com/mmpretrain/v1.0/dinov2/vit-base-p14_dinov2-pre_3rdparty_20230426-ba246503.pth 

backbone.layers.7.ln2.bias - torch.Size([768]): 
PretrainedInit: load from https://download.openmmlab.com/mmpretrain/v1.0/dinov2/vit-base-p14_dinov2-pre_3rdparty_20230426-ba246503.pth 

backbone.layers.7.ffn.layers.0.0.weight - torch.Size([3072, 768]): 
PretrainedInit: load from https://download.openmmlab.com/mmpretrain/v1.0/dinov2/vit-base-p14_dinov2-pre_3rdparty_20230426-ba246503.pth 

backbone.layers.7.ffn.layers.0.0.bias - torch.Size([3072]): 
PretrainedInit: load from https://download.openmmlab.com/mmpretrain/v1.0/dinov2/vit-base-p14_dinov2-pre_3rdparty_20230426-ba246503.pth 

backbone.layers.7.ffn.layers.1.weight - torch.Size([768, 3072]): 
PretrainedInit: load from https://download.openmmlab.com/mmpretrain/v1.0/dinov2/vit-base-p14_dinov2-pre_3rdparty_20230426-ba246503.pth 

backbone.layers.7.ffn.layers.1.bias - torch.Size([768]): 
PretrainedInit: load from https://download.openmmlab.com/mmpretrain/v1.0/dinov2/vit-base-p14_dinov2-pre_3rdparty_20230426-ba246503.pth 

backbone.layers.7.ffn.gamma2.weight - torch.Size([768]): 
PretrainedInit: load from https://download.openmmlab.com/mmpretrain/v1.0/dinov2/vit-base-p14_dinov2-pre_3rdparty_20230426-ba246503.pth 

backbone.layers.8.ln1.weight - torch.Size([768]): 
PretrainedInit: load from https://download.openmmlab.com/mmpretrain/v1.0/dinov2/vit-base-p14_dinov2-pre_3rdparty_20230426-ba246503.pth 

backbone.layers.8.ln1.bias - torch.Size([768]): 
PretrainedInit: load from https://download.openmmlab.com/mmpretrain/v1.0/dinov2/vit-base-p14_dinov2-pre_3rdparty_20230426-ba246503.pth 

backbone.layers.8.attn.qkv.weight - torch.Size([2304, 768]): 
PretrainedInit: load from https://download.openmmlab.com/mmpretrain/v1.0/dinov2/vit-base-p14_dinov2-pre_3rdparty_20230426-ba246503.pth 

backbone.layers.8.attn.qkv.bias - torch.Size([2304]): 
PretrainedInit: load from https://download.openmmlab.com/mmpretrain/v1.0/dinov2/vit-base-p14_dinov2-pre_3rdparty_20230426-ba246503.pth 

backbone.layers.8.attn.proj.weight - torch.Size([768, 768]): 
PretrainedInit: load from https://download.openmmlab.com/mmpretrain/v1.0/dinov2/vit-base-p14_dinov2-pre_3rdparty_20230426-ba246503.pth 

backbone.layers.8.attn.proj.bias - torch.Size([768]): 
PretrainedInit: load from https://download.openmmlab.com/mmpretrain/v1.0/dinov2/vit-base-p14_dinov2-pre_3rdparty_20230426-ba246503.pth 

backbone.layers.8.attn.gamma1.weight - torch.Size([768]): 
PretrainedInit: load from https://download.openmmlab.com/mmpretrain/v1.0/dinov2/vit-base-p14_dinov2-pre_3rdparty_20230426-ba246503.pth 

backbone.layers.8.ln2.weight - torch.Size([768]): 
PretrainedInit: load from https://download.openmmlab.com/mmpretrain/v1.0/dinov2/vit-base-p14_dinov2-pre_3rdparty_20230426-ba246503.pth 

backbone.layers.8.ln2.bias - torch.Size([768]): 
PretrainedInit: load from https://download.openmmlab.com/mmpretrain/v1.0/dinov2/vit-base-p14_dinov2-pre_3rdparty_20230426-ba246503.pth 

backbone.layers.8.ffn.layers.0.0.weight - torch.Size([3072, 768]): 
PretrainedInit: load from https://download.openmmlab.com/mmpretrain/v1.0/dinov2/vit-base-p14_dinov2-pre_3rdparty_20230426-ba246503.pth 

backbone.layers.8.ffn.layers.0.0.bias - torch.Size([3072]): 
PretrainedInit: load from https://download.openmmlab.com/mmpretrain/v1.0/dinov2/vit-base-p14_dinov2-pre_3rdparty_20230426-ba246503.pth 

backbone.layers.8.ffn.layers.1.weight - torch.Size([768, 3072]): 
PretrainedInit: load from https://download.openmmlab.com/mmpretrain/v1.0/dinov2/vit-base-p14_dinov2-pre_3rdparty_20230426-ba246503.pth 

backbone.layers.8.ffn.layers.1.bias - torch.Size([768]): 
PretrainedInit: load from https://download.openmmlab.com/mmpretrain/v1.0/dinov2/vit-base-p14_dinov2-pre_3rdparty_20230426-ba246503.pth 

backbone.layers.8.ffn.gamma2.weight - torch.Size([768]): 
PretrainedInit: load from https://download.openmmlab.com/mmpretrain/v1.0/dinov2/vit-base-p14_dinov2-pre_3rdparty_20230426-ba246503.pth 

backbone.layers.9.ln1.weight - torch.Size([768]): 
PretrainedInit: load from https://download.openmmlab.com/mmpretrain/v1.0/dinov2/vit-base-p14_dinov2-pre_3rdparty_20230426-ba246503.pth 

backbone.layers.9.ln1.bias - torch.Size([768]): 
PretrainedInit: load from https://download.openmmlab.com/mmpretrain/v1.0/dinov2/vit-base-p14_dinov2-pre_3rdparty_20230426-ba246503.pth 

backbone.layers.9.attn.qkv.weight - torch.Size([2304, 768]): 
PretrainedInit: load from https://download.openmmlab.com/mmpretrain/v1.0/dinov2/vit-base-p14_dinov2-pre_3rdparty_20230426-ba246503.pth 

backbone.layers.9.attn.qkv.bias - torch.Size([2304]): 
PretrainedInit: load from https://download.openmmlab.com/mmpretrain/v1.0/dinov2/vit-base-p14_dinov2-pre_3rdparty_20230426-ba246503.pth 

backbone.layers.9.attn.proj.weight - torch.Size([768, 768]): 
PretrainedInit: load from https://download.openmmlab.com/mmpretrain/v1.0/dinov2/vit-base-p14_dinov2-pre_3rdparty_20230426-ba246503.pth 

backbone.layers.9.attn.proj.bias - torch.Size([768]): 
PretrainedInit: load from https://download.openmmlab.com/mmpretrain/v1.0/dinov2/vit-base-p14_dinov2-pre_3rdparty_20230426-ba246503.pth 

backbone.layers.9.attn.gamma1.weight - torch.Size([768]): 
PretrainedInit: load from https://download.openmmlab.com/mmpretrain/v1.0/dinov2/vit-base-p14_dinov2-pre_3rdparty_20230426-ba246503.pth 

backbone.layers.9.ln2.weight - torch.Size([768]): 
PretrainedInit: load from https://download.openmmlab.com/mmpretrain/v1.0/dinov2/vit-base-p14_dinov2-pre_3rdparty_20230426-ba246503.pth 

backbone.layers.9.ln2.bias - torch.Size([768]): 
PretrainedInit: load from https://download.openmmlab.com/mmpretrain/v1.0/dinov2/vit-base-p14_dinov2-pre_3rdparty_20230426-ba246503.pth 

backbone.layers.9.ffn.layers.0.0.weight - torch.Size([3072, 768]): 
PretrainedInit: load from https://download.openmmlab.com/mmpretrain/v1.0/dinov2/vit-base-p14_dinov2-pre_3rdparty_20230426-ba246503.pth 

backbone.layers.9.ffn.layers.0.0.bias - torch.Size([3072]): 
PretrainedInit: load from https://download.openmmlab.com/mmpretrain/v1.0/dinov2/vit-base-p14_dinov2-pre_3rdparty_20230426-ba246503.pth 

backbone.layers.9.ffn.layers.1.weight - torch.Size([768, 3072]): 
PretrainedInit: load from https://download.openmmlab.com/mmpretrain/v1.0/dinov2/vit-base-p14_dinov2-pre_3rdparty_20230426-ba246503.pth 

backbone.layers.9.ffn.layers.1.bias - torch.Size([768]): 
PretrainedInit: load from https://download.openmmlab.com/mmpretrain/v1.0/dinov2/vit-base-p14_dinov2-pre_3rdparty_20230426-ba246503.pth 

backbone.layers.9.ffn.gamma2.weight - torch.Size([768]): 
PretrainedInit: load from https://download.openmmlab.com/mmpretrain/v1.0/dinov2/vit-base-p14_dinov2-pre_3rdparty_20230426-ba246503.pth 

backbone.layers.10.ln1.weight - torch.Size([768]): 
PretrainedInit: load from https://download.openmmlab.com/mmpretrain/v1.0/dinov2/vit-base-p14_dinov2-pre_3rdparty_20230426-ba246503.pth 

backbone.layers.10.ln1.bias - torch.Size([768]): 
PretrainedInit: load from https://download.openmmlab.com/mmpretrain/v1.0/dinov2/vit-base-p14_dinov2-pre_3rdparty_20230426-ba246503.pth 

backbone.layers.10.attn.qkv.weight - torch.Size([2304, 768]): 
PretrainedInit: load from https://download.openmmlab.com/mmpretrain/v1.0/dinov2/vit-base-p14_dinov2-pre_3rdparty_20230426-ba246503.pth 

backbone.layers.10.attn.qkv.bias - torch.Size([2304]): 
PretrainedInit: load from https://download.openmmlab.com/mmpretrain/v1.0/dinov2/vit-base-p14_dinov2-pre_3rdparty_20230426-ba246503.pth 

backbone.layers.10.attn.proj.weight - torch.Size([768, 768]): 
PretrainedInit: load from https://download.openmmlab.com/mmpretrain/v1.0/dinov2/vit-base-p14_dinov2-pre_3rdparty_20230426-ba246503.pth 

backbone.layers.10.attn.proj.bias - torch.Size([768]): 
PretrainedInit: load from https://download.openmmlab.com/mmpretrain/v1.0/dinov2/vit-base-p14_dinov2-pre_3rdparty_20230426-ba246503.pth 

backbone.layers.10.attn.gamma1.weight - torch.Size([768]): 
PretrainedInit: load from https://download.openmmlab.com/mmpretrain/v1.0/dinov2/vit-base-p14_dinov2-pre_3rdparty_20230426-ba246503.pth 

backbone.layers.10.ln2.weight - torch.Size([768]): 
PretrainedInit: load from https://download.openmmlab.com/mmpretrain/v1.0/dinov2/vit-base-p14_dinov2-pre_3rdparty_20230426-ba246503.pth 

backbone.layers.10.ln2.bias - torch.Size([768]): 
PretrainedInit: load from https://download.openmmlab.com/mmpretrain/v1.0/dinov2/vit-base-p14_dinov2-pre_3rdparty_20230426-ba246503.pth 

backbone.layers.10.ffn.layers.0.0.weight - torch.Size([3072, 768]): 
PretrainedInit: load from https://download.openmmlab.com/mmpretrain/v1.0/dinov2/vit-base-p14_dinov2-pre_3rdparty_20230426-ba246503.pth 

backbone.layers.10.ffn.layers.0.0.bias - torch.Size([3072]): 
PretrainedInit: load from https://download.openmmlab.com/mmpretrain/v1.0/dinov2/vit-base-p14_dinov2-pre_3rdparty_20230426-ba246503.pth 

backbone.layers.10.ffn.layers.1.weight - torch.Size([768, 3072]): 
PretrainedInit: load from https://download.openmmlab.com/mmpretrain/v1.0/dinov2/vit-base-p14_dinov2-pre_3rdparty_20230426-ba246503.pth 

backbone.layers.10.ffn.layers.1.bias - torch.Size([768]): 
PretrainedInit: load from https://download.openmmlab.com/mmpretrain/v1.0/dinov2/vit-base-p14_dinov2-pre_3rdparty_20230426-ba246503.pth 

backbone.layers.10.ffn.gamma2.weight - torch.Size([768]): 
PretrainedInit: load from https://download.openmmlab.com/mmpretrain/v1.0/dinov2/vit-base-p14_dinov2-pre_3rdparty_20230426-ba246503.pth 

backbone.layers.11.ln1.weight - torch.Size([768]): 
PretrainedInit: load from https://download.openmmlab.com/mmpretrain/v1.0/dinov2/vit-base-p14_dinov2-pre_3rdparty_20230426-ba246503.pth 

backbone.layers.11.ln1.bias - torch.Size([768]): 
PretrainedInit: load from https://download.openmmlab.com/mmpretrain/v1.0/dinov2/vit-base-p14_dinov2-pre_3rdparty_20230426-ba246503.pth 

backbone.layers.11.attn.qkv.weight - torch.Size([2304, 768]): 
PretrainedInit: load from https://download.openmmlab.com/mmpretrain/v1.0/dinov2/vit-base-p14_dinov2-pre_3rdparty_20230426-ba246503.pth 

backbone.layers.11.attn.qkv.bias - torch.Size([2304]): 
PretrainedInit: load from https://download.openmmlab.com/mmpretrain/v1.0/dinov2/vit-base-p14_dinov2-pre_3rdparty_20230426-ba246503.pth 

backbone.layers.11.attn.proj.weight - torch.Size([768, 768]): 
PretrainedInit: load from https://download.openmmlab.com/mmpretrain/v1.0/dinov2/vit-base-p14_dinov2-pre_3rdparty_20230426-ba246503.pth 

backbone.layers.11.attn.proj.bias - torch.Size([768]): 
PretrainedInit: load from https://download.openmmlab.com/mmpretrain/v1.0/dinov2/vit-base-p14_dinov2-pre_3rdparty_20230426-ba246503.pth 

backbone.layers.11.attn.gamma1.weight - torch.Size([768]): 
PretrainedInit: load from https://download.openmmlab.com/mmpretrain/v1.0/dinov2/vit-base-p14_dinov2-pre_3rdparty_20230426-ba246503.pth 

backbone.layers.11.ln2.weight - torch.Size([768]): 
PretrainedInit: load from https://download.openmmlab.com/mmpretrain/v1.0/dinov2/vit-base-p14_dinov2-pre_3rdparty_20230426-ba246503.pth 

backbone.layers.11.ln2.bias - torch.Size([768]): 
PretrainedInit: load from https://download.openmmlab.com/mmpretrain/v1.0/dinov2/vit-base-p14_dinov2-pre_3rdparty_20230426-ba246503.pth 

backbone.layers.11.ffn.layers.0.0.weight - torch.Size([3072, 768]): 
PretrainedInit: load from https://download.openmmlab.com/mmpretrain/v1.0/dinov2/vit-base-p14_dinov2-pre_3rdparty_20230426-ba246503.pth 

backbone.layers.11.ffn.layers.0.0.bias - torch.Size([3072]): 
PretrainedInit: load from https://download.openmmlab.com/mmpretrain/v1.0/dinov2/vit-base-p14_dinov2-pre_3rdparty_20230426-ba246503.pth 

backbone.layers.11.ffn.layers.1.weight - torch.Size([768, 3072]): 
PretrainedInit: load from https://download.openmmlab.com/mmpretrain/v1.0/dinov2/vit-base-p14_dinov2-pre_3rdparty_20230426-ba246503.pth 

backbone.layers.11.ffn.layers.1.bias - torch.Size([768]): 
PretrainedInit: load from https://download.openmmlab.com/mmpretrain/v1.0/dinov2/vit-base-p14_dinov2-pre_3rdparty_20230426-ba246503.pth 

backbone.layers.11.ffn.gamma2.weight - torch.Size([768]): 
PretrainedInit: load from https://download.openmmlab.com/mmpretrain/v1.0/dinov2/vit-base-p14_dinov2-pre_3rdparty_20230426-ba246503.pth 

backbone.ln1.weight - torch.Size([768]): 
PretrainedInit: load from https://download.openmmlab.com/mmpretrain/v1.0/dinov2/vit-base-p14_dinov2-pre_3rdparty_20230426-ba246503.pth 

backbone.ln1.bias - torch.Size([768]): 
PretrainedInit: load from https://download.openmmlab.com/mmpretrain/v1.0/dinov2/vit-base-p14_dinov2-pre_3rdparty_20230426-ba246503.pth 

head.layers.head.weight - torch.Size([2, 768]): 
ConstantInit: val=0, bias=0 

head.layers.head.bias - torch.Size([2]): 
ConstantInit: val=0, bias=0 
2024/06/26 08:21:14 - mmengine - INFO - Auto resumed from the latest checkpoint /root/weed-detection/work_dirs/binary/epoch_10.pth.
2024/06/26 08:21:14 - mmengine - INFO - Load checkpoint from /root/weed-detection/work_dirs/binary/epoch_10.pth
2024/06/26 08:21:14 - mmengine - INFO - resumed epoch: 10, iter: 3840
2024/06/26 08:21:14 - mmengine - WARNING - "FileClient" will be deprecated in future. Please use io functions in https://mmengine.readthedocs.io/en/latest/api/fileio.html#file-io
2024/06/26 08:21:14 - mmengine - WARNING - "HardDiskBackend" is the alias of "LocalBackend" and the former will be deprecated in future.
2024/06/26 08:21:14 - mmengine - INFO - Checkpoints will be saved to /root/weed-detection/work_dirs/binary.
2024/06/26 08:23:44 - mmengine - INFO - Epoch(train) [11][ 25/384]  base_lr: 5.0000e-05 lr: 5.0000e-05  eta: 1:14:11  time: 2.5536  data_time: 0.0021  memory: 32309  loss: 0.0105
2024/06/26 08:24:47 - mmengine - INFO - Epoch(train) [11][ 50/384]  base_lr: 5.0000e-05 lr: 5.0000e-05  eta: 0:50:52  time: 2.5131  data_time: 0.0020  memory: 32309  loss: 0.0108
2024/06/26 08:25:50 - mmengine - INFO - Epoch(train) [11][ 75/384]  base_lr: 5.0000e-05 lr: 5.0000e-05  eta: 0:42:25  time: 2.5188  data_time: 0.0031  memory: 32309  loss: 0.0108
2024/06/26 08:26:53 - mmengine - INFO - Epoch(train) [11][100/384]  base_lr: 5.0000e-05 lr: 5.0000e-05  eta: 0:37:42  time: 2.5498  data_time: 0.0022  memory: 32309  loss: 0.0086
2024/06/26 08:27:56 - mmengine - INFO - Epoch(train) [11][125/384]  base_lr: 5.0000e-05 lr: 5.0000e-05  eta: 0:34:25  time: 2.5143  data_time: 0.0021  memory: 32309  loss: 0.0118
2024/06/26 08:28:59 - mmengine - INFO - Epoch(train) [11][150/384]  base_lr: 5.0000e-05 lr: 5.0000e-05  eta: 0:31:53  time: 2.5197  data_time: 0.0024  memory: 32309  loss: 0.0119
2024/06/26 08:29:24 - mmengine - INFO - Exp name: binary_20240626_082107
2024/06/26 08:30:02 - mmengine - INFO - Epoch(train) [11][175/384]  base_lr: 5.0000e-05 lr: 5.0000e-05  eta: 0:29:48  time: 2.5532  data_time: 0.0026  memory: 32309  loss: 0.0111
2024/06/26 08:31:05 - mmengine - INFO - Epoch(train) [11][200/384]  base_lr: 5.0000e-05 lr: 5.0000e-05  eta: 0:27:57  time: 2.5166  data_time: 0.0025  memory: 32309  loss: 0.0104
2024/06/26 08:32:08 - mmengine - INFO - Epoch(train) [11][225/384]  base_lr: 5.0000e-05 lr: 5.0000e-05  eta: 0:26:17  time: 2.5159  data_time: 0.0024  memory: 32309  loss: 0.0095
2024/06/26 08:33:11 - mmengine - INFO - Epoch(train) [11][250/384]  base_lr: 5.0000e-05 lr: 5.0000e-05  eta: 0:24:44  time: 2.5163  data_time: 0.0024  memory: 32309  loss: 0.0117
2024/06/26 08:34:14 - mmengine - INFO - Epoch(train) [11][275/384]  base_lr: 5.0000e-05 lr: 5.0000e-05  eta: 0:23:17  time: 2.5161  data_time: 0.0025  memory: 32309  loss: 0.0117
2024/06/26 08:35:17 - mmengine - INFO - Epoch(train) [11][300/384]  base_lr: 5.0000e-05 lr: 5.0000e-05  eta: 0:21:53  time: 2.5165  data_time: 0.0025  memory: 32309  loss: 0.0131
2024/06/26 08:36:19 - mmengine - INFO - Epoch(train) [11][325/384]  base_lr: 5.0000e-05 lr: 5.0000e-05  eta: 0:20:33  time: 2.5161  data_time: 0.0026  memory: 32309  loss: 0.0113
2024/06/26 08:37:22 - mmengine - INFO - Epoch(train) [11][350/384]  base_lr: 5.0000e-05 lr: 5.0000e-05  eta: 0:19:16  time: 2.5201  data_time: 0.0030  memory: 32309  loss: 0.0093
2024/06/26 08:38:25 - mmengine - INFO - Epoch(train) [11][375/384]  base_lr: 5.0000e-05 lr: 5.0000e-05  eta: 0:18:00  time: 2.5132  data_time: 0.0018  memory: 32309  loss: 0.0092
2024/06/26 08:38:47 - mmengine - INFO - Exp name: binary_20240626_082107
2024/06/26 08:38:47 - mmengine - INFO - Saving checkpoint at 11 epochs
2024/06/26 08:42:45 - mmengine - INFO - Epoch(val) [11][11/11]    accuracy/top1: 99.5781  single-label/precision: 97.1352  single-label/recall: 93.9789  data_time: 4.1100  time: 20.3434
2024/06/26 08:44:24 - mmengine - INFO - Epoch(train) [12][ 25/384]  base_lr: 4.2178e-05 lr: 4.2178e-05  eta: 0:16:50  time: 2.5055  data_time: 0.0022  memory: 48749  loss: 0.0082
2024/06/26 08:45:27 - mmengine - INFO - Epoch(train) [12][ 50/384]  base_lr: 4.2178e-05 lr: 4.2178e-05  eta: 0:15:34  time: 2.5093  data_time: 0.0022  memory: 32309  loss: 0.0101
2024/06/26 08:46:30 - mmengine - INFO - Epoch(train) [12][ 75/384]  base_lr: 4.2178e-05 lr: 4.2178e-05  eta: 0:14:20  time: 2.5152  data_time: 0.0030  memory: 32309  loss: 0.0076
2024/06/26 08:47:33 - mmengine - INFO - Epoch(train) [12][100/384]  base_lr: 4.2178e-05 lr: 4.2178e-05  eta: 0:13:06  time: 2.5126  data_time: 0.0024  memory: 32309  loss: 0.0126
2024/06/26 08:48:36 - mmengine - INFO - Epoch(train) [12][125/384]  base_lr: 4.2178e-05 lr: 4.2178e-05  eta: 0:11:54  time: 2.5155  data_time: 0.0029  memory: 32309  loss: 0.0119
2024/06/26 08:49:39 - mmengine - INFO - Epoch(train) [12][150/384]  base_lr: 4.2178e-05 lr: 4.2178e-05  eta: 0:10:42  time: 2.5145  data_time: 0.0028  memory: 32309  loss: 0.0133
2024/06/26 08:50:42 - mmengine - INFO - Epoch(train) [12][175/384]  base_lr: 4.2178e-05 lr: 4.2178e-05  eta: 0:09:31  time: 2.5145  data_time: 0.0025  memory: 32309  loss: 0.0139
2024/06/26 08:51:45 - mmengine - INFO - Epoch(train) [12][200/384]  base_lr: 4.2178e-05 lr: 4.2178e-05  eta: 0:08:21  time: 2.5147  data_time: 0.0026  memory: 32309  loss: 0.0109
2024/06/26 08:52:48 - mmengine - INFO - Epoch(train) [12][225/384]  base_lr: 4.2178e-05 lr: 4.2178e-05  eta: 0:07:12  time: 2.5184  data_time: 0.0034  memory: 32309  loss: 0.0125
2024/06/26 08:53:51 - mmengine - INFO - Epoch(train) [12][250/384]  base_lr: 4.2178e-05 lr: 4.2178e-05  eta: 0:06:03  time: 2.5485  data_time: 0.0028  memory: 32309  loss: 0.0110
2024/06/26 08:54:55 - mmengine - INFO - Epoch(train) [12][275/384]  base_lr: 4.2178e-05 lr: 4.2178e-05  eta: 0:04:54  time: 2.5311  data_time: 0.0036  memory: 32309  loss: 0.0074
2024/06/26 08:55:58 - mmengine - INFO - Epoch(train) [12][300/384]  base_lr: 4.2178e-05 lr: 4.2178e-05  eta: 0:03:46  time: 2.5340  data_time: 0.0039  memory: 32309  loss: 0.0108
2024/06/26 08:57:01 - mmengine - INFO - Epoch(train) [12][325/384]  base_lr: 4.2178e-05 lr: 4.2178e-05  eta: 0:02:38  time: 2.5236  data_time: 0.0028  memory: 32309  loss: 0.0131
2024/06/26 08:58:04 - mmengine - INFO - Epoch(train) [12][350/384]  base_lr: 4.2178e-05 lr: 4.2178e-05  eta: 0:01:31  time: 2.5375  data_time: 0.0043  memory: 32309  loss: 0.0084
2024/06/26 08:59:08 - mmengine - INFO - Epoch(train) [12][375/384]  base_lr: 4.2178e-05 lr: 4.2178e-05  eta: 0:00:24  time: 2.5230  data_time: 0.0030  memory: 32309  loss: 0.0099
2024/06/26 08:59:29 - mmengine - INFO - Exp name: binary_20240626_082107
2024/06/26 08:59:29 - mmengine - INFO - Saving checkpoint at 12 epochs
2024/06/26 09:03:26 - mmengine - INFO - Epoch(val) [12][11/11]    accuracy/top1: 99.5960  single-label/precision: 97.5046  single-label/recall: 93.9881  data_time: 4.0590  time: 20.8852
