2024/06/25 11:30:42 - mmengine - INFO - 
------------------------------------------------------------
System environment:
    sys.platform: linux
    Python: 3.10.12 (main, Nov 20 2023, 15:14:05) [GCC 11.4.0]
    CUDA available: True
    MUSA available: False
    numpy_random_seed: 0
    GPU 0: NVIDIA H100 80GB HBM3
    CUDA_HOME: /usr/local/cuda
    NVCC: Cuda compilation tools, release 12.3, V12.3.107
    GCC: x86_64-linux-gnu-gcc (Ubuntu 11.4.0-1ubuntu1~22.04) 11.4.0
    PyTorch: 2.3.1+cu121
    PyTorch compiling details: PyTorch built with:
  - GCC 9.3
  - C++ Version: 201703
  - Intel(R) oneAPI Math Kernel Library Version 2022.2-Product Build 20220804 for Intel(R) 64 architecture applications
  - Intel(R) MKL-DNN v3.3.6 (Git Hash 86e6af5974177e513fd3fee58425e1063e7f1361)
  - OpenMP 201511 (a.k.a. OpenMP 4.5)
  - LAPACK is enabled (usually provided by MKL)
  - NNPACK is enabled
  - CPU capability usage: AVX512
  - CUDA Runtime 12.1
  - NVCC architecture flags: -gencode;arch=compute_50,code=sm_50;-gencode;arch=compute_60,code=sm_60;-gencode;arch=compute_70,code=sm_70;-gencode;arch=compute_75,code=sm_75;-gencode;arch=compute_80,code=sm_80;-gencode;arch=compute_86,code=sm_86;-gencode;arch=compute_90,code=sm_90
  - CuDNN 8.9.2
  - Magma 2.6.1
  - Build settings: BLAS_INFO=mkl, BUILD_TYPE=Release, CUDA_VERSION=12.1, CUDNN_VERSION=8.9.2, CXX_COMPILER=/opt/rh/devtoolset-9/root/usr/bin/c++, CXX_FLAGS= -D_GLIBCXX_USE_CXX11_ABI=0 -fabi-version=11 -fvisibility-inlines-hidden -DUSE_PTHREADPOOL -DNDEBUG -DUSE_KINETO -DLIBKINETO_NOROCTRACER -DUSE_FBGEMM -DUSE_QNNPACK -DUSE_PYTORCH_QNNPACK -DUSE_XNNPACK -DSYMBOLICATE_MOBILE_DEBUG_HANDLE -O2 -fPIC -Wall -Wextra -Werror=return-type -Werror=non-virtual-dtor -Werror=bool-operation -Wnarrowing -Wno-missing-field-initializers -Wno-type-limits -Wno-array-bounds -Wno-unknown-pragmas -Wno-unused-parameter -Wno-unused-function -Wno-unused-result -Wno-strict-overflow -Wno-strict-aliasing -Wno-stringop-overflow -Wsuggest-override -Wno-psabi -Wno-error=pedantic -Wno-error=old-style-cast -Wno-missing-braces -fdiagnostics-color=always -faligned-new -Wno-unused-but-set-variable -Wno-maybe-uninitialized -fno-math-errno -fno-trapping-math -Werror=format -Wno-stringop-overflow, LAPACK_INFO=mkl, PERF_WITH_AVX=1, PERF_WITH_AVX2=1, PERF_WITH_AVX512=1, TORCH_VERSION=2.3.1, USE_CUDA=ON, USE_CUDNN=ON, USE_CUSPARSELT=1, USE_EXCEPTION_PTR=1, USE_GFLAGS=OFF, USE_GLOG=OFF, USE_GLOO=ON, USE_MKL=ON, USE_MKLDNN=ON, USE_MPI=OFF, USE_NCCL=1, USE_NNPACK=ON, USE_OPENMP=ON, USE_ROCM=OFF, USE_ROCM_KERNEL_ASSERT=OFF, 

    TorchVision: 0.18.1+cu121
    OpenCV: 4.10.0
    MMEngine: 0.10.4

Runtime environment:
    cudnn_benchmark: False
    mp_cfg: {'mp_start_method': 'fork', 'opencv_num_threads': 0}
    dist_cfg: {'backend': 'nccl'}
    seed: 0
    deterministic: True
    Distributed launcher: none
    Distributed training: False
    GPU number: 1
------------------------------------------------------------

2024/06/25 11:30:42 - mmengine - INFO - Config:
auto_scale_lr = dict(base_batch_size=1024)
data_dir = '/mnt/data'
data_preprocessor = dict(
    mean=[
        123.675,
        116.28,
        103.53,
    ],
    num_classes=7806,
    std=[
        58.395,
        57.12,
        57.375,
    ],
    to_rgb=True)
default_hooks = dict(
    checkpoint=dict(interval=1, max_keep_ckpts=5, type='CheckpointHook'),
    logger=dict(interval=25, type='LoggerHook'),
    param_scheduler=dict(type='ParamSchedulerHook'),
    sampler_seed=dict(type='DistSamplerSeedHook'),
    timer=dict(type='IterTimerHook'),
    visualization=dict(enable=False, type='VisualizationHook'))
default_scope = 'mmpretrain'
env_cfg = dict(
    cudnn_benchmark=False,
    dist_cfg=dict(backend='nccl'),
    mp_cfg=dict(mp_start_method='fork', opencv_num_threads=0))
launcher = 'none'
load_from = None
log_level = 'INFO'
model = dict(
    backbone=dict(
        arch='base',
        frozen_stages=12,
        img_size=518,
        init_cfg=dict(
            checkpoint=
            'https://download.openmmlab.com/mmpretrain/v1.0/dinov2/vit-base-p14_dinov2-pre_3rdparty_20230426-ba246503.pth',
            prefix='backbone',
            type='Pretrained'),
        layer_scale_init_value=1e-05,
        patch_size=14,
        type='VisionTransformer'),
    head=dict(
        in_channels=768,
        loss=dict(type='CrossEntropyLoss'),
        num_classes=7806,
        topk=(
            1,
            5,
        ),
        type='VisionTransformerClsHead'),
    neck=None,
    type='ImageClassifier')
optim_wrapper = dict(
    loss_scale='dynamic',
    optimizer=dict(lr=0.0001, type='AdamW', weight_decay=0.05),
    paramwise_cfg=dict(
        custom_keys=dict(
            cls_token=dict(decay_mult=0.0), mask_token=dict(decay_mult=0.0))),
    type='AmpOptimWrapper')
param_scheduler = [
    dict(T_max=20, by_epoch=True, type='CosineAnnealingLR'),
]
randomness = dict(deterministic=True, seed=0)
resume = False
test_cfg = dict()
test_dataloader = dict(
    batch_size=1024,
    collate_fn=dict(type='default_collate'),
    dataset=dict(
        ann_file='annotation/leaf_test.txt',
        data_prefix='/mnt/data',
        pipeline=[
            dict(type='LoadImageFromFile'),
            dict(
                backend='pillow',
                edge='short',
                interpolation='bicubic',
                scale=518,
                type='ResizeEdge'),
            dict(crop_size=518, type='CenterCrop'),
            dict(type='PackInputs'),
        ],
        type='CustomDataset'),
    num_workers=28,
    persistent_workers=True,
    pin_memory=True,
    sampler=dict(shuffle=True, type='DefaultSampler'))
test_evaluator = dict(
    topk=(
        1,
        5,
    ), type='Accuracy')
test_pipeline = [
    dict(type='LoadImageFromFile'),
    dict(
        backend='pillow',
        edge='short',
        interpolation='bicubic',
        scale=518,
        type='ResizeEdge'),
    dict(crop_size=518, type='CenterCrop'),
    dict(type='PackInputs'),
]
train_cfg = dict(by_epoch=True, max_epochs=12, val_interval=1)
train_dataloader = dict(
    batch_size=1024,
    collate_fn=dict(type='default_collate'),
    dataset=dict(
        ann_file='annotation/leaf_train.txt',
        data_prefix='/mnt/data',
        pipeline=[
            dict(type='LoadImageFromFile'),
            dict(
                backend='pillow',
                edge='short',
                interpolation='bicubic',
                scale=518,
                type='ResizeEdge'),
            dict(crop_size=518, type='CenterCrop'),
            dict(type='PackInputs'),
        ],
        type='CustomDataset'),
    num_workers=28,
    persistent_workers=True,
    pin_memory=True,
    sampler=dict(shuffle=True, type='DefaultSampler'))
train_pipeline = [
    dict(type='LoadImageFromFile'),
    dict(
        backend='pillow',
        interpolation='bicubic',
        scale=518,
        type='RandomResizedCrop'),
    dict(direction='horizontal', prob=0.5, type='RandomFlip'),
    dict(type='PackInputs'),
]
val_cfg = dict()
val_dataloader = dict(
    batch_size=1024,
    collate_fn=dict(type='default_collate'),
    dataset=dict(
        ann_file='annotation/leaf_val.txt',
        data_prefix='/mnt/data',
        pipeline=[
            dict(type='LoadImageFromFile'),
            dict(
                backend='pillow',
                edge='short',
                interpolation='bicubic',
                scale=518,
                type='ResizeEdge'),
            dict(crop_size=518, type='CenterCrop'),
            dict(type='PackInputs'),
        ],
        type='CustomDataset'),
    num_workers=28,
    persistent_workers=True,
    pin_memory=True,
    sampler=dict(shuffle=True, type='DefaultSampler'))
val_evaluator = dict(
    topk=(
        1,
        5,
    ), type='Accuracy')
vis_backends = [
    dict(type='LocalVisBackend'),
]
visualizer = dict(
    type='UniversalVisualizer', vis_backends=[
        dict(type='LocalVisBackend'),
    ])
work_dir = './work_dirs/leaf'

2024/06/25 11:30:43 - mmengine - INFO - Distributed training is not used, all SyncBatchNorm (SyncBN) layers in the model will be automatically reverted to BatchNormXd layers if they are used.
2024/06/25 11:30:43 - mmengine - INFO - Hooks will be executed in the following order:
before_run:
(VERY_HIGH   ) RuntimeInfoHook                    
(BELOW_NORMAL) LoggerHook                         
 -------------------- 
before_train:
(VERY_HIGH   ) RuntimeInfoHook                    
(NORMAL      ) IterTimerHook                      
(VERY_LOW    ) CheckpointHook                     
 -------------------- 
before_train_epoch:
(VERY_HIGH   ) RuntimeInfoHook                    
(NORMAL      ) IterTimerHook                      
(NORMAL      ) DistSamplerSeedHook                
 -------------------- 
before_train_iter:
(VERY_HIGH   ) RuntimeInfoHook                    
(NORMAL      ) IterTimerHook                      
 -------------------- 
after_train_iter:
(VERY_HIGH   ) RuntimeInfoHook                    
(NORMAL      ) IterTimerHook                      
(BELOW_NORMAL) LoggerHook                         
(LOW         ) ParamSchedulerHook                 
(VERY_LOW    ) CheckpointHook                     
 -------------------- 
after_train_epoch:
(NORMAL      ) IterTimerHook                      
(LOW         ) ParamSchedulerHook                 
(VERY_LOW    ) CheckpointHook                     
 -------------------- 
before_val:
(VERY_HIGH   ) RuntimeInfoHook                    
 -------------------- 
before_val_epoch:
(NORMAL      ) IterTimerHook                      
 -------------------- 
before_val_iter:
(NORMAL      ) IterTimerHook                      
 -------------------- 
after_val_iter:
(NORMAL      ) IterTimerHook                      
(NORMAL      ) VisualizationHook                  
(BELOW_NORMAL) LoggerHook                         
 -------------------- 
after_val_epoch:
(VERY_HIGH   ) RuntimeInfoHook                    
(NORMAL      ) IterTimerHook                      
(BELOW_NORMAL) LoggerHook                         
(LOW         ) ParamSchedulerHook                 
(VERY_LOW    ) CheckpointHook                     
 -------------------- 
after_val:
(VERY_HIGH   ) RuntimeInfoHook                    
 -------------------- 
after_train:
(VERY_HIGH   ) RuntimeInfoHook                    
(VERY_LOW    ) CheckpointHook                     
 -------------------- 
before_test:
(VERY_HIGH   ) RuntimeInfoHook                    
 -------------------- 
before_test_epoch:
(NORMAL      ) IterTimerHook                      
 -------------------- 
before_test_iter:
(NORMAL      ) IterTimerHook                      
 -------------------- 
after_test_iter:
(NORMAL      ) IterTimerHook                      
(NORMAL      ) VisualizationHook                  
(BELOW_NORMAL) LoggerHook                         
 -------------------- 
after_test_epoch:
(VERY_HIGH   ) RuntimeInfoHook                    
(NORMAL      ) IterTimerHook                      
(BELOW_NORMAL) LoggerHook                         
 -------------------- 
after_test:
(VERY_HIGH   ) RuntimeInfoHook                    
 -------------------- 
after_run:
(BELOW_NORMAL) LoggerHook                         
 -------------------- 
2024/06/25 11:30:44 - mmengine - WARNING - backbone.cls_token is skipped since its requires_grad=False
2024/06/25 11:30:44 - mmengine - WARNING - backbone.pos_embed is skipped since its requires_grad=False
2024/06/25 11:30:44 - mmengine - WARNING - backbone.patch_embed.projection.weight is skipped since its requires_grad=False
2024/06/25 11:30:44 - mmengine - WARNING - backbone.patch_embed.projection.bias is skipped since its requires_grad=False
2024/06/25 11:30:44 - mmengine - WARNING - backbone.layers.0.ln1.weight is skipped since its requires_grad=False
2024/06/25 11:30:44 - mmengine - WARNING - backbone.layers.0.ln1.bias is skipped since its requires_grad=False
2024/06/25 11:30:44 - mmengine - WARNING - backbone.layers.0.attn.qkv.weight is skipped since its requires_grad=False
2024/06/25 11:30:44 - mmengine - WARNING - backbone.layers.0.attn.qkv.bias is skipped since its requires_grad=False
2024/06/25 11:30:44 - mmengine - WARNING - backbone.layers.0.attn.proj.weight is skipped since its requires_grad=False
2024/06/25 11:30:44 - mmengine - WARNING - backbone.layers.0.attn.proj.bias is skipped since its requires_grad=False
2024/06/25 11:30:44 - mmengine - WARNING - backbone.layers.0.attn.gamma1.weight is skipped since its requires_grad=False
2024/06/25 11:30:44 - mmengine - WARNING - backbone.layers.0.ln2.weight is skipped since its requires_grad=False
2024/06/25 11:30:44 - mmengine - WARNING - backbone.layers.0.ln2.bias is skipped since its requires_grad=False
2024/06/25 11:30:44 - mmengine - WARNING - backbone.layers.0.ffn.layers.0.0.weight is skipped since its requires_grad=False
2024/06/25 11:30:44 - mmengine - WARNING - backbone.layers.0.ffn.layers.0.0.bias is skipped since its requires_grad=False
2024/06/25 11:30:44 - mmengine - WARNING - backbone.layers.0.ffn.layers.1.weight is skipped since its requires_grad=False
2024/06/25 11:30:44 - mmengine - WARNING - backbone.layers.0.ffn.layers.1.bias is skipped since its requires_grad=False
2024/06/25 11:30:44 - mmengine - WARNING - backbone.layers.0.ffn.gamma2.weight is skipped since its requires_grad=False
2024/06/25 11:30:44 - mmengine - WARNING - backbone.layers.1.ln1.weight is skipped since its requires_grad=False
2024/06/25 11:30:44 - mmengine - WARNING - backbone.layers.1.ln1.bias is skipped since its requires_grad=False
2024/06/25 11:30:44 - mmengine - WARNING - backbone.layers.1.attn.qkv.weight is skipped since its requires_grad=False
2024/06/25 11:30:44 - mmengine - WARNING - backbone.layers.1.attn.qkv.bias is skipped since its requires_grad=False
2024/06/25 11:30:44 - mmengine - WARNING - backbone.layers.1.attn.proj.weight is skipped since its requires_grad=False
2024/06/25 11:30:44 - mmengine - WARNING - backbone.layers.1.attn.proj.bias is skipped since its requires_grad=False
2024/06/25 11:30:44 - mmengine - WARNING - backbone.layers.1.attn.gamma1.weight is skipped since its requires_grad=False
2024/06/25 11:30:44 - mmengine - WARNING - backbone.layers.1.ln2.weight is skipped since its requires_grad=False
2024/06/25 11:30:44 - mmengine - WARNING - backbone.layers.1.ln2.bias is skipped since its requires_grad=False
2024/06/25 11:30:44 - mmengine - WARNING - backbone.layers.1.ffn.layers.0.0.weight is skipped since its requires_grad=False
2024/06/25 11:30:44 - mmengine - WARNING - backbone.layers.1.ffn.layers.0.0.bias is skipped since its requires_grad=False
2024/06/25 11:30:44 - mmengine - WARNING - backbone.layers.1.ffn.layers.1.weight is skipped since its requires_grad=False
2024/06/25 11:30:44 - mmengine - WARNING - backbone.layers.1.ffn.layers.1.bias is skipped since its requires_grad=False
2024/06/25 11:30:44 - mmengine - WARNING - backbone.layers.1.ffn.gamma2.weight is skipped since its requires_grad=False
2024/06/25 11:30:44 - mmengine - WARNING - backbone.layers.2.ln1.weight is skipped since its requires_grad=False
2024/06/25 11:30:44 - mmengine - WARNING - backbone.layers.2.ln1.bias is skipped since its requires_grad=False
2024/06/25 11:30:44 - mmengine - WARNING - backbone.layers.2.attn.qkv.weight is skipped since its requires_grad=False
2024/06/25 11:30:44 - mmengine - WARNING - backbone.layers.2.attn.qkv.bias is skipped since its requires_grad=False
2024/06/25 11:30:44 - mmengine - WARNING - backbone.layers.2.attn.proj.weight is skipped since its requires_grad=False
2024/06/25 11:30:44 - mmengine - WARNING - backbone.layers.2.attn.proj.bias is skipped since its requires_grad=False
2024/06/25 11:30:44 - mmengine - WARNING - backbone.layers.2.attn.gamma1.weight is skipped since its requires_grad=False
2024/06/25 11:30:44 - mmengine - WARNING - backbone.layers.2.ln2.weight is skipped since its requires_grad=False
2024/06/25 11:30:44 - mmengine - WARNING - backbone.layers.2.ln2.bias is skipped since its requires_grad=False
2024/06/25 11:30:44 - mmengine - WARNING - backbone.layers.2.ffn.layers.0.0.weight is skipped since its requires_grad=False
2024/06/25 11:30:44 - mmengine - WARNING - backbone.layers.2.ffn.layers.0.0.bias is skipped since its requires_grad=False
2024/06/25 11:30:44 - mmengine - WARNING - backbone.layers.2.ffn.layers.1.weight is skipped since its requires_grad=False
2024/06/25 11:30:44 - mmengine - WARNING - backbone.layers.2.ffn.layers.1.bias is skipped since its requires_grad=False
2024/06/25 11:30:44 - mmengine - WARNING - backbone.layers.2.ffn.gamma2.weight is skipped since its requires_grad=False
2024/06/25 11:30:44 - mmengine - WARNING - backbone.layers.3.ln1.weight is skipped since its requires_grad=False
2024/06/25 11:30:44 - mmengine - WARNING - backbone.layers.3.ln1.bias is skipped since its requires_grad=False
2024/06/25 11:30:44 - mmengine - WARNING - backbone.layers.3.attn.qkv.weight is skipped since its requires_grad=False
2024/06/25 11:30:44 - mmengine - WARNING - backbone.layers.3.attn.qkv.bias is skipped since its requires_grad=False
2024/06/25 11:30:44 - mmengine - WARNING - backbone.layers.3.attn.proj.weight is skipped since its requires_grad=False
2024/06/25 11:30:44 - mmengine - WARNING - backbone.layers.3.attn.proj.bias is skipped since its requires_grad=False
2024/06/25 11:30:44 - mmengine - WARNING - backbone.layers.3.attn.gamma1.weight is skipped since its requires_grad=False
2024/06/25 11:30:44 - mmengine - WARNING - backbone.layers.3.ln2.weight is skipped since its requires_grad=False
2024/06/25 11:30:44 - mmengine - WARNING - backbone.layers.3.ln2.bias is skipped since its requires_grad=False
2024/06/25 11:30:44 - mmengine - WARNING - backbone.layers.3.ffn.layers.0.0.weight is skipped since its requires_grad=False
2024/06/25 11:30:44 - mmengine - WARNING - backbone.layers.3.ffn.layers.0.0.bias is skipped since its requires_grad=False
2024/06/25 11:30:44 - mmengine - WARNING - backbone.layers.3.ffn.layers.1.weight is skipped since its requires_grad=False
2024/06/25 11:30:44 - mmengine - WARNING - backbone.layers.3.ffn.layers.1.bias is skipped since its requires_grad=False
2024/06/25 11:30:44 - mmengine - WARNING - backbone.layers.3.ffn.gamma2.weight is skipped since its requires_grad=False
2024/06/25 11:30:44 - mmengine - WARNING - backbone.layers.4.ln1.weight is skipped since its requires_grad=False
2024/06/25 11:30:44 - mmengine - WARNING - backbone.layers.4.ln1.bias is skipped since its requires_grad=False
2024/06/25 11:30:44 - mmengine - WARNING - backbone.layers.4.attn.qkv.weight is skipped since its requires_grad=False
2024/06/25 11:30:44 - mmengine - WARNING - backbone.layers.4.attn.qkv.bias is skipped since its requires_grad=False
2024/06/25 11:30:44 - mmengine - WARNING - backbone.layers.4.attn.proj.weight is skipped since its requires_grad=False
2024/06/25 11:30:44 - mmengine - WARNING - backbone.layers.4.attn.proj.bias is skipped since its requires_grad=False
2024/06/25 11:30:44 - mmengine - WARNING - backbone.layers.4.attn.gamma1.weight is skipped since its requires_grad=False
2024/06/25 11:30:44 - mmengine - WARNING - backbone.layers.4.ln2.weight is skipped since its requires_grad=False
2024/06/25 11:30:44 - mmengine - WARNING - backbone.layers.4.ln2.bias is skipped since its requires_grad=False
2024/06/25 11:30:44 - mmengine - WARNING - backbone.layers.4.ffn.layers.0.0.weight is skipped since its requires_grad=False
2024/06/25 11:30:44 - mmengine - WARNING - backbone.layers.4.ffn.layers.0.0.bias is skipped since its requires_grad=False
2024/06/25 11:30:44 - mmengine - WARNING - backbone.layers.4.ffn.layers.1.weight is skipped since its requires_grad=False
2024/06/25 11:30:44 - mmengine - WARNING - backbone.layers.4.ffn.layers.1.bias is skipped since its requires_grad=False
2024/06/25 11:30:44 - mmengine - WARNING - backbone.layers.4.ffn.gamma2.weight is skipped since its requires_grad=False
2024/06/25 11:30:44 - mmengine - WARNING - backbone.layers.5.ln1.weight is skipped since its requires_grad=False
2024/06/25 11:30:44 - mmengine - WARNING - backbone.layers.5.ln1.bias is skipped since its requires_grad=False
2024/06/25 11:30:44 - mmengine - WARNING - backbone.layers.5.attn.qkv.weight is skipped since its requires_grad=False
2024/06/25 11:30:44 - mmengine - WARNING - backbone.layers.5.attn.qkv.bias is skipped since its requires_grad=False
2024/06/25 11:30:44 - mmengine - WARNING - backbone.layers.5.attn.proj.weight is skipped since its requires_grad=False
2024/06/25 11:30:44 - mmengine - WARNING - backbone.layers.5.attn.proj.bias is skipped since its requires_grad=False
2024/06/25 11:30:44 - mmengine - WARNING - backbone.layers.5.attn.gamma1.weight is skipped since its requires_grad=False
2024/06/25 11:30:44 - mmengine - WARNING - backbone.layers.5.ln2.weight is skipped since its requires_grad=False
2024/06/25 11:30:44 - mmengine - WARNING - backbone.layers.5.ln2.bias is skipped since its requires_grad=False
2024/06/25 11:30:44 - mmengine - WARNING - backbone.layers.5.ffn.layers.0.0.weight is skipped since its requires_grad=False
2024/06/25 11:30:44 - mmengine - WARNING - backbone.layers.5.ffn.layers.0.0.bias is skipped since its requires_grad=False
2024/06/25 11:30:44 - mmengine - WARNING - backbone.layers.5.ffn.layers.1.weight is skipped since its requires_grad=False
2024/06/25 11:30:44 - mmengine - WARNING - backbone.layers.5.ffn.layers.1.bias is skipped since its requires_grad=False
2024/06/25 11:30:44 - mmengine - WARNING - backbone.layers.5.ffn.gamma2.weight is skipped since its requires_grad=False
2024/06/25 11:30:44 - mmengine - WARNING - backbone.layers.6.ln1.weight is skipped since its requires_grad=False
2024/06/25 11:30:44 - mmengine - WARNING - backbone.layers.6.ln1.bias is skipped since its requires_grad=False
2024/06/25 11:30:44 - mmengine - WARNING - backbone.layers.6.attn.qkv.weight is skipped since its requires_grad=False
2024/06/25 11:30:44 - mmengine - WARNING - backbone.layers.6.attn.qkv.bias is skipped since its requires_grad=False
2024/06/25 11:30:44 - mmengine - WARNING - backbone.layers.6.attn.proj.weight is skipped since its requires_grad=False
2024/06/25 11:30:44 - mmengine - WARNING - backbone.layers.6.attn.proj.bias is skipped since its requires_grad=False
2024/06/25 11:30:44 - mmengine - WARNING - backbone.layers.6.attn.gamma1.weight is skipped since its requires_grad=False
2024/06/25 11:30:44 - mmengine - WARNING - backbone.layers.6.ln2.weight is skipped since its requires_grad=False
2024/06/25 11:30:44 - mmengine - WARNING - backbone.layers.6.ln2.bias is skipped since its requires_grad=False
2024/06/25 11:30:44 - mmengine - WARNING - backbone.layers.6.ffn.layers.0.0.weight is skipped since its requires_grad=False
2024/06/25 11:30:44 - mmengine - WARNING - backbone.layers.6.ffn.layers.0.0.bias is skipped since its requires_grad=False
2024/06/25 11:30:44 - mmengine - WARNING - backbone.layers.6.ffn.layers.1.weight is skipped since its requires_grad=False
2024/06/25 11:30:44 - mmengine - WARNING - backbone.layers.6.ffn.layers.1.bias is skipped since its requires_grad=False
2024/06/25 11:30:44 - mmengine - WARNING - backbone.layers.6.ffn.gamma2.weight is skipped since its requires_grad=False
2024/06/25 11:30:44 - mmengine - WARNING - backbone.layers.7.ln1.weight is skipped since its requires_grad=False
2024/06/25 11:30:44 - mmengine - WARNING - backbone.layers.7.ln1.bias is skipped since its requires_grad=False
2024/06/25 11:30:44 - mmengine - WARNING - backbone.layers.7.attn.qkv.weight is skipped since its requires_grad=False
2024/06/25 11:30:44 - mmengine - WARNING - backbone.layers.7.attn.qkv.bias is skipped since its requires_grad=False
2024/06/25 11:30:44 - mmengine - WARNING - backbone.layers.7.attn.proj.weight is skipped since its requires_grad=False
2024/06/25 11:30:44 - mmengine - WARNING - backbone.layers.7.attn.proj.bias is skipped since its requires_grad=False
2024/06/25 11:30:44 - mmengine - WARNING - backbone.layers.7.attn.gamma1.weight is skipped since its requires_grad=False
2024/06/25 11:30:44 - mmengine - WARNING - backbone.layers.7.ln2.weight is skipped since its requires_grad=False
2024/06/25 11:30:44 - mmengine - WARNING - backbone.layers.7.ln2.bias is skipped since its requires_grad=False
2024/06/25 11:30:44 - mmengine - WARNING - backbone.layers.7.ffn.layers.0.0.weight is skipped since its requires_grad=False
2024/06/25 11:30:44 - mmengine - WARNING - backbone.layers.7.ffn.layers.0.0.bias is skipped since its requires_grad=False
2024/06/25 11:30:44 - mmengine - WARNING - backbone.layers.7.ffn.layers.1.weight is skipped since its requires_grad=False
2024/06/25 11:30:44 - mmengine - WARNING - backbone.layers.7.ffn.layers.1.bias is skipped since its requires_grad=False
2024/06/25 11:30:44 - mmengine - WARNING - backbone.layers.7.ffn.gamma2.weight is skipped since its requires_grad=False
2024/06/25 11:30:44 - mmengine - WARNING - backbone.layers.8.ln1.weight is skipped since its requires_grad=False
2024/06/25 11:30:44 - mmengine - WARNING - backbone.layers.8.ln1.bias is skipped since its requires_grad=False
2024/06/25 11:30:44 - mmengine - WARNING - backbone.layers.8.attn.qkv.weight is skipped since its requires_grad=False
2024/06/25 11:30:44 - mmengine - WARNING - backbone.layers.8.attn.qkv.bias is skipped since its requires_grad=False
2024/06/25 11:30:44 - mmengine - WARNING - backbone.layers.8.attn.proj.weight is skipped since its requires_grad=False
2024/06/25 11:30:44 - mmengine - WARNING - backbone.layers.8.attn.proj.bias is skipped since its requires_grad=False
2024/06/25 11:30:44 - mmengine - WARNING - backbone.layers.8.attn.gamma1.weight is skipped since its requires_grad=False
2024/06/25 11:30:44 - mmengine - WARNING - backbone.layers.8.ln2.weight is skipped since its requires_grad=False
2024/06/25 11:30:44 - mmengine - WARNING - backbone.layers.8.ln2.bias is skipped since its requires_grad=False
2024/06/25 11:30:44 - mmengine - WARNING - backbone.layers.8.ffn.layers.0.0.weight is skipped since its requires_grad=False
2024/06/25 11:30:44 - mmengine - WARNING - backbone.layers.8.ffn.layers.0.0.bias is skipped since its requires_grad=False
2024/06/25 11:30:44 - mmengine - WARNING - backbone.layers.8.ffn.layers.1.weight is skipped since its requires_grad=False
2024/06/25 11:30:44 - mmengine - WARNING - backbone.layers.8.ffn.layers.1.bias is skipped since its requires_grad=False
2024/06/25 11:30:44 - mmengine - WARNING - backbone.layers.8.ffn.gamma2.weight is skipped since its requires_grad=False
2024/06/25 11:30:44 - mmengine - WARNING - backbone.layers.9.ln1.weight is skipped since its requires_grad=False
2024/06/25 11:30:44 - mmengine - WARNING - backbone.layers.9.ln1.bias is skipped since its requires_grad=False
2024/06/25 11:30:44 - mmengine - WARNING - backbone.layers.9.attn.qkv.weight is skipped since its requires_grad=False
2024/06/25 11:30:44 - mmengine - WARNING - backbone.layers.9.attn.qkv.bias is skipped since its requires_grad=False
2024/06/25 11:30:44 - mmengine - WARNING - backbone.layers.9.attn.proj.weight is skipped since its requires_grad=False
2024/06/25 11:30:44 - mmengine - WARNING - backbone.layers.9.attn.proj.bias is skipped since its requires_grad=False
2024/06/25 11:30:44 - mmengine - WARNING - backbone.layers.9.attn.gamma1.weight is skipped since its requires_grad=False
2024/06/25 11:30:44 - mmengine - WARNING - backbone.layers.9.ln2.weight is skipped since its requires_grad=False
2024/06/25 11:30:44 - mmengine - WARNING - backbone.layers.9.ln2.bias is skipped since its requires_grad=False
2024/06/25 11:30:44 - mmengine - WARNING - backbone.layers.9.ffn.layers.0.0.weight is skipped since its requires_grad=False
2024/06/25 11:30:44 - mmengine - WARNING - backbone.layers.9.ffn.layers.0.0.bias is skipped since its requires_grad=False
2024/06/25 11:30:44 - mmengine - WARNING - backbone.layers.9.ffn.layers.1.weight is skipped since its requires_grad=False
2024/06/25 11:30:44 - mmengine - WARNING - backbone.layers.9.ffn.layers.1.bias is skipped since its requires_grad=False
2024/06/25 11:30:44 - mmengine - WARNING - backbone.layers.9.ffn.gamma2.weight is skipped since its requires_grad=False
2024/06/25 11:30:44 - mmengine - WARNING - backbone.layers.10.ln1.weight is skipped since its requires_grad=False
2024/06/25 11:30:44 - mmengine - WARNING - backbone.layers.10.ln1.bias is skipped since its requires_grad=False
2024/06/25 11:30:44 - mmengine - WARNING - backbone.layers.10.attn.qkv.weight is skipped since its requires_grad=False
2024/06/25 11:30:44 - mmengine - WARNING - backbone.layers.10.attn.qkv.bias is skipped since its requires_grad=False
2024/06/25 11:30:44 - mmengine - WARNING - backbone.layers.10.attn.proj.weight is skipped since its requires_grad=False
2024/06/25 11:30:44 - mmengine - WARNING - backbone.layers.10.attn.proj.bias is skipped since its requires_grad=False
2024/06/25 11:30:44 - mmengine - WARNING - backbone.layers.10.attn.gamma1.weight is skipped since its requires_grad=False
2024/06/25 11:30:44 - mmengine - WARNING - backbone.layers.10.ln2.weight is skipped since its requires_grad=False
2024/06/25 11:30:44 - mmengine - WARNING - backbone.layers.10.ln2.bias is skipped since its requires_grad=False
2024/06/25 11:30:44 - mmengine - WARNING - backbone.layers.10.ffn.layers.0.0.weight is skipped since its requires_grad=False
2024/06/25 11:30:44 - mmengine - WARNING - backbone.layers.10.ffn.layers.0.0.bias is skipped since its requires_grad=False
2024/06/25 11:30:44 - mmengine - WARNING - backbone.layers.10.ffn.layers.1.weight is skipped since its requires_grad=False
2024/06/25 11:30:44 - mmengine - WARNING - backbone.layers.10.ffn.layers.1.bias is skipped since its requires_grad=False
2024/06/25 11:30:44 - mmengine - WARNING - backbone.layers.10.ffn.gamma2.weight is skipped since its requires_grad=False
2024/06/25 11:30:44 - mmengine - WARNING - backbone.layers.11.ln1.weight is skipped since its requires_grad=False
2024/06/25 11:30:44 - mmengine - WARNING - backbone.layers.11.ln1.bias is skipped since its requires_grad=False
2024/06/25 11:30:44 - mmengine - WARNING - backbone.layers.11.attn.qkv.weight is skipped since its requires_grad=False
2024/06/25 11:30:44 - mmengine - WARNING - backbone.layers.11.attn.qkv.bias is skipped since its requires_grad=False
2024/06/25 11:30:44 - mmengine - WARNING - backbone.layers.11.attn.proj.weight is skipped since its requires_grad=False
2024/06/25 11:30:44 - mmengine - WARNING - backbone.layers.11.attn.proj.bias is skipped since its requires_grad=False
2024/06/25 11:30:44 - mmengine - WARNING - backbone.layers.11.attn.gamma1.weight is skipped since its requires_grad=False
2024/06/25 11:30:44 - mmengine - WARNING - backbone.layers.11.ln2.weight is skipped since its requires_grad=False
2024/06/25 11:30:44 - mmengine - WARNING - backbone.layers.11.ln2.bias is skipped since its requires_grad=False
2024/06/25 11:30:44 - mmengine - WARNING - backbone.layers.11.ffn.layers.0.0.weight is skipped since its requires_grad=False
2024/06/25 11:30:44 - mmengine - WARNING - backbone.layers.11.ffn.layers.0.0.bias is skipped since its requires_grad=False
2024/06/25 11:30:44 - mmengine - WARNING - backbone.layers.11.ffn.layers.1.weight is skipped since its requires_grad=False
2024/06/25 11:30:44 - mmengine - WARNING - backbone.layers.11.ffn.layers.1.bias is skipped since its requires_grad=False
2024/06/25 11:30:44 - mmengine - WARNING - backbone.layers.11.ffn.gamma2.weight is skipped since its requires_grad=False
2024/06/25 11:30:44 - mmengine - WARNING - backbone.ln1.weight is skipped since its requires_grad=False
2024/06/25 11:30:44 - mmengine - WARNING - backbone.ln1.bias is skipped since its requires_grad=False
2024/06/25 11:30:45 - mmengine - INFO - load backbone in model from: https://download.openmmlab.com/mmpretrain/v1.0/dinov2/vit-base-p14_dinov2-pre_3rdparty_20230426-ba246503.pth
2024/06/25 11:30:45 - mmengine - WARNING - The model and loaded state dict do not match exactly

unexpected key in source state_dict: mask_token

Name of parameter - Initialization information

backbone.cls_token - torch.Size([1, 1, 768]): 
PretrainedInit: load from https://download.openmmlab.com/mmpretrain/v1.0/dinov2/vit-base-p14_dinov2-pre_3rdparty_20230426-ba246503.pth 

backbone.pos_embed - torch.Size([1, 1370, 768]): 
PretrainedInit: load from https://download.openmmlab.com/mmpretrain/v1.0/dinov2/vit-base-p14_dinov2-pre_3rdparty_20230426-ba246503.pth 

backbone.patch_embed.projection.weight - torch.Size([768, 3, 14, 14]): 
PretrainedInit: load from https://download.openmmlab.com/mmpretrain/v1.0/dinov2/vit-base-p14_dinov2-pre_3rdparty_20230426-ba246503.pth 

backbone.patch_embed.projection.bias - torch.Size([768]): 
PretrainedInit: load from https://download.openmmlab.com/mmpretrain/v1.0/dinov2/vit-base-p14_dinov2-pre_3rdparty_20230426-ba246503.pth 

backbone.layers.0.ln1.weight - torch.Size([768]): 
PretrainedInit: load from https://download.openmmlab.com/mmpretrain/v1.0/dinov2/vit-base-p14_dinov2-pre_3rdparty_20230426-ba246503.pth 

backbone.layers.0.ln1.bias - torch.Size([768]): 
PretrainedInit: load from https://download.openmmlab.com/mmpretrain/v1.0/dinov2/vit-base-p14_dinov2-pre_3rdparty_20230426-ba246503.pth 

backbone.layers.0.attn.qkv.weight - torch.Size([2304, 768]): 
PretrainedInit: load from https://download.openmmlab.com/mmpretrain/v1.0/dinov2/vit-base-p14_dinov2-pre_3rdparty_20230426-ba246503.pth 

backbone.layers.0.attn.qkv.bias - torch.Size([2304]): 
PretrainedInit: load from https://download.openmmlab.com/mmpretrain/v1.0/dinov2/vit-base-p14_dinov2-pre_3rdparty_20230426-ba246503.pth 

backbone.layers.0.attn.proj.weight - torch.Size([768, 768]): 
PretrainedInit: load from https://download.openmmlab.com/mmpretrain/v1.0/dinov2/vit-base-p14_dinov2-pre_3rdparty_20230426-ba246503.pth 

backbone.layers.0.attn.proj.bias - torch.Size([768]): 
PretrainedInit: load from https://download.openmmlab.com/mmpretrain/v1.0/dinov2/vit-base-p14_dinov2-pre_3rdparty_20230426-ba246503.pth 

backbone.layers.0.attn.gamma1.weight - torch.Size([768]): 
PretrainedInit: load from https://download.openmmlab.com/mmpretrain/v1.0/dinov2/vit-base-p14_dinov2-pre_3rdparty_20230426-ba246503.pth 

backbone.layers.0.ln2.weight - torch.Size([768]): 
PretrainedInit: load from https://download.openmmlab.com/mmpretrain/v1.0/dinov2/vit-base-p14_dinov2-pre_3rdparty_20230426-ba246503.pth 

backbone.layers.0.ln2.bias - torch.Size([768]): 
PretrainedInit: load from https://download.openmmlab.com/mmpretrain/v1.0/dinov2/vit-base-p14_dinov2-pre_3rdparty_20230426-ba246503.pth 

backbone.layers.0.ffn.layers.0.0.weight - torch.Size([3072, 768]): 
PretrainedInit: load from https://download.openmmlab.com/mmpretrain/v1.0/dinov2/vit-base-p14_dinov2-pre_3rdparty_20230426-ba246503.pth 

backbone.layers.0.ffn.layers.0.0.bias - torch.Size([3072]): 
PretrainedInit: load from https://download.openmmlab.com/mmpretrain/v1.0/dinov2/vit-base-p14_dinov2-pre_3rdparty_20230426-ba246503.pth 

backbone.layers.0.ffn.layers.1.weight - torch.Size([768, 3072]): 
PretrainedInit: load from https://download.openmmlab.com/mmpretrain/v1.0/dinov2/vit-base-p14_dinov2-pre_3rdparty_20230426-ba246503.pth 

backbone.layers.0.ffn.layers.1.bias - torch.Size([768]): 
PretrainedInit: load from https://download.openmmlab.com/mmpretrain/v1.0/dinov2/vit-base-p14_dinov2-pre_3rdparty_20230426-ba246503.pth 

backbone.layers.0.ffn.gamma2.weight - torch.Size([768]): 
PretrainedInit: load from https://download.openmmlab.com/mmpretrain/v1.0/dinov2/vit-base-p14_dinov2-pre_3rdparty_20230426-ba246503.pth 

backbone.layers.1.ln1.weight - torch.Size([768]): 
PretrainedInit: load from https://download.openmmlab.com/mmpretrain/v1.0/dinov2/vit-base-p14_dinov2-pre_3rdparty_20230426-ba246503.pth 

backbone.layers.1.ln1.bias - torch.Size([768]): 
PretrainedInit: load from https://download.openmmlab.com/mmpretrain/v1.0/dinov2/vit-base-p14_dinov2-pre_3rdparty_20230426-ba246503.pth 

backbone.layers.1.attn.qkv.weight - torch.Size([2304, 768]): 
PretrainedInit: load from https://download.openmmlab.com/mmpretrain/v1.0/dinov2/vit-base-p14_dinov2-pre_3rdparty_20230426-ba246503.pth 

backbone.layers.1.attn.qkv.bias - torch.Size([2304]): 
PretrainedInit: load from https://download.openmmlab.com/mmpretrain/v1.0/dinov2/vit-base-p14_dinov2-pre_3rdparty_20230426-ba246503.pth 

backbone.layers.1.attn.proj.weight - torch.Size([768, 768]): 
PretrainedInit: load from https://download.openmmlab.com/mmpretrain/v1.0/dinov2/vit-base-p14_dinov2-pre_3rdparty_20230426-ba246503.pth 

backbone.layers.1.attn.proj.bias - torch.Size([768]): 
PretrainedInit: load from https://download.openmmlab.com/mmpretrain/v1.0/dinov2/vit-base-p14_dinov2-pre_3rdparty_20230426-ba246503.pth 

backbone.layers.1.attn.gamma1.weight - torch.Size([768]): 
PretrainedInit: load from https://download.openmmlab.com/mmpretrain/v1.0/dinov2/vit-base-p14_dinov2-pre_3rdparty_20230426-ba246503.pth 

backbone.layers.1.ln2.weight - torch.Size([768]): 
PretrainedInit: load from https://download.openmmlab.com/mmpretrain/v1.0/dinov2/vit-base-p14_dinov2-pre_3rdparty_20230426-ba246503.pth 

backbone.layers.1.ln2.bias - torch.Size([768]): 
PretrainedInit: load from https://download.openmmlab.com/mmpretrain/v1.0/dinov2/vit-base-p14_dinov2-pre_3rdparty_20230426-ba246503.pth 

backbone.layers.1.ffn.layers.0.0.weight - torch.Size([3072, 768]): 
PretrainedInit: load from https://download.openmmlab.com/mmpretrain/v1.0/dinov2/vit-base-p14_dinov2-pre_3rdparty_20230426-ba246503.pth 

backbone.layers.1.ffn.layers.0.0.bias - torch.Size([3072]): 
PretrainedInit: load from https://download.openmmlab.com/mmpretrain/v1.0/dinov2/vit-base-p14_dinov2-pre_3rdparty_20230426-ba246503.pth 

backbone.layers.1.ffn.layers.1.weight - torch.Size([768, 3072]): 
PretrainedInit: load from https://download.openmmlab.com/mmpretrain/v1.0/dinov2/vit-base-p14_dinov2-pre_3rdparty_20230426-ba246503.pth 

backbone.layers.1.ffn.layers.1.bias - torch.Size([768]): 
PretrainedInit: load from https://download.openmmlab.com/mmpretrain/v1.0/dinov2/vit-base-p14_dinov2-pre_3rdparty_20230426-ba246503.pth 

backbone.layers.1.ffn.gamma2.weight - torch.Size([768]): 
PretrainedInit: load from https://download.openmmlab.com/mmpretrain/v1.0/dinov2/vit-base-p14_dinov2-pre_3rdparty_20230426-ba246503.pth 

backbone.layers.2.ln1.weight - torch.Size([768]): 
PretrainedInit: load from https://download.openmmlab.com/mmpretrain/v1.0/dinov2/vit-base-p14_dinov2-pre_3rdparty_20230426-ba246503.pth 

backbone.layers.2.ln1.bias - torch.Size([768]): 
PretrainedInit: load from https://download.openmmlab.com/mmpretrain/v1.0/dinov2/vit-base-p14_dinov2-pre_3rdparty_20230426-ba246503.pth 

backbone.layers.2.attn.qkv.weight - torch.Size([2304, 768]): 
PretrainedInit: load from https://download.openmmlab.com/mmpretrain/v1.0/dinov2/vit-base-p14_dinov2-pre_3rdparty_20230426-ba246503.pth 

backbone.layers.2.attn.qkv.bias - torch.Size([2304]): 
PretrainedInit: load from https://download.openmmlab.com/mmpretrain/v1.0/dinov2/vit-base-p14_dinov2-pre_3rdparty_20230426-ba246503.pth 

backbone.layers.2.attn.proj.weight - torch.Size([768, 768]): 
PretrainedInit: load from https://download.openmmlab.com/mmpretrain/v1.0/dinov2/vit-base-p14_dinov2-pre_3rdparty_20230426-ba246503.pth 

backbone.layers.2.attn.proj.bias - torch.Size([768]): 
PretrainedInit: load from https://download.openmmlab.com/mmpretrain/v1.0/dinov2/vit-base-p14_dinov2-pre_3rdparty_20230426-ba246503.pth 

backbone.layers.2.attn.gamma1.weight - torch.Size([768]): 
PretrainedInit: load from https://download.openmmlab.com/mmpretrain/v1.0/dinov2/vit-base-p14_dinov2-pre_3rdparty_20230426-ba246503.pth 

backbone.layers.2.ln2.weight - torch.Size([768]): 
PretrainedInit: load from https://download.openmmlab.com/mmpretrain/v1.0/dinov2/vit-base-p14_dinov2-pre_3rdparty_20230426-ba246503.pth 

backbone.layers.2.ln2.bias - torch.Size([768]): 
PretrainedInit: load from https://download.openmmlab.com/mmpretrain/v1.0/dinov2/vit-base-p14_dinov2-pre_3rdparty_20230426-ba246503.pth 

backbone.layers.2.ffn.layers.0.0.weight - torch.Size([3072, 768]): 
PretrainedInit: load from https://download.openmmlab.com/mmpretrain/v1.0/dinov2/vit-base-p14_dinov2-pre_3rdparty_20230426-ba246503.pth 

backbone.layers.2.ffn.layers.0.0.bias - torch.Size([3072]): 
PretrainedInit: load from https://download.openmmlab.com/mmpretrain/v1.0/dinov2/vit-base-p14_dinov2-pre_3rdparty_20230426-ba246503.pth 

backbone.layers.2.ffn.layers.1.weight - torch.Size([768, 3072]): 
PretrainedInit: load from https://download.openmmlab.com/mmpretrain/v1.0/dinov2/vit-base-p14_dinov2-pre_3rdparty_20230426-ba246503.pth 

backbone.layers.2.ffn.layers.1.bias - torch.Size([768]): 
PretrainedInit: load from https://download.openmmlab.com/mmpretrain/v1.0/dinov2/vit-base-p14_dinov2-pre_3rdparty_20230426-ba246503.pth 

backbone.layers.2.ffn.gamma2.weight - torch.Size([768]): 
PretrainedInit: load from https://download.openmmlab.com/mmpretrain/v1.0/dinov2/vit-base-p14_dinov2-pre_3rdparty_20230426-ba246503.pth 

backbone.layers.3.ln1.weight - torch.Size([768]): 
PretrainedInit: load from https://download.openmmlab.com/mmpretrain/v1.0/dinov2/vit-base-p14_dinov2-pre_3rdparty_20230426-ba246503.pth 

backbone.layers.3.ln1.bias - torch.Size([768]): 
PretrainedInit: load from https://download.openmmlab.com/mmpretrain/v1.0/dinov2/vit-base-p14_dinov2-pre_3rdparty_20230426-ba246503.pth 

backbone.layers.3.attn.qkv.weight - torch.Size([2304, 768]): 
PretrainedInit: load from https://download.openmmlab.com/mmpretrain/v1.0/dinov2/vit-base-p14_dinov2-pre_3rdparty_20230426-ba246503.pth 

backbone.layers.3.attn.qkv.bias - torch.Size([2304]): 
PretrainedInit: load from https://download.openmmlab.com/mmpretrain/v1.0/dinov2/vit-base-p14_dinov2-pre_3rdparty_20230426-ba246503.pth 

backbone.layers.3.attn.proj.weight - torch.Size([768, 768]): 
PretrainedInit: load from https://download.openmmlab.com/mmpretrain/v1.0/dinov2/vit-base-p14_dinov2-pre_3rdparty_20230426-ba246503.pth 

backbone.layers.3.attn.proj.bias - torch.Size([768]): 
PretrainedInit: load from https://download.openmmlab.com/mmpretrain/v1.0/dinov2/vit-base-p14_dinov2-pre_3rdparty_20230426-ba246503.pth 

backbone.layers.3.attn.gamma1.weight - torch.Size([768]): 
PretrainedInit: load from https://download.openmmlab.com/mmpretrain/v1.0/dinov2/vit-base-p14_dinov2-pre_3rdparty_20230426-ba246503.pth 

backbone.layers.3.ln2.weight - torch.Size([768]): 
PretrainedInit: load from https://download.openmmlab.com/mmpretrain/v1.0/dinov2/vit-base-p14_dinov2-pre_3rdparty_20230426-ba246503.pth 

backbone.layers.3.ln2.bias - torch.Size([768]): 
PretrainedInit: load from https://download.openmmlab.com/mmpretrain/v1.0/dinov2/vit-base-p14_dinov2-pre_3rdparty_20230426-ba246503.pth 

backbone.layers.3.ffn.layers.0.0.weight - torch.Size([3072, 768]): 
PretrainedInit: load from https://download.openmmlab.com/mmpretrain/v1.0/dinov2/vit-base-p14_dinov2-pre_3rdparty_20230426-ba246503.pth 

backbone.layers.3.ffn.layers.0.0.bias - torch.Size([3072]): 
PretrainedInit: load from https://download.openmmlab.com/mmpretrain/v1.0/dinov2/vit-base-p14_dinov2-pre_3rdparty_20230426-ba246503.pth 

backbone.layers.3.ffn.layers.1.weight - torch.Size([768, 3072]): 
PretrainedInit: load from https://download.openmmlab.com/mmpretrain/v1.0/dinov2/vit-base-p14_dinov2-pre_3rdparty_20230426-ba246503.pth 

backbone.layers.3.ffn.layers.1.bias - torch.Size([768]): 
PretrainedInit: load from https://download.openmmlab.com/mmpretrain/v1.0/dinov2/vit-base-p14_dinov2-pre_3rdparty_20230426-ba246503.pth 

backbone.layers.3.ffn.gamma2.weight - torch.Size([768]): 
PretrainedInit: load from https://download.openmmlab.com/mmpretrain/v1.0/dinov2/vit-base-p14_dinov2-pre_3rdparty_20230426-ba246503.pth 

backbone.layers.4.ln1.weight - torch.Size([768]): 
PretrainedInit: load from https://download.openmmlab.com/mmpretrain/v1.0/dinov2/vit-base-p14_dinov2-pre_3rdparty_20230426-ba246503.pth 

backbone.layers.4.ln1.bias - torch.Size([768]): 
PretrainedInit: load from https://download.openmmlab.com/mmpretrain/v1.0/dinov2/vit-base-p14_dinov2-pre_3rdparty_20230426-ba246503.pth 

backbone.layers.4.attn.qkv.weight - torch.Size([2304, 768]): 
PretrainedInit: load from https://download.openmmlab.com/mmpretrain/v1.0/dinov2/vit-base-p14_dinov2-pre_3rdparty_20230426-ba246503.pth 

backbone.layers.4.attn.qkv.bias - torch.Size([2304]): 
PretrainedInit: load from https://download.openmmlab.com/mmpretrain/v1.0/dinov2/vit-base-p14_dinov2-pre_3rdparty_20230426-ba246503.pth 

backbone.layers.4.attn.proj.weight - torch.Size([768, 768]): 
PretrainedInit: load from https://download.openmmlab.com/mmpretrain/v1.0/dinov2/vit-base-p14_dinov2-pre_3rdparty_20230426-ba246503.pth 

backbone.layers.4.attn.proj.bias - torch.Size([768]): 
PretrainedInit: load from https://download.openmmlab.com/mmpretrain/v1.0/dinov2/vit-base-p14_dinov2-pre_3rdparty_20230426-ba246503.pth 

backbone.layers.4.attn.gamma1.weight - torch.Size([768]): 
PretrainedInit: load from https://download.openmmlab.com/mmpretrain/v1.0/dinov2/vit-base-p14_dinov2-pre_3rdparty_20230426-ba246503.pth 

backbone.layers.4.ln2.weight - torch.Size([768]): 
PretrainedInit: load from https://download.openmmlab.com/mmpretrain/v1.0/dinov2/vit-base-p14_dinov2-pre_3rdparty_20230426-ba246503.pth 

backbone.layers.4.ln2.bias - torch.Size([768]): 
PretrainedInit: load from https://download.openmmlab.com/mmpretrain/v1.0/dinov2/vit-base-p14_dinov2-pre_3rdparty_20230426-ba246503.pth 

backbone.layers.4.ffn.layers.0.0.weight - torch.Size([3072, 768]): 
PretrainedInit: load from https://download.openmmlab.com/mmpretrain/v1.0/dinov2/vit-base-p14_dinov2-pre_3rdparty_20230426-ba246503.pth 

backbone.layers.4.ffn.layers.0.0.bias - torch.Size([3072]): 
PretrainedInit: load from https://download.openmmlab.com/mmpretrain/v1.0/dinov2/vit-base-p14_dinov2-pre_3rdparty_20230426-ba246503.pth 

backbone.layers.4.ffn.layers.1.weight - torch.Size([768, 3072]): 
PretrainedInit: load from https://download.openmmlab.com/mmpretrain/v1.0/dinov2/vit-base-p14_dinov2-pre_3rdparty_20230426-ba246503.pth 

backbone.layers.4.ffn.layers.1.bias - torch.Size([768]): 
PretrainedInit: load from https://download.openmmlab.com/mmpretrain/v1.0/dinov2/vit-base-p14_dinov2-pre_3rdparty_20230426-ba246503.pth 

backbone.layers.4.ffn.gamma2.weight - torch.Size([768]): 
PretrainedInit: load from https://download.openmmlab.com/mmpretrain/v1.0/dinov2/vit-base-p14_dinov2-pre_3rdparty_20230426-ba246503.pth 

backbone.layers.5.ln1.weight - torch.Size([768]): 
PretrainedInit: load from https://download.openmmlab.com/mmpretrain/v1.0/dinov2/vit-base-p14_dinov2-pre_3rdparty_20230426-ba246503.pth 

backbone.layers.5.ln1.bias - torch.Size([768]): 
PretrainedInit: load from https://download.openmmlab.com/mmpretrain/v1.0/dinov2/vit-base-p14_dinov2-pre_3rdparty_20230426-ba246503.pth 

backbone.layers.5.attn.qkv.weight - torch.Size([2304, 768]): 
PretrainedInit: load from https://download.openmmlab.com/mmpretrain/v1.0/dinov2/vit-base-p14_dinov2-pre_3rdparty_20230426-ba246503.pth 

backbone.layers.5.attn.qkv.bias - torch.Size([2304]): 
PretrainedInit: load from https://download.openmmlab.com/mmpretrain/v1.0/dinov2/vit-base-p14_dinov2-pre_3rdparty_20230426-ba246503.pth 

backbone.layers.5.attn.proj.weight - torch.Size([768, 768]): 
PretrainedInit: load from https://download.openmmlab.com/mmpretrain/v1.0/dinov2/vit-base-p14_dinov2-pre_3rdparty_20230426-ba246503.pth 

backbone.layers.5.attn.proj.bias - torch.Size([768]): 
PretrainedInit: load from https://download.openmmlab.com/mmpretrain/v1.0/dinov2/vit-base-p14_dinov2-pre_3rdparty_20230426-ba246503.pth 

backbone.layers.5.attn.gamma1.weight - torch.Size([768]): 
PretrainedInit: load from https://download.openmmlab.com/mmpretrain/v1.0/dinov2/vit-base-p14_dinov2-pre_3rdparty_20230426-ba246503.pth 

backbone.layers.5.ln2.weight - torch.Size([768]): 
PretrainedInit: load from https://download.openmmlab.com/mmpretrain/v1.0/dinov2/vit-base-p14_dinov2-pre_3rdparty_20230426-ba246503.pth 

backbone.layers.5.ln2.bias - torch.Size([768]): 
PretrainedInit: load from https://download.openmmlab.com/mmpretrain/v1.0/dinov2/vit-base-p14_dinov2-pre_3rdparty_20230426-ba246503.pth 

backbone.layers.5.ffn.layers.0.0.weight - torch.Size([3072, 768]): 
PretrainedInit: load from https://download.openmmlab.com/mmpretrain/v1.0/dinov2/vit-base-p14_dinov2-pre_3rdparty_20230426-ba246503.pth 

backbone.layers.5.ffn.layers.0.0.bias - torch.Size([3072]): 
PretrainedInit: load from https://download.openmmlab.com/mmpretrain/v1.0/dinov2/vit-base-p14_dinov2-pre_3rdparty_20230426-ba246503.pth 

backbone.layers.5.ffn.layers.1.weight - torch.Size([768, 3072]): 
PretrainedInit: load from https://download.openmmlab.com/mmpretrain/v1.0/dinov2/vit-base-p14_dinov2-pre_3rdparty_20230426-ba246503.pth 

backbone.layers.5.ffn.layers.1.bias - torch.Size([768]): 
PretrainedInit: load from https://download.openmmlab.com/mmpretrain/v1.0/dinov2/vit-base-p14_dinov2-pre_3rdparty_20230426-ba246503.pth 

backbone.layers.5.ffn.gamma2.weight - torch.Size([768]): 
PretrainedInit: load from https://download.openmmlab.com/mmpretrain/v1.0/dinov2/vit-base-p14_dinov2-pre_3rdparty_20230426-ba246503.pth 

backbone.layers.6.ln1.weight - torch.Size([768]): 
PretrainedInit: load from https://download.openmmlab.com/mmpretrain/v1.0/dinov2/vit-base-p14_dinov2-pre_3rdparty_20230426-ba246503.pth 

backbone.layers.6.ln1.bias - torch.Size([768]): 
PretrainedInit: load from https://download.openmmlab.com/mmpretrain/v1.0/dinov2/vit-base-p14_dinov2-pre_3rdparty_20230426-ba246503.pth 

backbone.layers.6.attn.qkv.weight - torch.Size([2304, 768]): 
PretrainedInit: load from https://download.openmmlab.com/mmpretrain/v1.0/dinov2/vit-base-p14_dinov2-pre_3rdparty_20230426-ba246503.pth 

backbone.layers.6.attn.qkv.bias - torch.Size([2304]): 
PretrainedInit: load from https://download.openmmlab.com/mmpretrain/v1.0/dinov2/vit-base-p14_dinov2-pre_3rdparty_20230426-ba246503.pth 

backbone.layers.6.attn.proj.weight - torch.Size([768, 768]): 
PretrainedInit: load from https://download.openmmlab.com/mmpretrain/v1.0/dinov2/vit-base-p14_dinov2-pre_3rdparty_20230426-ba246503.pth 

backbone.layers.6.attn.proj.bias - torch.Size([768]): 
PretrainedInit: load from https://download.openmmlab.com/mmpretrain/v1.0/dinov2/vit-base-p14_dinov2-pre_3rdparty_20230426-ba246503.pth 

backbone.layers.6.attn.gamma1.weight - torch.Size([768]): 
PretrainedInit: load from https://download.openmmlab.com/mmpretrain/v1.0/dinov2/vit-base-p14_dinov2-pre_3rdparty_20230426-ba246503.pth 

backbone.layers.6.ln2.weight - torch.Size([768]): 
PretrainedInit: load from https://download.openmmlab.com/mmpretrain/v1.0/dinov2/vit-base-p14_dinov2-pre_3rdparty_20230426-ba246503.pth 

backbone.layers.6.ln2.bias - torch.Size([768]): 
PretrainedInit: load from https://download.openmmlab.com/mmpretrain/v1.0/dinov2/vit-base-p14_dinov2-pre_3rdparty_20230426-ba246503.pth 

backbone.layers.6.ffn.layers.0.0.weight - torch.Size([3072, 768]): 
PretrainedInit: load from https://download.openmmlab.com/mmpretrain/v1.0/dinov2/vit-base-p14_dinov2-pre_3rdparty_20230426-ba246503.pth 

backbone.layers.6.ffn.layers.0.0.bias - torch.Size([3072]): 
PretrainedInit: load from https://download.openmmlab.com/mmpretrain/v1.0/dinov2/vit-base-p14_dinov2-pre_3rdparty_20230426-ba246503.pth 

backbone.layers.6.ffn.layers.1.weight - torch.Size([768, 3072]): 
PretrainedInit: load from https://download.openmmlab.com/mmpretrain/v1.0/dinov2/vit-base-p14_dinov2-pre_3rdparty_20230426-ba246503.pth 

backbone.layers.6.ffn.layers.1.bias - torch.Size([768]): 
PretrainedInit: load from https://download.openmmlab.com/mmpretrain/v1.0/dinov2/vit-base-p14_dinov2-pre_3rdparty_20230426-ba246503.pth 

backbone.layers.6.ffn.gamma2.weight - torch.Size([768]): 
PretrainedInit: load from https://download.openmmlab.com/mmpretrain/v1.0/dinov2/vit-base-p14_dinov2-pre_3rdparty_20230426-ba246503.pth 

backbone.layers.7.ln1.weight - torch.Size([768]): 
PretrainedInit: load from https://download.openmmlab.com/mmpretrain/v1.0/dinov2/vit-base-p14_dinov2-pre_3rdparty_20230426-ba246503.pth 

backbone.layers.7.ln1.bias - torch.Size([768]): 
PretrainedInit: load from https://download.openmmlab.com/mmpretrain/v1.0/dinov2/vit-base-p14_dinov2-pre_3rdparty_20230426-ba246503.pth 

backbone.layers.7.attn.qkv.weight - torch.Size([2304, 768]): 
PretrainedInit: load from https://download.openmmlab.com/mmpretrain/v1.0/dinov2/vit-base-p14_dinov2-pre_3rdparty_20230426-ba246503.pth 

backbone.layers.7.attn.qkv.bias - torch.Size([2304]): 
PretrainedInit: load from https://download.openmmlab.com/mmpretrain/v1.0/dinov2/vit-base-p14_dinov2-pre_3rdparty_20230426-ba246503.pth 

backbone.layers.7.attn.proj.weight - torch.Size([768, 768]): 
PretrainedInit: load from https://download.openmmlab.com/mmpretrain/v1.0/dinov2/vit-base-p14_dinov2-pre_3rdparty_20230426-ba246503.pth 

backbone.layers.7.attn.proj.bias - torch.Size([768]): 
PretrainedInit: load from https://download.openmmlab.com/mmpretrain/v1.0/dinov2/vit-base-p14_dinov2-pre_3rdparty_20230426-ba246503.pth 

backbone.layers.7.attn.gamma1.weight - torch.Size([768]): 
PretrainedInit: load from https://download.openmmlab.com/mmpretrain/v1.0/dinov2/vit-base-p14_dinov2-pre_3rdparty_20230426-ba246503.pth 

backbone.layers.7.ln2.weight - torch.Size([768]): 
PretrainedInit: load from https://download.openmmlab.com/mmpretrain/v1.0/dinov2/vit-base-p14_dinov2-pre_3rdparty_20230426-ba246503.pth 

backbone.layers.7.ln2.bias - torch.Size([768]): 
PretrainedInit: load from https://download.openmmlab.com/mmpretrain/v1.0/dinov2/vit-base-p14_dinov2-pre_3rdparty_20230426-ba246503.pth 

backbone.layers.7.ffn.layers.0.0.weight - torch.Size([3072, 768]): 
PretrainedInit: load from https://download.openmmlab.com/mmpretrain/v1.0/dinov2/vit-base-p14_dinov2-pre_3rdparty_20230426-ba246503.pth 

backbone.layers.7.ffn.layers.0.0.bias - torch.Size([3072]): 
PretrainedInit: load from https://download.openmmlab.com/mmpretrain/v1.0/dinov2/vit-base-p14_dinov2-pre_3rdparty_20230426-ba246503.pth 

backbone.layers.7.ffn.layers.1.weight - torch.Size([768, 3072]): 
PretrainedInit: load from https://download.openmmlab.com/mmpretrain/v1.0/dinov2/vit-base-p14_dinov2-pre_3rdparty_20230426-ba246503.pth 

backbone.layers.7.ffn.layers.1.bias - torch.Size([768]): 
PretrainedInit: load from https://download.openmmlab.com/mmpretrain/v1.0/dinov2/vit-base-p14_dinov2-pre_3rdparty_20230426-ba246503.pth 

backbone.layers.7.ffn.gamma2.weight - torch.Size([768]): 
PretrainedInit: load from https://download.openmmlab.com/mmpretrain/v1.0/dinov2/vit-base-p14_dinov2-pre_3rdparty_20230426-ba246503.pth 

backbone.layers.8.ln1.weight - torch.Size([768]): 
PretrainedInit: load from https://download.openmmlab.com/mmpretrain/v1.0/dinov2/vit-base-p14_dinov2-pre_3rdparty_20230426-ba246503.pth 

backbone.layers.8.ln1.bias - torch.Size([768]): 
PretrainedInit: load from https://download.openmmlab.com/mmpretrain/v1.0/dinov2/vit-base-p14_dinov2-pre_3rdparty_20230426-ba246503.pth 

backbone.layers.8.attn.qkv.weight - torch.Size([2304, 768]): 
PretrainedInit: load from https://download.openmmlab.com/mmpretrain/v1.0/dinov2/vit-base-p14_dinov2-pre_3rdparty_20230426-ba246503.pth 

backbone.layers.8.attn.qkv.bias - torch.Size([2304]): 
PretrainedInit: load from https://download.openmmlab.com/mmpretrain/v1.0/dinov2/vit-base-p14_dinov2-pre_3rdparty_20230426-ba246503.pth 

backbone.layers.8.attn.proj.weight - torch.Size([768, 768]): 
PretrainedInit: load from https://download.openmmlab.com/mmpretrain/v1.0/dinov2/vit-base-p14_dinov2-pre_3rdparty_20230426-ba246503.pth 

backbone.layers.8.attn.proj.bias - torch.Size([768]): 
PretrainedInit: load from https://download.openmmlab.com/mmpretrain/v1.0/dinov2/vit-base-p14_dinov2-pre_3rdparty_20230426-ba246503.pth 

backbone.layers.8.attn.gamma1.weight - torch.Size([768]): 
PretrainedInit: load from https://download.openmmlab.com/mmpretrain/v1.0/dinov2/vit-base-p14_dinov2-pre_3rdparty_20230426-ba246503.pth 

backbone.layers.8.ln2.weight - torch.Size([768]): 
PretrainedInit: load from https://download.openmmlab.com/mmpretrain/v1.0/dinov2/vit-base-p14_dinov2-pre_3rdparty_20230426-ba246503.pth 

backbone.layers.8.ln2.bias - torch.Size([768]): 
PretrainedInit: load from https://download.openmmlab.com/mmpretrain/v1.0/dinov2/vit-base-p14_dinov2-pre_3rdparty_20230426-ba246503.pth 

backbone.layers.8.ffn.layers.0.0.weight - torch.Size([3072, 768]): 
PretrainedInit: load from https://download.openmmlab.com/mmpretrain/v1.0/dinov2/vit-base-p14_dinov2-pre_3rdparty_20230426-ba246503.pth 

backbone.layers.8.ffn.layers.0.0.bias - torch.Size([3072]): 
PretrainedInit: load from https://download.openmmlab.com/mmpretrain/v1.0/dinov2/vit-base-p14_dinov2-pre_3rdparty_20230426-ba246503.pth 

backbone.layers.8.ffn.layers.1.weight - torch.Size([768, 3072]): 
PretrainedInit: load from https://download.openmmlab.com/mmpretrain/v1.0/dinov2/vit-base-p14_dinov2-pre_3rdparty_20230426-ba246503.pth 

backbone.layers.8.ffn.layers.1.bias - torch.Size([768]): 
PretrainedInit: load from https://download.openmmlab.com/mmpretrain/v1.0/dinov2/vit-base-p14_dinov2-pre_3rdparty_20230426-ba246503.pth 

backbone.layers.8.ffn.gamma2.weight - torch.Size([768]): 
PretrainedInit: load from https://download.openmmlab.com/mmpretrain/v1.0/dinov2/vit-base-p14_dinov2-pre_3rdparty_20230426-ba246503.pth 

backbone.layers.9.ln1.weight - torch.Size([768]): 
PretrainedInit: load from https://download.openmmlab.com/mmpretrain/v1.0/dinov2/vit-base-p14_dinov2-pre_3rdparty_20230426-ba246503.pth 

backbone.layers.9.ln1.bias - torch.Size([768]): 
PretrainedInit: load from https://download.openmmlab.com/mmpretrain/v1.0/dinov2/vit-base-p14_dinov2-pre_3rdparty_20230426-ba246503.pth 

backbone.layers.9.attn.qkv.weight - torch.Size([2304, 768]): 
PretrainedInit: load from https://download.openmmlab.com/mmpretrain/v1.0/dinov2/vit-base-p14_dinov2-pre_3rdparty_20230426-ba246503.pth 

backbone.layers.9.attn.qkv.bias - torch.Size([2304]): 
PretrainedInit: load from https://download.openmmlab.com/mmpretrain/v1.0/dinov2/vit-base-p14_dinov2-pre_3rdparty_20230426-ba246503.pth 

backbone.layers.9.attn.proj.weight - torch.Size([768, 768]): 
PretrainedInit: load from https://download.openmmlab.com/mmpretrain/v1.0/dinov2/vit-base-p14_dinov2-pre_3rdparty_20230426-ba246503.pth 

backbone.layers.9.attn.proj.bias - torch.Size([768]): 
PretrainedInit: load from https://download.openmmlab.com/mmpretrain/v1.0/dinov2/vit-base-p14_dinov2-pre_3rdparty_20230426-ba246503.pth 

backbone.layers.9.attn.gamma1.weight - torch.Size([768]): 
PretrainedInit: load from https://download.openmmlab.com/mmpretrain/v1.0/dinov2/vit-base-p14_dinov2-pre_3rdparty_20230426-ba246503.pth 

backbone.layers.9.ln2.weight - torch.Size([768]): 
PretrainedInit: load from https://download.openmmlab.com/mmpretrain/v1.0/dinov2/vit-base-p14_dinov2-pre_3rdparty_20230426-ba246503.pth 

backbone.layers.9.ln2.bias - torch.Size([768]): 
PretrainedInit: load from https://download.openmmlab.com/mmpretrain/v1.0/dinov2/vit-base-p14_dinov2-pre_3rdparty_20230426-ba246503.pth 

backbone.layers.9.ffn.layers.0.0.weight - torch.Size([3072, 768]): 
PretrainedInit: load from https://download.openmmlab.com/mmpretrain/v1.0/dinov2/vit-base-p14_dinov2-pre_3rdparty_20230426-ba246503.pth 

backbone.layers.9.ffn.layers.0.0.bias - torch.Size([3072]): 
PretrainedInit: load from https://download.openmmlab.com/mmpretrain/v1.0/dinov2/vit-base-p14_dinov2-pre_3rdparty_20230426-ba246503.pth 

backbone.layers.9.ffn.layers.1.weight - torch.Size([768, 3072]): 
PretrainedInit: load from https://download.openmmlab.com/mmpretrain/v1.0/dinov2/vit-base-p14_dinov2-pre_3rdparty_20230426-ba246503.pth 

backbone.layers.9.ffn.layers.1.bias - torch.Size([768]): 
PretrainedInit: load from https://download.openmmlab.com/mmpretrain/v1.0/dinov2/vit-base-p14_dinov2-pre_3rdparty_20230426-ba246503.pth 

backbone.layers.9.ffn.gamma2.weight - torch.Size([768]): 
PretrainedInit: load from https://download.openmmlab.com/mmpretrain/v1.0/dinov2/vit-base-p14_dinov2-pre_3rdparty_20230426-ba246503.pth 

backbone.layers.10.ln1.weight - torch.Size([768]): 
PretrainedInit: load from https://download.openmmlab.com/mmpretrain/v1.0/dinov2/vit-base-p14_dinov2-pre_3rdparty_20230426-ba246503.pth 

backbone.layers.10.ln1.bias - torch.Size([768]): 
PretrainedInit: load from https://download.openmmlab.com/mmpretrain/v1.0/dinov2/vit-base-p14_dinov2-pre_3rdparty_20230426-ba246503.pth 

backbone.layers.10.attn.qkv.weight - torch.Size([2304, 768]): 
PretrainedInit: load from https://download.openmmlab.com/mmpretrain/v1.0/dinov2/vit-base-p14_dinov2-pre_3rdparty_20230426-ba246503.pth 

backbone.layers.10.attn.qkv.bias - torch.Size([2304]): 
PretrainedInit: load from https://download.openmmlab.com/mmpretrain/v1.0/dinov2/vit-base-p14_dinov2-pre_3rdparty_20230426-ba246503.pth 

backbone.layers.10.attn.proj.weight - torch.Size([768, 768]): 
PretrainedInit: load from https://download.openmmlab.com/mmpretrain/v1.0/dinov2/vit-base-p14_dinov2-pre_3rdparty_20230426-ba246503.pth 

backbone.layers.10.attn.proj.bias - torch.Size([768]): 
PretrainedInit: load from https://download.openmmlab.com/mmpretrain/v1.0/dinov2/vit-base-p14_dinov2-pre_3rdparty_20230426-ba246503.pth 

backbone.layers.10.attn.gamma1.weight - torch.Size([768]): 
PretrainedInit: load from https://download.openmmlab.com/mmpretrain/v1.0/dinov2/vit-base-p14_dinov2-pre_3rdparty_20230426-ba246503.pth 

backbone.layers.10.ln2.weight - torch.Size([768]): 
PretrainedInit: load from https://download.openmmlab.com/mmpretrain/v1.0/dinov2/vit-base-p14_dinov2-pre_3rdparty_20230426-ba246503.pth 

backbone.layers.10.ln2.bias - torch.Size([768]): 
PretrainedInit: load from https://download.openmmlab.com/mmpretrain/v1.0/dinov2/vit-base-p14_dinov2-pre_3rdparty_20230426-ba246503.pth 

backbone.layers.10.ffn.layers.0.0.weight - torch.Size([3072, 768]): 
PretrainedInit: load from https://download.openmmlab.com/mmpretrain/v1.0/dinov2/vit-base-p14_dinov2-pre_3rdparty_20230426-ba246503.pth 

backbone.layers.10.ffn.layers.0.0.bias - torch.Size([3072]): 
PretrainedInit: load from https://download.openmmlab.com/mmpretrain/v1.0/dinov2/vit-base-p14_dinov2-pre_3rdparty_20230426-ba246503.pth 

backbone.layers.10.ffn.layers.1.weight - torch.Size([768, 3072]): 
PretrainedInit: load from https://download.openmmlab.com/mmpretrain/v1.0/dinov2/vit-base-p14_dinov2-pre_3rdparty_20230426-ba246503.pth 

backbone.layers.10.ffn.layers.1.bias - torch.Size([768]): 
PretrainedInit: load from https://download.openmmlab.com/mmpretrain/v1.0/dinov2/vit-base-p14_dinov2-pre_3rdparty_20230426-ba246503.pth 

backbone.layers.10.ffn.gamma2.weight - torch.Size([768]): 
PretrainedInit: load from https://download.openmmlab.com/mmpretrain/v1.0/dinov2/vit-base-p14_dinov2-pre_3rdparty_20230426-ba246503.pth 

backbone.layers.11.ln1.weight - torch.Size([768]): 
PretrainedInit: load from https://download.openmmlab.com/mmpretrain/v1.0/dinov2/vit-base-p14_dinov2-pre_3rdparty_20230426-ba246503.pth 

backbone.layers.11.ln1.bias - torch.Size([768]): 
PretrainedInit: load from https://download.openmmlab.com/mmpretrain/v1.0/dinov2/vit-base-p14_dinov2-pre_3rdparty_20230426-ba246503.pth 

backbone.layers.11.attn.qkv.weight - torch.Size([2304, 768]): 
PretrainedInit: load from https://download.openmmlab.com/mmpretrain/v1.0/dinov2/vit-base-p14_dinov2-pre_3rdparty_20230426-ba246503.pth 

backbone.layers.11.attn.qkv.bias - torch.Size([2304]): 
PretrainedInit: load from https://download.openmmlab.com/mmpretrain/v1.0/dinov2/vit-base-p14_dinov2-pre_3rdparty_20230426-ba246503.pth 

backbone.layers.11.attn.proj.weight - torch.Size([768, 768]): 
PretrainedInit: load from https://download.openmmlab.com/mmpretrain/v1.0/dinov2/vit-base-p14_dinov2-pre_3rdparty_20230426-ba246503.pth 

backbone.layers.11.attn.proj.bias - torch.Size([768]): 
PretrainedInit: load from https://download.openmmlab.com/mmpretrain/v1.0/dinov2/vit-base-p14_dinov2-pre_3rdparty_20230426-ba246503.pth 

backbone.layers.11.attn.gamma1.weight - torch.Size([768]): 
PretrainedInit: load from https://download.openmmlab.com/mmpretrain/v1.0/dinov2/vit-base-p14_dinov2-pre_3rdparty_20230426-ba246503.pth 

backbone.layers.11.ln2.weight - torch.Size([768]): 
PretrainedInit: load from https://download.openmmlab.com/mmpretrain/v1.0/dinov2/vit-base-p14_dinov2-pre_3rdparty_20230426-ba246503.pth 

backbone.layers.11.ln2.bias - torch.Size([768]): 
PretrainedInit: load from https://download.openmmlab.com/mmpretrain/v1.0/dinov2/vit-base-p14_dinov2-pre_3rdparty_20230426-ba246503.pth 

backbone.layers.11.ffn.layers.0.0.weight - torch.Size([3072, 768]): 
PretrainedInit: load from https://download.openmmlab.com/mmpretrain/v1.0/dinov2/vit-base-p14_dinov2-pre_3rdparty_20230426-ba246503.pth 

backbone.layers.11.ffn.layers.0.0.bias - torch.Size([3072]): 
PretrainedInit: load from https://download.openmmlab.com/mmpretrain/v1.0/dinov2/vit-base-p14_dinov2-pre_3rdparty_20230426-ba246503.pth 

backbone.layers.11.ffn.layers.1.weight - torch.Size([768, 3072]): 
PretrainedInit: load from https://download.openmmlab.com/mmpretrain/v1.0/dinov2/vit-base-p14_dinov2-pre_3rdparty_20230426-ba246503.pth 

backbone.layers.11.ffn.layers.1.bias - torch.Size([768]): 
PretrainedInit: load from https://download.openmmlab.com/mmpretrain/v1.0/dinov2/vit-base-p14_dinov2-pre_3rdparty_20230426-ba246503.pth 

backbone.layers.11.ffn.gamma2.weight - torch.Size([768]): 
PretrainedInit: load from https://download.openmmlab.com/mmpretrain/v1.0/dinov2/vit-base-p14_dinov2-pre_3rdparty_20230426-ba246503.pth 

backbone.ln1.weight - torch.Size([768]): 
PretrainedInit: load from https://download.openmmlab.com/mmpretrain/v1.0/dinov2/vit-base-p14_dinov2-pre_3rdparty_20230426-ba246503.pth 

backbone.ln1.bias - torch.Size([768]): 
PretrainedInit: load from https://download.openmmlab.com/mmpretrain/v1.0/dinov2/vit-base-p14_dinov2-pre_3rdparty_20230426-ba246503.pth 

head.layers.head.weight - torch.Size([7806, 768]): 
ConstantInit: val=0, bias=0 

head.layers.head.bias - torch.Size([7806]): 
ConstantInit: val=0, bias=0 
2024/06/25 11:30:45 - mmengine - WARNING - "FileClient" will be deprecated in future. Please use io functions in https://mmengine.readthedocs.io/en/latest/api/fileio.html#file-io
2024/06/25 11:30:45 - mmengine - WARNING - "HardDiskBackend" is the alias of "LocalBackend" and the former will be deprecated in future.
2024/06/25 11:30:45 - mmengine - INFO - Checkpoints will be saved to /root/weed-detection/work_dirs/leaf.
2024/06/25 11:32:14 - mmengine - INFO - Epoch(train)  [1][ 25/318]  base_lr: 1.0000e-04 lr: 1.0000e-04  eta: 3:42:59  time: 1.2662  data_time: 0.0012  memory: 32377  loss: 8.4304
2024/06/25 11:33:05 - mmengine - INFO - Epoch(train)  [1][ 50/318]  base_lr: 1.0000e-04 lr: 1.0000e-04  eta: 2:55:46  time: 1.2682  data_time: 0.0011  memory: 32377  loss: 7.7583
2024/06/25 11:33:55 - mmengine - INFO - Epoch(train)  [1][ 75/318]  base_lr: 1.0000e-04 lr: 1.0000e-04  eta: 2:37:55  time: 1.2679  data_time: 0.0013  memory: 32377  loss: 7.1933
2024/06/25 11:34:42 - mmengine - INFO - Epoch(train)  [1][100/318]  base_lr: 1.0000e-04 lr: 1.0000e-04  eta: 2:26:36  time: 1.2692  data_time: 0.0012  memory: 32377  loss: 6.6802
2024/06/25 11:35:28 - mmengine - INFO - Epoch(train)  [1][125/318]  base_lr: 1.0000e-04 lr: 1.0000e-04  eta: 2:18:57  time: 1.2711  data_time: 0.0014  memory: 32377  loss: 6.2218
2024/06/25 11:36:18 - mmengine - INFO - Epoch(train)  [1][150/318]  base_lr: 1.0000e-04 lr: 1.0000e-04  eta: 2:15:35  time: 3.1449  data_time: 1.8753  memory: 32377  loss: 5.7985
2024/06/25 11:37:10 - mmengine - INFO - Epoch(train)  [1][175/318]  base_lr: 1.0000e-04 lr: 1.0000e-04  eta: 2:13:16  time: 3.2391  data_time: 1.9675  memory: 32377  loss: 5.4176
2024/06/25 11:38:00 - mmengine - INFO - Epoch(train)  [1][200/318]  base_lr: 1.0000e-04 lr: 1.0000e-04  eta: 2:10:57  time: 3.1181  data_time: 1.8468  memory: 32377  loss: 5.0791
2024/06/25 11:38:47 - mmengine - INFO - Epoch(train)  [1][225/318]  base_lr: 1.0000e-04 lr: 1.0000e-04  eta: 2:08:02  time: 2.7703  data_time: 1.4990  memory: 32377  loss: 4.8105
2024/06/25 11:39:20 - mmengine - INFO - Epoch(train)  [1][250/318]  base_lr: 1.0000e-04 lr: 1.0000e-04  eta: 2:02:24  time: 1.2716  data_time: 0.0014  memory: 32377  loss: 4.5331
2024/06/25 11:40:14 - mmengine - INFO - Epoch(train)  [1][275/318]  base_lr: 1.0000e-04 lr: 1.0000e-04  eta: 2:01:57  time: 1.2712  data_time: 0.0011  memory: 32377  loss: 4.3272
2024/06/25 11:41:07 - mmengine - INFO - Epoch(train)  [1][300/318]  base_lr: 1.0000e-04 lr: 1.0000e-04  eta: 2:01:20  time: 1.2695  data_time: 0.0009  memory: 32377  loss: 4.1144
2024/06/25 11:41:49 - mmengine - INFO - Exp name: leaf_20240625_113041
2024/06/25 11:41:49 - mmengine - INFO - Saving checkpoint at 1 epochs
2024/06/25 11:43:42 - mmengine - INFO - Epoch(val) [1][8/8]    accuracy/top1: 21.8678  accuracy/top5: 42.3030  data_time: 7.1359  time: 13.9846
2024/06/25 11:44:50 - mmengine - INFO - Epoch(train)  [2][ 25/318]  base_lr: 9.9384e-05 lr: 9.9384e-05  eta: 2:03:34  time: 1.3787  data_time: 0.0017  memory: 48817  loss: 3.7063
2024/06/25 11:45:22 - mmengine - INFO - Epoch(train)  [2][ 50/318]  base_lr: 9.9384e-05 lr: 9.9384e-05  eta: 1:59:19  time: 1.2762  data_time: 0.0021  memory: 32377  loss: 3.5608
2024/06/25 11:45:54 - mmengine - INFO - Epoch(train)  [2][ 75/318]  base_lr: 9.9384e-05 lr: 9.9384e-05  eta: 1:55:33  time: 1.2743  data_time: 0.0016  memory: 32377  loss: 3.4177
2024/06/25 11:46:27 - mmengine - INFO - Epoch(train)  [2][100/318]  base_lr: 9.9384e-05 lr: 9.9384e-05  eta: 1:52:15  time: 1.2765  data_time: 0.0022  memory: 32377  loss: 3.3371
2024/06/25 11:46:59 - mmengine - INFO - Epoch(train)  [2][125/318]  base_lr: 9.9384e-05 lr: 9.9384e-05  eta: 1:49:13  time: 1.2838  data_time: 0.0026  memory: 32377  loss: 3.2306
2024/06/25 11:47:31 - mmengine - INFO - Epoch(train)  [2][150/318]  base_lr: 9.9384e-05 lr: 9.9384e-05  eta: 1:46:25  time: 1.2754  data_time: 0.0022  memory: 32377  loss: 3.1390
2024/06/25 11:48:03 - mmengine - INFO - Epoch(train)  [2][175/318]  base_lr: 9.9384e-05 lr: 9.9384e-05  eta: 1:43:52  time: 1.2947  data_time: 0.0020  memory: 32377  loss: 3.0503
2024/06/25 11:48:35 - mmengine - INFO - Epoch(train)  [2][200/318]  base_lr: 9.9384e-05 lr: 9.9384e-05  eta: 1:41:30  time: 1.2796  data_time: 0.0031  memory: 32377  loss: 3.0356
2024/06/25 11:49:07 - mmengine - INFO - Epoch(train)  [2][225/318]  base_lr: 9.9384e-05 lr: 9.9384e-05  eta: 1:39:18  time: 1.2773  data_time: 0.0033  memory: 32377  loss: 2.9326
2024/06/25 11:49:39 - mmengine - INFO - Epoch(train)  [2][250/318]  base_lr: 9.9384e-05 lr: 9.9384e-05  eta: 1:37:15  time: 1.2871  data_time: 0.0017  memory: 32377  loss: 2.8719
2024/06/25 11:50:11 - mmengine - INFO - Epoch(train)  [2][275/318]  base_lr: 9.9384e-05 lr: 9.9384e-05  eta: 1:35:20  time: 1.2868  data_time: 0.0014  memory: 32377  loss: 2.8001
2024/06/25 11:51:03 - mmengine - INFO - Epoch(train)  [2][300/318]  base_lr: 9.9384e-05 lr: 9.9384e-05  eta: 1:35:20  time: 1.2728  data_time: 0.0033  memory: 32377  loss: 2.7980
2024/06/25 11:51:47 - mmengine - INFO - Exp name: leaf_20240625_113041
2024/06/25 11:51:47 - mmengine - INFO - Saving checkpoint at 2 epochs
2024/06/25 11:53:38 - mmengine - INFO - Epoch(val) [2][8/8]    accuracy/top1: 34.5993  accuracy/top5: 57.9943  data_time: 6.2391  time: 12.4324
2024/06/25 11:54:58 - mmengine - INFO - Epoch(train)  [3][ 25/318]  base_lr: 9.7553e-05 lr: 9.7553e-05  eta: 1:37:46  time: 1.2695  data_time: 0.0015  memory: 48817  loss: 2.5101
2024/06/25 11:55:42 - mmengine - INFO - Epoch(train)  [3][ 50/318]  base_lr: 9.7553e-05 lr: 9.7553e-05  eta: 1:36:45  time: 1.2714  data_time: 0.0013  memory: 32377  loss: 2.4953
2024/06/25 11:56:23 - mmengine - INFO - Epoch(train)  [3][ 75/318]  base_lr: 9.7553e-05 lr: 9.7553e-05  eta: 1:35:36  time: 1.2784  data_time: 0.0031  memory: 32377  loss: 2.5044
2024/06/25 11:57:03 - mmengine - INFO - Epoch(train)  [3][100/318]  base_lr: 9.7553e-05 lr: 9.7553e-05  eta: 1:34:24  time: 1.2708  data_time: 0.0014  memory: 32377  loss: 2.4323
2024/06/25 11:57:48 - mmengine - INFO - Epoch(train)  [3][125/318]  base_lr: 9.7553e-05 lr: 9.7553e-05  eta: 1:33:34  time: 1.4276  data_time: 0.1563  memory: 32377  loss: 2.4117
2024/06/25 11:58:30 - mmengine - INFO - Epoch(train)  [3][150/318]  base_lr: 9.7553e-05 lr: 9.7553e-05  eta: 1:32:31  time: 2.1442  data_time: 0.8746  memory: 32377  loss: 2.3635
2024/06/25 11:59:14 - mmengine - INFO - Epoch(train)  [3][175/318]  base_lr: 9.7553e-05 lr: 9.7553e-05  eta: 1:31:42  time: 2.5792  data_time: 1.3065  memory: 32377  loss: 2.3203
2024/06/25 11:59:58 - mmengine - INFO - Epoch(train)  [3][200/318]  base_lr: 9.7553e-05 lr: 9.7553e-05  eta: 1:30:47  time: 2.4053  data_time: 1.1269  memory: 32377  loss: 2.3360
2024/06/25 12:00:41 - mmengine - INFO - Epoch(train)  [3][225/318]  base_lr: 9.7553e-05 lr: 9.7553e-05  eta: 1:29:54  time: 2.4513  data_time: 1.1746  memory: 32377  loss: 2.2686
2024/06/25 12:01:18 - mmengine - INFO - Epoch(train)  [3][250/318]  base_lr: 9.7553e-05 lr: 9.7553e-05  eta: 1:28:39  time: 1.2744  data_time: 0.0018  memory: 32377  loss: 2.2800
2024/06/25 12:02:09 - mmengine - INFO - Epoch(train)  [3][275/318]  base_lr: 9.7553e-05 lr: 9.7553e-05  eta: 1:28:12  time: 1.2793  data_time: 0.0024  memory: 32377  loss: 2.2566
2024/06/25 12:03:05 - mmengine - INFO - Epoch(train)  [3][300/318]  base_lr: 9.7553e-05 lr: 9.7553e-05  eta: 1:27:59  time: 1.2792  data_time: 0.0026  memory: 32377  loss: 2.2445
2024/06/25 12:03:50 - mmengine - INFO - Exp name: leaf_20240625_113041
2024/06/25 12:03:50 - mmengine - INFO - Saving checkpoint at 3 epochs
2024/06/25 12:05:47 - mmengine - INFO - Epoch(val) [3][8/8]    accuracy/top1: 40.5055  accuracy/top5: 65.1980  data_time: 6.8449  time: 13.0169
2024/06/25 12:07:05 - mmengine - INFO - Epoch(train)  [4][ 25/318]  base_lr: 9.4550e-05 lr: 9.4550e-05  eta: 1:28:51  time: 1.2714  data_time: 0.0014  memory: 48817  loss: 2.0550
2024/06/25 12:07:36 - mmengine - INFO - Exp name: leaf_20240625_113041
2024/06/25 12:07:42 - mmengine - INFO - Epoch(train)  [4][ 50/318]  base_lr: 9.4550e-05 lr: 9.4550e-05  eta: 1:27:34  time: 1.2824  data_time: 0.0033  memory: 32377  loss: 2.0183
2024/06/25 12:08:21 - mmengine - INFO - Epoch(train)  [4][ 75/318]  base_lr: 9.4550e-05 lr: 9.4550e-05  eta: 1:26:27  time: 1.2726  data_time: 0.0017  memory: 32377  loss: 2.0374
2024/06/25 12:09:03 - mmengine - INFO - Epoch(train)  [4][100/318]  base_lr: 9.4550e-05 lr: 9.4550e-05  eta: 1:25:28  time: 1.2798  data_time: 0.0033  memory: 32377  loss: 2.0233
2024/06/25 12:09:45 - mmengine - INFO - Epoch(train)  [4][125/318]  base_lr: 9.4550e-05 lr: 9.4550e-05  eta: 1:24:31  time: 1.8165  data_time: 0.5454  memory: 32377  loss: 2.0332
2024/06/25 12:10:27 - mmengine - INFO - Epoch(train)  [4][150/318]  base_lr: 9.4550e-05 lr: 9.4550e-05  eta: 1:23:33  time: 2.2605  data_time: 0.9689  memory: 32377  loss: 2.0124
2024/06/25 12:11:11 - mmengine - INFO - Epoch(train)  [4][175/318]  base_lr: 9.4550e-05 lr: 9.4550e-05  eta: 1:22:43  time: 2.5263  data_time: 1.2558  memory: 32377  loss: 1.9847
2024/06/25 12:11:49 - mmengine - INFO - Epoch(train)  [4][200/318]  base_lr: 9.4550e-05 lr: 9.4550e-05  eta: 1:21:38  time: 1.8823  data_time: 0.6077  memory: 32377  loss: 1.9926
2024/06/25 12:12:38 - mmengine - INFO - Epoch(train)  [4][225/318]  base_lr: 9.4550e-05 lr: 9.4550e-05  eta: 1:20:58  time: 2.1457  data_time: 0.8730  memory: 32377  loss: 1.9557
2024/06/25 12:13:19 - mmengine - INFO - Epoch(train)  [4][250/318]  base_lr: 9.4550e-05 lr: 9.4550e-05  eta: 1:20:01  time: 1.2763  data_time: 0.0023  memory: 32377  loss: 1.9282
2024/06/25 12:14:10 - mmengine - INFO - Epoch(train)  [4][275/318]  base_lr: 9.4550e-05 lr: 9.4550e-05  eta: 1:19:25  time: 1.2705  data_time: 0.0012  memory: 32377  loss: 1.9224
2024/06/25 12:14:55 - mmengine - INFO - Epoch(train)  [4][300/318]  base_lr: 9.4550e-05 lr: 9.4550e-05  eta: 1:18:38  time: 1.2691  data_time: 0.0010  memory: 32377  loss: 1.8816
2024/06/25 12:15:39 - mmengine - INFO - Exp name: leaf_20240625_113041
2024/06/25 12:15:39 - mmengine - INFO - Saving checkpoint at 4 epochs
2024/06/25 12:17:28 - mmengine - INFO - Epoch(val) [4][8/8]    accuracy/top1: 43.8978  accuracy/top5: 68.8742  data_time: 6.0705  time: 12.2421
2024/06/25 12:18:46 - mmengine - INFO - Epoch(train)  [5][ 25/318]  base_lr: 9.0451e-05 lr: 9.0451e-05  eta: 1:18:42  time: 1.2712  data_time: 0.0014  memory: 48817  loss: 1.8063
2024/06/25 12:19:27 - mmengine - INFO - Epoch(train)  [5][ 50/318]  base_lr: 9.0451e-05 lr: 9.0451e-05  eta: 1:17:43  time: 1.2721  data_time: 0.0015  memory: 32377  loss: 1.7588
2024/06/25 12:20:09 - mmengine - INFO - Epoch(train)  [5][ 75/318]  base_lr: 9.0451e-05 lr: 9.0451e-05  eta: 1:16:47  time: 1.2810  data_time: 0.0032  memory: 32377  loss: 1.7499
2024/06/25 12:20:47 - mmengine - INFO - Epoch(train)  [5][100/318]  base_lr: 9.0451e-05 lr: 9.0451e-05  eta: 1:15:44  time: 1.2723  data_time: 0.0013  memory: 32377  loss: 1.7737
2024/06/25 12:21:29 - mmengine - INFO - Epoch(train)  [5][125/318]  base_lr: 9.0451e-05 lr: 9.0451e-05  eta: 1:14:51  time: 1.2802  data_time: 0.0029  memory: 32377  loss: 1.7470
2024/06/25 12:22:12 - mmengine - INFO - Epoch(train)  [5][150/318]  base_lr: 9.0451e-05 lr: 9.0451e-05  eta: 1:13:59  time: 2.3930  data_time: 1.1133  memory: 32377  loss: 1.7570
2024/06/25 12:22:52 - mmengine - INFO - Epoch(train)  [5][175/318]  base_lr: 9.0451e-05 lr: 9.0451e-05  eta: 1:13:02  time: 2.0931  data_time: 0.8190  memory: 32377  loss: 1.7793
2024/06/25 12:23:37 - mmengine - INFO - Epoch(train)  [5][200/318]  base_lr: 9.0451e-05 lr: 9.0451e-05  eta: 1:12:13  time: 2.5445  data_time: 1.2723  memory: 32377  loss: 1.7165
2024/06/25 12:24:19 - mmengine - INFO - Epoch(train)  [5][225/318]  base_lr: 9.0451e-05 lr: 9.0451e-05  eta: 1:11:21  time: 2.2996  data_time: 1.0245  memory: 32377  loss: 1.7253
2024/06/25 12:24:55 - mmengine - INFO - Epoch(train)  [5][250/318]  base_lr: 9.0451e-05 lr: 9.0451e-05  eta: 1:10:20  time: 1.2767  data_time: 0.0024  memory: 32377  loss: 1.7067
2024/06/25 12:25:45 - mmengine - INFO - Epoch(train)  [5][275/318]  base_lr: 9.0451e-05 lr: 9.0451e-05  eta: 1:09:40  time: 1.2788  data_time: 0.0029  memory: 32377  loss: 1.7463
2024/06/25 12:26:32 - mmengine - INFO - Epoch(train)  [5][300/318]  base_lr: 9.0451e-05 lr: 9.0451e-05  eta: 1:08:54  time: 1.2768  data_time: 0.0019  memory: 32377  loss: 1.7214
2024/06/25 12:27:11 - mmengine - INFO - Exp name: leaf_20240625_113041
2024/06/25 12:27:11 - mmengine - INFO - Saving checkpoint at 5 epochs
2024/06/25 12:29:08 - mmengine - INFO - Epoch(val) [5][8/8]    accuracy/top1: 45.9657  accuracy/top5: 70.9555  data_time: 6.8998  time: 13.0733
2024/06/25 12:30:26 - mmengine - INFO - Epoch(train)  [6][ 25/318]  base_lr: 8.5355e-05 lr: 8.5355e-05  eta: 1:08:27  time: 1.2684  data_time: 0.0012  memory: 48817  loss: 1.6195
2024/06/25 12:31:08 - mmengine - INFO - Epoch(train)  [6][ 50/318]  base_lr: 8.5355e-05 lr: 8.5355e-05  eta: 1:07:35  time: 1.2707  data_time: 0.0014  memory: 32377  loss: 1.6237
2024/06/25 12:31:52 - mmengine - INFO - Epoch(train)  [6][ 75/318]  base_lr: 8.5355e-05 lr: 8.5355e-05  eta: 1:06:44  time: 1.2776  data_time: 0.0031  memory: 32377  loss: 1.6150
2024/06/25 12:32:27 - mmengine - INFO - Epoch(train)  [6][100/318]  base_lr: 8.5355e-05 lr: 8.5355e-05  eta: 1:05:43  time: 1.2711  data_time: 0.0013  memory: 32377  loss: 1.6196
2024/06/25 12:33:10 - mmengine - INFO - Epoch(train)  [6][125/318]  base_lr: 8.5355e-05 lr: 8.5355e-05  eta: 1:04:53  time: 1.2790  data_time: 0.0035  memory: 32377  loss: 1.5862
2024/06/25 12:33:50 - mmengine - INFO - Epoch(train)  [6][150/318]  base_lr: 8.5355e-05 lr: 8.5355e-05  eta: 1:03:58  time: 2.0490  data_time: 0.7780  memory: 32377  loss: 1.6065
2024/06/25 12:34:36 - mmengine - INFO - Epoch(train)  [6][175/318]  base_lr: 8.5355e-05 lr: 8.5355e-05  eta: 1:03:12  time: 2.7226  data_time: 1.4468  memory: 32377  loss: 1.5984
2024/06/25 12:35:20 - mmengine - INFO - Epoch(train)  [6][200/318]  base_lr: 8.5355e-05 lr: 8.5355e-05  eta: 1:02:24  time: 2.5051  data_time: 1.2356  memory: 32377  loss: 1.5824
2024/06/25 12:36:07 - mmengine - INFO - Epoch(train)  [6][225/318]  base_lr: 8.5355e-05 lr: 8.5355e-05  eta: 1:01:38  time: 2.7496  data_time: 1.4799  memory: 32377  loss: 1.5873
2024/06/25 12:36:39 - mmengine - INFO - Epoch(train)  [6][250/318]  base_lr: 8.5355e-05 lr: 8.5355e-05  eta: 1:00:37  time: 1.2712  data_time: 0.0014  memory: 32377  loss: 1.5577
2024/06/25 12:37:29 - mmengine - INFO - Epoch(train)  [6][275/318]  base_lr: 8.5355e-05 lr: 8.5355e-05  eta: 0:59:55  time: 1.2758  data_time: 0.0016  memory: 32377  loss: 1.5634
2024/06/25 12:38:19 - mmengine - INFO - Epoch(train)  [6][300/318]  base_lr: 8.5355e-05 lr: 8.5355e-05  eta: 0:59:13  time: 1.2721  data_time: 0.0014  memory: 32377  loss: 1.5767
2024/06/25 12:38:58 - mmengine - INFO - Exp name: leaf_20240625_113041
2024/06/25 12:38:58 - mmengine - INFO - Saving checkpoint at 6 epochs
2024/06/25 12:40:56 - mmengine - INFO - Epoch(val) [6][8/8]    accuracy/top1: 47.4253  accuracy/top5: 72.3746  data_time: 6.9603  time: 13.1336
2024/06/25 12:42:16 - mmengine - INFO - Epoch(train)  [7][ 25/318]  base_lr: 7.9389e-05 lr: 7.9389e-05  eta: 0:58:33  time: 1.2771  data_time: 0.0029  memory: 48817  loss: 1.4763
2024/06/25 12:42:54 - mmengine - INFO - Epoch(train)  [7][ 50/318]  base_lr: 7.9389e-05 lr: 7.9389e-05  eta: 0:57:38  time: 1.2775  data_time: 0.0035  memory: 32377  loss: 1.4825
2024/06/25 12:43:33 - mmengine - INFO - Epoch(train)  [7][ 75/318]  base_lr: 7.9389e-05 lr: 7.9389e-05  eta: 0:56:44  time: 1.2765  data_time: 0.0028  memory: 32377  loss: 1.4793
2024/06/25 12:44:01 - mmengine - INFO - Exp name: leaf_20240625_113041
2024/06/25 12:44:11 - mmengine - INFO - Epoch(train)  [7][100/318]  base_lr: 7.9389e-05 lr: 7.9389e-05  eta: 0:55:50  time: 1.2792  data_time: 0.0032  memory: 32377  loss: 1.4700
2024/06/25 12:44:47 - mmengine - INFO - Epoch(train)  [7][125/318]  base_lr: 7.9389e-05 lr: 7.9389e-05  eta: 0:54:54  time: 1.2714  data_time: 0.0015  memory: 32377  loss: 1.4991
2024/06/25 12:45:27 - mmengine - INFO - Epoch(train)  [7][150/318]  base_lr: 7.9389e-05 lr: 7.9389e-05  eta: 0:54:03  time: 2.0834  data_time: 0.8122  memory: 32377  loss: 1.4633
2024/06/25 12:46:12 - mmengine - INFO - Epoch(train)  [7][175/318]  base_lr: 7.9389e-05 lr: 7.9389e-05  eta: 0:53:17  time: 2.6632  data_time: 1.3908  memory: 32377  loss: 1.4719
2024/06/25 12:46:58 - mmengine - INFO - Epoch(train)  [7][200/318]  base_lr: 7.9389e-05 lr: 7.9389e-05  eta: 0:52:30  time: 2.6368  data_time: 1.3623  memory: 32377  loss: 1.4624
2024/06/25 12:47:43 - mmengine - INFO - Epoch(train)  [7][225/318]  base_lr: 7.9389e-05 lr: 7.9389e-05  eta: 0:51:43  time: 2.5752  data_time: 1.3041  memory: 32377  loss: 1.4877
2024/06/25 12:48:15 - mmengine - INFO - Epoch(train)  [7][250/318]  base_lr: 7.9389e-05 lr: 7.9389e-05  eta: 0:50:46  time: 1.2716  data_time: 0.0014  memory: 32377  loss: 1.4537
2024/06/25 12:49:08 - mmengine - INFO - Epoch(train)  [7][275/318]  base_lr: 7.9389e-05 lr: 7.9389e-05  eta: 0:50:05  time: 1.2814  data_time: 0.0032  memory: 32377  loss: 1.4577
2024/06/25 12:49:58 - mmengine - INFO - Epoch(train)  [7][300/318]  base_lr: 7.9389e-05 lr: 7.9389e-05  eta: 0:49:22  time: 1.2785  data_time: 0.0028  memory: 32377  loss: 1.4620
2024/06/25 12:50:35 - mmengine - INFO - Exp name: leaf_20240625_113041
2024/06/25 12:50:35 - mmengine - INFO - Saving checkpoint at 7 epochs
2024/06/25 12:52:31 - mmengine - INFO - Epoch(val) [7][8/8]    accuracy/top1: 48.7904  accuracy/top5: 73.5370  data_time: 6.7321  time: 12.9180
2024/06/25 12:53:44 - mmengine - INFO - Epoch(train)  [8][ 25/318]  base_lr: 7.2700e-05 lr: 7.2700e-05  eta: 0:48:25  time: 1.2797  data_time: 0.0034  memory: 48817  loss: 1.3639
2024/06/25 12:54:27 - mmengine - INFO - Epoch(train)  [8][ 50/318]  base_lr: 7.2700e-05 lr: 7.2700e-05  eta: 0:47:36  time: 1.2819  data_time: 0.0033  memory: 32377  loss: 1.3840
2024/06/25 12:55:01 - mmengine - INFO - Epoch(train)  [8][ 75/318]  base_lr: 7.2700e-05 lr: 7.2700e-05  eta: 0:46:41  time: 1.2813  data_time: 0.0031  memory: 32377  loss: 1.3664
2024/06/25 12:55:39 - mmengine - INFO - Epoch(train)  [8][100/318]  base_lr: 7.2700e-05 lr: 7.2700e-05  eta: 0:45:50  time: 1.2732  data_time: 0.0014  memory: 32377  loss: 1.3951
2024/06/25 12:56:21 - mmengine - INFO - Epoch(train)  [8][125/318]  base_lr: 7.2700e-05 lr: 7.2700e-05  eta: 0:45:01  time: 1.4730  data_time: 0.2020  memory: 32377  loss: 1.3849
2024/06/25 12:57:02 - mmengine - INFO - Epoch(train)  [8][150/318]  base_lr: 7.2700e-05 lr: 7.2700e-05  eta: 0:44:12  time: 2.2200  data_time: 0.9481  memory: 32377  loss: 1.4062
2024/06/25 12:57:49 - mmengine - INFO - Epoch(train)  [8][175/318]  base_lr: 7.2700e-05 lr: 7.2700e-05  eta: 0:43:26  time: 2.7465  data_time: 1.4716  memory: 32377  loss: 1.3832
2024/06/25 12:58:35 - mmengine - INFO - Epoch(train)  [8][200/318]  base_lr: 7.2700e-05 lr: 7.2700e-05  eta: 0:42:40  time: 2.6906  data_time: 1.4164  memory: 32377  loss: 1.3895
2024/06/25 12:59:16 - mmengine - INFO - Epoch(train)  [8][225/318]  base_lr: 7.2700e-05 lr: 7.2700e-05  eta: 0:41:52  time: 2.2311  data_time: 0.9594  memory: 32377  loss: 1.4186
2024/06/25 12:59:56 - mmengine - INFO - Epoch(train)  [8][250/318]  base_lr: 7.2700e-05 lr: 7.2700e-05  eta: 0:41:02  time: 1.2714  data_time: 0.0015  memory: 32377  loss: 1.3746
2024/06/25 13:00:46 - mmengine - INFO - Epoch(train)  [8][275/318]  base_lr: 7.2700e-05 lr: 7.2700e-05  eta: 0:40:18  time: 1.2775  data_time: 0.0026  memory: 32377  loss: 1.3782
2024/06/25 13:01:31 - mmengine - INFO - Epoch(train)  [8][300/318]  base_lr: 7.2700e-05 lr: 7.2700e-05  eta: 0:39:32  time: 1.2880  data_time: 0.0011  memory: 32377  loss: 1.3788
2024/06/25 13:02:12 - mmengine - INFO - Exp name: leaf_20240625_113041
2024/06/25 13:02:12 - mmengine - INFO - Saving checkpoint at 8 epochs
2024/06/25 13:04:01 - mmengine - INFO - Epoch(val) [8][8/8]    accuracy/top1: 49.6554  accuracy/top5: 74.1857  data_time: 5.9395  time: 12.1310
2024/06/25 13:05:19 - mmengine - INFO - Epoch(train)  [9][ 25/318]  base_lr: 6.5451e-05 lr: 6.5451e-05  eta: 0:38:33  time: 1.2802  data_time: 0.0030  memory: 48817  loss: 1.2868
2024/06/25 13:05:58 - mmengine - INFO - Epoch(train)  [9][ 50/318]  base_lr: 6.5451e-05 lr: 6.5451e-05  eta: 0:37:43  time: 1.2772  data_time: 0.0025  memory: 32377  loss: 1.2867
2024/06/25 13:06:31 - mmengine - INFO - Epoch(train)  [9][ 75/318]  base_lr: 6.5451e-05 lr: 6.5451e-05  eta: 0:36:50  time: 1.2786  data_time: 0.0024  memory: 32377  loss: 1.2946
2024/06/25 13:07:09 - mmengine - INFO - Epoch(train)  [9][100/318]  base_lr: 6.5451e-05 lr: 6.5451e-05  eta: 0:36:00  time: 1.2732  data_time: 0.0014  memory: 32377  loss: 1.3274
2024/06/25 13:07:51 - mmengine - INFO - Epoch(train)  [9][125/318]  base_lr: 6.5451e-05 lr: 6.5451e-05  eta: 0:35:13  time: 1.2770  data_time: 0.0025  memory: 32377  loss: 1.3090
2024/06/25 13:08:29 - mmengine - INFO - Epoch(train)  [9][150/318]  base_lr: 6.5451e-05 lr: 6.5451e-05  eta: 0:34:23  time: 1.8940  data_time: 0.6161  memory: 32377  loss: 1.3051
2024/06/25 13:09:09 - mmengine - INFO - Epoch(train)  [9][175/318]  base_lr: 6.5451e-05 lr: 6.5451e-05  eta: 0:33:35  time: 2.1198  data_time: 0.8442  memory: 32377  loss: 1.3050
2024/06/25 13:09:54 - mmengine - INFO - Epoch(train)  [9][200/318]  base_lr: 6.5451e-05 lr: 6.5451e-05  eta: 0:32:49  time: 2.5859  data_time: 1.3153  memory: 32377  loss: 1.3093
2024/06/25 13:10:40 - mmengine - INFO - Epoch(train)  [9][225/318]  base_lr: 6.5451e-05 lr: 6.5451e-05  eta: 0:32:03  time: 2.7305  data_time: 1.4615  memory: 32377  loss: 1.3182
2024/06/25 13:11:13 - mmengine - INFO - Epoch(train)  [9][250/318]  base_lr: 6.5451e-05 lr: 6.5451e-05  eta: 0:31:12  time: 1.2717  data_time: 0.0013  memory: 32377  loss: 1.3174
2024/06/25 13:12:05 - mmengine - INFO - Epoch(train)  [9][275/318]  base_lr: 6.5451e-05 lr: 6.5451e-05  eta: 0:30:29  time: 1.2755  data_time: 0.0020  memory: 32377  loss: 1.3213
2024/06/25 13:12:57 - mmengine - INFO - Epoch(train)  [9][300/318]  base_lr: 6.5451e-05 lr: 6.5451e-05  eta: 0:29:45  time: 1.2716  data_time: 0.0014  memory: 32377  loss: 1.3104
2024/06/25 13:13:39 - mmengine - INFO - Exp name: leaf_20240625_113041
2024/06/25 13:13:39 - mmengine - INFO - Saving checkpoint at 9 epochs
2024/06/25 13:15:35 - mmengine - INFO - Epoch(val) [9][8/8]    accuracy/top1: 50.0879  accuracy/top5: 74.6723  data_time: 6.8730  time: 13.0420
2024/06/25 13:16:59 - mmengine - INFO - Epoch(train) [10][ 25/318]  base_lr: 5.7822e-05 lr: 5.7822e-05  eta: 0:28:41  time: 1.2788  data_time: 0.0029  memory: 48817  loss: 1.2618
2024/06/25 13:17:39 - mmengine - INFO - Epoch(train) [10][ 50/318]  base_lr: 5.7822e-05 lr: 5.7822e-05  eta: 0:27:52  time: 1.2788  data_time: 0.0033  memory: 32377  loss: 1.2476
2024/06/25 13:18:18 - mmengine - INFO - Epoch(train) [10][ 75/318]  base_lr: 5.7822e-05 lr: 5.7822e-05  eta: 0:27:04  time: 1.2720  data_time: 0.0014  memory: 32377  loss: 1.2554
2024/06/25 13:19:00 - mmengine - INFO - Epoch(train) [10][100/318]  base_lr: 5.7822e-05 lr: 5.7822e-05  eta: 0:26:17  time: 1.2739  data_time: 0.0014  memory: 32377  loss: 1.2776
2024/06/25 13:19:42 - mmengine - INFO - Epoch(train) [10][125/318]  base_lr: 5.7822e-05 lr: 5.7822e-05  eta: 0:25:29  time: 1.2740  data_time: 0.0014  memory: 32377  loss: 1.2413
2024/06/25 13:19:59 - mmengine - INFO - Exp name: leaf_20240625_113041
2024/06/25 13:20:27 - mmengine - INFO - Epoch(train) [10][150/318]  base_lr: 5.7822e-05 lr: 5.7822e-05  eta: 0:24:43  time: 2.6134  data_time: 1.3359  memory: 32377  loss: 1.2637
2024/06/25 13:21:11 - mmengine - INFO - Epoch(train) [10][175/318]  base_lr: 5.7822e-05 lr: 5.7822e-05  eta: 0:23:56  time: 2.4842  data_time: 1.2077  memory: 32377  loss: 1.2602
2024/06/25 13:21:57 - mmengine - INFO - Epoch(train) [10][200/318]  base_lr: 5.7822e-05 lr: 5.7822e-05  eta: 0:23:10  time: 2.6119  data_time: 1.3411  memory: 32377  loss: 1.2569
2024/06/25 13:22:43 - mmengine - INFO - Epoch(train) [10][225/318]  base_lr: 5.7822e-05 lr: 5.7822e-05  eta: 0:22:24  time: 2.7346  data_time: 1.4629  memory: 32377  loss: 1.2407
2024/06/25 13:23:15 - mmengine - INFO - Epoch(train) [10][250/318]  base_lr: 5.7822e-05 lr: 5.7822e-05  eta: 0:21:35  time: 1.2725  data_time: 0.0013  memory: 32377  loss: 1.2505
2024/06/25 13:24:07 - mmengine - INFO - Epoch(train) [10][275/318]  base_lr: 5.7822e-05 lr: 5.7822e-05  eta: 0:20:50  time: 1.2710  data_time: 0.0013  memory: 32377  loss: 1.2423
2024/06/25 13:24:57 - mmengine - INFO - Epoch(train) [10][300/318]  base_lr: 5.7822e-05 lr: 5.7822e-05  eta: 0:20:05  time: 1.2765  data_time: 0.0023  memory: 32377  loss: 1.2721
2024/06/25 13:25:36 - mmengine - INFO - Exp name: leaf_20240625_113041
2024/06/25 13:25:36 - mmengine - INFO - Saving checkpoint at 10 epochs
2024/06/25 13:27:28 - mmengine - INFO - Epoch(val) [10][8/8]    accuracy/top1: 50.3311  accuracy/top5: 74.9290  data_time: 6.4354  time: 12.5927
2024/06/25 13:28:54 - mmengine - INFO - Epoch(train) [11][ 25/318]  base_lr: 5.0000e-05 lr: 5.0000e-05  eta: 0:18:54  time: 1.2770  data_time: 0.0033  memory: 48817  loss: 1.1889
2024/06/25 13:29:30 - mmengine - INFO - Epoch(train) [11][ 50/318]  base_lr: 5.0000e-05 lr: 5.0000e-05  eta: 0:18:06  time: 1.2784  data_time: 0.0033  memory: 32377  loss: 1.2043
2024/06/25 13:30:10 - mmengine - INFO - Epoch(train) [11][ 75/318]  base_lr: 5.0000e-05 lr: 5.0000e-05  eta: 0:17:18  time: 1.2777  data_time: 0.0030  memory: 32377  loss: 1.1901
2024/06/25 13:30:51 - mmengine - INFO - Epoch(train) [11][100/318]  base_lr: 5.0000e-05 lr: 5.0000e-05  eta: 0:16:31  time: 1.2730  data_time: 0.0014  memory: 32377  loss: 1.1923
2024/06/25 13:31:31 - mmengine - INFO - Epoch(train) [11][125/318]  base_lr: 5.0000e-05 lr: 5.0000e-05  eta: 0:15:44  time: 1.2732  data_time: 0.0015  memory: 32377  loss: 1.2131
2024/06/25 13:32:12 - mmengine - INFO - Epoch(train) [11][150/318]  base_lr: 5.0000e-05 lr: 5.0000e-05  eta: 0:14:57  time: 2.1684  data_time: 0.8923  memory: 32377  loss: 1.1955
2024/06/25 13:32:55 - mmengine - INFO - Epoch(train) [11][175/318]  base_lr: 5.0000e-05 lr: 5.0000e-05  eta: 0:14:10  time: 2.3893  data_time: 1.1156  memory: 32377  loss: 1.2136
2024/06/25 13:33:40 - mmengine - INFO - Epoch(train) [11][200/318]  base_lr: 5.0000e-05 lr: 5.0000e-05  eta: 0:13:24  time: 2.4846  data_time: 1.2091  memory: 32377  loss: 1.1801
2024/06/25 13:34:27 - mmengine - INFO - Epoch(train) [11][225/318]  base_lr: 5.0000e-05 lr: 5.0000e-05  eta: 0:12:38  time: 2.7339  data_time: 1.4588  memory: 32377  loss: 1.1930
2024/06/25 13:35:01 - mmengine - INFO - Epoch(train) [11][250/318]  base_lr: 5.0000e-05 lr: 5.0000e-05  eta: 0:11:51  time: 1.2769  data_time: 0.0018  memory: 32377  loss: 1.2009
2024/06/25 13:35:54 - mmengine - INFO - Epoch(train) [11][275/318]  base_lr: 5.0000e-05 lr: 5.0000e-05  eta: 0:11:05  time: 1.2802  data_time: 0.0027  memory: 32377  loss: 1.2354
2024/06/25 13:36:41 - mmengine - INFO - Epoch(train) [11][300/318]  base_lr: 5.0000e-05 lr: 5.0000e-05  eta: 0:10:19  time: 1.2782  data_time: 0.0021  memory: 32377  loss: 1.2049
2024/06/25 13:37:18 - mmengine - INFO - Exp name: leaf_20240625_113041
2024/06/25 13:37:18 - mmengine - INFO - Saving checkpoint at 11 epochs
2024/06/25 13:39:12 - mmengine - INFO - Epoch(val) [11][8/8]    accuracy/top1: 50.7366  accuracy/top5: 75.1723  data_time: 6.4871  time: 12.6659
2024/06/25 13:40:30 - mmengine - INFO - Epoch(train) [12][ 25/318]  base_lr: 4.2178e-05 lr: 4.2178e-05  eta: 0:09:03  time: 1.2774  data_time: 0.0029  memory: 48817  loss: 1.1763
2024/06/25 13:41:06 - mmengine - INFO - Epoch(train) [12][ 50/318]  base_lr: 4.2178e-05 lr: 4.2178e-05  eta: 0:08:16  time: 1.2714  data_time: 0.0015  memory: 32377  loss: 1.1744
2024/06/25 13:41:44 - mmengine - INFO - Epoch(train) [12][ 75/318]  base_lr: 4.2178e-05 lr: 4.2178e-05  eta: 0:07:29  time: 1.2706  data_time: 0.0014  memory: 32377  loss: 1.1878
2024/06/25 13:42:23 - mmengine - INFO - Epoch(train) [12][100/318]  base_lr: 4.2178e-05 lr: 4.2178e-05  eta: 0:06:42  time: 1.2723  data_time: 0.0015  memory: 32377  loss: 1.1568
2024/06/25 13:43:05 - mmengine - INFO - Epoch(train) [12][125/318]  base_lr: 4.2178e-05 lr: 4.2178e-05  eta: 0:05:56  time: 1.3125  data_time: 0.0031  memory: 32377  loss: 1.1655
2024/06/25 13:43:42 - mmengine - INFO - Epoch(train) [12][150/318]  base_lr: 4.2178e-05 lr: 4.2178e-05  eta: 0:05:09  time: 1.8038  data_time: 0.5339  memory: 32377  loss: 1.1674
2024/06/25 13:44:26 - mmengine - INFO - Epoch(train) [12][175/318]  base_lr: 4.2178e-05 lr: 4.2178e-05  eta: 0:04:23  time: 2.4886  data_time: 1.2168  memory: 32377  loss: 1.1691
2024/06/25 13:45:10 - mmengine - INFO - Epoch(train) [12][200/318]  base_lr: 4.2178e-05 lr: 4.2178e-05  eta: 0:03:37  time: 2.4119  data_time: 1.1382  memory: 32377  loss: 1.1740
2024/06/25 13:46:00 - mmengine - INFO - Epoch(train) [12][225/318]  base_lr: 4.2178e-05 lr: 4.2178e-05  eta: 0:02:51  time: 3.1077  data_time: 1.8339  memory: 32377  loss: 1.1686
2024/06/25 13:46:32 - mmengine - INFO - Epoch(train) [12][250/318]  base_lr: 4.2178e-05 lr: 4.2178e-05  eta: 0:02:05  time: 1.2740  data_time: 0.0019  memory: 32377  loss: 1.1862
2024/06/25 13:47:22 - mmengine - INFO - Epoch(train) [12][275/318]  base_lr: 4.2178e-05 lr: 4.2178e-05  eta: 0:01:19  time: 1.2721  data_time: 0.0013  memory: 32377  loss: 1.1602
2024/06/25 13:48:14 - mmengine - INFO - Epoch(train) [12][300/318]  base_lr: 4.2178e-05 lr: 4.2178e-05  eta: 0:00:33  time: 1.2745  data_time: 0.0016  memory: 32377  loss: 1.1612
2024/06/25 13:48:53 - mmengine - INFO - Exp name: leaf_20240625_113041
2024/06/25 13:48:53 - mmengine - INFO - Saving checkpoint at 12 epochs
2024/06/25 13:50:43 - mmengine - INFO - Epoch(val) [12][8/8]    accuracy/top1: 50.9663  accuracy/top5: 75.4021  data_time: 6.2034  time: 12.3729
