2024/07/24 10:59:03 - mmengine - INFO - 
------------------------------------------------------------
System environment:
    sys.platform: linux
    Python: 3.10.12 (main, Mar 22 2024, 16:50:05) [GCC 11.4.0]
    CUDA available: True
    MUSA available: False
    numpy_random_seed: 0
    GPU 0,1: NVIDIA A100-SXM4-80GB
    CUDA_HOME: /usr/local/cuda
    NVCC: Cuda compilation tools, release 12.3, V12.3.107
    GCC: x86_64-linux-gnu-gcc (Ubuntu 11.4.0-1ubuntu1~22.04) 11.4.0
    PyTorch: 2.3.1+cu121
    PyTorch compiling details: PyTorch built with:
  - GCC 9.3
  - C++ Version: 201703
  - Intel(R) oneAPI Math Kernel Library Version 2022.2-Product Build 20220804 for Intel(R) 64 architecture applications
  - Intel(R) MKL-DNN v3.3.6 (Git Hash 86e6af5974177e513fd3fee58425e1063e7f1361)
  - OpenMP 201511 (a.k.a. OpenMP 4.5)
  - LAPACK is enabled (usually provided by MKL)
  - NNPACK is enabled
  - CPU capability usage: AVX2
  - CUDA Runtime 12.1
  - NVCC architecture flags: -gencode;arch=compute_50,code=sm_50;-gencode;arch=compute_60,code=sm_60;-gencode;arch=compute_70,code=sm_70;-gencode;arch=compute_75,code=sm_75;-gencode;arch=compute_80,code=sm_80;-gencode;arch=compute_86,code=sm_86;-gencode;arch=compute_90,code=sm_90
  - CuDNN 8.9.2
  - Magma 2.6.1
  - Build settings: BLAS_INFO=mkl, BUILD_TYPE=Release, CUDA_VERSION=12.1, CUDNN_VERSION=8.9.2, CXX_COMPILER=/opt/rh/devtoolset-9/root/usr/bin/c++, CXX_FLAGS= -D_GLIBCXX_USE_CXX11_ABI=0 -fabi-version=11 -fvisibility-inlines-hidden -DUSE_PTHREADPOOL -DNDEBUG -DUSE_KINETO -DLIBKINETO_NOROCTRACER -DUSE_FBGEMM -DUSE_QNNPACK -DUSE_PYTORCH_QNNPACK -DUSE_XNNPACK -DSYMBOLICATE_MOBILE_DEBUG_HANDLE -O2 -fPIC -Wall -Wextra -Werror=return-type -Werror=non-virtual-dtor -Werror=bool-operation -Wnarrowing -Wno-missing-field-initializers -Wno-type-limits -Wno-array-bounds -Wno-unknown-pragmas -Wno-unused-parameter -Wno-unused-function -Wno-unused-result -Wno-strict-overflow -Wno-strict-aliasing -Wno-stringop-overflow -Wsuggest-override -Wno-psabi -Wno-error=pedantic -Wno-error=old-style-cast -Wno-missing-braces -fdiagnostics-color=always -faligned-new -Wno-unused-but-set-variable -Wno-maybe-uninitialized -fno-math-errno -fno-trapping-math -Werror=format -Wno-stringop-overflow, LAPACK_INFO=mkl, PERF_WITH_AVX=1, PERF_WITH_AVX2=1, PERF_WITH_AVX512=1, TORCH_VERSION=2.3.1, USE_CUDA=ON, USE_CUDNN=ON, USE_CUSPARSELT=1, USE_EXCEPTION_PTR=1, USE_GFLAGS=OFF, USE_GLOG=OFF, USE_GLOO=ON, USE_MKL=ON, USE_MKLDNN=ON, USE_MPI=OFF, USE_NCCL=1, USE_NNPACK=ON, USE_OPENMP=ON, USE_ROCM=OFF, USE_ROCM_KERNEL_ASSERT=OFF, 

    TorchVision: 0.18.1+cu121
    OpenCV: 4.10.0
    MMEngine: 0.10.4

Runtime environment:
    cudnn_benchmark: False
    mp_cfg: {'mp_start_method': 'fork', 'opencv_num_threads': 0}
    dist_cfg: {'backend': 'nccl'}
    seed: 0
    deterministic: True
    Distributed launcher: pytorch
    Distributed training: True
    GPU number: 2
------------------------------------------------------------

2024/07/24 10:59:03 - mmengine - INFO - Config:
auto_scale_lr = dict(base_batch_size=1024)
data_dir = '/mnt/data'
data_preprocessor = dict(
    mean=[
        123.675,
        116.28,
        103.53,
    ],
    num_classes=7806,
    std=[
        58.395,
        57.12,
        57.375,
    ],
    to_rgb=True)
default_hooks = dict(
    checkpoint=dict(interval=1, max_keep_ckpts=5, type='CheckpointHook'),
    logger=dict(interval=100, type='LoggerHook'),
    param_scheduler=dict(type='ParamSchedulerHook'),
    sampler_seed=dict(type='DistSamplerSeedHook'),
    timer=dict(type='IterTimerHook'),
    visualization=dict(enable=False, type='VisualizationHook'))
default_scope = 'mmpretrain'
env_cfg = dict(
    cudnn_benchmark=False,
    dist_cfg=dict(backend='nccl'),
    mp_cfg=dict(mp_start_method='fork', opencv_num_threads=0))
launcher = 'pytorch'
load_from = None
log_level = 'INFO'
model = dict(
    backbone=dict(
        arch='base',
        frozen_stages=0,
        img_size=518,
        init_cfg=dict(
            checkpoint=
            'https://download.openmmlab.com/mmpretrain/v1.0/dinov2/vit-base-p14_dinov2-pre_3rdparty_20230426-ba246503.pth',
            prefix='backbone',
            type='Pretrained'),
        layer_scale_init_value=1e-05,
        patch_size=14,
        type='VisionTransformer'),
    head=dict(
        in_channels=768,
        init_cfg=dict(
            checkpoint='/mnt/data/saved/20240709_083652_leafcaw_new.pth',
            prefix='head',
            type='Pretrained'),
        loss=dict(type='CrossEntropyLoss'),
        num_classes=7806,
        topk=(
            1,
            5,
        ),
        type='VisionTransformerClsHead'),
    neck=None,
    type='ImageClassifier')
optim_wrapper = dict(
    loss_scale='dynamic',
    optimizer=dict(lr=1e-05, type='AdamW', weight_decay=0.05),
    paramwise_cfg=dict(
        custom_keys=dict(
            cls_token=dict(decay_mult=0.0), mask_token=dict(decay_mult=0.0))),
    type='AmpOptimWrapper')
param_scheduler = [
    dict(T_max=20, by_epoch=True, type='CosineAnnealingLR'),
]
randomness = dict(deterministic=True, seed=0)
resume = False
test_cfg = dict()
test_dataloader = dict(
    batch_size=1024,
    collate_fn=dict(type='default_collate'),
    dataset=dict(
        ann_file='annotation/test_2.txt',
        data_prefix='/mnt/data',
        pipeline=[
            dict(type='LoadImageFromFile'),
            dict(
                backend='pillow',
                edge='short',
                interpolation='bicubic',
                scale=518,
                type='ResizeEdge'),
            dict(crop_size=518, type='CenterCrop'),
            dict(type='PackInputs'),
        ],
        type='CustomDataset'),
    num_workers=28,
    persistent_workers=True,
    pin_memory=True,
    sampler=dict(shuffle=True, type='DefaultSampler'))
test_evaluator = [
    dict(topk=(
        1,
        5,
    ), type='Accuracy'),
    dict(type='SingleLabelMetric'),
]
test_pipeline = [
    dict(type='LoadImageFromFile'),
    dict(
        backend='pillow',
        edge='short',
        interpolation='bicubic',
        scale=518,
        type='ResizeEdge'),
    dict(crop_size=518, type='CenterCrop'),
    dict(type='PackInputs'),
]
train_cfg = dict(by_epoch=True, max_epochs=20, val_interval=1)
train_dataloader = dict(
    batch_size=128,
    collate_fn=dict(type='default_collate'),
    dataset=dict(
        ann_file='annotation/train_2.txt',
        data_prefix='/mnt/data',
        pipeline=[
            dict(type='LoadImageFromFile'),
            dict(
                backend='pillow',
                edge='short',
                interpolation='bicubic',
                scale=518,
                type='ResizeEdge'),
            dict(crop_size=518, type='CenterCrop'),
            dict(type='PackInputs'),
        ],
        type='CustomDataset'),
    num_workers=28,
    persistent_workers=True,
    pin_memory=True,
    sampler=dict(shuffle=True, type='DefaultSampler'))
train_pipeline = [
    dict(type='LoadImageFromFile'),
    dict(
        backend='pillow',
        interpolation='bicubic',
        scale=518,
        type='RandomResizedCrop'),
    dict(direction='horizontal', prob=0.5, type='RandomFlip'),
    dict(type='PackInputs'),
]
val_cfg = dict()
val_dataloader = dict(
    batch_size=128,
    collate_fn=dict(type='default_collate'),
    dataset=dict(
        ann_file='annotation/val_2.txt',
        data_prefix='/mnt/data',
        pipeline=[
            dict(type='LoadImageFromFile'),
            dict(
                backend='pillow',
                edge='short',
                interpolation='bicubic',
                scale=518,
                type='ResizeEdge'),
            dict(crop_size=518, type='CenterCrop'),
            dict(type='PackInputs'),
        ],
        type='CustomDataset'),
    num_workers=28,
    persistent_workers=True,
    pin_memory=True,
    sampler=dict(shuffle=True, type='DefaultSampler'))
val_evaluator = [
    dict(topk=(
        1,
        5,
    ), type='Accuracy'),
    dict(type='SingleLabelMetric'),
]
vis_backends = [
    dict(type='LocalVisBackend'),
]
visualizer = dict(
    type='UniversalVisualizer', vis_backends=[
        dict(type='LocalVisBackend'),
    ])
work_dir = './work_dirs/finetune'

2024/07/24 10:59:05 - mmengine - INFO - Hooks will be executed in the following order:
before_run:
(VERY_HIGH   ) RuntimeInfoHook                    
(BELOW_NORMAL) LoggerHook                         
 -------------------- 
before_train:
(VERY_HIGH   ) RuntimeInfoHook                    
(NORMAL      ) IterTimerHook                      
(VERY_LOW    ) CheckpointHook                     
 -------------------- 
before_train_epoch:
(VERY_HIGH   ) RuntimeInfoHook                    
(NORMAL      ) IterTimerHook                      
(NORMAL      ) DistSamplerSeedHook                
 -------------------- 
before_train_iter:
(VERY_HIGH   ) RuntimeInfoHook                    
(NORMAL      ) IterTimerHook                      
 -------------------- 
after_train_iter:
(VERY_HIGH   ) RuntimeInfoHook                    
(NORMAL      ) IterTimerHook                      
(BELOW_NORMAL) LoggerHook                         
(LOW         ) ParamSchedulerHook                 
(VERY_LOW    ) CheckpointHook                     
 -------------------- 
after_train_epoch:
(NORMAL      ) IterTimerHook                      
(LOW         ) ParamSchedulerHook                 
(VERY_LOW    ) CheckpointHook                     
 -------------------- 
before_val:
(VERY_HIGH   ) RuntimeInfoHook                    
 -------------------- 
before_val_epoch:
(NORMAL      ) IterTimerHook                      
 -------------------- 
before_val_iter:
(NORMAL      ) IterTimerHook                      
 -------------------- 
after_val_iter:
(NORMAL      ) IterTimerHook                      
(NORMAL      ) VisualizationHook                  
(BELOW_NORMAL) LoggerHook                         
 -------------------- 
after_val_epoch:
(VERY_HIGH   ) RuntimeInfoHook                    
(NORMAL      ) IterTimerHook                      
(BELOW_NORMAL) LoggerHook                         
(LOW         ) ParamSchedulerHook                 
(VERY_LOW    ) CheckpointHook                     
 -------------------- 
after_val:
(VERY_HIGH   ) RuntimeInfoHook                    
 -------------------- 
after_train:
(VERY_HIGH   ) RuntimeInfoHook                    
(VERY_LOW    ) CheckpointHook                     
 -------------------- 
before_test:
(VERY_HIGH   ) RuntimeInfoHook                    
 -------------------- 
before_test_epoch:
(NORMAL      ) IterTimerHook                      
 -------------------- 
before_test_iter:
(NORMAL      ) IterTimerHook                      
 -------------------- 
after_test_iter:
(NORMAL      ) IterTimerHook                      
(NORMAL      ) VisualizationHook                  
(BELOW_NORMAL) LoggerHook                         
 -------------------- 
after_test_epoch:
(VERY_HIGH   ) RuntimeInfoHook                    
(NORMAL      ) IterTimerHook                      
(BELOW_NORMAL) LoggerHook                         
 -------------------- 
after_test:
(VERY_HIGH   ) RuntimeInfoHook                    
 -------------------- 
after_run:
(BELOW_NORMAL) LoggerHook                         
 -------------------- 
2024/07/24 10:59:07 - mmengine - INFO - paramwise_options -- backbone.cls_token:lr=1e-05
2024/07/24 10:59:07 - mmengine - INFO - paramwise_options -- backbone.cls_token:weight_decay=0.0
2024/07/24 10:59:07 - mmengine - INFO - paramwise_options -- backbone.cls_token:decay_mult=0.0
2024/07/24 10:59:07 - mmengine - INFO - load backbone in model from: https://download.openmmlab.com/mmpretrain/v1.0/dinov2/vit-base-p14_dinov2-pre_3rdparty_20230426-ba246503.pth
2024/07/24 10:59:08 - mmengine - WARNING - The model and loaded state dict do not match exactly

unexpected key in source state_dict: mask_token

2024/07/24 10:59:08 - mmengine - INFO - load head in model from: /mnt/data/saved/20240709_083652_leafcaw_new.pth
Name of parameter - Initialization information

backbone.cls_token - torch.Size([1, 1, 768]): 
PretrainedInit: load from https://download.openmmlab.com/mmpretrain/v1.0/dinov2/vit-base-p14_dinov2-pre_3rdparty_20230426-ba246503.pth 

backbone.pos_embed - torch.Size([1, 1370, 768]): 
PretrainedInit: load from https://download.openmmlab.com/mmpretrain/v1.0/dinov2/vit-base-p14_dinov2-pre_3rdparty_20230426-ba246503.pth 

backbone.patch_embed.projection.weight - torch.Size([768, 3, 14, 14]): 
PretrainedInit: load from https://download.openmmlab.com/mmpretrain/v1.0/dinov2/vit-base-p14_dinov2-pre_3rdparty_20230426-ba246503.pth 

backbone.patch_embed.projection.bias - torch.Size([768]): 
PretrainedInit: load from https://download.openmmlab.com/mmpretrain/v1.0/dinov2/vit-base-p14_dinov2-pre_3rdparty_20230426-ba246503.pth 

backbone.layers.0.ln1.weight - torch.Size([768]): 
PretrainedInit: load from https://download.openmmlab.com/mmpretrain/v1.0/dinov2/vit-base-p14_dinov2-pre_3rdparty_20230426-ba246503.pth 

backbone.layers.0.ln1.bias - torch.Size([768]): 
PretrainedInit: load from https://download.openmmlab.com/mmpretrain/v1.0/dinov2/vit-base-p14_dinov2-pre_3rdparty_20230426-ba246503.pth 

backbone.layers.0.attn.qkv.weight - torch.Size([2304, 768]): 
PretrainedInit: load from https://download.openmmlab.com/mmpretrain/v1.0/dinov2/vit-base-p14_dinov2-pre_3rdparty_20230426-ba246503.pth 

backbone.layers.0.attn.qkv.bias - torch.Size([2304]): 
PretrainedInit: load from https://download.openmmlab.com/mmpretrain/v1.0/dinov2/vit-base-p14_dinov2-pre_3rdparty_20230426-ba246503.pth 

backbone.layers.0.attn.proj.weight - torch.Size([768, 768]): 
PretrainedInit: load from https://download.openmmlab.com/mmpretrain/v1.0/dinov2/vit-base-p14_dinov2-pre_3rdparty_20230426-ba246503.pth 

backbone.layers.0.attn.proj.bias - torch.Size([768]): 
PretrainedInit: load from https://download.openmmlab.com/mmpretrain/v1.0/dinov2/vit-base-p14_dinov2-pre_3rdparty_20230426-ba246503.pth 

backbone.layers.0.attn.gamma1.weight - torch.Size([768]): 
PretrainedInit: load from https://download.openmmlab.com/mmpretrain/v1.0/dinov2/vit-base-p14_dinov2-pre_3rdparty_20230426-ba246503.pth 

backbone.layers.0.ln2.weight - torch.Size([768]): 
PretrainedInit: load from https://download.openmmlab.com/mmpretrain/v1.0/dinov2/vit-base-p14_dinov2-pre_3rdparty_20230426-ba246503.pth 

backbone.layers.0.ln2.bias - torch.Size([768]): 
PretrainedInit: load from https://download.openmmlab.com/mmpretrain/v1.0/dinov2/vit-base-p14_dinov2-pre_3rdparty_20230426-ba246503.pth 

backbone.layers.0.ffn.layers.0.0.weight - torch.Size([3072, 768]): 
PretrainedInit: load from https://download.openmmlab.com/mmpretrain/v1.0/dinov2/vit-base-p14_dinov2-pre_3rdparty_20230426-ba246503.pth 

backbone.layers.0.ffn.layers.0.0.bias - torch.Size([3072]): 
PretrainedInit: load from https://download.openmmlab.com/mmpretrain/v1.0/dinov2/vit-base-p14_dinov2-pre_3rdparty_20230426-ba246503.pth 

backbone.layers.0.ffn.layers.1.weight - torch.Size([768, 3072]): 
PretrainedInit: load from https://download.openmmlab.com/mmpretrain/v1.0/dinov2/vit-base-p14_dinov2-pre_3rdparty_20230426-ba246503.pth 

backbone.layers.0.ffn.layers.1.bias - torch.Size([768]): 
PretrainedInit: load from https://download.openmmlab.com/mmpretrain/v1.0/dinov2/vit-base-p14_dinov2-pre_3rdparty_20230426-ba246503.pth 

backbone.layers.0.ffn.gamma2.weight - torch.Size([768]): 
PretrainedInit: load from https://download.openmmlab.com/mmpretrain/v1.0/dinov2/vit-base-p14_dinov2-pre_3rdparty_20230426-ba246503.pth 

backbone.layers.1.ln1.weight - torch.Size([768]): 
PretrainedInit: load from https://download.openmmlab.com/mmpretrain/v1.0/dinov2/vit-base-p14_dinov2-pre_3rdparty_20230426-ba246503.pth 

backbone.layers.1.ln1.bias - torch.Size([768]): 
PretrainedInit: load from https://download.openmmlab.com/mmpretrain/v1.0/dinov2/vit-base-p14_dinov2-pre_3rdparty_20230426-ba246503.pth 

backbone.layers.1.attn.qkv.weight - torch.Size([2304, 768]): 
PretrainedInit: load from https://download.openmmlab.com/mmpretrain/v1.0/dinov2/vit-base-p14_dinov2-pre_3rdparty_20230426-ba246503.pth 

backbone.layers.1.attn.qkv.bias - torch.Size([2304]): 
PretrainedInit: load from https://download.openmmlab.com/mmpretrain/v1.0/dinov2/vit-base-p14_dinov2-pre_3rdparty_20230426-ba246503.pth 

backbone.layers.1.attn.proj.weight - torch.Size([768, 768]): 
PretrainedInit: load from https://download.openmmlab.com/mmpretrain/v1.0/dinov2/vit-base-p14_dinov2-pre_3rdparty_20230426-ba246503.pth 

backbone.layers.1.attn.proj.bias - torch.Size([768]): 
PretrainedInit: load from https://download.openmmlab.com/mmpretrain/v1.0/dinov2/vit-base-p14_dinov2-pre_3rdparty_20230426-ba246503.pth 

backbone.layers.1.attn.gamma1.weight - torch.Size([768]): 
PretrainedInit: load from https://download.openmmlab.com/mmpretrain/v1.0/dinov2/vit-base-p14_dinov2-pre_3rdparty_20230426-ba246503.pth 

backbone.layers.1.ln2.weight - torch.Size([768]): 
PretrainedInit: load from https://download.openmmlab.com/mmpretrain/v1.0/dinov2/vit-base-p14_dinov2-pre_3rdparty_20230426-ba246503.pth 

backbone.layers.1.ln2.bias - torch.Size([768]): 
PretrainedInit: load from https://download.openmmlab.com/mmpretrain/v1.0/dinov2/vit-base-p14_dinov2-pre_3rdparty_20230426-ba246503.pth 

backbone.layers.1.ffn.layers.0.0.weight - torch.Size([3072, 768]): 
PretrainedInit: load from https://download.openmmlab.com/mmpretrain/v1.0/dinov2/vit-base-p14_dinov2-pre_3rdparty_20230426-ba246503.pth 

backbone.layers.1.ffn.layers.0.0.bias - torch.Size([3072]): 
PretrainedInit: load from https://download.openmmlab.com/mmpretrain/v1.0/dinov2/vit-base-p14_dinov2-pre_3rdparty_20230426-ba246503.pth 

backbone.layers.1.ffn.layers.1.weight - torch.Size([768, 3072]): 
PretrainedInit: load from https://download.openmmlab.com/mmpretrain/v1.0/dinov2/vit-base-p14_dinov2-pre_3rdparty_20230426-ba246503.pth 

backbone.layers.1.ffn.layers.1.bias - torch.Size([768]): 
PretrainedInit: load from https://download.openmmlab.com/mmpretrain/v1.0/dinov2/vit-base-p14_dinov2-pre_3rdparty_20230426-ba246503.pth 

backbone.layers.1.ffn.gamma2.weight - torch.Size([768]): 
PretrainedInit: load from https://download.openmmlab.com/mmpretrain/v1.0/dinov2/vit-base-p14_dinov2-pre_3rdparty_20230426-ba246503.pth 

backbone.layers.2.ln1.weight - torch.Size([768]): 
PretrainedInit: load from https://download.openmmlab.com/mmpretrain/v1.0/dinov2/vit-base-p14_dinov2-pre_3rdparty_20230426-ba246503.pth 

backbone.layers.2.ln1.bias - torch.Size([768]): 
PretrainedInit: load from https://download.openmmlab.com/mmpretrain/v1.0/dinov2/vit-base-p14_dinov2-pre_3rdparty_20230426-ba246503.pth 

backbone.layers.2.attn.qkv.weight - torch.Size([2304, 768]): 
PretrainedInit: load from https://download.openmmlab.com/mmpretrain/v1.0/dinov2/vit-base-p14_dinov2-pre_3rdparty_20230426-ba246503.pth 

backbone.layers.2.attn.qkv.bias - torch.Size([2304]): 
PretrainedInit: load from https://download.openmmlab.com/mmpretrain/v1.0/dinov2/vit-base-p14_dinov2-pre_3rdparty_20230426-ba246503.pth 

backbone.layers.2.attn.proj.weight - torch.Size([768, 768]): 
PretrainedInit: load from https://download.openmmlab.com/mmpretrain/v1.0/dinov2/vit-base-p14_dinov2-pre_3rdparty_20230426-ba246503.pth 

backbone.layers.2.attn.proj.bias - torch.Size([768]): 
PretrainedInit: load from https://download.openmmlab.com/mmpretrain/v1.0/dinov2/vit-base-p14_dinov2-pre_3rdparty_20230426-ba246503.pth 

backbone.layers.2.attn.gamma1.weight - torch.Size([768]): 
PretrainedInit: load from https://download.openmmlab.com/mmpretrain/v1.0/dinov2/vit-base-p14_dinov2-pre_3rdparty_20230426-ba246503.pth 

backbone.layers.2.ln2.weight - torch.Size([768]): 
PretrainedInit: load from https://download.openmmlab.com/mmpretrain/v1.0/dinov2/vit-base-p14_dinov2-pre_3rdparty_20230426-ba246503.pth 

backbone.layers.2.ln2.bias - torch.Size([768]): 
PretrainedInit: load from https://download.openmmlab.com/mmpretrain/v1.0/dinov2/vit-base-p14_dinov2-pre_3rdparty_20230426-ba246503.pth 

backbone.layers.2.ffn.layers.0.0.weight - torch.Size([3072, 768]): 
PretrainedInit: load from https://download.openmmlab.com/mmpretrain/v1.0/dinov2/vit-base-p14_dinov2-pre_3rdparty_20230426-ba246503.pth 

backbone.layers.2.ffn.layers.0.0.bias - torch.Size([3072]): 
PretrainedInit: load from https://download.openmmlab.com/mmpretrain/v1.0/dinov2/vit-base-p14_dinov2-pre_3rdparty_20230426-ba246503.pth 

backbone.layers.2.ffn.layers.1.weight - torch.Size([768, 3072]): 
PretrainedInit: load from https://download.openmmlab.com/mmpretrain/v1.0/dinov2/vit-base-p14_dinov2-pre_3rdparty_20230426-ba246503.pth 

backbone.layers.2.ffn.layers.1.bias - torch.Size([768]): 
PretrainedInit: load from https://download.openmmlab.com/mmpretrain/v1.0/dinov2/vit-base-p14_dinov2-pre_3rdparty_20230426-ba246503.pth 

backbone.layers.2.ffn.gamma2.weight - torch.Size([768]): 
PretrainedInit: load from https://download.openmmlab.com/mmpretrain/v1.0/dinov2/vit-base-p14_dinov2-pre_3rdparty_20230426-ba246503.pth 

backbone.layers.3.ln1.weight - torch.Size([768]): 
PretrainedInit: load from https://download.openmmlab.com/mmpretrain/v1.0/dinov2/vit-base-p14_dinov2-pre_3rdparty_20230426-ba246503.pth 

backbone.layers.3.ln1.bias - torch.Size([768]): 
PretrainedInit: load from https://download.openmmlab.com/mmpretrain/v1.0/dinov2/vit-base-p14_dinov2-pre_3rdparty_20230426-ba246503.pth 

backbone.layers.3.attn.qkv.weight - torch.Size([2304, 768]): 
PretrainedInit: load from https://download.openmmlab.com/mmpretrain/v1.0/dinov2/vit-base-p14_dinov2-pre_3rdparty_20230426-ba246503.pth 

backbone.layers.3.attn.qkv.bias - torch.Size([2304]): 
PretrainedInit: load from https://download.openmmlab.com/mmpretrain/v1.0/dinov2/vit-base-p14_dinov2-pre_3rdparty_20230426-ba246503.pth 

backbone.layers.3.attn.proj.weight - torch.Size([768, 768]): 
PretrainedInit: load from https://download.openmmlab.com/mmpretrain/v1.0/dinov2/vit-base-p14_dinov2-pre_3rdparty_20230426-ba246503.pth 

backbone.layers.3.attn.proj.bias - torch.Size([768]): 
PretrainedInit: load from https://download.openmmlab.com/mmpretrain/v1.0/dinov2/vit-base-p14_dinov2-pre_3rdparty_20230426-ba246503.pth 

backbone.layers.3.attn.gamma1.weight - torch.Size([768]): 
PretrainedInit: load from https://download.openmmlab.com/mmpretrain/v1.0/dinov2/vit-base-p14_dinov2-pre_3rdparty_20230426-ba246503.pth 

backbone.layers.3.ln2.weight - torch.Size([768]): 
PretrainedInit: load from https://download.openmmlab.com/mmpretrain/v1.0/dinov2/vit-base-p14_dinov2-pre_3rdparty_20230426-ba246503.pth 

backbone.layers.3.ln2.bias - torch.Size([768]): 
PretrainedInit: load from https://download.openmmlab.com/mmpretrain/v1.0/dinov2/vit-base-p14_dinov2-pre_3rdparty_20230426-ba246503.pth 

backbone.layers.3.ffn.layers.0.0.weight - torch.Size([3072, 768]): 
PretrainedInit: load from https://download.openmmlab.com/mmpretrain/v1.0/dinov2/vit-base-p14_dinov2-pre_3rdparty_20230426-ba246503.pth 

backbone.layers.3.ffn.layers.0.0.bias - torch.Size([3072]): 
PretrainedInit: load from https://download.openmmlab.com/mmpretrain/v1.0/dinov2/vit-base-p14_dinov2-pre_3rdparty_20230426-ba246503.pth 

backbone.layers.3.ffn.layers.1.weight - torch.Size([768, 3072]): 
PretrainedInit: load from https://download.openmmlab.com/mmpretrain/v1.0/dinov2/vit-base-p14_dinov2-pre_3rdparty_20230426-ba246503.pth 

backbone.layers.3.ffn.layers.1.bias - torch.Size([768]): 
PretrainedInit: load from https://download.openmmlab.com/mmpretrain/v1.0/dinov2/vit-base-p14_dinov2-pre_3rdparty_20230426-ba246503.pth 

backbone.layers.3.ffn.gamma2.weight - torch.Size([768]): 
PretrainedInit: load from https://download.openmmlab.com/mmpretrain/v1.0/dinov2/vit-base-p14_dinov2-pre_3rdparty_20230426-ba246503.pth 

backbone.layers.4.ln1.weight - torch.Size([768]): 
PretrainedInit: load from https://download.openmmlab.com/mmpretrain/v1.0/dinov2/vit-base-p14_dinov2-pre_3rdparty_20230426-ba246503.pth 

backbone.layers.4.ln1.bias - torch.Size([768]): 
PretrainedInit: load from https://download.openmmlab.com/mmpretrain/v1.0/dinov2/vit-base-p14_dinov2-pre_3rdparty_20230426-ba246503.pth 

backbone.layers.4.attn.qkv.weight - torch.Size([2304, 768]): 
PretrainedInit: load from https://download.openmmlab.com/mmpretrain/v1.0/dinov2/vit-base-p14_dinov2-pre_3rdparty_20230426-ba246503.pth 

backbone.layers.4.attn.qkv.bias - torch.Size([2304]): 
PretrainedInit: load from https://download.openmmlab.com/mmpretrain/v1.0/dinov2/vit-base-p14_dinov2-pre_3rdparty_20230426-ba246503.pth 

backbone.layers.4.attn.proj.weight - torch.Size([768, 768]): 
PretrainedInit: load from https://download.openmmlab.com/mmpretrain/v1.0/dinov2/vit-base-p14_dinov2-pre_3rdparty_20230426-ba246503.pth 

backbone.layers.4.attn.proj.bias - torch.Size([768]): 
PretrainedInit: load from https://download.openmmlab.com/mmpretrain/v1.0/dinov2/vit-base-p14_dinov2-pre_3rdparty_20230426-ba246503.pth 

backbone.layers.4.attn.gamma1.weight - torch.Size([768]): 
PretrainedInit: load from https://download.openmmlab.com/mmpretrain/v1.0/dinov2/vit-base-p14_dinov2-pre_3rdparty_20230426-ba246503.pth 

backbone.layers.4.ln2.weight - torch.Size([768]): 
PretrainedInit: load from https://download.openmmlab.com/mmpretrain/v1.0/dinov2/vit-base-p14_dinov2-pre_3rdparty_20230426-ba246503.pth 

backbone.layers.4.ln2.bias - torch.Size([768]): 
PretrainedInit: load from https://download.openmmlab.com/mmpretrain/v1.0/dinov2/vit-base-p14_dinov2-pre_3rdparty_20230426-ba246503.pth 

backbone.layers.4.ffn.layers.0.0.weight - torch.Size([3072, 768]): 
PretrainedInit: load from https://download.openmmlab.com/mmpretrain/v1.0/dinov2/vit-base-p14_dinov2-pre_3rdparty_20230426-ba246503.pth 

backbone.layers.4.ffn.layers.0.0.bias - torch.Size([3072]): 
PretrainedInit: load from https://download.openmmlab.com/mmpretrain/v1.0/dinov2/vit-base-p14_dinov2-pre_3rdparty_20230426-ba246503.pth 

backbone.layers.4.ffn.layers.1.weight - torch.Size([768, 3072]): 
PretrainedInit: load from https://download.openmmlab.com/mmpretrain/v1.0/dinov2/vit-base-p14_dinov2-pre_3rdparty_20230426-ba246503.pth 

backbone.layers.4.ffn.layers.1.bias - torch.Size([768]): 
PretrainedInit: load from https://download.openmmlab.com/mmpretrain/v1.0/dinov2/vit-base-p14_dinov2-pre_3rdparty_20230426-ba246503.pth 

backbone.layers.4.ffn.gamma2.weight - torch.Size([768]): 
PretrainedInit: load from https://download.openmmlab.com/mmpretrain/v1.0/dinov2/vit-base-p14_dinov2-pre_3rdparty_20230426-ba246503.pth 

backbone.layers.5.ln1.weight - torch.Size([768]): 
PretrainedInit: load from https://download.openmmlab.com/mmpretrain/v1.0/dinov2/vit-base-p14_dinov2-pre_3rdparty_20230426-ba246503.pth 

backbone.layers.5.ln1.bias - torch.Size([768]): 
PretrainedInit: load from https://download.openmmlab.com/mmpretrain/v1.0/dinov2/vit-base-p14_dinov2-pre_3rdparty_20230426-ba246503.pth 

backbone.layers.5.attn.qkv.weight - torch.Size([2304, 768]): 
PretrainedInit: load from https://download.openmmlab.com/mmpretrain/v1.0/dinov2/vit-base-p14_dinov2-pre_3rdparty_20230426-ba246503.pth 

backbone.layers.5.attn.qkv.bias - torch.Size([2304]): 
PretrainedInit: load from https://download.openmmlab.com/mmpretrain/v1.0/dinov2/vit-base-p14_dinov2-pre_3rdparty_20230426-ba246503.pth 

backbone.layers.5.attn.proj.weight - torch.Size([768, 768]): 
PretrainedInit: load from https://download.openmmlab.com/mmpretrain/v1.0/dinov2/vit-base-p14_dinov2-pre_3rdparty_20230426-ba246503.pth 

backbone.layers.5.attn.proj.bias - torch.Size([768]): 
PretrainedInit: load from https://download.openmmlab.com/mmpretrain/v1.0/dinov2/vit-base-p14_dinov2-pre_3rdparty_20230426-ba246503.pth 

backbone.layers.5.attn.gamma1.weight - torch.Size([768]): 
PretrainedInit: load from https://download.openmmlab.com/mmpretrain/v1.0/dinov2/vit-base-p14_dinov2-pre_3rdparty_20230426-ba246503.pth 

backbone.layers.5.ln2.weight - torch.Size([768]): 
PretrainedInit: load from https://download.openmmlab.com/mmpretrain/v1.0/dinov2/vit-base-p14_dinov2-pre_3rdparty_20230426-ba246503.pth 

backbone.layers.5.ln2.bias - torch.Size([768]): 
PretrainedInit: load from https://download.openmmlab.com/mmpretrain/v1.0/dinov2/vit-base-p14_dinov2-pre_3rdparty_20230426-ba246503.pth 

backbone.layers.5.ffn.layers.0.0.weight - torch.Size([3072, 768]): 
PretrainedInit: load from https://download.openmmlab.com/mmpretrain/v1.0/dinov2/vit-base-p14_dinov2-pre_3rdparty_20230426-ba246503.pth 

backbone.layers.5.ffn.layers.0.0.bias - torch.Size([3072]): 
PretrainedInit: load from https://download.openmmlab.com/mmpretrain/v1.0/dinov2/vit-base-p14_dinov2-pre_3rdparty_20230426-ba246503.pth 

backbone.layers.5.ffn.layers.1.weight - torch.Size([768, 3072]): 
PretrainedInit: load from https://download.openmmlab.com/mmpretrain/v1.0/dinov2/vit-base-p14_dinov2-pre_3rdparty_20230426-ba246503.pth 

backbone.layers.5.ffn.layers.1.bias - torch.Size([768]): 
PretrainedInit: load from https://download.openmmlab.com/mmpretrain/v1.0/dinov2/vit-base-p14_dinov2-pre_3rdparty_20230426-ba246503.pth 

backbone.layers.5.ffn.gamma2.weight - torch.Size([768]): 
PretrainedInit: load from https://download.openmmlab.com/mmpretrain/v1.0/dinov2/vit-base-p14_dinov2-pre_3rdparty_20230426-ba246503.pth 

backbone.layers.6.ln1.weight - torch.Size([768]): 
PretrainedInit: load from https://download.openmmlab.com/mmpretrain/v1.0/dinov2/vit-base-p14_dinov2-pre_3rdparty_20230426-ba246503.pth 

backbone.layers.6.ln1.bias - torch.Size([768]): 
PretrainedInit: load from https://download.openmmlab.com/mmpretrain/v1.0/dinov2/vit-base-p14_dinov2-pre_3rdparty_20230426-ba246503.pth 

backbone.layers.6.attn.qkv.weight - torch.Size([2304, 768]): 
PretrainedInit: load from https://download.openmmlab.com/mmpretrain/v1.0/dinov2/vit-base-p14_dinov2-pre_3rdparty_20230426-ba246503.pth 

backbone.layers.6.attn.qkv.bias - torch.Size([2304]): 
PretrainedInit: load from https://download.openmmlab.com/mmpretrain/v1.0/dinov2/vit-base-p14_dinov2-pre_3rdparty_20230426-ba246503.pth 

backbone.layers.6.attn.proj.weight - torch.Size([768, 768]): 
PretrainedInit: load from https://download.openmmlab.com/mmpretrain/v1.0/dinov2/vit-base-p14_dinov2-pre_3rdparty_20230426-ba246503.pth 

backbone.layers.6.attn.proj.bias - torch.Size([768]): 
PretrainedInit: load from https://download.openmmlab.com/mmpretrain/v1.0/dinov2/vit-base-p14_dinov2-pre_3rdparty_20230426-ba246503.pth 

backbone.layers.6.attn.gamma1.weight - torch.Size([768]): 
PretrainedInit: load from https://download.openmmlab.com/mmpretrain/v1.0/dinov2/vit-base-p14_dinov2-pre_3rdparty_20230426-ba246503.pth 

backbone.layers.6.ln2.weight - torch.Size([768]): 
PretrainedInit: load from https://download.openmmlab.com/mmpretrain/v1.0/dinov2/vit-base-p14_dinov2-pre_3rdparty_20230426-ba246503.pth 

backbone.layers.6.ln2.bias - torch.Size([768]): 
PretrainedInit: load from https://download.openmmlab.com/mmpretrain/v1.0/dinov2/vit-base-p14_dinov2-pre_3rdparty_20230426-ba246503.pth 

backbone.layers.6.ffn.layers.0.0.weight - torch.Size([3072, 768]): 
PretrainedInit: load from https://download.openmmlab.com/mmpretrain/v1.0/dinov2/vit-base-p14_dinov2-pre_3rdparty_20230426-ba246503.pth 

backbone.layers.6.ffn.layers.0.0.bias - torch.Size([3072]): 
PretrainedInit: load from https://download.openmmlab.com/mmpretrain/v1.0/dinov2/vit-base-p14_dinov2-pre_3rdparty_20230426-ba246503.pth 

backbone.layers.6.ffn.layers.1.weight - torch.Size([768, 3072]): 
PretrainedInit: load from https://download.openmmlab.com/mmpretrain/v1.0/dinov2/vit-base-p14_dinov2-pre_3rdparty_20230426-ba246503.pth 

backbone.layers.6.ffn.layers.1.bias - torch.Size([768]): 
PretrainedInit: load from https://download.openmmlab.com/mmpretrain/v1.0/dinov2/vit-base-p14_dinov2-pre_3rdparty_20230426-ba246503.pth 

backbone.layers.6.ffn.gamma2.weight - torch.Size([768]): 
PretrainedInit: load from https://download.openmmlab.com/mmpretrain/v1.0/dinov2/vit-base-p14_dinov2-pre_3rdparty_20230426-ba246503.pth 

backbone.layers.7.ln1.weight - torch.Size([768]): 
PretrainedInit: load from https://download.openmmlab.com/mmpretrain/v1.0/dinov2/vit-base-p14_dinov2-pre_3rdparty_20230426-ba246503.pth 

backbone.layers.7.ln1.bias - torch.Size([768]): 
PretrainedInit: load from https://download.openmmlab.com/mmpretrain/v1.0/dinov2/vit-base-p14_dinov2-pre_3rdparty_20230426-ba246503.pth 

backbone.layers.7.attn.qkv.weight - torch.Size([2304, 768]): 
PretrainedInit: load from https://download.openmmlab.com/mmpretrain/v1.0/dinov2/vit-base-p14_dinov2-pre_3rdparty_20230426-ba246503.pth 

backbone.layers.7.attn.qkv.bias - torch.Size([2304]): 
PretrainedInit: load from https://download.openmmlab.com/mmpretrain/v1.0/dinov2/vit-base-p14_dinov2-pre_3rdparty_20230426-ba246503.pth 

backbone.layers.7.attn.proj.weight - torch.Size([768, 768]): 
PretrainedInit: load from https://download.openmmlab.com/mmpretrain/v1.0/dinov2/vit-base-p14_dinov2-pre_3rdparty_20230426-ba246503.pth 

backbone.layers.7.attn.proj.bias - torch.Size([768]): 
PretrainedInit: load from https://download.openmmlab.com/mmpretrain/v1.0/dinov2/vit-base-p14_dinov2-pre_3rdparty_20230426-ba246503.pth 

backbone.layers.7.attn.gamma1.weight - torch.Size([768]): 
PretrainedInit: load from https://download.openmmlab.com/mmpretrain/v1.0/dinov2/vit-base-p14_dinov2-pre_3rdparty_20230426-ba246503.pth 

backbone.layers.7.ln2.weight - torch.Size([768]): 
PretrainedInit: load from https://download.openmmlab.com/mmpretrain/v1.0/dinov2/vit-base-p14_dinov2-pre_3rdparty_20230426-ba246503.pth 

backbone.layers.7.ln2.bias - torch.Size([768]): 
PretrainedInit: load from https://download.openmmlab.com/mmpretrain/v1.0/dinov2/vit-base-p14_dinov2-pre_3rdparty_20230426-ba246503.pth 

backbone.layers.7.ffn.layers.0.0.weight - torch.Size([3072, 768]): 
PretrainedInit: load from https://download.openmmlab.com/mmpretrain/v1.0/dinov2/vit-base-p14_dinov2-pre_3rdparty_20230426-ba246503.pth 

backbone.layers.7.ffn.layers.0.0.bias - torch.Size([3072]): 
PretrainedInit: load from https://download.openmmlab.com/mmpretrain/v1.0/dinov2/vit-base-p14_dinov2-pre_3rdparty_20230426-ba246503.pth 

backbone.layers.7.ffn.layers.1.weight - torch.Size([768, 3072]): 
PretrainedInit: load from https://download.openmmlab.com/mmpretrain/v1.0/dinov2/vit-base-p14_dinov2-pre_3rdparty_20230426-ba246503.pth 

backbone.layers.7.ffn.layers.1.bias - torch.Size([768]): 
PretrainedInit: load from https://download.openmmlab.com/mmpretrain/v1.0/dinov2/vit-base-p14_dinov2-pre_3rdparty_20230426-ba246503.pth 

backbone.layers.7.ffn.gamma2.weight - torch.Size([768]): 
PretrainedInit: load from https://download.openmmlab.com/mmpretrain/v1.0/dinov2/vit-base-p14_dinov2-pre_3rdparty_20230426-ba246503.pth 

backbone.layers.8.ln1.weight - torch.Size([768]): 
PretrainedInit: load from https://download.openmmlab.com/mmpretrain/v1.0/dinov2/vit-base-p14_dinov2-pre_3rdparty_20230426-ba246503.pth 

backbone.layers.8.ln1.bias - torch.Size([768]): 
PretrainedInit: load from https://download.openmmlab.com/mmpretrain/v1.0/dinov2/vit-base-p14_dinov2-pre_3rdparty_20230426-ba246503.pth 

backbone.layers.8.attn.qkv.weight - torch.Size([2304, 768]): 
PretrainedInit: load from https://download.openmmlab.com/mmpretrain/v1.0/dinov2/vit-base-p14_dinov2-pre_3rdparty_20230426-ba246503.pth 

backbone.layers.8.attn.qkv.bias - torch.Size([2304]): 
PretrainedInit: load from https://download.openmmlab.com/mmpretrain/v1.0/dinov2/vit-base-p14_dinov2-pre_3rdparty_20230426-ba246503.pth 

backbone.layers.8.attn.proj.weight - torch.Size([768, 768]): 
PretrainedInit: load from https://download.openmmlab.com/mmpretrain/v1.0/dinov2/vit-base-p14_dinov2-pre_3rdparty_20230426-ba246503.pth 

backbone.layers.8.attn.proj.bias - torch.Size([768]): 
PretrainedInit: load from https://download.openmmlab.com/mmpretrain/v1.0/dinov2/vit-base-p14_dinov2-pre_3rdparty_20230426-ba246503.pth 

backbone.layers.8.attn.gamma1.weight - torch.Size([768]): 
PretrainedInit: load from https://download.openmmlab.com/mmpretrain/v1.0/dinov2/vit-base-p14_dinov2-pre_3rdparty_20230426-ba246503.pth 

backbone.layers.8.ln2.weight - torch.Size([768]): 
PretrainedInit: load from https://download.openmmlab.com/mmpretrain/v1.0/dinov2/vit-base-p14_dinov2-pre_3rdparty_20230426-ba246503.pth 

backbone.layers.8.ln2.bias - torch.Size([768]): 
PretrainedInit: load from https://download.openmmlab.com/mmpretrain/v1.0/dinov2/vit-base-p14_dinov2-pre_3rdparty_20230426-ba246503.pth 

backbone.layers.8.ffn.layers.0.0.weight - torch.Size([3072, 768]): 
PretrainedInit: load from https://download.openmmlab.com/mmpretrain/v1.0/dinov2/vit-base-p14_dinov2-pre_3rdparty_20230426-ba246503.pth 

backbone.layers.8.ffn.layers.0.0.bias - torch.Size([3072]): 
PretrainedInit: load from https://download.openmmlab.com/mmpretrain/v1.0/dinov2/vit-base-p14_dinov2-pre_3rdparty_20230426-ba246503.pth 

backbone.layers.8.ffn.layers.1.weight - torch.Size([768, 3072]): 
PretrainedInit: load from https://download.openmmlab.com/mmpretrain/v1.0/dinov2/vit-base-p14_dinov2-pre_3rdparty_20230426-ba246503.pth 

backbone.layers.8.ffn.layers.1.bias - torch.Size([768]): 
PretrainedInit: load from https://download.openmmlab.com/mmpretrain/v1.0/dinov2/vit-base-p14_dinov2-pre_3rdparty_20230426-ba246503.pth 

backbone.layers.8.ffn.gamma2.weight - torch.Size([768]): 
PretrainedInit: load from https://download.openmmlab.com/mmpretrain/v1.0/dinov2/vit-base-p14_dinov2-pre_3rdparty_20230426-ba246503.pth 

backbone.layers.9.ln1.weight - torch.Size([768]): 
PretrainedInit: load from https://download.openmmlab.com/mmpretrain/v1.0/dinov2/vit-base-p14_dinov2-pre_3rdparty_20230426-ba246503.pth 

backbone.layers.9.ln1.bias - torch.Size([768]): 
PretrainedInit: load from https://download.openmmlab.com/mmpretrain/v1.0/dinov2/vit-base-p14_dinov2-pre_3rdparty_20230426-ba246503.pth 

backbone.layers.9.attn.qkv.weight - torch.Size([2304, 768]): 
PretrainedInit: load from https://download.openmmlab.com/mmpretrain/v1.0/dinov2/vit-base-p14_dinov2-pre_3rdparty_20230426-ba246503.pth 

backbone.layers.9.attn.qkv.bias - torch.Size([2304]): 
PretrainedInit: load from https://download.openmmlab.com/mmpretrain/v1.0/dinov2/vit-base-p14_dinov2-pre_3rdparty_20230426-ba246503.pth 

backbone.layers.9.attn.proj.weight - torch.Size([768, 768]): 
PretrainedInit: load from https://download.openmmlab.com/mmpretrain/v1.0/dinov2/vit-base-p14_dinov2-pre_3rdparty_20230426-ba246503.pth 

backbone.layers.9.attn.proj.bias - torch.Size([768]): 
PretrainedInit: load from https://download.openmmlab.com/mmpretrain/v1.0/dinov2/vit-base-p14_dinov2-pre_3rdparty_20230426-ba246503.pth 

backbone.layers.9.attn.gamma1.weight - torch.Size([768]): 
PretrainedInit: load from https://download.openmmlab.com/mmpretrain/v1.0/dinov2/vit-base-p14_dinov2-pre_3rdparty_20230426-ba246503.pth 

backbone.layers.9.ln2.weight - torch.Size([768]): 
PretrainedInit: load from https://download.openmmlab.com/mmpretrain/v1.0/dinov2/vit-base-p14_dinov2-pre_3rdparty_20230426-ba246503.pth 

backbone.layers.9.ln2.bias - torch.Size([768]): 
PretrainedInit: load from https://download.openmmlab.com/mmpretrain/v1.0/dinov2/vit-base-p14_dinov2-pre_3rdparty_20230426-ba246503.pth 

backbone.layers.9.ffn.layers.0.0.weight - torch.Size([3072, 768]): 
PretrainedInit: load from https://download.openmmlab.com/mmpretrain/v1.0/dinov2/vit-base-p14_dinov2-pre_3rdparty_20230426-ba246503.pth 

backbone.layers.9.ffn.layers.0.0.bias - torch.Size([3072]): 
PretrainedInit: load from https://download.openmmlab.com/mmpretrain/v1.0/dinov2/vit-base-p14_dinov2-pre_3rdparty_20230426-ba246503.pth 

backbone.layers.9.ffn.layers.1.weight - torch.Size([768, 3072]): 
PretrainedInit: load from https://download.openmmlab.com/mmpretrain/v1.0/dinov2/vit-base-p14_dinov2-pre_3rdparty_20230426-ba246503.pth 

backbone.layers.9.ffn.layers.1.bias - torch.Size([768]): 
PretrainedInit: load from https://download.openmmlab.com/mmpretrain/v1.0/dinov2/vit-base-p14_dinov2-pre_3rdparty_20230426-ba246503.pth 

backbone.layers.9.ffn.gamma2.weight - torch.Size([768]): 
PretrainedInit: load from https://download.openmmlab.com/mmpretrain/v1.0/dinov2/vit-base-p14_dinov2-pre_3rdparty_20230426-ba246503.pth 

backbone.layers.10.ln1.weight - torch.Size([768]): 
PretrainedInit: load from https://download.openmmlab.com/mmpretrain/v1.0/dinov2/vit-base-p14_dinov2-pre_3rdparty_20230426-ba246503.pth 

backbone.layers.10.ln1.bias - torch.Size([768]): 
PretrainedInit: load from https://download.openmmlab.com/mmpretrain/v1.0/dinov2/vit-base-p14_dinov2-pre_3rdparty_20230426-ba246503.pth 

backbone.layers.10.attn.qkv.weight - torch.Size([2304, 768]): 
PretrainedInit: load from https://download.openmmlab.com/mmpretrain/v1.0/dinov2/vit-base-p14_dinov2-pre_3rdparty_20230426-ba246503.pth 

backbone.layers.10.attn.qkv.bias - torch.Size([2304]): 
PretrainedInit: load from https://download.openmmlab.com/mmpretrain/v1.0/dinov2/vit-base-p14_dinov2-pre_3rdparty_20230426-ba246503.pth 

backbone.layers.10.attn.proj.weight - torch.Size([768, 768]): 
PretrainedInit: load from https://download.openmmlab.com/mmpretrain/v1.0/dinov2/vit-base-p14_dinov2-pre_3rdparty_20230426-ba246503.pth 

backbone.layers.10.attn.proj.bias - torch.Size([768]): 
PretrainedInit: load from https://download.openmmlab.com/mmpretrain/v1.0/dinov2/vit-base-p14_dinov2-pre_3rdparty_20230426-ba246503.pth 

backbone.layers.10.attn.gamma1.weight - torch.Size([768]): 
PretrainedInit: load from https://download.openmmlab.com/mmpretrain/v1.0/dinov2/vit-base-p14_dinov2-pre_3rdparty_20230426-ba246503.pth 

backbone.layers.10.ln2.weight - torch.Size([768]): 
PretrainedInit: load from https://download.openmmlab.com/mmpretrain/v1.0/dinov2/vit-base-p14_dinov2-pre_3rdparty_20230426-ba246503.pth 

backbone.layers.10.ln2.bias - torch.Size([768]): 
PretrainedInit: load from https://download.openmmlab.com/mmpretrain/v1.0/dinov2/vit-base-p14_dinov2-pre_3rdparty_20230426-ba246503.pth 

backbone.layers.10.ffn.layers.0.0.weight - torch.Size([3072, 768]): 
PretrainedInit: load from https://download.openmmlab.com/mmpretrain/v1.0/dinov2/vit-base-p14_dinov2-pre_3rdparty_20230426-ba246503.pth 

backbone.layers.10.ffn.layers.0.0.bias - torch.Size([3072]): 
PretrainedInit: load from https://download.openmmlab.com/mmpretrain/v1.0/dinov2/vit-base-p14_dinov2-pre_3rdparty_20230426-ba246503.pth 

backbone.layers.10.ffn.layers.1.weight - torch.Size([768, 3072]): 
PretrainedInit: load from https://download.openmmlab.com/mmpretrain/v1.0/dinov2/vit-base-p14_dinov2-pre_3rdparty_20230426-ba246503.pth 

backbone.layers.10.ffn.layers.1.bias - torch.Size([768]): 
PretrainedInit: load from https://download.openmmlab.com/mmpretrain/v1.0/dinov2/vit-base-p14_dinov2-pre_3rdparty_20230426-ba246503.pth 

backbone.layers.10.ffn.gamma2.weight - torch.Size([768]): 
PretrainedInit: load from https://download.openmmlab.com/mmpretrain/v1.0/dinov2/vit-base-p14_dinov2-pre_3rdparty_20230426-ba246503.pth 

backbone.layers.11.ln1.weight - torch.Size([768]): 
PretrainedInit: load from https://download.openmmlab.com/mmpretrain/v1.0/dinov2/vit-base-p14_dinov2-pre_3rdparty_20230426-ba246503.pth 

backbone.layers.11.ln1.bias - torch.Size([768]): 
PretrainedInit: load from https://download.openmmlab.com/mmpretrain/v1.0/dinov2/vit-base-p14_dinov2-pre_3rdparty_20230426-ba246503.pth 

backbone.layers.11.attn.qkv.weight - torch.Size([2304, 768]): 
PretrainedInit: load from https://download.openmmlab.com/mmpretrain/v1.0/dinov2/vit-base-p14_dinov2-pre_3rdparty_20230426-ba246503.pth 

backbone.layers.11.attn.qkv.bias - torch.Size([2304]): 
PretrainedInit: load from https://download.openmmlab.com/mmpretrain/v1.0/dinov2/vit-base-p14_dinov2-pre_3rdparty_20230426-ba246503.pth 

backbone.layers.11.attn.proj.weight - torch.Size([768, 768]): 
PretrainedInit: load from https://download.openmmlab.com/mmpretrain/v1.0/dinov2/vit-base-p14_dinov2-pre_3rdparty_20230426-ba246503.pth 

backbone.layers.11.attn.proj.bias - torch.Size([768]): 
PretrainedInit: load from https://download.openmmlab.com/mmpretrain/v1.0/dinov2/vit-base-p14_dinov2-pre_3rdparty_20230426-ba246503.pth 

backbone.layers.11.attn.gamma1.weight - torch.Size([768]): 
PretrainedInit: load from https://download.openmmlab.com/mmpretrain/v1.0/dinov2/vit-base-p14_dinov2-pre_3rdparty_20230426-ba246503.pth 

backbone.layers.11.ln2.weight - torch.Size([768]): 
PretrainedInit: load from https://download.openmmlab.com/mmpretrain/v1.0/dinov2/vit-base-p14_dinov2-pre_3rdparty_20230426-ba246503.pth 

backbone.layers.11.ln2.bias - torch.Size([768]): 
PretrainedInit: load from https://download.openmmlab.com/mmpretrain/v1.0/dinov2/vit-base-p14_dinov2-pre_3rdparty_20230426-ba246503.pth 

backbone.layers.11.ffn.layers.0.0.weight - torch.Size([3072, 768]): 
PretrainedInit: load from https://download.openmmlab.com/mmpretrain/v1.0/dinov2/vit-base-p14_dinov2-pre_3rdparty_20230426-ba246503.pth 

backbone.layers.11.ffn.layers.0.0.bias - torch.Size([3072]): 
PretrainedInit: load from https://download.openmmlab.com/mmpretrain/v1.0/dinov2/vit-base-p14_dinov2-pre_3rdparty_20230426-ba246503.pth 

backbone.layers.11.ffn.layers.1.weight - torch.Size([768, 3072]): 
PretrainedInit: load from https://download.openmmlab.com/mmpretrain/v1.0/dinov2/vit-base-p14_dinov2-pre_3rdparty_20230426-ba246503.pth 

backbone.layers.11.ffn.layers.1.bias - torch.Size([768]): 
PretrainedInit: load from https://download.openmmlab.com/mmpretrain/v1.0/dinov2/vit-base-p14_dinov2-pre_3rdparty_20230426-ba246503.pth 

backbone.layers.11.ffn.gamma2.weight - torch.Size([768]): 
PretrainedInit: load from https://download.openmmlab.com/mmpretrain/v1.0/dinov2/vit-base-p14_dinov2-pre_3rdparty_20230426-ba246503.pth 

backbone.ln1.weight - torch.Size([768]): 
PretrainedInit: load from https://download.openmmlab.com/mmpretrain/v1.0/dinov2/vit-base-p14_dinov2-pre_3rdparty_20230426-ba246503.pth 

backbone.ln1.bias - torch.Size([768]): 
PretrainedInit: load from https://download.openmmlab.com/mmpretrain/v1.0/dinov2/vit-base-p14_dinov2-pre_3rdparty_20230426-ba246503.pth 

head.layers.head.weight - torch.Size([7806, 768]): 
PretrainedInit: load from /mnt/data/saved/20240709_083652_leafcaw_new.pth 

head.layers.head.bias - torch.Size([7806]): 
PretrainedInit: load from /mnt/data/saved/20240709_083652_leafcaw_new.pth 
2024/07/24 10:59:19 - mmengine - WARNING - "FileClient" will be deprecated in future. Please use io functions in https://mmengine.readthedocs.io/en/latest/api/fileio.html#file-io
2024/07/24 10:59:19 - mmengine - WARNING - "HardDiskBackend" is the alias of "LocalBackend" and the former will be deprecated in future.
2024/07/24 10:59:19 - mmengine - INFO - Checkpoints will be saved to /root/weed-detection/work_dirs/finetune.
2024/07/24 11:01:28 - mmengine - INFO - Epoch(train)  [1][ 100/1476]  base_lr: 1.0000e-05 lr: 1.0000e-05  eta: 10:30:42  time: 1.1417  data_time: 0.0012  memory: 65855  loss: 1.2877
2024/07/24 11:03:22 - mmengine - INFO - Epoch(train)  [1][ 200/1476]  base_lr: 1.0000e-05 lr: 1.0000e-05  eta: 9:53:16  time: 1.1411  data_time: 0.0012  memory: 65855  loss: 1.1529
2024/07/24 11:05:16 - mmengine - INFO - Epoch(train)  [1][ 300/1476]  base_lr: 1.0000e-05 lr: 1.0000e-05  eta: 9:39:29  time: 1.1412  data_time: 0.0016  memory: 65855  loss: 1.1490
2024/07/24 11:07:10 - mmengine - INFO - Epoch(train)  [1][ 400/1476]  base_lr: 1.0000e-05 lr: 1.0000e-05  eta: 9:31:37  time: 1.1411  data_time: 0.0012  memory: 65855  loss: 1.1289
2024/07/24 11:09:06 - mmengine - INFO - Epoch(train)  [1][ 500/1476]  base_lr: 1.0000e-05 lr: 1.0000e-05  eta: 9:27:16  time: 1.1416  data_time: 0.0012  memory: 65855  loss: 1.1210
2024/07/24 11:11:00 - mmengine - INFO - Epoch(train)  [1][ 600/1476]  base_lr: 1.0000e-05 lr: 1.0000e-05  eta: 9:22:42  time: 1.1398  data_time: 0.0011  memory: 65855  loss: 1.1385
2024/07/24 11:12:54 - mmengine - INFO - Epoch(train)  [1][ 700/1476]  base_lr: 1.0000e-05 lr: 1.0000e-05  eta: 9:19:04  time: 1.1398  data_time: 0.0011  memory: 65855  loss: 1.1369
2024/07/24 11:14:48 - mmengine - INFO - Epoch(train)  [1][ 800/1476]  base_lr: 1.0000e-05 lr: 1.0000e-05  eta: 9:15:44  time: 1.1417  data_time: 0.0012  memory: 65855  loss: 1.1893
2024/07/24 11:16:42 - mmengine - INFO - Epoch(train)  [1][ 900/1476]  base_lr: 1.0000e-05 lr: 1.0000e-05  eta: 9:12:45  time: 1.1417  data_time: 0.0012  memory: 65855  loss: 1.0196
2024/07/24 11:18:36 - mmengine - INFO - Exp name: finetune_20240724_105901
2024/07/24 11:18:36 - mmengine - INFO - Epoch(train)  [1][1000/1476]  base_lr: 1.0000e-05 lr: 1.0000e-05  eta: 9:10:01  time: 1.1428  data_time: 0.0013  memory: 65855  loss: 1.0629
2024/07/24 11:20:30 - mmengine - INFO - Epoch(train)  [1][1100/1476]  base_lr: 1.0000e-05 lr: 1.0000e-05  eta: 9:07:26  time: 1.1425  data_time: 0.0012  memory: 65855  loss: 1.1193
2024/07/24 11:22:25 - mmengine - INFO - Epoch(train)  [1][1200/1476]  base_lr: 1.0000e-05 lr: 1.0000e-05  eta: 9:04:57  time: 1.1417  data_time: 0.0013  memory: 65855  loss: 1.1072
2024/07/24 11:24:19 - mmengine - INFO - Epoch(train)  [1][1300/1476]  base_lr: 1.0000e-05 lr: 1.0000e-05  eta: 9:02:33  time: 1.1422  data_time: 0.0012  memory: 65855  loss: 1.0791
2024/07/24 11:26:13 - mmengine - INFO - Epoch(train)  [1][1400/1476]  base_lr: 1.0000e-05 lr: 1.0000e-05  eta: 9:00:16  time: 1.1428  data_time: 0.0011  memory: 65855  loss: 0.9984
2024/07/24 11:27:39 - mmengine - INFO - Exp name: finetune_20240724_105901
2024/07/24 11:27:39 - mmengine - INFO - Saving checkpoint at 1 epochs
2024/07/24 11:30:48 - mmengine - INFO - Epoch(val) [1][73/73]    accuracy/top1: 70.3582  accuracy/top5: 88.2647  single-label/precision: 16.8088  single-label/recall: 15.4678  single-label/f1-score: 15.1725  data_time: 0.0564  time: 2.2486
2024/07/24 11:32:50 - mmengine - INFO - Epoch(train)  [2][ 100/1476]  base_lr: 9.9384e-06 lr: 9.9384e-06  eta: 8:58:39  time: 1.1419  data_time: 0.0014  memory: 65855  loss: 0.9570
2024/07/24 11:34:44 - mmengine - INFO - Epoch(train)  [2][ 200/1476]  base_lr: 9.9384e-06 lr: 9.9384e-06  eta: 8:56:18  time: 1.1415  data_time: 0.0010  memory: 65855  loss: 0.8962
2024/07/24 11:36:39 - mmengine - INFO - Epoch(train)  [2][ 300/1476]  base_lr: 9.9384e-06 lr: 9.9384e-06  eta: 8:54:01  time: 1.1409  data_time: 0.0011  memory: 65855  loss: 0.8768
2024/07/24 11:38:33 - mmengine - INFO - Epoch(train)  [2][ 400/1476]  base_lr: 9.9384e-06 lr: 9.9384e-06  eta: 8:51:51  time: 1.1677  data_time: 0.0012  memory: 65855  loss: 0.9402
2024/07/24 11:40:27 - mmengine - INFO - Epoch(train)  [2][ 500/1476]  base_lr: 9.9384e-06 lr: 9.9384e-06  eta: 8:49:38  time: 1.1427  data_time: 0.0012  memory: 65855  loss: 0.8704
2024/07/24 11:40:55 - mmengine - INFO - Exp name: finetune_20240724_105901
2024/07/24 11:42:22 - mmengine - INFO - Epoch(train)  [2][ 600/1476]  base_lr: 9.9384e-06 lr: 9.9384e-06  eta: 8:47:30  time: 1.1430  data_time: 0.0011  memory: 65855  loss: 0.8869
2024/07/24 11:44:16 - mmengine - INFO - Epoch(train)  [2][ 700/1476]  base_lr: 9.9384e-06 lr: 9.9384e-06  eta: 8:45:21  time: 1.1406  data_time: 0.0012  memory: 65855  loss: 0.9153
2024/07/24 11:46:10 - mmengine - INFO - Epoch(train)  [2][ 800/1476]  base_lr: 9.9384e-06 lr: 9.9384e-06  eta: 8:43:16  time: 1.1429  data_time: 0.0014  memory: 65855  loss: 0.8312
2024/07/24 11:48:05 - mmengine - INFO - Epoch(train)  [2][ 900/1476]  base_lr: 9.9384e-06 lr: 9.9384e-06  eta: 8:41:16  time: 1.1445  data_time: 0.0014  memory: 65855  loss: 0.9072
2024/07/24 11:50:00 - mmengine - INFO - Epoch(train)  [2][1000/1476]  base_lr: 9.9384e-06 lr: 9.9384e-06  eta: 8:39:12  time: 1.1411  data_time: 0.0013  memory: 65855  loss: 0.8832
2024/07/24 11:51:54 - mmengine - INFO - Epoch(train)  [2][1100/1476]  base_lr: 9.9384e-06 lr: 9.9384e-06  eta: 8:37:10  time: 1.1437  data_time: 0.0019  memory: 65855  loss: 0.9869
2024/07/24 11:53:49 - mmengine - INFO - Epoch(train)  [2][1200/1476]  base_lr: 9.9384e-06 lr: 9.9384e-06  eta: 8:35:10  time: 1.1483  data_time: 0.0022  memory: 65855  loss: 0.9506
2024/07/24 11:55:44 - mmengine - INFO - Epoch(train)  [2][1300/1476]  base_lr: 9.9384e-06 lr: 9.9384e-06  eta: 8:33:10  time: 1.1427  data_time: 0.0012  memory: 65855  loss: 0.9120
2024/07/24 11:57:38 - mmengine - INFO - Epoch(train)  [2][1400/1476]  base_lr: 9.9384e-06 lr: 9.9384e-06  eta: 8:31:07  time: 1.1425  data_time: 0.0016  memory: 65855  loss: 0.9259
2024/07/24 11:59:04 - mmengine - INFO - Exp name: finetune_20240724_105901
2024/07/24 11:59:04 - mmengine - INFO - Saving checkpoint at 2 epochs
2024/07/24 12:02:13 - mmengine - INFO - Epoch(val) [2][73/73]    accuracy/top1: 71.5882  accuracy/top5: 88.7481  single-label/precision: 16.9432  single-label/recall: 15.4690  single-label/f1-score: 15.2770  data_time: 0.0340  time: 2.2166
2024/07/24 12:03:14 - mmengine - INFO - Exp name: finetune_20240724_105901
2024/07/24 12:04:13 - mmengine - INFO - Epoch(train)  [3][ 100/1476]  base_lr: 9.7553e-06 lr: 9.7553e-06  eta: 8:28:20  time: 1.1469  data_time: 0.0013  memory: 65855  loss: 0.7656
2024/07/24 12:06:08 - mmengine - INFO - Epoch(train)  [3][ 200/1476]  base_lr: 9.7553e-06 lr: 9.7553e-06  eta: 8:26:20  time: 1.1447  data_time: 0.0014  memory: 65855  loss: 0.7325
2024/07/24 12:08:02 - mmengine - INFO - Epoch(train)  [3][ 300/1476]  base_lr: 9.7553e-06 lr: 9.7553e-06  eta: 8:24:18  time: 1.1412  data_time: 0.0013  memory: 65855  loss: 0.7077
2024/07/24 12:09:57 - mmengine - INFO - Epoch(train)  [3][ 400/1476]  base_lr: 9.7553e-06 lr: 9.7553e-06  eta: 8:22:18  time: 1.1549  data_time: 0.0011  memory: 65855  loss: 0.7546
2024/07/24 12:11:51 - mmengine - INFO - Epoch(train)  [3][ 500/1476]  base_lr: 9.7553e-06 lr: 9.7553e-06  eta: 8:20:16  time: 1.1426  data_time: 0.0015  memory: 65855  loss: 0.7625
2024/07/24 12:13:46 - mmengine - INFO - Epoch(train)  [3][ 600/1476]  base_lr: 9.7553e-06 lr: 9.7553e-06  eta: 8:18:16  time: 1.1415  data_time: 0.0010  memory: 65855  loss: 0.6956
2024/07/24 12:15:40 - mmengine - INFO - Epoch(train)  [3][ 700/1476]  base_lr: 9.7553e-06 lr: 9.7553e-06  eta: 8:16:15  time: 1.1575  data_time: 0.0011  memory: 65855  loss: 0.7988
2024/07/24 12:17:34 - mmengine - INFO - Epoch(train)  [3][ 800/1476]  base_lr: 9.7553e-06 lr: 9.7553e-06  eta: 8:14:15  time: 1.1418  data_time: 0.0011  memory: 65855  loss: 0.7676
2024/07/24 12:19:28 - mmengine - INFO - Epoch(train)  [3][ 900/1476]  base_lr: 9.7553e-06 lr: 9.7553e-06  eta: 8:12:14  time: 1.1425  data_time: 0.0013  memory: 65855  loss: 0.6861
2024/07/24 12:21:23 - mmengine - INFO - Epoch(train)  [3][1000/1476]  base_lr: 9.7553e-06 lr: 9.7553e-06  eta: 8:10:14  time: 1.1414  data_time: 0.0013  memory: 65855  loss: 0.7632
2024/07/24 12:22:18 - mmengine - INFO - Exp name: finetune_20240724_105901
2024/07/24 12:23:17 - mmengine - INFO - Epoch(train)  [3][1100/1476]  base_lr: 9.7553e-06 lr: 9.7553e-06  eta: 8:08:14  time: 1.1418  data_time: 0.0013  memory: 65855  loss: 0.7263
2024/07/24 12:25:11 - mmengine - INFO - Epoch(train)  [3][1200/1476]  base_lr: 9.7553e-06 lr: 9.7553e-06  eta: 8:06:13  time: 1.1414  data_time: 0.0011  memory: 65855  loss: 0.7282
2024/07/24 12:27:06 - mmengine - INFO - Epoch(train)  [3][1300/1476]  base_lr: 9.7553e-06 lr: 9.7553e-06  eta: 8:04:15  time: 1.1415  data_time: 0.0011  memory: 65855  loss: 0.7106
2024/07/24 12:29:00 - mmengine - INFO - Epoch(train)  [3][1400/1476]  base_lr: 9.7553e-06 lr: 9.7553e-06  eta: 8:02:16  time: 1.1537  data_time: 0.0012  memory: 65855  loss: 0.7677
2024/07/24 12:30:27 - mmengine - INFO - Exp name: finetune_20240724_105901
2024/07/24 12:30:27 - mmengine - INFO - Saving checkpoint at 3 epochs
2024/07/24 12:33:35 - mmengine - INFO - Epoch(val) [3][73/73]    accuracy/top1: 73.2961  accuracy/top5: 89.5537  single-label/precision: 17.5383  single-label/recall: 16.3216  single-label/f1-score: 16.0297  data_time: 0.0300  time: 2.2152
2024/07/24 12:35:36 - mmengine - INFO - Epoch(train)  [4][ 100/1476]  base_lr: 9.4550e-06 lr: 9.4550e-06  eta: 7:59:20  time: 1.1411  data_time: 0.0016  memory: 65855  loss: 0.5539
2024/07/24 12:37:30 - mmengine - INFO - Epoch(train)  [4][ 200/1476]  base_lr: 9.4550e-06 lr: 9.4550e-06  eta: 7:57:21  time: 1.1421  data_time: 0.0021  memory: 65855  loss: 0.5603
2024/07/24 12:39:24 - mmengine - INFO - Epoch(train)  [4][ 300/1476]  base_lr: 9.4550e-06 lr: 9.4550e-06  eta: 7:55:23  time: 1.1619  data_time: 0.0016  memory: 65855  loss: 0.5457
2024/07/24 12:41:19 - mmengine - INFO - Epoch(train)  [4][ 400/1476]  base_lr: 9.4550e-06 lr: 9.4550e-06  eta: 7:53:23  time: 1.1419  data_time: 0.0013  memory: 65855  loss: 0.5752
2024/07/24 12:43:13 - mmengine - INFO - Epoch(train)  [4][ 500/1476]  base_lr: 9.4550e-06 lr: 9.4550e-06  eta: 7:51:26  time: 1.1419  data_time: 0.0016  memory: 65855  loss: 0.5857
2024/07/24 12:44:35 - mmengine - INFO - Exp name: finetune_20240724_105901
2024/07/24 12:45:07 - mmengine - INFO - Epoch(train)  [4][ 600/1476]  base_lr: 9.4550e-06 lr: 9.4550e-06  eta: 7:49:27  time: 1.1414  data_time: 0.0013  memory: 65855  loss: 0.5609
2024/07/24 12:47:02 - mmengine - INFO - Epoch(train)  [4][ 700/1476]  base_lr: 9.4550e-06 lr: 9.4550e-06  eta: 7:47:29  time: 1.1420  data_time: 0.0011  memory: 65855  loss: 0.5272
2024/07/24 12:48:56 - mmengine - INFO - Epoch(train)  [4][ 800/1476]  base_lr: 9.4550e-06 lr: 9.4550e-06  eta: 7:45:31  time: 1.1415  data_time: 0.0012  memory: 65855  loss: 0.5929
2024/07/24 12:50:50 - mmengine - INFO - Epoch(train)  [4][ 900/1476]  base_lr: 9.4550e-06 lr: 9.4550e-06  eta: 7:43:32  time: 1.1412  data_time: 0.0012  memory: 65855  loss: 0.6149
2024/07/24 12:52:45 - mmengine - INFO - Epoch(train)  [4][1000/1476]  base_lr: 9.4550e-06 lr: 9.4550e-06  eta: 7:41:36  time: 1.1422  data_time: 0.0014  memory: 65855  loss: 0.6076
2024/07/24 12:54:39 - mmengine - INFO - Epoch(train)  [4][1100/1476]  base_lr: 9.4550e-06 lr: 9.4550e-06  eta: 7:39:37  time: 1.1430  data_time: 0.0014  memory: 65855  loss: 0.5418
2024/07/24 12:56:33 - mmengine - INFO - Epoch(train)  [4][1200/1476]  base_lr: 9.4550e-06 lr: 9.4550e-06  eta: 7:37:40  time: 1.1421  data_time: 0.0012  memory: 65855  loss: 0.5844
2024/07/24 12:58:28 - mmengine - INFO - Epoch(train)  [4][1300/1476]  base_lr: 9.4550e-06 lr: 9.4550e-06  eta: 7:35:43  time: 1.1411  data_time: 0.0012  memory: 65855  loss: 0.5917
2024/07/24 13:00:22 - mmengine - INFO - Epoch(train)  [4][1400/1476]  base_lr: 9.4550e-06 lr: 9.4550e-06  eta: 7:33:45  time: 1.1411  data_time: 0.0012  memory: 65855  loss: 0.6166
2024/07/24 13:01:48 - mmengine - INFO - Exp name: finetune_20240724_105901
2024/07/24 13:01:48 - mmengine - INFO - Saving checkpoint at 4 epochs
2024/07/24 13:04:58 - mmengine - INFO - Epoch(val) [4][73/73]    accuracy/top1: 73.0114  accuracy/top5: 89.6611  single-label/precision: 17.4134  single-label/recall: 16.1054  single-label/f1-score: 15.8517  data_time: 0.0391  time: 2.2209
2024/07/24 13:06:54 - mmengine - INFO - Exp name: finetune_20240724_105901
2024/07/24 13:06:58 - mmengine - INFO - Epoch(train)  [5][ 100/1476]  base_lr: 9.0451e-06 lr: 9.0451e-06  eta: 7:30:42  time: 1.1419  data_time: 0.0014  memory: 65855  loss: 0.4108
2024/07/24 13:08:53 - mmengine - INFO - Epoch(train)  [5][ 200/1476]  base_lr: 9.0451e-06 lr: 9.0451e-06  eta: 7:28:45  time: 1.1428  data_time: 0.0013  memory: 65855  loss: 0.4133
2024/07/24 13:10:47 - mmengine - INFO - Epoch(train)  [5][ 300/1476]  base_lr: 9.0451e-06 lr: 9.0451e-06  eta: 7:26:47  time: 1.1412  data_time: 0.0013  memory: 65855  loss: 0.4351
2024/07/24 13:12:41 - mmengine - INFO - Epoch(train)  [5][ 400/1476]  base_lr: 9.0451e-06 lr: 9.0451e-06  eta: 7:24:49  time: 1.1410  data_time: 0.0013  memory: 65855  loss: 0.4028
2024/07/24 13:14:36 - mmengine - INFO - Epoch(train)  [5][ 500/1476]  base_lr: 9.0451e-06 lr: 9.0451e-06  eta: 7:22:52  time: 1.1410  data_time: 0.0011  memory: 65855  loss: 0.4157
2024/07/24 13:16:30 - mmengine - INFO - Epoch(train)  [5][ 600/1476]  base_lr: 9.0451e-06 lr: 9.0451e-06  eta: 7:20:55  time: 1.1415  data_time: 0.0012  memory: 65855  loss: 0.4009
2024/07/24 13:18:24 - mmengine - INFO - Epoch(train)  [5][ 700/1476]  base_lr: 9.0451e-06 lr: 9.0451e-06  eta: 7:18:58  time: 1.1419  data_time: 0.0018  memory: 65855  loss: 0.4522
2024/07/24 13:20:19 - mmengine - INFO - Epoch(train)  [5][ 800/1476]  base_lr: 9.0451e-06 lr: 9.0451e-06  eta: 7:17:01  time: 1.1417  data_time: 0.0012  memory: 65855  loss: 0.4314
2024/07/24 13:22:13 - mmengine - INFO - Epoch(train)  [5][ 900/1476]  base_lr: 9.0451e-06 lr: 9.0451e-06  eta: 7:15:03  time: 1.1414  data_time: 0.0012  memory: 65855  loss: 0.4391
2024/07/24 13:24:07 - mmengine - INFO - Epoch(train)  [5][1000/1476]  base_lr: 9.0451e-06 lr: 9.0451e-06  eta: 7:13:07  time: 1.1414  data_time: 0.0011  memory: 65855  loss: 0.4296
2024/07/24 13:25:57 - mmengine - INFO - Exp name: finetune_20240724_105901
2024/07/24 13:26:01 - mmengine - INFO - Epoch(train)  [5][1100/1476]  base_lr: 9.0451e-06 lr: 9.0451e-06  eta: 7:11:10  time: 1.1414  data_time: 0.0012  memory: 65855  loss: 0.4469
2024/07/24 13:27:56 - mmengine - INFO - Epoch(train)  [5][1200/1476]  base_lr: 9.0451e-06 lr: 9.0451e-06  eta: 7:09:13  time: 1.1418  data_time: 0.0011  memory: 65855  loss: 0.4229
2024/07/24 13:29:50 - mmengine - INFO - Epoch(train)  [5][1300/1476]  base_lr: 9.0451e-06 lr: 9.0451e-06  eta: 7:07:16  time: 1.1548  data_time: 0.0012  memory: 65855  loss: 0.4823
2024/07/24 13:31:44 - mmengine - INFO - Epoch(train)  [5][1400/1476]  base_lr: 9.0451e-06 lr: 9.0451e-06  eta: 7:05:19  time: 1.1413  data_time: 0.0011  memory: 65855  loss: 0.4728
2024/07/24 13:33:11 - mmengine - INFO - Exp name: finetune_20240724_105901
2024/07/24 13:33:11 - mmengine - INFO - Saving checkpoint at 5 epochs
2024/07/24 13:36:20 - mmengine - INFO - Epoch(val) [5][73/73]    accuracy/top1: 73.3767  accuracy/top5: 89.7739  single-label/precision: 17.8241  single-label/recall: 16.4978  single-label/f1-score: 16.2733  data_time: 0.0367  time: 2.2189
2024/07/24 13:38:20 - mmengine - INFO - Epoch(train)  [6][ 100/1476]  base_lr: 8.5355e-06 lr: 8.5355e-06  eta: 7:02:11  time: 1.1417  data_time: 0.0013  memory: 65855  loss: 0.2741
2024/07/24 13:40:15 - mmengine - INFO - Epoch(train)  [6][ 200/1476]  base_lr: 8.5355e-06 lr: 8.5355e-06  eta: 7:00:16  time: 1.1417  data_time: 0.0012  memory: 65855  loss: 0.2602
2024/07/24 13:42:09 - mmengine - INFO - Epoch(train)  [6][ 300/1476]  base_lr: 8.5355e-06 lr: 8.5355e-06  eta: 6:58:19  time: 1.1597  data_time: 0.0014  memory: 65855  loss: 0.2623
2024/07/24 13:44:04 - mmengine - INFO - Epoch(train)  [6][ 400/1476]  base_lr: 8.5355e-06 lr: 8.5355e-06  eta: 6:56:23  time: 1.1422  data_time: 0.0012  memory: 65855  loss: 0.2869
2024/07/24 13:45:58 - mmengine - INFO - Epoch(train)  [6][ 500/1476]  base_lr: 8.5355e-06 lr: 8.5355e-06  eta: 6:54:27  time: 1.1418  data_time: 0.0013  memory: 65855  loss: 0.2815
2024/07/24 13:47:52 - mmengine - INFO - Epoch(train)  [6][ 600/1476]  base_lr: 8.5355e-06 lr: 8.5355e-06  eta: 6:52:30  time: 1.1420  data_time: 0.0012  memory: 65855  loss: 0.2705
2024/07/24 13:48:15 - mmengine - INFO - Exp name: finetune_20240724_105901
2024/07/24 13:49:47 - mmengine - INFO - Epoch(train)  [6][ 700/1476]  base_lr: 8.5355e-06 lr: 8.5355e-06  eta: 6:50:33  time: 1.1419  data_time: 0.0012  memory: 65855  loss: 0.2565
2024/07/24 13:51:41 - mmengine - INFO - Epoch(train)  [6][ 800/1476]  base_lr: 8.5355e-06 lr: 8.5355e-06  eta: 6:48:37  time: 1.1420  data_time: 0.0013  memory: 65855  loss: 0.2815
2024/07/24 13:53:35 - mmengine - INFO - Epoch(train)  [6][ 900/1476]  base_lr: 8.5355e-06 lr: 8.5355e-06  eta: 6:46:41  time: 1.1419  data_time: 0.0012  memory: 65855  loss: 0.2784
2024/07/24 13:55:30 - mmengine - INFO - Epoch(train)  [6][1000/1476]  base_lr: 8.5355e-06 lr: 8.5355e-06  eta: 6:44:45  time: 1.1602  data_time: 0.0015  memory: 65855  loss: 0.2988
2024/07/24 13:57:24 - mmengine - INFO - Epoch(train)  [6][1100/1476]  base_lr: 8.5355e-06 lr: 8.5355e-06  eta: 6:42:48  time: 1.1420  data_time: 0.0012  memory: 65855  loss: 0.3066
2024/07/24 13:59:19 - mmengine - INFO - Epoch(train)  [6][1200/1476]  base_lr: 8.5355e-06 lr: 8.5355e-06  eta: 6:40:52  time: 1.1414  data_time: 0.0014  memory: 65855  loss: 0.3253
2024/07/24 14:01:13 - mmengine - INFO - Epoch(train)  [6][1300/1476]  base_lr: 8.5355e-06 lr: 8.5355e-06  eta: 6:38:56  time: 1.1415  data_time: 0.0011  memory: 65855  loss: 0.3200
2024/07/24 14:03:07 - mmengine - INFO - Epoch(train)  [6][1400/1476]  base_lr: 8.5355e-06 lr: 8.5355e-06  eta: 6:37:00  time: 1.1411  data_time: 0.0012  memory: 65855  loss: 0.3159
2024/07/24 14:04:34 - mmengine - INFO - Exp name: finetune_20240724_105901
2024/07/24 14:04:34 - mmengine - INFO - Saving checkpoint at 6 epochs
2024/07/24 14:07:42 - mmengine - INFO - Epoch(val) [6][73/73]    accuracy/top1: 73.0222  accuracy/top5: 89.4463  single-label/precision: 17.7567  single-label/recall: 16.2806  single-label/f1-score: 16.0815  data_time: 0.0367  time: 2.2191
2024/07/24 14:09:44 - mmengine - INFO - Epoch(train)  [7][ 100/1476]  base_lr: 7.9389e-06 lr: 7.9389e-06  eta: 6:33:51  time: 1.1420  data_time: 0.0014  memory: 65855  loss: 0.1644
2024/07/24 14:10:34 - mmengine - INFO - Exp name: finetune_20240724_105901
2024/07/24 14:11:38 - mmengine - INFO - Epoch(train)  [7][ 200/1476]  base_lr: 7.9389e-06 lr: 7.9389e-06  eta: 6:31:55  time: 1.1429  data_time: 0.0014  memory: 65855  loss: 0.1693
2024/07/24 14:13:32 - mmengine - INFO - Epoch(train)  [7][ 300/1476]  base_lr: 7.9389e-06 lr: 7.9389e-06  eta: 6:29:59  time: 1.1439  data_time: 0.0013  memory: 65855  loss: 0.1684
2024/07/24 14:15:27 - mmengine - INFO - Epoch(train)  [7][ 400/1476]  base_lr: 7.9389e-06 lr: 7.9389e-06  eta: 6:28:02  time: 1.1431  data_time: 0.0013  memory: 65855  loss: 0.1841
2024/07/24 14:17:21 - mmengine - INFO - Epoch(train)  [7][ 500/1476]  base_lr: 7.9389e-06 lr: 7.9389e-06  eta: 6:26:06  time: 1.1422  data_time: 0.0013  memory: 65855  loss: 0.1797
2024/07/24 14:19:15 - mmengine - INFO - Epoch(train)  [7][ 600/1476]  base_lr: 7.9389e-06 lr: 7.9389e-06  eta: 6:24:10  time: 1.1418  data_time: 0.0017  memory: 65855  loss: 0.1958
2024/07/24 14:21:09 - mmengine - INFO - Epoch(train)  [7][ 700/1476]  base_lr: 7.9389e-06 lr: 7.9389e-06  eta: 6:22:13  time: 1.1416  data_time: 0.0013  memory: 65855  loss: 0.1859
2024/07/24 14:23:04 - mmengine - INFO - Epoch(train)  [7][ 800/1476]  base_lr: 7.9389e-06 lr: 7.9389e-06  eta: 6:20:19  time: 1.1560  data_time: 0.0017  memory: 65855  loss: 0.1803
2024/07/24 14:24:59 - mmengine - INFO - Epoch(train)  [7][ 900/1476]  base_lr: 7.9389e-06 lr: 7.9389e-06  eta: 6:18:23  time: 1.1424  data_time: 0.0013  memory: 65855  loss: 0.1830
2024/07/24 14:26:53 - mmengine - INFO - Epoch(train)  [7][1000/1476]  base_lr: 7.9389e-06 lr: 7.9389e-06  eta: 6:16:27  time: 1.1412  data_time: 0.0013  memory: 65855  loss: 0.1934
2024/07/24 14:28:48 - mmengine - INFO - Epoch(train)  [7][1100/1476]  base_lr: 7.9389e-06 lr: 7.9389e-06  eta: 6:14:31  time: 1.1416  data_time: 0.0014  memory: 65855  loss: 0.1903
2024/07/24 14:29:38 - mmengine - INFO - Exp name: finetune_20240724_105901
2024/07/24 14:30:43 - mmengine - INFO - Epoch(train)  [7][1200/1476]  base_lr: 7.9389e-06 lr: 7.9389e-06  eta: 6:12:37  time: 1.1569  data_time: 0.0017  memory: 65855  loss: 0.1923
2024/07/24 14:32:38 - mmengine - INFO - Epoch(train)  [7][1300/1476]  base_lr: 7.9389e-06 lr: 7.9389e-06  eta: 6:10:43  time: 1.1492  data_time: 0.0014  memory: 65855  loss: 0.1767
2024/07/24 14:34:32 - mmengine - INFO - Epoch(train)  [7][1400/1476]  base_lr: 7.9389e-06 lr: 7.9389e-06  eta: 6:08:47  time: 1.1409  data_time: 0.0012  memory: 65855  loss: 0.1965
2024/07/24 14:35:59 - mmengine - INFO - Exp name: finetune_20240724_105901
2024/07/24 14:35:59 - mmengine - INFO - Saving checkpoint at 7 epochs
2024/07/24 14:39:08 - mmengine - INFO - Epoch(val) [7][73/73]    accuracy/top1: 72.6946  accuracy/top5: 89.4516  single-label/precision: 17.7351  single-label/recall: 16.1512  single-label/f1-score: 15.9954  data_time: 0.0314  time: 2.2165
2024/07/24 14:41:07 - mmengine - INFO - Epoch(train)  [8][ 100/1476]  base_lr: 7.2700e-06 lr: 7.2700e-06  eta: 6:05:31  time: 1.1490  data_time: 0.0014  memory: 65855  loss: 0.1072
2024/07/24 14:43:02 - mmengine - INFO - Epoch(train)  [8][ 200/1476]  base_lr: 7.2700e-06 lr: 7.2700e-06  eta: 6:03:37  time: 1.1471  data_time: 0.0013  memory: 65855  loss: 0.1117
2024/07/24 14:44:57 - mmengine - INFO - Epoch(train)  [8][ 300/1476]  base_lr: 7.2700e-06 lr: 7.2700e-06  eta: 6:01:42  time: 1.1479  data_time: 0.0014  memory: 65855  loss: 0.0971
2024/07/24 14:46:52 - mmengine - INFO - Epoch(train)  [8][ 400/1476]  base_lr: 7.2700e-06 lr: 7.2700e-06  eta: 5:59:47  time: 1.1474  data_time: 0.0013  memory: 65855  loss: 0.1037
2024/07/24 14:48:47 - mmengine - INFO - Epoch(train)  [8][ 500/1476]  base_lr: 7.2700e-06 lr: 7.2700e-06  eta: 5:57:52  time: 1.1485  data_time: 0.0013  memory: 65855  loss: 0.1105
2024/07/24 14:50:42 - mmengine - INFO - Epoch(train)  [8][ 600/1476]  base_lr: 7.2700e-06 lr: 7.2700e-06  eta: 5:55:58  time: 1.1507  data_time: 0.0014  memory: 65855  loss: 0.1067
2024/07/24 14:52:01 - mmengine - INFO - Exp name: finetune_20240724_105901
2024/07/24 14:52:37 - mmengine - INFO - Epoch(train)  [8][ 700/1476]  base_lr: 7.2700e-06 lr: 7.2700e-06  eta: 5:54:03  time: 1.1479  data_time: 0.0013  memory: 65855  loss: 0.1079
2024/07/24 14:54:32 - mmengine - INFO - Epoch(train)  [8][ 800/1476]  base_lr: 7.2700e-06 lr: 7.2700e-06  eta: 5:52:09  time: 1.1455  data_time: 0.0012  memory: 65855  loss: 0.1103
2024/07/24 14:56:27 - mmengine - INFO - Epoch(train)  [8][ 900/1476]  base_lr: 7.2700e-06 lr: 7.2700e-06  eta: 5:50:13  time: 1.1415  data_time: 0.0011  memory: 65855  loss: 0.1188
2024/07/24 14:58:21 - mmengine - INFO - Epoch(train)  [8][1000/1476]  base_lr: 7.2700e-06 lr: 7.2700e-06  eta: 5:48:17  time: 1.1401  data_time: 0.0012  memory: 65855  loss: 0.1075
2024/07/24 15:00:15 - mmengine - INFO - Epoch(train)  [8][1100/1476]  base_lr: 7.2700e-06 lr: 7.2700e-06  eta: 5:46:21  time: 1.1404  data_time: 0.0012  memory: 65855  loss: 0.1100
2024/07/24 15:02:09 - mmengine - INFO - Epoch(train)  [8][1200/1476]  base_lr: 7.2700e-06 lr: 7.2700e-06  eta: 5:44:25  time: 1.1633  data_time: 0.0012  memory: 65855  loss: 0.1162
2024/07/24 15:04:04 - mmengine - INFO - Epoch(train)  [8][1300/1476]  base_lr: 7.2700e-06 lr: 7.2700e-06  eta: 5:42:29  time: 1.1427  data_time: 0.0012  memory: 65855  loss: 0.1193
2024/07/24 15:05:58 - mmengine - INFO - Epoch(train)  [8][1400/1476]  base_lr: 7.2700e-06 lr: 7.2700e-06  eta: 5:40:33  time: 1.1409  data_time: 0.0012  memory: 65855  loss: 0.1196
2024/07/24 15:07:24 - mmengine - INFO - Exp name: finetune_20240724_105901
2024/07/24 15:07:24 - mmengine - INFO - Saving checkpoint at 8 epochs
2024/07/24 15:10:31 - mmengine - INFO - Epoch(val) [8][73/73]    accuracy/top1: 72.6677  accuracy/top5: 89.0703  single-label/precision: 17.8118  single-label/recall: 16.2169  single-label/f1-score: 16.0576  data_time: 0.0281  time: 2.2118
2024/07/24 15:12:30 - mmengine - INFO - Epoch(train)  [9][ 100/1476]  base_lr: 6.5451e-06 lr: 6.5451e-06  eta: 5:37:16  time: 1.1380  data_time: 0.0012  memory: 65855  loss: 0.0626
2024/07/24 15:14:15 - mmengine - INFO - Exp name: finetune_20240724_105901
2024/07/24 15:14:24 - mmengine - INFO - Epoch(train)  [9][ 200/1476]  base_lr: 6.5451e-06 lr: 6.5451e-06  eta: 5:35:19  time: 1.1421  data_time: 0.0029  memory: 65855  loss: 0.0617
