2024/08/22 08:52:25 - mmengine - INFO - 
------------------------------------------------------------
System environment:
    sys.platform: linux
    Python: 3.10.12 (main, Jul 29 2024, 16:56:48) [GCC 11.4.0]
    CUDA available: True
    MUSA available: False
    numpy_random_seed: 0
    GPU 0: NVIDIA H100 80GB HBM3
    CUDA_HOME: /usr/local/cuda
    NVCC: Cuda compilation tools, release 12.3, V12.3.107
    GCC: x86_64-linux-gnu-gcc (Ubuntu 11.4.0-1ubuntu1~22.04) 11.4.0
    PyTorch: 2.3.1+cu121
    PyTorch compiling details: PyTorch built with:
  - GCC 9.3
  - C++ Version: 201703
  - Intel(R) oneAPI Math Kernel Library Version 2022.2-Product Build 20220804 for Intel(R) 64 architecture applications
  - Intel(R) MKL-DNN v3.3.6 (Git Hash 86e6af5974177e513fd3fee58425e1063e7f1361)
  - OpenMP 201511 (a.k.a. OpenMP 4.5)
  - LAPACK is enabled (usually provided by MKL)
  - NNPACK is enabled
  - CPU capability usage: AVX512
  - CUDA Runtime 12.1
  - NVCC architecture flags: -gencode;arch=compute_50,code=sm_50;-gencode;arch=compute_60,code=sm_60;-gencode;arch=compute_70,code=sm_70;-gencode;arch=compute_75,code=sm_75;-gencode;arch=compute_80,code=sm_80;-gencode;arch=compute_86,code=sm_86;-gencode;arch=compute_90,code=sm_90
  - CuDNN 8.9.2
  - Magma 2.6.1
  - Build settings: BLAS_INFO=mkl, BUILD_TYPE=Release, CUDA_VERSION=12.1, CUDNN_VERSION=8.9.2, CXX_COMPILER=/opt/rh/devtoolset-9/root/usr/bin/c++, CXX_FLAGS= -D_GLIBCXX_USE_CXX11_ABI=0 -fabi-version=11 -fvisibility-inlines-hidden -DUSE_PTHREADPOOL -DNDEBUG -DUSE_KINETO -DLIBKINETO_NOROCTRACER -DUSE_FBGEMM -DUSE_QNNPACK -DUSE_PYTORCH_QNNPACK -DUSE_XNNPACK -DSYMBOLICATE_MOBILE_DEBUG_HANDLE -O2 -fPIC -Wall -Wextra -Werror=return-type -Werror=non-virtual-dtor -Werror=bool-operation -Wnarrowing -Wno-missing-field-initializers -Wno-type-limits -Wno-array-bounds -Wno-unknown-pragmas -Wno-unused-parameter -Wno-unused-function -Wno-unused-result -Wno-strict-overflow -Wno-strict-aliasing -Wno-stringop-overflow -Wsuggest-override -Wno-psabi -Wno-error=pedantic -Wno-error=old-style-cast -Wno-missing-braces -fdiagnostics-color=always -faligned-new -Wno-unused-but-set-variable -Wno-maybe-uninitialized -fno-math-errno -fno-trapping-math -Werror=format -Wno-stringop-overflow, LAPACK_INFO=mkl, PERF_WITH_AVX=1, PERF_WITH_AVX2=1, PERF_WITH_AVX512=1, TORCH_VERSION=2.3.1, USE_CUDA=ON, USE_CUDNN=ON, USE_CUSPARSELT=1, USE_EXCEPTION_PTR=1, USE_GFLAGS=OFF, USE_GLOG=OFF, USE_GLOO=ON, USE_MKL=ON, USE_MKLDNN=ON, USE_MPI=OFF, USE_NCCL=1, USE_NNPACK=ON, USE_OPENMP=ON, USE_ROCM=OFF, USE_ROCM_KERNEL_ASSERT=OFF, 

    TorchVision: 0.18.1+cu121
    OpenCV: 4.10.0
    MMEngine: 0.10.4

Runtime environment:
    cudnn_benchmark: False
    mp_cfg: {'mp_start_method': 'fork', 'opencv_num_threads': 0}
    dist_cfg: {'backend': 'nccl'}
    seed: 0
    deterministic: True
    Distributed launcher: none
    Distributed training: False
    GPU number: 1
------------------------------------------------------------

2024/08/22 08:52:25 - mmengine - INFO - Config:
auto_scale_lr = dict(base_batch_size=1024)
data_dir = '/mnt/data'
data_preprocessor = dict(
    mean=[
        123.675,
        116.28,
        103.53,
    ],
    num_classes=7806,
    std=[
        58.395,
        57.12,
        57.375,
    ],
    to_rgb=True)
default_hooks = dict(
    checkpoint=dict(interval=1, max_keep_ckpts=5, type='CheckpointHook'),
    logger=dict(interval=100, type='LoggerHook'),
    param_scheduler=dict(type='ParamSchedulerHook'),
    sampler_seed=dict(type='DistSamplerSeedHook'),
    timer=dict(type='IterTimerHook'),
    visualization=dict(enable=False, type='VisualizationHook'))
default_scope = 'mmpretrain'
env_cfg = dict(
    cudnn_benchmark=False,
    dist_cfg=dict(backend='nccl'),
    mp_cfg=dict(mp_start_method='fork', opencv_num_threads=0))
launcher = 'none'
load_from = None
log_level = 'INFO'
model = dict(
    backbone=dict(
        arch='dinov2-small',
        frozen_stages=0,
        img_size=518,
        init_cfg=dict(
            checkpoint=
            'https://download.openmmlab.com/mmpretrain/v1.0/dinov2/vit-small-p14_dinov2-pre_3rdparty_20230426-5641ca5a.pth',
            prefix='backbone',
            type='Pretrained'),
        layer_scale_init_value=1e-05,
        patch_size=14,
        type='VisionTransformer'),
    head=dict(
        in_channels=384,
        init_cfg=dict(
            checkpoint='/mnt/data/saved/20240822_081104_leafcaw_small.pth',
            prefix='head',
            type='Pretrained'),
        loss=dict(type='CrossEntropyLoss'),
        num_classes=7806,
        topk=(
            1,
            5,
        ),
        type='VisionTransformerClsHead'),
    neck=None,
    type='ImageClassifier')
optim_wrapper = dict(
    loss_scale='dynamic',
    optimizer=dict(lr=1e-05, type='AdamW', weight_decay=0.05),
    paramwise_cfg=dict(
        custom_keys=dict(
            cls_token=dict(decay_mult=0.0), mask_token=dict(decay_mult=0.0))),
    type='AmpOptimWrapper')
param_scheduler = [
    dict(T_max=20, by_epoch=True, type='CosineAnnealingLR'),
]
randomness = dict(deterministic=True, seed=0)
resume = False
test_cfg = dict()
test_dataloader = dict(
    batch_size=1024,
    collate_fn=dict(type='default_collate'),
    dataset=dict(
        ann_file='annotation/test_2.txt',
        data_prefix='/mnt/data',
        pipeline=[
            dict(type='LoadImageFromFile'),
            dict(
                backend='pillow',
                edge='short',
                interpolation='bicubic',
                scale=518,
                type='ResizeEdge'),
            dict(crop_size=518, type='CenterCrop'),
            dict(type='PackInputs'),
        ],
        type='CustomDataset'),
    num_workers=20,
    persistent_workers=True,
    pin_memory=True,
    sampler=dict(shuffle=True, type='DefaultSampler'))
test_evaluator = [
    dict(topk=(
        1,
        5,
    ), type='Accuracy'),
    dict(type='SingleLabelMetric'),
]
test_pipeline = [
    dict(type='LoadImageFromFile'),
    dict(
        backend='pillow',
        edge='short',
        interpolation='bicubic',
        scale=518,
        type='ResizeEdge'),
    dict(crop_size=518, type='CenterCrop'),
    dict(type='PackInputs'),
]
train_cfg = dict(by_epoch=True, max_epochs=20, val_interval=1)
train_dataloader = dict(
    batch_size=128,
    collate_fn=dict(type='default_collate'),
    dataset=dict(
        ann_file='annotation/train_2.txt',
        data_prefix='/mnt/data',
        pipeline=[
            dict(type='LoadImageFromFile'),
            dict(
                backend='pillow',
                edge='short',
                interpolation='bicubic',
                scale=518,
                type='ResizeEdge'),
            dict(crop_size=518, type='CenterCrop'),
            dict(type='PackInputs'),
        ],
        type='CustomDataset'),
    num_workers=28,
    persistent_workers=True,
    pin_memory=True,
    sampler=dict(shuffle=True, type='DefaultSampler'))
train_pipeline = [
    dict(type='LoadImageFromFile'),
    dict(
        backend='pillow',
        interpolation='bicubic',
        scale=518,
        type='RandomResizedCrop'),
    dict(direction='horizontal', prob=0.5, type='RandomFlip'),
    dict(type='PackInputs'),
]
val_cfg = dict()
val_dataloader = dict(
    batch_size=128,
    collate_fn=dict(type='default_collate'),
    dataset=dict(
        ann_file='annotation/val_2.txt',
        data_prefix='/mnt/data',
        pipeline=[
            dict(type='LoadImageFromFile'),
            dict(
                backend='pillow',
                edge='short',
                interpolation='bicubic',
                scale=518,
                type='ResizeEdge'),
            dict(crop_size=518, type='CenterCrop'),
            dict(type='PackInputs'),
        ],
        type='CustomDataset'),
    num_workers=28,
    persistent_workers=True,
    pin_memory=True,
    sampler=dict(shuffle=True, type='DefaultSampler'))
val_evaluator = [
    dict(topk=(
        1,
        5,
    ), type='Accuracy'),
    dict(type='SingleLabelMetric'),
]
vis_backends = [
    dict(type='LocalVisBackend'),
]
visualizer = dict(
    type='UniversalVisualizer', vis_backends=[
        dict(type='LocalVisBackend'),
    ])
work_dir = './work_dirs/finetune'

2024/08/22 08:52:26 - mmengine - INFO - Distributed training is not used, all SyncBatchNorm (SyncBN) layers in the model will be automatically reverted to BatchNormXd layers if they are used.
2024/08/22 08:52:26 - mmengine - INFO - Hooks will be executed in the following order:
before_run:
(VERY_HIGH   ) RuntimeInfoHook                    
(BELOW_NORMAL) LoggerHook                         
 -------------------- 
before_train:
(VERY_HIGH   ) RuntimeInfoHook                    
(NORMAL      ) IterTimerHook                      
(VERY_LOW    ) CheckpointHook                     
 -------------------- 
before_train_epoch:
(VERY_HIGH   ) RuntimeInfoHook                    
(NORMAL      ) IterTimerHook                      
(NORMAL      ) DistSamplerSeedHook                
 -------------------- 
before_train_iter:
(VERY_HIGH   ) RuntimeInfoHook                    
(NORMAL      ) IterTimerHook                      
 -------------------- 
after_train_iter:
(VERY_HIGH   ) RuntimeInfoHook                    
(NORMAL      ) IterTimerHook                      
(BELOW_NORMAL) LoggerHook                         
(LOW         ) ParamSchedulerHook                 
(VERY_LOW    ) CheckpointHook                     
 -------------------- 
after_train_epoch:
(NORMAL      ) IterTimerHook                      
(LOW         ) ParamSchedulerHook                 
(VERY_LOW    ) CheckpointHook                     
 -------------------- 
before_val:
(VERY_HIGH   ) RuntimeInfoHook                    
 -------------------- 
before_val_epoch:
(NORMAL      ) IterTimerHook                      
 -------------------- 
before_val_iter:
(NORMAL      ) IterTimerHook                      
 -------------------- 
after_val_iter:
(NORMAL      ) IterTimerHook                      
(NORMAL      ) VisualizationHook                  
(BELOW_NORMAL) LoggerHook                         
 -------------------- 
after_val_epoch:
(VERY_HIGH   ) RuntimeInfoHook                    
(NORMAL      ) IterTimerHook                      
(BELOW_NORMAL) LoggerHook                         
(LOW         ) ParamSchedulerHook                 
(VERY_LOW    ) CheckpointHook                     
 -------------------- 
after_val:
(VERY_HIGH   ) RuntimeInfoHook                    
 -------------------- 
after_train:
(VERY_HIGH   ) RuntimeInfoHook                    
(VERY_LOW    ) CheckpointHook                     
 -------------------- 
before_test:
(VERY_HIGH   ) RuntimeInfoHook                    
 -------------------- 
before_test_epoch:
(NORMAL      ) IterTimerHook                      
 -------------------- 
before_test_iter:
(NORMAL      ) IterTimerHook                      
 -------------------- 
after_test_iter:
(NORMAL      ) IterTimerHook                      
(NORMAL      ) VisualizationHook                  
(BELOW_NORMAL) LoggerHook                         
 -------------------- 
after_test_epoch:
(VERY_HIGH   ) RuntimeInfoHook                    
(NORMAL      ) IterTimerHook                      
(BELOW_NORMAL) LoggerHook                         
 -------------------- 
after_test:
(VERY_HIGH   ) RuntimeInfoHook                    
 -------------------- 
after_run:
(BELOW_NORMAL) LoggerHook                         
 -------------------- 
2024/08/22 08:52:28 - mmengine - INFO - paramwise_options -- backbone.cls_token:lr=1e-05
2024/08/22 08:52:28 - mmengine - INFO - paramwise_options -- backbone.cls_token:weight_decay=0.0
2024/08/22 08:52:28 - mmengine - INFO - paramwise_options -- backbone.cls_token:decay_mult=0.0
2024/08/22 08:52:28 - mmengine - INFO - load backbone in model from: https://download.openmmlab.com/mmpretrain/v1.0/dinov2/vit-small-p14_dinov2-pre_3rdparty_20230426-5641ca5a.pth
2024/08/22 08:52:28 - mmengine - WARNING - The model and loaded state dict do not match exactly

unexpected key in source state_dict: mask_token

2024/08/22 08:52:28 - mmengine - INFO - load head in model from: /mnt/data/saved/20240822_081104_leafcaw_small.pth
Name of parameter - Initialization information

backbone.cls_token - torch.Size([1, 1, 384]): 
PretrainedInit: load from https://download.openmmlab.com/mmpretrain/v1.0/dinov2/vit-small-p14_dinov2-pre_3rdparty_20230426-5641ca5a.pth 

backbone.pos_embed - torch.Size([1, 1370, 384]): 
PretrainedInit: load from https://download.openmmlab.com/mmpretrain/v1.0/dinov2/vit-small-p14_dinov2-pre_3rdparty_20230426-5641ca5a.pth 

backbone.patch_embed.projection.weight - torch.Size([384, 3, 14, 14]): 
PretrainedInit: load from https://download.openmmlab.com/mmpretrain/v1.0/dinov2/vit-small-p14_dinov2-pre_3rdparty_20230426-5641ca5a.pth 

backbone.patch_embed.projection.bias - torch.Size([384]): 
PretrainedInit: load from https://download.openmmlab.com/mmpretrain/v1.0/dinov2/vit-small-p14_dinov2-pre_3rdparty_20230426-5641ca5a.pth 

backbone.layers.0.ln1.weight - torch.Size([384]): 
PretrainedInit: load from https://download.openmmlab.com/mmpretrain/v1.0/dinov2/vit-small-p14_dinov2-pre_3rdparty_20230426-5641ca5a.pth 

backbone.layers.0.ln1.bias - torch.Size([384]): 
PretrainedInit: load from https://download.openmmlab.com/mmpretrain/v1.0/dinov2/vit-small-p14_dinov2-pre_3rdparty_20230426-5641ca5a.pth 

backbone.layers.0.attn.qkv.weight - torch.Size([1152, 384]): 
PretrainedInit: load from https://download.openmmlab.com/mmpretrain/v1.0/dinov2/vit-small-p14_dinov2-pre_3rdparty_20230426-5641ca5a.pth 

backbone.layers.0.attn.qkv.bias - torch.Size([1152]): 
PretrainedInit: load from https://download.openmmlab.com/mmpretrain/v1.0/dinov2/vit-small-p14_dinov2-pre_3rdparty_20230426-5641ca5a.pth 

backbone.layers.0.attn.proj.weight - torch.Size([384, 384]): 
PretrainedInit: load from https://download.openmmlab.com/mmpretrain/v1.0/dinov2/vit-small-p14_dinov2-pre_3rdparty_20230426-5641ca5a.pth 

backbone.layers.0.attn.proj.bias - torch.Size([384]): 
PretrainedInit: load from https://download.openmmlab.com/mmpretrain/v1.0/dinov2/vit-small-p14_dinov2-pre_3rdparty_20230426-5641ca5a.pth 

backbone.layers.0.attn.gamma1.weight - torch.Size([384]): 
PretrainedInit: load from https://download.openmmlab.com/mmpretrain/v1.0/dinov2/vit-small-p14_dinov2-pre_3rdparty_20230426-5641ca5a.pth 

backbone.layers.0.ln2.weight - torch.Size([384]): 
PretrainedInit: load from https://download.openmmlab.com/mmpretrain/v1.0/dinov2/vit-small-p14_dinov2-pre_3rdparty_20230426-5641ca5a.pth 

backbone.layers.0.ln2.bias - torch.Size([384]): 
PretrainedInit: load from https://download.openmmlab.com/mmpretrain/v1.0/dinov2/vit-small-p14_dinov2-pre_3rdparty_20230426-5641ca5a.pth 

backbone.layers.0.ffn.layers.0.0.weight - torch.Size([1536, 384]): 
PretrainedInit: load from https://download.openmmlab.com/mmpretrain/v1.0/dinov2/vit-small-p14_dinov2-pre_3rdparty_20230426-5641ca5a.pth 

backbone.layers.0.ffn.layers.0.0.bias - torch.Size([1536]): 
PretrainedInit: load from https://download.openmmlab.com/mmpretrain/v1.0/dinov2/vit-small-p14_dinov2-pre_3rdparty_20230426-5641ca5a.pth 

backbone.layers.0.ffn.layers.1.weight - torch.Size([384, 1536]): 
PretrainedInit: load from https://download.openmmlab.com/mmpretrain/v1.0/dinov2/vit-small-p14_dinov2-pre_3rdparty_20230426-5641ca5a.pth 

backbone.layers.0.ffn.layers.1.bias - torch.Size([384]): 
PretrainedInit: load from https://download.openmmlab.com/mmpretrain/v1.0/dinov2/vit-small-p14_dinov2-pre_3rdparty_20230426-5641ca5a.pth 

backbone.layers.0.ffn.gamma2.weight - torch.Size([384]): 
PretrainedInit: load from https://download.openmmlab.com/mmpretrain/v1.0/dinov2/vit-small-p14_dinov2-pre_3rdparty_20230426-5641ca5a.pth 

backbone.layers.1.ln1.weight - torch.Size([384]): 
PretrainedInit: load from https://download.openmmlab.com/mmpretrain/v1.0/dinov2/vit-small-p14_dinov2-pre_3rdparty_20230426-5641ca5a.pth 

backbone.layers.1.ln1.bias - torch.Size([384]): 
PretrainedInit: load from https://download.openmmlab.com/mmpretrain/v1.0/dinov2/vit-small-p14_dinov2-pre_3rdparty_20230426-5641ca5a.pth 

backbone.layers.1.attn.qkv.weight - torch.Size([1152, 384]): 
PretrainedInit: load from https://download.openmmlab.com/mmpretrain/v1.0/dinov2/vit-small-p14_dinov2-pre_3rdparty_20230426-5641ca5a.pth 

backbone.layers.1.attn.qkv.bias - torch.Size([1152]): 
PretrainedInit: load from https://download.openmmlab.com/mmpretrain/v1.0/dinov2/vit-small-p14_dinov2-pre_3rdparty_20230426-5641ca5a.pth 

backbone.layers.1.attn.proj.weight - torch.Size([384, 384]): 
PretrainedInit: load from https://download.openmmlab.com/mmpretrain/v1.0/dinov2/vit-small-p14_dinov2-pre_3rdparty_20230426-5641ca5a.pth 

backbone.layers.1.attn.proj.bias - torch.Size([384]): 
PretrainedInit: load from https://download.openmmlab.com/mmpretrain/v1.0/dinov2/vit-small-p14_dinov2-pre_3rdparty_20230426-5641ca5a.pth 

backbone.layers.1.attn.gamma1.weight - torch.Size([384]): 
PretrainedInit: load from https://download.openmmlab.com/mmpretrain/v1.0/dinov2/vit-small-p14_dinov2-pre_3rdparty_20230426-5641ca5a.pth 

backbone.layers.1.ln2.weight - torch.Size([384]): 
PretrainedInit: load from https://download.openmmlab.com/mmpretrain/v1.0/dinov2/vit-small-p14_dinov2-pre_3rdparty_20230426-5641ca5a.pth 

backbone.layers.1.ln2.bias - torch.Size([384]): 
PretrainedInit: load from https://download.openmmlab.com/mmpretrain/v1.0/dinov2/vit-small-p14_dinov2-pre_3rdparty_20230426-5641ca5a.pth 

backbone.layers.1.ffn.layers.0.0.weight - torch.Size([1536, 384]): 
PretrainedInit: load from https://download.openmmlab.com/mmpretrain/v1.0/dinov2/vit-small-p14_dinov2-pre_3rdparty_20230426-5641ca5a.pth 

backbone.layers.1.ffn.layers.0.0.bias - torch.Size([1536]): 
PretrainedInit: load from https://download.openmmlab.com/mmpretrain/v1.0/dinov2/vit-small-p14_dinov2-pre_3rdparty_20230426-5641ca5a.pth 

backbone.layers.1.ffn.layers.1.weight - torch.Size([384, 1536]): 
PretrainedInit: load from https://download.openmmlab.com/mmpretrain/v1.0/dinov2/vit-small-p14_dinov2-pre_3rdparty_20230426-5641ca5a.pth 

backbone.layers.1.ffn.layers.1.bias - torch.Size([384]): 
PretrainedInit: load from https://download.openmmlab.com/mmpretrain/v1.0/dinov2/vit-small-p14_dinov2-pre_3rdparty_20230426-5641ca5a.pth 

backbone.layers.1.ffn.gamma2.weight - torch.Size([384]): 
PretrainedInit: load from https://download.openmmlab.com/mmpretrain/v1.0/dinov2/vit-small-p14_dinov2-pre_3rdparty_20230426-5641ca5a.pth 

backbone.layers.2.ln1.weight - torch.Size([384]): 
PretrainedInit: load from https://download.openmmlab.com/mmpretrain/v1.0/dinov2/vit-small-p14_dinov2-pre_3rdparty_20230426-5641ca5a.pth 

backbone.layers.2.ln1.bias - torch.Size([384]): 
PretrainedInit: load from https://download.openmmlab.com/mmpretrain/v1.0/dinov2/vit-small-p14_dinov2-pre_3rdparty_20230426-5641ca5a.pth 

backbone.layers.2.attn.qkv.weight - torch.Size([1152, 384]): 
PretrainedInit: load from https://download.openmmlab.com/mmpretrain/v1.0/dinov2/vit-small-p14_dinov2-pre_3rdparty_20230426-5641ca5a.pth 

backbone.layers.2.attn.qkv.bias - torch.Size([1152]): 
PretrainedInit: load from https://download.openmmlab.com/mmpretrain/v1.0/dinov2/vit-small-p14_dinov2-pre_3rdparty_20230426-5641ca5a.pth 

backbone.layers.2.attn.proj.weight - torch.Size([384, 384]): 
PretrainedInit: load from https://download.openmmlab.com/mmpretrain/v1.0/dinov2/vit-small-p14_dinov2-pre_3rdparty_20230426-5641ca5a.pth 

backbone.layers.2.attn.proj.bias - torch.Size([384]): 
PretrainedInit: load from https://download.openmmlab.com/mmpretrain/v1.0/dinov2/vit-small-p14_dinov2-pre_3rdparty_20230426-5641ca5a.pth 

backbone.layers.2.attn.gamma1.weight - torch.Size([384]): 
PretrainedInit: load from https://download.openmmlab.com/mmpretrain/v1.0/dinov2/vit-small-p14_dinov2-pre_3rdparty_20230426-5641ca5a.pth 

backbone.layers.2.ln2.weight - torch.Size([384]): 
PretrainedInit: load from https://download.openmmlab.com/mmpretrain/v1.0/dinov2/vit-small-p14_dinov2-pre_3rdparty_20230426-5641ca5a.pth 

backbone.layers.2.ln2.bias - torch.Size([384]): 
PretrainedInit: load from https://download.openmmlab.com/mmpretrain/v1.0/dinov2/vit-small-p14_dinov2-pre_3rdparty_20230426-5641ca5a.pth 

backbone.layers.2.ffn.layers.0.0.weight - torch.Size([1536, 384]): 
PretrainedInit: load from https://download.openmmlab.com/mmpretrain/v1.0/dinov2/vit-small-p14_dinov2-pre_3rdparty_20230426-5641ca5a.pth 

backbone.layers.2.ffn.layers.0.0.bias - torch.Size([1536]): 
PretrainedInit: load from https://download.openmmlab.com/mmpretrain/v1.0/dinov2/vit-small-p14_dinov2-pre_3rdparty_20230426-5641ca5a.pth 

backbone.layers.2.ffn.layers.1.weight - torch.Size([384, 1536]): 
PretrainedInit: load from https://download.openmmlab.com/mmpretrain/v1.0/dinov2/vit-small-p14_dinov2-pre_3rdparty_20230426-5641ca5a.pth 

backbone.layers.2.ffn.layers.1.bias - torch.Size([384]): 
PretrainedInit: load from https://download.openmmlab.com/mmpretrain/v1.0/dinov2/vit-small-p14_dinov2-pre_3rdparty_20230426-5641ca5a.pth 

backbone.layers.2.ffn.gamma2.weight - torch.Size([384]): 
PretrainedInit: load from https://download.openmmlab.com/mmpretrain/v1.0/dinov2/vit-small-p14_dinov2-pre_3rdparty_20230426-5641ca5a.pth 

backbone.layers.3.ln1.weight - torch.Size([384]): 
PretrainedInit: load from https://download.openmmlab.com/mmpretrain/v1.0/dinov2/vit-small-p14_dinov2-pre_3rdparty_20230426-5641ca5a.pth 

backbone.layers.3.ln1.bias - torch.Size([384]): 
PretrainedInit: load from https://download.openmmlab.com/mmpretrain/v1.0/dinov2/vit-small-p14_dinov2-pre_3rdparty_20230426-5641ca5a.pth 

backbone.layers.3.attn.qkv.weight - torch.Size([1152, 384]): 
PretrainedInit: load from https://download.openmmlab.com/mmpretrain/v1.0/dinov2/vit-small-p14_dinov2-pre_3rdparty_20230426-5641ca5a.pth 

backbone.layers.3.attn.qkv.bias - torch.Size([1152]): 
PretrainedInit: load from https://download.openmmlab.com/mmpretrain/v1.0/dinov2/vit-small-p14_dinov2-pre_3rdparty_20230426-5641ca5a.pth 

backbone.layers.3.attn.proj.weight - torch.Size([384, 384]): 
PretrainedInit: load from https://download.openmmlab.com/mmpretrain/v1.0/dinov2/vit-small-p14_dinov2-pre_3rdparty_20230426-5641ca5a.pth 

backbone.layers.3.attn.proj.bias - torch.Size([384]): 
PretrainedInit: load from https://download.openmmlab.com/mmpretrain/v1.0/dinov2/vit-small-p14_dinov2-pre_3rdparty_20230426-5641ca5a.pth 

backbone.layers.3.attn.gamma1.weight - torch.Size([384]): 
PretrainedInit: load from https://download.openmmlab.com/mmpretrain/v1.0/dinov2/vit-small-p14_dinov2-pre_3rdparty_20230426-5641ca5a.pth 

backbone.layers.3.ln2.weight - torch.Size([384]): 
PretrainedInit: load from https://download.openmmlab.com/mmpretrain/v1.0/dinov2/vit-small-p14_dinov2-pre_3rdparty_20230426-5641ca5a.pth 

backbone.layers.3.ln2.bias - torch.Size([384]): 
PretrainedInit: load from https://download.openmmlab.com/mmpretrain/v1.0/dinov2/vit-small-p14_dinov2-pre_3rdparty_20230426-5641ca5a.pth 

backbone.layers.3.ffn.layers.0.0.weight - torch.Size([1536, 384]): 
PretrainedInit: load from https://download.openmmlab.com/mmpretrain/v1.0/dinov2/vit-small-p14_dinov2-pre_3rdparty_20230426-5641ca5a.pth 

backbone.layers.3.ffn.layers.0.0.bias - torch.Size([1536]): 
PretrainedInit: load from https://download.openmmlab.com/mmpretrain/v1.0/dinov2/vit-small-p14_dinov2-pre_3rdparty_20230426-5641ca5a.pth 

backbone.layers.3.ffn.layers.1.weight - torch.Size([384, 1536]): 
PretrainedInit: load from https://download.openmmlab.com/mmpretrain/v1.0/dinov2/vit-small-p14_dinov2-pre_3rdparty_20230426-5641ca5a.pth 

backbone.layers.3.ffn.layers.1.bias - torch.Size([384]): 
PretrainedInit: load from https://download.openmmlab.com/mmpretrain/v1.0/dinov2/vit-small-p14_dinov2-pre_3rdparty_20230426-5641ca5a.pth 

backbone.layers.3.ffn.gamma2.weight - torch.Size([384]): 
PretrainedInit: load from https://download.openmmlab.com/mmpretrain/v1.0/dinov2/vit-small-p14_dinov2-pre_3rdparty_20230426-5641ca5a.pth 

backbone.layers.4.ln1.weight - torch.Size([384]): 
PretrainedInit: load from https://download.openmmlab.com/mmpretrain/v1.0/dinov2/vit-small-p14_dinov2-pre_3rdparty_20230426-5641ca5a.pth 

backbone.layers.4.ln1.bias - torch.Size([384]): 
PretrainedInit: load from https://download.openmmlab.com/mmpretrain/v1.0/dinov2/vit-small-p14_dinov2-pre_3rdparty_20230426-5641ca5a.pth 

backbone.layers.4.attn.qkv.weight - torch.Size([1152, 384]): 
PretrainedInit: load from https://download.openmmlab.com/mmpretrain/v1.0/dinov2/vit-small-p14_dinov2-pre_3rdparty_20230426-5641ca5a.pth 

backbone.layers.4.attn.qkv.bias - torch.Size([1152]): 
PretrainedInit: load from https://download.openmmlab.com/mmpretrain/v1.0/dinov2/vit-small-p14_dinov2-pre_3rdparty_20230426-5641ca5a.pth 

backbone.layers.4.attn.proj.weight - torch.Size([384, 384]): 
PretrainedInit: load from https://download.openmmlab.com/mmpretrain/v1.0/dinov2/vit-small-p14_dinov2-pre_3rdparty_20230426-5641ca5a.pth 

backbone.layers.4.attn.proj.bias - torch.Size([384]): 
PretrainedInit: load from https://download.openmmlab.com/mmpretrain/v1.0/dinov2/vit-small-p14_dinov2-pre_3rdparty_20230426-5641ca5a.pth 

backbone.layers.4.attn.gamma1.weight - torch.Size([384]): 
PretrainedInit: load from https://download.openmmlab.com/mmpretrain/v1.0/dinov2/vit-small-p14_dinov2-pre_3rdparty_20230426-5641ca5a.pth 

backbone.layers.4.ln2.weight - torch.Size([384]): 
PretrainedInit: load from https://download.openmmlab.com/mmpretrain/v1.0/dinov2/vit-small-p14_dinov2-pre_3rdparty_20230426-5641ca5a.pth 

backbone.layers.4.ln2.bias - torch.Size([384]): 
PretrainedInit: load from https://download.openmmlab.com/mmpretrain/v1.0/dinov2/vit-small-p14_dinov2-pre_3rdparty_20230426-5641ca5a.pth 

backbone.layers.4.ffn.layers.0.0.weight - torch.Size([1536, 384]): 
PretrainedInit: load from https://download.openmmlab.com/mmpretrain/v1.0/dinov2/vit-small-p14_dinov2-pre_3rdparty_20230426-5641ca5a.pth 

backbone.layers.4.ffn.layers.0.0.bias - torch.Size([1536]): 
PretrainedInit: load from https://download.openmmlab.com/mmpretrain/v1.0/dinov2/vit-small-p14_dinov2-pre_3rdparty_20230426-5641ca5a.pth 

backbone.layers.4.ffn.layers.1.weight - torch.Size([384, 1536]): 
PretrainedInit: load from https://download.openmmlab.com/mmpretrain/v1.0/dinov2/vit-small-p14_dinov2-pre_3rdparty_20230426-5641ca5a.pth 

backbone.layers.4.ffn.layers.1.bias - torch.Size([384]): 
PretrainedInit: load from https://download.openmmlab.com/mmpretrain/v1.0/dinov2/vit-small-p14_dinov2-pre_3rdparty_20230426-5641ca5a.pth 

backbone.layers.4.ffn.gamma2.weight - torch.Size([384]): 
PretrainedInit: load from https://download.openmmlab.com/mmpretrain/v1.0/dinov2/vit-small-p14_dinov2-pre_3rdparty_20230426-5641ca5a.pth 

backbone.layers.5.ln1.weight - torch.Size([384]): 
PretrainedInit: load from https://download.openmmlab.com/mmpretrain/v1.0/dinov2/vit-small-p14_dinov2-pre_3rdparty_20230426-5641ca5a.pth 

backbone.layers.5.ln1.bias - torch.Size([384]): 
PretrainedInit: load from https://download.openmmlab.com/mmpretrain/v1.0/dinov2/vit-small-p14_dinov2-pre_3rdparty_20230426-5641ca5a.pth 

backbone.layers.5.attn.qkv.weight - torch.Size([1152, 384]): 
PretrainedInit: load from https://download.openmmlab.com/mmpretrain/v1.0/dinov2/vit-small-p14_dinov2-pre_3rdparty_20230426-5641ca5a.pth 

backbone.layers.5.attn.qkv.bias - torch.Size([1152]): 
PretrainedInit: load from https://download.openmmlab.com/mmpretrain/v1.0/dinov2/vit-small-p14_dinov2-pre_3rdparty_20230426-5641ca5a.pth 

backbone.layers.5.attn.proj.weight - torch.Size([384, 384]): 
PretrainedInit: load from https://download.openmmlab.com/mmpretrain/v1.0/dinov2/vit-small-p14_dinov2-pre_3rdparty_20230426-5641ca5a.pth 

backbone.layers.5.attn.proj.bias - torch.Size([384]): 
PretrainedInit: load from https://download.openmmlab.com/mmpretrain/v1.0/dinov2/vit-small-p14_dinov2-pre_3rdparty_20230426-5641ca5a.pth 

backbone.layers.5.attn.gamma1.weight - torch.Size([384]): 
PretrainedInit: load from https://download.openmmlab.com/mmpretrain/v1.0/dinov2/vit-small-p14_dinov2-pre_3rdparty_20230426-5641ca5a.pth 

backbone.layers.5.ln2.weight - torch.Size([384]): 
PretrainedInit: load from https://download.openmmlab.com/mmpretrain/v1.0/dinov2/vit-small-p14_dinov2-pre_3rdparty_20230426-5641ca5a.pth 

backbone.layers.5.ln2.bias - torch.Size([384]): 
PretrainedInit: load from https://download.openmmlab.com/mmpretrain/v1.0/dinov2/vit-small-p14_dinov2-pre_3rdparty_20230426-5641ca5a.pth 

backbone.layers.5.ffn.layers.0.0.weight - torch.Size([1536, 384]): 
PretrainedInit: load from https://download.openmmlab.com/mmpretrain/v1.0/dinov2/vit-small-p14_dinov2-pre_3rdparty_20230426-5641ca5a.pth 

backbone.layers.5.ffn.layers.0.0.bias - torch.Size([1536]): 
PretrainedInit: load from https://download.openmmlab.com/mmpretrain/v1.0/dinov2/vit-small-p14_dinov2-pre_3rdparty_20230426-5641ca5a.pth 

backbone.layers.5.ffn.layers.1.weight - torch.Size([384, 1536]): 
PretrainedInit: load from https://download.openmmlab.com/mmpretrain/v1.0/dinov2/vit-small-p14_dinov2-pre_3rdparty_20230426-5641ca5a.pth 

backbone.layers.5.ffn.layers.1.bias - torch.Size([384]): 
PretrainedInit: load from https://download.openmmlab.com/mmpretrain/v1.0/dinov2/vit-small-p14_dinov2-pre_3rdparty_20230426-5641ca5a.pth 

backbone.layers.5.ffn.gamma2.weight - torch.Size([384]): 
PretrainedInit: load from https://download.openmmlab.com/mmpretrain/v1.0/dinov2/vit-small-p14_dinov2-pre_3rdparty_20230426-5641ca5a.pth 

backbone.layers.6.ln1.weight - torch.Size([384]): 
PretrainedInit: load from https://download.openmmlab.com/mmpretrain/v1.0/dinov2/vit-small-p14_dinov2-pre_3rdparty_20230426-5641ca5a.pth 

backbone.layers.6.ln1.bias - torch.Size([384]): 
PretrainedInit: load from https://download.openmmlab.com/mmpretrain/v1.0/dinov2/vit-small-p14_dinov2-pre_3rdparty_20230426-5641ca5a.pth 

backbone.layers.6.attn.qkv.weight - torch.Size([1152, 384]): 
PretrainedInit: load from https://download.openmmlab.com/mmpretrain/v1.0/dinov2/vit-small-p14_dinov2-pre_3rdparty_20230426-5641ca5a.pth 

backbone.layers.6.attn.qkv.bias - torch.Size([1152]): 
PretrainedInit: load from https://download.openmmlab.com/mmpretrain/v1.0/dinov2/vit-small-p14_dinov2-pre_3rdparty_20230426-5641ca5a.pth 

backbone.layers.6.attn.proj.weight - torch.Size([384, 384]): 
PretrainedInit: load from https://download.openmmlab.com/mmpretrain/v1.0/dinov2/vit-small-p14_dinov2-pre_3rdparty_20230426-5641ca5a.pth 

backbone.layers.6.attn.proj.bias - torch.Size([384]): 
PretrainedInit: load from https://download.openmmlab.com/mmpretrain/v1.0/dinov2/vit-small-p14_dinov2-pre_3rdparty_20230426-5641ca5a.pth 

backbone.layers.6.attn.gamma1.weight - torch.Size([384]): 
PretrainedInit: load from https://download.openmmlab.com/mmpretrain/v1.0/dinov2/vit-small-p14_dinov2-pre_3rdparty_20230426-5641ca5a.pth 

backbone.layers.6.ln2.weight - torch.Size([384]): 
PretrainedInit: load from https://download.openmmlab.com/mmpretrain/v1.0/dinov2/vit-small-p14_dinov2-pre_3rdparty_20230426-5641ca5a.pth 

backbone.layers.6.ln2.bias - torch.Size([384]): 
PretrainedInit: load from https://download.openmmlab.com/mmpretrain/v1.0/dinov2/vit-small-p14_dinov2-pre_3rdparty_20230426-5641ca5a.pth 

backbone.layers.6.ffn.layers.0.0.weight - torch.Size([1536, 384]): 
PretrainedInit: load from https://download.openmmlab.com/mmpretrain/v1.0/dinov2/vit-small-p14_dinov2-pre_3rdparty_20230426-5641ca5a.pth 

backbone.layers.6.ffn.layers.0.0.bias - torch.Size([1536]): 
PretrainedInit: load from https://download.openmmlab.com/mmpretrain/v1.0/dinov2/vit-small-p14_dinov2-pre_3rdparty_20230426-5641ca5a.pth 

backbone.layers.6.ffn.layers.1.weight - torch.Size([384, 1536]): 
PretrainedInit: load from https://download.openmmlab.com/mmpretrain/v1.0/dinov2/vit-small-p14_dinov2-pre_3rdparty_20230426-5641ca5a.pth 

backbone.layers.6.ffn.layers.1.bias - torch.Size([384]): 
PretrainedInit: load from https://download.openmmlab.com/mmpretrain/v1.0/dinov2/vit-small-p14_dinov2-pre_3rdparty_20230426-5641ca5a.pth 

backbone.layers.6.ffn.gamma2.weight - torch.Size([384]): 
PretrainedInit: load from https://download.openmmlab.com/mmpretrain/v1.0/dinov2/vit-small-p14_dinov2-pre_3rdparty_20230426-5641ca5a.pth 

backbone.layers.7.ln1.weight - torch.Size([384]): 
PretrainedInit: load from https://download.openmmlab.com/mmpretrain/v1.0/dinov2/vit-small-p14_dinov2-pre_3rdparty_20230426-5641ca5a.pth 

backbone.layers.7.ln1.bias - torch.Size([384]): 
PretrainedInit: load from https://download.openmmlab.com/mmpretrain/v1.0/dinov2/vit-small-p14_dinov2-pre_3rdparty_20230426-5641ca5a.pth 

backbone.layers.7.attn.qkv.weight - torch.Size([1152, 384]): 
PretrainedInit: load from https://download.openmmlab.com/mmpretrain/v1.0/dinov2/vit-small-p14_dinov2-pre_3rdparty_20230426-5641ca5a.pth 

backbone.layers.7.attn.qkv.bias - torch.Size([1152]): 
PretrainedInit: load from https://download.openmmlab.com/mmpretrain/v1.0/dinov2/vit-small-p14_dinov2-pre_3rdparty_20230426-5641ca5a.pth 

backbone.layers.7.attn.proj.weight - torch.Size([384, 384]): 
PretrainedInit: load from https://download.openmmlab.com/mmpretrain/v1.0/dinov2/vit-small-p14_dinov2-pre_3rdparty_20230426-5641ca5a.pth 

backbone.layers.7.attn.proj.bias - torch.Size([384]): 
PretrainedInit: load from https://download.openmmlab.com/mmpretrain/v1.0/dinov2/vit-small-p14_dinov2-pre_3rdparty_20230426-5641ca5a.pth 

backbone.layers.7.attn.gamma1.weight - torch.Size([384]): 
PretrainedInit: load from https://download.openmmlab.com/mmpretrain/v1.0/dinov2/vit-small-p14_dinov2-pre_3rdparty_20230426-5641ca5a.pth 

backbone.layers.7.ln2.weight - torch.Size([384]): 
PretrainedInit: load from https://download.openmmlab.com/mmpretrain/v1.0/dinov2/vit-small-p14_dinov2-pre_3rdparty_20230426-5641ca5a.pth 

backbone.layers.7.ln2.bias - torch.Size([384]): 
PretrainedInit: load from https://download.openmmlab.com/mmpretrain/v1.0/dinov2/vit-small-p14_dinov2-pre_3rdparty_20230426-5641ca5a.pth 

backbone.layers.7.ffn.layers.0.0.weight - torch.Size([1536, 384]): 
PretrainedInit: load from https://download.openmmlab.com/mmpretrain/v1.0/dinov2/vit-small-p14_dinov2-pre_3rdparty_20230426-5641ca5a.pth 

backbone.layers.7.ffn.layers.0.0.bias - torch.Size([1536]): 
PretrainedInit: load from https://download.openmmlab.com/mmpretrain/v1.0/dinov2/vit-small-p14_dinov2-pre_3rdparty_20230426-5641ca5a.pth 

backbone.layers.7.ffn.layers.1.weight - torch.Size([384, 1536]): 
PretrainedInit: load from https://download.openmmlab.com/mmpretrain/v1.0/dinov2/vit-small-p14_dinov2-pre_3rdparty_20230426-5641ca5a.pth 

backbone.layers.7.ffn.layers.1.bias - torch.Size([384]): 
PretrainedInit: load from https://download.openmmlab.com/mmpretrain/v1.0/dinov2/vit-small-p14_dinov2-pre_3rdparty_20230426-5641ca5a.pth 

backbone.layers.7.ffn.gamma2.weight - torch.Size([384]): 
PretrainedInit: load from https://download.openmmlab.com/mmpretrain/v1.0/dinov2/vit-small-p14_dinov2-pre_3rdparty_20230426-5641ca5a.pth 

backbone.layers.8.ln1.weight - torch.Size([384]): 
PretrainedInit: load from https://download.openmmlab.com/mmpretrain/v1.0/dinov2/vit-small-p14_dinov2-pre_3rdparty_20230426-5641ca5a.pth 

backbone.layers.8.ln1.bias - torch.Size([384]): 
PretrainedInit: load from https://download.openmmlab.com/mmpretrain/v1.0/dinov2/vit-small-p14_dinov2-pre_3rdparty_20230426-5641ca5a.pth 

backbone.layers.8.attn.qkv.weight - torch.Size([1152, 384]): 
PretrainedInit: load from https://download.openmmlab.com/mmpretrain/v1.0/dinov2/vit-small-p14_dinov2-pre_3rdparty_20230426-5641ca5a.pth 

backbone.layers.8.attn.qkv.bias - torch.Size([1152]): 
PretrainedInit: load from https://download.openmmlab.com/mmpretrain/v1.0/dinov2/vit-small-p14_dinov2-pre_3rdparty_20230426-5641ca5a.pth 

backbone.layers.8.attn.proj.weight - torch.Size([384, 384]): 
PretrainedInit: load from https://download.openmmlab.com/mmpretrain/v1.0/dinov2/vit-small-p14_dinov2-pre_3rdparty_20230426-5641ca5a.pth 

backbone.layers.8.attn.proj.bias - torch.Size([384]): 
PretrainedInit: load from https://download.openmmlab.com/mmpretrain/v1.0/dinov2/vit-small-p14_dinov2-pre_3rdparty_20230426-5641ca5a.pth 

backbone.layers.8.attn.gamma1.weight - torch.Size([384]): 
PretrainedInit: load from https://download.openmmlab.com/mmpretrain/v1.0/dinov2/vit-small-p14_dinov2-pre_3rdparty_20230426-5641ca5a.pth 

backbone.layers.8.ln2.weight - torch.Size([384]): 
PretrainedInit: load from https://download.openmmlab.com/mmpretrain/v1.0/dinov2/vit-small-p14_dinov2-pre_3rdparty_20230426-5641ca5a.pth 

backbone.layers.8.ln2.bias - torch.Size([384]): 
PretrainedInit: load from https://download.openmmlab.com/mmpretrain/v1.0/dinov2/vit-small-p14_dinov2-pre_3rdparty_20230426-5641ca5a.pth 

backbone.layers.8.ffn.layers.0.0.weight - torch.Size([1536, 384]): 
PretrainedInit: load from https://download.openmmlab.com/mmpretrain/v1.0/dinov2/vit-small-p14_dinov2-pre_3rdparty_20230426-5641ca5a.pth 

backbone.layers.8.ffn.layers.0.0.bias - torch.Size([1536]): 
PretrainedInit: load from https://download.openmmlab.com/mmpretrain/v1.0/dinov2/vit-small-p14_dinov2-pre_3rdparty_20230426-5641ca5a.pth 

backbone.layers.8.ffn.layers.1.weight - torch.Size([384, 1536]): 
PretrainedInit: load from https://download.openmmlab.com/mmpretrain/v1.0/dinov2/vit-small-p14_dinov2-pre_3rdparty_20230426-5641ca5a.pth 

backbone.layers.8.ffn.layers.1.bias - torch.Size([384]): 
PretrainedInit: load from https://download.openmmlab.com/mmpretrain/v1.0/dinov2/vit-small-p14_dinov2-pre_3rdparty_20230426-5641ca5a.pth 

backbone.layers.8.ffn.gamma2.weight - torch.Size([384]): 
PretrainedInit: load from https://download.openmmlab.com/mmpretrain/v1.0/dinov2/vit-small-p14_dinov2-pre_3rdparty_20230426-5641ca5a.pth 

backbone.layers.9.ln1.weight - torch.Size([384]): 
PretrainedInit: load from https://download.openmmlab.com/mmpretrain/v1.0/dinov2/vit-small-p14_dinov2-pre_3rdparty_20230426-5641ca5a.pth 

backbone.layers.9.ln1.bias - torch.Size([384]): 
PretrainedInit: load from https://download.openmmlab.com/mmpretrain/v1.0/dinov2/vit-small-p14_dinov2-pre_3rdparty_20230426-5641ca5a.pth 

backbone.layers.9.attn.qkv.weight - torch.Size([1152, 384]): 
PretrainedInit: load from https://download.openmmlab.com/mmpretrain/v1.0/dinov2/vit-small-p14_dinov2-pre_3rdparty_20230426-5641ca5a.pth 

backbone.layers.9.attn.qkv.bias - torch.Size([1152]): 
PretrainedInit: load from https://download.openmmlab.com/mmpretrain/v1.0/dinov2/vit-small-p14_dinov2-pre_3rdparty_20230426-5641ca5a.pth 

backbone.layers.9.attn.proj.weight - torch.Size([384, 384]): 
PretrainedInit: load from https://download.openmmlab.com/mmpretrain/v1.0/dinov2/vit-small-p14_dinov2-pre_3rdparty_20230426-5641ca5a.pth 

backbone.layers.9.attn.proj.bias - torch.Size([384]): 
PretrainedInit: load from https://download.openmmlab.com/mmpretrain/v1.0/dinov2/vit-small-p14_dinov2-pre_3rdparty_20230426-5641ca5a.pth 

backbone.layers.9.attn.gamma1.weight - torch.Size([384]): 
PretrainedInit: load from https://download.openmmlab.com/mmpretrain/v1.0/dinov2/vit-small-p14_dinov2-pre_3rdparty_20230426-5641ca5a.pth 

backbone.layers.9.ln2.weight - torch.Size([384]): 
PretrainedInit: load from https://download.openmmlab.com/mmpretrain/v1.0/dinov2/vit-small-p14_dinov2-pre_3rdparty_20230426-5641ca5a.pth 

backbone.layers.9.ln2.bias - torch.Size([384]): 
PretrainedInit: load from https://download.openmmlab.com/mmpretrain/v1.0/dinov2/vit-small-p14_dinov2-pre_3rdparty_20230426-5641ca5a.pth 

backbone.layers.9.ffn.layers.0.0.weight - torch.Size([1536, 384]): 
PretrainedInit: load from https://download.openmmlab.com/mmpretrain/v1.0/dinov2/vit-small-p14_dinov2-pre_3rdparty_20230426-5641ca5a.pth 

backbone.layers.9.ffn.layers.0.0.bias - torch.Size([1536]): 
PretrainedInit: load from https://download.openmmlab.com/mmpretrain/v1.0/dinov2/vit-small-p14_dinov2-pre_3rdparty_20230426-5641ca5a.pth 

backbone.layers.9.ffn.layers.1.weight - torch.Size([384, 1536]): 
PretrainedInit: load from https://download.openmmlab.com/mmpretrain/v1.0/dinov2/vit-small-p14_dinov2-pre_3rdparty_20230426-5641ca5a.pth 

backbone.layers.9.ffn.layers.1.bias - torch.Size([384]): 
PretrainedInit: load from https://download.openmmlab.com/mmpretrain/v1.0/dinov2/vit-small-p14_dinov2-pre_3rdparty_20230426-5641ca5a.pth 

backbone.layers.9.ffn.gamma2.weight - torch.Size([384]): 
PretrainedInit: load from https://download.openmmlab.com/mmpretrain/v1.0/dinov2/vit-small-p14_dinov2-pre_3rdparty_20230426-5641ca5a.pth 

backbone.layers.10.ln1.weight - torch.Size([384]): 
PretrainedInit: load from https://download.openmmlab.com/mmpretrain/v1.0/dinov2/vit-small-p14_dinov2-pre_3rdparty_20230426-5641ca5a.pth 

backbone.layers.10.ln1.bias - torch.Size([384]): 
PretrainedInit: load from https://download.openmmlab.com/mmpretrain/v1.0/dinov2/vit-small-p14_dinov2-pre_3rdparty_20230426-5641ca5a.pth 

backbone.layers.10.attn.qkv.weight - torch.Size([1152, 384]): 
PretrainedInit: load from https://download.openmmlab.com/mmpretrain/v1.0/dinov2/vit-small-p14_dinov2-pre_3rdparty_20230426-5641ca5a.pth 

backbone.layers.10.attn.qkv.bias - torch.Size([1152]): 
PretrainedInit: load from https://download.openmmlab.com/mmpretrain/v1.0/dinov2/vit-small-p14_dinov2-pre_3rdparty_20230426-5641ca5a.pth 

backbone.layers.10.attn.proj.weight - torch.Size([384, 384]): 
PretrainedInit: load from https://download.openmmlab.com/mmpretrain/v1.0/dinov2/vit-small-p14_dinov2-pre_3rdparty_20230426-5641ca5a.pth 

backbone.layers.10.attn.proj.bias - torch.Size([384]): 
PretrainedInit: load from https://download.openmmlab.com/mmpretrain/v1.0/dinov2/vit-small-p14_dinov2-pre_3rdparty_20230426-5641ca5a.pth 

backbone.layers.10.attn.gamma1.weight - torch.Size([384]): 
PretrainedInit: load from https://download.openmmlab.com/mmpretrain/v1.0/dinov2/vit-small-p14_dinov2-pre_3rdparty_20230426-5641ca5a.pth 

backbone.layers.10.ln2.weight - torch.Size([384]): 
PretrainedInit: load from https://download.openmmlab.com/mmpretrain/v1.0/dinov2/vit-small-p14_dinov2-pre_3rdparty_20230426-5641ca5a.pth 

backbone.layers.10.ln2.bias - torch.Size([384]): 
PretrainedInit: load from https://download.openmmlab.com/mmpretrain/v1.0/dinov2/vit-small-p14_dinov2-pre_3rdparty_20230426-5641ca5a.pth 

backbone.layers.10.ffn.layers.0.0.weight - torch.Size([1536, 384]): 
PretrainedInit: load from https://download.openmmlab.com/mmpretrain/v1.0/dinov2/vit-small-p14_dinov2-pre_3rdparty_20230426-5641ca5a.pth 

backbone.layers.10.ffn.layers.0.0.bias - torch.Size([1536]): 
PretrainedInit: load from https://download.openmmlab.com/mmpretrain/v1.0/dinov2/vit-small-p14_dinov2-pre_3rdparty_20230426-5641ca5a.pth 

backbone.layers.10.ffn.layers.1.weight - torch.Size([384, 1536]): 
PretrainedInit: load from https://download.openmmlab.com/mmpretrain/v1.0/dinov2/vit-small-p14_dinov2-pre_3rdparty_20230426-5641ca5a.pth 

backbone.layers.10.ffn.layers.1.bias - torch.Size([384]): 
PretrainedInit: load from https://download.openmmlab.com/mmpretrain/v1.0/dinov2/vit-small-p14_dinov2-pre_3rdparty_20230426-5641ca5a.pth 

backbone.layers.10.ffn.gamma2.weight - torch.Size([384]): 
PretrainedInit: load from https://download.openmmlab.com/mmpretrain/v1.0/dinov2/vit-small-p14_dinov2-pre_3rdparty_20230426-5641ca5a.pth 

backbone.layers.11.ln1.weight - torch.Size([384]): 
PretrainedInit: load from https://download.openmmlab.com/mmpretrain/v1.0/dinov2/vit-small-p14_dinov2-pre_3rdparty_20230426-5641ca5a.pth 

backbone.layers.11.ln1.bias - torch.Size([384]): 
PretrainedInit: load from https://download.openmmlab.com/mmpretrain/v1.0/dinov2/vit-small-p14_dinov2-pre_3rdparty_20230426-5641ca5a.pth 

backbone.layers.11.attn.qkv.weight - torch.Size([1152, 384]): 
PretrainedInit: load from https://download.openmmlab.com/mmpretrain/v1.0/dinov2/vit-small-p14_dinov2-pre_3rdparty_20230426-5641ca5a.pth 

backbone.layers.11.attn.qkv.bias - torch.Size([1152]): 
PretrainedInit: load from https://download.openmmlab.com/mmpretrain/v1.0/dinov2/vit-small-p14_dinov2-pre_3rdparty_20230426-5641ca5a.pth 

backbone.layers.11.attn.proj.weight - torch.Size([384, 384]): 
PretrainedInit: load from https://download.openmmlab.com/mmpretrain/v1.0/dinov2/vit-small-p14_dinov2-pre_3rdparty_20230426-5641ca5a.pth 

backbone.layers.11.attn.proj.bias - torch.Size([384]): 
PretrainedInit: load from https://download.openmmlab.com/mmpretrain/v1.0/dinov2/vit-small-p14_dinov2-pre_3rdparty_20230426-5641ca5a.pth 

backbone.layers.11.attn.gamma1.weight - torch.Size([384]): 
PretrainedInit: load from https://download.openmmlab.com/mmpretrain/v1.0/dinov2/vit-small-p14_dinov2-pre_3rdparty_20230426-5641ca5a.pth 

backbone.layers.11.ln2.weight - torch.Size([384]): 
PretrainedInit: load from https://download.openmmlab.com/mmpretrain/v1.0/dinov2/vit-small-p14_dinov2-pre_3rdparty_20230426-5641ca5a.pth 

backbone.layers.11.ln2.bias - torch.Size([384]): 
PretrainedInit: load from https://download.openmmlab.com/mmpretrain/v1.0/dinov2/vit-small-p14_dinov2-pre_3rdparty_20230426-5641ca5a.pth 

backbone.layers.11.ffn.layers.0.0.weight - torch.Size([1536, 384]): 
PretrainedInit: load from https://download.openmmlab.com/mmpretrain/v1.0/dinov2/vit-small-p14_dinov2-pre_3rdparty_20230426-5641ca5a.pth 

backbone.layers.11.ffn.layers.0.0.bias - torch.Size([1536]): 
PretrainedInit: load from https://download.openmmlab.com/mmpretrain/v1.0/dinov2/vit-small-p14_dinov2-pre_3rdparty_20230426-5641ca5a.pth 

backbone.layers.11.ffn.layers.1.weight - torch.Size([384, 1536]): 
PretrainedInit: load from https://download.openmmlab.com/mmpretrain/v1.0/dinov2/vit-small-p14_dinov2-pre_3rdparty_20230426-5641ca5a.pth 

backbone.layers.11.ffn.layers.1.bias - torch.Size([384]): 
PretrainedInit: load from https://download.openmmlab.com/mmpretrain/v1.0/dinov2/vit-small-p14_dinov2-pre_3rdparty_20230426-5641ca5a.pth 

backbone.layers.11.ffn.gamma2.weight - torch.Size([384]): 
PretrainedInit: load from https://download.openmmlab.com/mmpretrain/v1.0/dinov2/vit-small-p14_dinov2-pre_3rdparty_20230426-5641ca5a.pth 

backbone.ln1.weight - torch.Size([384]): 
PretrainedInit: load from https://download.openmmlab.com/mmpretrain/v1.0/dinov2/vit-small-p14_dinov2-pre_3rdparty_20230426-5641ca5a.pth 

backbone.ln1.bias - torch.Size([384]): 
PretrainedInit: load from https://download.openmmlab.com/mmpretrain/v1.0/dinov2/vit-small-p14_dinov2-pre_3rdparty_20230426-5641ca5a.pth 

head.layers.head.weight - torch.Size([7806, 384]): 
PretrainedInit: load from /mnt/data/saved/20240822_081104_leafcaw_small.pth 

head.layers.head.bias - torch.Size([7806]): 
PretrainedInit: load from /mnt/data/saved/20240822_081104_leafcaw_small.pth 
2024/08/22 08:52:28 - mmengine - WARNING - "FileClient" will be deprecated in future. Please use io functions in https://mmengine.readthedocs.io/en/latest/api/fileio.html#file-io
2024/08/22 08:52:28 - mmengine - WARNING - "HardDiskBackend" is the alias of "LocalBackend" and the former will be deprecated in future.
2024/08/22 08:52:28 - mmengine - INFO - Checkpoints will be saved to /root/weed-detection/work_dirs/finetune.
2024/08/22 08:53:06 - mmengine - INFO - Epoch(train)  [1][ 100/2952]  base_lr: 1.0000e-05 lr: 1.0000e-05  eta: 6:16:32  time: 0.3086  data_time: 0.0010  memory: 32817  loss: 1.2579
2024/08/22 08:53:37 - mmengine - INFO - Epoch(train)  [1][ 200/2952]  base_lr: 1.0000e-05 lr: 1.0000e-05  eta: 5:39:29  time: 0.3064  data_time: 0.0009  memory: 32817  loss: 1.2850
2024/08/22 08:54:08 - mmengine - INFO - Epoch(train)  [1][ 300/2952]  base_lr: 1.0000e-05 lr: 1.0000e-05  eta: 5:26:35  time: 0.3062  data_time: 0.0009  memory: 32817  loss: 1.3450
2024/08/22 08:54:39 - mmengine - INFO - Epoch(train)  [1][ 400/2952]  base_lr: 1.0000e-05 lr: 1.0000e-05  eta: 5:19:56  time: 0.3065  data_time: 0.0009  memory: 32817  loss: 1.2948
2024/08/22 08:55:10 - mmengine - INFO - Epoch(train)  [1][ 500/2952]  base_lr: 1.0000e-05 lr: 1.0000e-05  eta: 5:15:54  time: 0.3099  data_time: 0.0010  memory: 32817  loss: 1.2086
2024/08/22 08:55:41 - mmengine - INFO - Epoch(train)  [1][ 600/2952]  base_lr: 1.0000e-05 lr: 1.0000e-05  eta: 5:12:46  time: 0.3096  data_time: 0.0010  memory: 32817  loss: 1.2801
2024/08/22 08:56:12 - mmengine - INFO - Epoch(train)  [1][ 700/2952]  base_lr: 1.0000e-05 lr: 1.0000e-05  eta: 5:10:26  time: 0.3061  data_time: 0.0009  memory: 32817  loss: 1.1973
2024/08/22 08:56:42 - mmengine - INFO - Epoch(train)  [1][ 800/2952]  base_lr: 1.0000e-05 lr: 1.0000e-05  eta: 5:08:40  time: 0.3097  data_time: 0.0010  memory: 32817  loss: 1.1676
2024/08/22 08:57:13 - mmengine - INFO - Epoch(train)  [1][ 900/2952]  base_lr: 1.0000e-05 lr: 1.0000e-05  eta: 5:07:07  time: 0.3087  data_time: 0.0011  memory: 32817  loss: 1.2201
2024/08/22 08:57:44 - mmengine - INFO - Exp name: finetune_20240822_085224
2024/08/22 08:57:44 - mmengine - INFO - Epoch(train)  [1][1000/2952]  base_lr: 1.0000e-05 lr: 1.0000e-05  eta: 5:05:40  time: 0.3074  data_time: 0.0009  memory: 32817  loss: 1.2351
2024/08/22 08:58:15 - mmengine - INFO - Epoch(train)  [1][1100/2952]  base_lr: 1.0000e-05 lr: 1.0000e-05  eta: 5:04:26  time: 0.3077  data_time: 0.0010  memory: 32817  loss: 1.2642
2024/08/22 08:58:46 - mmengine - INFO - Epoch(train)  [1][1200/2952]  base_lr: 1.0000e-05 lr: 1.0000e-05  eta: 5:03:22  time: 0.3079  data_time: 0.0013  memory: 32817  loss: 1.1865
2024/08/22 08:59:17 - mmengine - INFO - Epoch(train)  [1][1300/2952]  base_lr: 1.0000e-05 lr: 1.0000e-05  eta: 5:02:27  time: 0.3137  data_time: 0.0009  memory: 32817  loss: 1.0939
2024/08/22 08:59:48 - mmengine - INFO - Epoch(train)  [1][1400/2952]  base_lr: 1.0000e-05 lr: 1.0000e-05  eta: 5:01:33  time: 0.3081  data_time: 0.0010  memory: 32817  loss: 1.0793
2024/08/22 09:00:18 - mmengine - INFO - Epoch(train)  [1][1500/2952]  base_lr: 1.0000e-05 lr: 1.0000e-05  eta: 5:00:37  time: 0.3061  data_time: 0.0009  memory: 32817  loss: 1.2332
2024/08/22 09:00:49 - mmengine - INFO - Epoch(train)  [1][1600/2952]  base_lr: 1.0000e-05 lr: 1.0000e-05  eta: 4:59:46  time: 0.3080  data_time: 0.0010  memory: 32817  loss: 1.1889
2024/08/22 09:01:20 - mmengine - INFO - Epoch(train)  [1][1700/2952]  base_lr: 1.0000e-05 lr: 1.0000e-05  eta: 4:58:59  time: 0.3099  data_time: 0.0010  memory: 32817  loss: 1.1620
2024/08/22 09:01:51 - mmengine - INFO - Epoch(train)  [1][1800/2952]  base_lr: 1.0000e-05 lr: 1.0000e-05  eta: 4:58:09  time: 0.3060  data_time: 0.0009  memory: 32817  loss: 1.1103
2024/08/22 09:02:21 - mmengine - INFO - Epoch(train)  [1][1900/2952]  base_lr: 1.0000e-05 lr: 1.0000e-05  eta: 4:57:24  time: 0.3078  data_time: 0.0010  memory: 32817  loss: 1.1570
2024/08/22 09:02:52 - mmengine - INFO - Exp name: finetune_20240822_085224
2024/08/22 09:02:52 - mmengine - INFO - Epoch(train)  [1][2000/2952]  base_lr: 1.0000e-05 lr: 1.0000e-05  eta: 4:56:38  time: 0.3060  data_time: 0.0009  memory: 32817  loss: 1.1152
2024/08/22 09:03:23 - mmengine - INFO - Epoch(train)  [1][2100/2952]  base_lr: 1.0000e-05 lr: 1.0000e-05  eta: 4:55:54  time: 0.3072  data_time: 0.0021  memory: 32817  loss: 1.2372
2024/08/22 09:03:54 - mmengine - INFO - Epoch(train)  [1][2200/2952]  base_lr: 1.0000e-05 lr: 1.0000e-05  eta: 4:55:14  time: 0.3082  data_time: 0.0010  memory: 32817  loss: 1.1299
2024/08/22 09:04:25 - mmengine - INFO - Epoch(train)  [1][2300/2952]  base_lr: 1.0000e-05 lr: 1.0000e-05  eta: 4:54:33  time: 0.3080  data_time: 0.0009  memory: 32817  loss: 1.0833
2024/08/22 09:04:55 - mmengine - INFO - Epoch(train)  [1][2400/2952]  base_lr: 1.0000e-05 lr: 1.0000e-05  eta: 4:53:56  time: 0.3068  data_time: 0.0009  memory: 32817  loss: 1.2064
2024/08/22 09:05:26 - mmengine - INFO - Epoch(train)  [1][2500/2952]  base_lr: 1.0000e-05 lr: 1.0000e-05  eta: 4:53:19  time: 0.3071  data_time: 0.0009  memory: 32817  loss: 1.1348
2024/08/22 09:05:57 - mmengine - INFO - Epoch(train)  [1][2600/2952]  base_lr: 1.0000e-05 lr: 1.0000e-05  eta: 4:52:42  time: 0.3066  data_time: 0.0010  memory: 32817  loss: 1.1537
2024/08/22 09:06:28 - mmengine - INFO - Epoch(train)  [1][2700/2952]  base_lr: 1.0000e-05 lr: 1.0000e-05  eta: 4:52:04  time: 0.3072  data_time: 0.0009  memory: 32817  loss: 1.1230
2024/08/22 09:06:59 - mmengine - INFO - Epoch(train)  [1][2800/2952]  base_lr: 1.0000e-05 lr: 1.0000e-05  eta: 4:51:25  time: 0.3099  data_time: 0.0010  memory: 32817  loss: 1.0693
2024/08/22 09:07:30 - mmengine - INFO - Epoch(train)  [1][2900/2952]  base_lr: 1.0000e-05 lr: 1.0000e-05  eta: 4:50:51  time: 0.3063  data_time: 0.0011  memory: 32817  loss: 1.2138
2024/08/22 09:07:45 - mmengine - INFO - Exp name: finetune_20240822_085224
2024/08/22 09:07:45 - mmengine - INFO - Saving checkpoint at 1 epochs
2024/08/22 09:08:22 - mmengine - INFO - Epoch(val)  [1][100/146]    eta: 0:00:16  time: 0.3292  data_time: 0.0003  memory: 32817  
2024/08/22 09:08:38 - mmengine - INFO - Epoch(val) [1][146/146]    accuracy/top1: 67.0390  accuracy/top5: 85.9874  single-label/precision: 15.6126  single-label/recall: 14.2130  single-label/f1-score: 13.9148  data_time: 0.0220  time: 0.3534
2024/08/22 09:08:57 - mmengine - INFO - Exp name: finetune_20240822_085224
2024/08/22 09:09:13 - mmengine - INFO - Epoch(train)  [2][ 100/2952]  base_lr: 9.9384e-06 lr: 9.9384e-06  eta: 4:50:54  time: 0.3083  data_time: 0.0009  memory: 32817  loss: 0.9453
2024/08/22 09:09:43 - mmengine - INFO - Epoch(train)  [2][ 200/2952]  base_lr: 9.9384e-06 lr: 9.9384e-06  eta: 4:50:16  time: 0.3061  data_time: 0.0008  memory: 32817  loss: 0.9300
2024/08/22 09:10:14 - mmengine - INFO - Epoch(train)  [2][ 300/2952]  base_lr: 9.9384e-06 lr: 9.9384e-06  eta: 4:49:39  time: 0.3107  data_time: 0.0010  memory: 32817  loss: 1.0315
2024/08/22 09:10:45 - mmengine - INFO - Epoch(train)  [2][ 400/2952]  base_lr: 9.9384e-06 lr: 9.9384e-06  eta: 4:49:01  time: 0.3057  data_time: 0.0008  memory: 32817  loss: 0.8889
2024/08/22 09:11:16 - mmengine - INFO - Epoch(train)  [2][ 500/2952]  base_lr: 9.9384e-06 lr: 9.9384e-06  eta: 4:48:25  time: 0.3109  data_time: 0.0011  memory: 32817  loss: 0.9802
2024/08/22 09:11:47 - mmengine - INFO - Epoch(train)  [2][ 600/2952]  base_lr: 9.9384e-06 lr: 9.9384e-06  eta: 4:47:47  time: 0.3057  data_time: 0.0009  memory: 32817  loss: 0.9111
2024/08/22 09:12:17 - mmengine - INFO - Epoch(train)  [2][ 700/2952]  base_lr: 9.9384e-06 lr: 9.9384e-06  eta: 4:47:12  time: 0.3068  data_time: 0.0009  memory: 32817  loss: 0.9326
2024/08/22 09:12:48 - mmengine - INFO - Epoch(train)  [2][ 800/2952]  base_lr: 9.9384e-06 lr: 9.9384e-06  eta: 4:46:36  time: 0.3082  data_time: 0.0009  memory: 32817  loss: 0.9632
2024/08/22 09:13:19 - mmengine - INFO - Epoch(train)  [2][ 900/2952]  base_lr: 9.9384e-06 lr: 9.9384e-06  eta: 4:46:00  time: 0.3056  data_time: 0.0009  memory: 32817  loss: 0.9734
2024/08/22 09:13:50 - mmengine - INFO - Epoch(train)  [2][1000/2952]  base_lr: 9.9384e-06 lr: 9.9384e-06  eta: 4:45:25  time: 0.3114  data_time: 0.0011  memory: 32817  loss: 0.9924
2024/08/22 09:14:05 - mmengine - INFO - Exp name: finetune_20240822_085224
2024/08/22 09:14:21 - mmengine - INFO - Epoch(train)  [2][1100/2952]  base_lr: 9.9384e-06 lr: 9.9384e-06  eta: 4:44:49  time: 0.3056  data_time: 0.0008  memory: 32817  loss: 1.0141
2024/08/22 09:14:51 - mmengine - INFO - Epoch(train)  [2][1200/2952]  base_lr: 9.9384e-06 lr: 9.9384e-06  eta: 4:44:14  time: 0.3101  data_time: 0.0011  memory: 32817  loss: 0.9416
2024/08/22 09:15:22 - mmengine - INFO - Epoch(train)  [2][1300/2952]  base_lr: 9.9384e-06 lr: 9.9384e-06  eta: 4:43:39  time: 0.3056  data_time: 0.0009  memory: 32817  loss: 1.0323
2024/08/22 09:15:53 - mmengine - INFO - Epoch(train)  [2][1400/2952]  base_lr: 9.9384e-06 lr: 9.9384e-06  eta: 4:43:06  time: 0.3070  data_time: 0.0009  memory: 32817  loss: 0.8978
2024/08/22 09:16:24 - mmengine - INFO - Epoch(train)  [2][1500/2952]  base_lr: 9.9384e-06 lr: 9.9384e-06  eta: 4:42:32  time: 0.3086  data_time: 0.0009  memory: 32817  loss: 0.9462
2024/08/22 09:16:55 - mmengine - INFO - Epoch(train)  [2][1600/2952]  base_lr: 9.9384e-06 lr: 9.9384e-06  eta: 4:41:58  time: 0.3060  data_time: 0.0009  memory: 32817  loss: 0.9337
2024/08/22 09:17:25 - mmengine - INFO - Epoch(train)  [2][1700/2952]  base_lr: 9.9384e-06 lr: 9.9384e-06  eta: 4:41:24  time: 0.3119  data_time: 0.0011  memory: 32817  loss: 0.9322
2024/08/22 09:17:56 - mmengine - INFO - Epoch(train)  [2][1800/2952]  base_lr: 9.9384e-06 lr: 9.9384e-06  eta: 4:40:50  time: 0.3060  data_time: 0.0009  memory: 32817  loss: 0.9838
2024/08/22 09:18:27 - mmengine - INFO - Epoch(train)  [2][1900/2952]  base_lr: 9.9384e-06 lr: 9.9384e-06  eta: 4:40:17  time: 0.3105  data_time: 0.0011  memory: 32817  loss: 0.9917
2024/08/22 09:18:58 - mmengine - INFO - Epoch(train)  [2][2000/2952]  base_lr: 9.9384e-06 lr: 9.9384e-06  eta: 4:39:42  time: 0.3060  data_time: 0.0009  memory: 32817  loss: 0.9081
2024/08/22 09:19:12 - mmengine - INFO - Exp name: finetune_20240822_085224
2024/08/22 09:19:28 - mmengine - INFO - Epoch(train)  [2][2100/2952]  base_lr: 9.9384e-06 lr: 9.9384e-06  eta: 4:39:07  time: 0.3063  data_time: 0.0009  memory: 32817  loss: 0.9966
2024/08/22 09:19:59 - mmengine - INFO - Epoch(train)  [2][2200/2952]  base_lr: 9.9384e-06 lr: 9.9384e-06  eta: 4:38:31  time: 0.3061  data_time: 0.0009  memory: 32817  loss: 0.9946
2024/08/22 09:20:30 - mmengine - INFO - Epoch(train)  [2][2300/2952]  base_lr: 9.9384e-06 lr: 9.9384e-06  eta: 4:37:56  time: 0.3060  data_time: 0.0009  memory: 32817  loss: 1.0252
2024/08/22 09:21:00 - mmengine - INFO - Epoch(train)  [2][2400/2952]  base_lr: 9.9384e-06 lr: 9.9384e-06  eta: 4:37:22  time: 0.3062  data_time: 0.0009  memory: 32817  loss: 1.0255
2024/08/22 09:21:31 - mmengine - INFO - Epoch(train)  [2][2500/2952]  base_lr: 9.9384e-06 lr: 9.9384e-06  eta: 4:36:49  time: 0.3109  data_time: 0.0010  memory: 32817  loss: 0.9207
2024/08/22 09:22:02 - mmengine - INFO - Epoch(train)  [2][2600/2952]  base_lr: 9.9384e-06 lr: 9.9384e-06  eta: 4:36:16  time: 0.3060  data_time: 0.0009  memory: 32817  loss: 0.9999
2024/08/22 09:22:33 - mmengine - INFO - Epoch(train)  [2][2700/2952]  base_lr: 9.9384e-06 lr: 9.9384e-06  eta: 4:35:44  time: 0.3121  data_time: 0.0011  memory: 32817  loss: 0.9957
2024/08/22 09:23:04 - mmengine - INFO - Epoch(train)  [2][2800/2952]  base_lr: 9.9384e-06 lr: 9.9384e-06  eta: 4:35:11  time: 0.3063  data_time: 0.0009  memory: 32817  loss: 0.9588
2024/08/22 09:23:34 - mmengine - INFO - Epoch(train)  [2][2900/2952]  base_lr: 9.9384e-06 lr: 9.9384e-06  eta: 4:34:39  time: 0.3087  data_time: 0.0012  memory: 32817  loss: 1.0089
2024/08/22 09:23:50 - mmengine - INFO - Exp name: finetune_20240822_085224
2024/08/22 09:23:50 - mmengine - INFO - Saving checkpoint at 2 epochs
2024/08/22 09:24:26 - mmengine - INFO - Epoch(val)  [2][100/146]    eta: 0:00:16  time: 0.3280  data_time: 0.0003  memory: 32817  
2024/08/22 09:24:42 - mmengine - INFO - Epoch(val) [2][146/146]    accuracy/top1: 68.6396  accuracy/top5: 86.7071  single-label/precision: 16.2192  single-label/recall: 14.7940  single-label/f1-score: 14.5052  data_time: 0.0178  time: 0.3450
2024/08/22 09:25:15 - mmengine - INFO - Exp name: finetune_20240822_085224
2024/08/22 09:25:16 - mmengine - INFO - Epoch(train)  [3][ 100/2952]  base_lr: 9.7553e-06 lr: 9.7553e-06  eta: 4:34:14  time: 0.3107  data_time: 0.0010  memory: 32817  loss: 0.8163
2024/08/22 09:25:47 - mmengine - INFO - Epoch(train)  [3][ 200/2952]  base_lr: 9.7553e-06 lr: 9.7553e-06  eta: 4:33:42  time: 0.3054  data_time: 0.0014  memory: 32817  loss: 0.7916
2024/08/22 09:26:18 - mmengine - INFO - Epoch(train)  [3][ 300/2952]  base_lr: 9.7553e-06 lr: 9.7553e-06  eta: 4:33:09  time: 0.3120  data_time: 0.0011  memory: 32817  loss: 0.7729
2024/08/22 09:26:49 - mmengine - INFO - Epoch(train)  [3][ 400/2952]  base_lr: 9.7553e-06 lr: 9.7553e-06  eta: 4:32:36  time: 0.3062  data_time: 0.0010  memory: 32817  loss: 0.7442
2024/08/22 09:27:19 - mmengine - INFO - Epoch(train)  [3][ 500/2952]  base_lr: 9.7553e-06 lr: 9.7553e-06  eta: 4:32:03  time: 0.3070  data_time: 0.0009  memory: 32817  loss: 0.8722
2024/08/22 09:27:50 - mmengine - INFO - Epoch(train)  [3][ 600/2952]  base_lr: 9.7553e-06 lr: 9.7553e-06  eta: 4:31:31  time: 0.3085  data_time: 0.0010  memory: 32817  loss: 0.8368
2024/08/22 09:28:21 - mmengine - INFO - Epoch(train)  [3][ 700/2952]  base_lr: 9.7553e-06 lr: 9.7553e-06  eta: 4:30:59  time: 0.3062  data_time: 0.0009  memory: 32817  loss: 0.7759
2024/08/22 09:28:52 - mmengine - INFO - Epoch(train)  [3][ 800/2952]  base_lr: 9.7553e-06 lr: 9.7553e-06  eta: 4:30:26  time: 0.3119  data_time: 0.0011  memory: 32817  loss: 0.8130
2024/08/22 09:29:23 - mmengine - INFO - Epoch(train)  [3][ 900/2952]  base_lr: 9.7553e-06 lr: 9.7553e-06  eta: 4:29:54  time: 0.3155  data_time: 0.0009  memory: 32817  loss: 0.8069
2024/08/22 09:29:53 - mmengine - INFO - Epoch(train)  [3][1000/2952]  base_lr: 9.7553e-06 lr: 9.7553e-06  eta: 4:29:21  time: 0.3061  data_time: 0.0009  memory: 32817  loss: 0.8263
2024/08/22 09:30:23 - mmengine - INFO - Exp name: finetune_20240822_085224
2024/08/22 09:30:24 - mmengine - INFO - Epoch(train)  [3][1100/2952]  base_lr: 9.7553e-06 lr: 9.7553e-06  eta: 4:28:47  time: 0.3062  data_time: 0.0009  memory: 32817  loss: 0.7722
2024/08/22 09:30:55 - mmengine - INFO - Epoch(train)  [3][1200/2952]  base_lr: 9.7553e-06 lr: 9.7553e-06  eta: 4:28:13  time: 0.3062  data_time: 0.0009  memory: 32817  loss: 0.7410
2024/08/22 09:31:25 - mmengine - INFO - Epoch(train)  [3][1300/2952]  base_lr: 9.7553e-06 lr: 9.7553e-06  eta: 4:27:40  time: 0.3063  data_time: 0.0010  memory: 32817  loss: 0.8313
2024/08/22 09:31:56 - mmengine - INFO - Epoch(train)  [3][1400/2952]  base_lr: 9.7553e-06 lr: 9.7553e-06  eta: 4:27:07  time: 0.3059  data_time: 0.0009  memory: 32817  loss: 0.8764
2024/08/22 09:32:27 - mmengine - INFO - Epoch(train)  [3][1500/2952]  base_lr: 9.7553e-06 lr: 9.7553e-06  eta: 4:26:33  time: 0.3062  data_time: 0.0009  memory: 32817  loss: 0.8168
2024/08/22 09:32:57 - mmengine - INFO - Epoch(train)  [3][1600/2952]  base_lr: 9.7553e-06 lr: 9.7553e-06  eta: 4:26:00  time: 0.3060  data_time: 0.0009  memory: 32817  loss: 0.8558
2024/08/22 09:33:28 - mmengine - INFO - Epoch(train)  [3][1700/2952]  base_lr: 9.7553e-06 lr: 9.7553e-06  eta: 4:25:27  time: 0.3062  data_time: 0.0009  memory: 32817  loss: 0.7832
2024/08/22 09:33:58 - mmengine - INFO - Epoch(train)  [3][1800/2952]  base_lr: 9.7553e-06 lr: 9.7553e-06  eta: 4:24:53  time: 0.3061  data_time: 0.0009  memory: 32817  loss: 0.7673
2024/08/22 09:34:29 - mmengine - INFO - Epoch(train)  [3][1900/2952]  base_lr: 9.7553e-06 lr: 9.7553e-06  eta: 4:24:20  time: 0.3063  data_time: 0.0009  memory: 32817  loss: 0.8442
2024/08/22 09:35:00 - mmengine - INFO - Epoch(train)  [3][2000/2952]  base_lr: 9.7553e-06 lr: 9.7553e-06  eta: 4:23:47  time: 0.3062  data_time: 0.0009  memory: 32817  loss: 0.8887
2024/08/22 09:35:29 - mmengine - INFO - Exp name: finetune_20240822_085224
2024/08/22 09:35:30 - mmengine - INFO - Epoch(train)  [3][2100/2952]  base_lr: 9.7553e-06 lr: 9.7553e-06  eta: 4:23:14  time: 0.3063  data_time: 0.0009  memory: 32817  loss: 0.8439
2024/08/22 09:36:01 - mmengine - INFO - Epoch(train)  [3][2200/2952]  base_lr: 9.7553e-06 lr: 9.7553e-06  eta: 4:22:41  time: 0.3063  data_time: 0.0009  memory: 32817  loss: 0.8313
2024/08/22 09:36:32 - mmengine - INFO - Epoch(train)  [3][2300/2952]  base_lr: 9.7553e-06 lr: 9.7553e-06  eta: 4:22:08  time: 0.3059  data_time: 0.0009  memory: 32817  loss: 0.8260
2024/08/22 09:37:02 - mmengine - INFO - Epoch(train)  [3][2400/2952]  base_lr: 9.7553e-06 lr: 9.7553e-06  eta: 4:21:35  time: 0.3061  data_time: 0.0009  memory: 32817  loss: 0.8390
2024/08/22 09:37:33 - mmengine - INFO - Epoch(train)  [3][2500/2952]  base_lr: 9.7553e-06 lr: 9.7553e-06  eta: 4:21:02  time: 0.3060  data_time: 0.0009  memory: 32817  loss: 0.8394
2024/08/22 09:38:03 - mmengine - INFO - Epoch(train)  [3][2600/2952]  base_lr: 9.7553e-06 lr: 9.7553e-06  eta: 4:20:29  time: 0.3060  data_time: 0.0009  memory: 32817  loss: 0.8137
2024/08/22 09:38:34 - mmengine - INFO - Epoch(train)  [3][2700/2952]  base_lr: 9.7553e-06 lr: 9.7553e-06  eta: 4:19:57  time: 0.3060  data_time: 0.0009  memory: 32817  loss: 0.8355
2024/08/22 09:39:05 - mmengine - INFO - Epoch(train)  [3][2800/2952]  base_lr: 9.7553e-06 lr: 9.7553e-06  eta: 4:19:24  time: 0.3059  data_time: 0.0009  memory: 32817  loss: 0.8804
2024/08/22 09:39:35 - mmengine - INFO - Epoch(train)  [3][2900/2952]  base_lr: 9.7553e-06 lr: 9.7553e-06  eta: 4:18:51  time: 0.3060  data_time: 0.0010  memory: 32817  loss: 0.7939
2024/08/22 09:39:51 - mmengine - INFO - Exp name: finetune_20240822_085224
2024/08/22 09:39:51 - mmengine - INFO - Saving checkpoint at 3 epochs
2024/08/22 09:40:27 - mmengine - INFO - Epoch(val)  [3][100/146]    eta: 0:00:16  time: 0.3288  data_time: 0.0003  memory: 32817  
2024/08/22 09:40:43 - mmengine - INFO - Epoch(val) [3][146/146]    accuracy/top1: 68.9027  accuracy/top5: 87.2603  single-label/precision: 16.0195  single-label/recall: 14.5305  single-label/f1-score: 14.2722  data_time: 0.0167  time: 0.3437
2024/08/22 09:41:17 - mmengine - INFO - Epoch(train)  [4][ 100/2952]  base_lr: 9.4550e-06 lr: 9.4550e-06  eta: 4:18:23  time: 0.3097  data_time: 0.0012  memory: 32817  loss: 0.6873
2024/08/22 09:41:31 - mmengine - INFO - Exp name: finetune_20240822_085224
2024/08/22 09:41:48 - mmengine - INFO - Epoch(train)  [4][ 200/2952]  base_lr: 9.4550e-06 lr: 9.4550e-06  eta: 4:17:51  time: 0.3062  data_time: 0.0009  memory: 32817  loss: 0.6578
2024/08/22 09:42:19 - mmengine - INFO - Epoch(train)  [4][ 300/2952]  base_lr: 9.4550e-06 lr: 9.4550e-06  eta: 4:17:19  time: 0.3092  data_time: 0.0010  memory: 32817  loss: 0.6839
2024/08/22 09:42:50 - mmengine - INFO - Epoch(train)  [4][ 400/2952]  base_lr: 9.4550e-06 lr: 9.4550e-06  eta: 4:16:48  time: 0.3089  data_time: 0.0010  memory: 32817  loss: 0.6790
2024/08/22 09:43:21 - mmengine - INFO - Epoch(train)  [4][ 500/2952]  base_lr: 9.4550e-06 lr: 9.4550e-06  eta: 4:16:16  time: 0.3063  data_time: 0.0009  memory: 32817  loss: 0.6618
2024/08/22 09:43:52 - mmengine - INFO - Epoch(train)  [4][ 600/2952]  base_lr: 9.4550e-06 lr: 9.4550e-06  eta: 4:15:45  time: 0.3114  data_time: 0.0011  memory: 32817  loss: 0.6508
2024/08/22 09:44:22 - mmengine - INFO - Epoch(train)  [4][ 700/2952]  base_lr: 9.4550e-06 lr: 9.4550e-06  eta: 4:15:13  time: 0.3063  data_time: 0.0009  memory: 32817  loss: 0.6486
2024/08/22 09:44:53 - mmengine - INFO - Epoch(train)  [4][ 800/2952]  base_lr: 9.4550e-06 lr: 9.4550e-06  eta: 4:14:42  time: 0.3116  data_time: 0.0011  memory: 32817  loss: 0.6862
2024/08/22 09:45:24 - mmengine - INFO - Epoch(train)  [4][ 900/2952]  base_lr: 9.4550e-06 lr: 9.4550e-06  eta: 4:14:10  time: 0.3062  data_time: 0.0009  memory: 32817  loss: 0.7212
2024/08/22 09:45:55 - mmengine - INFO - Epoch(train)  [4][1000/2952]  base_lr: 9.4550e-06 lr: 9.4550e-06  eta: 4:13:38  time: 0.3065  data_time: 0.0009  memory: 32817  loss: 0.7609
2024/08/22 09:46:25 - mmengine - INFO - Epoch(train)  [4][1100/2952]  base_lr: 9.4550e-06 lr: 9.4550e-06  eta: 4:13:06  time: 0.3063  data_time: 0.0009  memory: 32817  loss: 0.7152
2024/08/22 09:46:39 - mmengine - INFO - Exp name: finetune_20240822_085224
2024/08/22 09:46:56 - mmengine - INFO - Epoch(train)  [4][1200/2952]  base_lr: 9.4550e-06 lr: 9.4550e-06  eta: 4:12:33  time: 0.3063  data_time: 0.0009  memory: 32817  loss: 0.6044
2024/08/22 09:47:27 - mmengine - INFO - Epoch(train)  [4][1300/2952]  base_lr: 9.4550e-06 lr: 9.4550e-06  eta: 4:12:01  time: 0.3049  data_time: 0.0009  memory: 32817  loss: 0.7164
2024/08/22 09:47:57 - mmengine - INFO - Epoch(train)  [4][1400/2952]  base_lr: 9.4550e-06 lr: 9.4550e-06  eta: 4:11:29  time: 0.3086  data_time: 0.0009  memory: 32817  loss: 0.6829
2024/08/22 09:48:28 - mmengine - INFO - Epoch(train)  [4][1500/2952]  base_lr: 9.4550e-06 lr: 9.4550e-06  eta: 4:10:56  time: 0.3065  data_time: 0.0009  memory: 32817  loss: 0.7284
2024/08/22 09:48:59 - mmengine - INFO - Epoch(train)  [4][1600/2952]  base_lr: 9.4550e-06 lr: 9.4550e-06  eta: 4:10:24  time: 0.3063  data_time: 0.0009  memory: 32817  loss: 0.6972
2024/08/22 09:49:29 - mmengine - INFO - Epoch(train)  [4][1700/2952]  base_lr: 9.4550e-06 lr: 9.4550e-06  eta: 4:09:52  time: 0.3083  data_time: 0.0009  memory: 32817  loss: 0.6747
2024/08/22 09:50:00 - mmengine - INFO - Epoch(train)  [4][1800/2952]  base_lr: 9.4550e-06 lr: 9.4550e-06  eta: 4:09:20  time: 0.3066  data_time: 0.0009  memory: 32817  loss: 0.6953
2024/08/22 09:50:31 - mmengine - INFO - Epoch(train)  [4][1900/2952]  base_lr: 9.4550e-06 lr: 9.4550e-06  eta: 4:08:48  time: 0.3063  data_time: 0.0009  memory: 32817  loss: 0.7358
2024/08/22 09:51:01 - mmengine - INFO - Epoch(train)  [4][2000/2952]  base_lr: 9.4550e-06 lr: 9.4550e-06  eta: 4:08:15  time: 0.3063  data_time: 0.0009  memory: 32817  loss: 0.7093
2024/08/22 09:51:32 - mmengine - INFO - Epoch(train)  [4][2100/2952]  base_lr: 9.4550e-06 lr: 9.4550e-06  eta: 4:07:43  time: 0.3064  data_time: 0.0009  memory: 32817  loss: 0.7269
2024/08/22 09:51:45 - mmengine - INFO - Exp name: finetune_20240822_085224
2024/08/22 09:52:03 - mmengine - INFO - Epoch(train)  [4][2200/2952]  base_lr: 9.4550e-06 lr: 9.4550e-06  eta: 4:07:11  time: 0.3063  data_time: 0.0009  memory: 32817  loss: 0.6863
2024/08/22 09:52:33 - mmengine - INFO - Epoch(train)  [4][2300/2952]  base_lr: 9.4550e-06 lr: 9.4550e-06  eta: 4:06:39  time: 0.3062  data_time: 0.0009  memory: 32817  loss: 0.6950
2024/08/22 09:53:04 - mmengine - INFO - Epoch(train)  [4][2400/2952]  base_lr: 9.4550e-06 lr: 9.4550e-06  eta: 4:06:07  time: 0.3062  data_time: 0.0009  memory: 32817  loss: 0.7401
2024/08/22 09:53:34 - mmengine - INFO - Epoch(train)  [4][2500/2952]  base_lr: 9.4550e-06 lr: 9.4550e-06  eta: 4:05:35  time: 0.3065  data_time: 0.0009  memory: 32817  loss: 0.6491
2024/08/22 09:54:05 - mmengine - INFO - Epoch(train)  [4][2600/2952]  base_lr: 9.4550e-06 lr: 9.4550e-06  eta: 4:05:03  time: 0.3063  data_time: 0.0009  memory: 32817  loss: 0.7578
2024/08/22 09:54:36 - mmengine - INFO - Epoch(train)  [4][2700/2952]  base_lr: 9.4550e-06 lr: 9.4550e-06  eta: 4:04:31  time: 0.3064  data_time: 0.0009  memory: 32817  loss: 0.6648
2024/08/22 09:55:06 - mmengine - INFO - Epoch(train)  [4][2800/2952]  base_lr: 9.4550e-06 lr: 9.4550e-06  eta: 4:03:59  time: 0.3065  data_time: 0.0009  memory: 32817  loss: 0.7187
2024/08/22 09:55:37 - mmengine - INFO - Epoch(train)  [4][2900/2952]  base_lr: 9.4550e-06 lr: 9.4550e-06  eta: 4:03:27  time: 0.3063  data_time: 0.0011  memory: 32817  loss: 0.6871
2024/08/22 09:55:53 - mmengine - INFO - Exp name: finetune_20240822_085224
2024/08/22 09:55:53 - mmengine - INFO - Saving checkpoint at 4 epochs
2024/08/22 09:56:29 - mmengine - INFO - Epoch(val)  [4][100/146]    eta: 0:00:16  time: 0.3274  data_time: 0.0003  memory: 32817  
2024/08/22 09:56:45 - mmengine - INFO - Epoch(val) [4][146/146]    accuracy/top1: 69.3646  accuracy/top5: 87.4376  single-label/precision: 16.3853  single-label/recall: 14.9153  single-label/f1-score: 14.6644  data_time: 0.0179  time: 0.3442
2024/08/22 09:57:19 - mmengine - INFO - Epoch(train)  [5][ 100/2952]  base_lr: 9.0451e-06 lr: 9.0451e-06  eta: 4:02:53  time: 0.3083  data_time: 0.0010  memory: 32817  loss: 0.5240
2024/08/22 09:57:48 - mmengine - INFO - Exp name: finetune_20240822_085224
2024/08/22 09:57:50 - mmengine - INFO - Epoch(train)  [5][ 200/2952]  base_lr: 9.0451e-06 lr: 9.0451e-06  eta: 4:02:22  time: 0.3098  data_time: 0.0011  memory: 32817  loss: 0.5297
2024/08/22 09:58:21 - mmengine - INFO - Epoch(train)  [5][ 300/2952]  base_lr: 9.0451e-06 lr: 9.0451e-06  eta: 4:01:52  time: 0.3117  data_time: 0.0011  memory: 32817  loss: 0.5131
2024/08/22 09:58:52 - mmengine - INFO - Epoch(train)  [5][ 400/2952]  base_lr: 9.0451e-06 lr: 9.0451e-06  eta: 4:01:21  time: 0.3121  data_time: 0.0011  memory: 32817  loss: 0.5209
2024/08/22 09:59:23 - mmengine - INFO - Epoch(train)  [5][ 500/2952]  base_lr: 9.0451e-06 lr: 9.0451e-06  eta: 4:00:50  time: 0.3113  data_time: 0.0011  memory: 32817  loss: 0.5195
2024/08/22 09:59:54 - mmengine - INFO - Epoch(train)  [5][ 600/2952]  base_lr: 9.0451e-06 lr: 9.0451e-06  eta: 4:00:20  time: 0.3059  data_time: 0.0009  memory: 32817  loss: 0.5492
2024/08/22 10:00:25 - mmengine - INFO - Epoch(train)  [5][ 700/2952]  base_lr: 9.0451e-06 lr: 9.0451e-06  eta: 3:59:48  time: 0.3080  data_time: 0.0011  memory: 32817  loss: 0.5955
2024/08/22 10:00:56 - mmengine - INFO - Epoch(train)  [5][ 800/2952]  base_lr: 9.0451e-06 lr: 9.0451e-06  eta: 3:59:17  time: 0.3130  data_time: 0.0010  memory: 32817  loss: 0.5731
2024/08/22 10:01:27 - mmengine - INFO - Epoch(train)  [5][ 900/2952]  base_lr: 9.0451e-06 lr: 9.0451e-06  eta: 3:58:46  time: 0.3059  data_time: 0.0009  memory: 32817  loss: 0.5213
2024/08/22 10:01:57 - mmengine - INFO - Epoch(train)  [5][1000/2952]  base_lr: 9.0451e-06 lr: 9.0451e-06  eta: 3:58:14  time: 0.3120  data_time: 0.0011  memory: 32817  loss: 0.5492
2024/08/22 10:02:28 - mmengine - INFO - Epoch(train)  [5][1100/2952]  base_lr: 9.0451e-06 lr: 9.0451e-06  eta: 3:57:43  time: 0.3059  data_time: 0.0009  memory: 32817  loss: 0.4940
2024/08/22 10:02:56 - mmengine - INFO - Exp name: finetune_20240822_085224
2024/08/22 10:02:59 - mmengine - INFO - Epoch(train)  [5][1200/2952]  base_lr: 9.0451e-06 lr: 9.0451e-06  eta: 3:57:12  time: 0.3115  data_time: 0.0012  memory: 32817  loss: 0.5491
2024/08/22 10:03:30 - mmengine - INFO - Epoch(train)  [5][1300/2952]  base_lr: 9.0451e-06 lr: 9.0451e-06  eta: 3:56:40  time: 0.3061  data_time: 0.0009  memory: 32817  loss: 0.6483
2024/08/22 10:04:01 - mmengine - INFO - Epoch(train)  [5][1400/2952]  base_lr: 9.0451e-06 lr: 9.0451e-06  eta: 3:56:09  time: 0.3081  data_time: 0.0010  memory: 32817  loss: 0.5986
2024/08/22 10:04:31 - mmengine - INFO - Epoch(train)  [5][1500/2952]  base_lr: 9.0451e-06 lr: 9.0451e-06  eta: 3:55:38  time: 0.3087  data_time: 0.0010  memory: 32817  loss: 0.6142
2024/08/22 10:05:02 - mmengine - INFO - Epoch(train)  [5][1600/2952]  base_lr: 9.0451e-06 lr: 9.0451e-06  eta: 3:55:06  time: 0.3062  data_time: 0.0009  memory: 32817  loss: 0.6255
2024/08/22 10:05:33 - mmengine - INFO - Epoch(train)  [5][1700/2952]  base_lr: 9.0451e-06 lr: 9.0451e-06  eta: 3:54:35  time: 0.3113  data_time: 0.0011  memory: 32817  loss: 0.5742
2024/08/22 10:06:04 - mmengine - INFO - Epoch(train)  [5][1800/2952]  base_lr: 9.0451e-06 lr: 9.0451e-06  eta: 3:54:04  time: 0.3059  data_time: 0.0009  memory: 32817  loss: 0.5688
2024/08/22 10:06:35 - mmengine - INFO - Epoch(train)  [5][1900/2952]  base_lr: 9.0451e-06 lr: 9.0451e-06  eta: 3:53:33  time: 0.3102  data_time: 0.0012  memory: 32817  loss: 0.5797
2024/08/22 10:07:05 - mmengine - INFO - Epoch(train)  [5][2000/2952]  base_lr: 9.0451e-06 lr: 9.0451e-06  eta: 3:53:01  time: 0.3059  data_time: 0.0009  memory: 32817  loss: 0.5702
2024/08/22 10:07:36 - mmengine - INFO - Epoch(train)  [5][2100/2952]  base_lr: 9.0451e-06 lr: 9.0451e-06  eta: 3:52:30  time: 0.3080  data_time: 0.0010  memory: 32817  loss: 0.5601
2024/08/22 10:08:05 - mmengine - INFO - Exp name: finetune_20240822_085224
2024/08/22 10:08:07 - mmengine - INFO - Epoch(train)  [5][2200/2952]  base_lr: 9.0451e-06 lr: 9.0451e-06  eta: 3:51:59  time: 0.3085  data_time: 0.0011  memory: 32817  loss: 0.5999
2024/08/22 10:08:38 - mmengine - INFO - Epoch(train)  [5][2300/2952]  base_lr: 9.0451e-06 lr: 9.0451e-06  eta: 3:51:28  time: 0.3061  data_time: 0.0009  memory: 32817  loss: 0.5564
2024/08/22 10:09:09 - mmengine - INFO - Epoch(train)  [5][2400/2952]  base_lr: 9.0451e-06 lr: 9.0451e-06  eta: 3:50:56  time: 0.3098  data_time: 0.0011  memory: 32817  loss: 0.5886
2024/08/22 10:09:39 - mmengine - INFO - Epoch(train)  [5][2500/2952]  base_lr: 9.0451e-06 lr: 9.0451e-06  eta: 3:50:25  time: 0.3061  data_time: 0.0009  memory: 32817  loss: 0.5717
2024/08/22 10:10:10 - mmengine - INFO - Epoch(train)  [5][2600/2952]  base_lr: 9.0451e-06 lr: 9.0451e-06  eta: 3:49:54  time: 0.3113  data_time: 0.0011  memory: 32817  loss: 0.6247
2024/08/22 10:10:41 - mmengine - INFO - Epoch(train)  [5][2700/2952]  base_lr: 9.0451e-06 lr: 9.0451e-06  eta: 3:49:23  time: 0.3058  data_time: 0.0009  memory: 32817  loss: 0.6140
2024/08/22 10:11:12 - mmengine - INFO - Epoch(train)  [5][2800/2952]  base_lr: 9.0451e-06 lr: 9.0451e-06  eta: 3:48:51  time: 0.3071  data_time: 0.0010  memory: 32817  loss: 0.6148
2024/08/22 10:11:43 - mmengine - INFO - Epoch(train)  [5][2900/2952]  base_lr: 9.0451e-06 lr: 9.0451e-06  eta: 3:48:20  time: 0.3058  data_time: 0.0011  memory: 32817  loss: 0.6012
2024/08/22 10:11:58 - mmengine - INFO - Exp name: finetune_20240822_085224
2024/08/22 10:11:58 - mmengine - INFO - Saving checkpoint at 5 epochs
2024/08/22 10:12:34 - mmengine - INFO - Epoch(val)  [5][100/146]    eta: 0:00:16  time: 0.3291  data_time: 0.0003  memory: 32817  
2024/08/22 10:12:49 - mmengine - INFO - Epoch(val) [5][146/146]    accuracy/top1: 69.5472  accuracy/top5: 87.3677  single-label/precision: 16.2518  single-label/recall: 14.8507  single-label/f1-score: 14.6053  data_time: 0.0132  time: 0.3401
2024/08/22 10:13:24 - mmengine - INFO - Epoch(train)  [6][ 100/2952]  base_lr: 8.5355e-06 lr: 8.5355e-06  eta: 3:47:42  time: 0.3084  data_time: 0.0010  memory: 32817  loss: 0.3655
2024/08/22 10:13:55 - mmengine - INFO - Epoch(train)  [6][ 200/2952]  base_lr: 8.5355e-06 lr: 8.5355e-06  eta: 3:47:11  time: 0.3065  data_time: 0.0010  memory: 32817  loss: 0.3992
2024/08/22 10:14:07 - mmengine - INFO - Exp name: finetune_20240822_085224
2024/08/22 10:14:25 - mmengine - INFO - Epoch(train)  [6][ 300/2952]  base_lr: 8.5355e-06 lr: 8.5355e-06  eta: 3:46:40  time: 0.3090  data_time: 0.0011  memory: 32817  loss: 0.4257
2024/08/22 10:14:56 - mmengine - INFO - Epoch(train)  [6][ 400/2952]  base_lr: 8.5355e-06 lr: 8.5355e-06  eta: 3:46:09  time: 0.3213  data_time: 0.0010  memory: 32817  loss: 0.4474
2024/08/22 10:15:27 - mmengine - INFO - Epoch(train)  [6][ 500/2952]  base_lr: 8.5355e-06 lr: 8.5355e-06  eta: 3:45:38  time: 0.3063  data_time: 0.0009  memory: 32817  loss: 0.4170
2024/08/22 10:15:58 - mmengine - INFO - Epoch(train)  [6][ 600/2952]  base_lr: 8.5355e-06 lr: 8.5355e-06  eta: 3:45:06  time: 0.3111  data_time: 0.0011  memory: 32817  loss: 0.4226
2024/08/22 10:16:29 - mmengine - INFO - Epoch(train)  [6][ 700/2952]  base_lr: 8.5355e-06 lr: 8.5355e-06  eta: 3:44:35  time: 0.3063  data_time: 0.0009  memory: 32817  loss: 0.4639
2024/08/22 10:17:00 - mmengine - INFO - Epoch(train)  [6][ 800/2952]  base_lr: 8.5355e-06 lr: 8.5355e-06  eta: 3:44:05  time: 0.3120  data_time: 0.0012  memory: 32817  loss: 0.3832
2024/08/22 10:17:31 - mmengine - INFO - Epoch(train)  [6][ 900/2952]  base_lr: 8.5355e-06 lr: 8.5355e-06  eta: 3:43:33  time: 0.3062  data_time: 0.0009  memory: 32817  loss: 0.4299
2024/08/22 10:18:02 - mmengine - INFO - Epoch(train)  [6][1000/2952]  base_lr: 8.5355e-06 lr: 8.5355e-06  eta: 3:43:03  time: 0.3086  data_time: 0.0011  memory: 32817  loss: 0.4087
2024/08/22 10:18:33 - mmengine - INFO - Epoch(train)  [6][1100/2952]  base_lr: 8.5355e-06 lr: 8.5355e-06  eta: 3:42:31  time: 0.3076  data_time: 0.0010  memory: 32817  loss: 0.4242
2024/08/22 10:19:03 - mmengine - INFO - Epoch(train)  [6][1200/2952]  base_lr: 8.5355e-06 lr: 8.5355e-06  eta: 3:42:00  time: 0.3059  data_time: 0.0009  memory: 32817  loss: 0.4444
2024/08/22 10:19:16 - mmengine - INFO - Exp name: finetune_20240822_085224
2024/08/22 10:19:34 - mmengine - INFO - Epoch(train)  [6][1300/2952]  base_lr: 8.5355e-06 lr: 8.5355e-06  eta: 3:41:29  time: 0.3111  data_time: 0.0011  memory: 32817  loss: 0.4165
2024/08/22 10:20:05 - mmengine - INFO - Epoch(train)  [6][1400/2952]  base_lr: 8.5355e-06 lr: 8.5355e-06  eta: 3:40:58  time: 0.3060  data_time: 0.0009  memory: 32817  loss: 0.4283
2024/08/22 10:20:36 - mmengine - INFO - Epoch(train)  [6][1500/2952]  base_lr: 8.5355e-06 lr: 8.5355e-06  eta: 3:40:27  time: 0.3119  data_time: 0.0012  memory: 32817  loss: 0.4564
2024/08/22 10:21:07 - mmengine - INFO - Epoch(train)  [6][1600/2952]  base_lr: 8.5355e-06 lr: 8.5355e-06  eta: 3:39:56  time: 0.3076  data_time: 0.0010  memory: 32817  loss: 0.4257
2024/08/22 10:21:38 - mmengine - INFO - Epoch(train)  [6][1700/2952]  base_lr: 8.5355e-06 lr: 8.5355e-06  eta: 3:39:25  time: 0.3076  data_time: 0.0010  memory: 32817  loss: 0.4236
2024/08/22 10:22:09 - mmengine - INFO - Epoch(train)  [6][1800/2952]  base_lr: 8.5355e-06 lr: 8.5355e-06  eta: 3:38:54  time: 0.3059  data_time: 0.0010  memory: 32817  loss: 0.4413
2024/08/22 10:22:39 - mmengine - INFO - Epoch(train)  [6][1900/2952]  base_lr: 8.5355e-06 lr: 8.5355e-06  eta: 3:38:22  time: 0.3109  data_time: 0.0011  memory: 32817  loss: 0.4718
2024/08/22 10:23:10 - mmengine - INFO - Epoch(train)  [6][2000/2952]  base_lr: 8.5355e-06 lr: 8.5355e-06  eta: 3:37:51  time: 0.3059  data_time: 0.0009  memory: 32817  loss: 0.4576
2024/08/22 10:23:41 - mmengine - INFO - Epoch(train)  [6][2100/2952]  base_lr: 8.5355e-06 lr: 8.5355e-06  eta: 3:37:20  time: 0.3121  data_time: 0.0012  memory: 32817  loss: 0.4430
2024/08/22 10:24:12 - mmengine - INFO - Epoch(train)  [6][2200/2952]  base_lr: 8.5355e-06 lr: 8.5355e-06  eta: 3:36:49  time: 0.3060  data_time: 0.0010  memory: 32817  loss: 0.4596
2024/08/22 10:24:24 - mmengine - INFO - Exp name: finetune_20240822_085224
2024/08/22 10:24:43 - mmengine - INFO - Epoch(train)  [6][2300/2952]  base_lr: 8.5355e-06 lr: 8.5355e-06  eta: 3:36:18  time: 0.3090  data_time: 0.0010  memory: 32817  loss: 0.4772
2024/08/22 10:25:13 - mmengine - INFO - Epoch(train)  [6][2400/2952]  base_lr: 8.5355e-06 lr: 8.5355e-06  eta: 3:35:46  time: 0.3063  data_time: 0.0009  memory: 32817  loss: 0.4429
2024/08/22 10:25:44 - mmengine - INFO - Epoch(train)  [6][2500/2952]  base_lr: 8.5355e-06 lr: 8.5355e-06  eta: 3:35:15  time: 0.3064  data_time: 0.0010  memory: 32817  loss: 0.4644
2024/08/22 10:26:15 - mmengine - INFO - Epoch(train)  [6][2600/2952]  base_lr: 8.5355e-06 lr: 8.5355e-06  eta: 3:34:43  time: 0.3063  data_time: 0.0009  memory: 32817  loss: 0.4746
2024/08/22 10:26:45 - mmengine - INFO - Epoch(train)  [6][2700/2952]  base_lr: 8.5355e-06 lr: 8.5355e-06  eta: 3:34:12  time: 0.3061  data_time: 0.0009  memory: 32817  loss: 0.4635
2024/08/22 10:27:16 - mmengine - INFO - Epoch(train)  [6][2800/2952]  base_lr: 8.5355e-06 lr: 8.5355e-06  eta: 3:33:40  time: 0.3089  data_time: 0.0011  memory: 32817  loss: 0.5193
2024/08/22 10:27:47 - mmengine - INFO - Epoch(train)  [6][2900/2952]  base_lr: 8.5355e-06 lr: 8.5355e-06  eta: 3:33:09  time: 0.3062  data_time: 0.0011  memory: 32817  loss: 0.4303
2024/08/22 10:28:03 - mmengine - INFO - Exp name: finetune_20240822_085224
2024/08/22 10:28:03 - mmengine - INFO - Saving checkpoint at 6 epochs
2024/08/22 10:28:38 - mmengine - INFO - Epoch(val)  [6][100/146]    eta: 0:00:16  time: 0.3285  data_time: 0.0003  memory: 32817  
2024/08/22 10:28:54 - mmengine - INFO - Epoch(val) [6][146/146]    accuracy/top1: 69.8373  accuracy/top5: 87.3946  single-label/precision: 16.2563  single-label/recall: 14.9725  single-label/f1-score: 14.6535  data_time: 0.0164  time: 0.3436
2024/08/22 10:29:29 - mmengine - INFO - Epoch(train)  [7][ 100/2952]  base_lr: 7.9389e-06 lr: 7.9389e-06  eta: 3:32:29  time: 0.3060  data_time: 0.0009  memory: 32817  loss: 0.3072
2024/08/22 10:29:59 - mmengine - INFO - Epoch(train)  [7][ 200/2952]  base_lr: 7.9389e-06 lr: 7.9389e-06  eta: 3:31:58  time: 0.3062  data_time: 0.0009  memory: 32817  loss: 0.3008
2024/08/22 10:30:27 - mmengine - INFO - Exp name: finetune_20240822_085224
2024/08/22 10:30:30 - mmengine - INFO - Epoch(train)  [7][ 300/2952]  base_lr: 7.9389e-06 lr: 7.9389e-06  eta: 3:31:27  time: 0.3104  data_time: 0.0011  memory: 32817  loss: 0.2875
2024/08/22 10:31:02 - mmengine - INFO - Epoch(train)  [7][ 400/2952]  base_lr: 7.9389e-06 lr: 7.9389e-06  eta: 3:30:56  time: 0.3098  data_time: 0.0011  memory: 32817  loss: 0.2988
2024/08/22 10:31:33 - mmengine - INFO - Epoch(train)  [7][ 500/2952]  base_lr: 7.9389e-06 lr: 7.9389e-06  eta: 3:30:26  time: 0.3129  data_time: 0.0012  memory: 32817  loss: 0.3245
2024/08/22 10:32:04 - mmengine - INFO - Epoch(train)  [7][ 600/2952]  base_lr: 7.9389e-06 lr: 7.9389e-06  eta: 3:29:55  time: 0.3066  data_time: 0.0010  memory: 32817  loss: 0.3393
2024/08/22 10:32:35 - mmengine - INFO - Epoch(train)  [7][ 700/2952]  base_lr: 7.9389e-06 lr: 7.9389e-06  eta: 3:29:24  time: 0.3106  data_time: 0.0011  memory: 32817  loss: 0.3142
2024/08/22 10:33:06 - mmengine - INFO - Epoch(train)  [7][ 800/2952]  base_lr: 7.9389e-06 lr: 7.9389e-06  eta: 3:28:54  time: 0.3108  data_time: 0.0011  memory: 32817  loss: 0.3547
2024/08/22 10:33:37 - mmengine - INFO - Epoch(train)  [7][ 900/2952]  base_lr: 7.9389e-06 lr: 7.9389e-06  eta: 3:28:23  time: 0.3088  data_time: 0.0011  memory: 32817  loss: 0.3391
2024/08/22 10:34:08 - mmengine - INFO - Epoch(train)  [7][1000/2952]  base_lr: 7.9389e-06 lr: 7.9389e-06  eta: 3:27:53  time: 0.3121  data_time: 0.0013  memory: 32817  loss: 0.3401
2024/08/22 10:34:39 - mmengine - INFO - Epoch(train)  [7][1100/2952]  base_lr: 7.9389e-06 lr: 7.9389e-06  eta: 3:27:22  time: 0.3124  data_time: 0.0012  memory: 32817  loss: 0.3002
2024/08/22 10:35:10 - mmengine - INFO - Epoch(train)  [7][1200/2952]  base_lr: 7.9389e-06 lr: 7.9389e-06  eta: 3:26:51  time: 0.3099  data_time: 0.0011  memory: 32817  loss: 0.3144
2024/08/22 10:35:37 - mmengine - INFO - Exp name: finetune_20240822_085224
2024/08/22 10:35:41 - mmengine - INFO - Epoch(train)  [7][1300/2952]  base_lr: 7.9389e-06 lr: 7.9389e-06  eta: 3:26:20  time: 0.3115  data_time: 0.0012  memory: 32817  loss: 0.3258
2024/08/22 10:36:12 - mmengine - INFO - Epoch(train)  [7][1400/2952]  base_lr: 7.9389e-06 lr: 7.9389e-06  eta: 3:25:49  time: 0.3065  data_time: 0.0010  memory: 32817  loss: 0.3448
2024/08/22 10:36:43 - mmengine - INFO - Epoch(train)  [7][1500/2952]  base_lr: 7.9389e-06 lr: 7.9389e-06  eta: 3:25:18  time: 0.3081  data_time: 0.0011  memory: 32817  loss: 0.3173
2024/08/22 10:37:13 - mmengine - INFO - Epoch(train)  [7][1600/2952]  base_lr: 7.9389e-06 lr: 7.9389e-06  eta: 3:24:47  time: 0.3088  data_time: 0.0010  memory: 32817  loss: 0.3269
2024/08/22 10:37:44 - mmengine - INFO - Epoch(train)  [7][1700/2952]  base_lr: 7.9389e-06 lr: 7.9389e-06  eta: 3:24:16  time: 0.3120  data_time: 0.0012  memory: 32817  loss: 0.3339
2024/08/22 10:38:16 - mmengine - INFO - Epoch(train)  [7][1800/2952]  base_lr: 7.9389e-06 lr: 7.9389e-06  eta: 3:23:46  time: 0.3123  data_time: 0.0012  memory: 32817  loss: 0.3247
2024/08/22 10:38:47 - mmengine - INFO - Epoch(train)  [7][1900/2952]  base_lr: 7.9389e-06 lr: 7.9389e-06  eta: 3:23:15  time: 0.3117  data_time: 0.0012  memory: 32817  loss: 0.3634
2024/08/22 10:39:18 - mmengine - INFO - Epoch(train)  [7][2000/2952]  base_lr: 7.9389e-06 lr: 7.9389e-06  eta: 3:22:44  time: 0.3114  data_time: 0.0012  memory: 32817  loss: 0.3569
2024/08/22 10:39:49 - mmengine - INFO - Epoch(train)  [7][2100/2952]  base_lr: 7.9389e-06 lr: 7.9389e-06  eta: 3:22:14  time: 0.3082  data_time: 0.0011  memory: 32817  loss: 0.3667
2024/08/22 10:40:20 - mmengine - INFO - Epoch(train)  [7][2200/2952]  base_lr: 7.9389e-06 lr: 7.9389e-06  eta: 3:21:43  time: 0.3096  data_time: 0.0011  memory: 32817  loss: 0.3552
2024/08/22 10:40:47 - mmengine - INFO - Exp name: finetune_20240822_085224
2024/08/22 10:40:51 - mmengine - INFO - Epoch(train)  [7][2300/2952]  base_lr: 7.9389e-06 lr: 7.9389e-06  eta: 3:21:13  time: 0.3088  data_time: 0.0011  memory: 32817  loss: 0.3716
2024/08/22 10:41:22 - mmengine - INFO - Epoch(train)  [7][2400/2952]  base_lr: 7.9389e-06 lr: 7.9389e-06  eta: 3:20:42  time: 0.3122  data_time: 0.0012  memory: 32817  loss: 0.3410
2024/08/22 10:41:53 - mmengine - INFO - Epoch(train)  [7][2500/2952]  base_lr: 7.9389e-06 lr: 7.9389e-06  eta: 3:20:12  time: 0.3121  data_time: 0.0012  memory: 32817  loss: 0.3357
2024/08/22 10:42:24 - mmengine - INFO - Epoch(train)  [7][2600/2952]  base_lr: 7.9389e-06 lr: 7.9389e-06  eta: 3:19:41  time: 0.3108  data_time: 0.0011  memory: 32817  loss: 0.3485
2024/08/22 10:42:56 - mmengine - INFO - Epoch(train)  [7][2700/2952]  base_lr: 7.9389e-06 lr: 7.9389e-06  eta: 3:19:10  time: 0.3114  data_time: 0.0012  memory: 32817  loss: 0.3521
2024/08/22 10:43:27 - mmengine - INFO - Epoch(train)  [7][2800/2952]  base_lr: 7.9389e-06 lr: 7.9389e-06  eta: 3:18:39  time: 0.3087  data_time: 0.0011  memory: 32817  loss: 0.3848
2024/08/22 10:43:58 - mmengine - INFO - Epoch(train)  [7][2900/2952]  base_lr: 7.9389e-06 lr: 7.9389e-06  eta: 3:18:09  time: 0.3081  data_time: 0.0012  memory: 32817  loss: 0.3932
2024/08/22 10:44:13 - mmengine - INFO - Exp name: finetune_20240822_085224
2024/08/22 10:44:13 - mmengine - INFO - Saving checkpoint at 7 epochs
2024/08/22 10:44:49 - mmengine - INFO - Epoch(val)  [7][100/146]    eta: 0:00:16  time: 0.3281  data_time: 0.0003  memory: 32817  
2024/08/22 10:45:05 - mmengine - INFO - Epoch(val) [7][146/146]    accuracy/top1: 69.1283  accuracy/top5: 87.4590  single-label/precision: 16.2658  single-label/recall: 14.8500  single-label/f1-score: 14.5509  data_time: 0.0148  time: 0.3422
2024/08/22 10:45:39 - mmengine - INFO - Epoch(train)  [8][ 100/2952]  base_lr: 7.2700e-06 lr: 7.2700e-06  eta: 3:17:27  time: 0.3112  data_time: 0.0011  memory: 32817  loss: 0.2145
2024/08/22 10:46:10 - mmengine - INFO - Epoch(train)  [8][ 200/2952]  base_lr: 7.2700e-06 lr: 7.2700e-06  eta: 3:16:56  time: 0.3062  data_time: 0.0009  memory: 32817  loss: 0.2287
2024/08/22 10:46:41 - mmengine - INFO - Epoch(train)  [8][ 300/2952]  base_lr: 7.2700e-06 lr: 7.2700e-06  eta: 3:16:25  time: 0.3095  data_time: 0.0011  memory: 32817  loss: 0.2218
2024/08/22 10:46:52 - mmengine - INFO - Exp name: finetune_20240822_085224
2024/08/22 10:47:12 - mmengine - INFO - Epoch(train)  [8][ 400/2952]  base_lr: 7.2700e-06 lr: 7.2700e-06  eta: 3:15:54  time: 0.3060  data_time: 0.0010  memory: 32817  loss: 0.2192
2024/08/22 10:47:43 - mmengine - INFO - Epoch(train)  [8][ 500/2952]  base_lr: 7.2700e-06 lr: 7.2700e-06  eta: 3:15:23  time: 0.3068  data_time: 0.0010  memory: 32817  loss: 0.2132
2024/08/22 10:48:13 - mmengine - INFO - Epoch(train)  [8][ 600/2952]  base_lr: 7.2700e-06 lr: 7.2700e-06  eta: 3:14:51  time: 0.3094  data_time: 0.0010  memory: 32817  loss: 0.2108
