2024/07/09 12:06:45 - mmengine - INFO - 
------------------------------------------------------------
System environment:
    sys.platform: linux
    Python: 3.10.12 (main, Nov 20 2023, 15:14:05) [GCC 11.4.0]
    CUDA available: True
    MUSA available: False
    numpy_random_seed: 0
    GPU 0,1: NVIDIA A100-SXM4-80GB
    CUDA_HOME: /usr/local/cuda
    NVCC: Cuda compilation tools, release 12.3, V12.3.107
    GCC: x86_64-linux-gnu-gcc (Ubuntu 11.4.0-1ubuntu1~22.04) 11.4.0
    PyTorch: 2.3.1+cu121
    PyTorch compiling details: PyTorch built with:
  - GCC 9.3
  - C++ Version: 201703
  - Intel(R) oneAPI Math Kernel Library Version 2022.2-Product Build 20220804 for Intel(R) 64 architecture applications
  - Intel(R) MKL-DNN v3.3.6 (Git Hash 86e6af5974177e513fd3fee58425e1063e7f1361)
  - OpenMP 201511 (a.k.a. OpenMP 4.5)
  - LAPACK is enabled (usually provided by MKL)
  - NNPACK is enabled
  - CPU capability usage: AVX2
  - CUDA Runtime 12.1
  - NVCC architecture flags: -gencode;arch=compute_50,code=sm_50;-gencode;arch=compute_60,code=sm_60;-gencode;arch=compute_70,code=sm_70;-gencode;arch=compute_75,code=sm_75;-gencode;arch=compute_80,code=sm_80;-gencode;arch=compute_86,code=sm_86;-gencode;arch=compute_90,code=sm_90
  - CuDNN 8.9.2
  - Magma 2.6.1
  - Build settings: BLAS_INFO=mkl, BUILD_TYPE=Release, CUDA_VERSION=12.1, CUDNN_VERSION=8.9.2, CXX_COMPILER=/opt/rh/devtoolset-9/root/usr/bin/c++, CXX_FLAGS= -D_GLIBCXX_USE_CXX11_ABI=0 -fabi-version=11 -fvisibility-inlines-hidden -DUSE_PTHREADPOOL -DNDEBUG -DUSE_KINETO -DLIBKINETO_NOROCTRACER -DUSE_FBGEMM -DUSE_QNNPACK -DUSE_PYTORCH_QNNPACK -DUSE_XNNPACK -DSYMBOLICATE_MOBILE_DEBUG_HANDLE -O2 -fPIC -Wall -Wextra -Werror=return-type -Werror=non-virtual-dtor -Werror=bool-operation -Wnarrowing -Wno-missing-field-initializers -Wno-type-limits -Wno-array-bounds -Wno-unknown-pragmas -Wno-unused-parameter -Wno-unused-function -Wno-unused-result -Wno-strict-overflow -Wno-strict-aliasing -Wno-stringop-overflow -Wsuggest-override -Wno-psabi -Wno-error=pedantic -Wno-error=old-style-cast -Wno-missing-braces -fdiagnostics-color=always -faligned-new -Wno-unused-but-set-variable -Wno-maybe-uninitialized -fno-math-errno -fno-trapping-math -Werror=format -Wno-stringop-overflow, LAPACK_INFO=mkl, PERF_WITH_AVX=1, PERF_WITH_AVX2=1, PERF_WITH_AVX512=1, TORCH_VERSION=2.3.1, USE_CUDA=ON, USE_CUDNN=ON, USE_CUSPARSELT=1, USE_EXCEPTION_PTR=1, USE_GFLAGS=OFF, USE_GLOG=OFF, USE_GLOO=ON, USE_MKL=ON, USE_MKLDNN=ON, USE_MPI=OFF, USE_NCCL=1, USE_NNPACK=ON, USE_OPENMP=ON, USE_ROCM=OFF, USE_ROCM_KERNEL_ASSERT=OFF, 

    TorchVision: 0.18.1+cu121
    OpenCV: 4.10.0
    MMEngine: 0.10.4

Runtime environment:
    cudnn_benchmark: False
    mp_cfg: {'mp_start_method': 'fork', 'opencv_num_threads': 0}
    dist_cfg: {'backend': 'nccl'}
    seed: 0
    deterministic: True
    Distributed launcher: pytorch
    Distributed training: True
    GPU number: 2
------------------------------------------------------------

2024/07/09 12:06:45 - mmengine - INFO - Config:
auto_scale_lr = dict(base_batch_size=1024)
data_dir = '/mnt/data'
data_preprocessor = dict(
    mean=[
        123.675,
        116.28,
        103.53,
    ],
    num_classes=2,
    std=[
        58.395,
        57.12,
        57.375,
    ],
    to_rgb=True)
default_hooks = dict(
    checkpoint=dict(interval=1, max_keep_ckpts=5, type='CheckpointHook'),
    logger=dict(interval=25, type='LoggerHook'),
    param_scheduler=dict(type='ParamSchedulerHook'),
    sampler_seed=dict(type='DistSamplerSeedHook'),
    timer=dict(type='IterTimerHook'),
    visualization=dict(enable=False, type='VisualizationHook'))
default_scope = 'mmpretrain'
env_cfg = dict(
    cudnn_benchmark=False,
    dist_cfg=dict(backend='nccl'),
    mp_cfg=dict(mp_start_method='fork', opencv_num_threads=0))
launcher = 'pytorch'
load_from = None
log_level = 'INFO'
model = dict(
    backbone=dict(
        arch='base',
        frozen_stages=12,
        img_size=518,
        init_cfg=dict(
            checkpoint=
            'https://download.openmmlab.com/mmpretrain/v1.0/dinov2/vit-base-p14_dinov2-pre_3rdparty_20230426-ba246503.pth',
            prefix='backbone',
            type='Pretrained'),
        layer_scale_init_value=1e-05,
        patch_size=14,
        type='VisionTransformer'),
    head=dict(
        in_channels=768,
        loss=dict(type='CrossEntropyLoss'),
        num_classes=2,
        topk=(1, ),
        type='VisionTransformerClsHead'),
    neck=None,
    type='ImageClassifier')
optim_wrapper = dict(
    loss_scale='dynamic',
    optimizer=dict(lr=0.0001, type='AdamW', weight_decay=0.05),
    paramwise_cfg=dict(
        custom_keys=dict(
            cls_token=dict(decay_mult=0.0), mask_token=dict(decay_mult=0.0))),
    type='AmpOptimWrapper')
param_scheduler = [
    dict(T_max=20, by_epoch=True, type='CosineAnnealingLR'),
]
randomness = dict(deterministic=True, seed=0)
resume = False
test_cfg = dict()
test_dataloader = dict(
    batch_size=1024,
    collate_fn=dict(type='default_collate'),
    dataset=dict(
        ann_file='annotation_sugarbeet/test_2.txt',
        data_prefix='/mnt/data',
        pipeline=[
            dict(type='LoadImageFromFile'),
            dict(
                backend='pillow',
                edge='short',
                interpolation='bicubic',
                scale=518,
                type='ResizeEdge'),
            dict(crop_size=518, type='CenterCrop'),
            dict(type='PackInputs'),
        ],
        type='CustomDataset'),
    num_workers=28,
    persistent_workers=True,
    pin_memory=True,
    sampler=dict(shuffle=True, type='DefaultSampler'))
test_evaluator = [
    dict(topk=(1, ), type='Accuracy'),
    dict(average=None, type='SingleLabelMetric'),
]
test_pipeline = [
    dict(type='LoadImageFromFile'),
    dict(
        backend='pillow',
        edge='short',
        interpolation='bicubic',
        scale=518,
        type='ResizeEdge'),
    dict(crop_size=518, type='CenterCrop'),
    dict(type='PackInputs'),
]
train_cfg = dict(by_epoch=True, max_epochs=12, val_interval=1)
train_dataloader = dict(
    batch_size=1024,
    collate_fn=dict(type='default_collate'),
    dataset=dict(
        ann_file='annotation_sugarbeet/train_2.txt',
        data_prefix='/mnt/data',
        pipeline=[
            dict(type='LoadImageFromFile'),
            dict(
                backend='pillow',
                edge='short',
                interpolation='bicubic',
                scale=518,
                type='ResizeEdge'),
            dict(crop_size=518, type='CenterCrop'),
            dict(type='PackInputs'),
        ],
        type='CustomDataset'),
    num_workers=28,
    persistent_workers=True,
    pin_memory=True,
    sampler=dict(shuffle=True, type='DefaultSampler'))
train_pipeline = [
    dict(type='LoadImageFromFile'),
    dict(
        backend='pillow',
        interpolation='bicubic',
        scale=518,
        type='RandomResizedCrop'),
    dict(direction='horizontal', prob=0.5, type='RandomFlip'),
    dict(type='PackInputs'),
]
val_cfg = dict()
val_dataloader = dict(
    batch_size=1024,
    collate_fn=dict(type='default_collate'),
    dataset=dict(
        ann_file='annotation_sugarbeet/val_2.txt',
        data_prefix='/mnt/data',
        pipeline=[
            dict(type='LoadImageFromFile'),
            dict(
                backend='pillow',
                edge='short',
                interpolation='bicubic',
                scale=518,
                type='ResizeEdge'),
            dict(crop_size=518, type='CenterCrop'),
            dict(type='PackInputs'),
        ],
        type='CustomDataset'),
    num_workers=28,
    persistent_workers=True,
    pin_memory=True,
    sampler=dict(shuffle=True, type='DefaultSampler'))
val_evaluator = [
    dict(topk=(1, ), type='Accuracy'),
    dict(average=None, type='SingleLabelMetric'),
]
vis_backends = [
    dict(type='LocalVisBackend'),
]
visualizer = dict(
    type='UniversalVisualizer', vis_backends=[
        dict(type='LocalVisBackend'),
    ])
work_dir = './work_dirs/sugarbeet'

2024/07/09 12:06:46 - mmengine - INFO - Hooks will be executed in the following order:
before_run:
(VERY_HIGH   ) RuntimeInfoHook                    
(BELOW_NORMAL) LoggerHook                         
 -------------------- 
before_train:
(VERY_HIGH   ) RuntimeInfoHook                    
(NORMAL      ) IterTimerHook                      
(VERY_LOW    ) CheckpointHook                     
 -------------------- 
before_train_epoch:
(VERY_HIGH   ) RuntimeInfoHook                    
(NORMAL      ) IterTimerHook                      
(NORMAL      ) DistSamplerSeedHook                
 -------------------- 
before_train_iter:
(VERY_HIGH   ) RuntimeInfoHook                    
(NORMAL      ) IterTimerHook                      
 -------------------- 
after_train_iter:
(VERY_HIGH   ) RuntimeInfoHook                    
(NORMAL      ) IterTimerHook                      
(BELOW_NORMAL) LoggerHook                         
(LOW         ) ParamSchedulerHook                 
(VERY_LOW    ) CheckpointHook                     
 -------------------- 
after_train_epoch:
(NORMAL      ) IterTimerHook                      
(LOW         ) ParamSchedulerHook                 
(VERY_LOW    ) CheckpointHook                     
 -------------------- 
before_val:
(VERY_HIGH   ) RuntimeInfoHook                    
 -------------------- 
before_val_epoch:
(NORMAL      ) IterTimerHook                      
 -------------------- 
before_val_iter:
(NORMAL      ) IterTimerHook                      
 -------------------- 
after_val_iter:
(NORMAL      ) IterTimerHook                      
(NORMAL      ) VisualizationHook                  
(BELOW_NORMAL) LoggerHook                         
 -------------------- 
after_val_epoch:
(VERY_HIGH   ) RuntimeInfoHook                    
(NORMAL      ) IterTimerHook                      
(BELOW_NORMAL) LoggerHook                         
(LOW         ) ParamSchedulerHook                 
(VERY_LOW    ) CheckpointHook                     
 -------------------- 
after_val:
(VERY_HIGH   ) RuntimeInfoHook                    
 -------------------- 
after_train:
(VERY_HIGH   ) RuntimeInfoHook                    
(VERY_LOW    ) CheckpointHook                     
 -------------------- 
before_test:
(VERY_HIGH   ) RuntimeInfoHook                    
 -------------------- 
before_test_epoch:
(NORMAL      ) IterTimerHook                      
 -------------------- 
before_test_iter:
(NORMAL      ) IterTimerHook                      
 -------------------- 
after_test_iter:
(NORMAL      ) IterTimerHook                      
(NORMAL      ) VisualizationHook                  
(BELOW_NORMAL) LoggerHook                         
 -------------------- 
after_test_epoch:
(VERY_HIGH   ) RuntimeInfoHook                    
(NORMAL      ) IterTimerHook                      
(BELOW_NORMAL) LoggerHook                         
 -------------------- 
after_test:
(VERY_HIGH   ) RuntimeInfoHook                    
 -------------------- 
after_run:
(BELOW_NORMAL) LoggerHook                         
 -------------------- 
2024/07/09 12:06:48 - mmengine - WARNING - backbone.cls_token is skipped since its requires_grad=False
2024/07/09 12:06:48 - mmengine - WARNING - backbone.pos_embed is skipped since its requires_grad=False
2024/07/09 12:06:48 - mmengine - WARNING - backbone.patch_embed.projection.weight is skipped since its requires_grad=False
2024/07/09 12:06:48 - mmengine - WARNING - backbone.patch_embed.projection.bias is skipped since its requires_grad=False
2024/07/09 12:06:48 - mmengine - WARNING - backbone.layers.0.ln1.weight is skipped since its requires_grad=False
2024/07/09 12:06:48 - mmengine - WARNING - backbone.layers.0.ln1.bias is skipped since its requires_grad=False
2024/07/09 12:06:48 - mmengine - WARNING - backbone.layers.0.attn.qkv.weight is skipped since its requires_grad=False
2024/07/09 12:06:48 - mmengine - WARNING - backbone.layers.0.attn.qkv.bias is skipped since its requires_grad=False
2024/07/09 12:06:48 - mmengine - WARNING - backbone.layers.0.attn.proj.weight is skipped since its requires_grad=False
2024/07/09 12:06:48 - mmengine - WARNING - backbone.layers.0.attn.proj.bias is skipped since its requires_grad=False
2024/07/09 12:06:48 - mmengine - WARNING - backbone.layers.0.attn.gamma1.weight is skipped since its requires_grad=False
2024/07/09 12:06:48 - mmengine - WARNING - backbone.layers.0.ln2.weight is skipped since its requires_grad=False
2024/07/09 12:06:48 - mmengine - WARNING - backbone.layers.0.ln2.bias is skipped since its requires_grad=False
2024/07/09 12:06:48 - mmengine - WARNING - backbone.layers.0.ffn.layers.0.0.weight is skipped since its requires_grad=False
2024/07/09 12:06:48 - mmengine - WARNING - backbone.layers.0.ffn.layers.0.0.bias is skipped since its requires_grad=False
2024/07/09 12:06:48 - mmengine - WARNING - backbone.layers.0.ffn.layers.1.weight is skipped since its requires_grad=False
2024/07/09 12:06:48 - mmengine - WARNING - backbone.layers.0.ffn.layers.1.bias is skipped since its requires_grad=False
2024/07/09 12:06:48 - mmengine - WARNING - backbone.layers.0.ffn.gamma2.weight is skipped since its requires_grad=False
2024/07/09 12:06:48 - mmengine - WARNING - backbone.layers.1.ln1.weight is skipped since its requires_grad=False
2024/07/09 12:06:48 - mmengine - WARNING - backbone.layers.1.ln1.bias is skipped since its requires_grad=False
2024/07/09 12:06:48 - mmengine - WARNING - backbone.layers.1.attn.qkv.weight is skipped since its requires_grad=False
2024/07/09 12:06:48 - mmengine - WARNING - backbone.layers.1.attn.qkv.bias is skipped since its requires_grad=False
2024/07/09 12:06:48 - mmengine - WARNING - backbone.layers.1.attn.proj.weight is skipped since its requires_grad=False
2024/07/09 12:06:48 - mmengine - WARNING - backbone.layers.1.attn.proj.bias is skipped since its requires_grad=False
2024/07/09 12:06:48 - mmengine - WARNING - backbone.layers.1.attn.gamma1.weight is skipped since its requires_grad=False
2024/07/09 12:06:48 - mmengine - WARNING - backbone.layers.1.ln2.weight is skipped since its requires_grad=False
2024/07/09 12:06:48 - mmengine - WARNING - backbone.layers.1.ln2.bias is skipped since its requires_grad=False
2024/07/09 12:06:48 - mmengine - WARNING - backbone.layers.1.ffn.layers.0.0.weight is skipped since its requires_grad=False
2024/07/09 12:06:48 - mmengine - WARNING - backbone.layers.1.ffn.layers.0.0.bias is skipped since its requires_grad=False
2024/07/09 12:06:48 - mmengine - WARNING - backbone.layers.1.ffn.layers.1.weight is skipped since its requires_grad=False
2024/07/09 12:06:48 - mmengine - WARNING - backbone.layers.1.ffn.layers.1.bias is skipped since its requires_grad=False
2024/07/09 12:06:48 - mmengine - WARNING - backbone.layers.1.ffn.gamma2.weight is skipped since its requires_grad=False
2024/07/09 12:06:48 - mmengine - WARNING - backbone.layers.2.ln1.weight is skipped since its requires_grad=False
2024/07/09 12:06:48 - mmengine - WARNING - backbone.layers.2.ln1.bias is skipped since its requires_grad=False
2024/07/09 12:06:48 - mmengine - WARNING - backbone.layers.2.attn.qkv.weight is skipped since its requires_grad=False
2024/07/09 12:06:48 - mmengine - WARNING - backbone.layers.2.attn.qkv.bias is skipped since its requires_grad=False
2024/07/09 12:06:48 - mmengine - WARNING - backbone.layers.2.attn.proj.weight is skipped since its requires_grad=False
2024/07/09 12:06:48 - mmengine - WARNING - backbone.layers.2.attn.proj.bias is skipped since its requires_grad=False
2024/07/09 12:06:48 - mmengine - WARNING - backbone.layers.2.attn.gamma1.weight is skipped since its requires_grad=False
2024/07/09 12:06:48 - mmengine - WARNING - backbone.layers.2.ln2.weight is skipped since its requires_grad=False
2024/07/09 12:06:48 - mmengine - WARNING - backbone.layers.2.ln2.bias is skipped since its requires_grad=False
2024/07/09 12:06:48 - mmengine - WARNING - backbone.layers.2.ffn.layers.0.0.weight is skipped since its requires_grad=False
2024/07/09 12:06:48 - mmengine - WARNING - backbone.layers.2.ffn.layers.0.0.bias is skipped since its requires_grad=False
2024/07/09 12:06:48 - mmengine - WARNING - backbone.layers.2.ffn.layers.1.weight is skipped since its requires_grad=False
2024/07/09 12:06:48 - mmengine - WARNING - backbone.layers.2.ffn.layers.1.bias is skipped since its requires_grad=False
2024/07/09 12:06:48 - mmengine - WARNING - backbone.layers.2.ffn.gamma2.weight is skipped since its requires_grad=False
2024/07/09 12:06:48 - mmengine - WARNING - backbone.layers.3.ln1.weight is skipped since its requires_grad=False
2024/07/09 12:06:48 - mmengine - WARNING - backbone.layers.3.ln1.bias is skipped since its requires_grad=False
2024/07/09 12:06:48 - mmengine - WARNING - backbone.layers.3.attn.qkv.weight is skipped since its requires_grad=False
2024/07/09 12:06:48 - mmengine - WARNING - backbone.layers.3.attn.qkv.bias is skipped since its requires_grad=False
2024/07/09 12:06:48 - mmengine - WARNING - backbone.layers.3.attn.proj.weight is skipped since its requires_grad=False
2024/07/09 12:06:48 - mmengine - WARNING - backbone.layers.3.attn.proj.bias is skipped since its requires_grad=False
2024/07/09 12:06:48 - mmengine - WARNING - backbone.layers.3.attn.gamma1.weight is skipped since its requires_grad=False
2024/07/09 12:06:48 - mmengine - WARNING - backbone.layers.3.ln2.weight is skipped since its requires_grad=False
2024/07/09 12:06:48 - mmengine - WARNING - backbone.layers.3.ln2.bias is skipped since its requires_grad=False
2024/07/09 12:06:48 - mmengine - WARNING - backbone.layers.3.ffn.layers.0.0.weight is skipped since its requires_grad=False
2024/07/09 12:06:48 - mmengine - WARNING - backbone.layers.3.ffn.layers.0.0.bias is skipped since its requires_grad=False
2024/07/09 12:06:48 - mmengine - WARNING - backbone.layers.3.ffn.layers.1.weight is skipped since its requires_grad=False
2024/07/09 12:06:48 - mmengine - WARNING - backbone.layers.3.ffn.layers.1.bias is skipped since its requires_grad=False
2024/07/09 12:06:48 - mmengine - WARNING - backbone.layers.3.ffn.gamma2.weight is skipped since its requires_grad=False
2024/07/09 12:06:48 - mmengine - WARNING - backbone.layers.4.ln1.weight is skipped since its requires_grad=False
2024/07/09 12:06:48 - mmengine - WARNING - backbone.layers.4.ln1.bias is skipped since its requires_grad=False
2024/07/09 12:06:48 - mmengine - WARNING - backbone.layers.4.attn.qkv.weight is skipped since its requires_grad=False
2024/07/09 12:06:48 - mmengine - WARNING - backbone.layers.4.attn.qkv.bias is skipped since its requires_grad=False
2024/07/09 12:06:48 - mmengine - WARNING - backbone.layers.4.attn.proj.weight is skipped since its requires_grad=False
2024/07/09 12:06:48 - mmengine - WARNING - backbone.layers.4.attn.proj.bias is skipped since its requires_grad=False
2024/07/09 12:06:48 - mmengine - WARNING - backbone.layers.4.attn.gamma1.weight is skipped since its requires_grad=False
2024/07/09 12:06:48 - mmengine - WARNING - backbone.layers.4.ln2.weight is skipped since its requires_grad=False
2024/07/09 12:06:48 - mmengine - WARNING - backbone.layers.4.ln2.bias is skipped since its requires_grad=False
2024/07/09 12:06:48 - mmengine - WARNING - backbone.layers.4.ffn.layers.0.0.weight is skipped since its requires_grad=False
2024/07/09 12:06:48 - mmengine - WARNING - backbone.layers.4.ffn.layers.0.0.bias is skipped since its requires_grad=False
2024/07/09 12:06:48 - mmengine - WARNING - backbone.layers.4.ffn.layers.1.weight is skipped since its requires_grad=False
2024/07/09 12:06:48 - mmengine - WARNING - backbone.layers.4.ffn.layers.1.bias is skipped since its requires_grad=False
2024/07/09 12:06:48 - mmengine - WARNING - backbone.layers.4.ffn.gamma2.weight is skipped since its requires_grad=False
2024/07/09 12:06:48 - mmengine - WARNING - backbone.layers.5.ln1.weight is skipped since its requires_grad=False
2024/07/09 12:06:48 - mmengine - WARNING - backbone.layers.5.ln1.bias is skipped since its requires_grad=False
2024/07/09 12:06:48 - mmengine - WARNING - backbone.layers.5.attn.qkv.weight is skipped since its requires_grad=False
2024/07/09 12:06:48 - mmengine - WARNING - backbone.layers.5.attn.qkv.bias is skipped since its requires_grad=False
2024/07/09 12:06:48 - mmengine - WARNING - backbone.layers.5.attn.proj.weight is skipped since its requires_grad=False
2024/07/09 12:06:48 - mmengine - WARNING - backbone.layers.5.attn.proj.bias is skipped since its requires_grad=False
2024/07/09 12:06:48 - mmengine - WARNING - backbone.layers.5.attn.gamma1.weight is skipped since its requires_grad=False
2024/07/09 12:06:48 - mmengine - WARNING - backbone.layers.5.ln2.weight is skipped since its requires_grad=False
2024/07/09 12:06:48 - mmengine - WARNING - backbone.layers.5.ln2.bias is skipped since its requires_grad=False
2024/07/09 12:06:48 - mmengine - WARNING - backbone.layers.5.ffn.layers.0.0.weight is skipped since its requires_grad=False
2024/07/09 12:06:48 - mmengine - WARNING - backbone.layers.5.ffn.layers.0.0.bias is skipped since its requires_grad=False
2024/07/09 12:06:48 - mmengine - WARNING - backbone.layers.5.ffn.layers.1.weight is skipped since its requires_grad=False
2024/07/09 12:06:48 - mmengine - WARNING - backbone.layers.5.ffn.layers.1.bias is skipped since its requires_grad=False
2024/07/09 12:06:48 - mmengine - WARNING - backbone.layers.5.ffn.gamma2.weight is skipped since its requires_grad=False
2024/07/09 12:06:48 - mmengine - WARNING - backbone.layers.6.ln1.weight is skipped since its requires_grad=False
2024/07/09 12:06:48 - mmengine - WARNING - backbone.layers.6.ln1.bias is skipped since its requires_grad=False
2024/07/09 12:06:48 - mmengine - WARNING - backbone.layers.6.attn.qkv.weight is skipped since its requires_grad=False
2024/07/09 12:06:48 - mmengine - WARNING - backbone.layers.6.attn.qkv.bias is skipped since its requires_grad=False
2024/07/09 12:06:48 - mmengine - WARNING - backbone.layers.6.attn.proj.weight is skipped since its requires_grad=False
2024/07/09 12:06:48 - mmengine - WARNING - backbone.layers.6.attn.proj.bias is skipped since its requires_grad=False
2024/07/09 12:06:48 - mmengine - WARNING - backbone.layers.6.attn.gamma1.weight is skipped since its requires_grad=False
2024/07/09 12:06:48 - mmengine - WARNING - backbone.layers.6.ln2.weight is skipped since its requires_grad=False
2024/07/09 12:06:48 - mmengine - WARNING - backbone.layers.6.ln2.bias is skipped since its requires_grad=False
2024/07/09 12:06:48 - mmengine - WARNING - backbone.layers.6.ffn.layers.0.0.weight is skipped since its requires_grad=False
2024/07/09 12:06:48 - mmengine - WARNING - backbone.layers.6.ffn.layers.0.0.bias is skipped since its requires_grad=False
2024/07/09 12:06:48 - mmengine - WARNING - backbone.layers.6.ffn.layers.1.weight is skipped since its requires_grad=False
2024/07/09 12:06:48 - mmengine - WARNING - backbone.layers.6.ffn.layers.1.bias is skipped since its requires_grad=False
2024/07/09 12:06:48 - mmengine - WARNING - backbone.layers.6.ffn.gamma2.weight is skipped since its requires_grad=False
2024/07/09 12:06:48 - mmengine - WARNING - backbone.layers.7.ln1.weight is skipped since its requires_grad=False
2024/07/09 12:06:48 - mmengine - WARNING - backbone.layers.7.ln1.bias is skipped since its requires_grad=False
2024/07/09 12:06:48 - mmengine - WARNING - backbone.layers.7.attn.qkv.weight is skipped since its requires_grad=False
2024/07/09 12:06:48 - mmengine - WARNING - backbone.layers.7.attn.qkv.bias is skipped since its requires_grad=False
2024/07/09 12:06:48 - mmengine - WARNING - backbone.layers.7.attn.proj.weight is skipped since its requires_grad=False
2024/07/09 12:06:48 - mmengine - WARNING - backbone.layers.7.attn.proj.bias is skipped since its requires_grad=False
2024/07/09 12:06:48 - mmengine - WARNING - backbone.layers.7.attn.gamma1.weight is skipped since its requires_grad=False
2024/07/09 12:06:48 - mmengine - WARNING - backbone.layers.7.ln2.weight is skipped since its requires_grad=False
2024/07/09 12:06:48 - mmengine - WARNING - backbone.layers.7.ln2.bias is skipped since its requires_grad=False
2024/07/09 12:06:48 - mmengine - WARNING - backbone.layers.7.ffn.layers.0.0.weight is skipped since its requires_grad=False
2024/07/09 12:06:48 - mmengine - WARNING - backbone.layers.7.ffn.layers.0.0.bias is skipped since its requires_grad=False
2024/07/09 12:06:48 - mmengine - WARNING - backbone.layers.7.ffn.layers.1.weight is skipped since its requires_grad=False
2024/07/09 12:06:48 - mmengine - WARNING - backbone.layers.7.ffn.layers.1.bias is skipped since its requires_grad=False
2024/07/09 12:06:48 - mmengine - WARNING - backbone.layers.7.ffn.gamma2.weight is skipped since its requires_grad=False
2024/07/09 12:06:48 - mmengine - WARNING - backbone.layers.8.ln1.weight is skipped since its requires_grad=False
2024/07/09 12:06:48 - mmengine - WARNING - backbone.layers.8.ln1.bias is skipped since its requires_grad=False
2024/07/09 12:06:48 - mmengine - WARNING - backbone.layers.8.attn.qkv.weight is skipped since its requires_grad=False
2024/07/09 12:06:48 - mmengine - WARNING - backbone.layers.8.attn.qkv.bias is skipped since its requires_grad=False
2024/07/09 12:06:48 - mmengine - WARNING - backbone.layers.8.attn.proj.weight is skipped since its requires_grad=False
2024/07/09 12:06:48 - mmengine - WARNING - backbone.layers.8.attn.proj.bias is skipped since its requires_grad=False
2024/07/09 12:06:48 - mmengine - WARNING - backbone.layers.8.attn.gamma1.weight is skipped since its requires_grad=False
2024/07/09 12:06:48 - mmengine - WARNING - backbone.layers.8.ln2.weight is skipped since its requires_grad=False
2024/07/09 12:06:48 - mmengine - WARNING - backbone.layers.8.ln2.bias is skipped since its requires_grad=False
2024/07/09 12:06:48 - mmengine - WARNING - backbone.layers.8.ffn.layers.0.0.weight is skipped since its requires_grad=False
2024/07/09 12:06:48 - mmengine - WARNING - backbone.layers.8.ffn.layers.0.0.bias is skipped since its requires_grad=False
2024/07/09 12:06:48 - mmengine - WARNING - backbone.layers.8.ffn.layers.1.weight is skipped since its requires_grad=False
2024/07/09 12:06:48 - mmengine - WARNING - backbone.layers.8.ffn.layers.1.bias is skipped since its requires_grad=False
2024/07/09 12:06:48 - mmengine - WARNING - backbone.layers.8.ffn.gamma2.weight is skipped since its requires_grad=False
2024/07/09 12:06:48 - mmengine - WARNING - backbone.layers.9.ln1.weight is skipped since its requires_grad=False
2024/07/09 12:06:48 - mmengine - WARNING - backbone.layers.9.ln1.bias is skipped since its requires_grad=False
2024/07/09 12:06:48 - mmengine - WARNING - backbone.layers.9.attn.qkv.weight is skipped since its requires_grad=False
2024/07/09 12:06:48 - mmengine - WARNING - backbone.layers.9.attn.qkv.bias is skipped since its requires_grad=False
2024/07/09 12:06:48 - mmengine - WARNING - backbone.layers.9.attn.proj.weight is skipped since its requires_grad=False
2024/07/09 12:06:48 - mmengine - WARNING - backbone.layers.9.attn.proj.bias is skipped since its requires_grad=False
2024/07/09 12:06:48 - mmengine - WARNING - backbone.layers.9.attn.gamma1.weight is skipped since its requires_grad=False
2024/07/09 12:06:48 - mmengine - WARNING - backbone.layers.9.ln2.weight is skipped since its requires_grad=False
2024/07/09 12:06:48 - mmengine - WARNING - backbone.layers.9.ln2.bias is skipped since its requires_grad=False
2024/07/09 12:06:48 - mmengine - WARNING - backbone.layers.9.ffn.layers.0.0.weight is skipped since its requires_grad=False
2024/07/09 12:06:48 - mmengine - WARNING - backbone.layers.9.ffn.layers.0.0.bias is skipped since its requires_grad=False
2024/07/09 12:06:48 - mmengine - WARNING - backbone.layers.9.ffn.layers.1.weight is skipped since its requires_grad=False
2024/07/09 12:06:48 - mmengine - WARNING - backbone.layers.9.ffn.layers.1.bias is skipped since its requires_grad=False
2024/07/09 12:06:48 - mmengine - WARNING - backbone.layers.9.ffn.gamma2.weight is skipped since its requires_grad=False
2024/07/09 12:06:48 - mmengine - WARNING - backbone.layers.10.ln1.weight is skipped since its requires_grad=False
2024/07/09 12:06:48 - mmengine - WARNING - backbone.layers.10.ln1.bias is skipped since its requires_grad=False
2024/07/09 12:06:48 - mmengine - WARNING - backbone.layers.10.attn.qkv.weight is skipped since its requires_grad=False
2024/07/09 12:06:48 - mmengine - WARNING - backbone.layers.10.attn.qkv.bias is skipped since its requires_grad=False
2024/07/09 12:06:48 - mmengine - WARNING - backbone.layers.10.attn.proj.weight is skipped since its requires_grad=False
2024/07/09 12:06:48 - mmengine - WARNING - backbone.layers.10.attn.proj.bias is skipped since its requires_grad=False
2024/07/09 12:06:48 - mmengine - WARNING - backbone.layers.10.attn.gamma1.weight is skipped since its requires_grad=False
2024/07/09 12:06:48 - mmengine - WARNING - backbone.layers.10.ln2.weight is skipped since its requires_grad=False
2024/07/09 12:06:48 - mmengine - WARNING - backbone.layers.10.ln2.bias is skipped since its requires_grad=False
2024/07/09 12:06:48 - mmengine - WARNING - backbone.layers.10.ffn.layers.0.0.weight is skipped since its requires_grad=False
2024/07/09 12:06:48 - mmengine - WARNING - backbone.layers.10.ffn.layers.0.0.bias is skipped since its requires_grad=False
2024/07/09 12:06:48 - mmengine - WARNING - backbone.layers.10.ffn.layers.1.weight is skipped since its requires_grad=False
2024/07/09 12:06:48 - mmengine - WARNING - backbone.layers.10.ffn.layers.1.bias is skipped since its requires_grad=False
2024/07/09 12:06:48 - mmengine - WARNING - backbone.layers.10.ffn.gamma2.weight is skipped since its requires_grad=False
2024/07/09 12:06:48 - mmengine - WARNING - backbone.layers.11.ln1.weight is skipped since its requires_grad=False
2024/07/09 12:06:48 - mmengine - WARNING - backbone.layers.11.ln1.bias is skipped since its requires_grad=False
2024/07/09 12:06:48 - mmengine - WARNING - backbone.layers.11.attn.qkv.weight is skipped since its requires_grad=False
2024/07/09 12:06:48 - mmengine - WARNING - backbone.layers.11.attn.qkv.bias is skipped since its requires_grad=False
2024/07/09 12:06:48 - mmengine - WARNING - backbone.layers.11.attn.proj.weight is skipped since its requires_grad=False
2024/07/09 12:06:48 - mmengine - WARNING - backbone.layers.11.attn.proj.bias is skipped since its requires_grad=False
2024/07/09 12:06:48 - mmengine - WARNING - backbone.layers.11.attn.gamma1.weight is skipped since its requires_grad=False
2024/07/09 12:06:48 - mmengine - WARNING - backbone.layers.11.ln2.weight is skipped since its requires_grad=False
2024/07/09 12:06:48 - mmengine - WARNING - backbone.layers.11.ln2.bias is skipped since its requires_grad=False
2024/07/09 12:06:48 - mmengine - WARNING - backbone.layers.11.ffn.layers.0.0.weight is skipped since its requires_grad=False
2024/07/09 12:06:48 - mmengine - WARNING - backbone.layers.11.ffn.layers.0.0.bias is skipped since its requires_grad=False
2024/07/09 12:06:48 - mmengine - WARNING - backbone.layers.11.ffn.layers.1.weight is skipped since its requires_grad=False
2024/07/09 12:06:48 - mmengine - WARNING - backbone.layers.11.ffn.layers.1.bias is skipped since its requires_grad=False
2024/07/09 12:06:48 - mmengine - WARNING - backbone.layers.11.ffn.gamma2.weight is skipped since its requires_grad=False
2024/07/09 12:06:48 - mmengine - WARNING - backbone.ln1.weight is skipped since its requires_grad=False
2024/07/09 12:06:48 - mmengine - WARNING - backbone.ln1.bias is skipped since its requires_grad=False
2024/07/09 12:06:49 - mmengine - INFO - load backbone in model from: https://download.openmmlab.com/mmpretrain/v1.0/dinov2/vit-base-p14_dinov2-pre_3rdparty_20230426-ba246503.pth
2024/07/09 12:06:49 - mmengine - WARNING - The model and loaded state dict do not match exactly

unexpected key in source state_dict: mask_token

Name of parameter - Initialization information

backbone.cls_token - torch.Size([1, 1, 768]): 
PretrainedInit: load from https://download.openmmlab.com/mmpretrain/v1.0/dinov2/vit-base-p14_dinov2-pre_3rdparty_20230426-ba246503.pth 

backbone.pos_embed - torch.Size([1, 1370, 768]): 
PretrainedInit: load from https://download.openmmlab.com/mmpretrain/v1.0/dinov2/vit-base-p14_dinov2-pre_3rdparty_20230426-ba246503.pth 

backbone.patch_embed.projection.weight - torch.Size([768, 3, 14, 14]): 
PretrainedInit: load from https://download.openmmlab.com/mmpretrain/v1.0/dinov2/vit-base-p14_dinov2-pre_3rdparty_20230426-ba246503.pth 

backbone.patch_embed.projection.bias - torch.Size([768]): 
PretrainedInit: load from https://download.openmmlab.com/mmpretrain/v1.0/dinov2/vit-base-p14_dinov2-pre_3rdparty_20230426-ba246503.pth 

backbone.layers.0.ln1.weight - torch.Size([768]): 
PretrainedInit: load from https://download.openmmlab.com/mmpretrain/v1.0/dinov2/vit-base-p14_dinov2-pre_3rdparty_20230426-ba246503.pth 

backbone.layers.0.ln1.bias - torch.Size([768]): 
PretrainedInit: load from https://download.openmmlab.com/mmpretrain/v1.0/dinov2/vit-base-p14_dinov2-pre_3rdparty_20230426-ba246503.pth 

backbone.layers.0.attn.qkv.weight - torch.Size([2304, 768]): 
PretrainedInit: load from https://download.openmmlab.com/mmpretrain/v1.0/dinov2/vit-base-p14_dinov2-pre_3rdparty_20230426-ba246503.pth 

backbone.layers.0.attn.qkv.bias - torch.Size([2304]): 
PretrainedInit: load from https://download.openmmlab.com/mmpretrain/v1.0/dinov2/vit-base-p14_dinov2-pre_3rdparty_20230426-ba246503.pth 

backbone.layers.0.attn.proj.weight - torch.Size([768, 768]): 
PretrainedInit: load from https://download.openmmlab.com/mmpretrain/v1.0/dinov2/vit-base-p14_dinov2-pre_3rdparty_20230426-ba246503.pth 

backbone.layers.0.attn.proj.bias - torch.Size([768]): 
PretrainedInit: load from https://download.openmmlab.com/mmpretrain/v1.0/dinov2/vit-base-p14_dinov2-pre_3rdparty_20230426-ba246503.pth 

backbone.layers.0.attn.gamma1.weight - torch.Size([768]): 
PretrainedInit: load from https://download.openmmlab.com/mmpretrain/v1.0/dinov2/vit-base-p14_dinov2-pre_3rdparty_20230426-ba246503.pth 

backbone.layers.0.ln2.weight - torch.Size([768]): 
PretrainedInit: load from https://download.openmmlab.com/mmpretrain/v1.0/dinov2/vit-base-p14_dinov2-pre_3rdparty_20230426-ba246503.pth 

backbone.layers.0.ln2.bias - torch.Size([768]): 
PretrainedInit: load from https://download.openmmlab.com/mmpretrain/v1.0/dinov2/vit-base-p14_dinov2-pre_3rdparty_20230426-ba246503.pth 

backbone.layers.0.ffn.layers.0.0.weight - torch.Size([3072, 768]): 
PretrainedInit: load from https://download.openmmlab.com/mmpretrain/v1.0/dinov2/vit-base-p14_dinov2-pre_3rdparty_20230426-ba246503.pth 

backbone.layers.0.ffn.layers.0.0.bias - torch.Size([3072]): 
PretrainedInit: load from https://download.openmmlab.com/mmpretrain/v1.0/dinov2/vit-base-p14_dinov2-pre_3rdparty_20230426-ba246503.pth 

backbone.layers.0.ffn.layers.1.weight - torch.Size([768, 3072]): 
PretrainedInit: load from https://download.openmmlab.com/mmpretrain/v1.0/dinov2/vit-base-p14_dinov2-pre_3rdparty_20230426-ba246503.pth 

backbone.layers.0.ffn.layers.1.bias - torch.Size([768]): 
PretrainedInit: load from https://download.openmmlab.com/mmpretrain/v1.0/dinov2/vit-base-p14_dinov2-pre_3rdparty_20230426-ba246503.pth 

backbone.layers.0.ffn.gamma2.weight - torch.Size([768]): 
PretrainedInit: load from https://download.openmmlab.com/mmpretrain/v1.0/dinov2/vit-base-p14_dinov2-pre_3rdparty_20230426-ba246503.pth 

backbone.layers.1.ln1.weight - torch.Size([768]): 
PretrainedInit: load from https://download.openmmlab.com/mmpretrain/v1.0/dinov2/vit-base-p14_dinov2-pre_3rdparty_20230426-ba246503.pth 

backbone.layers.1.ln1.bias - torch.Size([768]): 
PretrainedInit: load from https://download.openmmlab.com/mmpretrain/v1.0/dinov2/vit-base-p14_dinov2-pre_3rdparty_20230426-ba246503.pth 

backbone.layers.1.attn.qkv.weight - torch.Size([2304, 768]): 
PretrainedInit: load from https://download.openmmlab.com/mmpretrain/v1.0/dinov2/vit-base-p14_dinov2-pre_3rdparty_20230426-ba246503.pth 

backbone.layers.1.attn.qkv.bias - torch.Size([2304]): 
PretrainedInit: load from https://download.openmmlab.com/mmpretrain/v1.0/dinov2/vit-base-p14_dinov2-pre_3rdparty_20230426-ba246503.pth 

backbone.layers.1.attn.proj.weight - torch.Size([768, 768]): 
PretrainedInit: load from https://download.openmmlab.com/mmpretrain/v1.0/dinov2/vit-base-p14_dinov2-pre_3rdparty_20230426-ba246503.pth 

backbone.layers.1.attn.proj.bias - torch.Size([768]): 
PretrainedInit: load from https://download.openmmlab.com/mmpretrain/v1.0/dinov2/vit-base-p14_dinov2-pre_3rdparty_20230426-ba246503.pth 

backbone.layers.1.attn.gamma1.weight - torch.Size([768]): 
PretrainedInit: load from https://download.openmmlab.com/mmpretrain/v1.0/dinov2/vit-base-p14_dinov2-pre_3rdparty_20230426-ba246503.pth 

backbone.layers.1.ln2.weight - torch.Size([768]): 
PretrainedInit: load from https://download.openmmlab.com/mmpretrain/v1.0/dinov2/vit-base-p14_dinov2-pre_3rdparty_20230426-ba246503.pth 

backbone.layers.1.ln2.bias - torch.Size([768]): 
PretrainedInit: load from https://download.openmmlab.com/mmpretrain/v1.0/dinov2/vit-base-p14_dinov2-pre_3rdparty_20230426-ba246503.pth 

backbone.layers.1.ffn.layers.0.0.weight - torch.Size([3072, 768]): 
PretrainedInit: load from https://download.openmmlab.com/mmpretrain/v1.0/dinov2/vit-base-p14_dinov2-pre_3rdparty_20230426-ba246503.pth 

backbone.layers.1.ffn.layers.0.0.bias - torch.Size([3072]): 
PretrainedInit: load from https://download.openmmlab.com/mmpretrain/v1.0/dinov2/vit-base-p14_dinov2-pre_3rdparty_20230426-ba246503.pth 

backbone.layers.1.ffn.layers.1.weight - torch.Size([768, 3072]): 
PretrainedInit: load from https://download.openmmlab.com/mmpretrain/v1.0/dinov2/vit-base-p14_dinov2-pre_3rdparty_20230426-ba246503.pth 

backbone.layers.1.ffn.layers.1.bias - torch.Size([768]): 
PretrainedInit: load from https://download.openmmlab.com/mmpretrain/v1.0/dinov2/vit-base-p14_dinov2-pre_3rdparty_20230426-ba246503.pth 

backbone.layers.1.ffn.gamma2.weight - torch.Size([768]): 
PretrainedInit: load from https://download.openmmlab.com/mmpretrain/v1.0/dinov2/vit-base-p14_dinov2-pre_3rdparty_20230426-ba246503.pth 

backbone.layers.2.ln1.weight - torch.Size([768]): 
PretrainedInit: load from https://download.openmmlab.com/mmpretrain/v1.0/dinov2/vit-base-p14_dinov2-pre_3rdparty_20230426-ba246503.pth 

backbone.layers.2.ln1.bias - torch.Size([768]): 
PretrainedInit: load from https://download.openmmlab.com/mmpretrain/v1.0/dinov2/vit-base-p14_dinov2-pre_3rdparty_20230426-ba246503.pth 

backbone.layers.2.attn.qkv.weight - torch.Size([2304, 768]): 
PretrainedInit: load from https://download.openmmlab.com/mmpretrain/v1.0/dinov2/vit-base-p14_dinov2-pre_3rdparty_20230426-ba246503.pth 

backbone.layers.2.attn.qkv.bias - torch.Size([2304]): 
PretrainedInit: load from https://download.openmmlab.com/mmpretrain/v1.0/dinov2/vit-base-p14_dinov2-pre_3rdparty_20230426-ba246503.pth 

backbone.layers.2.attn.proj.weight - torch.Size([768, 768]): 
PretrainedInit: load from https://download.openmmlab.com/mmpretrain/v1.0/dinov2/vit-base-p14_dinov2-pre_3rdparty_20230426-ba246503.pth 

backbone.layers.2.attn.proj.bias - torch.Size([768]): 
PretrainedInit: load from https://download.openmmlab.com/mmpretrain/v1.0/dinov2/vit-base-p14_dinov2-pre_3rdparty_20230426-ba246503.pth 

backbone.layers.2.attn.gamma1.weight - torch.Size([768]): 
PretrainedInit: load from https://download.openmmlab.com/mmpretrain/v1.0/dinov2/vit-base-p14_dinov2-pre_3rdparty_20230426-ba246503.pth 

backbone.layers.2.ln2.weight - torch.Size([768]): 
PretrainedInit: load from https://download.openmmlab.com/mmpretrain/v1.0/dinov2/vit-base-p14_dinov2-pre_3rdparty_20230426-ba246503.pth 

backbone.layers.2.ln2.bias - torch.Size([768]): 
PretrainedInit: load from https://download.openmmlab.com/mmpretrain/v1.0/dinov2/vit-base-p14_dinov2-pre_3rdparty_20230426-ba246503.pth 

backbone.layers.2.ffn.layers.0.0.weight - torch.Size([3072, 768]): 
PretrainedInit: load from https://download.openmmlab.com/mmpretrain/v1.0/dinov2/vit-base-p14_dinov2-pre_3rdparty_20230426-ba246503.pth 

backbone.layers.2.ffn.layers.0.0.bias - torch.Size([3072]): 
PretrainedInit: load from https://download.openmmlab.com/mmpretrain/v1.0/dinov2/vit-base-p14_dinov2-pre_3rdparty_20230426-ba246503.pth 

backbone.layers.2.ffn.layers.1.weight - torch.Size([768, 3072]): 
PretrainedInit: load from https://download.openmmlab.com/mmpretrain/v1.0/dinov2/vit-base-p14_dinov2-pre_3rdparty_20230426-ba246503.pth 

backbone.layers.2.ffn.layers.1.bias - torch.Size([768]): 
PretrainedInit: load from https://download.openmmlab.com/mmpretrain/v1.0/dinov2/vit-base-p14_dinov2-pre_3rdparty_20230426-ba246503.pth 

backbone.layers.2.ffn.gamma2.weight - torch.Size([768]): 
PretrainedInit: load from https://download.openmmlab.com/mmpretrain/v1.0/dinov2/vit-base-p14_dinov2-pre_3rdparty_20230426-ba246503.pth 

backbone.layers.3.ln1.weight - torch.Size([768]): 
PretrainedInit: load from https://download.openmmlab.com/mmpretrain/v1.0/dinov2/vit-base-p14_dinov2-pre_3rdparty_20230426-ba246503.pth 

backbone.layers.3.ln1.bias - torch.Size([768]): 
PretrainedInit: load from https://download.openmmlab.com/mmpretrain/v1.0/dinov2/vit-base-p14_dinov2-pre_3rdparty_20230426-ba246503.pth 

backbone.layers.3.attn.qkv.weight - torch.Size([2304, 768]): 
PretrainedInit: load from https://download.openmmlab.com/mmpretrain/v1.0/dinov2/vit-base-p14_dinov2-pre_3rdparty_20230426-ba246503.pth 

backbone.layers.3.attn.qkv.bias - torch.Size([2304]): 
PretrainedInit: load from https://download.openmmlab.com/mmpretrain/v1.0/dinov2/vit-base-p14_dinov2-pre_3rdparty_20230426-ba246503.pth 

backbone.layers.3.attn.proj.weight - torch.Size([768, 768]): 
PretrainedInit: load from https://download.openmmlab.com/mmpretrain/v1.0/dinov2/vit-base-p14_dinov2-pre_3rdparty_20230426-ba246503.pth 

backbone.layers.3.attn.proj.bias - torch.Size([768]): 
PretrainedInit: load from https://download.openmmlab.com/mmpretrain/v1.0/dinov2/vit-base-p14_dinov2-pre_3rdparty_20230426-ba246503.pth 

backbone.layers.3.attn.gamma1.weight - torch.Size([768]): 
PretrainedInit: load from https://download.openmmlab.com/mmpretrain/v1.0/dinov2/vit-base-p14_dinov2-pre_3rdparty_20230426-ba246503.pth 

backbone.layers.3.ln2.weight - torch.Size([768]): 
PretrainedInit: load from https://download.openmmlab.com/mmpretrain/v1.0/dinov2/vit-base-p14_dinov2-pre_3rdparty_20230426-ba246503.pth 

backbone.layers.3.ln2.bias - torch.Size([768]): 
PretrainedInit: load from https://download.openmmlab.com/mmpretrain/v1.0/dinov2/vit-base-p14_dinov2-pre_3rdparty_20230426-ba246503.pth 

backbone.layers.3.ffn.layers.0.0.weight - torch.Size([3072, 768]): 
PretrainedInit: load from https://download.openmmlab.com/mmpretrain/v1.0/dinov2/vit-base-p14_dinov2-pre_3rdparty_20230426-ba246503.pth 

backbone.layers.3.ffn.layers.0.0.bias - torch.Size([3072]): 
PretrainedInit: load from https://download.openmmlab.com/mmpretrain/v1.0/dinov2/vit-base-p14_dinov2-pre_3rdparty_20230426-ba246503.pth 

backbone.layers.3.ffn.layers.1.weight - torch.Size([768, 3072]): 
PretrainedInit: load from https://download.openmmlab.com/mmpretrain/v1.0/dinov2/vit-base-p14_dinov2-pre_3rdparty_20230426-ba246503.pth 

backbone.layers.3.ffn.layers.1.bias - torch.Size([768]): 
PretrainedInit: load from https://download.openmmlab.com/mmpretrain/v1.0/dinov2/vit-base-p14_dinov2-pre_3rdparty_20230426-ba246503.pth 

backbone.layers.3.ffn.gamma2.weight - torch.Size([768]): 
PretrainedInit: load from https://download.openmmlab.com/mmpretrain/v1.0/dinov2/vit-base-p14_dinov2-pre_3rdparty_20230426-ba246503.pth 

backbone.layers.4.ln1.weight - torch.Size([768]): 
PretrainedInit: load from https://download.openmmlab.com/mmpretrain/v1.0/dinov2/vit-base-p14_dinov2-pre_3rdparty_20230426-ba246503.pth 

backbone.layers.4.ln1.bias - torch.Size([768]): 
PretrainedInit: load from https://download.openmmlab.com/mmpretrain/v1.0/dinov2/vit-base-p14_dinov2-pre_3rdparty_20230426-ba246503.pth 

backbone.layers.4.attn.qkv.weight - torch.Size([2304, 768]): 
PretrainedInit: load from https://download.openmmlab.com/mmpretrain/v1.0/dinov2/vit-base-p14_dinov2-pre_3rdparty_20230426-ba246503.pth 

backbone.layers.4.attn.qkv.bias - torch.Size([2304]): 
PretrainedInit: load from https://download.openmmlab.com/mmpretrain/v1.0/dinov2/vit-base-p14_dinov2-pre_3rdparty_20230426-ba246503.pth 

backbone.layers.4.attn.proj.weight - torch.Size([768, 768]): 
PretrainedInit: load from https://download.openmmlab.com/mmpretrain/v1.0/dinov2/vit-base-p14_dinov2-pre_3rdparty_20230426-ba246503.pth 

backbone.layers.4.attn.proj.bias - torch.Size([768]): 
PretrainedInit: load from https://download.openmmlab.com/mmpretrain/v1.0/dinov2/vit-base-p14_dinov2-pre_3rdparty_20230426-ba246503.pth 

backbone.layers.4.attn.gamma1.weight - torch.Size([768]): 
PretrainedInit: load from https://download.openmmlab.com/mmpretrain/v1.0/dinov2/vit-base-p14_dinov2-pre_3rdparty_20230426-ba246503.pth 

backbone.layers.4.ln2.weight - torch.Size([768]): 
PretrainedInit: load from https://download.openmmlab.com/mmpretrain/v1.0/dinov2/vit-base-p14_dinov2-pre_3rdparty_20230426-ba246503.pth 

backbone.layers.4.ln2.bias - torch.Size([768]): 
PretrainedInit: load from https://download.openmmlab.com/mmpretrain/v1.0/dinov2/vit-base-p14_dinov2-pre_3rdparty_20230426-ba246503.pth 

backbone.layers.4.ffn.layers.0.0.weight - torch.Size([3072, 768]): 
PretrainedInit: load from https://download.openmmlab.com/mmpretrain/v1.0/dinov2/vit-base-p14_dinov2-pre_3rdparty_20230426-ba246503.pth 

backbone.layers.4.ffn.layers.0.0.bias - torch.Size([3072]): 
PretrainedInit: load from https://download.openmmlab.com/mmpretrain/v1.0/dinov2/vit-base-p14_dinov2-pre_3rdparty_20230426-ba246503.pth 

backbone.layers.4.ffn.layers.1.weight - torch.Size([768, 3072]): 
PretrainedInit: load from https://download.openmmlab.com/mmpretrain/v1.0/dinov2/vit-base-p14_dinov2-pre_3rdparty_20230426-ba246503.pth 

backbone.layers.4.ffn.layers.1.bias - torch.Size([768]): 
PretrainedInit: load from https://download.openmmlab.com/mmpretrain/v1.0/dinov2/vit-base-p14_dinov2-pre_3rdparty_20230426-ba246503.pth 

backbone.layers.4.ffn.gamma2.weight - torch.Size([768]): 
PretrainedInit: load from https://download.openmmlab.com/mmpretrain/v1.0/dinov2/vit-base-p14_dinov2-pre_3rdparty_20230426-ba246503.pth 

backbone.layers.5.ln1.weight - torch.Size([768]): 
PretrainedInit: load from https://download.openmmlab.com/mmpretrain/v1.0/dinov2/vit-base-p14_dinov2-pre_3rdparty_20230426-ba246503.pth 

backbone.layers.5.ln1.bias - torch.Size([768]): 
PretrainedInit: load from https://download.openmmlab.com/mmpretrain/v1.0/dinov2/vit-base-p14_dinov2-pre_3rdparty_20230426-ba246503.pth 

backbone.layers.5.attn.qkv.weight - torch.Size([2304, 768]): 
PretrainedInit: load from https://download.openmmlab.com/mmpretrain/v1.0/dinov2/vit-base-p14_dinov2-pre_3rdparty_20230426-ba246503.pth 

backbone.layers.5.attn.qkv.bias - torch.Size([2304]): 
PretrainedInit: load from https://download.openmmlab.com/mmpretrain/v1.0/dinov2/vit-base-p14_dinov2-pre_3rdparty_20230426-ba246503.pth 

backbone.layers.5.attn.proj.weight - torch.Size([768, 768]): 
PretrainedInit: load from https://download.openmmlab.com/mmpretrain/v1.0/dinov2/vit-base-p14_dinov2-pre_3rdparty_20230426-ba246503.pth 

backbone.layers.5.attn.proj.bias - torch.Size([768]): 
PretrainedInit: load from https://download.openmmlab.com/mmpretrain/v1.0/dinov2/vit-base-p14_dinov2-pre_3rdparty_20230426-ba246503.pth 

backbone.layers.5.attn.gamma1.weight - torch.Size([768]): 
PretrainedInit: load from https://download.openmmlab.com/mmpretrain/v1.0/dinov2/vit-base-p14_dinov2-pre_3rdparty_20230426-ba246503.pth 

backbone.layers.5.ln2.weight - torch.Size([768]): 
PretrainedInit: load from https://download.openmmlab.com/mmpretrain/v1.0/dinov2/vit-base-p14_dinov2-pre_3rdparty_20230426-ba246503.pth 

backbone.layers.5.ln2.bias - torch.Size([768]): 
PretrainedInit: load from https://download.openmmlab.com/mmpretrain/v1.0/dinov2/vit-base-p14_dinov2-pre_3rdparty_20230426-ba246503.pth 

backbone.layers.5.ffn.layers.0.0.weight - torch.Size([3072, 768]): 
PretrainedInit: load from https://download.openmmlab.com/mmpretrain/v1.0/dinov2/vit-base-p14_dinov2-pre_3rdparty_20230426-ba246503.pth 

backbone.layers.5.ffn.layers.0.0.bias - torch.Size([3072]): 
PretrainedInit: load from https://download.openmmlab.com/mmpretrain/v1.0/dinov2/vit-base-p14_dinov2-pre_3rdparty_20230426-ba246503.pth 

backbone.layers.5.ffn.layers.1.weight - torch.Size([768, 3072]): 
PretrainedInit: load from https://download.openmmlab.com/mmpretrain/v1.0/dinov2/vit-base-p14_dinov2-pre_3rdparty_20230426-ba246503.pth 

backbone.layers.5.ffn.layers.1.bias - torch.Size([768]): 
PretrainedInit: load from https://download.openmmlab.com/mmpretrain/v1.0/dinov2/vit-base-p14_dinov2-pre_3rdparty_20230426-ba246503.pth 

backbone.layers.5.ffn.gamma2.weight - torch.Size([768]): 
PretrainedInit: load from https://download.openmmlab.com/mmpretrain/v1.0/dinov2/vit-base-p14_dinov2-pre_3rdparty_20230426-ba246503.pth 

backbone.layers.6.ln1.weight - torch.Size([768]): 
PretrainedInit: load from https://download.openmmlab.com/mmpretrain/v1.0/dinov2/vit-base-p14_dinov2-pre_3rdparty_20230426-ba246503.pth 

backbone.layers.6.ln1.bias - torch.Size([768]): 
PretrainedInit: load from https://download.openmmlab.com/mmpretrain/v1.0/dinov2/vit-base-p14_dinov2-pre_3rdparty_20230426-ba246503.pth 

backbone.layers.6.attn.qkv.weight - torch.Size([2304, 768]): 
PretrainedInit: load from https://download.openmmlab.com/mmpretrain/v1.0/dinov2/vit-base-p14_dinov2-pre_3rdparty_20230426-ba246503.pth 

backbone.layers.6.attn.qkv.bias - torch.Size([2304]): 
PretrainedInit: load from https://download.openmmlab.com/mmpretrain/v1.0/dinov2/vit-base-p14_dinov2-pre_3rdparty_20230426-ba246503.pth 

backbone.layers.6.attn.proj.weight - torch.Size([768, 768]): 
PretrainedInit: load from https://download.openmmlab.com/mmpretrain/v1.0/dinov2/vit-base-p14_dinov2-pre_3rdparty_20230426-ba246503.pth 

backbone.layers.6.attn.proj.bias - torch.Size([768]): 
PretrainedInit: load from https://download.openmmlab.com/mmpretrain/v1.0/dinov2/vit-base-p14_dinov2-pre_3rdparty_20230426-ba246503.pth 

backbone.layers.6.attn.gamma1.weight - torch.Size([768]): 
PretrainedInit: load from https://download.openmmlab.com/mmpretrain/v1.0/dinov2/vit-base-p14_dinov2-pre_3rdparty_20230426-ba246503.pth 

backbone.layers.6.ln2.weight - torch.Size([768]): 
PretrainedInit: load from https://download.openmmlab.com/mmpretrain/v1.0/dinov2/vit-base-p14_dinov2-pre_3rdparty_20230426-ba246503.pth 

backbone.layers.6.ln2.bias - torch.Size([768]): 
PretrainedInit: load from https://download.openmmlab.com/mmpretrain/v1.0/dinov2/vit-base-p14_dinov2-pre_3rdparty_20230426-ba246503.pth 

backbone.layers.6.ffn.layers.0.0.weight - torch.Size([3072, 768]): 
PretrainedInit: load from https://download.openmmlab.com/mmpretrain/v1.0/dinov2/vit-base-p14_dinov2-pre_3rdparty_20230426-ba246503.pth 

backbone.layers.6.ffn.layers.0.0.bias - torch.Size([3072]): 
PretrainedInit: load from https://download.openmmlab.com/mmpretrain/v1.0/dinov2/vit-base-p14_dinov2-pre_3rdparty_20230426-ba246503.pth 

backbone.layers.6.ffn.layers.1.weight - torch.Size([768, 3072]): 
PretrainedInit: load from https://download.openmmlab.com/mmpretrain/v1.0/dinov2/vit-base-p14_dinov2-pre_3rdparty_20230426-ba246503.pth 

backbone.layers.6.ffn.layers.1.bias - torch.Size([768]): 
PretrainedInit: load from https://download.openmmlab.com/mmpretrain/v1.0/dinov2/vit-base-p14_dinov2-pre_3rdparty_20230426-ba246503.pth 

backbone.layers.6.ffn.gamma2.weight - torch.Size([768]): 
PretrainedInit: load from https://download.openmmlab.com/mmpretrain/v1.0/dinov2/vit-base-p14_dinov2-pre_3rdparty_20230426-ba246503.pth 

backbone.layers.7.ln1.weight - torch.Size([768]): 
PretrainedInit: load from https://download.openmmlab.com/mmpretrain/v1.0/dinov2/vit-base-p14_dinov2-pre_3rdparty_20230426-ba246503.pth 

backbone.layers.7.ln1.bias - torch.Size([768]): 
PretrainedInit: load from https://download.openmmlab.com/mmpretrain/v1.0/dinov2/vit-base-p14_dinov2-pre_3rdparty_20230426-ba246503.pth 

backbone.layers.7.attn.qkv.weight - torch.Size([2304, 768]): 
PretrainedInit: load from https://download.openmmlab.com/mmpretrain/v1.0/dinov2/vit-base-p14_dinov2-pre_3rdparty_20230426-ba246503.pth 

backbone.layers.7.attn.qkv.bias - torch.Size([2304]): 
PretrainedInit: load from https://download.openmmlab.com/mmpretrain/v1.0/dinov2/vit-base-p14_dinov2-pre_3rdparty_20230426-ba246503.pth 

backbone.layers.7.attn.proj.weight - torch.Size([768, 768]): 
PretrainedInit: load from https://download.openmmlab.com/mmpretrain/v1.0/dinov2/vit-base-p14_dinov2-pre_3rdparty_20230426-ba246503.pth 

backbone.layers.7.attn.proj.bias - torch.Size([768]): 
PretrainedInit: load from https://download.openmmlab.com/mmpretrain/v1.0/dinov2/vit-base-p14_dinov2-pre_3rdparty_20230426-ba246503.pth 

backbone.layers.7.attn.gamma1.weight - torch.Size([768]): 
PretrainedInit: load from https://download.openmmlab.com/mmpretrain/v1.0/dinov2/vit-base-p14_dinov2-pre_3rdparty_20230426-ba246503.pth 

backbone.layers.7.ln2.weight - torch.Size([768]): 
PretrainedInit: load from https://download.openmmlab.com/mmpretrain/v1.0/dinov2/vit-base-p14_dinov2-pre_3rdparty_20230426-ba246503.pth 

backbone.layers.7.ln2.bias - torch.Size([768]): 
PretrainedInit: load from https://download.openmmlab.com/mmpretrain/v1.0/dinov2/vit-base-p14_dinov2-pre_3rdparty_20230426-ba246503.pth 

backbone.layers.7.ffn.layers.0.0.weight - torch.Size([3072, 768]): 
PretrainedInit: load from https://download.openmmlab.com/mmpretrain/v1.0/dinov2/vit-base-p14_dinov2-pre_3rdparty_20230426-ba246503.pth 

backbone.layers.7.ffn.layers.0.0.bias - torch.Size([3072]): 
PretrainedInit: load from https://download.openmmlab.com/mmpretrain/v1.0/dinov2/vit-base-p14_dinov2-pre_3rdparty_20230426-ba246503.pth 

backbone.layers.7.ffn.layers.1.weight - torch.Size([768, 3072]): 
PretrainedInit: load from https://download.openmmlab.com/mmpretrain/v1.0/dinov2/vit-base-p14_dinov2-pre_3rdparty_20230426-ba246503.pth 

backbone.layers.7.ffn.layers.1.bias - torch.Size([768]): 
PretrainedInit: load from https://download.openmmlab.com/mmpretrain/v1.0/dinov2/vit-base-p14_dinov2-pre_3rdparty_20230426-ba246503.pth 

backbone.layers.7.ffn.gamma2.weight - torch.Size([768]): 
PretrainedInit: load from https://download.openmmlab.com/mmpretrain/v1.0/dinov2/vit-base-p14_dinov2-pre_3rdparty_20230426-ba246503.pth 

backbone.layers.8.ln1.weight - torch.Size([768]): 
PretrainedInit: load from https://download.openmmlab.com/mmpretrain/v1.0/dinov2/vit-base-p14_dinov2-pre_3rdparty_20230426-ba246503.pth 

backbone.layers.8.ln1.bias - torch.Size([768]): 
PretrainedInit: load from https://download.openmmlab.com/mmpretrain/v1.0/dinov2/vit-base-p14_dinov2-pre_3rdparty_20230426-ba246503.pth 

backbone.layers.8.attn.qkv.weight - torch.Size([2304, 768]): 
PretrainedInit: load from https://download.openmmlab.com/mmpretrain/v1.0/dinov2/vit-base-p14_dinov2-pre_3rdparty_20230426-ba246503.pth 

backbone.layers.8.attn.qkv.bias - torch.Size([2304]): 
PretrainedInit: load from https://download.openmmlab.com/mmpretrain/v1.0/dinov2/vit-base-p14_dinov2-pre_3rdparty_20230426-ba246503.pth 

backbone.layers.8.attn.proj.weight - torch.Size([768, 768]): 
PretrainedInit: load from https://download.openmmlab.com/mmpretrain/v1.0/dinov2/vit-base-p14_dinov2-pre_3rdparty_20230426-ba246503.pth 

backbone.layers.8.attn.proj.bias - torch.Size([768]): 
PretrainedInit: load from https://download.openmmlab.com/mmpretrain/v1.0/dinov2/vit-base-p14_dinov2-pre_3rdparty_20230426-ba246503.pth 

backbone.layers.8.attn.gamma1.weight - torch.Size([768]): 
PretrainedInit: load from https://download.openmmlab.com/mmpretrain/v1.0/dinov2/vit-base-p14_dinov2-pre_3rdparty_20230426-ba246503.pth 

backbone.layers.8.ln2.weight - torch.Size([768]): 
PretrainedInit: load from https://download.openmmlab.com/mmpretrain/v1.0/dinov2/vit-base-p14_dinov2-pre_3rdparty_20230426-ba246503.pth 

backbone.layers.8.ln2.bias - torch.Size([768]): 
PretrainedInit: load from https://download.openmmlab.com/mmpretrain/v1.0/dinov2/vit-base-p14_dinov2-pre_3rdparty_20230426-ba246503.pth 

backbone.layers.8.ffn.layers.0.0.weight - torch.Size([3072, 768]): 
PretrainedInit: load from https://download.openmmlab.com/mmpretrain/v1.0/dinov2/vit-base-p14_dinov2-pre_3rdparty_20230426-ba246503.pth 

backbone.layers.8.ffn.layers.0.0.bias - torch.Size([3072]): 
PretrainedInit: load from https://download.openmmlab.com/mmpretrain/v1.0/dinov2/vit-base-p14_dinov2-pre_3rdparty_20230426-ba246503.pth 

backbone.layers.8.ffn.layers.1.weight - torch.Size([768, 3072]): 
PretrainedInit: load from https://download.openmmlab.com/mmpretrain/v1.0/dinov2/vit-base-p14_dinov2-pre_3rdparty_20230426-ba246503.pth 

backbone.layers.8.ffn.layers.1.bias - torch.Size([768]): 
PretrainedInit: load from https://download.openmmlab.com/mmpretrain/v1.0/dinov2/vit-base-p14_dinov2-pre_3rdparty_20230426-ba246503.pth 

backbone.layers.8.ffn.gamma2.weight - torch.Size([768]): 
PretrainedInit: load from https://download.openmmlab.com/mmpretrain/v1.0/dinov2/vit-base-p14_dinov2-pre_3rdparty_20230426-ba246503.pth 

backbone.layers.9.ln1.weight - torch.Size([768]): 
PretrainedInit: load from https://download.openmmlab.com/mmpretrain/v1.0/dinov2/vit-base-p14_dinov2-pre_3rdparty_20230426-ba246503.pth 

backbone.layers.9.ln1.bias - torch.Size([768]): 
PretrainedInit: load from https://download.openmmlab.com/mmpretrain/v1.0/dinov2/vit-base-p14_dinov2-pre_3rdparty_20230426-ba246503.pth 

backbone.layers.9.attn.qkv.weight - torch.Size([2304, 768]): 
PretrainedInit: load from https://download.openmmlab.com/mmpretrain/v1.0/dinov2/vit-base-p14_dinov2-pre_3rdparty_20230426-ba246503.pth 

backbone.layers.9.attn.qkv.bias - torch.Size([2304]): 
PretrainedInit: load from https://download.openmmlab.com/mmpretrain/v1.0/dinov2/vit-base-p14_dinov2-pre_3rdparty_20230426-ba246503.pth 

backbone.layers.9.attn.proj.weight - torch.Size([768, 768]): 
PretrainedInit: load from https://download.openmmlab.com/mmpretrain/v1.0/dinov2/vit-base-p14_dinov2-pre_3rdparty_20230426-ba246503.pth 

backbone.layers.9.attn.proj.bias - torch.Size([768]): 
PretrainedInit: load from https://download.openmmlab.com/mmpretrain/v1.0/dinov2/vit-base-p14_dinov2-pre_3rdparty_20230426-ba246503.pth 

backbone.layers.9.attn.gamma1.weight - torch.Size([768]): 
PretrainedInit: load from https://download.openmmlab.com/mmpretrain/v1.0/dinov2/vit-base-p14_dinov2-pre_3rdparty_20230426-ba246503.pth 

backbone.layers.9.ln2.weight - torch.Size([768]): 
PretrainedInit: load from https://download.openmmlab.com/mmpretrain/v1.0/dinov2/vit-base-p14_dinov2-pre_3rdparty_20230426-ba246503.pth 

backbone.layers.9.ln2.bias - torch.Size([768]): 
PretrainedInit: load from https://download.openmmlab.com/mmpretrain/v1.0/dinov2/vit-base-p14_dinov2-pre_3rdparty_20230426-ba246503.pth 

backbone.layers.9.ffn.layers.0.0.weight - torch.Size([3072, 768]): 
PretrainedInit: load from https://download.openmmlab.com/mmpretrain/v1.0/dinov2/vit-base-p14_dinov2-pre_3rdparty_20230426-ba246503.pth 

backbone.layers.9.ffn.layers.0.0.bias - torch.Size([3072]): 
PretrainedInit: load from https://download.openmmlab.com/mmpretrain/v1.0/dinov2/vit-base-p14_dinov2-pre_3rdparty_20230426-ba246503.pth 

backbone.layers.9.ffn.layers.1.weight - torch.Size([768, 3072]): 
PretrainedInit: load from https://download.openmmlab.com/mmpretrain/v1.0/dinov2/vit-base-p14_dinov2-pre_3rdparty_20230426-ba246503.pth 

backbone.layers.9.ffn.layers.1.bias - torch.Size([768]): 
PretrainedInit: load from https://download.openmmlab.com/mmpretrain/v1.0/dinov2/vit-base-p14_dinov2-pre_3rdparty_20230426-ba246503.pth 

backbone.layers.9.ffn.gamma2.weight - torch.Size([768]): 
PretrainedInit: load from https://download.openmmlab.com/mmpretrain/v1.0/dinov2/vit-base-p14_dinov2-pre_3rdparty_20230426-ba246503.pth 

backbone.layers.10.ln1.weight - torch.Size([768]): 
PretrainedInit: load from https://download.openmmlab.com/mmpretrain/v1.0/dinov2/vit-base-p14_dinov2-pre_3rdparty_20230426-ba246503.pth 

backbone.layers.10.ln1.bias - torch.Size([768]): 
PretrainedInit: load from https://download.openmmlab.com/mmpretrain/v1.0/dinov2/vit-base-p14_dinov2-pre_3rdparty_20230426-ba246503.pth 

backbone.layers.10.attn.qkv.weight - torch.Size([2304, 768]): 
PretrainedInit: load from https://download.openmmlab.com/mmpretrain/v1.0/dinov2/vit-base-p14_dinov2-pre_3rdparty_20230426-ba246503.pth 

backbone.layers.10.attn.qkv.bias - torch.Size([2304]): 
PretrainedInit: load from https://download.openmmlab.com/mmpretrain/v1.0/dinov2/vit-base-p14_dinov2-pre_3rdparty_20230426-ba246503.pth 

backbone.layers.10.attn.proj.weight - torch.Size([768, 768]): 
PretrainedInit: load from https://download.openmmlab.com/mmpretrain/v1.0/dinov2/vit-base-p14_dinov2-pre_3rdparty_20230426-ba246503.pth 

backbone.layers.10.attn.proj.bias - torch.Size([768]): 
PretrainedInit: load from https://download.openmmlab.com/mmpretrain/v1.0/dinov2/vit-base-p14_dinov2-pre_3rdparty_20230426-ba246503.pth 

backbone.layers.10.attn.gamma1.weight - torch.Size([768]): 
PretrainedInit: load from https://download.openmmlab.com/mmpretrain/v1.0/dinov2/vit-base-p14_dinov2-pre_3rdparty_20230426-ba246503.pth 

backbone.layers.10.ln2.weight - torch.Size([768]): 
PretrainedInit: load from https://download.openmmlab.com/mmpretrain/v1.0/dinov2/vit-base-p14_dinov2-pre_3rdparty_20230426-ba246503.pth 

backbone.layers.10.ln2.bias - torch.Size([768]): 
PretrainedInit: load from https://download.openmmlab.com/mmpretrain/v1.0/dinov2/vit-base-p14_dinov2-pre_3rdparty_20230426-ba246503.pth 

backbone.layers.10.ffn.layers.0.0.weight - torch.Size([3072, 768]): 
PretrainedInit: load from https://download.openmmlab.com/mmpretrain/v1.0/dinov2/vit-base-p14_dinov2-pre_3rdparty_20230426-ba246503.pth 

backbone.layers.10.ffn.layers.0.0.bias - torch.Size([3072]): 
PretrainedInit: load from https://download.openmmlab.com/mmpretrain/v1.0/dinov2/vit-base-p14_dinov2-pre_3rdparty_20230426-ba246503.pth 

backbone.layers.10.ffn.layers.1.weight - torch.Size([768, 3072]): 
PretrainedInit: load from https://download.openmmlab.com/mmpretrain/v1.0/dinov2/vit-base-p14_dinov2-pre_3rdparty_20230426-ba246503.pth 

backbone.layers.10.ffn.layers.1.bias - torch.Size([768]): 
PretrainedInit: load from https://download.openmmlab.com/mmpretrain/v1.0/dinov2/vit-base-p14_dinov2-pre_3rdparty_20230426-ba246503.pth 

backbone.layers.10.ffn.gamma2.weight - torch.Size([768]): 
PretrainedInit: load from https://download.openmmlab.com/mmpretrain/v1.0/dinov2/vit-base-p14_dinov2-pre_3rdparty_20230426-ba246503.pth 

backbone.layers.11.ln1.weight - torch.Size([768]): 
PretrainedInit: load from https://download.openmmlab.com/mmpretrain/v1.0/dinov2/vit-base-p14_dinov2-pre_3rdparty_20230426-ba246503.pth 

backbone.layers.11.ln1.bias - torch.Size([768]): 
PretrainedInit: load from https://download.openmmlab.com/mmpretrain/v1.0/dinov2/vit-base-p14_dinov2-pre_3rdparty_20230426-ba246503.pth 

backbone.layers.11.attn.qkv.weight - torch.Size([2304, 768]): 
PretrainedInit: load from https://download.openmmlab.com/mmpretrain/v1.0/dinov2/vit-base-p14_dinov2-pre_3rdparty_20230426-ba246503.pth 

backbone.layers.11.attn.qkv.bias - torch.Size([2304]): 
PretrainedInit: load from https://download.openmmlab.com/mmpretrain/v1.0/dinov2/vit-base-p14_dinov2-pre_3rdparty_20230426-ba246503.pth 

backbone.layers.11.attn.proj.weight - torch.Size([768, 768]): 
PretrainedInit: load from https://download.openmmlab.com/mmpretrain/v1.0/dinov2/vit-base-p14_dinov2-pre_3rdparty_20230426-ba246503.pth 

backbone.layers.11.attn.proj.bias - torch.Size([768]): 
PretrainedInit: load from https://download.openmmlab.com/mmpretrain/v1.0/dinov2/vit-base-p14_dinov2-pre_3rdparty_20230426-ba246503.pth 

backbone.layers.11.attn.gamma1.weight - torch.Size([768]): 
PretrainedInit: load from https://download.openmmlab.com/mmpretrain/v1.0/dinov2/vit-base-p14_dinov2-pre_3rdparty_20230426-ba246503.pth 

backbone.layers.11.ln2.weight - torch.Size([768]): 
PretrainedInit: load from https://download.openmmlab.com/mmpretrain/v1.0/dinov2/vit-base-p14_dinov2-pre_3rdparty_20230426-ba246503.pth 

backbone.layers.11.ln2.bias - torch.Size([768]): 
PretrainedInit: load from https://download.openmmlab.com/mmpretrain/v1.0/dinov2/vit-base-p14_dinov2-pre_3rdparty_20230426-ba246503.pth 

backbone.layers.11.ffn.layers.0.0.weight - torch.Size([3072, 768]): 
PretrainedInit: load from https://download.openmmlab.com/mmpretrain/v1.0/dinov2/vit-base-p14_dinov2-pre_3rdparty_20230426-ba246503.pth 

backbone.layers.11.ffn.layers.0.0.bias - torch.Size([3072]): 
PretrainedInit: load from https://download.openmmlab.com/mmpretrain/v1.0/dinov2/vit-base-p14_dinov2-pre_3rdparty_20230426-ba246503.pth 

backbone.layers.11.ffn.layers.1.weight - torch.Size([768, 3072]): 
PretrainedInit: load from https://download.openmmlab.com/mmpretrain/v1.0/dinov2/vit-base-p14_dinov2-pre_3rdparty_20230426-ba246503.pth 

backbone.layers.11.ffn.layers.1.bias - torch.Size([768]): 
PretrainedInit: load from https://download.openmmlab.com/mmpretrain/v1.0/dinov2/vit-base-p14_dinov2-pre_3rdparty_20230426-ba246503.pth 

backbone.layers.11.ffn.gamma2.weight - torch.Size([768]): 
PretrainedInit: load from https://download.openmmlab.com/mmpretrain/v1.0/dinov2/vit-base-p14_dinov2-pre_3rdparty_20230426-ba246503.pth 

backbone.ln1.weight - torch.Size([768]): 
PretrainedInit: load from https://download.openmmlab.com/mmpretrain/v1.0/dinov2/vit-base-p14_dinov2-pre_3rdparty_20230426-ba246503.pth 

backbone.ln1.bias - torch.Size([768]): 
PretrainedInit: load from https://download.openmmlab.com/mmpretrain/v1.0/dinov2/vit-base-p14_dinov2-pre_3rdparty_20230426-ba246503.pth 

head.layers.head.weight - torch.Size([2, 768]): 
ConstantInit: val=0, bias=0 

head.layers.head.bias - torch.Size([2]): 
ConstantInit: val=0, bias=0 
2024/07/09 12:06:49 - mmengine - WARNING - "FileClient" will be deprecated in future. Please use io functions in https://mmengine.readthedocs.io/en/latest/api/fileio.html#file-io
2024/07/09 12:06:49 - mmengine - WARNING - "HardDiskBackend" is the alias of "LocalBackend" and the former will be deprecated in future.
2024/07/09 12:06:49 - mmengine - INFO - Checkpoints will be saved to /root/weed-detection/work_dirs/sugarbeet.
2024/07/09 12:08:57 - mmengine - INFO - Epoch(train)  [1][ 25/185]  base_lr: 1.0000e-04 lr: 1.0000e-04  eta: 3:06:53  time: 2.5507  data_time: 0.0028  memory: 32309  loss: 0.3682
2024/07/09 12:10:01 - mmengine - INFO - Epoch(train)  [1][ 50/185]  base_lr: 1.0000e-04 lr: 1.0000e-04  eta: 2:18:50  time: 2.5561  data_time: 0.0022  memory: 32309  loss: 0.2122
2024/07/09 12:11:05 - mmengine - INFO - Epoch(train)  [1][ 75/185]  base_lr: 1.0000e-04 lr: 1.0000e-04  eta: 2:02:05  time: 2.5572  data_time: 0.0029  memory: 32309  loss: 0.1537
2024/07/09 12:12:09 - mmengine - INFO - Epoch(train)  [1][100/185]  base_lr: 1.0000e-04 lr: 1.0000e-04  eta: 1:53:06  time: 2.5583  data_time: 0.0027  memory: 32309  loss: 0.1220
2024/07/09 12:13:13 - mmengine - INFO - Epoch(train)  [1][125/185]  base_lr: 1.0000e-04 lr: 1.0000e-04  eta: 1:47:26  time: 2.5560  data_time: 0.0025  memory: 32309  loss: 0.1028
2024/07/09 12:14:17 - mmengine - INFO - Epoch(train)  [1][150/185]  base_lr: 1.0000e-04 lr: 1.0000e-04  eta: 1:43:08  time: 2.5513  data_time: 0.0021  memory: 32309  loss: 0.0881
2024/07/09 12:15:21 - mmengine - INFO - Epoch(train)  [1][175/185]  base_lr: 1.0000e-04 lr: 1.0000e-04  eta: 1:39:46  time: 2.5523  data_time: 0.0022  memory: 32309  loss: 0.0775
2024/07/09 12:15:45 - mmengine - INFO - Exp name: sugarbeet_20240709_120644
2024/07/09 12:15:45 - mmengine - INFO - Saving checkpoint at 1 epochs
2024/07/09 12:19:18 - mmengine - INFO - Epoch(val) [1][10/10]    accuracy/top1: 95.2307  single-label/precision_classwise: [95.25706481933594, 84.09090423583984]  single-label/recall_classwise: [99.96044921875, 4.030500888824463]  single-label/f1-score_classwise: [97.5521011352539, 7.692307472229004]  data_time: 3.9407  time: 20.0333
2024/07/09 12:21:04 - mmengine - INFO - Epoch(train)  [2][ 25/185]  base_lr: 9.9384e-05 lr: 9.9384e-05  eta: 1:42:34  time: 2.5618  data_time: 0.0026  memory: 48749  loss: 0.0653
2024/07/09 12:22:08 - mmengine - INFO - Epoch(train)  [2][ 50/185]  base_lr: 9.9384e-05 lr: 9.9384e-05  eta: 1:39:31  time: 2.5609  data_time: 0.0033  memory: 32309  loss: 0.0617
2024/07/09 12:23:12 - mmengine - INFO - Epoch(train)  [2][ 75/185]  base_lr: 9.9384e-05 lr: 9.9384e-05  eta: 1:36:52  time: 2.5600  data_time: 0.0027  memory: 32309  loss: 0.0605
2024/07/09 12:24:17 - mmengine - INFO - Epoch(train)  [2][100/185]  base_lr: 9.9384e-05 lr: 9.9384e-05  eta: 1:34:33  time: 2.6099  data_time: 0.0031  memory: 32309  loss: 0.0571
2024/07/09 12:25:21 - mmengine - INFO - Epoch(train)  [2][125/185]  base_lr: 9.9384e-05 lr: 9.9384e-05  eta: 1:32:22  time: 2.5600  data_time: 0.0055  memory: 32309  loss: 0.0507
2024/07/09 12:26:25 - mmengine - INFO - Epoch(train)  [2][150/185]  base_lr: 9.9384e-05 lr: 9.9384e-05  eta: 1:30:21  time: 2.5490  data_time: 0.0019  memory: 32309  loss: 0.0485
2024/07/09 12:27:29 - mmengine - INFO - Epoch(train)  [2][175/185]  base_lr: 9.9384e-05 lr: 9.9384e-05  eta: 1:28:27  time: 2.5478  data_time: 0.0015  memory: 32309  loss: 0.0459
2024/07/09 12:27:53 - mmengine - INFO - Exp name: sugarbeet_20240709_120644
2024/07/09 12:27:53 - mmengine - INFO - Saving checkpoint at 2 epochs
2024/07/09 12:30:57 - mmengine - INFO - Epoch(val) [2][10/10]    accuracy/top1: 96.7023  single-label/precision_classwise: [96.77013397216797, 93.18181610107422]  single-label/recall_classwise: [99.86441802978516, 35.7298469543457]  single-label/f1-score_classwise: [98.29293060302734, 51.653541564941406]  data_time: 1.2057  time: 15.8331
2024/07/09 12:32:38 - mmengine - INFO - Epoch(train)  [3][ 25/185]  base_lr: 9.7553e-05 lr: 9.7553e-05  eta: 1:28:47  time: 2.5490  data_time: 0.0063  memory: 48749  loss: 0.0453
2024/07/09 12:33:43 - mmengine - INFO - Epoch(train)  [3][ 50/185]  base_lr: 9.7553e-05 lr: 9.7553e-05  eta: 1:26:57  time: 2.5561  data_time: 0.0024  memory: 32309  loss: 0.0397
2024/07/09 12:34:47 - mmengine - INFO - Epoch(train)  [3][ 75/185]  base_lr: 9.7553e-05 lr: 9.7553e-05  eta: 1:25:12  time: 2.5661  data_time: 0.0026  memory: 32309  loss: 0.0400
2024/07/09 12:35:51 - mmengine - INFO - Epoch(train)  [3][100/185]  base_lr: 9.7553e-05 lr: 9.7553e-05  eta: 1:23:32  time: 2.5870  data_time: 0.0029  memory: 32309  loss: 0.0389
2024/07/09 12:36:56 - mmengine - INFO - Epoch(train)  [3][125/185]  base_lr: 9.7553e-05 lr: 9.7553e-05  eta: 1:21:55  time: 2.5687  data_time: 0.0026  memory: 32309  loss: 0.0365
2024/07/09 12:38:00 - mmengine - INFO - Epoch(train)  [3][150/185]  base_lr: 9.7553e-05 lr: 9.7553e-05  eta: 1:20:20  time: 2.5625  data_time: 0.0020  memory: 32309  loss: 0.0387
2024/07/09 12:39:04 - mmengine - INFO - Epoch(train)  [3][175/185]  base_lr: 9.7553e-05 lr: 9.7553e-05  eta: 1:18:48  time: 2.5600  data_time: 0.0023  memory: 32309  loss: 0.0348
2024/07/09 12:39:28 - mmengine - INFO - Exp name: sugarbeet_20240709_120644
2024/07/09 12:39:28 - mmengine - INFO - Saving checkpoint at 3 epochs
2024/07/09 12:42:59 - mmengine - INFO - Epoch(val) [3][10/10]    accuracy/top1: 97.1534  single-label/precision_classwise: [97.26396942138672, 92.73127746582031]  single-label/recall_classwise: [99.81356811523438, 45.86056900024414]  single-label/f1-score_classwise: [98.52227020263672, 61.370262145996094]  data_time: 3.8670  time: 18.5086
2024/07/09 12:44:47 - mmengine - INFO - Epoch(train)  [4][ 25/185]  base_lr: 9.4550e-05 lr: 9.4550e-05  eta: 1:18:42  time: 2.5839  data_time: 0.0047  memory: 48749  loss: 0.0332
2024/07/09 12:45:51 - mmengine - INFO - Epoch(train)  [4][ 50/185]  base_lr: 9.4550e-05 lr: 9.4550e-05  eta: 1:17:09  time: 2.5697  data_time: 0.0029  memory: 32309  loss: 0.0340
2024/07/09 12:46:55 - mmengine - INFO - Epoch(train)  [4][ 75/185]  base_lr: 9.4550e-05 lr: 9.4550e-05  eta: 1:15:39  time: 2.5676  data_time: 0.0027  memory: 32309  loss: 0.0291
2024/07/09 12:48:00 - mmengine - INFO - Epoch(train)  [4][100/185]  base_lr: 9.4550e-05 lr: 9.4550e-05  eta: 1:14:11  time: 2.5814  data_time: 0.0028  memory: 32309  loss: 0.0302
2024/07/09 12:49:04 - mmengine - INFO - Epoch(train)  [4][125/185]  base_lr: 9.4550e-05 lr: 9.4550e-05  eta: 1:12:44  time: 2.5580  data_time: 0.0028  memory: 32309  loss: 0.0303
2024/07/09 12:50:08 - mmengine - INFO - Epoch(train)  [4][150/185]  base_lr: 9.4550e-05 lr: 9.4550e-05  eta: 1:11:19  time: 2.5592  data_time: 0.0022  memory: 32309  loss: 0.0325
2024/07/09 12:51:12 - mmengine - INFO - Epoch(train)  [4][175/185]  base_lr: 9.4550e-05 lr: 9.4550e-05  eta: 1:09:55  time: 2.5587  data_time: 0.0020  memory: 32309  loss: 0.0319
2024/07/09 12:51:36 - mmengine - INFO - Exp name: sugarbeet_20240709_120644
2024/07/09 12:51:36 - mmengine - INFO - Saving checkpoint at 4 epochs
2024/07/09 12:54:37 - mmengine - INFO - Epoch(val) [4][10/10]    accuracy/top1: 97.4220  single-label/precision_classwise: [97.54293060302734, 93.11023712158203]  single-label/recall_classwise: [99.80227661132812, 51.525054931640625]  single-label/f1-score_classwise: [98.65966796875, 66.33941650390625]  data_time: 1.1441  time: 15.7830
2024/07/09 12:56:18 - mmengine - INFO - Epoch(train)  [5][ 25/185]  base_lr: 9.0451e-05 lr: 9.0451e-05  eta: 1:09:07  time: 2.5641  data_time: 0.0075  memory: 48749  loss: 0.0301
2024/07/09 12:57:22 - mmengine - INFO - Epoch(train)  [5][ 50/185]  base_lr: 9.0451e-05 lr: 9.0451e-05  eta: 1:07:42  time: 2.5705  data_time: 0.0028  memory: 32309  loss: 0.0278
2024/07/09 12:58:26 - mmengine - INFO - Epoch(train)  [5][ 75/185]  base_lr: 9.0451e-05 lr: 9.0451e-05  eta: 1:06:19  time: 2.5625  data_time: 0.0030  memory: 32309  loss: 0.0282
2024/07/09 12:59:30 - mmengine - INFO - Epoch(train)  [5][100/185]  base_lr: 9.0451e-05 lr: 9.0451e-05  eta: 1:04:57  time: 2.5566  data_time: 0.0027  memory: 32309  loss: 0.0290
2024/07/09 13:00:34 - mmengine - INFO - Epoch(train)  [5][125/185]  base_lr: 9.0451e-05 lr: 9.0451e-05  eta: 1:03:37  time: 2.5819  data_time: 0.0045  memory: 32309  loss: 0.0270
2024/07/09 13:01:38 - mmengine - INFO - Epoch(train)  [5][150/185]  base_lr: 9.0451e-05 lr: 9.0451e-05  eta: 1:02:17  time: 2.5460  data_time: 0.0022  memory: 32309  loss: 0.0275
2024/07/09 13:02:42 - mmengine - INFO - Epoch(train)  [5][175/185]  base_lr: 9.0451e-05 lr: 9.0451e-05  eta: 1:00:57  time: 2.5457  data_time: 0.0025  memory: 32309  loss: 0.0289
2024/07/09 13:03:06 - mmengine - INFO - Exp name: sugarbeet_20240709_120644
2024/07/09 13:03:06 - mmengine - INFO - Saving checkpoint at 5 epochs
2024/07/09 13:06:32 - mmengine - INFO - Epoch(val) [5][10/10]    accuracy/top1: 97.6261  single-label/precision_classwise: [97.7691650390625, 92.96028900146484]  single-label/recall_classwise: [99.77967071533203, 56.1002197265625]  single-label/f1-score_classwise: [98.76419067382812, 69.97282409667969]  data_time: 3.5095  time: 18.1111
2024/07/09 13:08:14 - mmengine - INFO - Epoch(train)  [6][ 25/185]  base_lr: 8.5355e-05 lr: 8.5355e-05  eta: 0:59:57  time: 2.5618  data_time: 0.0035  memory: 48749  loss: 0.0233
2024/07/09 13:09:18 - mmengine - INFO - Epoch(train)  [6][ 50/185]  base_lr: 8.5355e-05 lr: 8.5355e-05  eta: 0:58:37  time: 2.5601  data_time: 0.0031  memory: 32309  loss: 0.0297
2024/07/09 13:10:22 - mmengine - INFO - Exp name: sugarbeet_20240709_120644
2024/07/09 13:10:22 - mmengine - INFO - Epoch(train)  [6][ 75/185]  base_lr: 8.5355e-05 lr: 8.5355e-05  eta: 0:57:18  time: 2.5598  data_time: 0.0033  memory: 32309  loss: 0.0255
2024/07/09 13:11:27 - mmengine - INFO - Epoch(train)  [6][100/185]  base_lr: 8.5355e-05 lr: 8.5355e-05  eta: 0:56:01  time: 2.5696  data_time: 0.0097  memory: 32309  loss: 0.0240
2024/07/09 13:12:31 - mmengine - INFO - Epoch(train)  [6][125/185]  base_lr: 8.5355e-05 lr: 8.5355e-05  eta: 0:54:43  time: 2.5552  data_time: 0.0101  memory: 32309  loss: 0.0263
2024/07/09 13:13:34 - mmengine - INFO - Epoch(train)  [6][150/185]  base_lr: 8.5355e-05 lr: 8.5355e-05  eta: 0:53:26  time: 2.5439  data_time: 0.0021  memory: 32309  loss: 0.0267
2024/07/09 13:14:38 - mmengine - INFO - Epoch(train)  [6][175/185]  base_lr: 8.5355e-05 lr: 8.5355e-05  eta: 0:52:10  time: 2.5437  data_time: 0.0016  memory: 32309  loss: 0.0258
2024/07/09 13:15:02 - mmengine - INFO - Exp name: sugarbeet_20240709_120644
2024/07/09 13:15:02 - mmengine - INFO - Saving checkpoint at 6 epochs
2024/07/09 13:18:02 - mmengine - INFO - Epoch(val) [6][10/10]    accuracy/top1: 97.7765  single-label/precision_classwise: [97.94219970703125, 92.71186828613281]  single-label/recall_classwise: [99.75707244873047, 59.586055755615234]  single-label/f1-score_classwise: [98.84130096435547, 72.54641723632812]  data_time: 1.1576  time: 15.7534
2024/07/09 13:19:43 - mmengine - INFO - Epoch(train)  [7][ 25/185]  base_lr: 7.9389e-05 lr: 7.9389e-05  eta: 0:50:58  time: 2.5587  data_time: 0.0047  memory: 48749  loss: 0.0245
2024/07/09 13:20:47 - mmengine - INFO - Epoch(train)  [7][ 50/185]  base_lr: 7.9389e-05 lr: 7.9389e-05  eta: 0:49:41  time: 2.5473  data_time: 0.0028  memory: 32309  loss: 0.0209
2024/07/09 13:21:51 - mmengine - INFO - Epoch(train)  [7][ 75/185]  base_lr: 7.9389e-05 lr: 7.9389e-05  eta: 0:48:25  time: 2.5479  data_time: 0.0026  memory: 32309  loss: 0.0202
2024/07/09 13:22:55 - mmengine - INFO - Epoch(train)  [7][100/185]  base_lr: 7.9389e-05 lr: 7.9389e-05  eta: 0:47:10  time: 2.5735  data_time: 0.0027  memory: 32309  loss: 0.0237
2024/07/09 13:23:59 - mmengine - INFO - Epoch(train)  [7][125/185]  base_lr: 7.9389e-05 lr: 7.9389e-05  eta: 0:45:55  time: 2.5505  data_time: 0.0033  memory: 32309  loss: 0.0247
2024/07/09 13:25:03 - mmengine - INFO - Epoch(train)  [7][150/185]  base_lr: 7.9389e-05 lr: 7.9389e-05  eta: 0:44:40  time: 2.5464  data_time: 0.0021  memory: 32309  loss: 0.0222
2024/07/09 13:26:06 - mmengine - INFO - Epoch(train)  [7][175/185]  base_lr: 7.9389e-05 lr: 7.9389e-05  eta: 0:43:26  time: 2.5441  data_time: 0.0021  memory: 32309  loss: 0.0259
2024/07/09 13:26:30 - mmengine - INFO - Exp name: sugarbeet_20240709_120644
2024/07/09 13:26:30 - mmengine - INFO - Saving checkpoint at 7 epochs
2024/07/09 13:29:57 - mmengine - INFO - Epoch(val) [7][10/10]    accuracy/top1: 97.8194  single-label/precision_classwise: [98.00166320800781, 92.38410949707031]  single-label/recall_classwise: [99.74012756347656, 60.78431701660156]  single-label/f1-score_classwise: [98.86325073242188, 73.32457733154297]  data_time: 3.5534  time: 18.1539
2024/07/09 13:31:38 - mmengine - INFO - Epoch(train)  [8][ 25/185]  base_lr: 7.2700e-05 lr: 7.2700e-05  eta: 0:42:07  time: 2.5500  data_time: 0.0058  memory: 48749  loss: 0.0225
2024/07/09 13:32:42 - mmengine - INFO - Epoch(train)  [8][ 50/185]  base_lr: 7.2700e-05 lr: 7.2700e-05  eta: 0:40:53  time: 2.5546  data_time: 0.0030  memory: 32309  loss: 0.0229
2024/07/09 13:33:47 - mmengine - INFO - Epoch(train)  [8][ 75/185]  base_lr: 7.2700e-05 lr: 7.2700e-05  eta: 0:39:39  time: 2.5735  data_time: 0.0085  memory: 32309  loss: 0.0207
2024/07/09 13:34:51 - mmengine - INFO - Epoch(train)  [8][100/185]  base_lr: 7.2700e-05 lr: 7.2700e-05  eta: 0:38:26  time: 2.5524  data_time: 0.0027  memory: 32309  loss: 0.0225
2024/07/09 13:35:55 - mmengine - INFO - Epoch(train)  [8][125/185]  base_lr: 7.2700e-05 lr: 7.2700e-05  eta: 0:37:12  time: 2.5588  data_time: 0.0050  memory: 32309  loss: 0.0232
2024/07/09 13:37:01 - mmengine - INFO - Epoch(train)  [8][150/185]  base_lr: 7.2700e-05 lr: 7.2700e-05  eta: 0:36:01  time: 2.7315  data_time: 0.1864  memory: 32309  loss: 0.0207
2024/07/09 13:38:04 - mmengine - INFO - Epoch(train)  [8][175/185]  base_lr: 7.2700e-05 lr: 7.2700e-05  eta: 0:34:48  time: 2.5471  data_time: 0.0022  memory: 32309  loss: 0.0199
2024/07/09 13:38:28 - mmengine - INFO - Exp name: sugarbeet_20240709_120644
2024/07/09 13:38:28 - mmengine - INFO - Saving checkpoint at 8 epochs
2024/07/09 13:41:30 - mmengine - INFO - Epoch(val) [8][10/10]    accuracy/top1: 97.8785  single-label/precision_classwise: [98.0829086303711, 91.97431945800781]  single-label/recall_classwise: [99.717529296875, 62.41830062866211]  single-label/f1-score_classwise: [98.8934555053711, 74.36729431152344]  data_time: 1.2366  time: 15.8290
2024/07/09 13:43:18 - mmengine - INFO - Epoch(train)  [9][ 25/185]  base_lr: 6.5451e-05 lr: 6.5451e-05  eta: 0:33:27  time: 2.5947  data_time: 0.0026  memory: 48749  loss: 0.0207
2024/07/09 13:44:22 - mmengine - INFO - Epoch(train)  [9][ 50/185]  base_lr: 6.5451e-05 lr: 6.5451e-05  eta: 0:32:14  time: 2.5717  data_time: 0.0077  memory: 32309  loss: 0.0229
2024/07/09 13:45:27 - mmengine - INFO - Epoch(train)  [9][ 75/185]  base_lr: 6.5451e-05 lr: 6.5451e-05  eta: 0:31:02  time: 2.5913  data_time: 0.0026  memory: 32309  loss: 0.0233
2024/07/09 13:46:31 - mmengine - INFO - Epoch(train)  [9][100/185]  base_lr: 6.5451e-05 lr: 6.5451e-05  eta: 0:29:49  time: 2.5675  data_time: 0.0026  memory: 32309  loss: 0.0204
2024/07/09 13:47:35 - mmengine - INFO - Epoch(train)  [9][125/185]  base_lr: 6.5451e-05 lr: 6.5451e-05  eta: 0:28:37  time: 2.5701  data_time: 0.0043  memory: 32309  loss: 0.0209
2024/07/09 13:48:39 - mmengine - INFO - Epoch(train)  [9][150/185]  base_lr: 6.5451e-05 lr: 6.5451e-05  eta: 0:27:25  time: 2.5604  data_time: 0.0020  memory: 32309  loss: 0.0206
2024/07/09 13:49:43 - mmengine - INFO - Epoch(train)  [9][175/185]  base_lr: 6.5451e-05 lr: 6.5451e-05  eta: 0:26:14  time: 2.5601  data_time: 0.0023  memory: 32309  loss: 0.0198
2024/07/09 13:50:07 - mmengine - INFO - Exp name: sugarbeet_20240709_120644
2024/07/09 13:50:07 - mmengine - INFO - Saving checkpoint at 9 epochs
2024/07/09 13:53:36 - mmengine - INFO - Epoch(val) [9][10/10]    accuracy/top1: 97.9000  single-label/precision_classwise: [98.099365234375, 92.15999603271484]  single-label/recall_classwise: [99.72317504882812, 62.74510192871094]  single-label/f1-score_classwise: [98.90460968017578, 74.65975952148438]  data_time: 3.6961  time: 18.3329
2024/07/09 13:55:25 - mmengine - INFO - Epoch(train) [10][ 25/185]  base_lr: 5.7822e-05 lr: 5.7822e-05  eta: 0:24:47  time: 2.5732  data_time: 0.0047  memory: 48749  loss: 0.0181
2024/07/09 13:56:29 - mmengine - INFO - Epoch(train) [10][ 50/185]  base_lr: 5.7822e-05 lr: 5.7822e-05  eta: 0:23:35  time: 2.5915  data_time: 0.0040  memory: 32309  loss: 0.0203
2024/07/09 13:57:34 - mmengine - INFO - Epoch(train) [10][ 75/185]  base_lr: 5.7822e-05 lr: 5.7822e-05  eta: 0:22:24  time: 2.5975  data_time: 0.0045  memory: 32309  loss: 0.0207
2024/07/09 13:58:38 - mmengine - INFO - Epoch(train) [10][100/185]  base_lr: 5.7822e-05 lr: 5.7822e-05  eta: 0:21:12  time: 2.5662  data_time: 0.0028  memory: 32309  loss: 0.0209
2024/07/09 13:59:42 - mmengine - INFO - Epoch(train) [10][125/185]  base_lr: 5.7822e-05 lr: 5.7822e-05  eta: 0:20:01  time: 2.5697  data_time: 0.0027  memory: 32309  loss: 0.0176
2024/07/09 14:00:46 - mmengine - INFO - Epoch(train) [10][150/185]  base_lr: 5.7822e-05 lr: 5.7822e-05  eta: 0:18:50  time: 2.5625  data_time: 0.0023  memory: 32309  loss: 0.0249
2024/07/09 14:01:50 - mmengine - INFO - Epoch(train) [10][175/185]  base_lr: 5.7822e-05 lr: 5.7822e-05  eta: 0:17:39  time: 2.5608  data_time: 0.0020  memory: 32309  loss: 0.0195
2024/07/09 14:02:15 - mmengine - INFO - Exp name: sugarbeet_20240709_120644
2024/07/09 14:02:15 - mmengine - INFO - Saving checkpoint at 10 epochs
2024/07/09 14:05:16 - mmengine - INFO - Epoch(val) [10][10/10]    accuracy/top1: 97.9376  single-label/precision_classwise: [98.20185852050781, 90.70122528076172]  single-label/recall_classwise: [99.65538024902344, 64.81481170654297]  single-label/f1-score_classwise: [98.92327880859375, 75.60355377197266]  data_time: 1.2132  time: 15.8338
2024/07/09 14:07:11 - mmengine - INFO - Epoch(train) [11][ 25/185]  base_lr: 5.0000e-05 lr: 5.0000e-05  eta: 0:16:09  time: 2.5696  data_time: 0.0046  memory: 48749  loss: 0.0184
2024/07/09 14:08:15 - mmengine - INFO - Epoch(train) [11][ 50/185]  base_lr: 5.0000e-05 lr: 5.0000e-05  eta: 0:14:58  time: 2.5682  data_time: 0.0029  memory: 32309  loss: 0.0166
2024/07/09 14:09:20 - mmengine - INFO - Epoch(train) [11][ 75/185]  base_lr: 5.0000e-05 lr: 5.0000e-05  eta: 0:13:47  time: 2.5618  data_time: 0.0032  memory: 32309  loss: 0.0199
2024/07/09 14:10:24 - mmengine - INFO - Epoch(train) [11][100/185]  base_lr: 5.0000e-05 lr: 5.0000e-05  eta: 0:12:36  time: 2.5590  data_time: 0.0029  memory: 32309  loss: 0.0206
2024/07/09 14:11:28 - mmengine - INFO - Epoch(train) [11][125/185]  base_lr: 5.0000e-05 lr: 5.0000e-05  eta: 0:11:25  time: 2.5588  data_time: 0.0029  memory: 32309  loss: 0.0164
2024/07/09 14:12:31 - mmengine - INFO - Exp name: sugarbeet_20240709_120644
2024/07/09 14:12:31 - mmengine - INFO - Epoch(train) [11][150/185]  base_lr: 5.0000e-05 lr: 5.0000e-05  eta: 0:10:14  time: 2.5496  data_time: 0.0020  memory: 32309  loss: 0.0177
2024/07/09 14:13:35 - mmengine - INFO - Epoch(train) [11][175/185]  base_lr: 5.0000e-05 lr: 5.0000e-05  eta: 0:09:04  time: 2.5627  data_time: 0.0021  memory: 32309  loss: 0.0160
2024/07/09 14:13:59 - mmengine - INFO - Exp name: sugarbeet_20240709_120644
2024/07/09 14:13:59 - mmengine - INFO - Saving checkpoint at 11 epochs
2024/07/09 14:17:28 - mmengine - INFO - Epoch(val) [11][10/10]    accuracy/top1: 97.9537  single-label/precision_classwise: [98.19679260253906, 91.2442398071289]  single-label/recall_classwise: [99.67798614501953, 64.70588684082031]  single-label/f1-score_classwise: [98.93183898925781, 75.7170181274414]  data_time: 3.7475  time: 18.3538
2024/07/09 14:19:11 - mmengine - INFO - Epoch(train) [12][ 25/185]  base_lr: 4.2178e-05 lr: 4.2178e-05  eta: 0:07:28  time: 2.5698  data_time: 0.0034  memory: 48749  loss: 0.0214
2024/07/09 14:20:15 - mmengine - INFO - Epoch(train) [12][ 50/185]  base_lr: 4.2178e-05 lr: 4.2178e-05  eta: 0:06:18  time: 2.5598  data_time: 0.0025  memory: 32309  loss: 0.0185
2024/07/09 14:21:19 - mmengine - INFO - Epoch(train) [12][ 75/185]  base_lr: 4.2178e-05 lr: 4.2178e-05  eta: 0:05:07  time: 2.5560  data_time: 0.0025  memory: 32309  loss: 0.0170
2024/07/09 14:22:23 - mmengine - INFO - Epoch(train) [12][100/185]  base_lr: 4.2178e-05 lr: 4.2178e-05  eta: 0:03:57  time: 2.5536  data_time: 0.0025  memory: 32309  loss: 0.0181
2024/07/09 14:23:27 - mmengine - INFO - Epoch(train) [12][125/185]  base_lr: 4.2178e-05 lr: 4.2178e-05  eta: 0:02:47  time: 2.5595  data_time: 0.0027  memory: 32309  loss: 0.0171
2024/07/09 14:24:31 - mmengine - INFO - Epoch(train) [12][150/185]  base_lr: 4.2178e-05 lr: 4.2178e-05  eta: 0:01:37  time: 2.5465  data_time: 0.0024  memory: 32309  loss: 0.0164
2024/07/09 14:25:35 - mmengine - INFO - Epoch(train) [12][175/185]  base_lr: 4.2178e-05 lr: 4.2178e-05  eta: 0:00:27  time: 2.5468  data_time: 0.0021  memory: 32309  loss: 0.0172
2024/07/09 14:25:59 - mmengine - INFO - Exp name: sugarbeet_20240709_120644
2024/07/09 14:25:59 - mmengine - INFO - Saving checkpoint at 12 epochs
2024/07/09 14:29:01 - mmengine - INFO - Epoch(val) [12][10/10]    accuracy/top1: 97.9483  single-label/precision_classwise: [98.2235336303711, 90.48338317871094]  single-label/recall_classwise: [99.64408874511719, 65.25054931640625]  single-label/f1-score_classwise: [98.92871856689453, 75.82278442382812]  data_time: 1.2791  time: 15.8808
