2024/08/22 17:24:21 - mmengine - INFO - 
------------------------------------------------------------
System environment:
    sys.platform: linux
    Python: 3.10.12 (main, Jul 29 2024, 16:56:48) [GCC 11.4.0]
    CUDA available: True
    MUSA available: False
    numpy_random_seed: 0
    GPU 0: NVIDIA A100-SXM4-80GB
    CUDA_HOME: /usr/local/cuda
    NVCC: Cuda compilation tools, release 12.3, V12.3.107
    GCC: x86_64-linux-gnu-gcc (Ubuntu 11.4.0-1ubuntu1~22.04) 11.4.0
    PyTorch: 2.3.1+cu121
    PyTorch compiling details: PyTorch built with:
  - GCC 9.3
  - C++ Version: 201703
  - Intel(R) oneAPI Math Kernel Library Version 2022.2-Product Build 20220804 for Intel(R) 64 architecture applications
  - Intel(R) MKL-DNN v3.3.6 (Git Hash 86e6af5974177e513fd3fee58425e1063e7f1361)
  - OpenMP 201511 (a.k.a. OpenMP 4.5)
  - LAPACK is enabled (usually provided by MKL)
  - NNPACK is enabled
  - CPU capability usage: AVX2
  - CUDA Runtime 12.1
  - NVCC architecture flags: -gencode;arch=compute_50,code=sm_50;-gencode;arch=compute_60,code=sm_60;-gencode;arch=compute_70,code=sm_70;-gencode;arch=compute_75,code=sm_75;-gencode;arch=compute_80,code=sm_80;-gencode;arch=compute_86,code=sm_86;-gencode;arch=compute_90,code=sm_90
  - CuDNN 8.9.2
  - Magma 2.6.1
  - Build settings: BLAS_INFO=mkl, BUILD_TYPE=Release, CUDA_VERSION=12.1, CUDNN_VERSION=8.9.2, CXX_COMPILER=/opt/rh/devtoolset-9/root/usr/bin/c++, CXX_FLAGS= -D_GLIBCXX_USE_CXX11_ABI=0 -fabi-version=11 -fvisibility-inlines-hidden -DUSE_PTHREADPOOL -DNDEBUG -DUSE_KINETO -DLIBKINETO_NOROCTRACER -DUSE_FBGEMM -DUSE_QNNPACK -DUSE_PYTORCH_QNNPACK -DUSE_XNNPACK -DSYMBOLICATE_MOBILE_DEBUG_HANDLE -O2 -fPIC -Wall -Wextra -Werror=return-type -Werror=non-virtual-dtor -Werror=bool-operation -Wnarrowing -Wno-missing-field-initializers -Wno-type-limits -Wno-array-bounds -Wno-unknown-pragmas -Wno-unused-parameter -Wno-unused-function -Wno-unused-result -Wno-strict-overflow -Wno-strict-aliasing -Wno-stringop-overflow -Wsuggest-override -Wno-psabi -Wno-error=pedantic -Wno-error=old-style-cast -Wno-missing-braces -fdiagnostics-color=always -faligned-new -Wno-unused-but-set-variable -Wno-maybe-uninitialized -fno-math-errno -fno-trapping-math -Werror=format -Wno-stringop-overflow, LAPACK_INFO=mkl, PERF_WITH_AVX=1, PERF_WITH_AVX2=1, PERF_WITH_AVX512=1, TORCH_VERSION=2.3.1, USE_CUDA=ON, USE_CUDNN=ON, USE_CUSPARSELT=1, USE_EXCEPTION_PTR=1, USE_GFLAGS=OFF, USE_GLOG=OFF, USE_GLOO=ON, USE_MKL=ON, USE_MKLDNN=ON, USE_MPI=OFF, USE_NCCL=1, USE_NNPACK=ON, USE_OPENMP=ON, USE_ROCM=OFF, USE_ROCM_KERNEL_ASSERT=OFF, 

    TorchVision: 0.18.1+cu121
    OpenCV: 4.10.0
    MMEngine: 0.10.4

Runtime environment:
    cudnn_benchmark: False
    mp_cfg: {'mp_start_method': 'fork', 'opencv_num_threads': 0}
    dist_cfg: {'backend': 'nccl'}
    seed: 0
    deterministic: True
    Distributed launcher: none
    Distributed training: False
    GPU number: 1
------------------------------------------------------------

2024/08/22 17:24:21 - mmengine - INFO - Config:
auto_scale_lr = dict(base_batch_size=1024)
data_dir = '/mnt/data'
data_preprocessor = dict(
    mean=[
        123.675,
        116.28,
        103.53,
    ],
    num_classes=7806,
    std=[
        58.395,
        57.12,
        57.375,
    ],
    to_rgb=True)
default_hooks = dict(
    checkpoint=dict(interval=1, max_keep_ckpts=5, type='CheckpointHook'),
    logger=dict(interval=100, type='LoggerHook'),
    param_scheduler=dict(type='ParamSchedulerHook'),
    sampler_seed=dict(type='DistSamplerSeedHook'),
    timer=dict(type='IterTimerHook'),
    visualization=dict(enable=False, type='VisualizationHook'))
default_scope = 'mmpretrain'
env_cfg = dict(
    cudnn_benchmark=False,
    dist_cfg=dict(backend='nccl'),
    mp_cfg=dict(mp_start_method='fork', opencv_num_threads=0))
launcher = 'none'
load_from = None
log_level = 'INFO'
model = dict(
    backbone=dict(
        arch='dinov2-small',
        frozen_stages=0,
        img_size=518,
        init_cfg=dict(
            checkpoint=
            'https://download.openmmlab.com/mmpretrain/v1.0/dinov2/vit-small-p14_dinov2-pre_3rdparty_20230426-5641ca5a.pth',
            prefix='backbone',
            type='Pretrained'),
        layer_scale_init_value=1e-05,
        patch_size=14,
        type='VisionTransformer'),
    head=dict(
        in_channels=384,
        init_cfg=dict(
            checkpoint='/mnt/data/saved/20240822_081104_leafcaw_small.pth',
            prefix='head',
            type='Pretrained'),
        loss=dict(type='CrossEntropyLoss'),
        num_classes=7806,
        topk=(
            1,
            5,
        ),
        type='VisionTransformerClsHead'),
    neck=None,
    type='ImageClassifier')
optim_wrapper = dict(
    loss_scale='dynamic',
    optimizer=dict(lr=1e-05, type='AdamW', weight_decay=0.05),
    paramwise_cfg=dict(
        custom_keys=dict(
            cls_token=dict(decay_mult=0.0), mask_token=dict(decay_mult=0.0))),
    type='AmpOptimWrapper')
param_scheduler = [
    dict(T_max=20, by_epoch=True, type='CosineAnnealingLR'),
]
randomness = dict(deterministic=True, seed=0)
resume = False
test_cfg = dict()
test_dataloader = dict(
    batch_size=1024,
    collate_fn=dict(type='default_collate'),
    dataset=dict(
        ann_file='annotation/test_2.txt',
        data_prefix='/mnt/data',
        pipeline=[
            dict(type='LoadImageFromFile'),
            dict(
                backend='pillow',
                edge='short',
                interpolation='bicubic',
                scale=518,
                type='ResizeEdge'),
            dict(crop_size=518, type='CenterCrop'),
            dict(type='PackInputs'),
        ],
        type='CustomDataset'),
    num_workers=20,
    persistent_workers=True,
    pin_memory=True,
    sampler=dict(shuffle=True, type='DefaultSampler'))
test_evaluator = [
    dict(topk=(
        1,
        5,
    ), type='Accuracy'),
    dict(type='SingleLabelMetric'),
]
test_pipeline = [
    dict(type='LoadImageFromFile'),
    dict(
        backend='pillow',
        edge='short',
        interpolation='bicubic',
        scale=518,
        type='ResizeEdge'),
    dict(crop_size=518, type='CenterCrop'),
    dict(type='PackInputs'),
]
train_cfg = dict(by_epoch=True, max_epochs=10, val_interval=1)
train_dataloader = dict(
    batch_size=128,
    collate_fn=dict(type='default_collate'),
    dataset=dict(
        ann_file='annotation/train_2.txt',
        data_prefix='/mnt/data',
        pipeline=[
            dict(type='LoadImageFromFile'),
            dict(
                backend='pillow',
                edge='short',
                interpolation='bicubic',
                scale=518,
                type='ResizeEdge'),
            dict(crop_size=518, type='CenterCrop'),
            dict(type='PackInputs'),
        ],
        type='CustomDataset'),
    num_workers=20,
    persistent_workers=True,
    pin_memory=True,
    sampler=dict(shuffle=True, type='DefaultSampler'))
train_pipeline = [
    dict(type='LoadImageFromFile'),
    dict(
        backend='pillow',
        interpolation='bicubic',
        scale=518,
        type='RandomResizedCrop'),
    dict(direction='horizontal', prob=0.5, type='RandomFlip'),
    dict(type='PackInputs'),
]
val_cfg = dict()
val_dataloader = dict(
    batch_size=128,
    collate_fn=dict(type='default_collate'),
    dataset=dict(
        ann_file='annotation/val_2.txt',
        data_prefix='/mnt/data',
        pipeline=[
            dict(type='LoadImageFromFile'),
            dict(
                backend='pillow',
                edge='short',
                interpolation='bicubic',
                scale=518,
                type='ResizeEdge'),
            dict(crop_size=518, type='CenterCrop'),
            dict(type='PackInputs'),
        ],
        type='CustomDataset'),
    num_workers=20,
    persistent_workers=True,
    pin_memory=True,
    sampler=dict(shuffle=True, type='DefaultSampler'))
val_evaluator = [
    dict(topk=(
        1,
        5,
    ), type='Accuracy'),
    dict(type='SingleLabelMetric'),
]
vis_backends = [
    dict(type='LocalVisBackend'),
]
visualizer = dict(
    type='UniversalVisualizer', vis_backends=[
        dict(type='LocalVisBackend'),
    ])
work_dir = './work_dirs/finetune'

2024/08/22 17:24:22 - mmengine - INFO - Distributed training is not used, all SyncBatchNorm (SyncBN) layers in the model will be automatically reverted to BatchNormXd layers if they are used.
2024/08/22 17:24:22 - mmengine - INFO - Hooks will be executed in the following order:
before_run:
(VERY_HIGH   ) RuntimeInfoHook                    
(BELOW_NORMAL) LoggerHook                         
 -------------------- 
before_train:
(VERY_HIGH   ) RuntimeInfoHook                    
(NORMAL      ) IterTimerHook                      
(VERY_LOW    ) CheckpointHook                     
 -------------------- 
before_train_epoch:
(VERY_HIGH   ) RuntimeInfoHook                    
(NORMAL      ) IterTimerHook                      
(NORMAL      ) DistSamplerSeedHook                
 -------------------- 
before_train_iter:
(VERY_HIGH   ) RuntimeInfoHook                    
(NORMAL      ) IterTimerHook                      
 -------------------- 
after_train_iter:
(VERY_HIGH   ) RuntimeInfoHook                    
(NORMAL      ) IterTimerHook                      
(BELOW_NORMAL) LoggerHook                         
(LOW         ) ParamSchedulerHook                 
(VERY_LOW    ) CheckpointHook                     
 -------------------- 
after_train_epoch:
(NORMAL      ) IterTimerHook                      
(LOW         ) ParamSchedulerHook                 
(VERY_LOW    ) CheckpointHook                     
 -------------------- 
before_val:
(VERY_HIGH   ) RuntimeInfoHook                    
 -------------------- 
before_val_epoch:
(NORMAL      ) IterTimerHook                      
 -------------------- 
before_val_iter:
(NORMAL      ) IterTimerHook                      
 -------------------- 
after_val_iter:
(NORMAL      ) IterTimerHook                      
(NORMAL      ) VisualizationHook                  
(BELOW_NORMAL) LoggerHook                         
 -------------------- 
after_val_epoch:
(VERY_HIGH   ) RuntimeInfoHook                    
(NORMAL      ) IterTimerHook                      
(BELOW_NORMAL) LoggerHook                         
(LOW         ) ParamSchedulerHook                 
(VERY_LOW    ) CheckpointHook                     
 -------------------- 
after_val:
(VERY_HIGH   ) RuntimeInfoHook                    
 -------------------- 
after_train:
(VERY_HIGH   ) RuntimeInfoHook                    
(VERY_LOW    ) CheckpointHook                     
 -------------------- 
before_test:
(VERY_HIGH   ) RuntimeInfoHook                    
 -------------------- 
before_test_epoch:
(NORMAL      ) IterTimerHook                      
 -------------------- 
before_test_iter:
(NORMAL      ) IterTimerHook                      
 -------------------- 
after_test_iter:
(NORMAL      ) IterTimerHook                      
(NORMAL      ) VisualizationHook                  
(BELOW_NORMAL) LoggerHook                         
 -------------------- 
after_test_epoch:
(VERY_HIGH   ) RuntimeInfoHook                    
(NORMAL      ) IterTimerHook                      
(BELOW_NORMAL) LoggerHook                         
 -------------------- 
after_test:
(VERY_HIGH   ) RuntimeInfoHook                    
 -------------------- 
after_run:
(BELOW_NORMAL) LoggerHook                         
 -------------------- 
2024/08/22 17:24:24 - mmengine - INFO - paramwise_options -- backbone.cls_token:lr=1e-05
2024/08/22 17:24:24 - mmengine - INFO - paramwise_options -- backbone.cls_token:weight_decay=0.0
2024/08/22 17:24:24 - mmengine - INFO - paramwise_options -- backbone.cls_token:decay_mult=0.0
2024/08/22 17:24:24 - mmengine - INFO - load backbone in model from: https://download.openmmlab.com/mmpretrain/v1.0/dinov2/vit-small-p14_dinov2-pre_3rdparty_20230426-5641ca5a.pth
2024/08/22 17:24:24 - mmengine - WARNING - The model and loaded state dict do not match exactly

unexpected key in source state_dict: mask_token

2024/08/22 17:24:24 - mmengine - INFO - load head in model from: /mnt/data/saved/20240822_081104_leafcaw_small.pth
Name of parameter - Initialization information

backbone.cls_token - torch.Size([1, 1, 384]): 
PretrainedInit: load from https://download.openmmlab.com/mmpretrain/v1.0/dinov2/vit-small-p14_dinov2-pre_3rdparty_20230426-5641ca5a.pth 

backbone.pos_embed - torch.Size([1, 1370, 384]): 
PretrainedInit: load from https://download.openmmlab.com/mmpretrain/v1.0/dinov2/vit-small-p14_dinov2-pre_3rdparty_20230426-5641ca5a.pth 

backbone.patch_embed.projection.weight - torch.Size([384, 3, 14, 14]): 
PretrainedInit: load from https://download.openmmlab.com/mmpretrain/v1.0/dinov2/vit-small-p14_dinov2-pre_3rdparty_20230426-5641ca5a.pth 

backbone.patch_embed.projection.bias - torch.Size([384]): 
PretrainedInit: load from https://download.openmmlab.com/mmpretrain/v1.0/dinov2/vit-small-p14_dinov2-pre_3rdparty_20230426-5641ca5a.pth 

backbone.layers.0.ln1.weight - torch.Size([384]): 
PretrainedInit: load from https://download.openmmlab.com/mmpretrain/v1.0/dinov2/vit-small-p14_dinov2-pre_3rdparty_20230426-5641ca5a.pth 

backbone.layers.0.ln1.bias - torch.Size([384]): 
PretrainedInit: load from https://download.openmmlab.com/mmpretrain/v1.0/dinov2/vit-small-p14_dinov2-pre_3rdparty_20230426-5641ca5a.pth 

backbone.layers.0.attn.qkv.weight - torch.Size([1152, 384]): 
PretrainedInit: load from https://download.openmmlab.com/mmpretrain/v1.0/dinov2/vit-small-p14_dinov2-pre_3rdparty_20230426-5641ca5a.pth 

backbone.layers.0.attn.qkv.bias - torch.Size([1152]): 
PretrainedInit: load from https://download.openmmlab.com/mmpretrain/v1.0/dinov2/vit-small-p14_dinov2-pre_3rdparty_20230426-5641ca5a.pth 

backbone.layers.0.attn.proj.weight - torch.Size([384, 384]): 
PretrainedInit: load from https://download.openmmlab.com/mmpretrain/v1.0/dinov2/vit-small-p14_dinov2-pre_3rdparty_20230426-5641ca5a.pth 

backbone.layers.0.attn.proj.bias - torch.Size([384]): 
PretrainedInit: load from https://download.openmmlab.com/mmpretrain/v1.0/dinov2/vit-small-p14_dinov2-pre_3rdparty_20230426-5641ca5a.pth 

backbone.layers.0.attn.gamma1.weight - torch.Size([384]): 
PretrainedInit: load from https://download.openmmlab.com/mmpretrain/v1.0/dinov2/vit-small-p14_dinov2-pre_3rdparty_20230426-5641ca5a.pth 

backbone.layers.0.ln2.weight - torch.Size([384]): 
PretrainedInit: load from https://download.openmmlab.com/mmpretrain/v1.0/dinov2/vit-small-p14_dinov2-pre_3rdparty_20230426-5641ca5a.pth 

backbone.layers.0.ln2.bias - torch.Size([384]): 
PretrainedInit: load from https://download.openmmlab.com/mmpretrain/v1.0/dinov2/vit-small-p14_dinov2-pre_3rdparty_20230426-5641ca5a.pth 

backbone.layers.0.ffn.layers.0.0.weight - torch.Size([1536, 384]): 
PretrainedInit: load from https://download.openmmlab.com/mmpretrain/v1.0/dinov2/vit-small-p14_dinov2-pre_3rdparty_20230426-5641ca5a.pth 

backbone.layers.0.ffn.layers.0.0.bias - torch.Size([1536]): 
PretrainedInit: load from https://download.openmmlab.com/mmpretrain/v1.0/dinov2/vit-small-p14_dinov2-pre_3rdparty_20230426-5641ca5a.pth 

backbone.layers.0.ffn.layers.1.weight - torch.Size([384, 1536]): 
PretrainedInit: load from https://download.openmmlab.com/mmpretrain/v1.0/dinov2/vit-small-p14_dinov2-pre_3rdparty_20230426-5641ca5a.pth 

backbone.layers.0.ffn.layers.1.bias - torch.Size([384]): 
PretrainedInit: load from https://download.openmmlab.com/mmpretrain/v1.0/dinov2/vit-small-p14_dinov2-pre_3rdparty_20230426-5641ca5a.pth 

backbone.layers.0.ffn.gamma2.weight - torch.Size([384]): 
PretrainedInit: load from https://download.openmmlab.com/mmpretrain/v1.0/dinov2/vit-small-p14_dinov2-pre_3rdparty_20230426-5641ca5a.pth 

backbone.layers.1.ln1.weight - torch.Size([384]): 
PretrainedInit: load from https://download.openmmlab.com/mmpretrain/v1.0/dinov2/vit-small-p14_dinov2-pre_3rdparty_20230426-5641ca5a.pth 

backbone.layers.1.ln1.bias - torch.Size([384]): 
PretrainedInit: load from https://download.openmmlab.com/mmpretrain/v1.0/dinov2/vit-small-p14_dinov2-pre_3rdparty_20230426-5641ca5a.pth 

backbone.layers.1.attn.qkv.weight - torch.Size([1152, 384]): 
PretrainedInit: load from https://download.openmmlab.com/mmpretrain/v1.0/dinov2/vit-small-p14_dinov2-pre_3rdparty_20230426-5641ca5a.pth 

backbone.layers.1.attn.qkv.bias - torch.Size([1152]): 
PretrainedInit: load from https://download.openmmlab.com/mmpretrain/v1.0/dinov2/vit-small-p14_dinov2-pre_3rdparty_20230426-5641ca5a.pth 

backbone.layers.1.attn.proj.weight - torch.Size([384, 384]): 
PretrainedInit: load from https://download.openmmlab.com/mmpretrain/v1.0/dinov2/vit-small-p14_dinov2-pre_3rdparty_20230426-5641ca5a.pth 

backbone.layers.1.attn.proj.bias - torch.Size([384]): 
PretrainedInit: load from https://download.openmmlab.com/mmpretrain/v1.0/dinov2/vit-small-p14_dinov2-pre_3rdparty_20230426-5641ca5a.pth 

backbone.layers.1.attn.gamma1.weight - torch.Size([384]): 
PretrainedInit: load from https://download.openmmlab.com/mmpretrain/v1.0/dinov2/vit-small-p14_dinov2-pre_3rdparty_20230426-5641ca5a.pth 

backbone.layers.1.ln2.weight - torch.Size([384]): 
PretrainedInit: load from https://download.openmmlab.com/mmpretrain/v1.0/dinov2/vit-small-p14_dinov2-pre_3rdparty_20230426-5641ca5a.pth 

backbone.layers.1.ln2.bias - torch.Size([384]): 
PretrainedInit: load from https://download.openmmlab.com/mmpretrain/v1.0/dinov2/vit-small-p14_dinov2-pre_3rdparty_20230426-5641ca5a.pth 

backbone.layers.1.ffn.layers.0.0.weight - torch.Size([1536, 384]): 
PretrainedInit: load from https://download.openmmlab.com/mmpretrain/v1.0/dinov2/vit-small-p14_dinov2-pre_3rdparty_20230426-5641ca5a.pth 

backbone.layers.1.ffn.layers.0.0.bias - torch.Size([1536]): 
PretrainedInit: load from https://download.openmmlab.com/mmpretrain/v1.0/dinov2/vit-small-p14_dinov2-pre_3rdparty_20230426-5641ca5a.pth 

backbone.layers.1.ffn.layers.1.weight - torch.Size([384, 1536]): 
PretrainedInit: load from https://download.openmmlab.com/mmpretrain/v1.0/dinov2/vit-small-p14_dinov2-pre_3rdparty_20230426-5641ca5a.pth 

backbone.layers.1.ffn.layers.1.bias - torch.Size([384]): 
PretrainedInit: load from https://download.openmmlab.com/mmpretrain/v1.0/dinov2/vit-small-p14_dinov2-pre_3rdparty_20230426-5641ca5a.pth 

backbone.layers.1.ffn.gamma2.weight - torch.Size([384]): 
PretrainedInit: load from https://download.openmmlab.com/mmpretrain/v1.0/dinov2/vit-small-p14_dinov2-pre_3rdparty_20230426-5641ca5a.pth 

backbone.layers.2.ln1.weight - torch.Size([384]): 
PretrainedInit: load from https://download.openmmlab.com/mmpretrain/v1.0/dinov2/vit-small-p14_dinov2-pre_3rdparty_20230426-5641ca5a.pth 

backbone.layers.2.ln1.bias - torch.Size([384]): 
PretrainedInit: load from https://download.openmmlab.com/mmpretrain/v1.0/dinov2/vit-small-p14_dinov2-pre_3rdparty_20230426-5641ca5a.pth 

backbone.layers.2.attn.qkv.weight - torch.Size([1152, 384]): 
PretrainedInit: load from https://download.openmmlab.com/mmpretrain/v1.0/dinov2/vit-small-p14_dinov2-pre_3rdparty_20230426-5641ca5a.pth 

backbone.layers.2.attn.qkv.bias - torch.Size([1152]): 
PretrainedInit: load from https://download.openmmlab.com/mmpretrain/v1.0/dinov2/vit-small-p14_dinov2-pre_3rdparty_20230426-5641ca5a.pth 

backbone.layers.2.attn.proj.weight - torch.Size([384, 384]): 
PretrainedInit: load from https://download.openmmlab.com/mmpretrain/v1.0/dinov2/vit-small-p14_dinov2-pre_3rdparty_20230426-5641ca5a.pth 

backbone.layers.2.attn.proj.bias - torch.Size([384]): 
PretrainedInit: load from https://download.openmmlab.com/mmpretrain/v1.0/dinov2/vit-small-p14_dinov2-pre_3rdparty_20230426-5641ca5a.pth 

backbone.layers.2.attn.gamma1.weight - torch.Size([384]): 
PretrainedInit: load from https://download.openmmlab.com/mmpretrain/v1.0/dinov2/vit-small-p14_dinov2-pre_3rdparty_20230426-5641ca5a.pth 

backbone.layers.2.ln2.weight - torch.Size([384]): 
PretrainedInit: load from https://download.openmmlab.com/mmpretrain/v1.0/dinov2/vit-small-p14_dinov2-pre_3rdparty_20230426-5641ca5a.pth 

backbone.layers.2.ln2.bias - torch.Size([384]): 
PretrainedInit: load from https://download.openmmlab.com/mmpretrain/v1.0/dinov2/vit-small-p14_dinov2-pre_3rdparty_20230426-5641ca5a.pth 

backbone.layers.2.ffn.layers.0.0.weight - torch.Size([1536, 384]): 
PretrainedInit: load from https://download.openmmlab.com/mmpretrain/v1.0/dinov2/vit-small-p14_dinov2-pre_3rdparty_20230426-5641ca5a.pth 

backbone.layers.2.ffn.layers.0.0.bias - torch.Size([1536]): 
PretrainedInit: load from https://download.openmmlab.com/mmpretrain/v1.0/dinov2/vit-small-p14_dinov2-pre_3rdparty_20230426-5641ca5a.pth 

backbone.layers.2.ffn.layers.1.weight - torch.Size([384, 1536]): 
PretrainedInit: load from https://download.openmmlab.com/mmpretrain/v1.0/dinov2/vit-small-p14_dinov2-pre_3rdparty_20230426-5641ca5a.pth 

backbone.layers.2.ffn.layers.1.bias - torch.Size([384]): 
PretrainedInit: load from https://download.openmmlab.com/mmpretrain/v1.0/dinov2/vit-small-p14_dinov2-pre_3rdparty_20230426-5641ca5a.pth 

backbone.layers.2.ffn.gamma2.weight - torch.Size([384]): 
PretrainedInit: load from https://download.openmmlab.com/mmpretrain/v1.0/dinov2/vit-small-p14_dinov2-pre_3rdparty_20230426-5641ca5a.pth 

backbone.layers.3.ln1.weight - torch.Size([384]): 
PretrainedInit: load from https://download.openmmlab.com/mmpretrain/v1.0/dinov2/vit-small-p14_dinov2-pre_3rdparty_20230426-5641ca5a.pth 

backbone.layers.3.ln1.bias - torch.Size([384]): 
PretrainedInit: load from https://download.openmmlab.com/mmpretrain/v1.0/dinov2/vit-small-p14_dinov2-pre_3rdparty_20230426-5641ca5a.pth 

backbone.layers.3.attn.qkv.weight - torch.Size([1152, 384]): 
PretrainedInit: load from https://download.openmmlab.com/mmpretrain/v1.0/dinov2/vit-small-p14_dinov2-pre_3rdparty_20230426-5641ca5a.pth 

backbone.layers.3.attn.qkv.bias - torch.Size([1152]): 
PretrainedInit: load from https://download.openmmlab.com/mmpretrain/v1.0/dinov2/vit-small-p14_dinov2-pre_3rdparty_20230426-5641ca5a.pth 

backbone.layers.3.attn.proj.weight - torch.Size([384, 384]): 
PretrainedInit: load from https://download.openmmlab.com/mmpretrain/v1.0/dinov2/vit-small-p14_dinov2-pre_3rdparty_20230426-5641ca5a.pth 

backbone.layers.3.attn.proj.bias - torch.Size([384]): 
PretrainedInit: load from https://download.openmmlab.com/mmpretrain/v1.0/dinov2/vit-small-p14_dinov2-pre_3rdparty_20230426-5641ca5a.pth 

backbone.layers.3.attn.gamma1.weight - torch.Size([384]): 
PretrainedInit: load from https://download.openmmlab.com/mmpretrain/v1.0/dinov2/vit-small-p14_dinov2-pre_3rdparty_20230426-5641ca5a.pth 

backbone.layers.3.ln2.weight - torch.Size([384]): 
PretrainedInit: load from https://download.openmmlab.com/mmpretrain/v1.0/dinov2/vit-small-p14_dinov2-pre_3rdparty_20230426-5641ca5a.pth 

backbone.layers.3.ln2.bias - torch.Size([384]): 
PretrainedInit: load from https://download.openmmlab.com/mmpretrain/v1.0/dinov2/vit-small-p14_dinov2-pre_3rdparty_20230426-5641ca5a.pth 

backbone.layers.3.ffn.layers.0.0.weight - torch.Size([1536, 384]): 
PretrainedInit: load from https://download.openmmlab.com/mmpretrain/v1.0/dinov2/vit-small-p14_dinov2-pre_3rdparty_20230426-5641ca5a.pth 

backbone.layers.3.ffn.layers.0.0.bias - torch.Size([1536]): 
PretrainedInit: load from https://download.openmmlab.com/mmpretrain/v1.0/dinov2/vit-small-p14_dinov2-pre_3rdparty_20230426-5641ca5a.pth 

backbone.layers.3.ffn.layers.1.weight - torch.Size([384, 1536]): 
PretrainedInit: load from https://download.openmmlab.com/mmpretrain/v1.0/dinov2/vit-small-p14_dinov2-pre_3rdparty_20230426-5641ca5a.pth 

backbone.layers.3.ffn.layers.1.bias - torch.Size([384]): 
PretrainedInit: load from https://download.openmmlab.com/mmpretrain/v1.0/dinov2/vit-small-p14_dinov2-pre_3rdparty_20230426-5641ca5a.pth 

backbone.layers.3.ffn.gamma2.weight - torch.Size([384]): 
PretrainedInit: load from https://download.openmmlab.com/mmpretrain/v1.0/dinov2/vit-small-p14_dinov2-pre_3rdparty_20230426-5641ca5a.pth 

backbone.layers.4.ln1.weight - torch.Size([384]): 
PretrainedInit: load from https://download.openmmlab.com/mmpretrain/v1.0/dinov2/vit-small-p14_dinov2-pre_3rdparty_20230426-5641ca5a.pth 

backbone.layers.4.ln1.bias - torch.Size([384]): 
PretrainedInit: load from https://download.openmmlab.com/mmpretrain/v1.0/dinov2/vit-small-p14_dinov2-pre_3rdparty_20230426-5641ca5a.pth 

backbone.layers.4.attn.qkv.weight - torch.Size([1152, 384]): 
PretrainedInit: load from https://download.openmmlab.com/mmpretrain/v1.0/dinov2/vit-small-p14_dinov2-pre_3rdparty_20230426-5641ca5a.pth 

backbone.layers.4.attn.qkv.bias - torch.Size([1152]): 
PretrainedInit: load from https://download.openmmlab.com/mmpretrain/v1.0/dinov2/vit-small-p14_dinov2-pre_3rdparty_20230426-5641ca5a.pth 

backbone.layers.4.attn.proj.weight - torch.Size([384, 384]): 
PretrainedInit: load from https://download.openmmlab.com/mmpretrain/v1.0/dinov2/vit-small-p14_dinov2-pre_3rdparty_20230426-5641ca5a.pth 

backbone.layers.4.attn.proj.bias - torch.Size([384]): 
PretrainedInit: load from https://download.openmmlab.com/mmpretrain/v1.0/dinov2/vit-small-p14_dinov2-pre_3rdparty_20230426-5641ca5a.pth 

backbone.layers.4.attn.gamma1.weight - torch.Size([384]): 
PretrainedInit: load from https://download.openmmlab.com/mmpretrain/v1.0/dinov2/vit-small-p14_dinov2-pre_3rdparty_20230426-5641ca5a.pth 

backbone.layers.4.ln2.weight - torch.Size([384]): 
PretrainedInit: load from https://download.openmmlab.com/mmpretrain/v1.0/dinov2/vit-small-p14_dinov2-pre_3rdparty_20230426-5641ca5a.pth 

backbone.layers.4.ln2.bias - torch.Size([384]): 
PretrainedInit: load from https://download.openmmlab.com/mmpretrain/v1.0/dinov2/vit-small-p14_dinov2-pre_3rdparty_20230426-5641ca5a.pth 

backbone.layers.4.ffn.layers.0.0.weight - torch.Size([1536, 384]): 
PretrainedInit: load from https://download.openmmlab.com/mmpretrain/v1.0/dinov2/vit-small-p14_dinov2-pre_3rdparty_20230426-5641ca5a.pth 

backbone.layers.4.ffn.layers.0.0.bias - torch.Size([1536]): 
PretrainedInit: load from https://download.openmmlab.com/mmpretrain/v1.0/dinov2/vit-small-p14_dinov2-pre_3rdparty_20230426-5641ca5a.pth 

backbone.layers.4.ffn.layers.1.weight - torch.Size([384, 1536]): 
PretrainedInit: load from https://download.openmmlab.com/mmpretrain/v1.0/dinov2/vit-small-p14_dinov2-pre_3rdparty_20230426-5641ca5a.pth 

backbone.layers.4.ffn.layers.1.bias - torch.Size([384]): 
PretrainedInit: load from https://download.openmmlab.com/mmpretrain/v1.0/dinov2/vit-small-p14_dinov2-pre_3rdparty_20230426-5641ca5a.pth 

backbone.layers.4.ffn.gamma2.weight - torch.Size([384]): 
PretrainedInit: load from https://download.openmmlab.com/mmpretrain/v1.0/dinov2/vit-small-p14_dinov2-pre_3rdparty_20230426-5641ca5a.pth 

backbone.layers.5.ln1.weight - torch.Size([384]): 
PretrainedInit: load from https://download.openmmlab.com/mmpretrain/v1.0/dinov2/vit-small-p14_dinov2-pre_3rdparty_20230426-5641ca5a.pth 

backbone.layers.5.ln1.bias - torch.Size([384]): 
PretrainedInit: load from https://download.openmmlab.com/mmpretrain/v1.0/dinov2/vit-small-p14_dinov2-pre_3rdparty_20230426-5641ca5a.pth 

backbone.layers.5.attn.qkv.weight - torch.Size([1152, 384]): 
PretrainedInit: load from https://download.openmmlab.com/mmpretrain/v1.0/dinov2/vit-small-p14_dinov2-pre_3rdparty_20230426-5641ca5a.pth 

backbone.layers.5.attn.qkv.bias - torch.Size([1152]): 
PretrainedInit: load from https://download.openmmlab.com/mmpretrain/v1.0/dinov2/vit-small-p14_dinov2-pre_3rdparty_20230426-5641ca5a.pth 

backbone.layers.5.attn.proj.weight - torch.Size([384, 384]): 
PretrainedInit: load from https://download.openmmlab.com/mmpretrain/v1.0/dinov2/vit-small-p14_dinov2-pre_3rdparty_20230426-5641ca5a.pth 

backbone.layers.5.attn.proj.bias - torch.Size([384]): 
PretrainedInit: load from https://download.openmmlab.com/mmpretrain/v1.0/dinov2/vit-small-p14_dinov2-pre_3rdparty_20230426-5641ca5a.pth 

backbone.layers.5.attn.gamma1.weight - torch.Size([384]): 
PretrainedInit: load from https://download.openmmlab.com/mmpretrain/v1.0/dinov2/vit-small-p14_dinov2-pre_3rdparty_20230426-5641ca5a.pth 

backbone.layers.5.ln2.weight - torch.Size([384]): 
PretrainedInit: load from https://download.openmmlab.com/mmpretrain/v1.0/dinov2/vit-small-p14_dinov2-pre_3rdparty_20230426-5641ca5a.pth 

backbone.layers.5.ln2.bias - torch.Size([384]): 
PretrainedInit: load from https://download.openmmlab.com/mmpretrain/v1.0/dinov2/vit-small-p14_dinov2-pre_3rdparty_20230426-5641ca5a.pth 

backbone.layers.5.ffn.layers.0.0.weight - torch.Size([1536, 384]): 
PretrainedInit: load from https://download.openmmlab.com/mmpretrain/v1.0/dinov2/vit-small-p14_dinov2-pre_3rdparty_20230426-5641ca5a.pth 

backbone.layers.5.ffn.layers.0.0.bias - torch.Size([1536]): 
PretrainedInit: load from https://download.openmmlab.com/mmpretrain/v1.0/dinov2/vit-small-p14_dinov2-pre_3rdparty_20230426-5641ca5a.pth 

backbone.layers.5.ffn.layers.1.weight - torch.Size([384, 1536]): 
PretrainedInit: load from https://download.openmmlab.com/mmpretrain/v1.0/dinov2/vit-small-p14_dinov2-pre_3rdparty_20230426-5641ca5a.pth 

backbone.layers.5.ffn.layers.1.bias - torch.Size([384]): 
PretrainedInit: load from https://download.openmmlab.com/mmpretrain/v1.0/dinov2/vit-small-p14_dinov2-pre_3rdparty_20230426-5641ca5a.pth 

backbone.layers.5.ffn.gamma2.weight - torch.Size([384]): 
PretrainedInit: load from https://download.openmmlab.com/mmpretrain/v1.0/dinov2/vit-small-p14_dinov2-pre_3rdparty_20230426-5641ca5a.pth 

backbone.layers.6.ln1.weight - torch.Size([384]): 
PretrainedInit: load from https://download.openmmlab.com/mmpretrain/v1.0/dinov2/vit-small-p14_dinov2-pre_3rdparty_20230426-5641ca5a.pth 

backbone.layers.6.ln1.bias - torch.Size([384]): 
PretrainedInit: load from https://download.openmmlab.com/mmpretrain/v1.0/dinov2/vit-small-p14_dinov2-pre_3rdparty_20230426-5641ca5a.pth 

backbone.layers.6.attn.qkv.weight - torch.Size([1152, 384]): 
PretrainedInit: load from https://download.openmmlab.com/mmpretrain/v1.0/dinov2/vit-small-p14_dinov2-pre_3rdparty_20230426-5641ca5a.pth 

backbone.layers.6.attn.qkv.bias - torch.Size([1152]): 
PretrainedInit: load from https://download.openmmlab.com/mmpretrain/v1.0/dinov2/vit-small-p14_dinov2-pre_3rdparty_20230426-5641ca5a.pth 

backbone.layers.6.attn.proj.weight - torch.Size([384, 384]): 
PretrainedInit: load from https://download.openmmlab.com/mmpretrain/v1.0/dinov2/vit-small-p14_dinov2-pre_3rdparty_20230426-5641ca5a.pth 

backbone.layers.6.attn.proj.bias - torch.Size([384]): 
PretrainedInit: load from https://download.openmmlab.com/mmpretrain/v1.0/dinov2/vit-small-p14_dinov2-pre_3rdparty_20230426-5641ca5a.pth 

backbone.layers.6.attn.gamma1.weight - torch.Size([384]): 
PretrainedInit: load from https://download.openmmlab.com/mmpretrain/v1.0/dinov2/vit-small-p14_dinov2-pre_3rdparty_20230426-5641ca5a.pth 

backbone.layers.6.ln2.weight - torch.Size([384]): 
PretrainedInit: load from https://download.openmmlab.com/mmpretrain/v1.0/dinov2/vit-small-p14_dinov2-pre_3rdparty_20230426-5641ca5a.pth 

backbone.layers.6.ln2.bias - torch.Size([384]): 
PretrainedInit: load from https://download.openmmlab.com/mmpretrain/v1.0/dinov2/vit-small-p14_dinov2-pre_3rdparty_20230426-5641ca5a.pth 

backbone.layers.6.ffn.layers.0.0.weight - torch.Size([1536, 384]): 
PretrainedInit: load from https://download.openmmlab.com/mmpretrain/v1.0/dinov2/vit-small-p14_dinov2-pre_3rdparty_20230426-5641ca5a.pth 

backbone.layers.6.ffn.layers.0.0.bias - torch.Size([1536]): 
PretrainedInit: load from https://download.openmmlab.com/mmpretrain/v1.0/dinov2/vit-small-p14_dinov2-pre_3rdparty_20230426-5641ca5a.pth 

backbone.layers.6.ffn.layers.1.weight - torch.Size([384, 1536]): 
PretrainedInit: load from https://download.openmmlab.com/mmpretrain/v1.0/dinov2/vit-small-p14_dinov2-pre_3rdparty_20230426-5641ca5a.pth 

backbone.layers.6.ffn.layers.1.bias - torch.Size([384]): 
PretrainedInit: load from https://download.openmmlab.com/mmpretrain/v1.0/dinov2/vit-small-p14_dinov2-pre_3rdparty_20230426-5641ca5a.pth 

backbone.layers.6.ffn.gamma2.weight - torch.Size([384]): 
PretrainedInit: load from https://download.openmmlab.com/mmpretrain/v1.0/dinov2/vit-small-p14_dinov2-pre_3rdparty_20230426-5641ca5a.pth 

backbone.layers.7.ln1.weight - torch.Size([384]): 
PretrainedInit: load from https://download.openmmlab.com/mmpretrain/v1.0/dinov2/vit-small-p14_dinov2-pre_3rdparty_20230426-5641ca5a.pth 

backbone.layers.7.ln1.bias - torch.Size([384]): 
PretrainedInit: load from https://download.openmmlab.com/mmpretrain/v1.0/dinov2/vit-small-p14_dinov2-pre_3rdparty_20230426-5641ca5a.pth 

backbone.layers.7.attn.qkv.weight - torch.Size([1152, 384]): 
PretrainedInit: load from https://download.openmmlab.com/mmpretrain/v1.0/dinov2/vit-small-p14_dinov2-pre_3rdparty_20230426-5641ca5a.pth 

backbone.layers.7.attn.qkv.bias - torch.Size([1152]): 
PretrainedInit: load from https://download.openmmlab.com/mmpretrain/v1.0/dinov2/vit-small-p14_dinov2-pre_3rdparty_20230426-5641ca5a.pth 

backbone.layers.7.attn.proj.weight - torch.Size([384, 384]): 
PretrainedInit: load from https://download.openmmlab.com/mmpretrain/v1.0/dinov2/vit-small-p14_dinov2-pre_3rdparty_20230426-5641ca5a.pth 

backbone.layers.7.attn.proj.bias - torch.Size([384]): 
PretrainedInit: load from https://download.openmmlab.com/mmpretrain/v1.0/dinov2/vit-small-p14_dinov2-pre_3rdparty_20230426-5641ca5a.pth 

backbone.layers.7.attn.gamma1.weight - torch.Size([384]): 
PretrainedInit: load from https://download.openmmlab.com/mmpretrain/v1.0/dinov2/vit-small-p14_dinov2-pre_3rdparty_20230426-5641ca5a.pth 

backbone.layers.7.ln2.weight - torch.Size([384]): 
PretrainedInit: load from https://download.openmmlab.com/mmpretrain/v1.0/dinov2/vit-small-p14_dinov2-pre_3rdparty_20230426-5641ca5a.pth 

backbone.layers.7.ln2.bias - torch.Size([384]): 
PretrainedInit: load from https://download.openmmlab.com/mmpretrain/v1.0/dinov2/vit-small-p14_dinov2-pre_3rdparty_20230426-5641ca5a.pth 

backbone.layers.7.ffn.layers.0.0.weight - torch.Size([1536, 384]): 
PretrainedInit: load from https://download.openmmlab.com/mmpretrain/v1.0/dinov2/vit-small-p14_dinov2-pre_3rdparty_20230426-5641ca5a.pth 

backbone.layers.7.ffn.layers.0.0.bias - torch.Size([1536]): 
PretrainedInit: load from https://download.openmmlab.com/mmpretrain/v1.0/dinov2/vit-small-p14_dinov2-pre_3rdparty_20230426-5641ca5a.pth 

backbone.layers.7.ffn.layers.1.weight - torch.Size([384, 1536]): 
PretrainedInit: load from https://download.openmmlab.com/mmpretrain/v1.0/dinov2/vit-small-p14_dinov2-pre_3rdparty_20230426-5641ca5a.pth 

backbone.layers.7.ffn.layers.1.bias - torch.Size([384]): 
PretrainedInit: load from https://download.openmmlab.com/mmpretrain/v1.0/dinov2/vit-small-p14_dinov2-pre_3rdparty_20230426-5641ca5a.pth 

backbone.layers.7.ffn.gamma2.weight - torch.Size([384]): 
PretrainedInit: load from https://download.openmmlab.com/mmpretrain/v1.0/dinov2/vit-small-p14_dinov2-pre_3rdparty_20230426-5641ca5a.pth 

backbone.layers.8.ln1.weight - torch.Size([384]): 
PretrainedInit: load from https://download.openmmlab.com/mmpretrain/v1.0/dinov2/vit-small-p14_dinov2-pre_3rdparty_20230426-5641ca5a.pth 

backbone.layers.8.ln1.bias - torch.Size([384]): 
PretrainedInit: load from https://download.openmmlab.com/mmpretrain/v1.0/dinov2/vit-small-p14_dinov2-pre_3rdparty_20230426-5641ca5a.pth 

backbone.layers.8.attn.qkv.weight - torch.Size([1152, 384]): 
PretrainedInit: load from https://download.openmmlab.com/mmpretrain/v1.0/dinov2/vit-small-p14_dinov2-pre_3rdparty_20230426-5641ca5a.pth 

backbone.layers.8.attn.qkv.bias - torch.Size([1152]): 
PretrainedInit: load from https://download.openmmlab.com/mmpretrain/v1.0/dinov2/vit-small-p14_dinov2-pre_3rdparty_20230426-5641ca5a.pth 

backbone.layers.8.attn.proj.weight - torch.Size([384, 384]): 
PretrainedInit: load from https://download.openmmlab.com/mmpretrain/v1.0/dinov2/vit-small-p14_dinov2-pre_3rdparty_20230426-5641ca5a.pth 

backbone.layers.8.attn.proj.bias - torch.Size([384]): 
PretrainedInit: load from https://download.openmmlab.com/mmpretrain/v1.0/dinov2/vit-small-p14_dinov2-pre_3rdparty_20230426-5641ca5a.pth 

backbone.layers.8.attn.gamma1.weight - torch.Size([384]): 
PretrainedInit: load from https://download.openmmlab.com/mmpretrain/v1.0/dinov2/vit-small-p14_dinov2-pre_3rdparty_20230426-5641ca5a.pth 

backbone.layers.8.ln2.weight - torch.Size([384]): 
PretrainedInit: load from https://download.openmmlab.com/mmpretrain/v1.0/dinov2/vit-small-p14_dinov2-pre_3rdparty_20230426-5641ca5a.pth 

backbone.layers.8.ln2.bias - torch.Size([384]): 
PretrainedInit: load from https://download.openmmlab.com/mmpretrain/v1.0/dinov2/vit-small-p14_dinov2-pre_3rdparty_20230426-5641ca5a.pth 

backbone.layers.8.ffn.layers.0.0.weight - torch.Size([1536, 384]): 
PretrainedInit: load from https://download.openmmlab.com/mmpretrain/v1.0/dinov2/vit-small-p14_dinov2-pre_3rdparty_20230426-5641ca5a.pth 

backbone.layers.8.ffn.layers.0.0.bias - torch.Size([1536]): 
PretrainedInit: load from https://download.openmmlab.com/mmpretrain/v1.0/dinov2/vit-small-p14_dinov2-pre_3rdparty_20230426-5641ca5a.pth 

backbone.layers.8.ffn.layers.1.weight - torch.Size([384, 1536]): 
PretrainedInit: load from https://download.openmmlab.com/mmpretrain/v1.0/dinov2/vit-small-p14_dinov2-pre_3rdparty_20230426-5641ca5a.pth 

backbone.layers.8.ffn.layers.1.bias - torch.Size([384]): 
PretrainedInit: load from https://download.openmmlab.com/mmpretrain/v1.0/dinov2/vit-small-p14_dinov2-pre_3rdparty_20230426-5641ca5a.pth 

backbone.layers.8.ffn.gamma2.weight - torch.Size([384]): 
PretrainedInit: load from https://download.openmmlab.com/mmpretrain/v1.0/dinov2/vit-small-p14_dinov2-pre_3rdparty_20230426-5641ca5a.pth 

backbone.layers.9.ln1.weight - torch.Size([384]): 
PretrainedInit: load from https://download.openmmlab.com/mmpretrain/v1.0/dinov2/vit-small-p14_dinov2-pre_3rdparty_20230426-5641ca5a.pth 

backbone.layers.9.ln1.bias - torch.Size([384]): 
PretrainedInit: load from https://download.openmmlab.com/mmpretrain/v1.0/dinov2/vit-small-p14_dinov2-pre_3rdparty_20230426-5641ca5a.pth 

backbone.layers.9.attn.qkv.weight - torch.Size([1152, 384]): 
PretrainedInit: load from https://download.openmmlab.com/mmpretrain/v1.0/dinov2/vit-small-p14_dinov2-pre_3rdparty_20230426-5641ca5a.pth 

backbone.layers.9.attn.qkv.bias - torch.Size([1152]): 
PretrainedInit: load from https://download.openmmlab.com/mmpretrain/v1.0/dinov2/vit-small-p14_dinov2-pre_3rdparty_20230426-5641ca5a.pth 

backbone.layers.9.attn.proj.weight - torch.Size([384, 384]): 
PretrainedInit: load from https://download.openmmlab.com/mmpretrain/v1.0/dinov2/vit-small-p14_dinov2-pre_3rdparty_20230426-5641ca5a.pth 

backbone.layers.9.attn.proj.bias - torch.Size([384]): 
PretrainedInit: load from https://download.openmmlab.com/mmpretrain/v1.0/dinov2/vit-small-p14_dinov2-pre_3rdparty_20230426-5641ca5a.pth 

backbone.layers.9.attn.gamma1.weight - torch.Size([384]): 
PretrainedInit: load from https://download.openmmlab.com/mmpretrain/v1.0/dinov2/vit-small-p14_dinov2-pre_3rdparty_20230426-5641ca5a.pth 

backbone.layers.9.ln2.weight - torch.Size([384]): 
PretrainedInit: load from https://download.openmmlab.com/mmpretrain/v1.0/dinov2/vit-small-p14_dinov2-pre_3rdparty_20230426-5641ca5a.pth 

backbone.layers.9.ln2.bias - torch.Size([384]): 
PretrainedInit: load from https://download.openmmlab.com/mmpretrain/v1.0/dinov2/vit-small-p14_dinov2-pre_3rdparty_20230426-5641ca5a.pth 

backbone.layers.9.ffn.layers.0.0.weight - torch.Size([1536, 384]): 
PretrainedInit: load from https://download.openmmlab.com/mmpretrain/v1.0/dinov2/vit-small-p14_dinov2-pre_3rdparty_20230426-5641ca5a.pth 

backbone.layers.9.ffn.layers.0.0.bias - torch.Size([1536]): 
PretrainedInit: load from https://download.openmmlab.com/mmpretrain/v1.0/dinov2/vit-small-p14_dinov2-pre_3rdparty_20230426-5641ca5a.pth 

backbone.layers.9.ffn.layers.1.weight - torch.Size([384, 1536]): 
PretrainedInit: load from https://download.openmmlab.com/mmpretrain/v1.0/dinov2/vit-small-p14_dinov2-pre_3rdparty_20230426-5641ca5a.pth 

backbone.layers.9.ffn.layers.1.bias - torch.Size([384]): 
PretrainedInit: load from https://download.openmmlab.com/mmpretrain/v1.0/dinov2/vit-small-p14_dinov2-pre_3rdparty_20230426-5641ca5a.pth 

backbone.layers.9.ffn.gamma2.weight - torch.Size([384]): 
PretrainedInit: load from https://download.openmmlab.com/mmpretrain/v1.0/dinov2/vit-small-p14_dinov2-pre_3rdparty_20230426-5641ca5a.pth 

backbone.layers.10.ln1.weight - torch.Size([384]): 
PretrainedInit: load from https://download.openmmlab.com/mmpretrain/v1.0/dinov2/vit-small-p14_dinov2-pre_3rdparty_20230426-5641ca5a.pth 

backbone.layers.10.ln1.bias - torch.Size([384]): 
PretrainedInit: load from https://download.openmmlab.com/mmpretrain/v1.0/dinov2/vit-small-p14_dinov2-pre_3rdparty_20230426-5641ca5a.pth 

backbone.layers.10.attn.qkv.weight - torch.Size([1152, 384]): 
PretrainedInit: load from https://download.openmmlab.com/mmpretrain/v1.0/dinov2/vit-small-p14_dinov2-pre_3rdparty_20230426-5641ca5a.pth 

backbone.layers.10.attn.qkv.bias - torch.Size([1152]): 
PretrainedInit: load from https://download.openmmlab.com/mmpretrain/v1.0/dinov2/vit-small-p14_dinov2-pre_3rdparty_20230426-5641ca5a.pth 

backbone.layers.10.attn.proj.weight - torch.Size([384, 384]): 
PretrainedInit: load from https://download.openmmlab.com/mmpretrain/v1.0/dinov2/vit-small-p14_dinov2-pre_3rdparty_20230426-5641ca5a.pth 

backbone.layers.10.attn.proj.bias - torch.Size([384]): 
PretrainedInit: load from https://download.openmmlab.com/mmpretrain/v1.0/dinov2/vit-small-p14_dinov2-pre_3rdparty_20230426-5641ca5a.pth 

backbone.layers.10.attn.gamma1.weight - torch.Size([384]): 
PretrainedInit: load from https://download.openmmlab.com/mmpretrain/v1.0/dinov2/vit-small-p14_dinov2-pre_3rdparty_20230426-5641ca5a.pth 

backbone.layers.10.ln2.weight - torch.Size([384]): 
PretrainedInit: load from https://download.openmmlab.com/mmpretrain/v1.0/dinov2/vit-small-p14_dinov2-pre_3rdparty_20230426-5641ca5a.pth 

backbone.layers.10.ln2.bias - torch.Size([384]): 
PretrainedInit: load from https://download.openmmlab.com/mmpretrain/v1.0/dinov2/vit-small-p14_dinov2-pre_3rdparty_20230426-5641ca5a.pth 

backbone.layers.10.ffn.layers.0.0.weight - torch.Size([1536, 384]): 
PretrainedInit: load from https://download.openmmlab.com/mmpretrain/v1.0/dinov2/vit-small-p14_dinov2-pre_3rdparty_20230426-5641ca5a.pth 

backbone.layers.10.ffn.layers.0.0.bias - torch.Size([1536]): 
PretrainedInit: load from https://download.openmmlab.com/mmpretrain/v1.0/dinov2/vit-small-p14_dinov2-pre_3rdparty_20230426-5641ca5a.pth 

backbone.layers.10.ffn.layers.1.weight - torch.Size([384, 1536]): 
PretrainedInit: load from https://download.openmmlab.com/mmpretrain/v1.0/dinov2/vit-small-p14_dinov2-pre_3rdparty_20230426-5641ca5a.pth 

backbone.layers.10.ffn.layers.1.bias - torch.Size([384]): 
PretrainedInit: load from https://download.openmmlab.com/mmpretrain/v1.0/dinov2/vit-small-p14_dinov2-pre_3rdparty_20230426-5641ca5a.pth 

backbone.layers.10.ffn.gamma2.weight - torch.Size([384]): 
PretrainedInit: load from https://download.openmmlab.com/mmpretrain/v1.0/dinov2/vit-small-p14_dinov2-pre_3rdparty_20230426-5641ca5a.pth 

backbone.layers.11.ln1.weight - torch.Size([384]): 
PretrainedInit: load from https://download.openmmlab.com/mmpretrain/v1.0/dinov2/vit-small-p14_dinov2-pre_3rdparty_20230426-5641ca5a.pth 

backbone.layers.11.ln1.bias - torch.Size([384]): 
PretrainedInit: load from https://download.openmmlab.com/mmpretrain/v1.0/dinov2/vit-small-p14_dinov2-pre_3rdparty_20230426-5641ca5a.pth 

backbone.layers.11.attn.qkv.weight - torch.Size([1152, 384]): 
PretrainedInit: load from https://download.openmmlab.com/mmpretrain/v1.0/dinov2/vit-small-p14_dinov2-pre_3rdparty_20230426-5641ca5a.pth 

backbone.layers.11.attn.qkv.bias - torch.Size([1152]): 
PretrainedInit: load from https://download.openmmlab.com/mmpretrain/v1.0/dinov2/vit-small-p14_dinov2-pre_3rdparty_20230426-5641ca5a.pth 

backbone.layers.11.attn.proj.weight - torch.Size([384, 384]): 
PretrainedInit: load from https://download.openmmlab.com/mmpretrain/v1.0/dinov2/vit-small-p14_dinov2-pre_3rdparty_20230426-5641ca5a.pth 

backbone.layers.11.attn.proj.bias - torch.Size([384]): 
PretrainedInit: load from https://download.openmmlab.com/mmpretrain/v1.0/dinov2/vit-small-p14_dinov2-pre_3rdparty_20230426-5641ca5a.pth 

backbone.layers.11.attn.gamma1.weight - torch.Size([384]): 
PretrainedInit: load from https://download.openmmlab.com/mmpretrain/v1.0/dinov2/vit-small-p14_dinov2-pre_3rdparty_20230426-5641ca5a.pth 

backbone.layers.11.ln2.weight - torch.Size([384]): 
PretrainedInit: load from https://download.openmmlab.com/mmpretrain/v1.0/dinov2/vit-small-p14_dinov2-pre_3rdparty_20230426-5641ca5a.pth 

backbone.layers.11.ln2.bias - torch.Size([384]): 
PretrainedInit: load from https://download.openmmlab.com/mmpretrain/v1.0/dinov2/vit-small-p14_dinov2-pre_3rdparty_20230426-5641ca5a.pth 

backbone.layers.11.ffn.layers.0.0.weight - torch.Size([1536, 384]): 
PretrainedInit: load from https://download.openmmlab.com/mmpretrain/v1.0/dinov2/vit-small-p14_dinov2-pre_3rdparty_20230426-5641ca5a.pth 

backbone.layers.11.ffn.layers.0.0.bias - torch.Size([1536]): 
PretrainedInit: load from https://download.openmmlab.com/mmpretrain/v1.0/dinov2/vit-small-p14_dinov2-pre_3rdparty_20230426-5641ca5a.pth 

backbone.layers.11.ffn.layers.1.weight - torch.Size([384, 1536]): 
PretrainedInit: load from https://download.openmmlab.com/mmpretrain/v1.0/dinov2/vit-small-p14_dinov2-pre_3rdparty_20230426-5641ca5a.pth 

backbone.layers.11.ffn.layers.1.bias - torch.Size([384]): 
PretrainedInit: load from https://download.openmmlab.com/mmpretrain/v1.0/dinov2/vit-small-p14_dinov2-pre_3rdparty_20230426-5641ca5a.pth 

backbone.layers.11.ffn.gamma2.weight - torch.Size([384]): 
PretrainedInit: load from https://download.openmmlab.com/mmpretrain/v1.0/dinov2/vit-small-p14_dinov2-pre_3rdparty_20230426-5641ca5a.pth 

backbone.ln1.weight - torch.Size([384]): 
PretrainedInit: load from https://download.openmmlab.com/mmpretrain/v1.0/dinov2/vit-small-p14_dinov2-pre_3rdparty_20230426-5641ca5a.pth 

backbone.ln1.bias - torch.Size([384]): 
PretrainedInit: load from https://download.openmmlab.com/mmpretrain/v1.0/dinov2/vit-small-p14_dinov2-pre_3rdparty_20230426-5641ca5a.pth 

head.layers.head.weight - torch.Size([7806, 384]): 
PretrainedInit: load from /mnt/data/saved/20240822_081104_leafcaw_small.pth 

head.layers.head.bias - torch.Size([7806]): 
PretrainedInit: load from /mnt/data/saved/20240822_081104_leafcaw_small.pth 
2024/08/22 17:24:27 - mmengine - WARNING - "FileClient" will be deprecated in future. Please use io functions in https://mmengine.readthedocs.io/en/latest/api/fileio.html#file-io
2024/08/22 17:24:27 - mmengine - WARNING - "HardDiskBackend" is the alias of "LocalBackend" and the former will be deprecated in future.
2024/08/22 17:24:27 - mmengine - INFO - Checkpoints will be saved to /root/weed-detection/work_dirs/finetune.
2024/08/22 17:25:26 - mmengine - INFO - Epoch(train)  [1][ 100/2952]  base_lr: 1.0000e-05 lr: 1.0000e-05  eta: 4:47:11  time: 0.5504  data_time: 0.0012  memory: 32812  loss: 1.2589
2024/08/22 17:26:19 - mmengine - INFO - Epoch(train)  [1][ 200/2952]  base_lr: 1.0000e-05 lr: 1.0000e-05  eta: 4:33:24  time: 0.5332  data_time: 0.0011  memory: 32812  loss: 1.2821
2024/08/22 17:27:13 - mmengine - INFO - Epoch(train)  [1][ 300/2952]  base_lr: 1.0000e-05 lr: 1.0000e-05  eta: 4:28:14  time: 0.5327  data_time: 0.0011  memory: 32812  loss: 1.3371
2024/08/22 17:28:06 - mmengine - INFO - Epoch(train)  [1][ 400/2952]  base_lr: 1.0000e-05 lr: 1.0000e-05  eta: 4:25:12  time: 0.5326  data_time: 0.0011  memory: 32812  loss: 1.2889
2024/08/22 17:28:59 - mmengine - INFO - Epoch(train)  [1][ 500/2952]  base_lr: 1.0000e-05 lr: 1.0000e-05  eta: 4:22:59  time: 0.5332  data_time: 0.0012  memory: 32812  loss: 1.2153
2024/08/22 17:29:53 - mmengine - INFO - Epoch(train)  [1][ 600/2952]  base_lr: 1.0000e-05 lr: 1.0000e-05  eta: 4:21:27  time: 0.5317  data_time: 0.0012  memory: 32812  loss: 1.2785
2024/08/22 17:30:46 - mmengine - INFO - Epoch(train)  [1][ 700/2952]  base_lr: 1.0000e-05 lr: 1.0000e-05  eta: 4:20:02  time: 0.5376  data_time: 0.0013  memory: 32812  loss: 1.2017
2024/08/22 17:31:41 - mmengine - INFO - Epoch(train)  [1][ 800/2952]  base_lr: 1.0000e-05 lr: 1.0000e-05  eta: 4:19:26  time: 0.5495  data_time: 0.0016  memory: 32812  loss: 1.1654
2024/08/22 17:32:35 - mmengine - INFO - Epoch(train)  [1][ 900/2952]  base_lr: 1.0000e-05 lr: 1.0000e-05  eta: 4:18:34  time: 0.5365  data_time: 0.0013  memory: 32812  loss: 1.2201
2024/08/22 17:33:29 - mmengine - INFO - Exp name: finetune_20240822_172420
2024/08/22 17:33:29 - mmengine - INFO - Epoch(train)  [1][1000/2952]  base_lr: 1.0000e-05 lr: 1.0000e-05  eta: 4:17:17  time: 0.5340  data_time: 0.0012  memory: 32812  loss: 1.2375
2024/08/22 17:34:22 - mmengine - INFO - Epoch(train)  [1][1100/2952]  base_lr: 1.0000e-05 lr: 1.0000e-05  eta: 4:16:12  time: 0.5337  data_time: 0.0013  memory: 32812  loss: 1.2665
2024/08/22 17:35:16 - mmengine - INFO - Epoch(train)  [1][1200/2952]  base_lr: 1.0000e-05 lr: 1.0000e-05  eta: 4:15:08  time: 0.5332  data_time: 0.0012  memory: 32812  loss: 1.1839
2024/08/22 17:36:10 - mmengine - INFO - Epoch(train)  [1][1300/2952]  base_lr: 1.0000e-05 lr: 1.0000e-05  eta: 4:14:06  time: 0.5376  data_time: 0.0013  memory: 32812  loss: 1.0908
2024/08/22 17:37:03 - mmengine - INFO - Epoch(train)  [1][1400/2952]  base_lr: 1.0000e-05 lr: 1.0000e-05  eta: 4:12:59  time: 0.5340  data_time: 0.0012  memory: 32812  loss: 1.0788
2024/08/22 17:37:57 - mmengine - INFO - Epoch(train)  [1][1500/2952]  base_lr: 1.0000e-05 lr: 1.0000e-05  eta: 4:11:57  time: 0.5380  data_time: 0.0012  memory: 32812  loss: 1.2306
2024/08/22 17:38:50 - mmengine - INFO - Epoch(train)  [1][1600/2952]  base_lr: 1.0000e-05 lr: 1.0000e-05  eta: 4:10:55  time: 0.5388  data_time: 0.0013  memory: 32812  loss: 1.1924
2024/08/22 17:39:44 - mmengine - INFO - Epoch(train)  [1][1700/2952]  base_lr: 1.0000e-05 lr: 1.0000e-05  eta: 4:09:55  time: 0.5335  data_time: 0.0011  memory: 32812  loss: 1.1600
2024/08/22 17:40:37 - mmengine - INFO - Epoch(train)  [1][1800/2952]  base_lr: 1.0000e-05 lr: 1.0000e-05  eta: 4:08:54  time: 0.5369  data_time: 0.0012  memory: 32812  loss: 1.1086
2024/08/22 17:41:31 - mmengine - INFO - Epoch(train)  [1][1900/2952]  base_lr: 1.0000e-05 lr: 1.0000e-05  eta: 4:07:55  time: 0.5317  data_time: 0.0012  memory: 32812  loss: 1.1559
2024/08/22 17:42:24 - mmengine - INFO - Exp name: finetune_20240822_172420
2024/08/22 17:42:24 - mmengine - INFO - Epoch(train)  [1][2000/2952]  base_lr: 1.0000e-05 lr: 1.0000e-05  eta: 4:06:57  time: 0.5325  data_time: 0.0013  memory: 32812  loss: 1.1144
2024/08/22 17:43:18 - mmengine - INFO - Epoch(train)  [1][2100/2952]  base_lr: 1.0000e-05 lr: 1.0000e-05  eta: 4:05:57  time: 0.5327  data_time: 0.0012  memory: 32812  loss: 1.2414
2024/08/22 17:44:11 - mmengine - INFO - Epoch(train)  [1][2200/2952]  base_lr: 1.0000e-05 lr: 1.0000e-05  eta: 4:05:01  time: 0.5368  data_time: 0.0014  memory: 32812  loss: 1.1290
2024/08/22 17:45:05 - mmengine - INFO - Epoch(train)  [1][2300/2952]  base_lr: 1.0000e-05 lr: 1.0000e-05  eta: 4:04:03  time: 0.5382  data_time: 0.0013  memory: 32812  loss: 1.0849
2024/08/22 17:45:58 - mmengine - INFO - Epoch(train)  [1][2400/2952]  base_lr: 1.0000e-05 lr: 1.0000e-05  eta: 4:03:08  time: 0.5384  data_time: 0.0013  memory: 32812  loss: 1.2086
2024/08/22 17:46:52 - mmengine - INFO - Epoch(train)  [1][2500/2952]  base_lr: 1.0000e-05 lr: 1.0000e-05  eta: 4:02:11  time: 0.5335  data_time: 0.0011  memory: 32812  loss: 1.1351
2024/08/22 17:47:46 - mmengine - INFO - Epoch(train)  [1][2600/2952]  base_lr: 1.0000e-05 lr: 1.0000e-05  eta: 4:01:16  time: 0.5337  data_time: 0.0012  memory: 32812  loss: 1.1525
2024/08/22 17:48:40 - mmengine - INFO - Epoch(train)  [1][2700/2952]  base_lr: 1.0000e-05 lr: 1.0000e-05  eta: 4:00:24  time: 0.5377  data_time: 0.0016  memory: 32812  loss: 1.1238
2024/08/22 17:49:34 - mmengine - INFO - Epoch(train)  [1][2800/2952]  base_lr: 1.0000e-05 lr: 1.0000e-05  eta: 3:59:32  time: 0.5485  data_time: 0.0016  memory: 32812  loss: 1.0720
2024/08/22 17:50:27 - mmengine - INFO - Epoch(train)  [1][2900/2952]  base_lr: 1.0000e-05 lr: 1.0000e-05  eta: 3:58:39  time: 0.5378  data_time: 0.0012  memory: 32812  loss: 1.2125
2024/08/22 17:50:55 - mmengine - INFO - Exp name: finetune_20240822_172420
2024/08/22 17:50:55 - mmengine - INFO - Saving checkpoint at 1 epochs
2024/08/22 17:52:13 - mmengine - INFO - Epoch(val)  [1][100/146]    eta: 0:00:35  time: 0.7018  data_time: 0.0007  memory: 32812  
2024/08/22 17:52:47 - mmengine - INFO - Epoch(val) [1][146/146]    accuracy/top1: 67.2270  accuracy/top5: 85.9552  single-label/precision: 15.5935  single-label/recall: 14.1815  single-label/f1-score: 13.8912  data_time: 0.0511  time: 0.7499
2024/08/22 17:53:16 - mmengine - INFO - Exp name: finetune_20240822_172420
2024/08/22 17:53:44 - mmengine - INFO - Epoch(train)  [2][ 100/2952]  base_lr: 9.9384e-06 lr: 9.9384e-06  eta: 3:57:40  time: 0.5344  data_time: 0.0012  memory: 32812  loss: 0.9471
2024/08/22 17:54:37 - mmengine - INFO - Epoch(train)  [2][ 200/2952]  base_lr: 9.9384e-06 lr: 9.9384e-06  eta: 3:56:44  time: 0.5399  data_time: 0.0013  memory: 32812  loss: 0.9282
2024/08/22 17:55:31 - mmengine - INFO - Epoch(train)  [2][ 300/2952]  base_lr: 9.9384e-06 lr: 9.9384e-06  eta: 3:55:49  time: 0.5358  data_time: 0.0012  memory: 32812  loss: 1.0285
2024/08/22 17:56:25 - mmengine - INFO - Epoch(train)  [2][ 400/2952]  base_lr: 9.9384e-06 lr: 9.9384e-06  eta: 3:54:53  time: 0.5372  data_time: 0.0013  memory: 32812  loss: 0.8871
2024/08/22 17:57:19 - mmengine - INFO - Epoch(train)  [2][ 500/2952]  base_lr: 9.9384e-06 lr: 9.9384e-06  eta: 3:53:59  time: 0.5359  data_time: 0.0013  memory: 32812  loss: 0.9785
2024/08/22 17:58:12 - mmengine - INFO - Epoch(train)  [2][ 600/2952]  base_lr: 9.9384e-06 lr: 9.9384e-06  eta: 3:53:05  time: 0.5360  data_time: 0.0012  memory: 32812  loss: 0.9103
2024/08/22 17:59:06 - mmengine - INFO - Epoch(train)  [2][ 700/2952]  base_lr: 9.9384e-06 lr: 9.9384e-06  eta: 3:52:11  time: 0.5497  data_time: 0.0013  memory: 32812  loss: 0.9313
2024/08/22 18:00:00 - mmengine - INFO - Epoch(train)  [2][ 800/2952]  base_lr: 9.9384e-06 lr: 9.9384e-06  eta: 3:51:16  time: 0.5374  data_time: 0.0012  memory: 32812  loss: 0.9641
2024/08/22 18:00:54 - mmengine - INFO - Epoch(train)  [2][ 900/2952]  base_lr: 9.9384e-06 lr: 9.9384e-06  eta: 3:50:21  time: 0.5346  data_time: 0.0012  memory: 32812  loss: 0.9716
2024/08/22 18:01:47 - mmengine - INFO - Epoch(train)  [2][1000/2952]  base_lr: 9.9384e-06 lr: 9.9384e-06  eta: 3:49:26  time: 0.5368  data_time: 0.0013  memory: 32812  loss: 0.9894
2024/08/22 18:02:13 - mmengine - INFO - Exp name: finetune_20240822_172420
2024/08/22 18:02:41 - mmengine - INFO - Epoch(train)  [2][1100/2952]  base_lr: 9.9384e-06 lr: 9.9384e-06  eta: 3:48:32  time: 0.5361  data_time: 0.0012  memory: 32812  loss: 1.0131
2024/08/22 18:03:35 - mmengine - INFO - Epoch(train)  [2][1200/2952]  base_lr: 9.9384e-06 lr: 9.9384e-06  eta: 3:47:37  time: 0.5348  data_time: 0.0010  memory: 32812  loss: 0.9428
2024/08/22 18:04:29 - mmengine - INFO - Epoch(train)  [2][1300/2952]  base_lr: 9.9384e-06 lr: 9.9384e-06  eta: 3:46:43  time: 0.5356  data_time: 0.0012  memory: 32812  loss: 1.0252
2024/08/22 18:05:22 - mmengine - INFO - Epoch(train)  [2][1400/2952]  base_lr: 9.9384e-06 lr: 9.9384e-06  eta: 3:45:48  time: 0.5358  data_time: 0.0011  memory: 32812  loss: 0.8973
2024/08/22 18:06:16 - mmengine - INFO - Epoch(train)  [2][1500/2952]  base_lr: 9.9384e-06 lr: 9.9384e-06  eta: 3:44:52  time: 0.5371  data_time: 0.0012  memory: 32812  loss: 0.9429
2024/08/22 18:07:10 - mmengine - INFO - Epoch(train)  [2][1600/2952]  base_lr: 9.9384e-06 lr: 9.9384e-06  eta: 3:43:59  time: 0.5349  data_time: 0.0012  memory: 32812  loss: 0.9362
2024/08/22 18:08:03 - mmengine - INFO - Epoch(train)  [2][1700/2952]  base_lr: 9.9384e-06 lr: 9.9384e-06  eta: 3:43:04  time: 0.5361  data_time: 0.0012  memory: 32812  loss: 0.9305
2024/08/22 18:08:57 - mmengine - INFO - Epoch(train)  [2][1800/2952]  base_lr: 9.9384e-06 lr: 9.9384e-06  eta: 3:42:10  time: 0.5368  data_time: 0.0013  memory: 32812  loss: 0.9853
2024/08/22 18:09:51 - mmengine - INFO - Epoch(train)  [2][1900/2952]  base_lr: 9.9384e-06 lr: 9.9384e-06  eta: 3:41:16  time: 0.5439  data_time: 0.0014  memory: 32812  loss: 0.9915
2024/08/22 18:10:45 - mmengine - INFO - Epoch(train)  [2][2000/2952]  base_lr: 9.9384e-06 lr: 9.9384e-06  eta: 3:40:23  time: 0.5497  data_time: 0.0015  memory: 32812  loss: 0.9069
2024/08/22 18:11:11 - mmengine - INFO - Exp name: finetune_20240822_172420
2024/08/22 18:11:40 - mmengine - INFO - Epoch(train)  [2][2100/2952]  base_lr: 9.9384e-06 lr: 9.9384e-06  eta: 3:39:36  time: 0.5491  data_time: 0.0015  memory: 32812  loss: 1.0030
2024/08/22 18:12:34 - mmengine - INFO - Epoch(train)  [2][2200/2952]  base_lr: 9.9384e-06 lr: 9.9384e-06  eta: 3:38:42  time: 0.5350  data_time: 0.0011  memory: 32812  loss: 0.9949
2024/08/22 18:13:28 - mmengine - INFO - Epoch(train)  [2][2300/2952]  base_lr: 9.9384e-06 lr: 9.9384e-06  eta: 3:37:47  time: 0.5374  data_time: 0.0013  memory: 32812  loss: 1.0255
2024/08/22 18:14:22 - mmengine - INFO - Epoch(train)  [2][2400/2952]  base_lr: 9.9384e-06 lr: 9.9384e-06  eta: 3:36:54  time: 0.5460  data_time: 0.0012  memory: 32812  loss: 1.0260
2024/08/22 18:15:15 - mmengine - INFO - Epoch(train)  [2][2500/2952]  base_lr: 9.9384e-06 lr: 9.9384e-06  eta: 3:35:59  time: 0.5363  data_time: 0.0012  memory: 32812  loss: 0.9216
2024/08/22 18:16:09 - mmengine - INFO - Epoch(train)  [2][2600/2952]  base_lr: 9.9384e-06 lr: 9.9384e-06  eta: 3:35:05  time: 0.5387  data_time: 0.0012  memory: 32812  loss: 1.0040
2024/08/22 18:17:03 - mmengine - INFO - Epoch(train)  [2][2700/2952]  base_lr: 9.9384e-06 lr: 9.9384e-06  eta: 3:34:11  time: 0.5396  data_time: 0.0013  memory: 32812  loss: 0.9939
2024/08/22 18:17:57 - mmengine - INFO - Epoch(train)  [2][2800/2952]  base_lr: 9.9384e-06 lr: 9.9384e-06  eta: 3:33:17  time: 0.5412  data_time: 0.0013  memory: 32812  loss: 0.9614
2024/08/22 18:18:50 - mmengine - INFO - Epoch(train)  [2][2900/2952]  base_lr: 9.9384e-06 lr: 9.9384e-06  eta: 3:32:23  time: 0.5391  data_time: 0.0012  memory: 32812  loss: 1.0090
2024/08/22 18:19:18 - mmengine - INFO - Exp name: finetune_20240822_172420
2024/08/22 18:19:18 - mmengine - INFO - Saving checkpoint at 2 epochs
2024/08/22 18:20:31 - mmengine - INFO - Epoch(val)  [2][100/146]    eta: 0:00:33  time: 0.6976  data_time: 0.0010  memory: 32812  
2024/08/22 18:21:04 - mmengine - INFO - Epoch(val) [2][146/146]    accuracy/top1: 68.6342  accuracy/top5: 86.8736  single-label/precision: 16.1919  single-label/recall: 14.7232  single-label/f1-score: 14.4408  data_time: 0.0142  time: 0.7075
2024/08/22 18:21:58 - mmengine - INFO - Exp name: finetune_20240822_172420
2024/08/22 18:22:00 - mmengine - INFO - Epoch(train)  [3][ 100/2952]  base_lr: 9.7553e-06 lr: 9.7553e-06  eta: 3:31:07  time: 0.5342  data_time: 0.0012  memory: 32812  loss: 0.8137
2024/08/22 18:22:53 - mmengine - INFO - Epoch(train)  [3][ 200/2952]  base_lr: 9.7553e-06 lr: 9.7553e-06  eta: 3:30:11  time: 0.5305  data_time: 0.0011  memory: 32812  loss: 0.7965
2024/08/22 18:23:47 - mmengine - INFO - Epoch(train)  [3][ 300/2952]  base_lr: 9.7553e-06 lr: 9.7553e-06  eta: 3:29:16  time: 0.5339  data_time: 0.0012  memory: 32812  loss: 0.7662
2024/08/22 18:24:40 - mmengine - INFO - Epoch(train)  [3][ 400/2952]  base_lr: 9.7553e-06 lr: 9.7553e-06  eta: 3:28:20  time: 0.5403  data_time: 0.0012  memory: 32812  loss: 0.7424
2024/08/22 18:25:34 - mmengine - INFO - Epoch(train)  [3][ 500/2952]  base_lr: 9.7553e-06 lr: 9.7553e-06  eta: 3:27:27  time: 0.5394  data_time: 0.0012  memory: 32812  loss: 0.8746
2024/08/22 18:26:28 - mmengine - INFO - Epoch(train)  [3][ 600/2952]  base_lr: 9.7553e-06 lr: 9.7553e-06  eta: 3:26:33  time: 0.5387  data_time: 0.0012  memory: 32812  loss: 0.8347
2024/08/22 18:27:22 - mmengine - INFO - Epoch(train)  [3][ 700/2952]  base_lr: 9.7553e-06 lr: 9.7553e-06  eta: 3:25:39  time: 0.5394  data_time: 0.0012  memory: 32812  loss: 0.7742
2024/08/22 18:28:15 - mmengine - INFO - Epoch(train)  [3][ 800/2952]  base_lr: 9.7553e-06 lr: 9.7553e-06  eta: 3:24:44  time: 0.5346  data_time: 0.0011  memory: 32812  loss: 0.8166
2024/08/22 18:29:09 - mmengine - INFO - Epoch(train)  [3][ 900/2952]  base_lr: 9.7553e-06 lr: 9.7553e-06  eta: 3:23:51  time: 0.5350  data_time: 0.0011  memory: 32812  loss: 0.8020
2024/08/22 18:30:03 - mmengine - INFO - Epoch(train)  [3][1000/2952]  base_lr: 9.7553e-06 lr: 9.7553e-06  eta: 3:22:57  time: 0.5372  data_time: 0.0011  memory: 32812  loss: 0.8283
2024/08/22 18:30:55 - mmengine - INFO - Exp name: finetune_20240822_172420
2024/08/22 18:30:57 - mmengine - INFO - Epoch(train)  [3][1100/2952]  base_lr: 9.7553e-06 lr: 9.7553e-06  eta: 3:22:03  time: 0.5365  data_time: 0.0012  memory: 32812  loss: 0.7735
2024/08/22 18:31:51 - mmengine - INFO - Epoch(train)  [3][1200/2952]  base_lr: 9.7553e-06 lr: 9.7553e-06  eta: 3:21:09  time: 0.5385  data_time: 0.0012  memory: 32812  loss: 0.7399
2024/08/22 18:32:45 - mmengine - INFO - Epoch(train)  [3][1300/2952]  base_lr: 9.7553e-06 lr: 9.7553e-06  eta: 3:20:15  time: 0.5366  data_time: 0.0012  memory: 32812  loss: 0.8293
2024/08/22 18:33:38 - mmengine - INFO - Epoch(train)  [3][1400/2952]  base_lr: 9.7553e-06 lr: 9.7553e-06  eta: 3:19:21  time: 0.5360  data_time: 0.0011  memory: 32812  loss: 0.8767
2024/08/22 18:34:32 - mmengine - INFO - Epoch(train)  [3][1500/2952]  base_lr: 9.7553e-06 lr: 9.7553e-06  eta: 3:18:27  time: 0.5344  data_time: 0.0011  memory: 32812  loss: 0.8178
2024/08/22 18:35:26 - mmengine - INFO - Epoch(train)  [3][1600/2952]  base_lr: 9.7553e-06 lr: 9.7553e-06  eta: 3:17:32  time: 0.5360  data_time: 0.0012  memory: 32812  loss: 0.8553
2024/08/22 18:36:20 - mmengine - INFO - Epoch(train)  [3][1700/2952]  base_lr: 9.7553e-06 lr: 9.7553e-06  eta: 3:16:39  time: 0.5364  data_time: 0.0011  memory: 32812  loss: 0.7865
2024/08/22 18:37:13 - mmengine - INFO - Epoch(train)  [3][1800/2952]  base_lr: 9.7553e-06 lr: 9.7553e-06  eta: 3:15:44  time: 0.5363  data_time: 0.0011  memory: 32812  loss: 0.7674
2024/08/22 18:38:07 - mmengine - INFO - Epoch(train)  [3][1900/2952]  base_lr: 9.7553e-06 lr: 9.7553e-06  eta: 3:14:51  time: 0.5386  data_time: 0.0012  memory: 32812  loss: 0.8414
2024/08/22 18:39:01 - mmengine - INFO - Epoch(train)  [3][2000/2952]  base_lr: 9.7553e-06 lr: 9.7553e-06  eta: 3:13:57  time: 0.5386  data_time: 0.0012  memory: 32812  loss: 0.8876
2024/08/22 18:39:54 - mmengine - INFO - Exp name: finetune_20240822_172420
2024/08/22 18:39:56 - mmengine - INFO - Epoch(train)  [3][2100/2952]  base_lr: 9.7553e-06 lr: 9.7553e-06  eta: 3:13:05  time: 0.5495  data_time: 0.0015  memory: 32812  loss: 0.8432
2024/08/22 18:40:51 - mmengine - INFO - Epoch(train)  [3][2200/2952]  base_lr: 9.7553e-06 lr: 9.7553e-06  eta: 3:12:15  time: 0.5483  data_time: 0.0015  memory: 32812  loss: 0.8345
2024/08/22 18:41:45 - mmengine - INFO - Epoch(train)  [3][2300/2952]  base_lr: 9.7553e-06 lr: 9.7553e-06  eta: 3:11:21  time: 0.5412  data_time: 0.0013  memory: 32812  loss: 0.8293
2024/08/22 18:42:39 - mmengine - INFO - Epoch(train)  [3][2400/2952]  base_lr: 9.7553e-06 lr: 9.7553e-06  eta: 3:10:27  time: 0.5375  data_time: 0.0012  memory: 32812  loss: 0.8404
2024/08/22 18:43:33 - mmengine - INFO - Epoch(train)  [3][2500/2952]  base_lr: 9.7553e-06 lr: 9.7553e-06  eta: 3:09:34  time: 0.5496  data_time: 0.0016  memory: 32812  loss: 0.8424
2024/08/22 18:44:28 - mmengine - INFO - Epoch(train)  [3][2600/2952]  base_lr: 9.7553e-06 lr: 9.7553e-06  eta: 3:08:42  time: 0.5392  data_time: 0.0013  memory: 32812  loss: 0.8133
2024/08/22 18:45:22 - mmengine - INFO - Epoch(train)  [3][2700/2952]  base_lr: 9.7553e-06 lr: 9.7553e-06  eta: 3:07:49  time: 0.5356  data_time: 0.0011  memory: 32812  loss: 0.8352
2024/08/22 18:46:15 - mmengine - INFO - Epoch(train)  [3][2800/2952]  base_lr: 9.7553e-06 lr: 9.7553e-06  eta: 3:06:54  time: 0.5339  data_time: 0.0010  memory: 32812  loss: 0.8773
2024/08/22 18:47:09 - mmengine - INFO - Epoch(train)  [3][2900/2952]  base_lr: 9.7553e-06 lr: 9.7553e-06  eta: 3:05:59  time: 0.5321  data_time: 0.0011  memory: 32812  loss: 0.7948
2024/08/22 18:47:36 - mmengine - INFO - Exp name: finetune_20240822_172420
2024/08/22 18:47:36 - mmengine - INFO - Saving checkpoint at 3 epochs
2024/08/22 18:48:49 - mmengine - INFO - Epoch(val)  [3][100/146]    eta: 0:00:33  time: 0.6964  data_time: 0.0006  memory: 32812  
2024/08/22 18:49:22 - mmengine - INFO - Epoch(val) [3][146/146]    accuracy/top1: 69.0048  accuracy/top5: 87.2120  single-label/precision: 16.0203  single-label/recall: 14.4994  single-label/f1-score: 14.2376  data_time: 0.0171  time: 0.7078
2024/08/22 18:50:18 - mmengine - INFO - Epoch(train)  [4][ 100/2952]  base_lr: 9.4550e-06 lr: 9.4550e-06  eta: 3:04:42  time: 0.5301  data_time: 0.0010  memory: 32812  loss: 0.6877
2024/08/22 18:50:42 - mmengine - INFO - Exp name: finetune_20240822_172420
2024/08/22 18:51:11 - mmengine - INFO - Epoch(train)  [4][ 200/2952]  base_lr: 9.4550e-06 lr: 9.4550e-06  eta: 3:03:46  time: 0.5317  data_time: 0.0011  memory: 32812  loss: 0.6570
2024/08/22 18:52:05 - mmengine - INFO - Epoch(train)  [4][ 300/2952]  base_lr: 9.4550e-06 lr: 9.4550e-06  eta: 3:02:50  time: 0.5310  data_time: 0.0012  memory: 32812  loss: 0.6787
2024/08/22 18:52:58 - mmengine - INFO - Epoch(train)  [4][ 400/2952]  base_lr: 9.4550e-06 lr: 9.4550e-06  eta: 3:01:55  time: 0.5305  data_time: 0.0010  memory: 32812  loss: 0.6771
2024/08/22 18:53:51 - mmengine - INFO - Epoch(train)  [4][ 500/2952]  base_lr: 9.4550e-06 lr: 9.4550e-06  eta: 3:00:59  time: 0.5303  data_time: 0.0011  memory: 32812  loss: 0.6631
2024/08/22 18:54:44 - mmengine - INFO - Epoch(train)  [4][ 600/2952]  base_lr: 9.4550e-06 lr: 9.4550e-06  eta: 3:00:03  time: 0.5330  data_time: 0.0011  memory: 32812  loss: 0.6479
2024/08/22 18:55:37 - mmengine - INFO - Epoch(train)  [4][ 700/2952]  base_lr: 9.4550e-06 lr: 9.4550e-06  eta: 2:59:08  time: 0.5310  data_time: 0.0011  memory: 32812  loss: 0.6500
2024/08/22 18:56:30 - mmengine - INFO - Epoch(train)  [4][ 800/2952]  base_lr: 9.4550e-06 lr: 9.4550e-06  eta: 2:58:13  time: 0.5310  data_time: 0.0011  memory: 32812  loss: 0.6864
2024/08/22 18:57:23 - mmengine - INFO - Epoch(train)  [4][ 900/2952]  base_lr: 9.4550e-06 lr: 9.4550e-06  eta: 2:57:17  time: 0.5311  data_time: 0.0011  memory: 32812  loss: 0.7240
2024/08/22 18:58:16 - mmengine - INFO - Epoch(train)  [4][1000/2952]  base_lr: 9.4550e-06 lr: 9.4550e-06  eta: 2:56:22  time: 0.5307  data_time: 0.0010  memory: 32812  loss: 0.7615
2024/08/22 18:59:09 - mmengine - INFO - Epoch(train)  [4][1100/2952]  base_lr: 9.4550e-06 lr: 9.4550e-06  eta: 2:55:27  time: 0.5308  data_time: 0.0011  memory: 32812  loss: 0.7129
2024/08/22 18:59:33 - mmengine - INFO - Exp name: finetune_20240822_172420
2024/08/22 19:00:02 - mmengine - INFO - Epoch(train)  [4][1200/2952]  base_lr: 9.4550e-06 lr: 9.4550e-06  eta: 2:54:31  time: 0.5302  data_time: 0.0012  memory: 32812  loss: 0.6056
2024/08/22 19:00:55 - mmengine - INFO - Epoch(train)  [4][1300/2952]  base_lr: 9.4550e-06 lr: 9.4550e-06  eta: 2:53:36  time: 0.5286  data_time: 0.0011  memory: 32812  loss: 0.7104
2024/08/22 19:01:48 - mmengine - INFO - Epoch(train)  [4][1400/2952]  base_lr: 9.4550e-06 lr: 9.4550e-06  eta: 2:52:41  time: 0.5303  data_time: 0.0011  memory: 32812  loss: 0.6874
2024/08/22 19:02:42 - mmengine - INFO - Epoch(train)  [4][1500/2952]  base_lr: 9.4550e-06 lr: 9.4550e-06  eta: 2:51:46  time: 0.5309  data_time: 0.0011  memory: 32812  loss: 0.7299
2024/08/22 19:03:35 - mmengine - INFO - Epoch(train)  [4][1600/2952]  base_lr: 9.4550e-06 lr: 9.4550e-06  eta: 2:50:51  time: 0.5307  data_time: 0.0011  memory: 32812  loss: 0.6993
2024/08/22 19:04:28 - mmengine - INFO - Epoch(train)  [4][1700/2952]  base_lr: 9.4550e-06 lr: 9.4550e-06  eta: 2:49:56  time: 0.5308  data_time: 0.0010  memory: 32812  loss: 0.6702
2024/08/22 19:05:21 - mmengine - INFO - Epoch(train)  [4][1800/2952]  base_lr: 9.4550e-06 lr: 9.4550e-06  eta: 2:49:01  time: 0.5310  data_time: 0.0011  memory: 32812  loss: 0.6978
2024/08/22 19:06:14 - mmengine - INFO - Epoch(train)  [4][1900/2952]  base_lr: 9.4550e-06 lr: 9.4550e-06  eta: 2:48:06  time: 0.5304  data_time: 0.0012  memory: 32812  loss: 0.7341
2024/08/22 19:07:07 - mmengine - INFO - Epoch(train)  [4][2000/2952]  base_lr: 9.4550e-06 lr: 9.4550e-06  eta: 2:47:11  time: 0.5301  data_time: 0.0011  memory: 32812  loss: 0.7110
2024/08/22 19:08:00 - mmengine - INFO - Epoch(train)  [4][2100/2952]  base_lr: 9.4550e-06 lr: 9.4550e-06  eta: 2:46:16  time: 0.5308  data_time: 0.0014  memory: 32812  loss: 0.7246
2024/08/22 19:08:23 - mmengine - INFO - Exp name: finetune_20240822_172420
2024/08/22 19:08:53 - mmengine - INFO - Epoch(train)  [4][2200/2952]  base_lr: 9.4550e-06 lr: 9.4550e-06  eta: 2:45:22  time: 0.5311  data_time: 0.0011  memory: 32812  loss: 0.6845
2024/08/22 19:09:46 - mmengine - INFO - Epoch(train)  [4][2300/2952]  base_lr: 9.4550e-06 lr: 9.4550e-06  eta: 2:44:27  time: 0.5315  data_time: 0.0011  memory: 32812  loss: 0.6943
2024/08/22 19:10:39 - mmengine - INFO - Epoch(train)  [4][2400/2952]  base_lr: 9.4550e-06 lr: 9.4550e-06  eta: 2:43:32  time: 0.5310  data_time: 0.0011  memory: 32812  loss: 0.7411
2024/08/22 19:11:33 - mmengine - INFO - Epoch(train)  [4][2500/2952]  base_lr: 9.4550e-06 lr: 9.4550e-06  eta: 2:42:37  time: 0.5312  data_time: 0.0011  memory: 32812  loss: 0.6519
2024/08/22 19:12:26 - mmengine - INFO - Epoch(train)  [4][2600/2952]  base_lr: 9.4550e-06 lr: 9.4550e-06  eta: 2:41:43  time: 0.5308  data_time: 0.0011  memory: 32812  loss: 0.7553
2024/08/22 19:13:19 - mmengine - INFO - Epoch(train)  [4][2700/2952]  base_lr: 9.4550e-06 lr: 9.4550e-06  eta: 2:40:48  time: 0.5311  data_time: 0.0012  memory: 32812  loss: 0.6652
2024/08/22 19:14:12 - mmengine - INFO - Epoch(train)  [4][2800/2952]  base_lr: 9.4550e-06 lr: 9.4550e-06  eta: 2:39:53  time: 0.5315  data_time: 0.0011  memory: 32812  loss: 0.7163
2024/08/22 19:15:05 - mmengine - INFO - Epoch(train)  [4][2900/2952]  base_lr: 9.4550e-06 lr: 9.4550e-06  eta: 2:38:59  time: 0.5315  data_time: 0.0011  memory: 32812  loss: 0.6945
2024/08/22 19:15:32 - mmengine - INFO - Exp name: finetune_20240822_172420
2024/08/22 19:15:32 - mmengine - INFO - Saving checkpoint at 4 epochs
2024/08/22 19:16:45 - mmengine - INFO - Epoch(val)  [4][100/146]    eta: 0:00:33  time: 0.6957  data_time: 0.0007  memory: 32812  
2024/08/22 19:17:18 - mmengine - INFO - Epoch(val) [4][146/146]    accuracy/top1: 69.3378  accuracy/top5: 87.3731  single-label/precision: 16.4240  single-label/recall: 14.9044  single-label/f1-score: 14.6534  data_time: 0.0173  time: 0.7084
2024/08/22 19:18:15 - mmengine - INFO - Epoch(train)  [5][ 100/2952]  base_lr: 9.0451e-06 lr: 9.0451e-06  eta: 2:37:40  time: 0.5309  data_time: 0.0012  memory: 32812  loss: 0.5254
2024/08/22 19:19:04 - mmengine - INFO - Exp name: finetune_20240822_172420
2024/08/22 19:19:08 - mmengine - INFO - Epoch(train)  [5][ 200/2952]  base_lr: 9.0451e-06 lr: 9.0451e-06  eta: 2:36:46  time: 0.5361  data_time: 0.0013  memory: 32812  loss: 0.5292
2024/08/22 19:20:01 - mmengine - INFO - Epoch(train)  [5][ 300/2952]  base_lr: 9.0451e-06 lr: 9.0451e-06  eta: 2:35:51  time: 0.5317  data_time: 0.0012  memory: 32812  loss: 0.5099
2024/08/22 19:20:54 - mmengine - INFO - Epoch(train)  [5][ 400/2952]  base_lr: 9.0451e-06 lr: 9.0451e-06  eta: 2:34:57  time: 0.5312  data_time: 0.0012  memory: 32812  loss: 0.5174
2024/08/22 19:21:47 - mmengine - INFO - Epoch(train)  [5][ 500/2952]  base_lr: 9.0451e-06 lr: 9.0451e-06  eta: 2:34:02  time: 0.5315  data_time: 0.0012  memory: 32812  loss: 0.5200
2024/08/22 19:22:40 - mmengine - INFO - Epoch(train)  [5][ 600/2952]  base_lr: 9.0451e-06 lr: 9.0451e-06  eta: 2:33:07  time: 0.5306  data_time: 0.0013  memory: 32812  loss: 0.5483
2024/08/22 19:23:33 - mmengine - INFO - Epoch(train)  [5][ 700/2952]  base_lr: 9.0451e-06 lr: 9.0451e-06  eta: 2:32:13  time: 0.5314  data_time: 0.0013  memory: 32812  loss: 0.5975
2024/08/22 19:24:26 - mmengine - INFO - Epoch(train)  [5][ 800/2952]  base_lr: 9.0451e-06 lr: 9.0451e-06  eta: 2:31:18  time: 0.5303  data_time: 0.0013  memory: 32812  loss: 0.5736
2024/08/22 19:25:20 - mmengine - INFO - Epoch(train)  [5][ 900/2952]  base_lr: 9.0451e-06 lr: 9.0451e-06  eta: 2:30:24  time: 0.5310  data_time: 0.0013  memory: 32812  loss: 0.5201
2024/08/22 19:26:13 - mmengine - INFO - Epoch(train)  [5][1000/2952]  base_lr: 9.0451e-06 lr: 9.0451e-06  eta: 2:29:29  time: 0.5316  data_time: 0.0013  memory: 32812  loss: 0.5500
2024/08/22 19:27:06 - mmengine - INFO - Epoch(train)  [5][1100/2952]  base_lr: 9.0451e-06 lr: 9.0451e-06  eta: 2:28:35  time: 0.5306  data_time: 0.0013  memory: 32812  loss: 0.4921
2024/08/22 19:27:55 - mmengine - INFO - Exp name: finetune_20240822_172420
2024/08/22 19:27:59 - mmengine - INFO - Epoch(train)  [5][1200/2952]  base_lr: 9.0451e-06 lr: 9.0451e-06  eta: 2:27:41  time: 0.5310  data_time: 0.0013  memory: 32812  loss: 0.5498
2024/08/22 19:28:52 - mmengine - INFO - Epoch(train)  [5][1300/2952]  base_lr: 9.0451e-06 lr: 9.0451e-06  eta: 2:26:46  time: 0.5309  data_time: 0.0013  memory: 32812  loss: 0.6482
2024/08/22 19:29:45 - mmengine - INFO - Epoch(train)  [5][1400/2952]  base_lr: 9.0451e-06 lr: 9.0451e-06  eta: 2:25:52  time: 0.5318  data_time: 0.0013  memory: 32812  loss: 0.5977
2024/08/22 19:30:38 - mmengine - INFO - Epoch(train)  [5][1500/2952]  base_lr: 9.0451e-06 lr: 9.0451e-06  eta: 2:24:58  time: 0.5318  data_time: 0.0013  memory: 32812  loss: 0.6160
2024/08/22 19:31:31 - mmengine - INFO - Epoch(train)  [5][1600/2952]  base_lr: 9.0451e-06 lr: 9.0451e-06  eta: 2:24:03  time: 0.5308  data_time: 0.0013  memory: 32812  loss: 0.6257
2024/08/22 19:32:24 - mmengine - INFO - Epoch(train)  [5][1700/2952]  base_lr: 9.0451e-06 lr: 9.0451e-06  eta: 2:23:09  time: 0.5309  data_time: 0.0013  memory: 32812  loss: 0.5747
2024/08/22 19:33:17 - mmengine - INFO - Epoch(train)  [5][1800/2952]  base_lr: 9.0451e-06 lr: 9.0451e-06  eta: 2:22:15  time: 0.5309  data_time: 0.0013  memory: 32812  loss: 0.5762
2024/08/22 19:34:11 - mmengine - INFO - Epoch(train)  [5][1900/2952]  base_lr: 9.0451e-06 lr: 9.0451e-06  eta: 2:21:20  time: 0.5310  data_time: 0.0013  memory: 32812  loss: 0.5818
2024/08/22 19:35:04 - mmengine - INFO - Epoch(train)  [5][2000/2952]  base_lr: 9.0451e-06 lr: 9.0451e-06  eta: 2:20:26  time: 0.5315  data_time: 0.0013  memory: 32812  loss: 0.5670
2024/08/22 19:35:57 - mmengine - INFO - Epoch(train)  [5][2100/2952]  base_lr: 9.0451e-06 lr: 9.0451e-06  eta: 2:19:32  time: 0.5303  data_time: 0.0012  memory: 32812  loss: 0.5575
2024/08/22 19:36:46 - mmengine - INFO - Exp name: finetune_20240822_172420
2024/08/22 19:36:50 - mmengine - INFO - Epoch(train)  [5][2200/2952]  base_lr: 9.0451e-06 lr: 9.0451e-06  eta: 2:18:38  time: 0.5304  data_time: 0.0013  memory: 32812  loss: 0.5971
2024/08/22 19:37:43 - mmengine - INFO - Epoch(train)  [5][2300/2952]  base_lr: 9.0451e-06 lr: 9.0451e-06  eta: 2:17:43  time: 0.5313  data_time: 0.0012  memory: 32812  loss: 0.5531
2024/08/22 19:38:36 - mmengine - INFO - Epoch(train)  [5][2400/2952]  base_lr: 9.0451e-06 lr: 9.0451e-06  eta: 2:16:49  time: 0.5302  data_time: 0.0013  memory: 32812  loss: 0.5868
2024/08/22 19:39:29 - mmengine - INFO - Epoch(train)  [5][2500/2952]  base_lr: 9.0451e-06 lr: 9.0451e-06  eta: 2:15:55  time: 0.5315  data_time: 0.0013  memory: 32812  loss: 0.5727
2024/08/22 19:40:22 - mmengine - INFO - Epoch(train)  [5][2600/2952]  base_lr: 9.0451e-06 lr: 9.0451e-06  eta: 2:15:01  time: 0.5309  data_time: 0.0013  memory: 32812  loss: 0.6183
2024/08/22 19:41:16 - mmengine - INFO - Epoch(train)  [5][2700/2952]  base_lr: 9.0451e-06 lr: 9.0451e-06  eta: 2:14:07  time: 0.5306  data_time: 0.0013  memory: 32812  loss: 0.6163
2024/08/22 19:42:09 - mmengine - INFO - Epoch(train)  [5][2800/2952]  base_lr: 9.0451e-06 lr: 9.0451e-06  eta: 2:13:13  time: 0.5312  data_time: 0.0013  memory: 32812  loss: 0.6177
2024/08/22 19:43:02 - mmengine - INFO - Epoch(train)  [5][2900/2952]  base_lr: 9.0451e-06 lr: 9.0451e-06  eta: 2:12:19  time: 0.5305  data_time: 0.0010  memory: 32812  loss: 0.6017
2024/08/22 19:43:29 - mmengine - INFO - Exp name: finetune_20240822_172420
2024/08/22 19:43:29 - mmengine - INFO - Saving checkpoint at 5 epochs
2024/08/22 19:44:42 - mmengine - INFO - Epoch(val)  [5][100/146]    eta: 0:00:33  time: 0.6962  data_time: 0.0006  memory: 32812  
2024/08/22 19:45:16 - mmengine - INFO - Epoch(val) [5][146/146]    accuracy/top1: 69.7406  accuracy/top5: 87.5665  single-label/precision: 16.3749  single-label/recall: 14.9362  single-label/f1-score: 14.6858  data_time: 0.0178  time: 0.7088
2024/08/22 19:46:11 - mmengine - INFO - Epoch(train)  [6][ 100/2952]  base_lr: 8.5355e-06 lr: 8.5355e-06  eta: 2:10:59  time: 0.5301  data_time: 0.0011  memory: 32812  loss: 0.3661
2024/08/22 19:47:04 - mmengine - INFO - Epoch(train)  [6][ 200/2952]  base_lr: 8.5355e-06 lr: 8.5355e-06  eta: 2:10:04  time: 0.5303  data_time: 0.0011  memory: 32812  loss: 0.4001
2024/08/22 19:47:25 - mmengine - INFO - Exp name: finetune_20240822_172420
2024/08/22 19:47:57 - mmengine - INFO - Epoch(train)  [6][ 300/2952]  base_lr: 8.5355e-06 lr: 8.5355e-06  eta: 2:09:10  time: 0.5309  data_time: 0.0011  memory: 32812  loss: 0.4257
2024/08/22 19:48:50 - mmengine - INFO - Epoch(train)  [6][ 400/2952]  base_lr: 8.5355e-06 lr: 8.5355e-06  eta: 2:08:16  time: 0.5312  data_time: 0.0010  memory: 32812  loss: 0.4392
2024/08/22 19:49:43 - mmengine - INFO - Epoch(train)  [6][ 500/2952]  base_lr: 8.5355e-06 lr: 8.5355e-06  eta: 2:07:22  time: 0.5317  data_time: 0.0011  memory: 32812  loss: 0.4164
2024/08/22 19:50:37 - mmengine - INFO - Epoch(train)  [6][ 600/2952]  base_lr: 8.5355e-06 lr: 8.5355e-06  eta: 2:06:28  time: 0.5310  data_time: 0.0012  memory: 32812  loss: 0.4240
2024/08/22 19:51:30 - mmengine - INFO - Epoch(train)  [6][ 700/2952]  base_lr: 8.5355e-06 lr: 8.5355e-06  eta: 2:05:34  time: 0.5340  data_time: 0.0011  memory: 32812  loss: 0.4601
2024/08/22 19:52:23 - mmengine - INFO - Epoch(train)  [6][ 800/2952]  base_lr: 8.5355e-06 lr: 8.5355e-06  eta: 2:04:40  time: 0.5325  data_time: 0.0011  memory: 32812  loss: 0.3866
2024/08/22 19:53:16 - mmengine - INFO - Epoch(train)  [6][ 900/2952]  base_lr: 8.5355e-06 lr: 8.5355e-06  eta: 2:03:46  time: 0.5317  data_time: 0.0012  memory: 32812  loss: 0.4295
2024/08/22 19:54:09 - mmengine - INFO - Epoch(train)  [6][1000/2952]  base_lr: 8.5355e-06 lr: 8.5355e-06  eta: 2:02:52  time: 0.5317  data_time: 0.0012  memory: 32812  loss: 0.4081
2024/08/22 19:55:02 - mmengine - INFO - Epoch(train)  [6][1100/2952]  base_lr: 8.5355e-06 lr: 8.5355e-06  eta: 2:01:58  time: 0.5318  data_time: 0.0012  memory: 32812  loss: 0.4221
2024/08/22 19:55:56 - mmengine - INFO - Epoch(train)  [6][1200/2952]  base_lr: 8.5355e-06 lr: 8.5355e-06  eta: 2:01:04  time: 0.5305  data_time: 0.0012  memory: 32812  loss: 0.4395
2024/08/22 19:56:17 - mmengine - INFO - Exp name: finetune_20240822_172420
2024/08/22 19:56:49 - mmengine - INFO - Epoch(train)  [6][1300/2952]  base_lr: 8.5355e-06 lr: 8.5355e-06  eta: 2:00:10  time: 0.5312  data_time: 0.0012  memory: 32812  loss: 0.4166
2024/08/22 19:57:42 - mmengine - INFO - Epoch(train)  [6][1400/2952]  base_lr: 8.5355e-06 lr: 8.5355e-06  eta: 1:59:16  time: 0.5319  data_time: 0.0012  memory: 32812  loss: 0.4264
2024/08/22 19:58:35 - mmengine - INFO - Epoch(train)  [6][1500/2952]  base_lr: 8.5355e-06 lr: 8.5355e-06  eta: 1:58:22  time: 0.5312  data_time: 0.0013  memory: 32812  loss: 0.4572
2024/08/22 19:59:28 - mmengine - INFO - Epoch(train)  [6][1600/2952]  base_lr: 8.5355e-06 lr: 8.5355e-06  eta: 1:57:28  time: 0.5312  data_time: 0.0012  memory: 32812  loss: 0.4248
2024/08/22 20:00:21 - mmengine - INFO - Epoch(train)  [6][1700/2952]  base_lr: 8.5355e-06 lr: 8.5355e-06  eta: 1:56:34  time: 0.5313  data_time: 0.0013  memory: 32812  loss: 0.4209
2024/08/22 20:01:14 - mmengine - INFO - Epoch(train)  [6][1800/2952]  base_lr: 8.5355e-06 lr: 8.5355e-06  eta: 1:55:40  time: 0.5305  data_time: 0.0010  memory: 32812  loss: 0.4354
2024/08/22 20:02:07 - mmengine - INFO - Epoch(train)  [6][1900/2952]  base_lr: 8.5355e-06 lr: 8.5355e-06  eta: 1:54:47  time: 0.5296  data_time: 0.0012  memory: 32812  loss: 0.4749
2024/08/22 20:03:00 - mmengine - INFO - Epoch(train)  [6][2000/2952]  base_lr: 8.5355e-06 lr: 8.5355e-06  eta: 1:53:53  time: 0.5293  data_time: 0.0011  memory: 32812  loss: 0.4584
2024/08/22 20:03:53 - mmengine - INFO - Epoch(train)  [6][2100/2952]  base_lr: 8.5355e-06 lr: 8.5355e-06  eta: 1:52:59  time: 0.5302  data_time: 0.0012  memory: 32812  loss: 0.4466
2024/08/22 20:04:46 - mmengine - INFO - Epoch(train)  [6][2200/2952]  base_lr: 8.5355e-06 lr: 8.5355e-06  eta: 1:52:05  time: 0.5324  data_time: 0.0012  memory: 32812  loss: 0.4509
2024/08/22 20:05:08 - mmengine - INFO - Exp name: finetune_20240822_172420
2024/08/22 20:05:39 - mmengine - INFO - Epoch(train)  [6][2300/2952]  base_lr: 8.5355e-06 lr: 8.5355e-06  eta: 1:51:11  time: 0.5322  data_time: 0.0012  memory: 32812  loss: 0.4858
2024/08/22 20:06:33 - mmengine - INFO - Epoch(train)  [6][2400/2952]  base_lr: 8.5355e-06 lr: 8.5355e-06  eta: 1:50:17  time: 0.5311  data_time: 0.0010  memory: 32812  loss: 0.4373
2024/08/22 20:07:26 - mmengine - INFO - Epoch(train)  [6][2500/2952]  base_lr: 8.5355e-06 lr: 8.5355e-06  eta: 1:49:23  time: 0.5319  data_time: 0.0010  memory: 32812  loss: 0.4666
2024/08/22 20:08:19 - mmengine - INFO - Epoch(train)  [6][2600/2952]  base_lr: 8.5355e-06 lr: 8.5355e-06  eta: 1:48:30  time: 0.5324  data_time: 0.0010  memory: 32812  loss: 0.4698
2024/08/22 20:09:13 - mmengine - INFO - Epoch(train)  [6][2700/2952]  base_lr: 8.5355e-06 lr: 8.5355e-06  eta: 1:47:36  time: 0.5405  data_time: 0.0010  memory: 32812  loss: 0.4644
2024/08/22 20:10:06 - mmengine - INFO - Epoch(train)  [6][2800/2952]  base_lr: 8.5355e-06 lr: 8.5355e-06  eta: 1:46:42  time: 0.5315  data_time: 0.0009  memory: 32812  loss: 0.5227
2024/08/22 20:10:59 - mmengine - INFO - Epoch(train)  [6][2900/2952]  base_lr: 8.5355e-06 lr: 8.5355e-06  eta: 1:45:48  time: 0.5324  data_time: 0.0011  memory: 32812  loss: 0.4346
2024/08/22 20:11:26 - mmengine - INFO - Exp name: finetune_20240822_172420
2024/08/22 20:11:26 - mmengine - INFO - Saving checkpoint at 6 epochs
2024/08/22 20:12:39 - mmengine - INFO - Epoch(val)  [6][100/146]    eta: 0:00:32  time: 0.6965  data_time: 0.0007  memory: 32812  
2024/08/22 20:13:12 - mmengine - INFO - Epoch(val) [6][146/146]    accuracy/top1: 69.7889  accuracy/top5: 87.2979  single-label/precision: 16.2673  single-label/recall: 14.9520  single-label/f1-score: 14.6552  data_time: 0.0127  time: 0.7049
2024/08/22 20:14:09 - mmengine - INFO - Epoch(train)  [7][ 100/2952]  base_lr: 7.9389e-06 lr: 7.9389e-06  eta: 1:44:29  time: 0.5337  data_time: 0.0011  memory: 32812  loss: 0.3091
2024/08/22 20:15:03 - mmengine - INFO - Epoch(train)  [7][ 200/2952]  base_lr: 7.9389e-06 lr: 7.9389e-06  eta: 1:43:35  time: 0.5336  data_time: 0.0013  memory: 32812  loss: 0.2996
2024/08/22 20:15:50 - mmengine - INFO - Exp name: finetune_20240822_172420
2024/08/22 20:15:56 - mmengine - INFO - Epoch(train)  [7][ 300/2952]  base_lr: 7.9389e-06 lr: 7.9389e-06  eta: 1:42:42  time: 0.5338  data_time: 0.0012  memory: 32812  loss: 0.2888
2024/08/22 20:16:50 - mmengine - INFO - Epoch(train)  [7][ 400/2952]  base_lr: 7.9389e-06 lr: 7.9389e-06  eta: 1:41:48  time: 0.5329  data_time: 0.0012  memory: 32812  loss: 0.2994
2024/08/22 20:17:43 - mmengine - INFO - Epoch(train)  [7][ 500/2952]  base_lr: 7.9389e-06 lr: 7.9389e-06  eta: 1:40:54  time: 0.5327  data_time: 0.0012  memory: 32812  loss: 0.3284
2024/08/22 20:18:36 - mmengine - INFO - Epoch(train)  [7][ 600/2952]  base_lr: 7.9389e-06 lr: 7.9389e-06  eta: 1:40:01  time: 0.5334  data_time: 0.0012  memory: 32812  loss: 0.3368
2024/08/22 20:19:30 - mmengine - INFO - Epoch(train)  [7][ 700/2952]  base_lr: 7.9389e-06 lr: 7.9389e-06  eta: 1:39:07  time: 0.5335  data_time: 0.0013  memory: 32812  loss: 0.3165
2024/08/22 20:20:23 - mmengine - INFO - Epoch(train)  [7][ 800/2952]  base_lr: 7.9389e-06 lr: 7.9389e-06  eta: 1:38:13  time: 0.5338  data_time: 0.0012  memory: 32812  loss: 0.3530
2024/08/22 20:21:17 - mmengine - INFO - Epoch(train)  [7][ 900/2952]  base_lr: 7.9389e-06 lr: 7.9389e-06  eta: 1:37:20  time: 0.5327  data_time: 0.0011  memory: 32812  loss: 0.3362
2024/08/22 20:22:10 - mmengine - INFO - Epoch(train)  [7][1000/2952]  base_lr: 7.9389e-06 lr: 7.9389e-06  eta: 1:36:26  time: 0.5340  data_time: 0.0013  memory: 32812  loss: 0.3412
2024/08/22 20:23:03 - mmengine - INFO - Epoch(train)  [7][1100/2952]  base_lr: 7.9389e-06 lr: 7.9389e-06  eta: 1:35:33  time: 0.5334  data_time: 0.0012  memory: 32812  loss: 0.3010
2024/08/22 20:23:57 - mmengine - INFO - Epoch(train)  [7][1200/2952]  base_lr: 7.9389e-06 lr: 7.9389e-06  eta: 1:34:39  time: 0.5345  data_time: 0.0012  memory: 32812  loss: 0.3144
