2024/06/19 17:57:24 - mmengine - INFO - 
------------------------------------------------------------
System environment:
    sys.platform: linux
    Python: 3.10.12 (main, Nov 20 2023, 15:14:05) [GCC 11.4.0]
    CUDA available: True
    MUSA available: False
    numpy_random_seed: 0
    GPU 0,1,2,3,4,5,6,7: Tesla V100-SXM2-16GB
    CUDA_HOME: /usr/local/cuda
    NVCC: Cuda compilation tools, release 12.3, V12.3.107
    GCC: x86_64-linux-gnu-gcc (Ubuntu 11.4.0-1ubuntu1~22.04) 11.4.0
    PyTorch: 2.3.1+cu121
    PyTorch compiling details: PyTorch built with:
  - GCC 9.3
  - C++ Version: 201703
  - Intel(R) oneAPI Math Kernel Library Version 2022.2-Product Build 20220804 for Intel(R) 64 architecture applications
  - Intel(R) MKL-DNN v3.3.6 (Git Hash 86e6af5974177e513fd3fee58425e1063e7f1361)
  - OpenMP 201511 (a.k.a. OpenMP 4.5)
  - LAPACK is enabled (usually provided by MKL)
  - NNPACK is enabled
  - CPU capability usage: AVX512
  - CUDA Runtime 12.1
  - NVCC architecture flags: -gencode;arch=compute_50,code=sm_50;-gencode;arch=compute_60,code=sm_60;-gencode;arch=compute_70,code=sm_70;-gencode;arch=compute_75,code=sm_75;-gencode;arch=compute_80,code=sm_80;-gencode;arch=compute_86,code=sm_86;-gencode;arch=compute_90,code=sm_90
  - CuDNN 8.9.2
  - Magma 2.6.1
  - Build settings: BLAS_INFO=mkl, BUILD_TYPE=Release, CUDA_VERSION=12.1, CUDNN_VERSION=8.9.2, CXX_COMPILER=/opt/rh/devtoolset-9/root/usr/bin/c++, CXX_FLAGS= -D_GLIBCXX_USE_CXX11_ABI=0 -fabi-version=11 -fvisibility-inlines-hidden -DUSE_PTHREADPOOL -DNDEBUG -DUSE_KINETO -DLIBKINETO_NOROCTRACER -DUSE_FBGEMM -DUSE_QNNPACK -DUSE_PYTORCH_QNNPACK -DUSE_XNNPACK -DSYMBOLICATE_MOBILE_DEBUG_HANDLE -O2 -fPIC -Wall -Wextra -Werror=return-type -Werror=non-virtual-dtor -Werror=bool-operation -Wnarrowing -Wno-missing-field-initializers -Wno-type-limits -Wno-array-bounds -Wno-unknown-pragmas -Wno-unused-parameter -Wno-unused-function -Wno-unused-result -Wno-strict-overflow -Wno-strict-aliasing -Wno-stringop-overflow -Wsuggest-override -Wno-psabi -Wno-error=pedantic -Wno-error=old-style-cast -Wno-missing-braces -fdiagnostics-color=always -faligned-new -Wno-unused-but-set-variable -Wno-maybe-uninitialized -fno-math-errno -fno-trapping-math -Werror=format -Wno-stringop-overflow, LAPACK_INFO=mkl, PERF_WITH_AVX=1, PERF_WITH_AVX2=1, PERF_WITH_AVX512=1, TORCH_VERSION=2.3.1, USE_CUDA=ON, USE_CUDNN=ON, USE_CUSPARSELT=1, USE_EXCEPTION_PTR=1, USE_GFLAGS=OFF, USE_GLOG=OFF, USE_GLOO=ON, USE_MKL=ON, USE_MKLDNN=ON, USE_MPI=OFF, USE_NCCL=1, USE_NNPACK=ON, USE_OPENMP=ON, USE_ROCM=OFF, USE_ROCM_KERNEL_ASSERT=OFF, 

    TorchVision: 0.18.1+cu121
    OpenCV: 4.10.0
    MMEngine: 0.10.4

Runtime environment:
    cudnn_benchmark: False
    mp_cfg: {'mp_start_method': 'fork', 'opencv_num_threads': 0}
    dist_cfg: {'backend': 'nccl'}
    seed: 0
    deterministic: True
    Distributed launcher: pytorch
    Distributed training: True
    GPU number: 8
------------------------------------------------------------

2024/06/19 17:57:24 - mmengine - INFO - Config:
auto_scale_lr = dict(base_batch_size=1024)
data_dir = '/mnt/data'
data_preprocessor = dict(
    mean=[
        123.675,
        116.28,
        103.53,
    ],
    num_classes=7806,
    std=[
        58.395,
        57.12,
        57.375,
    ],
    to_rgb=True)
default_hooks = dict(
    checkpoint=dict(interval=1, max_keep_ckpts=5, type='CheckpointHook'),
    logger=dict(interval=100, type='LoggerHook'),
    param_scheduler=dict(type='ParamSchedulerHook'),
    sampler_seed=dict(type='DistSamplerSeedHook'),
    timer=dict(type='IterTimerHook'),
    visualization=dict(enable=False, type='VisualizationHook'))
default_scope = 'mmpretrain'
env_cfg = dict(
    cudnn_benchmark=False,
    dist_cfg=dict(backend='nccl'),
    mp_cfg=dict(mp_start_method='fork', opencv_num_threads=0))
launcher = 'pytorch'
load_from = None
log_level = 'INFO'
model = dict(
    init_cfg=dict(
        checkpoint='/mnt/data/pretrained/plantclef_empty_head.pth',
        type='Pretrained'),
    model_name='vit_base_patch14_reg4_dinov2.lvd142m',
    num_classes=7806,
    type='TimmClassifier')
optim_wrapper = dict(
    loss_scale='dynamic',
    optimizer=dict(lr=0.001, type='AdamW', weight_decay=0.05),
    paramwise_cfg=dict(
        custom_keys=dict(
            cls_token=dict(decay_mult=0.0), mask_token=dict(decay_mult=0.0))),
    type='AmpOptimWrapper')
param_scheduler = dict(by_epoch=True, type='CosineAnnealingLR')
randomness = dict(deterministic=True, seed=0)
resume = False
test_cfg = dict()
test_dataloader = dict(
    batch_size=128,
    collate_fn=dict(type='default_collate'),
    dataset=dict(
        ann_file='annotation/plantclef_val.txt',
        data_prefix='/mnt/data',
        pipeline=[
            dict(type='LoadImageFromFile'),
            dict(
                backend='pillow',
                edge='short',
                interpolation='bicubic',
                scale=518,
                type='ResizeEdge'),
            dict(crop_size=518, type='CenterCrop'),
            dict(type='PackInputs'),
        ],
        type='CustomDataset'),
    num_workers=10,
    persistent_workers=True,
    pin_memory=True,
    sampler=dict(shuffle=True, type='DefaultSampler'))
test_evaluator = dict(
    topk=(
        1,
        5,
    ), type='Accuracy')
test_pipeline = [
    dict(type='LoadImageFromFile'),
    dict(
        backend='pillow',
        edge='short',
        interpolation='bicubic',
        scale=518,
        type='ResizeEdge'),
    dict(crop_size=518, type='CenterCrop'),
    dict(type='PackInputs'),
]
train_cfg = dict(by_epoch=True, max_epochs=15, val_interval=1)
train_dataloader = dict(
    batch_size=16,
    collate_fn=dict(type='default_collate'),
    dataset=dict(
        ann_file='annotation/train.txt',
        data_prefix='/mnt/data',
        pipeline=[
            dict(type='LoadImageFromFile'),
            dict(
                backend='pillow',
                edge='short',
                interpolation='bicubic',
                scale=518,
                type='ResizeEdge'),
            dict(crop_size=518, type='CenterCrop'),
            dict(type='PackInputs'),
        ],
        type='CustomDataset'),
    num_workers=48,
    persistent_workers=True,
    pin_memory=True,
    sampler=dict(shuffle=True, type='DefaultSampler'))
train_pipeline = [
    dict(type='LoadImageFromFile'),
    dict(
        backend='pillow',
        interpolation='bicubic',
        scale=518,
        type='RandomResizedCrop'),
    dict(direction='horizontal', prob=0.5, type='RandomFlip'),
    dict(brightness=0.4, contrast=0.4, saturation=0.4, type='ColorJitter'),
    dict(type='PackInputs'),
]
val_cfg = dict()
val_dataloader = dict(
    batch_size=128,
    collate_fn=dict(type='default_collate'),
    dataset=dict(
        ann_file='annotation/val.txt',
        data_prefix='/mnt/data',
        pipeline=[
            dict(type='LoadImageFromFile'),
            dict(
                backend='pillow',
                edge='short',
                interpolation='bicubic',
                scale=518,
                type='ResizeEdge'),
            dict(crop_size=518, type='CenterCrop'),
            dict(type='PackInputs'),
        ],
        type='CustomDataset'),
    num_workers=10,
    persistent_workers=True,
    pin_memory=True,
    sampler=dict(shuffle=True, type='DefaultSampler'))
val_evaluator = dict(
    topk=(
        1,
        5,
    ), type='Accuracy')
vis_backends = [
    dict(type='LocalVisBackend'),
]
visualizer = dict(
    type='UniversalVisualizer', vis_backends=[
        dict(type='LocalVisBackend'),
    ])
work_dir = './work_dirs/plantclef-pretrained'

2024/06/19 17:57:28 - mmengine - INFO - Hooks will be executed in the following order:
before_run:
(VERY_HIGH   ) RuntimeInfoHook                    
(BELOW_NORMAL) LoggerHook                         
 -------------------- 
before_train:
(VERY_HIGH   ) RuntimeInfoHook                    
(NORMAL      ) IterTimerHook                      
(VERY_LOW    ) CheckpointHook                     
 -------------------- 
before_train_epoch:
(VERY_HIGH   ) RuntimeInfoHook                    
(NORMAL      ) IterTimerHook                      
(NORMAL      ) DistSamplerSeedHook                
 -------------------- 
before_train_iter:
(VERY_HIGH   ) RuntimeInfoHook                    
(NORMAL      ) IterTimerHook                      
 -------------------- 
after_train_iter:
(VERY_HIGH   ) RuntimeInfoHook                    
(NORMAL      ) IterTimerHook                      
(BELOW_NORMAL) LoggerHook                         
(LOW         ) ParamSchedulerHook                 
(VERY_LOW    ) CheckpointHook                     
 -------------------- 
after_train_epoch:
(NORMAL      ) IterTimerHook                      
(LOW         ) ParamSchedulerHook                 
(VERY_LOW    ) CheckpointHook                     
 -------------------- 
before_val:
(VERY_HIGH   ) RuntimeInfoHook                    
 -------------------- 
before_val_epoch:
(NORMAL      ) IterTimerHook                      
 -------------------- 
before_val_iter:
(NORMAL      ) IterTimerHook                      
 -------------------- 
after_val_iter:
(NORMAL      ) IterTimerHook                      
(NORMAL      ) VisualizationHook                  
(BELOW_NORMAL) LoggerHook                         
 -------------------- 
after_val_epoch:
(VERY_HIGH   ) RuntimeInfoHook                    
(NORMAL      ) IterTimerHook                      
(BELOW_NORMAL) LoggerHook                         
(LOW         ) ParamSchedulerHook                 
(VERY_LOW    ) CheckpointHook                     
 -------------------- 
after_val:
(VERY_HIGH   ) RuntimeInfoHook                    
 -------------------- 
after_train:
(VERY_HIGH   ) RuntimeInfoHook                    
(VERY_LOW    ) CheckpointHook                     
 -------------------- 
before_test:
(VERY_HIGH   ) RuntimeInfoHook                    
 -------------------- 
before_test_epoch:
(NORMAL      ) IterTimerHook                      
 -------------------- 
before_test_iter:
(NORMAL      ) IterTimerHook                      
 -------------------- 
after_test_iter:
(NORMAL      ) IterTimerHook                      
(NORMAL      ) VisualizationHook                  
(BELOW_NORMAL) LoggerHook                         
 -------------------- 
after_test_epoch:
(VERY_HIGH   ) RuntimeInfoHook                    
(NORMAL      ) IterTimerHook                      
(BELOW_NORMAL) LoggerHook                         
 -------------------- 
after_test:
(VERY_HIGH   ) RuntimeInfoHook                    
 -------------------- 
after_run:
(BELOW_NORMAL) LoggerHook                         
 -------------------- 
2024/06/19 17:57:32 - mmengine - INFO - paramwise_options -- model.cls_token:lr=0.001
2024/06/19 17:57:32 - mmengine - INFO - paramwise_options -- model.cls_token:weight_decay=0.0
2024/06/19 17:57:32 - mmengine - INFO - paramwise_options -- model.cls_token:decay_mult=0.0
2024/06/19 17:57:32 - mmengine - INFO - load model from: /mnt/data/pretrained/plantclef_empty_head.pth
2024/06/19 17:57:32 - mmengine - INFO - Loads checkpoint by local backend from path: /mnt/data/pretrained/plantclef_empty_head.pth
Name of parameter - Initialization information

model.cls_token - torch.Size([1, 1, 768]): 
PretrainedInit: load from /mnt/data/pretrained/plantclef_empty_head.pth 

model.reg_token - torch.Size([1, 4, 768]): 
PretrainedInit: load from /mnt/data/pretrained/plantclef_empty_head.pth 

model.pos_embed - torch.Size([1, 1369, 768]): 
PretrainedInit: load from /mnt/data/pretrained/plantclef_empty_head.pth 

model.patch_embed.proj.weight - torch.Size([768, 3, 14, 14]): 
PretrainedInit: load from /mnt/data/pretrained/plantclef_empty_head.pth 

model.patch_embed.proj.bias - torch.Size([768]): 
PretrainedInit: load from /mnt/data/pretrained/plantclef_empty_head.pth 

model.blocks.0.norm1.weight - torch.Size([768]): 
PretrainedInit: load from /mnt/data/pretrained/plantclef_empty_head.pth 

model.blocks.0.norm1.bias - torch.Size([768]): 
PretrainedInit: load from /mnt/data/pretrained/plantclef_empty_head.pth 

model.blocks.0.attn.qkv.weight - torch.Size([2304, 768]): 
PretrainedInit: load from /mnt/data/pretrained/plantclef_empty_head.pth 

model.blocks.0.attn.qkv.bias - torch.Size([2304]): 
PretrainedInit: load from /mnt/data/pretrained/plantclef_empty_head.pth 

model.blocks.0.attn.proj.weight - torch.Size([768, 768]): 
PretrainedInit: load from /mnt/data/pretrained/plantclef_empty_head.pth 

model.blocks.0.attn.proj.bias - torch.Size([768]): 
PretrainedInit: load from /mnt/data/pretrained/plantclef_empty_head.pth 

model.blocks.0.ls1.gamma - torch.Size([768]): 
PretrainedInit: load from /mnt/data/pretrained/plantclef_empty_head.pth 

model.blocks.0.norm2.weight - torch.Size([768]): 
PretrainedInit: load from /mnt/data/pretrained/plantclef_empty_head.pth 

model.blocks.0.norm2.bias - torch.Size([768]): 
PretrainedInit: load from /mnt/data/pretrained/plantclef_empty_head.pth 

model.blocks.0.mlp.fc1.weight - torch.Size([3072, 768]): 
PretrainedInit: load from /mnt/data/pretrained/plantclef_empty_head.pth 

model.blocks.0.mlp.fc1.bias - torch.Size([3072]): 
PretrainedInit: load from /mnt/data/pretrained/plantclef_empty_head.pth 

model.blocks.0.mlp.fc2.weight - torch.Size([768, 3072]): 
PretrainedInit: load from /mnt/data/pretrained/plantclef_empty_head.pth 

model.blocks.0.mlp.fc2.bias - torch.Size([768]): 
PretrainedInit: load from /mnt/data/pretrained/plantclef_empty_head.pth 

model.blocks.0.ls2.gamma - torch.Size([768]): 
PretrainedInit: load from /mnt/data/pretrained/plantclef_empty_head.pth 

model.blocks.1.norm1.weight - torch.Size([768]): 
PretrainedInit: load from /mnt/data/pretrained/plantclef_empty_head.pth 

model.blocks.1.norm1.bias - torch.Size([768]): 
PretrainedInit: load from /mnt/data/pretrained/plantclef_empty_head.pth 

model.blocks.1.attn.qkv.weight - torch.Size([2304, 768]): 
PretrainedInit: load from /mnt/data/pretrained/plantclef_empty_head.pth 

model.blocks.1.attn.qkv.bias - torch.Size([2304]): 
PretrainedInit: load from /mnt/data/pretrained/plantclef_empty_head.pth 

model.blocks.1.attn.proj.weight - torch.Size([768, 768]): 
PretrainedInit: load from /mnt/data/pretrained/plantclef_empty_head.pth 

model.blocks.1.attn.proj.bias - torch.Size([768]): 
PretrainedInit: load from /mnt/data/pretrained/plantclef_empty_head.pth 

model.blocks.1.ls1.gamma - torch.Size([768]): 
PretrainedInit: load from /mnt/data/pretrained/plantclef_empty_head.pth 

model.blocks.1.norm2.weight - torch.Size([768]): 
PretrainedInit: load from /mnt/data/pretrained/plantclef_empty_head.pth 

model.blocks.1.norm2.bias - torch.Size([768]): 
PretrainedInit: load from /mnt/data/pretrained/plantclef_empty_head.pth 

model.blocks.1.mlp.fc1.weight - torch.Size([3072, 768]): 
PretrainedInit: load from /mnt/data/pretrained/plantclef_empty_head.pth 

model.blocks.1.mlp.fc1.bias - torch.Size([3072]): 
PretrainedInit: load from /mnt/data/pretrained/plantclef_empty_head.pth 

model.blocks.1.mlp.fc2.weight - torch.Size([768, 3072]): 
PretrainedInit: load from /mnt/data/pretrained/plantclef_empty_head.pth 

model.blocks.1.mlp.fc2.bias - torch.Size([768]): 
PretrainedInit: load from /mnt/data/pretrained/plantclef_empty_head.pth 

model.blocks.1.ls2.gamma - torch.Size([768]): 
PretrainedInit: load from /mnt/data/pretrained/plantclef_empty_head.pth 

model.blocks.2.norm1.weight - torch.Size([768]): 
PretrainedInit: load from /mnt/data/pretrained/plantclef_empty_head.pth 

model.blocks.2.norm1.bias - torch.Size([768]): 
PretrainedInit: load from /mnt/data/pretrained/plantclef_empty_head.pth 

model.blocks.2.attn.qkv.weight - torch.Size([2304, 768]): 
PretrainedInit: load from /mnt/data/pretrained/plantclef_empty_head.pth 

model.blocks.2.attn.qkv.bias - torch.Size([2304]): 
PretrainedInit: load from /mnt/data/pretrained/plantclef_empty_head.pth 

model.blocks.2.attn.proj.weight - torch.Size([768, 768]): 
PretrainedInit: load from /mnt/data/pretrained/plantclef_empty_head.pth 

model.blocks.2.attn.proj.bias - torch.Size([768]): 
PretrainedInit: load from /mnt/data/pretrained/plantclef_empty_head.pth 

model.blocks.2.ls1.gamma - torch.Size([768]): 
PretrainedInit: load from /mnt/data/pretrained/plantclef_empty_head.pth 

model.blocks.2.norm2.weight - torch.Size([768]): 
PretrainedInit: load from /mnt/data/pretrained/plantclef_empty_head.pth 

model.blocks.2.norm2.bias - torch.Size([768]): 
PretrainedInit: load from /mnt/data/pretrained/plantclef_empty_head.pth 

model.blocks.2.mlp.fc1.weight - torch.Size([3072, 768]): 
PretrainedInit: load from /mnt/data/pretrained/plantclef_empty_head.pth 

model.blocks.2.mlp.fc1.bias - torch.Size([3072]): 
PretrainedInit: load from /mnt/data/pretrained/plantclef_empty_head.pth 

model.blocks.2.mlp.fc2.weight - torch.Size([768, 3072]): 
PretrainedInit: load from /mnt/data/pretrained/plantclef_empty_head.pth 

model.blocks.2.mlp.fc2.bias - torch.Size([768]): 
PretrainedInit: load from /mnt/data/pretrained/plantclef_empty_head.pth 

model.blocks.2.ls2.gamma - torch.Size([768]): 
PretrainedInit: load from /mnt/data/pretrained/plantclef_empty_head.pth 

model.blocks.3.norm1.weight - torch.Size([768]): 
PretrainedInit: load from /mnt/data/pretrained/plantclef_empty_head.pth 

model.blocks.3.norm1.bias - torch.Size([768]): 
PretrainedInit: load from /mnt/data/pretrained/plantclef_empty_head.pth 

model.blocks.3.attn.qkv.weight - torch.Size([2304, 768]): 
PretrainedInit: load from /mnt/data/pretrained/plantclef_empty_head.pth 

model.blocks.3.attn.qkv.bias - torch.Size([2304]): 
PretrainedInit: load from /mnt/data/pretrained/plantclef_empty_head.pth 

model.blocks.3.attn.proj.weight - torch.Size([768, 768]): 
PretrainedInit: load from /mnt/data/pretrained/plantclef_empty_head.pth 

model.blocks.3.attn.proj.bias - torch.Size([768]): 
PretrainedInit: load from /mnt/data/pretrained/plantclef_empty_head.pth 

model.blocks.3.ls1.gamma - torch.Size([768]): 
PretrainedInit: load from /mnt/data/pretrained/plantclef_empty_head.pth 

model.blocks.3.norm2.weight - torch.Size([768]): 
PretrainedInit: load from /mnt/data/pretrained/plantclef_empty_head.pth 

model.blocks.3.norm2.bias - torch.Size([768]): 
PretrainedInit: load from /mnt/data/pretrained/plantclef_empty_head.pth 

model.blocks.3.mlp.fc1.weight - torch.Size([3072, 768]): 
PretrainedInit: load from /mnt/data/pretrained/plantclef_empty_head.pth 

model.blocks.3.mlp.fc1.bias - torch.Size([3072]): 
PretrainedInit: load from /mnt/data/pretrained/plantclef_empty_head.pth 

model.blocks.3.mlp.fc2.weight - torch.Size([768, 3072]): 
PretrainedInit: load from /mnt/data/pretrained/plantclef_empty_head.pth 

model.blocks.3.mlp.fc2.bias - torch.Size([768]): 
PretrainedInit: load from /mnt/data/pretrained/plantclef_empty_head.pth 

model.blocks.3.ls2.gamma - torch.Size([768]): 
PretrainedInit: load from /mnt/data/pretrained/plantclef_empty_head.pth 

model.blocks.4.norm1.weight - torch.Size([768]): 
PretrainedInit: load from /mnt/data/pretrained/plantclef_empty_head.pth 

model.blocks.4.norm1.bias - torch.Size([768]): 
PretrainedInit: load from /mnt/data/pretrained/plantclef_empty_head.pth 

model.blocks.4.attn.qkv.weight - torch.Size([2304, 768]): 
PretrainedInit: load from /mnt/data/pretrained/plantclef_empty_head.pth 

model.blocks.4.attn.qkv.bias - torch.Size([2304]): 
PretrainedInit: load from /mnt/data/pretrained/plantclef_empty_head.pth 

model.blocks.4.attn.proj.weight - torch.Size([768, 768]): 
PretrainedInit: load from /mnt/data/pretrained/plantclef_empty_head.pth 

model.blocks.4.attn.proj.bias - torch.Size([768]): 
PretrainedInit: load from /mnt/data/pretrained/plantclef_empty_head.pth 

model.blocks.4.ls1.gamma - torch.Size([768]): 
PretrainedInit: load from /mnt/data/pretrained/plantclef_empty_head.pth 

model.blocks.4.norm2.weight - torch.Size([768]): 
PretrainedInit: load from /mnt/data/pretrained/plantclef_empty_head.pth 

model.blocks.4.norm2.bias - torch.Size([768]): 
PretrainedInit: load from /mnt/data/pretrained/plantclef_empty_head.pth 

model.blocks.4.mlp.fc1.weight - torch.Size([3072, 768]): 
PretrainedInit: load from /mnt/data/pretrained/plantclef_empty_head.pth 

model.blocks.4.mlp.fc1.bias - torch.Size([3072]): 
PretrainedInit: load from /mnt/data/pretrained/plantclef_empty_head.pth 

model.blocks.4.mlp.fc2.weight - torch.Size([768, 3072]): 
PretrainedInit: load from /mnt/data/pretrained/plantclef_empty_head.pth 

model.blocks.4.mlp.fc2.bias - torch.Size([768]): 
PretrainedInit: load from /mnt/data/pretrained/plantclef_empty_head.pth 

model.blocks.4.ls2.gamma - torch.Size([768]): 
PretrainedInit: load from /mnt/data/pretrained/plantclef_empty_head.pth 

model.blocks.5.norm1.weight - torch.Size([768]): 
PretrainedInit: load from /mnt/data/pretrained/plantclef_empty_head.pth 

model.blocks.5.norm1.bias - torch.Size([768]): 
PretrainedInit: load from /mnt/data/pretrained/plantclef_empty_head.pth 

model.blocks.5.attn.qkv.weight - torch.Size([2304, 768]): 
PretrainedInit: load from /mnt/data/pretrained/plantclef_empty_head.pth 

model.blocks.5.attn.qkv.bias - torch.Size([2304]): 
PretrainedInit: load from /mnt/data/pretrained/plantclef_empty_head.pth 

model.blocks.5.attn.proj.weight - torch.Size([768, 768]): 
PretrainedInit: load from /mnt/data/pretrained/plantclef_empty_head.pth 

model.blocks.5.attn.proj.bias - torch.Size([768]): 
PretrainedInit: load from /mnt/data/pretrained/plantclef_empty_head.pth 

model.blocks.5.ls1.gamma - torch.Size([768]): 
PretrainedInit: load from /mnt/data/pretrained/plantclef_empty_head.pth 

model.blocks.5.norm2.weight - torch.Size([768]): 
PretrainedInit: load from /mnt/data/pretrained/plantclef_empty_head.pth 

model.blocks.5.norm2.bias - torch.Size([768]): 
PretrainedInit: load from /mnt/data/pretrained/plantclef_empty_head.pth 

model.blocks.5.mlp.fc1.weight - torch.Size([3072, 768]): 
PretrainedInit: load from /mnt/data/pretrained/plantclef_empty_head.pth 

model.blocks.5.mlp.fc1.bias - torch.Size([3072]): 
PretrainedInit: load from /mnt/data/pretrained/plantclef_empty_head.pth 

model.blocks.5.mlp.fc2.weight - torch.Size([768, 3072]): 
PretrainedInit: load from /mnt/data/pretrained/plantclef_empty_head.pth 

model.blocks.5.mlp.fc2.bias - torch.Size([768]): 
PretrainedInit: load from /mnt/data/pretrained/plantclef_empty_head.pth 

model.blocks.5.ls2.gamma - torch.Size([768]): 
PretrainedInit: load from /mnt/data/pretrained/plantclef_empty_head.pth 

model.blocks.6.norm1.weight - torch.Size([768]): 
PretrainedInit: load from /mnt/data/pretrained/plantclef_empty_head.pth 

model.blocks.6.norm1.bias - torch.Size([768]): 
PretrainedInit: load from /mnt/data/pretrained/plantclef_empty_head.pth 

model.blocks.6.attn.qkv.weight - torch.Size([2304, 768]): 
PretrainedInit: load from /mnt/data/pretrained/plantclef_empty_head.pth 

model.blocks.6.attn.qkv.bias - torch.Size([2304]): 
PretrainedInit: load from /mnt/data/pretrained/plantclef_empty_head.pth 

model.blocks.6.attn.proj.weight - torch.Size([768, 768]): 
PretrainedInit: load from /mnt/data/pretrained/plantclef_empty_head.pth 

model.blocks.6.attn.proj.bias - torch.Size([768]): 
PretrainedInit: load from /mnt/data/pretrained/plantclef_empty_head.pth 

model.blocks.6.ls1.gamma - torch.Size([768]): 
PretrainedInit: load from /mnt/data/pretrained/plantclef_empty_head.pth 

model.blocks.6.norm2.weight - torch.Size([768]): 
PretrainedInit: load from /mnt/data/pretrained/plantclef_empty_head.pth 

model.blocks.6.norm2.bias - torch.Size([768]): 
PretrainedInit: load from /mnt/data/pretrained/plantclef_empty_head.pth 

model.blocks.6.mlp.fc1.weight - torch.Size([3072, 768]): 
PretrainedInit: load from /mnt/data/pretrained/plantclef_empty_head.pth 

model.blocks.6.mlp.fc1.bias - torch.Size([3072]): 
PretrainedInit: load from /mnt/data/pretrained/plantclef_empty_head.pth 

model.blocks.6.mlp.fc2.weight - torch.Size([768, 3072]): 
PretrainedInit: load from /mnt/data/pretrained/plantclef_empty_head.pth 

model.blocks.6.mlp.fc2.bias - torch.Size([768]): 
PretrainedInit: load from /mnt/data/pretrained/plantclef_empty_head.pth 

model.blocks.6.ls2.gamma - torch.Size([768]): 
PretrainedInit: load from /mnt/data/pretrained/plantclef_empty_head.pth 

model.blocks.7.norm1.weight - torch.Size([768]): 
PretrainedInit: load from /mnt/data/pretrained/plantclef_empty_head.pth 

model.blocks.7.norm1.bias - torch.Size([768]): 
PretrainedInit: load from /mnt/data/pretrained/plantclef_empty_head.pth 

model.blocks.7.attn.qkv.weight - torch.Size([2304, 768]): 
PretrainedInit: load from /mnt/data/pretrained/plantclef_empty_head.pth 

model.blocks.7.attn.qkv.bias - torch.Size([2304]): 
PretrainedInit: load from /mnt/data/pretrained/plantclef_empty_head.pth 

model.blocks.7.attn.proj.weight - torch.Size([768, 768]): 
PretrainedInit: load from /mnt/data/pretrained/plantclef_empty_head.pth 

model.blocks.7.attn.proj.bias - torch.Size([768]): 
PretrainedInit: load from /mnt/data/pretrained/plantclef_empty_head.pth 

model.blocks.7.ls1.gamma - torch.Size([768]): 
PretrainedInit: load from /mnt/data/pretrained/plantclef_empty_head.pth 

model.blocks.7.norm2.weight - torch.Size([768]): 
PretrainedInit: load from /mnt/data/pretrained/plantclef_empty_head.pth 

model.blocks.7.norm2.bias - torch.Size([768]): 
PretrainedInit: load from /mnt/data/pretrained/plantclef_empty_head.pth 

model.blocks.7.mlp.fc1.weight - torch.Size([3072, 768]): 
PretrainedInit: load from /mnt/data/pretrained/plantclef_empty_head.pth 

model.blocks.7.mlp.fc1.bias - torch.Size([3072]): 
PretrainedInit: load from /mnt/data/pretrained/plantclef_empty_head.pth 

model.blocks.7.mlp.fc2.weight - torch.Size([768, 3072]): 
PretrainedInit: load from /mnt/data/pretrained/plantclef_empty_head.pth 

model.blocks.7.mlp.fc2.bias - torch.Size([768]): 
PretrainedInit: load from /mnt/data/pretrained/plantclef_empty_head.pth 

model.blocks.7.ls2.gamma - torch.Size([768]): 
PretrainedInit: load from /mnt/data/pretrained/plantclef_empty_head.pth 

model.blocks.8.norm1.weight - torch.Size([768]): 
PretrainedInit: load from /mnt/data/pretrained/plantclef_empty_head.pth 

model.blocks.8.norm1.bias - torch.Size([768]): 
PretrainedInit: load from /mnt/data/pretrained/plantclef_empty_head.pth 

model.blocks.8.attn.qkv.weight - torch.Size([2304, 768]): 
PretrainedInit: load from /mnt/data/pretrained/plantclef_empty_head.pth 

model.blocks.8.attn.qkv.bias - torch.Size([2304]): 
PretrainedInit: load from /mnt/data/pretrained/plantclef_empty_head.pth 

model.blocks.8.attn.proj.weight - torch.Size([768, 768]): 
PretrainedInit: load from /mnt/data/pretrained/plantclef_empty_head.pth 

model.blocks.8.attn.proj.bias - torch.Size([768]): 
PretrainedInit: load from /mnt/data/pretrained/plantclef_empty_head.pth 

model.blocks.8.ls1.gamma - torch.Size([768]): 
PretrainedInit: load from /mnt/data/pretrained/plantclef_empty_head.pth 

model.blocks.8.norm2.weight - torch.Size([768]): 
PretrainedInit: load from /mnt/data/pretrained/plantclef_empty_head.pth 

model.blocks.8.norm2.bias - torch.Size([768]): 
PretrainedInit: load from /mnt/data/pretrained/plantclef_empty_head.pth 

model.blocks.8.mlp.fc1.weight - torch.Size([3072, 768]): 
PretrainedInit: load from /mnt/data/pretrained/plantclef_empty_head.pth 

model.blocks.8.mlp.fc1.bias - torch.Size([3072]): 
PretrainedInit: load from /mnt/data/pretrained/plantclef_empty_head.pth 

model.blocks.8.mlp.fc2.weight - torch.Size([768, 3072]): 
PretrainedInit: load from /mnt/data/pretrained/plantclef_empty_head.pth 

model.blocks.8.mlp.fc2.bias - torch.Size([768]): 
PretrainedInit: load from /mnt/data/pretrained/plantclef_empty_head.pth 

model.blocks.8.ls2.gamma - torch.Size([768]): 
PretrainedInit: load from /mnt/data/pretrained/plantclef_empty_head.pth 

model.blocks.9.norm1.weight - torch.Size([768]): 
PretrainedInit: load from /mnt/data/pretrained/plantclef_empty_head.pth 

model.blocks.9.norm1.bias - torch.Size([768]): 
PretrainedInit: load from /mnt/data/pretrained/plantclef_empty_head.pth 

model.blocks.9.attn.qkv.weight - torch.Size([2304, 768]): 
PretrainedInit: load from /mnt/data/pretrained/plantclef_empty_head.pth 

model.blocks.9.attn.qkv.bias - torch.Size([2304]): 
PretrainedInit: load from /mnt/data/pretrained/plantclef_empty_head.pth 

model.blocks.9.attn.proj.weight - torch.Size([768, 768]): 
PretrainedInit: load from /mnt/data/pretrained/plantclef_empty_head.pth 

model.blocks.9.attn.proj.bias - torch.Size([768]): 
PretrainedInit: load from /mnt/data/pretrained/plantclef_empty_head.pth 

model.blocks.9.ls1.gamma - torch.Size([768]): 
PretrainedInit: load from /mnt/data/pretrained/plantclef_empty_head.pth 

model.blocks.9.norm2.weight - torch.Size([768]): 
PretrainedInit: load from /mnt/data/pretrained/plantclef_empty_head.pth 

model.blocks.9.norm2.bias - torch.Size([768]): 
PretrainedInit: load from /mnt/data/pretrained/plantclef_empty_head.pth 

model.blocks.9.mlp.fc1.weight - torch.Size([3072, 768]): 
PretrainedInit: load from /mnt/data/pretrained/plantclef_empty_head.pth 

model.blocks.9.mlp.fc1.bias - torch.Size([3072]): 
PretrainedInit: load from /mnt/data/pretrained/plantclef_empty_head.pth 

model.blocks.9.mlp.fc2.weight - torch.Size([768, 3072]): 
PretrainedInit: load from /mnt/data/pretrained/plantclef_empty_head.pth 

model.blocks.9.mlp.fc2.bias - torch.Size([768]): 
PretrainedInit: load from /mnt/data/pretrained/plantclef_empty_head.pth 

model.blocks.9.ls2.gamma - torch.Size([768]): 
PretrainedInit: load from /mnt/data/pretrained/plantclef_empty_head.pth 

model.blocks.10.norm1.weight - torch.Size([768]): 
PretrainedInit: load from /mnt/data/pretrained/plantclef_empty_head.pth 

model.blocks.10.norm1.bias - torch.Size([768]): 
PretrainedInit: load from /mnt/data/pretrained/plantclef_empty_head.pth 

model.blocks.10.attn.qkv.weight - torch.Size([2304, 768]): 
PretrainedInit: load from /mnt/data/pretrained/plantclef_empty_head.pth 

model.blocks.10.attn.qkv.bias - torch.Size([2304]): 
PretrainedInit: load from /mnt/data/pretrained/plantclef_empty_head.pth 

model.blocks.10.attn.proj.weight - torch.Size([768, 768]): 
PretrainedInit: load from /mnt/data/pretrained/plantclef_empty_head.pth 

model.blocks.10.attn.proj.bias - torch.Size([768]): 
PretrainedInit: load from /mnt/data/pretrained/plantclef_empty_head.pth 

model.blocks.10.ls1.gamma - torch.Size([768]): 
PretrainedInit: load from /mnt/data/pretrained/plantclef_empty_head.pth 

model.blocks.10.norm2.weight - torch.Size([768]): 
PretrainedInit: load from /mnt/data/pretrained/plantclef_empty_head.pth 

model.blocks.10.norm2.bias - torch.Size([768]): 
PretrainedInit: load from /mnt/data/pretrained/plantclef_empty_head.pth 

model.blocks.10.mlp.fc1.weight - torch.Size([3072, 768]): 
PretrainedInit: load from /mnt/data/pretrained/plantclef_empty_head.pth 

model.blocks.10.mlp.fc1.bias - torch.Size([3072]): 
PretrainedInit: load from /mnt/data/pretrained/plantclef_empty_head.pth 

model.blocks.10.mlp.fc2.weight - torch.Size([768, 3072]): 
PretrainedInit: load from /mnt/data/pretrained/plantclef_empty_head.pth 

model.blocks.10.mlp.fc2.bias - torch.Size([768]): 
PretrainedInit: load from /mnt/data/pretrained/plantclef_empty_head.pth 

model.blocks.10.ls2.gamma - torch.Size([768]): 
PretrainedInit: load from /mnt/data/pretrained/plantclef_empty_head.pth 

model.blocks.11.norm1.weight - torch.Size([768]): 
PretrainedInit: load from /mnt/data/pretrained/plantclef_empty_head.pth 

model.blocks.11.norm1.bias - torch.Size([768]): 
PretrainedInit: load from /mnt/data/pretrained/plantclef_empty_head.pth 

model.blocks.11.attn.qkv.weight - torch.Size([2304, 768]): 
PretrainedInit: load from /mnt/data/pretrained/plantclef_empty_head.pth 

model.blocks.11.attn.qkv.bias - torch.Size([2304]): 
PretrainedInit: load from /mnt/data/pretrained/plantclef_empty_head.pth 

model.blocks.11.attn.proj.weight - torch.Size([768, 768]): 
PretrainedInit: load from /mnt/data/pretrained/plantclef_empty_head.pth 

model.blocks.11.attn.proj.bias - torch.Size([768]): 
PretrainedInit: load from /mnt/data/pretrained/plantclef_empty_head.pth 

model.blocks.11.ls1.gamma - torch.Size([768]): 
PretrainedInit: load from /mnt/data/pretrained/plantclef_empty_head.pth 

model.blocks.11.norm2.weight - torch.Size([768]): 
PretrainedInit: load from /mnt/data/pretrained/plantclef_empty_head.pth 

model.blocks.11.norm2.bias - torch.Size([768]): 
PretrainedInit: load from /mnt/data/pretrained/plantclef_empty_head.pth 

model.blocks.11.mlp.fc1.weight - torch.Size([3072, 768]): 
PretrainedInit: load from /mnt/data/pretrained/plantclef_empty_head.pth 

model.blocks.11.mlp.fc1.bias - torch.Size([3072]): 
PretrainedInit: load from /mnt/data/pretrained/plantclef_empty_head.pth 

model.blocks.11.mlp.fc2.weight - torch.Size([768, 3072]): 
PretrainedInit: load from /mnt/data/pretrained/plantclef_empty_head.pth 

model.blocks.11.mlp.fc2.bias - torch.Size([768]): 
PretrainedInit: load from /mnt/data/pretrained/plantclef_empty_head.pth 

model.blocks.11.ls2.gamma - torch.Size([768]): 
PretrainedInit: load from /mnt/data/pretrained/plantclef_empty_head.pth 

model.norm.weight - torch.Size([768]): 
PretrainedInit: load from /mnt/data/pretrained/plantclef_empty_head.pth 

model.norm.bias - torch.Size([768]): 
PretrainedInit: load from /mnt/data/pretrained/plantclef_empty_head.pth 

model.head.weight - torch.Size([7806, 768]): 
PretrainedInit: load from /mnt/data/pretrained/plantclef_empty_head.pth 

model.head.bias - torch.Size([7806]): 
PretrainedInit: load from /mnt/data/pretrained/plantclef_empty_head.pth 
2024/06/19 17:57:33 - mmengine - WARNING - "FileClient" will be deprecated in future. Please use io functions in https://mmengine.readthedocs.io/en/latest/api/fileio.html#file-io
2024/06/19 17:57:33 - mmengine - WARNING - "HardDiskBackend" is the alias of "LocalBackend" and the former will be deprecated in future.
2024/06/19 17:57:33 - mmengine - INFO - Checkpoints will be saved to /root/weed-detection/work_dirs/plantclef-pretrained.
2024/06/19 17:58:43 - mmengine - INFO - Epoch(train)  [1][ 100/3069]  base_lr: 1.0000e-03 lr: 1.0000e-03  eta: 8:53:18  time: 0.5522  data_time: 0.0015  memory: 9769  loss: 7.7487
2024/06/19 17:59:37 - mmengine - INFO - Epoch(train)  [1][ 200/3069]  base_lr: 1.0000e-03 lr: 1.0000e-03  eta: 7:55:09  time: 0.5402  data_time: 0.0016  memory: 9769  loss: 7.7980
2024/06/19 18:00:32 - mmengine - INFO - Epoch(train)  [1][ 300/3069]  base_lr: 1.0000e-03 lr: 1.0000e-03  eta: 7:35:14  time: 0.5459  data_time: 0.0015  memory: 9769  loss: 7.9460
2024/06/19 18:01:27 - mmengine - INFO - Epoch(train)  [1][ 400/3069]  base_lr: 1.0000e-03 lr: 1.0000e-03  eta: 7:25:37  time: 0.5511  data_time: 0.0011  memory: 9769  loss: 7.5637
2024/06/19 18:02:22 - mmengine - INFO - Epoch(train)  [1][ 500/3069]  base_lr: 1.0000e-03 lr: 1.0000e-03  eta: 7:19:31  time: 0.5450  data_time: 0.0015  memory: 9769  loss: 7.6860
2024/06/19 18:03:17 - mmengine - INFO - Epoch(train)  [1][ 600/3069]  base_lr: 1.0000e-03 lr: 1.0000e-03  eta: 7:14:49  time: 0.5492  data_time: 0.0014  memory: 9769  loss: 7.4671
2024/06/19 18:04:12 - mmengine - INFO - Epoch(train)  [1][ 700/3069]  base_lr: 1.0000e-03 lr: 1.0000e-03  eta: 7:11:15  time: 0.5428  data_time: 0.0011  memory: 9769  loss: 7.1739
2024/06/19 18:05:07 - mmengine - INFO - Epoch(train)  [1][ 800/3069]  base_lr: 1.0000e-03 lr: 1.0000e-03  eta: 7:08:24  time: 0.5461  data_time: 0.0014  memory: 9769  loss: 7.1977
2024/06/19 18:06:03 - mmengine - INFO - Epoch(train)  [1][ 900/3069]  base_lr: 1.0000e-03 lr: 1.0000e-03  eta: 7:06:09  time: 0.5581  data_time: 0.0019  memory: 9769  loss: 7.0262
2024/06/19 18:06:58 - mmengine - INFO - Exp name: plantclef-pretrained_20240619_175720
2024/06/19 18:06:58 - mmengine - INFO - Epoch(train)  [1][1000/3069]  base_lr: 1.0000e-03 lr: 1.0000e-03  eta: 7:03:57  time: 0.5507  data_time: 0.0014  memory: 9769  loss: 7.0024
2024/06/19 18:07:53 - mmengine - INFO - Epoch(train)  [1][1100/3069]  base_lr: 1.0000e-03 lr: 1.0000e-03  eta: 7:02:00  time: 0.5480  data_time: 0.0011  memory: 9769  loss: 7.0686
2024/06/19 18:08:48 - mmengine - INFO - Epoch(train)  [1][1200/3069]  base_lr: 1.0000e-03 lr: 1.0000e-03  eta: 7:00:08  time: 0.5477  data_time: 0.0015  memory: 9769  loss: 6.9363
2024/06/19 18:09:43 - mmengine - INFO - Epoch(train)  [1][1300/3069]  base_lr: 1.0000e-03 lr: 1.0000e-03  eta: 6:58:34  time: 0.5635  data_time: 0.0017  memory: 9769  loss: 6.8871
2024/06/19 18:10:38 - mmengine - INFO - Epoch(train)  [1][1400/3069]  base_lr: 1.0000e-03 lr: 1.0000e-03  eta: 6:57:16  time: 0.5438  data_time: 0.0016  memory: 9769  loss: 6.7897
2024/06/19 18:11:33 - mmengine - INFO - Epoch(train)  [1][1500/3069]  base_lr: 1.0000e-03 lr: 1.0000e-03  eta: 6:55:35  time: 0.5480  data_time: 0.0013  memory: 9769  loss: 6.8135
2024/06/19 18:12:27 - mmengine - INFO - Epoch(train)  [1][1600/3069]  base_lr: 1.0000e-03 lr: 1.0000e-03  eta: 6:54:04  time: 0.5458  data_time: 0.0014  memory: 9769  loss: 7.0166
2024/06/19 18:13:23 - mmengine - INFO - Epoch(train)  [1][1700/3069]  base_lr: 1.0000e-03 lr: 1.0000e-03  eta: 6:52:50  time: 0.5593  data_time: 0.0020  memory: 9769  loss: 6.6129
2024/06/19 18:14:17 - mmengine - INFO - Epoch(train)  [1][1800/3069]  base_lr: 1.0000e-03 lr: 1.0000e-03  eta: 6:51:28  time: 0.5466  data_time: 0.0012  memory: 9769  loss: 6.8228
2024/06/19 18:15:13 - mmengine - INFO - Epoch(train)  [1][1900/3069]  base_lr: 1.0000e-03 lr: 1.0000e-03  eta: 6:50:21  time: 0.5617  data_time: 0.0018  memory: 9769  loss: 7.1948
2024/06/19 18:16:08 - mmengine - INFO - Exp name: plantclef-pretrained_20240619_175720
2024/06/19 18:16:08 - mmengine - INFO - Epoch(train)  [1][2000/3069]  base_lr: 1.0000e-03 lr: 1.0000e-03  eta: 6:49:07  time: 0.5478  data_time: 0.0015  memory: 9769  loss: 6.3695
2024/06/19 18:17:03 - mmengine - INFO - Epoch(train)  [1][2100/3069]  base_lr: 1.0000e-03 lr: 1.0000e-03  eta: 6:47:54  time: 0.5522  data_time: 0.0018  memory: 9769  loss: 7.0603
2024/06/19 18:17:58 - mmengine - INFO - Epoch(train)  [1][2200/3069]  base_lr: 1.0000e-03 lr: 1.0000e-03  eta: 6:46:43  time: 0.5521  data_time: 0.0015  memory: 9769  loss: 6.3972
2024/06/19 18:18:53 - mmengine - INFO - Epoch(train)  [1][2300/3069]  base_lr: 1.0000e-03 lr: 1.0000e-03  eta: 6:45:38  time: 0.5558  data_time: 0.0013  memory: 9769  loss: 6.5647
2024/06/19 18:19:48 - mmengine - INFO - Epoch(train)  [1][2400/3069]  base_lr: 1.0000e-03 lr: 1.0000e-03  eta: 6:44:30  time: 0.5411  data_time: 0.0012  memory: 9769  loss: 6.5665
2024/06/19 18:20:43 - mmengine - INFO - Epoch(train)  [1][2500/3069]  base_lr: 1.0000e-03 lr: 1.0000e-03  eta: 6:43:20  time: 0.5408  data_time: 0.0014  memory: 9769  loss: 6.6609
2024/06/19 18:21:38 - mmengine - INFO - Epoch(train)  [1][2600/3069]  base_lr: 1.0000e-03 lr: 1.0000e-03  eta: 6:42:16  time: 0.5603  data_time: 0.0010  memory: 9769  loss: 6.5271
2024/06/19 18:22:33 - mmengine - INFO - Epoch(train)  [1][2700/3069]  base_lr: 1.0000e-03 lr: 1.0000e-03  eta: 6:41:08  time: 0.5420  data_time: 0.0015  memory: 9769  loss: 6.5611
2024/06/19 18:23:27 - mmengine - INFO - Epoch(train)  [1][2800/3069]  base_lr: 1.0000e-03 lr: 1.0000e-03  eta: 6:39:56  time: 0.5420  data_time: 0.0015  memory: 9769  loss: 6.2011
2024/06/19 18:24:21 - mmengine - INFO - Epoch(train)  [1][2900/3069]  base_lr: 1.0000e-03 lr: 1.0000e-03  eta: 6:38:45  time: 0.5429  data_time: 0.0011  memory: 9769  loss: 6.0879
2024/06/19 18:25:17 - mmengine - INFO - Exp name: plantclef-pretrained_20240619_175720
2024/06/19 18:25:17 - mmengine - INFO - Epoch(train)  [1][3000/3069]  base_lr: 1.0000e-03 lr: 1.0000e-03  eta: 6:37:50  time: 0.5591  data_time: 0.0006  memory: 9769  loss: 6.3820
2024/06/19 18:25:55 - mmengine - INFO - Exp name: plantclef-pretrained_20240619_175720
2024/06/19 18:25:55 - mmengine - INFO - Saving checkpoint at 1 epochs
2024/06/19 18:26:54 - mmengine - INFO - Epoch(val) [1][11/11]    accuracy/top1: 17.8203  accuracy/top5: 29.7244  data_time: 0.9313  time: 4.2750
2024/06/19 18:27:59 - mmengine - INFO - Epoch(train)  [2][ 100/3069]  base_lr: 9.8907e-04 lr: 9.8907e-04  eta: 6:38:15  time: 0.5381  data_time: 0.0010  memory: 9786  loss: 6.0068
2024/06/19 18:28:54 - mmengine - INFO - Epoch(train)  [2][ 200/3069]  base_lr: 9.8907e-04 lr: 9.8907e-04  eta: 6:37:10  time: 0.5386  data_time: 0.0013  memory: 9786  loss: 5.8420
2024/06/19 18:29:48 - mmengine - INFO - Epoch(train)  [2][ 300/3069]  base_lr: 9.8907e-04 lr: 9.8907e-04  eta: 6:35:58  time: 0.5381  data_time: 0.0012  memory: 9786  loss: 5.8962
2024/06/19 18:30:42 - mmengine - INFO - Epoch(train)  [2][ 400/3069]  base_lr: 9.8907e-04 lr: 9.8907e-04  eta: 6:34:44  time: 0.5339  data_time: 0.0011  memory: 9786  loss: 5.9963
2024/06/19 18:31:37 - mmengine - INFO - Epoch(train)  [2][ 500/3069]  base_lr: 9.8907e-04 lr: 9.8907e-04  eta: 6:33:35  time: 0.5367  data_time: 0.0014  memory: 9786  loss: 6.1458
2024/06/19 18:32:31 - mmengine - INFO - Epoch(train)  [2][ 600/3069]  base_lr: 9.8907e-04 lr: 9.8907e-04  eta: 6:32:26  time: 0.5390  data_time: 0.0014  memory: 9786  loss: 6.0422
2024/06/19 18:33:26 - mmengine - INFO - Epoch(train)  [2][ 700/3069]  base_lr: 9.8907e-04 lr: 9.8907e-04  eta: 6:31:26  time: 0.5615  data_time: 0.0016  memory: 9786  loss: 5.8498
2024/06/19 18:34:22 - mmengine - INFO - Epoch(train)  [2][ 800/3069]  base_lr: 9.8907e-04 lr: 9.8907e-04  eta: 6:30:30  time: 0.5494  data_time: 0.0012  memory: 9786  loss: 6.0012
2024/06/19 18:35:17 - mmengine - INFO - Epoch(train)  [2][ 900/3069]  base_lr: 9.8907e-04 lr: 9.8907e-04  eta: 6:29:26  time: 0.5386  data_time: 0.0012  memory: 9786  loss: 6.1466
2024/06/19 18:35:33 - mmengine - INFO - Exp name: plantclef-pretrained_20240619_175720
2024/06/19 18:36:11 - mmengine - INFO - Epoch(train)  [2][1000/3069]  base_lr: 9.8907e-04 lr: 9.8907e-04  eta: 6:28:18  time: 0.5397  data_time: 0.0012  memory: 9786  loss: 6.1934
2024/06/19 18:37:06 - mmengine - INFO - Epoch(train)  [2][1100/3069]  base_lr: 9.8907e-04 lr: 9.8907e-04  eta: 6:27:12  time: 0.5590  data_time: 0.0016  memory: 9786  loss: 5.6918
2024/06/19 18:38:00 - mmengine - INFO - Epoch(train)  [2][1200/3069]  base_lr: 9.8907e-04 lr: 9.8907e-04  eta: 6:26:07  time: 0.5444  data_time: 0.0014  memory: 9786  loss: 5.5971
2024/06/19 18:38:55 - mmengine - INFO - Epoch(train)  [2][1300/3069]  base_lr: 9.8907e-04 lr: 9.8907e-04  eta: 6:25:03  time: 0.5565  data_time: 0.0014  memory: 9786  loss: 5.5997
2024/06/19 18:39:50 - mmengine - INFO - Epoch(train)  [2][1400/3069]  base_lr: 9.8907e-04 lr: 9.8907e-04  eta: 6:24:05  time: 0.5465  data_time: 0.0013  memory: 9786  loss: 5.7526
2024/06/19 18:40:45 - mmengine - INFO - Epoch(train)  [2][1500/3069]  base_lr: 9.8907e-04 lr: 9.8907e-04  eta: 6:23:05  time: 0.5551  data_time: 0.0018  memory: 9786  loss: 5.8118
2024/06/19 18:41:40 - mmengine - INFO - Epoch(train)  [2][1600/3069]  base_lr: 9.8907e-04 lr: 9.8907e-04  eta: 6:22:07  time: 0.5439  data_time: 0.0013  memory: 9786  loss: 5.5931
2024/06/19 18:42:34 - mmengine - INFO - Epoch(train)  [2][1700/3069]  base_lr: 9.8907e-04 lr: 9.8907e-04  eta: 6:21:02  time: 0.5379  data_time: 0.0013  memory: 9786  loss: 5.7611
2024/06/19 18:43:29 - mmengine - INFO - Epoch(train)  [2][1800/3069]  base_lr: 9.8907e-04 lr: 9.8907e-04  eta: 6:19:58  time: 0.5386  data_time: 0.0012  memory: 9786  loss: 5.6481
2024/06/19 18:44:23 - mmengine - INFO - Epoch(train)  [2][1900/3069]  base_lr: 9.8907e-04 lr: 9.8907e-04  eta: 6:18:54  time: 0.5589  data_time: 0.0012  memory: 9786  loss: 5.9043
2024/06/19 18:44:40 - mmengine - INFO - Exp name: plantclef-pretrained_20240619_175720
2024/06/19 18:45:18 - mmengine - INFO - Epoch(train)  [2][2000/3069]  base_lr: 9.8907e-04 lr: 9.8907e-04  eta: 6:17:59  time: 0.5620  data_time: 0.0012  memory: 9786  loss: 5.7972
2024/06/19 18:46:14 - mmengine - INFO - Epoch(train)  [2][2100/3069]  base_lr: 9.8907e-04 lr: 9.8907e-04  eta: 6:17:03  time: 0.5621  data_time: 0.0012  memory: 9786  loss: 5.8234
2024/06/19 18:47:08 - mmengine - INFO - Epoch(train)  [2][2200/3069]  base_lr: 9.8907e-04 lr: 9.8907e-04  eta: 6:16:02  time: 0.5437  data_time: 0.0012  memory: 9786  loss: 5.5159
2024/06/19 18:48:04 - mmengine - INFO - Epoch(train)  [2][2300/3069]  base_lr: 9.8907e-04 lr: 9.8907e-04  eta: 6:15:09  time: 0.5559  data_time: 0.0013  memory: 9786  loss: 5.4138
2024/06/19 18:48:58 - mmengine - INFO - Epoch(train)  [2][2400/3069]  base_lr: 9.8907e-04 lr: 9.8907e-04  eta: 6:14:07  time: 0.5485  data_time: 0.0019  memory: 9786  loss: 5.9196
2024/06/19 18:49:54 - mmengine - INFO - Epoch(train)  [2][2500/3069]  base_lr: 9.8907e-04 lr: 9.8907e-04  eta: 6:13:10  time: 0.5458  data_time: 0.0014  memory: 9786  loss: 5.6134
2024/06/19 18:50:49 - mmengine - INFO - Epoch(train)  [2][2600/3069]  base_lr: 9.8907e-04 lr: 9.8907e-04  eta: 6:12:16  time: 0.5589  data_time: 0.0017  memory: 9786  loss: 5.4095
2024/06/19 18:51:44 - mmengine - INFO - Epoch(train)  [2][2700/3069]  base_lr: 9.8907e-04 lr: 9.8907e-04  eta: 6:11:16  time: 0.5524  data_time: 0.0013  memory: 9786  loss: 5.4400
2024/06/19 18:52:38 - mmengine - INFO - Epoch(train)  [2][2800/3069]  base_lr: 9.8907e-04 lr: 9.8907e-04  eta: 6:10:15  time: 0.5415  data_time: 0.0013  memory: 9786  loss: 5.3115
2024/06/19 18:53:33 - mmengine - INFO - Epoch(train)  [2][2900/3069]  base_lr: 9.8907e-04 lr: 9.8907e-04  eta: 6:09:18  time: 0.5375  data_time: 0.0014  memory: 9786  loss: 5.3447
2024/06/19 18:53:50 - mmengine - INFO - Exp name: plantclef-pretrained_20240619_175720
2024/06/19 18:54:28 - mmengine - INFO - Epoch(train)  [2][3000/3069]  base_lr: 9.8907e-04 lr: 9.8907e-04  eta: 6:08:17  time: 0.5601  data_time: 0.0008  memory: 9786  loss: 5.6108
2024/06/19 18:55:06 - mmengine - INFO - Exp name: plantclef-pretrained_20240619_175720
2024/06/19 18:55:06 - mmengine - INFO - Saving checkpoint at 2 epochs
2024/06/19 18:55:59 - mmengine - INFO - Epoch(val) [2][11/11]    accuracy/top1: 22.5334  accuracy/top5: 36.5383  data_time: 0.2257  time: 3.5218
2024/06/19 18:57:03 - mmengine - INFO - Epoch(train)  [3][ 100/3069]  base_lr: 9.5677e-04 lr: 9.5677e-04  eta: 6:07:43  time: 0.5457  data_time: 0.0013  memory: 9786  loss: 4.9685
2024/06/19 18:57:58 - mmengine - INFO - Epoch(train)  [3][ 200/3069]  base_lr: 9.5677e-04 lr: 9.5677e-04  eta: 6:06:44  time: 0.5447  data_time: 0.0012  memory: 9786  loss: 5.2848
2024/06/19 18:58:53 - mmengine - INFO - Epoch(train)  [3][ 300/3069]  base_lr: 9.5677e-04 lr: 9.5677e-04  eta: 6:05:46  time: 0.5444  data_time: 0.0013  memory: 9786  loss: 5.5962
2024/06/19 18:59:49 - mmengine - INFO - Epoch(train)  [3][ 400/3069]  base_lr: 9.5677e-04 lr: 9.5677e-04  eta: 6:04:51  time: 0.5611  data_time: 0.0016  memory: 9786  loss: 5.5603
2024/06/19 19:00:44 - mmengine - INFO - Epoch(train)  [3][ 500/3069]  base_lr: 9.5677e-04 lr: 9.5677e-04  eta: 6:03:55  time: 0.5486  data_time: 0.0015  memory: 9786  loss: 4.7634
2024/06/19 19:01:40 - mmengine - INFO - Epoch(train)  [3][ 600/3069]  base_lr: 9.5677e-04 lr: 9.5677e-04  eta: 6:03:00  time: 0.5634  data_time: 0.0011  memory: 9786  loss: 5.0014
2024/06/19 19:02:34 - mmengine - INFO - Epoch(train)  [3][ 700/3069]  base_lr: 9.5677e-04 lr: 9.5677e-04  eta: 6:02:00  time: 0.5599  data_time: 0.0012  memory: 9786  loss: 4.6200
2024/06/19 19:03:28 - mmengine - INFO - Epoch(train)  [3][ 800/3069]  base_lr: 9.5677e-04 lr: 9.5677e-04  eta: 6:00:58  time: 0.5474  data_time: 0.0012  memory: 9786  loss: 4.9062
2024/06/19 19:04:02 - mmengine - INFO - Exp name: plantclef-pretrained_20240619_175720
2024/06/19 19:04:23 - mmengine - INFO - Epoch(train)  [3][ 900/3069]  base_lr: 9.5677e-04 lr: 9.5677e-04  eta: 5:59:57  time: 0.5352  data_time: 0.0012  memory: 9786  loss: 5.2239
2024/06/19 19:05:17 - mmengine - INFO - Epoch(train)  [3][1000/3069]  base_lr: 9.5677e-04 lr: 9.5677e-04  eta: 5:58:57  time: 0.5578  data_time: 0.0012  memory: 9786  loss: 4.7756
2024/06/19 19:06:12 - mmengine - INFO - Epoch(train)  [3][1100/3069]  base_lr: 9.5677e-04 lr: 9.5677e-04  eta: 5:57:58  time: 0.5469  data_time: 0.0013  memory: 9786  loss: 5.2928
2024/06/19 19:07:07 - mmengine - INFO - Epoch(train)  [3][1200/3069]  base_lr: 9.5677e-04 lr: 9.5677e-04  eta: 5:57:00  time: 0.5390  data_time: 0.0013  memory: 9786  loss: 4.5179
2024/06/19 19:08:02 - mmengine - INFO - Epoch(train)  [3][1300/3069]  base_lr: 9.5677e-04 lr: 9.5677e-04  eta: 5:56:02  time: 0.5403  data_time: 0.0012  memory: 9786  loss: 5.3527
2024/06/19 19:08:57 - mmengine - INFO - Epoch(train)  [3][1400/3069]  base_lr: 9.5677e-04 lr: 9.5677e-04  eta: 5:55:04  time: 0.5632  data_time: 0.0012  memory: 9786  loss: 4.9638
2024/06/19 19:09:52 - mmengine - INFO - Epoch(train)  [3][1500/3069]  base_lr: 9.5677e-04 lr: 9.5677e-04  eta: 5:54:07  time: 0.5452  data_time: 0.0012  memory: 9786  loss: 4.9510
2024/06/19 19:10:47 - mmengine - INFO - Epoch(train)  [3][1600/3069]  base_lr: 9.5677e-04 lr: 9.5677e-04  eta: 5:53:10  time: 0.5438  data_time: 0.0013  memory: 9786  loss: 4.9586
2024/06/19 19:11:41 - mmengine - INFO - Epoch(train)  [3][1700/3069]  base_lr: 9.5677e-04 lr: 9.5677e-04  eta: 5:52:10  time: 0.5451  data_time: 0.0015  memory: 9786  loss: 5.1911
2024/06/19 19:12:36 - mmengine - INFO - Epoch(train)  [3][1800/3069]  base_lr: 9.5677e-04 lr: 9.5677e-04  eta: 5:51:14  time: 0.5599  data_time: 0.0012  memory: 9786  loss: 5.1084
2024/06/19 19:13:11 - mmengine - INFO - Exp name: plantclef-pretrained_20240619_175720
2024/06/19 19:13:32 - mmengine - INFO - Epoch(train)  [3][1900/3069]  base_lr: 9.5677e-04 lr: 9.5677e-04  eta: 5:50:22  time: 0.5425  data_time: 0.0014  memory: 9786  loss: 4.9370
2024/06/19 19:14:28 - mmengine - INFO - Epoch(train)  [3][2000/3069]  base_lr: 9.5677e-04 lr: 9.5677e-04  eta: 5:49:29  time: 0.5664  data_time: 0.0013  memory: 9786  loss: 4.7298
2024/06/19 19:15:23 - mmengine - INFO - Epoch(train)  [3][2100/3069]  base_lr: 9.5677e-04 lr: 9.5677e-04  eta: 5:48:32  time: 0.5519  data_time: 0.0013  memory: 9786  loss: 4.9349
2024/06/19 19:16:18 - mmengine - INFO - Epoch(train)  [3][2200/3069]  base_lr: 9.5677e-04 lr: 9.5677e-04  eta: 5:47:33  time: 0.5477  data_time: 0.0015  memory: 9786  loss: 4.8080
2024/06/19 19:17:13 - mmengine - INFO - Epoch(train)  [3][2300/3069]  base_lr: 9.5677e-04 lr: 9.5677e-04  eta: 5:46:37  time: 0.5627  data_time: 0.0012  memory: 9786  loss: 4.8912
2024/06/19 19:18:09 - mmengine - INFO - Epoch(train)  [3][2400/3069]  base_lr: 9.5677e-04 lr: 9.5677e-04  eta: 5:45:45  time: 0.5620  data_time: 0.0013  memory: 9786  loss: 4.9362
2024/06/19 19:19:05 - mmengine - INFO - Epoch(train)  [3][2500/3069]  base_lr: 9.5677e-04 lr: 9.5677e-04  eta: 5:44:52  time: 0.5593  data_time: 0.0013  memory: 9786  loss: 4.6227
2024/06/19 19:20:01 - mmengine - INFO - Epoch(train)  [3][2600/3069]  base_lr: 9.5677e-04 lr: 9.5677e-04  eta: 5:44:01  time: 0.5622  data_time: 0.0013  memory: 9786  loss: 4.5413
2024/06/19 19:20:57 - mmengine - INFO - Epoch(train)  [3][2700/3069]  base_lr: 9.5677e-04 lr: 9.5677e-04  eta: 5:43:09  time: 0.5643  data_time: 0.0012  memory: 9786  loss: 4.9800
2024/06/19 19:21:54 - mmengine - INFO - Epoch(train)  [3][2800/3069]  base_lr: 9.5677e-04 lr: 9.5677e-04  eta: 5:42:20  time: 0.5684  data_time: 0.0018  memory: 9786  loss: 4.5895
2024/06/19 19:22:29 - mmengine - INFO - Exp name: plantclef-pretrained_20240619_175720
2024/06/19 19:22:51 - mmengine - INFO - Epoch(train)  [3][2900/3069]  base_lr: 9.5677e-04 lr: 9.5677e-04  eta: 5:41:31  time: 0.5689  data_time: 0.0018  memory: 9786  loss: 4.8627
2024/06/19 19:23:46 - mmengine - INFO - Epoch(train)  [3][3000/3069]  base_lr: 9.5677e-04 lr: 9.5677e-04  eta: 5:40:36  time: 0.5509  data_time: 0.0010  memory: 9786  loss: 4.6838
2024/06/19 19:24:24 - mmengine - INFO - Exp name: plantclef-pretrained_20240619_175720
2024/06/19 19:24:24 - mmengine - INFO - Saving checkpoint at 3 epochs
2024/06/19 19:25:19 - mmengine - INFO - Epoch(val) [3][11/11]    accuracy/top1: 27.6686  accuracy/top5: 42.4903  data_time: 0.2272  time: 3.5202
2024/06/19 19:26:24 - mmengine - INFO - Epoch(train)  [4][ 100/3069]  base_lr: 9.0451e-04 lr: 9.0451e-04  eta: 5:39:37  time: 0.5636  data_time: 0.0012  memory: 9786  loss: 4.3063
