2024/06/17 17:08:24 - mmengine - INFO - 
------------------------------------------------------------
System environment:
    sys.platform: linux
    Python: 3.10.12 (main, Nov 20 2023, 15:14:05) [GCC 11.4.0]
    CUDA available: True
    MUSA available: False
    numpy_random_seed: 0
    GPU 0: NVIDIA RTX A6000
    CUDA_HOME: /usr/local/cuda
    NVCC: Cuda compilation tools, release 12.3, V12.3.107
    GCC: x86_64-linux-gnu-gcc (Ubuntu 11.4.0-1ubuntu1~22.04) 11.4.0
    PyTorch: 2.3.1+cu121
    PyTorch compiling details: PyTorch built with:
  - GCC 9.3
  - C++ Version: 201703
  - Intel(R) oneAPI Math Kernel Library Version 2022.2-Product Build 20220804 for Intel(R) 64 architecture applications
  - Intel(R) MKL-DNN v3.3.6 (Git Hash 86e6af5974177e513fd3fee58425e1063e7f1361)
  - OpenMP 201511 (a.k.a. OpenMP 4.5)
  - LAPACK is enabled (usually provided by MKL)
  - NNPACK is enabled
  - CPU capability usage: AVX2
  - CUDA Runtime 12.1
  - NVCC architecture flags: -gencode;arch=compute_50,code=sm_50;-gencode;arch=compute_60,code=sm_60;-gencode;arch=compute_70,code=sm_70;-gencode;arch=compute_75,code=sm_75;-gencode;arch=compute_80,code=sm_80;-gencode;arch=compute_86,code=sm_86;-gencode;arch=compute_90,code=sm_90
  - CuDNN 8.9.2
  - Magma 2.6.1
  - Build settings: BLAS_INFO=mkl, BUILD_TYPE=Release, CUDA_VERSION=12.1, CUDNN_VERSION=8.9.2, CXX_COMPILER=/opt/rh/devtoolset-9/root/usr/bin/c++, CXX_FLAGS= -D_GLIBCXX_USE_CXX11_ABI=0 -fabi-version=11 -fvisibility-inlines-hidden -DUSE_PTHREADPOOL -DNDEBUG -DUSE_KINETO -DLIBKINETO_NOROCTRACER -DUSE_FBGEMM -DUSE_QNNPACK -DUSE_PYTORCH_QNNPACK -DUSE_XNNPACK -DSYMBOLICATE_MOBILE_DEBUG_HANDLE -O2 -fPIC -Wall -Wextra -Werror=return-type -Werror=non-virtual-dtor -Werror=bool-operation -Wnarrowing -Wno-missing-field-initializers -Wno-type-limits -Wno-array-bounds -Wno-unknown-pragmas -Wno-unused-parameter -Wno-unused-function -Wno-unused-result -Wno-strict-overflow -Wno-strict-aliasing -Wno-stringop-overflow -Wsuggest-override -Wno-psabi -Wno-error=pedantic -Wno-error=old-style-cast -Wno-missing-braces -fdiagnostics-color=always -faligned-new -Wno-unused-but-set-variable -Wno-maybe-uninitialized -fno-math-errno -fno-trapping-math -Werror=format -Wno-stringop-overflow, LAPACK_INFO=mkl, PERF_WITH_AVX=1, PERF_WITH_AVX2=1, PERF_WITH_AVX512=1, TORCH_VERSION=2.3.1, USE_CUDA=ON, USE_CUDNN=ON, USE_CUSPARSELT=1, USE_EXCEPTION_PTR=1, USE_GFLAGS=OFF, USE_GLOG=OFF, USE_GLOO=ON, USE_MKL=ON, USE_MKLDNN=ON, USE_MPI=OFF, USE_NCCL=1, USE_NNPACK=ON, USE_OPENMP=ON, USE_ROCM=OFF, USE_ROCM_KERNEL_ASSERT=OFF, 

    TorchVision: 0.18.1+cu121
    OpenCV: 4.10.0
    MMEngine: 0.10.4

Runtime environment:
    cudnn_benchmark: False
    mp_cfg: {'mp_start_method': 'fork', 'opencv_num_threads': 0}
    dist_cfg: {'backend': 'nccl'}
    seed: 0
    deterministic: True
    Distributed launcher: pytorch
    Distributed training: True
    GPU number: 1
------------------------------------------------------------

2024/06/17 17:08:24 - mmengine - INFO - Config:
auto_scale_lr = dict(base_batch_size=1024)
data_dir = '/mnt/data/caw/classification'
data_preprocessor = dict(
    mean=[
        123.675,
        116.28,
        103.53,
    ],
    num_classes=7806,
    std=[
        58.395,
        57.12,
        57.375,
    ],
    to_rgb=True)
default_hooks = dict(
    checkpoint=dict(interval=1, type='CheckpointHook'),
    logger=dict(interval=100, type='LoggerHook'),
    param_scheduler=dict(type='ParamSchedulerHook'),
    sampler_seed=dict(type='DistSamplerSeedHook'),
    timer=dict(type='IterTimerHook'),
    visualization=dict(enable=False, type='VisualizationHook'))
default_scope = 'mmpretrain'
env_cfg = dict(
    cudnn_benchmark=False,
    dist_cfg=dict(backend='nccl'),
    mp_cfg=dict(mp_start_method='fork', opencv_num_threads=0))
launcher = 'pytorch'
load_from = None
log_level = 'INFO'
model = dict(
    init_cfg=dict(
        checkpoint='/mnt/data/plantclef/pretrained/model_best.pth.tar',
        type='Pretrained'),
    model_name='vit_base_patch14_reg4_dinov2.lvd142m',
    num_classes=7806,
    type='TimmClassifier')
optim_wrapper = dict(
    loss_scale='dynamic',
    optimizer=dict(lr=0.001, type='AdamW', weight_decay=0.05),
    paramwise_cfg=dict(
        custom_keys=dict(
            cls_token=dict(decay_mult=0.0), mask_token=dict(decay_mult=0.0))),
    type='AmpOptimWrapper')
param_scheduler = dict(by_epoch=True, type='CosineAnnealingLR')
randomness = dict(deterministic=True, seed=0)
resume = False
test_cfg = dict()
test_dataloader = dict(
    batch_size=128,
    collate_fn=dict(type='default_collate'),
    dataset=dict(
        ann_file='annotation/caw_test.txt',
        data_prefix='/mnt/data/caw/classification',
        pipeline=[
            dict(type='LoadImageFromFile'),
            dict(
                backend='pillow',
                edge='short',
                interpolation='bicubic',
                scale=518,
                type='ResizeEdge'),
            dict(crop_size=518, type='CenterCrop'),
            dict(type='PackInputs'),
        ],
        type='CustomDataset'),
    num_workers=10,
    persistent_workers=True,
    pin_memory=True,
    sampler=dict(shuffle=True, type='DefaultSampler'))
test_evaluator = dict(
    topk=(
        1,
        5,
    ), type='Accuracy')
test_pipeline = [
    dict(type='LoadImageFromFile'),
    dict(
        backend='pillow',
        edge='short',
        interpolation='bicubic',
        scale=518,
        type='ResizeEdge'),
    dict(crop_size=518, type='CenterCrop'),
    dict(type='PackInputs'),
]
train_cfg = dict(by_epoch=True, max_epochs=15, val_interval=1)
train_dataloader = dict(
    batch_size=64,
    collate_fn=dict(type='default_collate'),
    dataset=dict(
        ann_file='annotation/caw_train.txt',
        data_prefix='/mnt/data/caw/classification',
        pipeline=[
            dict(type='LoadImageFromFile'),
            dict(
                backend='pillow',
                edge='short',
                interpolation='bicubic',
                scale=518,
                type='ResizeEdge'),
            dict(crop_size=518, type='CenterCrop'),
            dict(type='PackInputs'),
        ],
        type='CustomDataset'),
    num_workers=10,
    persistent_workers=True,
    pin_memory=True,
    sampler=dict(shuffle=True, type='DefaultSampler'))
train_pipeline = [
    dict(type='LoadImageFromFile'),
    dict(
        backend='pillow',
        interpolation='bicubic',
        scale=518,
        type='RandomResizedCrop'),
    dict(direction='horizontal', prob=0.5, type='RandomFlip'),
    dict(brightness=0.4, contrast=0.4, saturation=0.4, type='ColorJitter'),
    dict(type='PackInputs'),
]
val_cfg = dict()
val_dataloader = dict(
    batch_size=128,
    collate_fn=dict(type='default_collate'),
    dataset=dict(
        ann_file='annotation/caw_val.txt',
        data_prefix='/mnt/data/caw/classification',
        pipeline=[
            dict(type='LoadImageFromFile'),
            dict(
                backend='pillow',
                edge='short',
                interpolation='bicubic',
                scale=518,
                type='ResizeEdge'),
            dict(crop_size=518, type='CenterCrop'),
            dict(type='PackInputs'),
        ],
        type='CustomDataset'),
    num_workers=10,
    persistent_workers=True,
    pin_memory=True,
    sampler=dict(shuffle=True, type='DefaultSampler'))
val_evaluator = dict(
    topk=(
        1,
        5,
    ), type='Accuracy')
vis_backends = [
    dict(type='LocalVisBackend'),
]
visualizer = dict(
    type='UniversalVisualizer', vis_backends=[
        dict(type='LocalVisBackend'),
    ])
work_dir = './work_dirs/plantclef-pretrained'

2024/06/17 17:08:30 - mmengine - INFO - Hooks will be executed in the following order:
before_run:
(VERY_HIGH   ) RuntimeInfoHook                    
(BELOW_NORMAL) LoggerHook                         
 -------------------- 
before_train:
(VERY_HIGH   ) RuntimeInfoHook                    
(NORMAL      ) IterTimerHook                      
(VERY_LOW    ) CheckpointHook                     
 -------------------- 
before_train_epoch:
(VERY_HIGH   ) RuntimeInfoHook                    
(NORMAL      ) IterTimerHook                      
(NORMAL      ) DistSamplerSeedHook                
 -------------------- 
before_train_iter:
(VERY_HIGH   ) RuntimeInfoHook                    
(NORMAL      ) IterTimerHook                      
 -------------------- 
after_train_iter:
(VERY_HIGH   ) RuntimeInfoHook                    
(NORMAL      ) IterTimerHook                      
(BELOW_NORMAL) LoggerHook                         
(LOW         ) ParamSchedulerHook                 
(VERY_LOW    ) CheckpointHook                     
 -------------------- 
after_train_epoch:
(NORMAL      ) IterTimerHook                      
(LOW         ) ParamSchedulerHook                 
(VERY_LOW    ) CheckpointHook                     
 -------------------- 
before_val:
(VERY_HIGH   ) RuntimeInfoHook                    
 -------------------- 
before_val_epoch:
(NORMAL      ) IterTimerHook                      
 -------------------- 
before_val_iter:
(NORMAL      ) IterTimerHook                      
 -------------------- 
after_val_iter:
(NORMAL      ) IterTimerHook                      
(NORMAL      ) VisualizationHook                  
(BELOW_NORMAL) LoggerHook                         
 -------------------- 
after_val_epoch:
(VERY_HIGH   ) RuntimeInfoHook                    
(NORMAL      ) IterTimerHook                      
(BELOW_NORMAL) LoggerHook                         
(LOW         ) ParamSchedulerHook                 
(VERY_LOW    ) CheckpointHook                     
 -------------------- 
after_val:
(VERY_HIGH   ) RuntimeInfoHook                    
 -------------------- 
after_train:
(VERY_HIGH   ) RuntimeInfoHook                    
(VERY_LOW    ) CheckpointHook                     
 -------------------- 
before_test:
(VERY_HIGH   ) RuntimeInfoHook                    
 -------------------- 
before_test_epoch:
(NORMAL      ) IterTimerHook                      
 -------------------- 
before_test_iter:
(NORMAL      ) IterTimerHook                      
 -------------------- 
after_test_iter:
(NORMAL      ) IterTimerHook                      
(NORMAL      ) VisualizationHook                  
(BELOW_NORMAL) LoggerHook                         
 -------------------- 
after_test_epoch:
(VERY_HIGH   ) RuntimeInfoHook                    
(NORMAL      ) IterTimerHook                      
(BELOW_NORMAL) LoggerHook                         
 -------------------- 
after_test:
(VERY_HIGH   ) RuntimeInfoHook                    
 -------------------- 
after_run:
(BELOW_NORMAL) LoggerHook                         
 -------------------- 
2024/06/17 17:08:30 - mmengine - INFO - paramwise_options -- model.cls_token:lr=0.001
2024/06/17 17:08:30 - mmengine - INFO - paramwise_options -- model.cls_token:weight_decay=0.0
2024/06/17 17:08:30 - mmengine - INFO - paramwise_options -- model.cls_token:decay_mult=0.0
2024/06/17 17:08:31 - mmengine - INFO - load model from: /mnt/data/plantclef/pretrained/model_best.pth.tar
2024/06/17 17:08:31 - mmengine - INFO - Loads checkpoint by local backend from path: /mnt/data/plantclef/pretrained/model_best.pth.tar
Name of parameter - Initialization information

model.cls_token - torch.Size([1, 1, 768]): 
PretrainedInit: load from /mnt/data/plantclef/pretrained/model_best.pth.tar 

model.reg_token - torch.Size([1, 4, 768]): 
PretrainedInit: load from /mnt/data/plantclef/pretrained/model_best.pth.tar 

model.pos_embed - torch.Size([1, 1369, 768]): 
PretrainedInit: load from /mnt/data/plantclef/pretrained/model_best.pth.tar 

model.patch_embed.proj.weight - torch.Size([768, 3, 14, 14]): 
PretrainedInit: load from /mnt/data/plantclef/pretrained/model_best.pth.tar 

model.patch_embed.proj.bias - torch.Size([768]): 
PretrainedInit: load from /mnt/data/plantclef/pretrained/model_best.pth.tar 

model.blocks.0.norm1.weight - torch.Size([768]): 
PretrainedInit: load from /mnt/data/plantclef/pretrained/model_best.pth.tar 

model.blocks.0.norm1.bias - torch.Size([768]): 
PretrainedInit: load from /mnt/data/plantclef/pretrained/model_best.pth.tar 

model.blocks.0.attn.qkv.weight - torch.Size([2304, 768]): 
PretrainedInit: load from /mnt/data/plantclef/pretrained/model_best.pth.tar 

model.blocks.0.attn.qkv.bias - torch.Size([2304]): 
PretrainedInit: load from /mnt/data/plantclef/pretrained/model_best.pth.tar 

model.blocks.0.attn.proj.weight - torch.Size([768, 768]): 
PretrainedInit: load from /mnt/data/plantclef/pretrained/model_best.pth.tar 

model.blocks.0.attn.proj.bias - torch.Size([768]): 
PretrainedInit: load from /mnt/data/plantclef/pretrained/model_best.pth.tar 

model.blocks.0.ls1.gamma - torch.Size([768]): 
PretrainedInit: load from /mnt/data/plantclef/pretrained/model_best.pth.tar 

model.blocks.0.norm2.weight - torch.Size([768]): 
PretrainedInit: load from /mnt/data/plantclef/pretrained/model_best.pth.tar 

model.blocks.0.norm2.bias - torch.Size([768]): 
PretrainedInit: load from /mnt/data/plantclef/pretrained/model_best.pth.tar 

model.blocks.0.mlp.fc1.weight - torch.Size([3072, 768]): 
PretrainedInit: load from /mnt/data/plantclef/pretrained/model_best.pth.tar 

model.blocks.0.mlp.fc1.bias - torch.Size([3072]): 
PretrainedInit: load from /mnt/data/plantclef/pretrained/model_best.pth.tar 

model.blocks.0.mlp.fc2.weight - torch.Size([768, 3072]): 
PretrainedInit: load from /mnt/data/plantclef/pretrained/model_best.pth.tar 

model.blocks.0.mlp.fc2.bias - torch.Size([768]): 
PretrainedInit: load from /mnt/data/plantclef/pretrained/model_best.pth.tar 

model.blocks.0.ls2.gamma - torch.Size([768]): 
PretrainedInit: load from /mnt/data/plantclef/pretrained/model_best.pth.tar 

model.blocks.1.norm1.weight - torch.Size([768]): 
PretrainedInit: load from /mnt/data/plantclef/pretrained/model_best.pth.tar 

model.blocks.1.norm1.bias - torch.Size([768]): 
PretrainedInit: load from /mnt/data/plantclef/pretrained/model_best.pth.tar 

model.blocks.1.attn.qkv.weight - torch.Size([2304, 768]): 
PretrainedInit: load from /mnt/data/plantclef/pretrained/model_best.pth.tar 

model.blocks.1.attn.qkv.bias - torch.Size([2304]): 
PretrainedInit: load from /mnt/data/plantclef/pretrained/model_best.pth.tar 

model.blocks.1.attn.proj.weight - torch.Size([768, 768]): 
PretrainedInit: load from /mnt/data/plantclef/pretrained/model_best.pth.tar 

model.blocks.1.attn.proj.bias - torch.Size([768]): 
PretrainedInit: load from /mnt/data/plantclef/pretrained/model_best.pth.tar 

model.blocks.1.ls1.gamma - torch.Size([768]): 
PretrainedInit: load from /mnt/data/plantclef/pretrained/model_best.pth.tar 

model.blocks.1.norm2.weight - torch.Size([768]): 
PretrainedInit: load from /mnt/data/plantclef/pretrained/model_best.pth.tar 

model.blocks.1.norm2.bias - torch.Size([768]): 
PretrainedInit: load from /mnt/data/plantclef/pretrained/model_best.pth.tar 

model.blocks.1.mlp.fc1.weight - torch.Size([3072, 768]): 
PretrainedInit: load from /mnt/data/plantclef/pretrained/model_best.pth.tar 

model.blocks.1.mlp.fc1.bias - torch.Size([3072]): 
PretrainedInit: load from /mnt/data/plantclef/pretrained/model_best.pth.tar 

model.blocks.1.mlp.fc2.weight - torch.Size([768, 3072]): 
PretrainedInit: load from /mnt/data/plantclef/pretrained/model_best.pth.tar 

model.blocks.1.mlp.fc2.bias - torch.Size([768]): 
PretrainedInit: load from /mnt/data/plantclef/pretrained/model_best.pth.tar 

model.blocks.1.ls2.gamma - torch.Size([768]): 
PretrainedInit: load from /mnt/data/plantclef/pretrained/model_best.pth.tar 

model.blocks.2.norm1.weight - torch.Size([768]): 
PretrainedInit: load from /mnt/data/plantclef/pretrained/model_best.pth.tar 

model.blocks.2.norm1.bias - torch.Size([768]): 
PretrainedInit: load from /mnt/data/plantclef/pretrained/model_best.pth.tar 

model.blocks.2.attn.qkv.weight - torch.Size([2304, 768]): 
PretrainedInit: load from /mnt/data/plantclef/pretrained/model_best.pth.tar 

model.blocks.2.attn.qkv.bias - torch.Size([2304]): 
PretrainedInit: load from /mnt/data/plantclef/pretrained/model_best.pth.tar 

model.blocks.2.attn.proj.weight - torch.Size([768, 768]): 
PretrainedInit: load from /mnt/data/plantclef/pretrained/model_best.pth.tar 

model.blocks.2.attn.proj.bias - torch.Size([768]): 
PretrainedInit: load from /mnt/data/plantclef/pretrained/model_best.pth.tar 

model.blocks.2.ls1.gamma - torch.Size([768]): 
PretrainedInit: load from /mnt/data/plantclef/pretrained/model_best.pth.tar 

model.blocks.2.norm2.weight - torch.Size([768]): 
PretrainedInit: load from /mnt/data/plantclef/pretrained/model_best.pth.tar 

model.blocks.2.norm2.bias - torch.Size([768]): 
PretrainedInit: load from /mnt/data/plantclef/pretrained/model_best.pth.tar 

model.blocks.2.mlp.fc1.weight - torch.Size([3072, 768]): 
PretrainedInit: load from /mnt/data/plantclef/pretrained/model_best.pth.tar 

model.blocks.2.mlp.fc1.bias - torch.Size([3072]): 
PretrainedInit: load from /mnt/data/plantclef/pretrained/model_best.pth.tar 

model.blocks.2.mlp.fc2.weight - torch.Size([768, 3072]): 
PretrainedInit: load from /mnt/data/plantclef/pretrained/model_best.pth.tar 

model.blocks.2.mlp.fc2.bias - torch.Size([768]): 
PretrainedInit: load from /mnt/data/plantclef/pretrained/model_best.pth.tar 

model.blocks.2.ls2.gamma - torch.Size([768]): 
PretrainedInit: load from /mnt/data/plantclef/pretrained/model_best.pth.tar 

model.blocks.3.norm1.weight - torch.Size([768]): 
PretrainedInit: load from /mnt/data/plantclef/pretrained/model_best.pth.tar 

model.blocks.3.norm1.bias - torch.Size([768]): 
PretrainedInit: load from /mnt/data/plantclef/pretrained/model_best.pth.tar 

model.blocks.3.attn.qkv.weight - torch.Size([2304, 768]): 
PretrainedInit: load from /mnt/data/plantclef/pretrained/model_best.pth.tar 

model.blocks.3.attn.qkv.bias - torch.Size([2304]): 
PretrainedInit: load from /mnt/data/plantclef/pretrained/model_best.pth.tar 

model.blocks.3.attn.proj.weight - torch.Size([768, 768]): 
PretrainedInit: load from /mnt/data/plantclef/pretrained/model_best.pth.tar 

model.blocks.3.attn.proj.bias - torch.Size([768]): 
PretrainedInit: load from /mnt/data/plantclef/pretrained/model_best.pth.tar 

model.blocks.3.ls1.gamma - torch.Size([768]): 
PretrainedInit: load from /mnt/data/plantclef/pretrained/model_best.pth.tar 

model.blocks.3.norm2.weight - torch.Size([768]): 
PretrainedInit: load from /mnt/data/plantclef/pretrained/model_best.pth.tar 

model.blocks.3.norm2.bias - torch.Size([768]): 
PretrainedInit: load from /mnt/data/plantclef/pretrained/model_best.pth.tar 

model.blocks.3.mlp.fc1.weight - torch.Size([3072, 768]): 
PretrainedInit: load from /mnt/data/plantclef/pretrained/model_best.pth.tar 

model.blocks.3.mlp.fc1.bias - torch.Size([3072]): 
PretrainedInit: load from /mnt/data/plantclef/pretrained/model_best.pth.tar 

model.blocks.3.mlp.fc2.weight - torch.Size([768, 3072]): 
PretrainedInit: load from /mnt/data/plantclef/pretrained/model_best.pth.tar 

model.blocks.3.mlp.fc2.bias - torch.Size([768]): 
PretrainedInit: load from /mnt/data/plantclef/pretrained/model_best.pth.tar 

model.blocks.3.ls2.gamma - torch.Size([768]): 
PretrainedInit: load from /mnt/data/plantclef/pretrained/model_best.pth.tar 

model.blocks.4.norm1.weight - torch.Size([768]): 
PretrainedInit: load from /mnt/data/plantclef/pretrained/model_best.pth.tar 

model.blocks.4.norm1.bias - torch.Size([768]): 
PretrainedInit: load from /mnt/data/plantclef/pretrained/model_best.pth.tar 

model.blocks.4.attn.qkv.weight - torch.Size([2304, 768]): 
PretrainedInit: load from /mnt/data/plantclef/pretrained/model_best.pth.tar 

model.blocks.4.attn.qkv.bias - torch.Size([2304]): 
PretrainedInit: load from /mnt/data/plantclef/pretrained/model_best.pth.tar 

model.blocks.4.attn.proj.weight - torch.Size([768, 768]): 
PretrainedInit: load from /mnt/data/plantclef/pretrained/model_best.pth.tar 

model.blocks.4.attn.proj.bias - torch.Size([768]): 
PretrainedInit: load from /mnt/data/plantclef/pretrained/model_best.pth.tar 

model.blocks.4.ls1.gamma - torch.Size([768]): 
PretrainedInit: load from /mnt/data/plantclef/pretrained/model_best.pth.tar 

model.blocks.4.norm2.weight - torch.Size([768]): 
PretrainedInit: load from /mnt/data/plantclef/pretrained/model_best.pth.tar 

model.blocks.4.norm2.bias - torch.Size([768]): 
PretrainedInit: load from /mnt/data/plantclef/pretrained/model_best.pth.tar 

model.blocks.4.mlp.fc1.weight - torch.Size([3072, 768]): 
PretrainedInit: load from /mnt/data/plantclef/pretrained/model_best.pth.tar 

model.blocks.4.mlp.fc1.bias - torch.Size([3072]): 
PretrainedInit: load from /mnt/data/plantclef/pretrained/model_best.pth.tar 

model.blocks.4.mlp.fc2.weight - torch.Size([768, 3072]): 
PretrainedInit: load from /mnt/data/plantclef/pretrained/model_best.pth.tar 

model.blocks.4.mlp.fc2.bias - torch.Size([768]): 
PretrainedInit: load from /mnt/data/plantclef/pretrained/model_best.pth.tar 

model.blocks.4.ls2.gamma - torch.Size([768]): 
PretrainedInit: load from /mnt/data/plantclef/pretrained/model_best.pth.tar 

model.blocks.5.norm1.weight - torch.Size([768]): 
PretrainedInit: load from /mnt/data/plantclef/pretrained/model_best.pth.tar 

model.blocks.5.norm1.bias - torch.Size([768]): 
PretrainedInit: load from /mnt/data/plantclef/pretrained/model_best.pth.tar 

model.blocks.5.attn.qkv.weight - torch.Size([2304, 768]): 
PretrainedInit: load from /mnt/data/plantclef/pretrained/model_best.pth.tar 

model.blocks.5.attn.qkv.bias - torch.Size([2304]): 
PretrainedInit: load from /mnt/data/plantclef/pretrained/model_best.pth.tar 

model.blocks.5.attn.proj.weight - torch.Size([768, 768]): 
PretrainedInit: load from /mnt/data/plantclef/pretrained/model_best.pth.tar 

model.blocks.5.attn.proj.bias - torch.Size([768]): 
PretrainedInit: load from /mnt/data/plantclef/pretrained/model_best.pth.tar 

model.blocks.5.ls1.gamma - torch.Size([768]): 
PretrainedInit: load from /mnt/data/plantclef/pretrained/model_best.pth.tar 

model.blocks.5.norm2.weight - torch.Size([768]): 
PretrainedInit: load from /mnt/data/plantclef/pretrained/model_best.pth.tar 

model.blocks.5.norm2.bias - torch.Size([768]): 
PretrainedInit: load from /mnt/data/plantclef/pretrained/model_best.pth.tar 

model.blocks.5.mlp.fc1.weight - torch.Size([3072, 768]): 
PretrainedInit: load from /mnt/data/plantclef/pretrained/model_best.pth.tar 

model.blocks.5.mlp.fc1.bias - torch.Size([3072]): 
PretrainedInit: load from /mnt/data/plantclef/pretrained/model_best.pth.tar 

model.blocks.5.mlp.fc2.weight - torch.Size([768, 3072]): 
PretrainedInit: load from /mnt/data/plantclef/pretrained/model_best.pth.tar 

model.blocks.5.mlp.fc2.bias - torch.Size([768]): 
PretrainedInit: load from /mnt/data/plantclef/pretrained/model_best.pth.tar 

model.blocks.5.ls2.gamma - torch.Size([768]): 
PretrainedInit: load from /mnt/data/plantclef/pretrained/model_best.pth.tar 

model.blocks.6.norm1.weight - torch.Size([768]): 
PretrainedInit: load from /mnt/data/plantclef/pretrained/model_best.pth.tar 

model.blocks.6.norm1.bias - torch.Size([768]): 
PretrainedInit: load from /mnt/data/plantclef/pretrained/model_best.pth.tar 

model.blocks.6.attn.qkv.weight - torch.Size([2304, 768]): 
PretrainedInit: load from /mnt/data/plantclef/pretrained/model_best.pth.tar 

model.blocks.6.attn.qkv.bias - torch.Size([2304]): 
PretrainedInit: load from /mnt/data/plantclef/pretrained/model_best.pth.tar 

model.blocks.6.attn.proj.weight - torch.Size([768, 768]): 
PretrainedInit: load from /mnt/data/plantclef/pretrained/model_best.pth.tar 

model.blocks.6.attn.proj.bias - torch.Size([768]): 
PretrainedInit: load from /mnt/data/plantclef/pretrained/model_best.pth.tar 

model.blocks.6.ls1.gamma - torch.Size([768]): 
PretrainedInit: load from /mnt/data/plantclef/pretrained/model_best.pth.tar 

model.blocks.6.norm2.weight - torch.Size([768]): 
PretrainedInit: load from /mnt/data/plantclef/pretrained/model_best.pth.tar 

model.blocks.6.norm2.bias - torch.Size([768]): 
PretrainedInit: load from /mnt/data/plantclef/pretrained/model_best.pth.tar 

model.blocks.6.mlp.fc1.weight - torch.Size([3072, 768]): 
PretrainedInit: load from /mnt/data/plantclef/pretrained/model_best.pth.tar 

model.blocks.6.mlp.fc1.bias - torch.Size([3072]): 
PretrainedInit: load from /mnt/data/plantclef/pretrained/model_best.pth.tar 

model.blocks.6.mlp.fc2.weight - torch.Size([768, 3072]): 
PretrainedInit: load from /mnt/data/plantclef/pretrained/model_best.pth.tar 

model.blocks.6.mlp.fc2.bias - torch.Size([768]): 
PretrainedInit: load from /mnt/data/plantclef/pretrained/model_best.pth.tar 

model.blocks.6.ls2.gamma - torch.Size([768]): 
PretrainedInit: load from /mnt/data/plantclef/pretrained/model_best.pth.tar 

model.blocks.7.norm1.weight - torch.Size([768]): 
PretrainedInit: load from /mnt/data/plantclef/pretrained/model_best.pth.tar 

model.blocks.7.norm1.bias - torch.Size([768]): 
PretrainedInit: load from /mnt/data/plantclef/pretrained/model_best.pth.tar 

model.blocks.7.attn.qkv.weight - torch.Size([2304, 768]): 
PretrainedInit: load from /mnt/data/plantclef/pretrained/model_best.pth.tar 

model.blocks.7.attn.qkv.bias - torch.Size([2304]): 
PretrainedInit: load from /mnt/data/plantclef/pretrained/model_best.pth.tar 

model.blocks.7.attn.proj.weight - torch.Size([768, 768]): 
PretrainedInit: load from /mnt/data/plantclef/pretrained/model_best.pth.tar 

model.blocks.7.attn.proj.bias - torch.Size([768]): 
PretrainedInit: load from /mnt/data/plantclef/pretrained/model_best.pth.tar 

model.blocks.7.ls1.gamma - torch.Size([768]): 
PretrainedInit: load from /mnt/data/plantclef/pretrained/model_best.pth.tar 

model.blocks.7.norm2.weight - torch.Size([768]): 
PretrainedInit: load from /mnt/data/plantclef/pretrained/model_best.pth.tar 

model.blocks.7.norm2.bias - torch.Size([768]): 
PretrainedInit: load from /mnt/data/plantclef/pretrained/model_best.pth.tar 

model.blocks.7.mlp.fc1.weight - torch.Size([3072, 768]): 
PretrainedInit: load from /mnt/data/plantclef/pretrained/model_best.pth.tar 

model.blocks.7.mlp.fc1.bias - torch.Size([3072]): 
PretrainedInit: load from /mnt/data/plantclef/pretrained/model_best.pth.tar 

model.blocks.7.mlp.fc2.weight - torch.Size([768, 3072]): 
PretrainedInit: load from /mnt/data/plantclef/pretrained/model_best.pth.tar 

model.blocks.7.mlp.fc2.bias - torch.Size([768]): 
PretrainedInit: load from /mnt/data/plantclef/pretrained/model_best.pth.tar 

model.blocks.7.ls2.gamma - torch.Size([768]): 
PretrainedInit: load from /mnt/data/plantclef/pretrained/model_best.pth.tar 

model.blocks.8.norm1.weight - torch.Size([768]): 
PretrainedInit: load from /mnt/data/plantclef/pretrained/model_best.pth.tar 

model.blocks.8.norm1.bias - torch.Size([768]): 
PretrainedInit: load from /mnt/data/plantclef/pretrained/model_best.pth.tar 

model.blocks.8.attn.qkv.weight - torch.Size([2304, 768]): 
PretrainedInit: load from /mnt/data/plantclef/pretrained/model_best.pth.tar 

model.blocks.8.attn.qkv.bias - torch.Size([2304]): 
PretrainedInit: load from /mnt/data/plantclef/pretrained/model_best.pth.tar 

model.blocks.8.attn.proj.weight - torch.Size([768, 768]): 
PretrainedInit: load from /mnt/data/plantclef/pretrained/model_best.pth.tar 

model.blocks.8.attn.proj.bias - torch.Size([768]): 
PretrainedInit: load from /mnt/data/plantclef/pretrained/model_best.pth.tar 

model.blocks.8.ls1.gamma - torch.Size([768]): 
PretrainedInit: load from /mnt/data/plantclef/pretrained/model_best.pth.tar 

model.blocks.8.norm2.weight - torch.Size([768]): 
PretrainedInit: load from /mnt/data/plantclef/pretrained/model_best.pth.tar 

model.blocks.8.norm2.bias - torch.Size([768]): 
PretrainedInit: load from /mnt/data/plantclef/pretrained/model_best.pth.tar 

model.blocks.8.mlp.fc1.weight - torch.Size([3072, 768]): 
PretrainedInit: load from /mnt/data/plantclef/pretrained/model_best.pth.tar 

model.blocks.8.mlp.fc1.bias - torch.Size([3072]): 
PretrainedInit: load from /mnt/data/plantclef/pretrained/model_best.pth.tar 

model.blocks.8.mlp.fc2.weight - torch.Size([768, 3072]): 
PretrainedInit: load from /mnt/data/plantclef/pretrained/model_best.pth.tar 

model.blocks.8.mlp.fc2.bias - torch.Size([768]): 
PretrainedInit: load from /mnt/data/plantclef/pretrained/model_best.pth.tar 

model.blocks.8.ls2.gamma - torch.Size([768]): 
PretrainedInit: load from /mnt/data/plantclef/pretrained/model_best.pth.tar 

model.blocks.9.norm1.weight - torch.Size([768]): 
PretrainedInit: load from /mnt/data/plantclef/pretrained/model_best.pth.tar 

model.blocks.9.norm1.bias - torch.Size([768]): 
PretrainedInit: load from /mnt/data/plantclef/pretrained/model_best.pth.tar 

model.blocks.9.attn.qkv.weight - torch.Size([2304, 768]): 
PretrainedInit: load from /mnt/data/plantclef/pretrained/model_best.pth.tar 

model.blocks.9.attn.qkv.bias - torch.Size([2304]): 
PretrainedInit: load from /mnt/data/plantclef/pretrained/model_best.pth.tar 

model.blocks.9.attn.proj.weight - torch.Size([768, 768]): 
PretrainedInit: load from /mnt/data/plantclef/pretrained/model_best.pth.tar 

model.blocks.9.attn.proj.bias - torch.Size([768]): 
PretrainedInit: load from /mnt/data/plantclef/pretrained/model_best.pth.tar 

model.blocks.9.ls1.gamma - torch.Size([768]): 
PretrainedInit: load from /mnt/data/plantclef/pretrained/model_best.pth.tar 

model.blocks.9.norm2.weight - torch.Size([768]): 
PretrainedInit: load from /mnt/data/plantclef/pretrained/model_best.pth.tar 

model.blocks.9.norm2.bias - torch.Size([768]): 
PretrainedInit: load from /mnt/data/plantclef/pretrained/model_best.pth.tar 

model.blocks.9.mlp.fc1.weight - torch.Size([3072, 768]): 
PretrainedInit: load from /mnt/data/plantclef/pretrained/model_best.pth.tar 

model.blocks.9.mlp.fc1.bias - torch.Size([3072]): 
PretrainedInit: load from /mnt/data/plantclef/pretrained/model_best.pth.tar 

model.blocks.9.mlp.fc2.weight - torch.Size([768, 3072]): 
PretrainedInit: load from /mnt/data/plantclef/pretrained/model_best.pth.tar 

model.blocks.9.mlp.fc2.bias - torch.Size([768]): 
PretrainedInit: load from /mnt/data/plantclef/pretrained/model_best.pth.tar 

model.blocks.9.ls2.gamma - torch.Size([768]): 
PretrainedInit: load from /mnt/data/plantclef/pretrained/model_best.pth.tar 

model.blocks.10.norm1.weight - torch.Size([768]): 
PretrainedInit: load from /mnt/data/plantclef/pretrained/model_best.pth.tar 

model.blocks.10.norm1.bias - torch.Size([768]): 
PretrainedInit: load from /mnt/data/plantclef/pretrained/model_best.pth.tar 

model.blocks.10.attn.qkv.weight - torch.Size([2304, 768]): 
PretrainedInit: load from /mnt/data/plantclef/pretrained/model_best.pth.tar 

model.blocks.10.attn.qkv.bias - torch.Size([2304]): 
PretrainedInit: load from /mnt/data/plantclef/pretrained/model_best.pth.tar 

model.blocks.10.attn.proj.weight - torch.Size([768, 768]): 
PretrainedInit: load from /mnt/data/plantclef/pretrained/model_best.pth.tar 

model.blocks.10.attn.proj.bias - torch.Size([768]): 
PretrainedInit: load from /mnt/data/plantclef/pretrained/model_best.pth.tar 

model.blocks.10.ls1.gamma - torch.Size([768]): 
PretrainedInit: load from /mnt/data/plantclef/pretrained/model_best.pth.tar 

model.blocks.10.norm2.weight - torch.Size([768]): 
PretrainedInit: load from /mnt/data/plantclef/pretrained/model_best.pth.tar 

model.blocks.10.norm2.bias - torch.Size([768]): 
PretrainedInit: load from /mnt/data/plantclef/pretrained/model_best.pth.tar 

model.blocks.10.mlp.fc1.weight - torch.Size([3072, 768]): 
PretrainedInit: load from /mnt/data/plantclef/pretrained/model_best.pth.tar 

model.blocks.10.mlp.fc1.bias - torch.Size([3072]): 
PretrainedInit: load from /mnt/data/plantclef/pretrained/model_best.pth.tar 

model.blocks.10.mlp.fc2.weight - torch.Size([768, 3072]): 
PretrainedInit: load from /mnt/data/plantclef/pretrained/model_best.pth.tar 

model.blocks.10.mlp.fc2.bias - torch.Size([768]): 
PretrainedInit: load from /mnt/data/plantclef/pretrained/model_best.pth.tar 

model.blocks.10.ls2.gamma - torch.Size([768]): 
PretrainedInit: load from /mnt/data/plantclef/pretrained/model_best.pth.tar 

model.blocks.11.norm1.weight - torch.Size([768]): 
PretrainedInit: load from /mnt/data/plantclef/pretrained/model_best.pth.tar 

model.blocks.11.norm1.bias - torch.Size([768]): 
PretrainedInit: load from /mnt/data/plantclef/pretrained/model_best.pth.tar 

model.blocks.11.attn.qkv.weight - torch.Size([2304, 768]): 
PretrainedInit: load from /mnt/data/plantclef/pretrained/model_best.pth.tar 

model.blocks.11.attn.qkv.bias - torch.Size([2304]): 
PretrainedInit: load from /mnt/data/plantclef/pretrained/model_best.pth.tar 

model.blocks.11.attn.proj.weight - torch.Size([768, 768]): 
PretrainedInit: load from /mnt/data/plantclef/pretrained/model_best.pth.tar 

model.blocks.11.attn.proj.bias - torch.Size([768]): 
PretrainedInit: load from /mnt/data/plantclef/pretrained/model_best.pth.tar 

model.blocks.11.ls1.gamma - torch.Size([768]): 
PretrainedInit: load from /mnt/data/plantclef/pretrained/model_best.pth.tar 

model.blocks.11.norm2.weight - torch.Size([768]): 
PretrainedInit: load from /mnt/data/plantclef/pretrained/model_best.pth.tar 

model.blocks.11.norm2.bias - torch.Size([768]): 
PretrainedInit: load from /mnt/data/plantclef/pretrained/model_best.pth.tar 

model.blocks.11.mlp.fc1.weight - torch.Size([3072, 768]): 
PretrainedInit: load from /mnt/data/plantclef/pretrained/model_best.pth.tar 

model.blocks.11.mlp.fc1.bias - torch.Size([3072]): 
PretrainedInit: load from /mnt/data/plantclef/pretrained/model_best.pth.tar 

model.blocks.11.mlp.fc2.weight - torch.Size([768, 3072]): 
PretrainedInit: load from /mnt/data/plantclef/pretrained/model_best.pth.tar 

model.blocks.11.mlp.fc2.bias - torch.Size([768]): 
PretrainedInit: load from /mnt/data/plantclef/pretrained/model_best.pth.tar 

model.blocks.11.ls2.gamma - torch.Size([768]): 
PretrainedInit: load from /mnt/data/plantclef/pretrained/model_best.pth.tar 

model.norm.weight - torch.Size([768]): 
PretrainedInit: load from /mnt/data/plantclef/pretrained/model_best.pth.tar 

model.norm.bias - torch.Size([768]): 
PretrainedInit: load from /mnt/data/plantclef/pretrained/model_best.pth.tar 

model.head.weight - torch.Size([7806, 768]): 
PretrainedInit: load from /mnt/data/plantclef/pretrained/model_best.pth.tar 

model.head.bias - torch.Size([7806]): 
PretrainedInit: load from /mnt/data/plantclef/pretrained/model_best.pth.tar 
2024/06/17 17:08:31 - mmengine - WARNING - "FileClient" will be deprecated in future. Please use io functions in https://mmengine.readthedocs.io/en/latest/api/fileio.html#file-io
2024/06/17 17:08:31 - mmengine - WARNING - "HardDiskBackend" is the alias of "LocalBackend" and the former will be deprecated in future.
2024/06/17 17:08:31 - mmengine - INFO - Checkpoints will be saved to /root/weed-detection/work_dirs/plantclef-pretrained.
2024/06/17 17:10:22 - mmengine - INFO - Epoch(train)  [1][ 100/1052]  base_lr: 1.0000e-03 lr: 1.0000e-03  eta: 4:49:58  time: 1.0949  data_time: 0.0011  memory: 33872  loss: 3.1898
2024/06/17 17:12:12 - mmengine - INFO - Epoch(train)  [1][ 200/1052]  base_lr: 1.0000e-03 lr: 1.0000e-03  eta: 4:46:33  time: 1.0986  data_time: 0.0010  memory: 33872  loss: 2.9690
2024/06/17 17:14:02 - mmengine - INFO - Epoch(train)  [1][ 300/1052]  base_lr: 1.0000e-03 lr: 1.0000e-03  eta: 4:44:13  time: 1.0981  data_time: 0.0010  memory: 33872  loss: 2.4654
2024/06/17 17:15:52 - mmengine - INFO - Epoch(train)  [1][ 400/1052]  base_lr: 1.0000e-03 lr: 1.0000e-03  eta: 4:42:09  time: 1.0970  data_time: 0.0010  memory: 33872  loss: 2.4080
2024/06/17 17:17:41 - mmengine - INFO - Epoch(train)  [1][ 500/1052]  base_lr: 1.0000e-03 lr: 1.0000e-03  eta: 4:40:09  time: 1.0974  data_time: 0.0010  memory: 33872  loss: 2.3174
2024/06/17 17:19:31 - mmengine - INFO - Epoch(train)  [1][ 600/1052]  base_lr: 1.0000e-03 lr: 1.0000e-03  eta: 4:38:13  time: 1.0981  data_time: 0.0009  memory: 33872  loss: 2.1957
2024/06/17 17:21:21 - mmengine - INFO - Epoch(train)  [1][ 700/1052]  base_lr: 1.0000e-03 lr: 1.0000e-03  eta: 4:36:20  time: 1.0975  data_time: 0.0010  memory: 33872  loss: 1.8584
2024/06/17 17:23:11 - mmengine - INFO - Epoch(train)  [1][ 800/1052]  base_lr: 1.0000e-03 lr: 1.0000e-03  eta: 4:34:27  time: 1.0975  data_time: 0.0011  memory: 33872  loss: 1.8206
2024/06/17 17:25:01 - mmengine - INFO - Epoch(train)  [1][ 900/1052]  base_lr: 1.0000e-03 lr: 1.0000e-03  eta: 4:32:35  time: 1.0977  data_time: 0.0010  memory: 33872  loss: 1.9921
2024/06/17 17:26:50 - mmengine - INFO - Exp name: plantclef-pretrained_20240617_170823
2024/06/17 17:26:50 - mmengine - INFO - Epoch(train)  [1][1000/1052]  base_lr: 1.0000e-03 lr: 1.0000e-03  eta: 4:30:42  time: 1.0964  data_time: 0.0010  memory: 33872  loss: 1.8804
2024/06/17 17:27:47 - mmengine - INFO - Exp name: plantclef-pretrained_20240617_170823
2024/06/17 17:27:47 - mmengine - INFO - Saving checkpoint at 1 epochs
2024/06/17 17:29:20 - mmengine - INFO - Epoch(val) [1][30/30]    accuracy/top1: 45.1337  accuracy/top5: 79.9733  data_time: 0.0442  time: 2.9335
2024/06/17 17:31:11 - mmengine - INFO - Epoch(train)  [2][ 100/1052]  base_lr: 9.8907e-04 lr: 9.8907e-04  eta: 4:27:59  time: 1.0983  data_time: 0.0010  memory: 33872  loss: 1.7578
2024/06/17 17:33:00 - mmengine - INFO - Epoch(train)  [2][ 200/1052]  base_lr: 9.8907e-04 lr: 9.8907e-04  eta: 4:26:07  time: 1.0970  data_time: 0.0010  memory: 33872  loss: 1.7366
2024/06/17 17:34:50 - mmengine - INFO - Epoch(train)  [2][ 300/1052]  base_lr: 9.8907e-04 lr: 9.8907e-04  eta: 4:24:15  time: 1.0977  data_time: 0.0010  memory: 33872  loss: 1.6510
2024/06/17 17:36:40 - mmengine - INFO - Epoch(train)  [2][ 400/1052]  base_lr: 9.8907e-04 lr: 9.8907e-04  eta: 4:22:24  time: 1.0973  data_time: 0.0009  memory: 33872  loss: 1.5840
2024/06/17 17:38:30 - mmengine - INFO - Epoch(train)  [2][ 500/1052]  base_lr: 9.8907e-04 lr: 9.8907e-04  eta: 4:20:32  time: 1.0973  data_time: 0.0010  memory: 33872  loss: 1.5666
2024/06/17 17:40:19 - mmengine - INFO - Epoch(train)  [2][ 600/1052]  base_lr: 9.8907e-04 lr: 9.8907e-04  eta: 4:18:41  time: 1.0960  data_time: 0.0010  memory: 33872  loss: 1.5278
2024/06/17 17:42:09 - mmengine - INFO - Epoch(train)  [2][ 700/1052]  base_lr: 9.8907e-04 lr: 9.8907e-04  eta: 4:16:49  time: 1.0978  data_time: 0.0012  memory: 33872  loss: 1.4023
2024/06/17 17:43:59 - mmengine - INFO - Epoch(train)  [2][ 800/1052]  base_lr: 9.8907e-04 lr: 9.8907e-04  eta: 4:14:58  time: 1.0968  data_time: 0.0010  memory: 33872  loss: 1.5626
2024/06/17 17:45:48 - mmengine - INFO - Epoch(train)  [2][ 900/1052]  base_lr: 9.8907e-04 lr: 9.8907e-04  eta: 4:13:07  time: 1.0967  data_time: 0.0010  memory: 33872  loss: 1.6055
2024/06/17 17:46:41 - mmengine - INFO - Exp name: plantclef-pretrained_20240617_170823
2024/06/17 17:47:38 - mmengine - INFO - Epoch(train)  [2][1000/1052]  base_lr: 9.8907e-04 lr: 9.8907e-04  eta: 4:11:16  time: 1.0977  data_time: 0.0010  memory: 33872  loss: 1.4622
2024/06/17 17:48:35 - mmengine - INFO - Exp name: plantclef-pretrained_20240617_170823
2024/06/17 17:48:35 - mmengine - INFO - Saving checkpoint at 2 epochs
2024/06/17 17:50:07 - mmengine - INFO - Epoch(val) [2][30/30]    accuracy/top1: 60.6952  accuracy/top5: 86.2834  data_time: 0.0326  time: 2.8349
2024/06/17 17:51:57 - mmengine - INFO - Epoch(train)  [3][ 100/1052]  base_lr: 9.5677e-04 lr: 9.5677e-04  eta: 4:08:32  time: 1.0987  data_time: 0.0010  memory: 33872  loss: 1.3619
2024/06/17 17:53:47 - mmengine - INFO - Epoch(train)  [3][ 200/1052]  base_lr: 9.5677e-04 lr: 9.5677e-04  eta: 4:06:42  time: 1.0984  data_time: 0.0011  memory: 33872  loss: 1.3779
2024/06/17 17:55:37 - mmengine - INFO - Epoch(train)  [3][ 300/1052]  base_lr: 9.5677e-04 lr: 9.5677e-04  eta: 4:04:52  time: 1.0977  data_time: 0.0010  memory: 33872  loss: 1.3503
2024/06/17 17:57:27 - mmengine - INFO - Epoch(train)  [3][ 400/1052]  base_lr: 9.5677e-04 lr: 9.5677e-04  eta: 4:03:02  time: 1.0980  data_time: 0.0010  memory: 33872  loss: 1.3016
2024/06/17 17:59:17 - mmengine - INFO - Epoch(train)  [3][ 500/1052]  base_lr: 9.5677e-04 lr: 9.5677e-04  eta: 4:01:13  time: 1.0976  data_time: 0.0010  memory: 33872  loss: 1.2848
2024/06/17 18:01:07 - mmengine - INFO - Epoch(train)  [3][ 600/1052]  base_lr: 9.5677e-04 lr: 9.5677e-04  eta: 3:59:23  time: 1.0973  data_time: 0.0010  memory: 33872  loss: 1.3192
2024/06/17 18:02:56 - mmengine - INFO - Epoch(train)  [3][ 700/1052]  base_lr: 9.5677e-04 lr: 9.5677e-04  eta: 3:57:33  time: 1.0988  data_time: 0.0010  memory: 33872  loss: 1.3574
2024/06/17 18:04:46 - mmengine - INFO - Epoch(train)  [3][ 800/1052]  base_lr: 9.5677e-04 lr: 9.5677e-04  eta: 3:55:43  time: 1.0980  data_time: 0.0010  memory: 33872  loss: 1.4174
2024/06/17 18:06:32 - mmengine - INFO - Exp name: plantclef-pretrained_20240617_170823
2024/06/17 18:06:36 - mmengine - INFO - Epoch(train)  [3][ 900/1052]  base_lr: 9.5677e-04 lr: 9.5677e-04  eta: 3:53:53  time: 1.0978  data_time: 0.0010  memory: 33872  loss: 1.2313
2024/06/17 18:08:26 - mmengine - INFO - Epoch(train)  [3][1000/1052]  base_lr: 9.5677e-04 lr: 9.5677e-04  eta: 3:52:03  time: 1.0980  data_time: 0.0010  memory: 33872  loss: 1.3357
2024/06/17 18:09:23 - mmengine - INFO - Exp name: plantclef-pretrained_20240617_170823
2024/06/17 18:09:23 - mmengine - INFO - Saving checkpoint at 3 epochs
2024/06/17 18:10:52 - mmengine - INFO - Epoch(val) [3][30/30]    accuracy/top1: 64.5989  accuracy/top5: 88.6096  data_time: 0.0345  time: 2.8336
2024/06/17 18:12:42 - mmengine - INFO - Epoch(train)  [4][ 100/1052]  base_lr: 9.0451e-04 lr: 9.0451e-04  eta: 3:49:17  time: 1.0979  data_time: 0.0010  memory: 33872  loss: 1.2174
2024/06/17 18:14:32 - mmengine - INFO - Epoch(train)  [4][ 200/1052]  base_lr: 9.0451e-04 lr: 9.0451e-04  eta: 3:47:27  time: 1.0975  data_time: 0.0011  memory: 33872  loss: 1.2067
2024/06/17 18:16:22 - mmengine - INFO - Epoch(train)  [4][ 300/1052]  base_lr: 9.0451e-04 lr: 9.0451e-04  eta: 3:45:37  time: 1.0972  data_time: 0.0010  memory: 33872  loss: 1.2239
2024/06/17 18:18:12 - mmengine - INFO - Epoch(train)  [4][ 400/1052]  base_lr: 9.0451e-04 lr: 9.0451e-04  eta: 3:43:46  time: 1.0978  data_time: 0.0010  memory: 33872  loss: 1.2481
2024/06/17 18:20:01 - mmengine - INFO - Epoch(train)  [4][ 500/1052]  base_lr: 9.0451e-04 lr: 9.0451e-04  eta: 3:41:56  time: 1.0983  data_time: 0.0010  memory: 33872  loss: 1.0927
2024/06/17 18:21:51 - mmengine - INFO - Epoch(train)  [4][ 600/1052]  base_lr: 9.0451e-04 lr: 9.0451e-04  eta: 3:40:06  time: 1.0976  data_time: 0.0010  memory: 33872  loss: 1.1125
2024/06/17 18:23:41 - mmengine - INFO - Epoch(train)  [4][ 700/1052]  base_lr: 9.0451e-04 lr: 9.0451e-04  eta: 3:38:16  time: 1.0977  data_time: 0.0015  memory: 33872  loss: 1.2144
2024/06/17 18:25:31 - mmengine - INFO - Epoch(train)  [4][ 800/1052]  base_lr: 9.0451e-04 lr: 9.0451e-04  eta: 3:36:27  time: 1.0977  data_time: 0.0010  memory: 33872  loss: 1.2105
2024/06/17 18:26:19 - mmengine - INFO - Exp name: plantclef-pretrained_20240617_170823
2024/06/17 18:27:21 - mmengine - INFO - Epoch(train)  [4][ 900/1052]  base_lr: 9.0451e-04 lr: 9.0451e-04  eta: 3:34:37  time: 1.0991  data_time: 0.0011  memory: 33872  loss: 1.0985
2024/06/17 18:29:11 - mmengine - INFO - Epoch(train)  [4][1000/1052]  base_lr: 9.0451e-04 lr: 9.0451e-04  eta: 3:32:47  time: 1.0991  data_time: 0.0011  memory: 33872  loss: 1.1341
2024/06/17 18:30:08 - mmengine - INFO - Exp name: plantclef-pretrained_20240617_170823
2024/06/17 18:30:08 - mmengine - INFO - Saving checkpoint at 4 epochs
2024/06/17 18:31:37 - mmengine - INFO - Epoch(val) [4][30/30]    accuracy/top1: 66.4706  accuracy/top5: 90.1872  data_time: 0.0364  time: 2.8333
2024/06/17 18:33:27 - mmengine - INFO - Epoch(train)  [5][ 100/1052]  base_lr: 8.3457e-04 lr: 8.3457e-04  eta: 3:30:01  time: 1.0997  data_time: 0.0017  memory: 33872  loss: 1.1004
2024/06/17 18:35:17 - mmengine - INFO - Epoch(train)  [5][ 200/1052]  base_lr: 8.3457e-04 lr: 8.3457e-04  eta: 3:28:11  time: 1.0984  data_time: 0.0010  memory: 33872  loss: 1.1688
2024/06/17 18:37:07 - mmengine - INFO - Epoch(train)  [5][ 300/1052]  base_lr: 8.3457e-04 lr: 8.3457e-04  eta: 3:26:22  time: 1.0983  data_time: 0.0010  memory: 33872  loss: 1.0506
2024/06/17 18:38:57 - mmengine - INFO - Epoch(train)  [5][ 400/1052]  base_lr: 8.3457e-04 lr: 8.3457e-04  eta: 3:24:32  time: 1.0982  data_time: 0.0010  memory: 33872  loss: 1.1971
2024/06/17 18:40:46 - mmengine - INFO - Epoch(train)  [5][ 500/1052]  base_lr: 8.3457e-04 lr: 8.3457e-04  eta: 3:22:42  time: 1.0980  data_time: 0.0011  memory: 33872  loss: 1.0618
2024/06/17 18:42:36 - mmengine - INFO - Epoch(train)  [5][ 600/1052]  base_lr: 8.3457e-04 lr: 8.3457e-04  eta: 3:20:52  time: 1.0992  data_time: 0.0010  memory: 33872  loss: 1.0903
2024/06/17 18:44:26 - mmengine - INFO - Epoch(train)  [5][ 700/1052]  base_lr: 8.3457e-04 lr: 8.3457e-04  eta: 3:19:03  time: 1.0982  data_time: 0.0010  memory: 33872  loss: 1.0010
2024/06/17 18:46:07 - mmengine - INFO - Exp name: plantclef-pretrained_20240617_170823
2024/06/17 18:46:16 - mmengine - INFO - Epoch(train)  [5][ 800/1052]  base_lr: 8.3457e-04 lr: 8.3457e-04  eta: 3:17:13  time: 1.0992  data_time: 0.0010  memory: 33872  loss: 1.1438
2024/06/17 18:48:06 - mmengine - INFO - Epoch(train)  [5][ 900/1052]  base_lr: 8.3457e-04 lr: 8.3457e-04  eta: 3:15:23  time: 1.0988  data_time: 0.0010  memory: 33872  loss: 1.0708
2024/06/17 18:49:56 - mmengine - INFO - Epoch(train)  [5][1000/1052]  base_lr: 8.3457e-04 lr: 8.3457e-04  eta: 3:13:33  time: 1.0991  data_time: 0.0010  memory: 33872  loss: 0.9942
2024/06/17 18:50:53 - mmengine - INFO - Exp name: plantclef-pretrained_20240617_170823
2024/06/17 18:50:53 - mmengine - INFO - Saving checkpoint at 5 epochs
2024/06/17 18:52:25 - mmengine - INFO - Epoch(val) [5][30/30]    accuracy/top1: 67.3797  accuracy/top5: 89.9733  data_time: 0.0376  time: 2.8328
2024/06/17 18:54:15 - mmengine - INFO - Epoch(train)  [6][ 100/1052]  base_lr: 7.5000e-04 lr: 7.5000e-04  eta: 3:10:47  time: 1.0985  data_time: 0.0010  memory: 33872  loss: 0.9409
2024/06/17 18:56:05 - mmengine - INFO - Epoch(train)  [6][ 200/1052]  base_lr: 7.5000e-04 lr: 7.5000e-04  eta: 3:08:57  time: 1.0987  data_time: 0.0011  memory: 33872  loss: 1.0169
2024/06/17 18:57:55 - mmengine - INFO - Epoch(train)  [6][ 300/1052]  base_lr: 7.5000e-04 lr: 7.5000e-04  eta: 3:07:07  time: 1.0990  data_time: 0.0011  memory: 33872  loss: 0.8453
2024/06/17 18:59:45 - mmengine - INFO - Epoch(train)  [6][ 400/1052]  base_lr: 7.5000e-04 lr: 7.5000e-04  eta: 3:05:17  time: 1.0993  data_time: 0.0012  memory: 33872  loss: 0.9262
2024/06/17 19:01:35 - mmengine - INFO - Epoch(train)  [6][ 500/1052]  base_lr: 7.5000e-04 lr: 7.5000e-04  eta: 3:03:28  time: 1.0985  data_time: 0.0011  memory: 33872  loss: 0.9115
2024/06/17 19:03:25 - mmengine - INFO - Epoch(train)  [6][ 600/1052]  base_lr: 7.5000e-04 lr: 7.5000e-04  eta: 3:01:38  time: 1.0981  data_time: 0.0011  memory: 33872  loss: 0.9729
2024/06/17 19:05:14 - mmengine - INFO - Epoch(train)  [6][ 700/1052]  base_lr: 7.5000e-04 lr: 7.5000e-04  eta: 2:59:48  time: 1.0979  data_time: 0.0010  memory: 33872  loss: 0.9968
2024/06/17 19:05:58 - mmengine - INFO - Exp name: plantclef-pretrained_20240617_170823
2024/06/17 19:07:04 - mmengine - INFO - Epoch(train)  [6][ 800/1052]  base_lr: 7.5000e-04 lr: 7.5000e-04  eta: 2:57:58  time: 1.0995  data_time: 0.0011  memory: 33872  loss: 0.9725
2024/06/17 19:08:54 - mmengine - INFO - Epoch(train)  [6][ 900/1052]  base_lr: 7.5000e-04 lr: 7.5000e-04  eta: 2:56:08  time: 1.0998  data_time: 0.0011  memory: 33872  loss: 0.9919
2024/06/17 19:10:44 - mmengine - INFO - Epoch(train)  [6][1000/1052]  base_lr: 7.5000e-04 lr: 7.5000e-04  eta: 2:54:18  time: 1.0996  data_time: 0.0011  memory: 33872  loss: 1.0296
2024/06/17 19:11:41 - mmengine - INFO - Exp name: plantclef-pretrained_20240617_170823
2024/06/17 19:11:41 - mmengine - INFO - Saving checkpoint at 6 epochs
2024/06/17 19:13:12 - mmengine - INFO - Epoch(val) [6][30/30]    accuracy/top1: 69.9198  accuracy/top5: 91.0160  data_time: 0.0351  time: 2.8310
2024/06/17 19:15:02 - mmengine - INFO - Epoch(train)  [7][ 100/1052]  base_lr: 6.5451e-04 lr: 6.5451e-04  eta: 2:51:32  time: 1.0977  data_time: 0.0011  memory: 33872  loss: 1.0179
2024/06/17 19:16:52 - mmengine - INFO - Epoch(train)  [7][ 200/1052]  base_lr: 6.5451e-04 lr: 6.5451e-04  eta: 2:49:42  time: 1.0982  data_time: 0.0011  memory: 33872  loss: 0.8619
2024/06/17 19:18:42 - mmengine - INFO - Epoch(train)  [7][ 300/1052]  base_lr: 6.5451e-04 lr: 6.5451e-04  eta: 2:47:52  time: 1.0988  data_time: 0.0011  memory: 33872  loss: 0.8456
2024/06/17 19:20:32 - mmengine - INFO - Epoch(train)  [7][ 400/1052]  base_lr: 6.5451e-04 lr: 6.5451e-04  eta: 2:46:02  time: 1.0988  data_time: 0.0010  memory: 33872  loss: 0.9100
2024/06/17 19:22:22 - mmengine - INFO - Epoch(train)  [7][ 500/1052]  base_lr: 6.5451e-04 lr: 6.5451e-04  eta: 2:44:12  time: 1.0983  data_time: 0.0010  memory: 33872  loss: 0.8893
2024/06/17 19:24:12 - mmengine - INFO - Epoch(train)  [7][ 600/1052]  base_lr: 6.5451e-04 lr: 6.5451e-04  eta: 2:42:23  time: 1.0985  data_time: 0.0010  memory: 33872  loss: 0.8910
2024/06/17 19:25:48 - mmengine - INFO - Exp name: plantclef-pretrained_20240617_170823
2024/06/17 19:26:02 - mmengine - INFO - Epoch(train)  [7][ 700/1052]  base_lr: 6.5451e-04 lr: 6.5451e-04  eta: 2:40:33  time: 1.0982  data_time: 0.0010  memory: 33872  loss: 0.8739
2024/06/17 19:27:52 - mmengine - INFO - Epoch(train)  [7][ 800/1052]  base_lr: 6.5451e-04 lr: 6.5451e-04  eta: 2:38:43  time: 1.0986  data_time: 0.0010  memory: 33872  loss: 0.8317
2024/06/17 19:29:42 - mmengine - INFO - Epoch(train)  [7][ 900/1052]  base_lr: 6.5451e-04 lr: 6.5451e-04  eta: 2:36:53  time: 1.0988  data_time: 0.0010  memory: 33872  loss: 0.8903
2024/06/17 19:31:31 - mmengine - INFO - Epoch(train)  [7][1000/1052]  base_lr: 6.5451e-04 lr: 6.5451e-04  eta: 2:35:03  time: 1.0986  data_time: 0.0010  memory: 33872  loss: 0.8329
2024/06/17 19:32:28 - mmengine - INFO - Exp name: plantclef-pretrained_20240617_170823
2024/06/17 19:32:28 - mmengine - INFO - Saving checkpoint at 7 epochs
2024/06/17 19:33:58 - mmengine - INFO - Epoch(val) [7][30/30]    accuracy/top1: 71.9786  accuracy/top5: 92.2727  data_time: 0.0349  time: 2.8326
2024/06/17 19:35:48 - mmengine - INFO - Epoch(train)  [8][ 100/1052]  base_lr: 5.5226e-04 lr: 5.5226e-04  eta: 2:32:17  time: 1.0974  data_time: 0.0011  memory: 33872  loss: 0.7324
2024/06/17 19:37:38 - mmengine - INFO - Epoch(train)  [8][ 200/1052]  base_lr: 5.5226e-04 lr: 5.5226e-04  eta: 2:30:27  time: 1.0994  data_time: 0.0011  memory: 33872  loss: 0.7385
2024/06/17 19:39:28 - mmengine - INFO - Epoch(train)  [8][ 300/1052]  base_lr: 5.5226e-04 lr: 5.5226e-04  eta: 2:28:37  time: 1.0977  data_time: 0.0011  memory: 33872  loss: 0.6573
2024/06/17 19:41:18 - mmengine - INFO - Epoch(train)  [8][ 400/1052]  base_lr: 5.5226e-04 lr: 5.5226e-04  eta: 2:26:47  time: 1.0986  data_time: 0.0011  memory: 33872  loss: 0.6749
2024/06/17 19:43:07 - mmengine - INFO - Epoch(train)  [8][ 500/1052]  base_lr: 5.5226e-04 lr: 5.5226e-04  eta: 2:24:57  time: 1.0984  data_time: 0.0010  memory: 33872  loss: 0.7185
2024/06/17 19:44:57 - mmengine - INFO - Epoch(train)  [8][ 600/1052]  base_lr: 5.5226e-04 lr: 5.5226e-04  eta: 2:23:07  time: 1.0989  data_time: 0.0011  memory: 33872  loss: 0.8804
2024/06/17 19:45:37 - mmengine - INFO - Exp name: plantclef-pretrained_20240617_170823
2024/06/17 19:46:47 - mmengine - INFO - Epoch(train)  [8][ 700/1052]  base_lr: 5.5226e-04 lr: 5.5226e-04  eta: 2:21:17  time: 1.0987  data_time: 0.0011  memory: 33872  loss: 0.7971
2024/06/17 19:48:37 - mmengine - INFO - Epoch(train)  [8][ 800/1052]  base_lr: 5.5226e-04 lr: 5.5226e-04  eta: 2:19:28  time: 1.0988  data_time: 0.0011  memory: 33872  loss: 0.7011
2024/06/17 19:50:27 - mmengine - INFO - Epoch(train)  [8][ 900/1052]  base_lr: 5.5226e-04 lr: 5.5226e-04  eta: 2:17:38  time: 1.0982  data_time: 0.0011  memory: 33872  loss: 0.7741
2024/06/17 19:52:17 - mmengine - INFO - Epoch(train)  [8][1000/1052]  base_lr: 5.5226e-04 lr: 5.5226e-04  eta: 2:15:48  time: 1.0996  data_time: 0.0015  memory: 33872  loss: 0.7844
2024/06/17 19:53:14 - mmengine - INFO - Exp name: plantclef-pretrained_20240617_170823
2024/06/17 19:53:14 - mmengine - INFO - Saving checkpoint at 8 epochs
2024/06/17 19:54:46 - mmengine - INFO - Epoch(val) [8][30/30]    accuracy/top1: 72.6471  accuracy/top5: 92.3529  data_time: 0.0342  time: 2.8302
2024/06/17 19:56:36 - mmengine - INFO - Epoch(train)  [9][ 100/1052]  base_lr: 4.4774e-04 lr: 4.4774e-04  eta: 2:13:01  time: 1.0985  data_time: 0.0012  memory: 33872  loss: 0.6142
2024/06/17 19:58:26 - mmengine - INFO - Epoch(train)  [9][ 200/1052]  base_lr: 4.4774e-04 lr: 4.4774e-04  eta: 2:11:11  time: 1.0991  data_time: 0.0012  memory: 33872  loss: 0.6303
2024/06/17 20:00:16 - mmengine - INFO - Epoch(train)  [9][ 300/1052]  base_lr: 4.4774e-04 lr: 4.4774e-04  eta: 2:09:21  time: 1.0990  data_time: 0.0012  memory: 33872  loss: 0.6531
2024/06/17 20:02:05 - mmengine - INFO - Epoch(train)  [9][ 400/1052]  base_lr: 4.4774e-04 lr: 4.4774e-04  eta: 2:07:32  time: 1.0995  data_time: 0.0011  memory: 33872  loss: 0.6114
2024/06/17 20:03:55 - mmengine - INFO - Epoch(train)  [9][ 500/1052]  base_lr: 4.4774e-04 lr: 4.4774e-04  eta: 2:05:42  time: 1.0987  data_time: 0.0011  memory: 33872  loss: 0.7022
2024/06/17 20:05:28 - mmengine - INFO - Exp name: plantclef-pretrained_20240617_170823
2024/06/17 20:05:45 - mmengine - INFO - Epoch(train)  [9][ 600/1052]  base_lr: 4.4774e-04 lr: 4.4774e-04  eta: 2:03:52  time: 1.0995  data_time: 0.0011  memory: 33872  loss: 0.6869
2024/06/17 20:07:35 - mmengine - INFO - Epoch(train)  [9][ 700/1052]  base_lr: 4.4774e-04 lr: 4.4774e-04  eta: 2:02:02  time: 1.0983  data_time: 0.0010  memory: 33872  loss: 0.7312
2024/06/17 20:09:25 - mmengine - INFO - Epoch(train)  [9][ 800/1052]  base_lr: 4.4774e-04 lr: 4.4774e-04  eta: 2:00:12  time: 1.0973  data_time: 0.0010  memory: 33872  loss: 0.6347
2024/06/17 20:11:15 - mmengine - INFO - Epoch(train)  [9][ 900/1052]  base_lr: 4.4774e-04 lr: 4.4774e-04  eta: 1:58:22  time: 1.0962  data_time: 0.0010  memory: 33872  loss: 0.6836
2024/06/17 20:13:04 - mmengine - INFO - Epoch(train)  [9][1000/1052]  base_lr: 4.4774e-04 lr: 4.4774e-04  eta: 1:56:32  time: 1.0995  data_time: 0.0013  memory: 33872  loss: 0.7314
2024/06/17 20:14:01 - mmengine - INFO - Exp name: plantclef-pretrained_20240617_170823
2024/06/17 20:14:01 - mmengine - INFO - Saving checkpoint at 9 epochs
2024/06/17 20:15:31 - mmengine - INFO - Epoch(val) [9][30/30]    accuracy/top1: 73.1283  accuracy/top5: 92.0321  data_time: 0.0337  time: 2.8305
2024/06/17 20:17:22 - mmengine - INFO - Epoch(train) [10][ 100/1052]  base_lr: 3.4549e-04 lr: 3.4549e-04  eta: 1:53:45  time: 1.0975  data_time: 0.0011  memory: 33872  loss: 0.5126
2024/06/17 20:19:11 - mmengine - INFO - Epoch(train) [10][ 200/1052]  base_lr: 3.4549e-04 lr: 3.4549e-04  eta: 1:51:55  time: 1.0980  data_time: 0.0010  memory: 33872  loss: 0.3975
2024/06/17 20:21:01 - mmengine - INFO - Epoch(train) [10][ 300/1052]  base_lr: 3.4549e-04 lr: 3.4549e-04  eta: 1:50:05  time: 1.0973  data_time: 0.0011  memory: 33872  loss: 0.4771
2024/06/17 20:22:51 - mmengine - INFO - Epoch(train) [10][ 400/1052]  base_lr: 3.4549e-04 lr: 3.4549e-04  eta: 1:48:15  time: 1.0958  data_time: 0.0010  memory: 33872  loss: 0.4679
2024/06/17 20:24:40 - mmengine - INFO - Epoch(train) [10][ 500/1052]  base_lr: 3.4549e-04 lr: 3.4549e-04  eta: 1:46:25  time: 1.0960  data_time: 0.0010  memory: 33872  loss: 0.5161
2024/06/17 20:25:16 - mmengine - INFO - Exp name: plantclef-pretrained_20240617_170823
2024/06/17 20:26:30 - mmengine - INFO - Epoch(train) [10][ 600/1052]  base_lr: 3.4549e-04 lr: 3.4549e-04  eta: 1:44:35  time: 1.0975  data_time: 0.0010  memory: 33872  loss: 0.5195
2024/06/17 20:28:20 - mmengine - INFO - Epoch(train) [10][ 700/1052]  base_lr: 3.4549e-04 lr: 3.4549e-04  eta: 1:42:45  time: 1.0985  data_time: 0.0010  memory: 33872  loss: 0.5086
2024/06/17 20:30:10 - mmengine - INFO - Epoch(train) [10][ 800/1052]  base_lr: 3.4549e-04 lr: 3.4549e-04  eta: 1:40:56  time: 1.0990  data_time: 0.0010  memory: 33872  loss: 0.5752
2024/06/17 20:32:00 - mmengine - INFO - Epoch(train) [10][ 900/1052]  base_lr: 3.4549e-04 lr: 3.4549e-04  eta: 1:39:06  time: 1.0991  data_time: 0.0010  memory: 33872  loss: 0.5114
2024/06/17 20:33:50 - mmengine - INFO - Epoch(train) [10][1000/1052]  base_lr: 3.4549e-04 lr: 3.4549e-04  eta: 1:37:16  time: 1.0987  data_time: 0.0011  memory: 33872  loss: 0.5136
2024/06/17 20:34:47 - mmengine - INFO - Exp name: plantclef-pretrained_20240617_170823
2024/06/17 20:34:47 - mmengine - INFO - Saving checkpoint at 10 epochs
2024/06/17 20:36:16 - mmengine - INFO - Epoch(val) [10][30/30]    accuracy/top1: 74.7861  accuracy/top5: 93.0214  data_time: 0.0330  time: 2.8326
2024/06/17 20:38:06 - mmengine - INFO - Epoch(train) [11][ 100/1052]  base_lr: 2.5000e-04 lr: 2.5000e-04  eta: 1:34:29  time: 1.0965  data_time: 0.0011  memory: 33872  loss: 0.3479
2024/06/17 20:39:56 - mmengine - INFO - Epoch(train) [11][ 200/1052]  base_lr: 2.5000e-04 lr: 2.5000e-04  eta: 1:32:39  time: 1.0981  data_time: 0.0017  memory: 33872  loss: 0.3338
2024/06/17 20:41:46 - mmengine - INFO - Epoch(train) [11][ 300/1052]  base_lr: 2.5000e-04 lr: 2.5000e-04  eta: 1:30:49  time: 1.0976  data_time: 0.0010  memory: 33872  loss: 0.3547
2024/06/17 20:43:36 - mmengine - INFO - Epoch(train) [11][ 400/1052]  base_lr: 2.5000e-04 lr: 2.5000e-04  eta: 1:28:59  time: 1.0965  data_time: 0.0010  memory: 33872  loss: 0.2998
2024/06/17 20:45:03 - mmengine - INFO - Exp name: plantclef-pretrained_20240617_170823
2024/06/17 20:45:25 - mmengine - INFO - Epoch(train) [11][ 500/1052]  base_lr: 2.5000e-04 lr: 2.5000e-04  eta: 1:27:09  time: 1.0970  data_time: 0.0015  memory: 33872  loss: 0.3165
2024/06/17 20:47:15 - mmengine - INFO - Epoch(train) [11][ 600/1052]  base_lr: 2.5000e-04 lr: 2.5000e-04  eta: 1:25:19  time: 1.0996  data_time: 0.0011  memory: 33872  loss: 0.4082
2024/06/17 20:49:05 - mmengine - INFO - Epoch(train) [11][ 700/1052]  base_lr: 2.5000e-04 lr: 2.5000e-04  eta: 1:23:29  time: 1.0971  data_time: 0.0010  memory: 33872  loss: 0.3453
2024/06/17 20:50:55 - mmengine - INFO - Epoch(train) [11][ 800/1052]  base_lr: 2.5000e-04 lr: 2.5000e-04  eta: 1:21:40  time: 1.0976  data_time: 0.0011  memory: 33872  loss: 0.4644
2024/06/17 20:52:44 - mmengine - INFO - Epoch(train) [11][ 900/1052]  base_lr: 2.5000e-04 lr: 2.5000e-04  eta: 1:19:50  time: 1.0977  data_time: 0.0010  memory: 33872  loss: 0.4301
2024/06/17 20:54:34 - mmengine - INFO - Epoch(train) [11][1000/1052]  base_lr: 2.5000e-04 lr: 2.5000e-04  eta: 1:18:00  time: 1.0969  data_time: 0.0010  memory: 33872  loss: 0.4024
2024/06/17 20:55:31 - mmengine - INFO - Exp name: plantclef-pretrained_20240617_170823
2024/06/17 20:55:31 - mmengine - INFO - Saving checkpoint at 11 epochs
2024/06/17 20:57:00 - mmengine - INFO - Epoch(val) [11][30/30]    accuracy/top1: 75.2941  accuracy/top5: 92.9947  data_time: 0.0351  time: 2.8335
2024/06/17 20:58:50 - mmengine - INFO - Epoch(train) [12][ 100/1052]  base_lr: 1.6543e-04 lr: 1.6543e-04  eta: 1:15:13  time: 1.0942  data_time: 0.0010  memory: 33872  loss: 0.2590
2024/06/17 21:00:40 - mmengine - INFO - Epoch(train) [12][ 200/1052]  base_lr: 1.6543e-04 lr: 1.6543e-04  eta: 1:13:23  time: 1.0950  data_time: 0.0010  memory: 33872  loss: 0.2302
2024/06/17 21:02:29 - mmengine - INFO - Epoch(train) [12][ 300/1052]  base_lr: 1.6543e-04 lr: 1.6543e-04  eta: 1:11:33  time: 1.0962  data_time: 0.0010  memory: 33872  loss: 0.2327
2024/06/17 21:04:19 - mmengine - INFO - Epoch(train) [12][ 400/1052]  base_lr: 1.6543e-04 lr: 1.6543e-04  eta: 1:09:43  time: 1.0944  data_time: 0.0010  memory: 33872  loss: 0.2713
2024/06/17 21:04:49 - mmengine - INFO - Exp name: plantclef-pretrained_20240617_170823
2024/06/17 21:06:08 - mmengine - INFO - Epoch(train) [12][ 500/1052]  base_lr: 1.6543e-04 lr: 1.6543e-04  eta: 1:07:53  time: 1.0966  data_time: 0.0010  memory: 33872  loss: 0.2329
2024/06/17 21:07:58 - mmengine - INFO - Epoch(train) [12][ 600/1052]  base_lr: 1.6543e-04 lr: 1.6543e-04  eta: 1:06:03  time: 1.0948  data_time: 0.0010  memory: 33872  loss: 0.2331
2024/06/17 21:09:47 - mmengine - INFO - Epoch(train) [12][ 700/1052]  base_lr: 1.6543e-04 lr: 1.6543e-04  eta: 1:04:13  time: 1.0964  data_time: 0.0010  memory: 33872  loss: 0.2852
2024/06/17 21:11:37 - mmengine - INFO - Epoch(train) [12][ 800/1052]  base_lr: 1.6543e-04 lr: 1.6543e-04  eta: 1:02:23  time: 1.0962  data_time: 0.0010  memory: 33872  loss: 0.2054
2024/06/17 21:13:27 - mmengine - INFO - Epoch(train) [12][ 900/1052]  base_lr: 1.6543e-04 lr: 1.6543e-04  eta: 1:00:33  time: 1.0968  data_time: 0.0015  memory: 33872  loss: 0.2207
2024/06/17 21:15:16 - mmengine - INFO - Epoch(train) [12][1000/1052]  base_lr: 1.6543e-04 lr: 1.6543e-04  eta: 0:58:43  time: 1.0992  data_time: 0.0010  memory: 33872  loss: 0.2154
2024/06/17 21:16:13 - mmengine - INFO - Exp name: plantclef-pretrained_20240617_170823
2024/06/17 21:16:13 - mmengine - INFO - Saving checkpoint at 12 epochs
2024/06/17 21:17:44 - mmengine - INFO - Epoch(val) [12][30/30]    accuracy/top1: 75.3476  accuracy/top5: 92.9412  data_time: 0.0313  time: 2.8282
2024/06/17 21:19:34 - mmengine - INFO - Epoch(train) [13][ 100/1052]  base_lr: 9.5492e-05 lr: 9.5492e-05  eta: 0:55:56  time: 1.0955  data_time: 0.0010  memory: 33872  loss: 0.1354
2024/06/17 21:21:23 - mmengine - INFO - Epoch(train) [13][ 200/1052]  base_lr: 9.5492e-05 lr: 9.5492e-05  eta: 0:54:06  time: 1.0958  data_time: 0.0012  memory: 33872  loss: 0.0794
2024/06/17 21:23:13 - mmengine - INFO - Epoch(train) [13][ 300/1052]  base_lr: 9.5492e-05 lr: 9.5492e-05  eta: 0:52:17  time: 1.0971  data_time: 0.0023  memory: 33872  loss: 0.1360
2024/06/17 21:24:36 - mmengine - INFO - Exp name: plantclef-pretrained_20240617_170823
2024/06/17 21:25:03 - mmengine - INFO - Epoch(train) [13][ 400/1052]  base_lr: 9.5492e-05 lr: 9.5492e-05  eta: 0:50:27  time: 1.0949  data_time: 0.0010  memory: 33872  loss: 0.0879
2024/06/17 21:26:52 - mmengine - INFO - Epoch(train) [13][ 500/1052]  base_lr: 9.5492e-05 lr: 9.5492e-05  eta: 0:48:37  time: 1.0958  data_time: 0.0010  memory: 33872  loss: 0.1408
2024/06/17 21:28:42 - mmengine - INFO - Epoch(train) [13][ 600/1052]  base_lr: 9.5492e-05 lr: 9.5492e-05  eta: 0:46:47  time: 1.0962  data_time: 0.0019  memory: 33872  loss: 0.0915
2024/06/17 21:30:31 - mmengine - INFO - Epoch(train) [13][ 700/1052]  base_lr: 9.5492e-05 lr: 9.5492e-05  eta: 0:44:57  time: 1.0956  data_time: 0.0010  memory: 33872  loss: 0.1306
2024/06/17 21:32:21 - mmengine - INFO - Epoch(train) [13][ 800/1052]  base_lr: 9.5492e-05 lr: 9.5492e-05  eta: 0:43:07  time: 1.0958  data_time: 0.0011  memory: 33872  loss: 0.1083
2024/06/17 21:34:10 - mmengine - INFO - Epoch(train) [13][ 900/1052]  base_lr: 9.5492e-05 lr: 9.5492e-05  eta: 0:41:17  time: 1.0958  data_time: 0.0011  memory: 33872  loss: 0.1200
2024/06/17 21:36:00 - mmengine - INFO - Epoch(train) [13][1000/1052]  base_lr: 9.5492e-05 lr: 9.5492e-05  eta: 0:39:27  time: 1.0964  data_time: 0.0019  memory: 33872  loss: 0.1196
2024/06/17 21:36:57 - mmengine - INFO - Exp name: plantclef-pretrained_20240617_170823
2024/06/17 21:36:57 - mmengine - INFO - Saving checkpoint at 13 epochs
