2024/06/23 16:14:53 - mmengine - INFO - 
------------------------------------------------------------
System environment:
    sys.platform: linux
    Python: 3.10.12 (main, Nov 20 2023, 15:14:05) [GCC 11.4.0]
    CUDA available: True
    MUSA available: False
    numpy_random_seed: 0
    GPU 0: NVIDIA H100 80GB HBM3
    CUDA_HOME: /usr/local/cuda
    NVCC: Cuda compilation tools, release 12.3, V12.3.107
    GCC: x86_64-linux-gnu-gcc (Ubuntu 11.4.0-1ubuntu1~22.04) 11.4.0
    PyTorch: 2.3.1+cu121
    PyTorch compiling details: PyTorch built with:
  - GCC 9.3
  - C++ Version: 201703
  - Intel(R) oneAPI Math Kernel Library Version 2022.2-Product Build 20220804 for Intel(R) 64 architecture applications
  - Intel(R) MKL-DNN v3.3.6 (Git Hash 86e6af5974177e513fd3fee58425e1063e7f1361)
  - OpenMP 201511 (a.k.a. OpenMP 4.5)
  - LAPACK is enabled (usually provided by MKL)
  - NNPACK is enabled
  - CPU capability usage: AVX512
  - CUDA Runtime 12.1
  - NVCC architecture flags: -gencode;arch=compute_50,code=sm_50;-gencode;arch=compute_60,code=sm_60;-gencode;arch=compute_70,code=sm_70;-gencode;arch=compute_75,code=sm_75;-gencode;arch=compute_80,code=sm_80;-gencode;arch=compute_86,code=sm_86;-gencode;arch=compute_90,code=sm_90
  - CuDNN 8.9.2
  - Magma 2.6.1
  - Build settings: BLAS_INFO=mkl, BUILD_TYPE=Release, CUDA_VERSION=12.1, CUDNN_VERSION=8.9.2, CXX_COMPILER=/opt/rh/devtoolset-9/root/usr/bin/c++, CXX_FLAGS= -D_GLIBCXX_USE_CXX11_ABI=0 -fabi-version=11 -fvisibility-inlines-hidden -DUSE_PTHREADPOOL -DNDEBUG -DUSE_KINETO -DLIBKINETO_NOROCTRACER -DUSE_FBGEMM -DUSE_QNNPACK -DUSE_PYTORCH_QNNPACK -DUSE_XNNPACK -DSYMBOLICATE_MOBILE_DEBUG_HANDLE -O2 -fPIC -Wall -Wextra -Werror=return-type -Werror=non-virtual-dtor -Werror=bool-operation -Wnarrowing -Wno-missing-field-initializers -Wno-type-limits -Wno-array-bounds -Wno-unknown-pragmas -Wno-unused-parameter -Wno-unused-function -Wno-unused-result -Wno-strict-overflow -Wno-strict-aliasing -Wno-stringop-overflow -Wsuggest-override -Wno-psabi -Wno-error=pedantic -Wno-error=old-style-cast -Wno-missing-braces -fdiagnostics-color=always -faligned-new -Wno-unused-but-set-variable -Wno-maybe-uninitialized -fno-math-errno -fno-trapping-math -Werror=format -Wno-stringop-overflow, LAPACK_INFO=mkl, PERF_WITH_AVX=1, PERF_WITH_AVX2=1, PERF_WITH_AVX512=1, TORCH_VERSION=2.3.1, USE_CUDA=ON, USE_CUDNN=ON, USE_CUSPARSELT=1, USE_EXCEPTION_PTR=1, USE_GFLAGS=OFF, USE_GLOG=OFF, USE_GLOO=ON, USE_MKL=ON, USE_MKLDNN=ON, USE_MPI=OFF, USE_NCCL=1, USE_NNPACK=ON, USE_OPENMP=ON, USE_ROCM=OFF, USE_ROCM_KERNEL_ASSERT=OFF, 

    TorchVision: 0.18.1+cu121
    OpenCV: 4.10.0
    MMEngine: 0.10.4

Runtime environment:
    cudnn_benchmark: False
    mp_cfg: {'mp_start_method': 'fork', 'opencv_num_threads': 0}
    dist_cfg: {'backend': 'nccl'}
    seed: 0
    deterministic: True
    Distributed launcher: pytorch
    Distributed training: True
    GPU number: 1
------------------------------------------------------------

2024/06/23 16:14:53 - mmengine - INFO - Config:
auto_scale_lr = dict(base_batch_size=1024)
data_dir = '/mnt/data'
data_preprocessor = dict(
    mean=[
        123.675,
        116.28,
        103.53,
    ],
    num_classes=7806,
    std=[
        58.395,
        57.12,
        57.375,
    ],
    to_rgb=True)
default_hooks = dict(
    checkpoint=dict(interval=1, max_keep_ckpts=5, type='CheckpointHook'),
    logger=dict(interval=25, type='LoggerHook'),
    param_scheduler=dict(type='ParamSchedulerHook'),
    sampler_seed=dict(type='DistSamplerSeedHook'),
    timer=dict(type='IterTimerHook'),
    visualization=dict(enable=False, type='VisualizationHook'))
default_scope = 'mmpretrain'
env_cfg = dict(
    cudnn_benchmark=False,
    dist_cfg=dict(backend='nccl'),
    mp_cfg=dict(mp_start_method='fork', opencv_num_threads=0))
launcher = 'pytorch'
load_from = None
log_level = 'INFO'
model = dict(
    backbone=dict(
        arch='base',
        frozen_stages=12,
        img_size=518,
        init_cfg=dict(
            checkpoint=
            'https://download.openmmlab.com/mmpretrain/v1.0/dinov2/vit-base-p14_dinov2-pre_3rdparty_20230426-ba246503.pth',
            prefix='backbone',
            type='Pretrained'),
        layer_scale_init_value=1e-05,
        patch_size=14,
        type='VisionTransformer'),
    head=dict(
        in_channels=768,
        loss=dict(type='CrossEntropyLoss'),
        num_classes=7806,
        topk=(
            1,
            5,
        ),
        type='VisionTransformerClsHead'),
    neck=None,
    type='ImageClassifier')
optim_wrapper = dict(
    loss_scale='dynamic',
    optimizer=dict(lr=0.0001, type='AdamW', weight_decay=0.05),
    paramwise_cfg=dict(
        custom_keys=dict(
            cls_token=dict(decay_mult=0.0), mask_token=dict(decay_mult=0.0))),
    type='AmpOptimWrapper')
param_scheduler = [
    dict(by_epoch=True, type='CosineAnnealingLR'),
]
randomness = dict(deterministic=True, seed=0)
resume = True
test_cfg = dict()
test_dataloader = dict(
    batch_size=1024,
    collate_fn=dict(type='default_collate'),
    dataset=dict(
        ann_file='annotation/test_2.txt',
        data_prefix='/mnt/data',
        pipeline=[
            dict(type='LoadImageFromFile'),
            dict(
                backend='pillow',
                edge='short',
                interpolation='bicubic',
                scale=518,
                type='ResizeEdge'),
            dict(crop_size=518, type='CenterCrop'),
            dict(type='PackInputs'),
        ],
        type='CustomDataset'),
    num_workers=30,
    persistent_workers=True,
    pin_memory=True,
    sampler=dict(shuffle=True, type='DefaultSampler'))
test_evaluator = dict(
    topk=(
        1,
        5,
    ), type='Accuracy')
test_pipeline = [
    dict(type='LoadImageFromFile'),
    dict(
        backend='pillow',
        edge='short',
        interpolation='bicubic',
        scale=518,
        type='ResizeEdge'),
    dict(crop_size=518, type='CenterCrop'),
    dict(type='PackInputs'),
]
train_cfg = dict(by_epoch=True, max_epochs=20, val_interval=1)
train_dataloader = dict(
    batch_size=1024,
    collate_fn=dict(type='default_collate'),
    dataset=dict(
        ann_file='annotation/train_2.txt',
        data_prefix='/mnt/data',
        pipeline=[
            dict(type='LoadImageFromFile'),
            dict(
                backend='pillow',
                edge='short',
                interpolation='bicubic',
                scale=518,
                type='ResizeEdge'),
            dict(crop_size=518, type='CenterCrop'),
            dict(type='PackInputs'),
        ],
        type='CustomDataset'),
    num_workers=30,
    persistent_workers=True,
    pin_memory=True,
    sampler=dict(shuffle=True, type='DefaultSampler'))
train_pipeline = [
    dict(type='LoadImageFromFile'),
    dict(
        backend='pillow',
        interpolation='bicubic',
        scale=518,
        type='RandomResizedCrop'),
    dict(direction='horizontal', prob=0.5, type='RandomFlip'),
    dict(type='PackInputs'),
]
val_cfg = dict()
val_dataloader = dict(
    batch_size=1024,
    collate_fn=dict(type='default_collate'),
    dataset=dict(
        ann_file='annotation/val_2.txt',
        data_prefix='/mnt/data',
        pipeline=[
            dict(type='LoadImageFromFile'),
            dict(
                backend='pillow',
                edge='short',
                interpolation='bicubic',
                scale=518,
                type='ResizeEdge'),
            dict(crop_size=518, type='CenterCrop'),
            dict(type='PackInputs'),
        ],
        type='CustomDataset'),
    num_workers=30,
    persistent_workers=True,
    pin_memory=True,
    sampler=dict(shuffle=True, type='DefaultSampler'))
val_evaluator = dict(
    topk=(
        1,
        5,
    ), type='Accuracy')
vis_backends = [
    dict(type='LocalVisBackend'),
]
visualizer = dict(
    type='UniversalVisualizer', vis_backends=[
        dict(type='LocalVisBackend'),
    ])
work_dir = './work_dirs/leafcaw'

2024/06/23 16:14:54 - mmengine - INFO - Hooks will be executed in the following order:
before_run:
(VERY_HIGH   ) RuntimeInfoHook                    
(BELOW_NORMAL) LoggerHook                         
 -------------------- 
before_train:
(VERY_HIGH   ) RuntimeInfoHook                    
(NORMAL      ) IterTimerHook                      
(VERY_LOW    ) CheckpointHook                     
 -------------------- 
before_train_epoch:
(VERY_HIGH   ) RuntimeInfoHook                    
(NORMAL      ) IterTimerHook                      
(NORMAL      ) DistSamplerSeedHook                
 -------------------- 
before_train_iter:
(VERY_HIGH   ) RuntimeInfoHook                    
(NORMAL      ) IterTimerHook                      
 -------------------- 
after_train_iter:
(VERY_HIGH   ) RuntimeInfoHook                    
(NORMAL      ) IterTimerHook                      
(BELOW_NORMAL) LoggerHook                         
(LOW         ) ParamSchedulerHook                 
(VERY_LOW    ) CheckpointHook                     
 -------------------- 
after_train_epoch:
(NORMAL      ) IterTimerHook                      
(LOW         ) ParamSchedulerHook                 
(VERY_LOW    ) CheckpointHook                     
 -------------------- 
before_val:
(VERY_HIGH   ) RuntimeInfoHook                    
 -------------------- 
before_val_epoch:
(NORMAL      ) IterTimerHook                      
 -------------------- 
before_val_iter:
(NORMAL      ) IterTimerHook                      
 -------------------- 
after_val_iter:
(NORMAL      ) IterTimerHook                      
(NORMAL      ) VisualizationHook                  
(BELOW_NORMAL) LoggerHook                         
 -------------------- 
after_val_epoch:
(VERY_HIGH   ) RuntimeInfoHook                    
(NORMAL      ) IterTimerHook                      
(BELOW_NORMAL) LoggerHook                         
(LOW         ) ParamSchedulerHook                 
(VERY_LOW    ) CheckpointHook                     
 -------------------- 
after_val:
(VERY_HIGH   ) RuntimeInfoHook                    
 -------------------- 
after_train:
(VERY_HIGH   ) RuntimeInfoHook                    
(VERY_LOW    ) CheckpointHook                     
 -------------------- 
before_test:
(VERY_HIGH   ) RuntimeInfoHook                    
 -------------------- 
before_test_epoch:
(NORMAL      ) IterTimerHook                      
 -------------------- 
before_test_iter:
(NORMAL      ) IterTimerHook                      
 -------------------- 
after_test_iter:
(NORMAL      ) IterTimerHook                      
(NORMAL      ) VisualizationHook                  
(BELOW_NORMAL) LoggerHook                         
 -------------------- 
after_test_epoch:
(VERY_HIGH   ) RuntimeInfoHook                    
(NORMAL      ) IterTimerHook                      
(BELOW_NORMAL) LoggerHook                         
 -------------------- 
after_test:
(VERY_HIGH   ) RuntimeInfoHook                    
 -------------------- 
after_run:
(BELOW_NORMAL) LoggerHook                         
 -------------------- 
2024/06/23 16:14:56 - mmengine - WARNING - backbone.cls_token is skipped since its requires_grad=False
2024/06/23 16:14:56 - mmengine - WARNING - backbone.pos_embed is skipped since its requires_grad=False
2024/06/23 16:14:56 - mmengine - WARNING - backbone.patch_embed.projection.weight is skipped since its requires_grad=False
2024/06/23 16:14:56 - mmengine - WARNING - backbone.patch_embed.projection.bias is skipped since its requires_grad=False
2024/06/23 16:14:56 - mmengine - WARNING - backbone.layers.0.ln1.weight is skipped since its requires_grad=False
2024/06/23 16:14:56 - mmengine - WARNING - backbone.layers.0.ln1.bias is skipped since its requires_grad=False
2024/06/23 16:14:56 - mmengine - WARNING - backbone.layers.0.attn.qkv.weight is skipped since its requires_grad=False
2024/06/23 16:14:56 - mmengine - WARNING - backbone.layers.0.attn.qkv.bias is skipped since its requires_grad=False
2024/06/23 16:14:56 - mmengine - WARNING - backbone.layers.0.attn.proj.weight is skipped since its requires_grad=False
2024/06/23 16:14:56 - mmengine - WARNING - backbone.layers.0.attn.proj.bias is skipped since its requires_grad=False
2024/06/23 16:14:56 - mmengine - WARNING - backbone.layers.0.attn.gamma1.weight is skipped since its requires_grad=False
2024/06/23 16:14:56 - mmengine - WARNING - backbone.layers.0.ln2.weight is skipped since its requires_grad=False
2024/06/23 16:14:56 - mmengine - WARNING - backbone.layers.0.ln2.bias is skipped since its requires_grad=False
2024/06/23 16:14:56 - mmengine - WARNING - backbone.layers.0.ffn.layers.0.0.weight is skipped since its requires_grad=False
2024/06/23 16:14:56 - mmengine - WARNING - backbone.layers.0.ffn.layers.0.0.bias is skipped since its requires_grad=False
2024/06/23 16:14:56 - mmengine - WARNING - backbone.layers.0.ffn.layers.1.weight is skipped since its requires_grad=False
2024/06/23 16:14:56 - mmengine - WARNING - backbone.layers.0.ffn.layers.1.bias is skipped since its requires_grad=False
2024/06/23 16:14:56 - mmengine - WARNING - backbone.layers.0.ffn.gamma2.weight is skipped since its requires_grad=False
2024/06/23 16:14:56 - mmengine - WARNING - backbone.layers.1.ln1.weight is skipped since its requires_grad=False
2024/06/23 16:14:56 - mmengine - WARNING - backbone.layers.1.ln1.bias is skipped since its requires_grad=False
2024/06/23 16:14:56 - mmengine - WARNING - backbone.layers.1.attn.qkv.weight is skipped since its requires_grad=False
2024/06/23 16:14:56 - mmengine - WARNING - backbone.layers.1.attn.qkv.bias is skipped since its requires_grad=False
2024/06/23 16:14:56 - mmengine - WARNING - backbone.layers.1.attn.proj.weight is skipped since its requires_grad=False
2024/06/23 16:14:56 - mmengine - WARNING - backbone.layers.1.attn.proj.bias is skipped since its requires_grad=False
2024/06/23 16:14:56 - mmengine - WARNING - backbone.layers.1.attn.gamma1.weight is skipped since its requires_grad=False
2024/06/23 16:14:56 - mmengine - WARNING - backbone.layers.1.ln2.weight is skipped since its requires_grad=False
2024/06/23 16:14:56 - mmengine - WARNING - backbone.layers.1.ln2.bias is skipped since its requires_grad=False
2024/06/23 16:14:56 - mmengine - WARNING - backbone.layers.1.ffn.layers.0.0.weight is skipped since its requires_grad=False
2024/06/23 16:14:56 - mmengine - WARNING - backbone.layers.1.ffn.layers.0.0.bias is skipped since its requires_grad=False
2024/06/23 16:14:56 - mmengine - WARNING - backbone.layers.1.ffn.layers.1.weight is skipped since its requires_grad=False
2024/06/23 16:14:56 - mmengine - WARNING - backbone.layers.1.ffn.layers.1.bias is skipped since its requires_grad=False
2024/06/23 16:14:56 - mmengine - WARNING - backbone.layers.1.ffn.gamma2.weight is skipped since its requires_grad=False
2024/06/23 16:14:56 - mmengine - WARNING - backbone.layers.2.ln1.weight is skipped since its requires_grad=False
2024/06/23 16:14:56 - mmengine - WARNING - backbone.layers.2.ln1.bias is skipped since its requires_grad=False
2024/06/23 16:14:56 - mmengine - WARNING - backbone.layers.2.attn.qkv.weight is skipped since its requires_grad=False
2024/06/23 16:14:56 - mmengine - WARNING - backbone.layers.2.attn.qkv.bias is skipped since its requires_grad=False
2024/06/23 16:14:56 - mmengine - WARNING - backbone.layers.2.attn.proj.weight is skipped since its requires_grad=False
2024/06/23 16:14:56 - mmengine - WARNING - backbone.layers.2.attn.proj.bias is skipped since its requires_grad=False
2024/06/23 16:14:56 - mmengine - WARNING - backbone.layers.2.attn.gamma1.weight is skipped since its requires_grad=False
2024/06/23 16:14:56 - mmengine - WARNING - backbone.layers.2.ln2.weight is skipped since its requires_grad=False
2024/06/23 16:14:56 - mmengine - WARNING - backbone.layers.2.ln2.bias is skipped since its requires_grad=False
2024/06/23 16:14:56 - mmengine - WARNING - backbone.layers.2.ffn.layers.0.0.weight is skipped since its requires_grad=False
2024/06/23 16:14:56 - mmengine - WARNING - backbone.layers.2.ffn.layers.0.0.bias is skipped since its requires_grad=False
2024/06/23 16:14:56 - mmengine - WARNING - backbone.layers.2.ffn.layers.1.weight is skipped since its requires_grad=False
2024/06/23 16:14:56 - mmengine - WARNING - backbone.layers.2.ffn.layers.1.bias is skipped since its requires_grad=False
2024/06/23 16:14:56 - mmengine - WARNING - backbone.layers.2.ffn.gamma2.weight is skipped since its requires_grad=False
2024/06/23 16:14:56 - mmengine - WARNING - backbone.layers.3.ln1.weight is skipped since its requires_grad=False
2024/06/23 16:14:56 - mmengine - WARNING - backbone.layers.3.ln1.bias is skipped since its requires_grad=False
2024/06/23 16:14:56 - mmengine - WARNING - backbone.layers.3.attn.qkv.weight is skipped since its requires_grad=False
2024/06/23 16:14:56 - mmengine - WARNING - backbone.layers.3.attn.qkv.bias is skipped since its requires_grad=False
2024/06/23 16:14:56 - mmengine - WARNING - backbone.layers.3.attn.proj.weight is skipped since its requires_grad=False
2024/06/23 16:14:56 - mmengine - WARNING - backbone.layers.3.attn.proj.bias is skipped since its requires_grad=False
2024/06/23 16:14:56 - mmengine - WARNING - backbone.layers.3.attn.gamma1.weight is skipped since its requires_grad=False
2024/06/23 16:14:56 - mmengine - WARNING - backbone.layers.3.ln2.weight is skipped since its requires_grad=False
2024/06/23 16:14:56 - mmengine - WARNING - backbone.layers.3.ln2.bias is skipped since its requires_grad=False
2024/06/23 16:14:56 - mmengine - WARNING - backbone.layers.3.ffn.layers.0.0.weight is skipped since its requires_grad=False
2024/06/23 16:14:56 - mmengine - WARNING - backbone.layers.3.ffn.layers.0.0.bias is skipped since its requires_grad=False
2024/06/23 16:14:56 - mmengine - WARNING - backbone.layers.3.ffn.layers.1.weight is skipped since its requires_grad=False
2024/06/23 16:14:56 - mmengine - WARNING - backbone.layers.3.ffn.layers.1.bias is skipped since its requires_grad=False
2024/06/23 16:14:56 - mmengine - WARNING - backbone.layers.3.ffn.gamma2.weight is skipped since its requires_grad=False
2024/06/23 16:14:56 - mmengine - WARNING - backbone.layers.4.ln1.weight is skipped since its requires_grad=False
2024/06/23 16:14:56 - mmengine - WARNING - backbone.layers.4.ln1.bias is skipped since its requires_grad=False
2024/06/23 16:14:56 - mmengine - WARNING - backbone.layers.4.attn.qkv.weight is skipped since its requires_grad=False
2024/06/23 16:14:56 - mmengine - WARNING - backbone.layers.4.attn.qkv.bias is skipped since its requires_grad=False
2024/06/23 16:14:56 - mmengine - WARNING - backbone.layers.4.attn.proj.weight is skipped since its requires_grad=False
2024/06/23 16:14:56 - mmengine - WARNING - backbone.layers.4.attn.proj.bias is skipped since its requires_grad=False
2024/06/23 16:14:56 - mmengine - WARNING - backbone.layers.4.attn.gamma1.weight is skipped since its requires_grad=False
2024/06/23 16:14:56 - mmengine - WARNING - backbone.layers.4.ln2.weight is skipped since its requires_grad=False
2024/06/23 16:14:56 - mmengine - WARNING - backbone.layers.4.ln2.bias is skipped since its requires_grad=False
2024/06/23 16:14:56 - mmengine - WARNING - backbone.layers.4.ffn.layers.0.0.weight is skipped since its requires_grad=False
2024/06/23 16:14:56 - mmengine - WARNING - backbone.layers.4.ffn.layers.0.0.bias is skipped since its requires_grad=False
2024/06/23 16:14:56 - mmengine - WARNING - backbone.layers.4.ffn.layers.1.weight is skipped since its requires_grad=False
2024/06/23 16:14:56 - mmengine - WARNING - backbone.layers.4.ffn.layers.1.bias is skipped since its requires_grad=False
2024/06/23 16:14:56 - mmengine - WARNING - backbone.layers.4.ffn.gamma2.weight is skipped since its requires_grad=False
2024/06/23 16:14:56 - mmengine - WARNING - backbone.layers.5.ln1.weight is skipped since its requires_grad=False
2024/06/23 16:14:56 - mmengine - WARNING - backbone.layers.5.ln1.bias is skipped since its requires_grad=False
2024/06/23 16:14:56 - mmengine - WARNING - backbone.layers.5.attn.qkv.weight is skipped since its requires_grad=False
2024/06/23 16:14:56 - mmengine - WARNING - backbone.layers.5.attn.qkv.bias is skipped since its requires_grad=False
2024/06/23 16:14:56 - mmengine - WARNING - backbone.layers.5.attn.proj.weight is skipped since its requires_grad=False
2024/06/23 16:14:56 - mmengine - WARNING - backbone.layers.5.attn.proj.bias is skipped since its requires_grad=False
2024/06/23 16:14:56 - mmengine - WARNING - backbone.layers.5.attn.gamma1.weight is skipped since its requires_grad=False
2024/06/23 16:14:56 - mmengine - WARNING - backbone.layers.5.ln2.weight is skipped since its requires_grad=False
2024/06/23 16:14:56 - mmengine - WARNING - backbone.layers.5.ln2.bias is skipped since its requires_grad=False
2024/06/23 16:14:56 - mmengine - WARNING - backbone.layers.5.ffn.layers.0.0.weight is skipped since its requires_grad=False
2024/06/23 16:14:56 - mmengine - WARNING - backbone.layers.5.ffn.layers.0.0.bias is skipped since its requires_grad=False
2024/06/23 16:14:56 - mmengine - WARNING - backbone.layers.5.ffn.layers.1.weight is skipped since its requires_grad=False
2024/06/23 16:14:56 - mmengine - WARNING - backbone.layers.5.ffn.layers.1.bias is skipped since its requires_grad=False
2024/06/23 16:14:56 - mmengine - WARNING - backbone.layers.5.ffn.gamma2.weight is skipped since its requires_grad=False
2024/06/23 16:14:56 - mmengine - WARNING - backbone.layers.6.ln1.weight is skipped since its requires_grad=False
2024/06/23 16:14:56 - mmengine - WARNING - backbone.layers.6.ln1.bias is skipped since its requires_grad=False
2024/06/23 16:14:56 - mmengine - WARNING - backbone.layers.6.attn.qkv.weight is skipped since its requires_grad=False
2024/06/23 16:14:56 - mmengine - WARNING - backbone.layers.6.attn.qkv.bias is skipped since its requires_grad=False
2024/06/23 16:14:56 - mmengine - WARNING - backbone.layers.6.attn.proj.weight is skipped since its requires_grad=False
2024/06/23 16:14:56 - mmengine - WARNING - backbone.layers.6.attn.proj.bias is skipped since its requires_grad=False
2024/06/23 16:14:56 - mmengine - WARNING - backbone.layers.6.attn.gamma1.weight is skipped since its requires_grad=False
2024/06/23 16:14:56 - mmengine - WARNING - backbone.layers.6.ln2.weight is skipped since its requires_grad=False
2024/06/23 16:14:56 - mmengine - WARNING - backbone.layers.6.ln2.bias is skipped since its requires_grad=False
2024/06/23 16:14:56 - mmengine - WARNING - backbone.layers.6.ffn.layers.0.0.weight is skipped since its requires_grad=False
2024/06/23 16:14:56 - mmengine - WARNING - backbone.layers.6.ffn.layers.0.0.bias is skipped since its requires_grad=False
2024/06/23 16:14:56 - mmengine - WARNING - backbone.layers.6.ffn.layers.1.weight is skipped since its requires_grad=False
2024/06/23 16:14:56 - mmengine - WARNING - backbone.layers.6.ffn.layers.1.bias is skipped since its requires_grad=False
2024/06/23 16:14:56 - mmengine - WARNING - backbone.layers.6.ffn.gamma2.weight is skipped since its requires_grad=False
2024/06/23 16:14:56 - mmengine - WARNING - backbone.layers.7.ln1.weight is skipped since its requires_grad=False
2024/06/23 16:14:56 - mmengine - WARNING - backbone.layers.7.ln1.bias is skipped since its requires_grad=False
2024/06/23 16:14:56 - mmengine - WARNING - backbone.layers.7.attn.qkv.weight is skipped since its requires_grad=False
2024/06/23 16:14:56 - mmengine - WARNING - backbone.layers.7.attn.qkv.bias is skipped since its requires_grad=False
2024/06/23 16:14:56 - mmengine - WARNING - backbone.layers.7.attn.proj.weight is skipped since its requires_grad=False
2024/06/23 16:14:56 - mmengine - WARNING - backbone.layers.7.attn.proj.bias is skipped since its requires_grad=False
2024/06/23 16:14:56 - mmengine - WARNING - backbone.layers.7.attn.gamma1.weight is skipped since its requires_grad=False
2024/06/23 16:14:56 - mmengine - WARNING - backbone.layers.7.ln2.weight is skipped since its requires_grad=False
2024/06/23 16:14:56 - mmengine - WARNING - backbone.layers.7.ln2.bias is skipped since its requires_grad=False
2024/06/23 16:14:56 - mmengine - WARNING - backbone.layers.7.ffn.layers.0.0.weight is skipped since its requires_grad=False
2024/06/23 16:14:56 - mmengine - WARNING - backbone.layers.7.ffn.layers.0.0.bias is skipped since its requires_grad=False
2024/06/23 16:14:56 - mmengine - WARNING - backbone.layers.7.ffn.layers.1.weight is skipped since its requires_grad=False
2024/06/23 16:14:56 - mmengine - WARNING - backbone.layers.7.ffn.layers.1.bias is skipped since its requires_grad=False
2024/06/23 16:14:56 - mmengine - WARNING - backbone.layers.7.ffn.gamma2.weight is skipped since its requires_grad=False
2024/06/23 16:14:56 - mmengine - WARNING - backbone.layers.8.ln1.weight is skipped since its requires_grad=False
2024/06/23 16:14:56 - mmengine - WARNING - backbone.layers.8.ln1.bias is skipped since its requires_grad=False
2024/06/23 16:14:56 - mmengine - WARNING - backbone.layers.8.attn.qkv.weight is skipped since its requires_grad=False
2024/06/23 16:14:56 - mmengine - WARNING - backbone.layers.8.attn.qkv.bias is skipped since its requires_grad=False
2024/06/23 16:14:56 - mmengine - WARNING - backbone.layers.8.attn.proj.weight is skipped since its requires_grad=False
2024/06/23 16:14:56 - mmengine - WARNING - backbone.layers.8.attn.proj.bias is skipped since its requires_grad=False
2024/06/23 16:14:56 - mmengine - WARNING - backbone.layers.8.attn.gamma1.weight is skipped since its requires_grad=False
2024/06/23 16:14:56 - mmengine - WARNING - backbone.layers.8.ln2.weight is skipped since its requires_grad=False
2024/06/23 16:14:56 - mmengine - WARNING - backbone.layers.8.ln2.bias is skipped since its requires_grad=False
2024/06/23 16:14:56 - mmengine - WARNING - backbone.layers.8.ffn.layers.0.0.weight is skipped since its requires_grad=False
2024/06/23 16:14:56 - mmengine - WARNING - backbone.layers.8.ffn.layers.0.0.bias is skipped since its requires_grad=False
2024/06/23 16:14:56 - mmengine - WARNING - backbone.layers.8.ffn.layers.1.weight is skipped since its requires_grad=False
2024/06/23 16:14:56 - mmengine - WARNING - backbone.layers.8.ffn.layers.1.bias is skipped since its requires_grad=False
2024/06/23 16:14:56 - mmengine - WARNING - backbone.layers.8.ffn.gamma2.weight is skipped since its requires_grad=False
2024/06/23 16:14:56 - mmengine - WARNING - backbone.layers.9.ln1.weight is skipped since its requires_grad=False
2024/06/23 16:14:56 - mmengine - WARNING - backbone.layers.9.ln1.bias is skipped since its requires_grad=False
2024/06/23 16:14:56 - mmengine - WARNING - backbone.layers.9.attn.qkv.weight is skipped since its requires_grad=False
2024/06/23 16:14:56 - mmengine - WARNING - backbone.layers.9.attn.qkv.bias is skipped since its requires_grad=False
2024/06/23 16:14:56 - mmengine - WARNING - backbone.layers.9.attn.proj.weight is skipped since its requires_grad=False
2024/06/23 16:14:56 - mmengine - WARNING - backbone.layers.9.attn.proj.bias is skipped since its requires_grad=False
2024/06/23 16:14:56 - mmengine - WARNING - backbone.layers.9.attn.gamma1.weight is skipped since its requires_grad=False
2024/06/23 16:14:56 - mmengine - WARNING - backbone.layers.9.ln2.weight is skipped since its requires_grad=False
2024/06/23 16:14:56 - mmengine - WARNING - backbone.layers.9.ln2.bias is skipped since its requires_grad=False
2024/06/23 16:14:56 - mmengine - WARNING - backbone.layers.9.ffn.layers.0.0.weight is skipped since its requires_grad=False
2024/06/23 16:14:56 - mmengine - WARNING - backbone.layers.9.ffn.layers.0.0.bias is skipped since its requires_grad=False
2024/06/23 16:14:56 - mmengine - WARNING - backbone.layers.9.ffn.layers.1.weight is skipped since its requires_grad=False
2024/06/23 16:14:56 - mmengine - WARNING - backbone.layers.9.ffn.layers.1.bias is skipped since its requires_grad=False
2024/06/23 16:14:56 - mmengine - WARNING - backbone.layers.9.ffn.gamma2.weight is skipped since its requires_grad=False
2024/06/23 16:14:56 - mmengine - WARNING - backbone.layers.10.ln1.weight is skipped since its requires_grad=False
2024/06/23 16:14:56 - mmengine - WARNING - backbone.layers.10.ln1.bias is skipped since its requires_grad=False
2024/06/23 16:14:56 - mmengine - WARNING - backbone.layers.10.attn.qkv.weight is skipped since its requires_grad=False
2024/06/23 16:14:56 - mmengine - WARNING - backbone.layers.10.attn.qkv.bias is skipped since its requires_grad=False
2024/06/23 16:14:56 - mmengine - WARNING - backbone.layers.10.attn.proj.weight is skipped since its requires_grad=False
2024/06/23 16:14:56 - mmengine - WARNING - backbone.layers.10.attn.proj.bias is skipped since its requires_grad=False
2024/06/23 16:14:56 - mmengine - WARNING - backbone.layers.10.attn.gamma1.weight is skipped since its requires_grad=False
2024/06/23 16:14:56 - mmengine - WARNING - backbone.layers.10.ln2.weight is skipped since its requires_grad=False
2024/06/23 16:14:56 - mmengine - WARNING - backbone.layers.10.ln2.bias is skipped since its requires_grad=False
2024/06/23 16:14:56 - mmengine - WARNING - backbone.layers.10.ffn.layers.0.0.weight is skipped since its requires_grad=False
2024/06/23 16:14:56 - mmengine - WARNING - backbone.layers.10.ffn.layers.0.0.bias is skipped since its requires_grad=False
2024/06/23 16:14:56 - mmengine - WARNING - backbone.layers.10.ffn.layers.1.weight is skipped since its requires_grad=False
2024/06/23 16:14:56 - mmengine - WARNING - backbone.layers.10.ffn.layers.1.bias is skipped since its requires_grad=False
2024/06/23 16:14:56 - mmengine - WARNING - backbone.layers.10.ffn.gamma2.weight is skipped since its requires_grad=False
2024/06/23 16:14:56 - mmengine - WARNING - backbone.layers.11.ln1.weight is skipped since its requires_grad=False
2024/06/23 16:14:56 - mmengine - WARNING - backbone.layers.11.ln1.bias is skipped since its requires_grad=False
2024/06/23 16:14:56 - mmengine - WARNING - backbone.layers.11.attn.qkv.weight is skipped since its requires_grad=False
2024/06/23 16:14:56 - mmengine - WARNING - backbone.layers.11.attn.qkv.bias is skipped since its requires_grad=False
2024/06/23 16:14:56 - mmengine - WARNING - backbone.layers.11.attn.proj.weight is skipped since its requires_grad=False
2024/06/23 16:14:56 - mmengine - WARNING - backbone.layers.11.attn.proj.bias is skipped since its requires_grad=False
2024/06/23 16:14:56 - mmengine - WARNING - backbone.layers.11.attn.gamma1.weight is skipped since its requires_grad=False
2024/06/23 16:14:56 - mmengine - WARNING - backbone.layers.11.ln2.weight is skipped since its requires_grad=False
2024/06/23 16:14:56 - mmengine - WARNING - backbone.layers.11.ln2.bias is skipped since its requires_grad=False
2024/06/23 16:14:56 - mmengine - WARNING - backbone.layers.11.ffn.layers.0.0.weight is skipped since its requires_grad=False
2024/06/23 16:14:56 - mmengine - WARNING - backbone.layers.11.ffn.layers.0.0.bias is skipped since its requires_grad=False
2024/06/23 16:14:56 - mmengine - WARNING - backbone.layers.11.ffn.layers.1.weight is skipped since its requires_grad=False
2024/06/23 16:14:56 - mmengine - WARNING - backbone.layers.11.ffn.layers.1.bias is skipped since its requires_grad=False
2024/06/23 16:14:56 - mmengine - WARNING - backbone.layers.11.ffn.gamma2.weight is skipped since its requires_grad=False
2024/06/23 16:14:56 - mmengine - WARNING - backbone.ln1.weight is skipped since its requires_grad=False
2024/06/23 16:14:56 - mmengine - WARNING - backbone.ln1.bias is skipped since its requires_grad=False
2024/06/23 16:14:56 - mmengine - INFO - load backbone in model from: https://download.openmmlab.com/mmpretrain/v1.0/dinov2/vit-base-p14_dinov2-pre_3rdparty_20230426-ba246503.pth
2024/06/23 16:14:57 - mmengine - WARNING - The model and loaded state dict do not match exactly

unexpected key in source state_dict: mask_token

Name of parameter - Initialization information

backbone.cls_token - torch.Size([1, 1, 768]): 
PretrainedInit: load from https://download.openmmlab.com/mmpretrain/v1.0/dinov2/vit-base-p14_dinov2-pre_3rdparty_20230426-ba246503.pth 

backbone.pos_embed - torch.Size([1, 1370, 768]): 
PretrainedInit: load from https://download.openmmlab.com/mmpretrain/v1.0/dinov2/vit-base-p14_dinov2-pre_3rdparty_20230426-ba246503.pth 

backbone.patch_embed.projection.weight - torch.Size([768, 3, 14, 14]): 
PretrainedInit: load from https://download.openmmlab.com/mmpretrain/v1.0/dinov2/vit-base-p14_dinov2-pre_3rdparty_20230426-ba246503.pth 

backbone.patch_embed.projection.bias - torch.Size([768]): 
PretrainedInit: load from https://download.openmmlab.com/mmpretrain/v1.0/dinov2/vit-base-p14_dinov2-pre_3rdparty_20230426-ba246503.pth 

backbone.layers.0.ln1.weight - torch.Size([768]): 
PretrainedInit: load from https://download.openmmlab.com/mmpretrain/v1.0/dinov2/vit-base-p14_dinov2-pre_3rdparty_20230426-ba246503.pth 

backbone.layers.0.ln1.bias - torch.Size([768]): 
PretrainedInit: load from https://download.openmmlab.com/mmpretrain/v1.0/dinov2/vit-base-p14_dinov2-pre_3rdparty_20230426-ba246503.pth 

backbone.layers.0.attn.qkv.weight - torch.Size([2304, 768]): 
PretrainedInit: load from https://download.openmmlab.com/mmpretrain/v1.0/dinov2/vit-base-p14_dinov2-pre_3rdparty_20230426-ba246503.pth 

backbone.layers.0.attn.qkv.bias - torch.Size([2304]): 
PretrainedInit: load from https://download.openmmlab.com/mmpretrain/v1.0/dinov2/vit-base-p14_dinov2-pre_3rdparty_20230426-ba246503.pth 

backbone.layers.0.attn.proj.weight - torch.Size([768, 768]): 
PretrainedInit: load from https://download.openmmlab.com/mmpretrain/v1.0/dinov2/vit-base-p14_dinov2-pre_3rdparty_20230426-ba246503.pth 

backbone.layers.0.attn.proj.bias - torch.Size([768]): 
PretrainedInit: load from https://download.openmmlab.com/mmpretrain/v1.0/dinov2/vit-base-p14_dinov2-pre_3rdparty_20230426-ba246503.pth 

backbone.layers.0.attn.gamma1.weight - torch.Size([768]): 
PretrainedInit: load from https://download.openmmlab.com/mmpretrain/v1.0/dinov2/vit-base-p14_dinov2-pre_3rdparty_20230426-ba246503.pth 

backbone.layers.0.ln2.weight - torch.Size([768]): 
PretrainedInit: load from https://download.openmmlab.com/mmpretrain/v1.0/dinov2/vit-base-p14_dinov2-pre_3rdparty_20230426-ba246503.pth 

backbone.layers.0.ln2.bias - torch.Size([768]): 
PretrainedInit: load from https://download.openmmlab.com/mmpretrain/v1.0/dinov2/vit-base-p14_dinov2-pre_3rdparty_20230426-ba246503.pth 

backbone.layers.0.ffn.layers.0.0.weight - torch.Size([3072, 768]): 
PretrainedInit: load from https://download.openmmlab.com/mmpretrain/v1.0/dinov2/vit-base-p14_dinov2-pre_3rdparty_20230426-ba246503.pth 

backbone.layers.0.ffn.layers.0.0.bias - torch.Size([3072]): 
PretrainedInit: load from https://download.openmmlab.com/mmpretrain/v1.0/dinov2/vit-base-p14_dinov2-pre_3rdparty_20230426-ba246503.pth 

backbone.layers.0.ffn.layers.1.weight - torch.Size([768, 3072]): 
PretrainedInit: load from https://download.openmmlab.com/mmpretrain/v1.0/dinov2/vit-base-p14_dinov2-pre_3rdparty_20230426-ba246503.pth 

backbone.layers.0.ffn.layers.1.bias - torch.Size([768]): 
PretrainedInit: load from https://download.openmmlab.com/mmpretrain/v1.0/dinov2/vit-base-p14_dinov2-pre_3rdparty_20230426-ba246503.pth 

backbone.layers.0.ffn.gamma2.weight - torch.Size([768]): 
PretrainedInit: load from https://download.openmmlab.com/mmpretrain/v1.0/dinov2/vit-base-p14_dinov2-pre_3rdparty_20230426-ba246503.pth 

backbone.layers.1.ln1.weight - torch.Size([768]): 
PretrainedInit: load from https://download.openmmlab.com/mmpretrain/v1.0/dinov2/vit-base-p14_dinov2-pre_3rdparty_20230426-ba246503.pth 

backbone.layers.1.ln1.bias - torch.Size([768]): 
PretrainedInit: load from https://download.openmmlab.com/mmpretrain/v1.0/dinov2/vit-base-p14_dinov2-pre_3rdparty_20230426-ba246503.pth 

backbone.layers.1.attn.qkv.weight - torch.Size([2304, 768]): 
PretrainedInit: load from https://download.openmmlab.com/mmpretrain/v1.0/dinov2/vit-base-p14_dinov2-pre_3rdparty_20230426-ba246503.pth 

backbone.layers.1.attn.qkv.bias - torch.Size([2304]): 
PretrainedInit: load from https://download.openmmlab.com/mmpretrain/v1.0/dinov2/vit-base-p14_dinov2-pre_3rdparty_20230426-ba246503.pth 

backbone.layers.1.attn.proj.weight - torch.Size([768, 768]): 
PretrainedInit: load from https://download.openmmlab.com/mmpretrain/v1.0/dinov2/vit-base-p14_dinov2-pre_3rdparty_20230426-ba246503.pth 

backbone.layers.1.attn.proj.bias - torch.Size([768]): 
PretrainedInit: load from https://download.openmmlab.com/mmpretrain/v1.0/dinov2/vit-base-p14_dinov2-pre_3rdparty_20230426-ba246503.pth 

backbone.layers.1.attn.gamma1.weight - torch.Size([768]): 
PretrainedInit: load from https://download.openmmlab.com/mmpretrain/v1.0/dinov2/vit-base-p14_dinov2-pre_3rdparty_20230426-ba246503.pth 

backbone.layers.1.ln2.weight - torch.Size([768]): 
PretrainedInit: load from https://download.openmmlab.com/mmpretrain/v1.0/dinov2/vit-base-p14_dinov2-pre_3rdparty_20230426-ba246503.pth 

backbone.layers.1.ln2.bias - torch.Size([768]): 
PretrainedInit: load from https://download.openmmlab.com/mmpretrain/v1.0/dinov2/vit-base-p14_dinov2-pre_3rdparty_20230426-ba246503.pth 

backbone.layers.1.ffn.layers.0.0.weight - torch.Size([3072, 768]): 
PretrainedInit: load from https://download.openmmlab.com/mmpretrain/v1.0/dinov2/vit-base-p14_dinov2-pre_3rdparty_20230426-ba246503.pth 

backbone.layers.1.ffn.layers.0.0.bias - torch.Size([3072]): 
PretrainedInit: load from https://download.openmmlab.com/mmpretrain/v1.0/dinov2/vit-base-p14_dinov2-pre_3rdparty_20230426-ba246503.pth 

backbone.layers.1.ffn.layers.1.weight - torch.Size([768, 3072]): 
PretrainedInit: load from https://download.openmmlab.com/mmpretrain/v1.0/dinov2/vit-base-p14_dinov2-pre_3rdparty_20230426-ba246503.pth 

backbone.layers.1.ffn.layers.1.bias - torch.Size([768]): 
PretrainedInit: load from https://download.openmmlab.com/mmpretrain/v1.0/dinov2/vit-base-p14_dinov2-pre_3rdparty_20230426-ba246503.pth 

backbone.layers.1.ffn.gamma2.weight - torch.Size([768]): 
PretrainedInit: load from https://download.openmmlab.com/mmpretrain/v1.0/dinov2/vit-base-p14_dinov2-pre_3rdparty_20230426-ba246503.pth 

backbone.layers.2.ln1.weight - torch.Size([768]): 
PretrainedInit: load from https://download.openmmlab.com/mmpretrain/v1.0/dinov2/vit-base-p14_dinov2-pre_3rdparty_20230426-ba246503.pth 

backbone.layers.2.ln1.bias - torch.Size([768]): 
PretrainedInit: load from https://download.openmmlab.com/mmpretrain/v1.0/dinov2/vit-base-p14_dinov2-pre_3rdparty_20230426-ba246503.pth 

backbone.layers.2.attn.qkv.weight - torch.Size([2304, 768]): 
PretrainedInit: load from https://download.openmmlab.com/mmpretrain/v1.0/dinov2/vit-base-p14_dinov2-pre_3rdparty_20230426-ba246503.pth 

backbone.layers.2.attn.qkv.bias - torch.Size([2304]): 
PretrainedInit: load from https://download.openmmlab.com/mmpretrain/v1.0/dinov2/vit-base-p14_dinov2-pre_3rdparty_20230426-ba246503.pth 

backbone.layers.2.attn.proj.weight - torch.Size([768, 768]): 
PretrainedInit: load from https://download.openmmlab.com/mmpretrain/v1.0/dinov2/vit-base-p14_dinov2-pre_3rdparty_20230426-ba246503.pth 

backbone.layers.2.attn.proj.bias - torch.Size([768]): 
PretrainedInit: load from https://download.openmmlab.com/mmpretrain/v1.0/dinov2/vit-base-p14_dinov2-pre_3rdparty_20230426-ba246503.pth 

backbone.layers.2.attn.gamma1.weight - torch.Size([768]): 
PretrainedInit: load from https://download.openmmlab.com/mmpretrain/v1.0/dinov2/vit-base-p14_dinov2-pre_3rdparty_20230426-ba246503.pth 

backbone.layers.2.ln2.weight - torch.Size([768]): 
PretrainedInit: load from https://download.openmmlab.com/mmpretrain/v1.0/dinov2/vit-base-p14_dinov2-pre_3rdparty_20230426-ba246503.pth 

backbone.layers.2.ln2.bias - torch.Size([768]): 
PretrainedInit: load from https://download.openmmlab.com/mmpretrain/v1.0/dinov2/vit-base-p14_dinov2-pre_3rdparty_20230426-ba246503.pth 

backbone.layers.2.ffn.layers.0.0.weight - torch.Size([3072, 768]): 
PretrainedInit: load from https://download.openmmlab.com/mmpretrain/v1.0/dinov2/vit-base-p14_dinov2-pre_3rdparty_20230426-ba246503.pth 

backbone.layers.2.ffn.layers.0.0.bias - torch.Size([3072]): 
PretrainedInit: load from https://download.openmmlab.com/mmpretrain/v1.0/dinov2/vit-base-p14_dinov2-pre_3rdparty_20230426-ba246503.pth 

backbone.layers.2.ffn.layers.1.weight - torch.Size([768, 3072]): 
PretrainedInit: load from https://download.openmmlab.com/mmpretrain/v1.0/dinov2/vit-base-p14_dinov2-pre_3rdparty_20230426-ba246503.pth 

backbone.layers.2.ffn.layers.1.bias - torch.Size([768]): 
PretrainedInit: load from https://download.openmmlab.com/mmpretrain/v1.0/dinov2/vit-base-p14_dinov2-pre_3rdparty_20230426-ba246503.pth 

backbone.layers.2.ffn.gamma2.weight - torch.Size([768]): 
PretrainedInit: load from https://download.openmmlab.com/mmpretrain/v1.0/dinov2/vit-base-p14_dinov2-pre_3rdparty_20230426-ba246503.pth 

backbone.layers.3.ln1.weight - torch.Size([768]): 
PretrainedInit: load from https://download.openmmlab.com/mmpretrain/v1.0/dinov2/vit-base-p14_dinov2-pre_3rdparty_20230426-ba246503.pth 

backbone.layers.3.ln1.bias - torch.Size([768]): 
PretrainedInit: load from https://download.openmmlab.com/mmpretrain/v1.0/dinov2/vit-base-p14_dinov2-pre_3rdparty_20230426-ba246503.pth 

backbone.layers.3.attn.qkv.weight - torch.Size([2304, 768]): 
PretrainedInit: load from https://download.openmmlab.com/mmpretrain/v1.0/dinov2/vit-base-p14_dinov2-pre_3rdparty_20230426-ba246503.pth 

backbone.layers.3.attn.qkv.bias - torch.Size([2304]): 
PretrainedInit: load from https://download.openmmlab.com/mmpretrain/v1.0/dinov2/vit-base-p14_dinov2-pre_3rdparty_20230426-ba246503.pth 

backbone.layers.3.attn.proj.weight - torch.Size([768, 768]): 
PretrainedInit: load from https://download.openmmlab.com/mmpretrain/v1.0/dinov2/vit-base-p14_dinov2-pre_3rdparty_20230426-ba246503.pth 

backbone.layers.3.attn.proj.bias - torch.Size([768]): 
PretrainedInit: load from https://download.openmmlab.com/mmpretrain/v1.0/dinov2/vit-base-p14_dinov2-pre_3rdparty_20230426-ba246503.pth 

backbone.layers.3.attn.gamma1.weight - torch.Size([768]): 
PretrainedInit: load from https://download.openmmlab.com/mmpretrain/v1.0/dinov2/vit-base-p14_dinov2-pre_3rdparty_20230426-ba246503.pth 

backbone.layers.3.ln2.weight - torch.Size([768]): 
PretrainedInit: load from https://download.openmmlab.com/mmpretrain/v1.0/dinov2/vit-base-p14_dinov2-pre_3rdparty_20230426-ba246503.pth 

backbone.layers.3.ln2.bias - torch.Size([768]): 
PretrainedInit: load from https://download.openmmlab.com/mmpretrain/v1.0/dinov2/vit-base-p14_dinov2-pre_3rdparty_20230426-ba246503.pth 

backbone.layers.3.ffn.layers.0.0.weight - torch.Size([3072, 768]): 
PretrainedInit: load from https://download.openmmlab.com/mmpretrain/v1.0/dinov2/vit-base-p14_dinov2-pre_3rdparty_20230426-ba246503.pth 

backbone.layers.3.ffn.layers.0.0.bias - torch.Size([3072]): 
PretrainedInit: load from https://download.openmmlab.com/mmpretrain/v1.0/dinov2/vit-base-p14_dinov2-pre_3rdparty_20230426-ba246503.pth 

backbone.layers.3.ffn.layers.1.weight - torch.Size([768, 3072]): 
PretrainedInit: load from https://download.openmmlab.com/mmpretrain/v1.0/dinov2/vit-base-p14_dinov2-pre_3rdparty_20230426-ba246503.pth 

backbone.layers.3.ffn.layers.1.bias - torch.Size([768]): 
PretrainedInit: load from https://download.openmmlab.com/mmpretrain/v1.0/dinov2/vit-base-p14_dinov2-pre_3rdparty_20230426-ba246503.pth 

backbone.layers.3.ffn.gamma2.weight - torch.Size([768]): 
PretrainedInit: load from https://download.openmmlab.com/mmpretrain/v1.0/dinov2/vit-base-p14_dinov2-pre_3rdparty_20230426-ba246503.pth 

backbone.layers.4.ln1.weight - torch.Size([768]): 
PretrainedInit: load from https://download.openmmlab.com/mmpretrain/v1.0/dinov2/vit-base-p14_dinov2-pre_3rdparty_20230426-ba246503.pth 

backbone.layers.4.ln1.bias - torch.Size([768]): 
PretrainedInit: load from https://download.openmmlab.com/mmpretrain/v1.0/dinov2/vit-base-p14_dinov2-pre_3rdparty_20230426-ba246503.pth 

backbone.layers.4.attn.qkv.weight - torch.Size([2304, 768]): 
PretrainedInit: load from https://download.openmmlab.com/mmpretrain/v1.0/dinov2/vit-base-p14_dinov2-pre_3rdparty_20230426-ba246503.pth 

backbone.layers.4.attn.qkv.bias - torch.Size([2304]): 
PretrainedInit: load from https://download.openmmlab.com/mmpretrain/v1.0/dinov2/vit-base-p14_dinov2-pre_3rdparty_20230426-ba246503.pth 

backbone.layers.4.attn.proj.weight - torch.Size([768, 768]): 
PretrainedInit: load from https://download.openmmlab.com/mmpretrain/v1.0/dinov2/vit-base-p14_dinov2-pre_3rdparty_20230426-ba246503.pth 

backbone.layers.4.attn.proj.bias - torch.Size([768]): 
PretrainedInit: load from https://download.openmmlab.com/mmpretrain/v1.0/dinov2/vit-base-p14_dinov2-pre_3rdparty_20230426-ba246503.pth 

backbone.layers.4.attn.gamma1.weight - torch.Size([768]): 
PretrainedInit: load from https://download.openmmlab.com/mmpretrain/v1.0/dinov2/vit-base-p14_dinov2-pre_3rdparty_20230426-ba246503.pth 

backbone.layers.4.ln2.weight - torch.Size([768]): 
PretrainedInit: load from https://download.openmmlab.com/mmpretrain/v1.0/dinov2/vit-base-p14_dinov2-pre_3rdparty_20230426-ba246503.pth 

backbone.layers.4.ln2.bias - torch.Size([768]): 
PretrainedInit: load from https://download.openmmlab.com/mmpretrain/v1.0/dinov2/vit-base-p14_dinov2-pre_3rdparty_20230426-ba246503.pth 

backbone.layers.4.ffn.layers.0.0.weight - torch.Size([3072, 768]): 
PretrainedInit: load from https://download.openmmlab.com/mmpretrain/v1.0/dinov2/vit-base-p14_dinov2-pre_3rdparty_20230426-ba246503.pth 

backbone.layers.4.ffn.layers.0.0.bias - torch.Size([3072]): 
PretrainedInit: load from https://download.openmmlab.com/mmpretrain/v1.0/dinov2/vit-base-p14_dinov2-pre_3rdparty_20230426-ba246503.pth 

backbone.layers.4.ffn.layers.1.weight - torch.Size([768, 3072]): 
PretrainedInit: load from https://download.openmmlab.com/mmpretrain/v1.0/dinov2/vit-base-p14_dinov2-pre_3rdparty_20230426-ba246503.pth 

backbone.layers.4.ffn.layers.1.bias - torch.Size([768]): 
PretrainedInit: load from https://download.openmmlab.com/mmpretrain/v1.0/dinov2/vit-base-p14_dinov2-pre_3rdparty_20230426-ba246503.pth 

backbone.layers.4.ffn.gamma2.weight - torch.Size([768]): 
PretrainedInit: load from https://download.openmmlab.com/mmpretrain/v1.0/dinov2/vit-base-p14_dinov2-pre_3rdparty_20230426-ba246503.pth 

backbone.layers.5.ln1.weight - torch.Size([768]): 
PretrainedInit: load from https://download.openmmlab.com/mmpretrain/v1.0/dinov2/vit-base-p14_dinov2-pre_3rdparty_20230426-ba246503.pth 

backbone.layers.5.ln1.bias - torch.Size([768]): 
PretrainedInit: load from https://download.openmmlab.com/mmpretrain/v1.0/dinov2/vit-base-p14_dinov2-pre_3rdparty_20230426-ba246503.pth 

backbone.layers.5.attn.qkv.weight - torch.Size([2304, 768]): 
PretrainedInit: load from https://download.openmmlab.com/mmpretrain/v1.0/dinov2/vit-base-p14_dinov2-pre_3rdparty_20230426-ba246503.pth 

backbone.layers.5.attn.qkv.bias - torch.Size([2304]): 
PretrainedInit: load from https://download.openmmlab.com/mmpretrain/v1.0/dinov2/vit-base-p14_dinov2-pre_3rdparty_20230426-ba246503.pth 

backbone.layers.5.attn.proj.weight - torch.Size([768, 768]): 
PretrainedInit: load from https://download.openmmlab.com/mmpretrain/v1.0/dinov2/vit-base-p14_dinov2-pre_3rdparty_20230426-ba246503.pth 

backbone.layers.5.attn.proj.bias - torch.Size([768]): 
PretrainedInit: load from https://download.openmmlab.com/mmpretrain/v1.0/dinov2/vit-base-p14_dinov2-pre_3rdparty_20230426-ba246503.pth 

backbone.layers.5.attn.gamma1.weight - torch.Size([768]): 
PretrainedInit: load from https://download.openmmlab.com/mmpretrain/v1.0/dinov2/vit-base-p14_dinov2-pre_3rdparty_20230426-ba246503.pth 

backbone.layers.5.ln2.weight - torch.Size([768]): 
PretrainedInit: load from https://download.openmmlab.com/mmpretrain/v1.0/dinov2/vit-base-p14_dinov2-pre_3rdparty_20230426-ba246503.pth 

backbone.layers.5.ln2.bias - torch.Size([768]): 
PretrainedInit: load from https://download.openmmlab.com/mmpretrain/v1.0/dinov2/vit-base-p14_dinov2-pre_3rdparty_20230426-ba246503.pth 

backbone.layers.5.ffn.layers.0.0.weight - torch.Size([3072, 768]): 
PretrainedInit: load from https://download.openmmlab.com/mmpretrain/v1.0/dinov2/vit-base-p14_dinov2-pre_3rdparty_20230426-ba246503.pth 

backbone.layers.5.ffn.layers.0.0.bias - torch.Size([3072]): 
PretrainedInit: load from https://download.openmmlab.com/mmpretrain/v1.0/dinov2/vit-base-p14_dinov2-pre_3rdparty_20230426-ba246503.pth 

backbone.layers.5.ffn.layers.1.weight - torch.Size([768, 3072]): 
PretrainedInit: load from https://download.openmmlab.com/mmpretrain/v1.0/dinov2/vit-base-p14_dinov2-pre_3rdparty_20230426-ba246503.pth 

backbone.layers.5.ffn.layers.1.bias - torch.Size([768]): 
PretrainedInit: load from https://download.openmmlab.com/mmpretrain/v1.0/dinov2/vit-base-p14_dinov2-pre_3rdparty_20230426-ba246503.pth 

backbone.layers.5.ffn.gamma2.weight - torch.Size([768]): 
PretrainedInit: load from https://download.openmmlab.com/mmpretrain/v1.0/dinov2/vit-base-p14_dinov2-pre_3rdparty_20230426-ba246503.pth 

backbone.layers.6.ln1.weight - torch.Size([768]): 
PretrainedInit: load from https://download.openmmlab.com/mmpretrain/v1.0/dinov2/vit-base-p14_dinov2-pre_3rdparty_20230426-ba246503.pth 

backbone.layers.6.ln1.bias - torch.Size([768]): 
PretrainedInit: load from https://download.openmmlab.com/mmpretrain/v1.0/dinov2/vit-base-p14_dinov2-pre_3rdparty_20230426-ba246503.pth 

backbone.layers.6.attn.qkv.weight - torch.Size([2304, 768]): 
PretrainedInit: load from https://download.openmmlab.com/mmpretrain/v1.0/dinov2/vit-base-p14_dinov2-pre_3rdparty_20230426-ba246503.pth 

backbone.layers.6.attn.qkv.bias - torch.Size([2304]): 
PretrainedInit: load from https://download.openmmlab.com/mmpretrain/v1.0/dinov2/vit-base-p14_dinov2-pre_3rdparty_20230426-ba246503.pth 

backbone.layers.6.attn.proj.weight - torch.Size([768, 768]): 
PretrainedInit: load from https://download.openmmlab.com/mmpretrain/v1.0/dinov2/vit-base-p14_dinov2-pre_3rdparty_20230426-ba246503.pth 

backbone.layers.6.attn.proj.bias - torch.Size([768]): 
PretrainedInit: load from https://download.openmmlab.com/mmpretrain/v1.0/dinov2/vit-base-p14_dinov2-pre_3rdparty_20230426-ba246503.pth 

backbone.layers.6.attn.gamma1.weight - torch.Size([768]): 
PretrainedInit: load from https://download.openmmlab.com/mmpretrain/v1.0/dinov2/vit-base-p14_dinov2-pre_3rdparty_20230426-ba246503.pth 

backbone.layers.6.ln2.weight - torch.Size([768]): 
PretrainedInit: load from https://download.openmmlab.com/mmpretrain/v1.0/dinov2/vit-base-p14_dinov2-pre_3rdparty_20230426-ba246503.pth 

backbone.layers.6.ln2.bias - torch.Size([768]): 
PretrainedInit: load from https://download.openmmlab.com/mmpretrain/v1.0/dinov2/vit-base-p14_dinov2-pre_3rdparty_20230426-ba246503.pth 

backbone.layers.6.ffn.layers.0.0.weight - torch.Size([3072, 768]): 
PretrainedInit: load from https://download.openmmlab.com/mmpretrain/v1.0/dinov2/vit-base-p14_dinov2-pre_3rdparty_20230426-ba246503.pth 

backbone.layers.6.ffn.layers.0.0.bias - torch.Size([3072]): 
PretrainedInit: load from https://download.openmmlab.com/mmpretrain/v1.0/dinov2/vit-base-p14_dinov2-pre_3rdparty_20230426-ba246503.pth 

backbone.layers.6.ffn.layers.1.weight - torch.Size([768, 3072]): 
PretrainedInit: load from https://download.openmmlab.com/mmpretrain/v1.0/dinov2/vit-base-p14_dinov2-pre_3rdparty_20230426-ba246503.pth 

backbone.layers.6.ffn.layers.1.bias - torch.Size([768]): 
PretrainedInit: load from https://download.openmmlab.com/mmpretrain/v1.0/dinov2/vit-base-p14_dinov2-pre_3rdparty_20230426-ba246503.pth 

backbone.layers.6.ffn.gamma2.weight - torch.Size([768]): 
PretrainedInit: load from https://download.openmmlab.com/mmpretrain/v1.0/dinov2/vit-base-p14_dinov2-pre_3rdparty_20230426-ba246503.pth 

backbone.layers.7.ln1.weight - torch.Size([768]): 
PretrainedInit: load from https://download.openmmlab.com/mmpretrain/v1.0/dinov2/vit-base-p14_dinov2-pre_3rdparty_20230426-ba246503.pth 

backbone.layers.7.ln1.bias - torch.Size([768]): 
PretrainedInit: load from https://download.openmmlab.com/mmpretrain/v1.0/dinov2/vit-base-p14_dinov2-pre_3rdparty_20230426-ba246503.pth 

backbone.layers.7.attn.qkv.weight - torch.Size([2304, 768]): 
PretrainedInit: load from https://download.openmmlab.com/mmpretrain/v1.0/dinov2/vit-base-p14_dinov2-pre_3rdparty_20230426-ba246503.pth 

backbone.layers.7.attn.qkv.bias - torch.Size([2304]): 
PretrainedInit: load from https://download.openmmlab.com/mmpretrain/v1.0/dinov2/vit-base-p14_dinov2-pre_3rdparty_20230426-ba246503.pth 

backbone.layers.7.attn.proj.weight - torch.Size([768, 768]): 
PretrainedInit: load from https://download.openmmlab.com/mmpretrain/v1.0/dinov2/vit-base-p14_dinov2-pre_3rdparty_20230426-ba246503.pth 

backbone.layers.7.attn.proj.bias - torch.Size([768]): 
PretrainedInit: load from https://download.openmmlab.com/mmpretrain/v1.0/dinov2/vit-base-p14_dinov2-pre_3rdparty_20230426-ba246503.pth 

backbone.layers.7.attn.gamma1.weight - torch.Size([768]): 
PretrainedInit: load from https://download.openmmlab.com/mmpretrain/v1.0/dinov2/vit-base-p14_dinov2-pre_3rdparty_20230426-ba246503.pth 

backbone.layers.7.ln2.weight - torch.Size([768]): 
PretrainedInit: load from https://download.openmmlab.com/mmpretrain/v1.0/dinov2/vit-base-p14_dinov2-pre_3rdparty_20230426-ba246503.pth 

backbone.layers.7.ln2.bias - torch.Size([768]): 
PretrainedInit: load from https://download.openmmlab.com/mmpretrain/v1.0/dinov2/vit-base-p14_dinov2-pre_3rdparty_20230426-ba246503.pth 

backbone.layers.7.ffn.layers.0.0.weight - torch.Size([3072, 768]): 
PretrainedInit: load from https://download.openmmlab.com/mmpretrain/v1.0/dinov2/vit-base-p14_dinov2-pre_3rdparty_20230426-ba246503.pth 

backbone.layers.7.ffn.layers.0.0.bias - torch.Size([3072]): 
PretrainedInit: load from https://download.openmmlab.com/mmpretrain/v1.0/dinov2/vit-base-p14_dinov2-pre_3rdparty_20230426-ba246503.pth 

backbone.layers.7.ffn.layers.1.weight - torch.Size([768, 3072]): 
PretrainedInit: load from https://download.openmmlab.com/mmpretrain/v1.0/dinov2/vit-base-p14_dinov2-pre_3rdparty_20230426-ba246503.pth 

backbone.layers.7.ffn.layers.1.bias - torch.Size([768]): 
PretrainedInit: load from https://download.openmmlab.com/mmpretrain/v1.0/dinov2/vit-base-p14_dinov2-pre_3rdparty_20230426-ba246503.pth 

backbone.layers.7.ffn.gamma2.weight - torch.Size([768]): 
PretrainedInit: load from https://download.openmmlab.com/mmpretrain/v1.0/dinov2/vit-base-p14_dinov2-pre_3rdparty_20230426-ba246503.pth 

backbone.layers.8.ln1.weight - torch.Size([768]): 
PretrainedInit: load from https://download.openmmlab.com/mmpretrain/v1.0/dinov2/vit-base-p14_dinov2-pre_3rdparty_20230426-ba246503.pth 

backbone.layers.8.ln1.bias - torch.Size([768]): 
PretrainedInit: load from https://download.openmmlab.com/mmpretrain/v1.0/dinov2/vit-base-p14_dinov2-pre_3rdparty_20230426-ba246503.pth 

backbone.layers.8.attn.qkv.weight - torch.Size([2304, 768]): 
PretrainedInit: load from https://download.openmmlab.com/mmpretrain/v1.0/dinov2/vit-base-p14_dinov2-pre_3rdparty_20230426-ba246503.pth 

backbone.layers.8.attn.qkv.bias - torch.Size([2304]): 
PretrainedInit: load from https://download.openmmlab.com/mmpretrain/v1.0/dinov2/vit-base-p14_dinov2-pre_3rdparty_20230426-ba246503.pth 

backbone.layers.8.attn.proj.weight - torch.Size([768, 768]): 
PretrainedInit: load from https://download.openmmlab.com/mmpretrain/v1.0/dinov2/vit-base-p14_dinov2-pre_3rdparty_20230426-ba246503.pth 

backbone.layers.8.attn.proj.bias - torch.Size([768]): 
PretrainedInit: load from https://download.openmmlab.com/mmpretrain/v1.0/dinov2/vit-base-p14_dinov2-pre_3rdparty_20230426-ba246503.pth 

backbone.layers.8.attn.gamma1.weight - torch.Size([768]): 
PretrainedInit: load from https://download.openmmlab.com/mmpretrain/v1.0/dinov2/vit-base-p14_dinov2-pre_3rdparty_20230426-ba246503.pth 

backbone.layers.8.ln2.weight - torch.Size([768]): 
PretrainedInit: load from https://download.openmmlab.com/mmpretrain/v1.0/dinov2/vit-base-p14_dinov2-pre_3rdparty_20230426-ba246503.pth 

backbone.layers.8.ln2.bias - torch.Size([768]): 
PretrainedInit: load from https://download.openmmlab.com/mmpretrain/v1.0/dinov2/vit-base-p14_dinov2-pre_3rdparty_20230426-ba246503.pth 

backbone.layers.8.ffn.layers.0.0.weight - torch.Size([3072, 768]): 
PretrainedInit: load from https://download.openmmlab.com/mmpretrain/v1.0/dinov2/vit-base-p14_dinov2-pre_3rdparty_20230426-ba246503.pth 

backbone.layers.8.ffn.layers.0.0.bias - torch.Size([3072]): 
PretrainedInit: load from https://download.openmmlab.com/mmpretrain/v1.0/dinov2/vit-base-p14_dinov2-pre_3rdparty_20230426-ba246503.pth 

backbone.layers.8.ffn.layers.1.weight - torch.Size([768, 3072]): 
PretrainedInit: load from https://download.openmmlab.com/mmpretrain/v1.0/dinov2/vit-base-p14_dinov2-pre_3rdparty_20230426-ba246503.pth 

backbone.layers.8.ffn.layers.1.bias - torch.Size([768]): 
PretrainedInit: load from https://download.openmmlab.com/mmpretrain/v1.0/dinov2/vit-base-p14_dinov2-pre_3rdparty_20230426-ba246503.pth 

backbone.layers.8.ffn.gamma2.weight - torch.Size([768]): 
PretrainedInit: load from https://download.openmmlab.com/mmpretrain/v1.0/dinov2/vit-base-p14_dinov2-pre_3rdparty_20230426-ba246503.pth 

backbone.layers.9.ln1.weight - torch.Size([768]): 
PretrainedInit: load from https://download.openmmlab.com/mmpretrain/v1.0/dinov2/vit-base-p14_dinov2-pre_3rdparty_20230426-ba246503.pth 

backbone.layers.9.ln1.bias - torch.Size([768]): 
PretrainedInit: load from https://download.openmmlab.com/mmpretrain/v1.0/dinov2/vit-base-p14_dinov2-pre_3rdparty_20230426-ba246503.pth 

backbone.layers.9.attn.qkv.weight - torch.Size([2304, 768]): 
PretrainedInit: load from https://download.openmmlab.com/mmpretrain/v1.0/dinov2/vit-base-p14_dinov2-pre_3rdparty_20230426-ba246503.pth 

backbone.layers.9.attn.qkv.bias - torch.Size([2304]): 
PretrainedInit: load from https://download.openmmlab.com/mmpretrain/v1.0/dinov2/vit-base-p14_dinov2-pre_3rdparty_20230426-ba246503.pth 

backbone.layers.9.attn.proj.weight - torch.Size([768, 768]): 
PretrainedInit: load from https://download.openmmlab.com/mmpretrain/v1.0/dinov2/vit-base-p14_dinov2-pre_3rdparty_20230426-ba246503.pth 

backbone.layers.9.attn.proj.bias - torch.Size([768]): 
PretrainedInit: load from https://download.openmmlab.com/mmpretrain/v1.0/dinov2/vit-base-p14_dinov2-pre_3rdparty_20230426-ba246503.pth 

backbone.layers.9.attn.gamma1.weight - torch.Size([768]): 
PretrainedInit: load from https://download.openmmlab.com/mmpretrain/v1.0/dinov2/vit-base-p14_dinov2-pre_3rdparty_20230426-ba246503.pth 

backbone.layers.9.ln2.weight - torch.Size([768]): 
PretrainedInit: load from https://download.openmmlab.com/mmpretrain/v1.0/dinov2/vit-base-p14_dinov2-pre_3rdparty_20230426-ba246503.pth 

backbone.layers.9.ln2.bias - torch.Size([768]): 
PretrainedInit: load from https://download.openmmlab.com/mmpretrain/v1.0/dinov2/vit-base-p14_dinov2-pre_3rdparty_20230426-ba246503.pth 

backbone.layers.9.ffn.layers.0.0.weight - torch.Size([3072, 768]): 
PretrainedInit: load from https://download.openmmlab.com/mmpretrain/v1.0/dinov2/vit-base-p14_dinov2-pre_3rdparty_20230426-ba246503.pth 

backbone.layers.9.ffn.layers.0.0.bias - torch.Size([3072]): 
PretrainedInit: load from https://download.openmmlab.com/mmpretrain/v1.0/dinov2/vit-base-p14_dinov2-pre_3rdparty_20230426-ba246503.pth 

backbone.layers.9.ffn.layers.1.weight - torch.Size([768, 3072]): 
PretrainedInit: load from https://download.openmmlab.com/mmpretrain/v1.0/dinov2/vit-base-p14_dinov2-pre_3rdparty_20230426-ba246503.pth 

backbone.layers.9.ffn.layers.1.bias - torch.Size([768]): 
PretrainedInit: load from https://download.openmmlab.com/mmpretrain/v1.0/dinov2/vit-base-p14_dinov2-pre_3rdparty_20230426-ba246503.pth 

backbone.layers.9.ffn.gamma2.weight - torch.Size([768]): 
PretrainedInit: load from https://download.openmmlab.com/mmpretrain/v1.0/dinov2/vit-base-p14_dinov2-pre_3rdparty_20230426-ba246503.pth 

backbone.layers.10.ln1.weight - torch.Size([768]): 
PretrainedInit: load from https://download.openmmlab.com/mmpretrain/v1.0/dinov2/vit-base-p14_dinov2-pre_3rdparty_20230426-ba246503.pth 

backbone.layers.10.ln1.bias - torch.Size([768]): 
PretrainedInit: load from https://download.openmmlab.com/mmpretrain/v1.0/dinov2/vit-base-p14_dinov2-pre_3rdparty_20230426-ba246503.pth 

backbone.layers.10.attn.qkv.weight - torch.Size([2304, 768]): 
PretrainedInit: load from https://download.openmmlab.com/mmpretrain/v1.0/dinov2/vit-base-p14_dinov2-pre_3rdparty_20230426-ba246503.pth 

backbone.layers.10.attn.qkv.bias - torch.Size([2304]): 
PretrainedInit: load from https://download.openmmlab.com/mmpretrain/v1.0/dinov2/vit-base-p14_dinov2-pre_3rdparty_20230426-ba246503.pth 

backbone.layers.10.attn.proj.weight - torch.Size([768, 768]): 
PretrainedInit: load from https://download.openmmlab.com/mmpretrain/v1.0/dinov2/vit-base-p14_dinov2-pre_3rdparty_20230426-ba246503.pth 

backbone.layers.10.attn.proj.bias - torch.Size([768]): 
PretrainedInit: load from https://download.openmmlab.com/mmpretrain/v1.0/dinov2/vit-base-p14_dinov2-pre_3rdparty_20230426-ba246503.pth 

backbone.layers.10.attn.gamma1.weight - torch.Size([768]): 
PretrainedInit: load from https://download.openmmlab.com/mmpretrain/v1.0/dinov2/vit-base-p14_dinov2-pre_3rdparty_20230426-ba246503.pth 

backbone.layers.10.ln2.weight - torch.Size([768]): 
PretrainedInit: load from https://download.openmmlab.com/mmpretrain/v1.0/dinov2/vit-base-p14_dinov2-pre_3rdparty_20230426-ba246503.pth 

backbone.layers.10.ln2.bias - torch.Size([768]): 
PretrainedInit: load from https://download.openmmlab.com/mmpretrain/v1.0/dinov2/vit-base-p14_dinov2-pre_3rdparty_20230426-ba246503.pth 

backbone.layers.10.ffn.layers.0.0.weight - torch.Size([3072, 768]): 
PretrainedInit: load from https://download.openmmlab.com/mmpretrain/v1.0/dinov2/vit-base-p14_dinov2-pre_3rdparty_20230426-ba246503.pth 

backbone.layers.10.ffn.layers.0.0.bias - torch.Size([3072]): 
PretrainedInit: load from https://download.openmmlab.com/mmpretrain/v1.0/dinov2/vit-base-p14_dinov2-pre_3rdparty_20230426-ba246503.pth 

backbone.layers.10.ffn.layers.1.weight - torch.Size([768, 3072]): 
PretrainedInit: load from https://download.openmmlab.com/mmpretrain/v1.0/dinov2/vit-base-p14_dinov2-pre_3rdparty_20230426-ba246503.pth 

backbone.layers.10.ffn.layers.1.bias - torch.Size([768]): 
PretrainedInit: load from https://download.openmmlab.com/mmpretrain/v1.0/dinov2/vit-base-p14_dinov2-pre_3rdparty_20230426-ba246503.pth 

backbone.layers.10.ffn.gamma2.weight - torch.Size([768]): 
PretrainedInit: load from https://download.openmmlab.com/mmpretrain/v1.0/dinov2/vit-base-p14_dinov2-pre_3rdparty_20230426-ba246503.pth 

backbone.layers.11.ln1.weight - torch.Size([768]): 
PretrainedInit: load from https://download.openmmlab.com/mmpretrain/v1.0/dinov2/vit-base-p14_dinov2-pre_3rdparty_20230426-ba246503.pth 

backbone.layers.11.ln1.bias - torch.Size([768]): 
PretrainedInit: load from https://download.openmmlab.com/mmpretrain/v1.0/dinov2/vit-base-p14_dinov2-pre_3rdparty_20230426-ba246503.pth 

backbone.layers.11.attn.qkv.weight - torch.Size([2304, 768]): 
PretrainedInit: load from https://download.openmmlab.com/mmpretrain/v1.0/dinov2/vit-base-p14_dinov2-pre_3rdparty_20230426-ba246503.pth 

backbone.layers.11.attn.qkv.bias - torch.Size([2304]): 
PretrainedInit: load from https://download.openmmlab.com/mmpretrain/v1.0/dinov2/vit-base-p14_dinov2-pre_3rdparty_20230426-ba246503.pth 

backbone.layers.11.attn.proj.weight - torch.Size([768, 768]): 
PretrainedInit: load from https://download.openmmlab.com/mmpretrain/v1.0/dinov2/vit-base-p14_dinov2-pre_3rdparty_20230426-ba246503.pth 

backbone.layers.11.attn.proj.bias - torch.Size([768]): 
PretrainedInit: load from https://download.openmmlab.com/mmpretrain/v1.0/dinov2/vit-base-p14_dinov2-pre_3rdparty_20230426-ba246503.pth 

backbone.layers.11.attn.gamma1.weight - torch.Size([768]): 
PretrainedInit: load from https://download.openmmlab.com/mmpretrain/v1.0/dinov2/vit-base-p14_dinov2-pre_3rdparty_20230426-ba246503.pth 

backbone.layers.11.ln2.weight - torch.Size([768]): 
PretrainedInit: load from https://download.openmmlab.com/mmpretrain/v1.0/dinov2/vit-base-p14_dinov2-pre_3rdparty_20230426-ba246503.pth 

backbone.layers.11.ln2.bias - torch.Size([768]): 
PretrainedInit: load from https://download.openmmlab.com/mmpretrain/v1.0/dinov2/vit-base-p14_dinov2-pre_3rdparty_20230426-ba246503.pth 

backbone.layers.11.ffn.layers.0.0.weight - torch.Size([3072, 768]): 
PretrainedInit: load from https://download.openmmlab.com/mmpretrain/v1.0/dinov2/vit-base-p14_dinov2-pre_3rdparty_20230426-ba246503.pth 

backbone.layers.11.ffn.layers.0.0.bias - torch.Size([3072]): 
PretrainedInit: load from https://download.openmmlab.com/mmpretrain/v1.0/dinov2/vit-base-p14_dinov2-pre_3rdparty_20230426-ba246503.pth 

backbone.layers.11.ffn.layers.1.weight - torch.Size([768, 3072]): 
PretrainedInit: load from https://download.openmmlab.com/mmpretrain/v1.0/dinov2/vit-base-p14_dinov2-pre_3rdparty_20230426-ba246503.pth 

backbone.layers.11.ffn.layers.1.bias - torch.Size([768]): 
PretrainedInit: load from https://download.openmmlab.com/mmpretrain/v1.0/dinov2/vit-base-p14_dinov2-pre_3rdparty_20230426-ba246503.pth 

backbone.layers.11.ffn.gamma2.weight - torch.Size([768]): 
PretrainedInit: load from https://download.openmmlab.com/mmpretrain/v1.0/dinov2/vit-base-p14_dinov2-pre_3rdparty_20230426-ba246503.pth 

backbone.ln1.weight - torch.Size([768]): 
PretrainedInit: load from https://download.openmmlab.com/mmpretrain/v1.0/dinov2/vit-base-p14_dinov2-pre_3rdparty_20230426-ba246503.pth 

backbone.ln1.bias - torch.Size([768]): 
PretrainedInit: load from https://download.openmmlab.com/mmpretrain/v1.0/dinov2/vit-base-p14_dinov2-pre_3rdparty_20230426-ba246503.pth 

head.layers.head.weight - torch.Size([7806, 768]): 
ConstantInit: val=0, bias=0 

head.layers.head.bias - torch.Size([7806]): 
ConstantInit: val=0, bias=0 
2024/06/23 16:14:57 - mmengine - INFO - Auto resumed from the latest checkpoint /root/weed-detection/work_dirs/leafcaw/epoch_4.pth.
2024/06/23 16:14:57 - mmengine - INFO - Load checkpoint from /root/weed-detection/work_dirs/leafcaw/epoch_4.pth
2024/06/23 16:14:57 - mmengine - INFO - resumed epoch: 4, iter: 768
2024/06/23 16:14:57 - mmengine - WARNING - "FileClient" will be deprecated in future. Please use io functions in https://mmengine.readthedocs.io/en/latest/api/fileio.html#file-io
2024/06/23 16:14:57 - mmengine - WARNING - "HardDiskBackend" is the alias of "LocalBackend" and the former will be deprecated in future.
2024/06/23 16:14:57 - mmengine - INFO - Checkpoints will be saved to /root/weed-detection/work_dirs/leafcaw.
2024/06/23 16:16:44 - mmengine - INFO - Epoch(train)  [5][ 25/384]  base_lr: 9.0451e-05 lr: 9.0451e-05  eta: 8:09:06  time: 1.2747  data_time: 0.0014  memory: 32400  loss: 1.9187
2024/06/23 16:17:16 - mmengine - INFO - Epoch(train)  [5][ 50/384]  base_lr: 9.0451e-05 lr: 9.0451e-05  eta: 5:17:02  time: 1.2757  data_time: 0.0012  memory: 32400  loss: 1.9148
2024/06/23 16:17:53 - mmengine - INFO - Epoch(train)  [5][ 75/384]  base_lr: 9.0451e-05 lr: 9.0451e-05  eta: 4:27:17  time: 1.2756  data_time: 0.0011  memory: 32400  loss: 1.9422
2024/06/23 16:18:32 - mmengine - INFO - Epoch(train)  [5][100/384]  base_lr: 9.0451e-05 lr: 9.0451e-05  eta: 4:03:50  time: 1.9698  data_time: 0.6966  memory: 32400  loss: 1.8857
2024/06/23 16:19:12 - mmengine - INFO - Epoch(train)  [5][125/384]  base_lr: 9.0451e-05 lr: 9.0451e-05  eta: 3:50:39  time: 2.1024  data_time: 0.8310  memory: 32400  loss: 1.8757
2024/06/23 16:19:44 - mmengine - INFO - Epoch(train)  [5][150/384]  base_lr: 9.0451e-05 lr: 9.0451e-05  eta: 3:35:25  time: 1.2732  data_time: 0.0012  memory: 32400  loss: 1.8346
2024/06/23 16:20:23 - mmengine - INFO - Epoch(train)  [5][175/384]  base_lr: 9.0451e-05 lr: 9.0451e-05  eta: 3:29:03  time: 1.2728  data_time: 0.0012  memory: 32400  loss: 1.8181
2024/06/23 16:20:59 - mmengine - INFO - Epoch(train)  [5][200/384]  base_lr: 9.0451e-05 lr: 9.0451e-05  eta: 3:22:23  time: 1.2730  data_time: 0.0013  memory: 32400  loss: 1.8236
2024/06/23 16:21:41 - mmengine - INFO - Epoch(train)  [5][225/384]  base_lr: 9.0451e-05 lr: 9.0451e-05  eta: 3:20:03  time: 1.2760  data_time: 0.0013  memory: 32400  loss: 1.8143
2024/06/23 16:21:50 - mmengine - INFO - Exp name: leafcaw_20240623_161452
2024/06/23 16:22:21 - mmengine - INFO - Epoch(train)  [5][250/384]  base_lr: 9.0451e-05 lr: 9.0451e-05  eta: 3:17:18  time: 2.1251  data_time: 0.8316  memory: 32400  loss: 1.7907
2024/06/23 16:23:01 - mmengine - INFO - Epoch(train)  [5][275/384]  base_lr: 9.0451e-05 lr: 9.0451e-05  eta: 3:14:26  time: 2.0019  data_time: 0.7259  memory: 32400  loss: 1.7964
2024/06/23 16:23:32 - mmengine - INFO - Epoch(train)  [5][300/384]  base_lr: 9.0451e-05 lr: 9.0451e-05  eta: 3:09:16  time: 1.2756  data_time: 0.0013  memory: 32400  loss: 1.7709
2024/06/23 16:24:10 - mmengine - INFO - Epoch(train)  [5][325/384]  base_lr: 9.0451e-05 lr: 9.0451e-05  eta: 3:06:41  time: 1.2776  data_time: 0.0015  memory: 32400  loss: 1.7369
2024/06/23 16:24:50 - mmengine - INFO - Epoch(train)  [5][350/384]  base_lr: 9.0451e-05 lr: 9.0451e-05  eta: 3:05:16  time: 1.2764  data_time: 0.0015  memory: 32400  loss: 1.7567
2024/06/23 16:25:26 - mmengine - INFO - Epoch(train)  [5][375/384]  base_lr: 9.0451e-05 lr: 9.0451e-05  eta: 3:02:34  time: 1.2738  data_time: 0.0007  memory: 32400  loss: 1.7885
2024/06/23 16:25:36 - mmengine - INFO - Exp name: leafcaw_20240623_161452
2024/06/23 16:25:36 - mmengine - INFO - Saving checkpoint at 5 epochs
2024/06/23 16:27:48 - mmengine - INFO - Epoch(val) [5][11/11]    accuracy/top1: 53.7660  accuracy/top5: 76.5060  data_time: 4.0276  time: 11.5013
2024/06/23 16:28:55 - mmengine - INFO - Epoch(train)  [6][ 25/384]  base_lr: 8.5355e-05 lr: 8.5355e-05  eta: 3:07:14  time: 1.4187  data_time: 0.0020  memory: 48840  loss: 1.6342
2024/06/23 16:29:27 - mmengine - INFO - Epoch(train)  [6][ 50/384]  base_lr: 8.5355e-05 lr: 8.5355e-05  eta: 3:03:43  time: 1.2788  data_time: 0.0015  memory: 32400  loss: 1.6109
2024/06/23 16:29:59 - mmengine - INFO - Epoch(train)  [6][ 75/384]  base_lr: 8.5355e-05 lr: 8.5355e-05  eta: 3:00:34  time: 1.2790  data_time: 0.0017  memory: 32400  loss: 1.6112
2024/06/23 16:30:31 - mmengine - INFO - Epoch(train)  [6][100/384]  base_lr: 8.5355e-05 lr: 8.5355e-05  eta: 2:57:42  time: 1.2800  data_time: 0.0016  memory: 32400  loss: 1.5902
2024/06/23 16:31:03 - mmengine - INFO - Epoch(train)  [6][125/384]  base_lr: 8.5355e-05 lr: 8.5355e-05  eta: 2:55:02  time: 1.2802  data_time: 0.0022  memory: 32400  loss: 1.6128
2024/06/23 16:31:36 - mmengine - INFO - Epoch(train)  [6][150/384]  base_lr: 8.5355e-05 lr: 8.5355e-05  eta: 2:52:36  time: 1.2809  data_time: 0.0024  memory: 32400  loss: 1.5989
2024/06/23 16:32:08 - mmengine - INFO - Epoch(train)  [6][175/384]  base_lr: 8.5355e-05 lr: 8.5355e-05  eta: 2:50:19  time: 1.2852  data_time: 0.0036  memory: 32400  loss: 1.6354
2024/06/23 16:32:40 - mmengine - INFO - Epoch(train)  [6][200/384]  base_lr: 8.5355e-05 lr: 8.5355e-05  eta: 2:48:11  time: 1.2834  data_time: 0.0024  memory: 32400  loss: 1.5813
2024/06/23 16:33:12 - mmengine - INFO - Epoch(train)  [6][225/384]  base_lr: 8.5355e-05 lr: 8.5355e-05  eta: 2:46:12  time: 1.3009  data_time: 0.0019  memory: 32400  loss: 1.5770
2024/06/23 16:33:44 - mmengine - INFO - Epoch(train)  [6][250/384]  base_lr: 8.5355e-05 lr: 8.5355e-05  eta: 2:44:17  time: 1.2828  data_time: 0.0023  memory: 32400  loss: 1.5931
2024/06/23 16:34:16 - mmengine - INFO - Epoch(train)  [6][275/384]  base_lr: 8.5355e-05 lr: 8.5355e-05  eta: 2:42:30  time: 1.2831  data_time: 0.0027  memory: 32400  loss: 1.5689
2024/06/23 16:34:48 - mmengine - INFO - Epoch(train)  [6][300/384]  base_lr: 8.5355e-05 lr: 8.5355e-05  eta: 2:40:49  time: 1.2814  data_time: 0.0020  memory: 32400  loss: 1.5496
2024/06/23 16:35:20 - mmengine - INFO - Epoch(train)  [6][325/384]  base_lr: 8.5355e-05 lr: 8.5355e-05  eta: 2:39:11  time: 1.2809  data_time: 0.0022  memory: 32400  loss: 1.5563
2024/06/23 16:35:54 - mmengine - INFO - Epoch(train)  [6][350/384]  base_lr: 8.5355e-05 lr: 8.5355e-05  eta: 2:37:55  time: 1.4779  data_time: 0.2016  memory: 32400  loss: 1.5354
2024/06/23 16:36:32 - mmengine - INFO - Epoch(train)  [6][375/384]  base_lr: 8.5355e-05 lr: 8.5355e-05  eta: 2:37:10  time: 1.5112  data_time: 0.2364  memory: 32400  loss: 1.5328
2024/06/23 16:36:44 - mmengine - INFO - Exp name: leafcaw_20240623_161452
2024/06/23 16:36:44 - mmengine - INFO - Saving checkpoint at 6 epochs
2024/06/23 16:38:54 - mmengine - INFO - Epoch(val) [6][11/11]    accuracy/top1: 55.9655  accuracy/top5: 77.7449  data_time: 3.9700  time: 11.2724
2024/06/23 16:40:10 - mmengine - INFO - Epoch(train)  [7][ 25/384]  base_lr: 7.9389e-05 lr: 7.9389e-05  eta: 2:40:57  time: 1.2763  data_time: 0.0014  memory: 48840  loss: 1.4928
2024/06/23 16:40:42 - mmengine - INFO - Epoch(train)  [7][ 50/384]  base_lr: 7.9389e-05 lr: 7.9389e-05  eta: 2:39:22  time: 1.2773  data_time: 0.0016  memory: 32400  loss: 1.4604
2024/06/23 16:41:15 - mmengine - INFO - Epoch(train)  [7][ 75/384]  base_lr: 7.9389e-05 lr: 7.9389e-05  eta: 2:37:56  time: 1.2769  data_time: 0.0016  memory: 32400  loss: 1.4657
2024/06/23 16:41:49 - mmengine - INFO - Epoch(train)  [7][100/384]  base_lr: 7.9389e-05 lr: 7.9389e-05  eta: 2:36:43  time: 1.5019  data_time: 0.2270  memory: 32400  loss: 1.4670
2024/06/23 16:42:24 - mmengine - INFO - Epoch(train)  [7][125/384]  base_lr: 7.9389e-05 lr: 7.9389e-05  eta: 2:35:39  time: 1.5923  data_time: 0.3085  memory: 32400  loss: 1.4715
2024/06/23 16:42:56 - mmengine - INFO - Epoch(train)  [7][150/384]  base_lr: 7.9389e-05 lr: 7.9389e-05  eta: 2:34:15  time: 1.2795  data_time: 0.0014  memory: 32400  loss: 1.4301
2024/06/23 16:43:30 - mmengine - INFO - Epoch(train)  [7][175/384]  base_lr: 7.9389e-05 lr: 7.9389e-05  eta: 2:33:09  time: 1.2778  data_time: 0.0014  memory: 32400  loss: 1.4452
2024/06/23 16:44:05 - mmengine - INFO - Epoch(train)  [7][200/384]  base_lr: 7.9389e-05 lr: 7.9389e-05  eta: 2:32:07  time: 1.2783  data_time: 0.0014  memory: 32400  loss: 1.4441
2024/06/23 16:44:42 - mmengine - INFO - Epoch(train)  [7][225/384]  base_lr: 7.9389e-05 lr: 7.9389e-05  eta: 2:31:20  time: 1.2804  data_time: 0.0013  memory: 32400  loss: 1.4649
2024/06/23 16:45:20 - mmengine - INFO - Epoch(train)  [7][250/384]  base_lr: 7.9389e-05 lr: 7.9389e-05  eta: 2:30:39  time: 1.8798  data_time: 0.5777  memory: 32400  loss: 1.4374
2024/06/23 16:46:01 - mmengine - INFO - Epoch(train)  [7][275/384]  base_lr: 7.9389e-05 lr: 7.9389e-05  eta: 2:30:19  time: 2.2442  data_time: 0.9655  memory: 32400  loss: 1.4546
2024/06/23 16:46:33 - mmengine - INFO - Epoch(train)  [7][300/384]  base_lr: 7.9389e-05 lr: 7.9389e-05  eta: 2:29:06  time: 1.2785  data_time: 0.0015  memory: 32400  loss: 1.4038
2024/06/23 16:47:13 - mmengine - INFO - Epoch(train)  [7][325/384]  base_lr: 7.9389e-05 lr: 7.9389e-05  eta: 2:28:36  time: 1.2776  data_time: 0.0018  memory: 32400  loss: 1.4352
2024/06/23 16:47:56 - mmengine - INFO - Epoch(train)  [7][350/384]  base_lr: 7.9389e-05 lr: 7.9389e-05  eta: 2:28:23  time: 1.2764  data_time: 0.0013  memory: 32400  loss: 1.4325
2024/06/23 16:48:35 - mmengine - INFO - Epoch(train)  [7][375/384]  base_lr: 7.9389e-05 lr: 7.9389e-05  eta: 2:27:47  time: 1.2751  data_time: 0.0007  memory: 32400  loss: 1.4535
2024/06/23 16:48:46 - mmengine - INFO - Exp name: leafcaw_20240623_161452
2024/06/23 16:48:46 - mmengine - INFO - Saving checkpoint at 7 epochs
2024/06/23 16:50:52 - mmengine - INFO - Epoch(val) [7][11/11]    accuracy/top1: 56.8094  accuracy/top5: 78.9748  data_time: 3.6766  time: 10.9624
2024/06/23 16:52:05 - mmengine - INFO - Epoch(train)  [8][ 25/384]  base_lr: 7.2700e-05 lr: 7.2700e-05  eta: 2:29:31  time: 1.2938  data_time: 0.0013  memory: 48840  loss: 1.3292
2024/06/23 16:52:37 - mmengine - INFO - Epoch(train)  [8][ 50/384]  base_lr: 7.2700e-05 lr: 7.2700e-05  eta: 2:28:19  time: 1.2924  data_time: 0.0014  memory: 32400  loss: 1.3260
2024/06/23 16:53:09 - mmengine - INFO - Epoch(train)  [8][ 75/384]  base_lr: 7.2700e-05 lr: 7.2700e-05  eta: 2:27:07  time: 1.2761  data_time: 0.0015  memory: 32400  loss: 1.3483
2024/06/23 16:53:16 - mmengine - INFO - Exp name: leafcaw_20240623_161452
2024/06/23 16:53:41 - mmengine - INFO - Epoch(train)  [8][100/384]  base_lr: 7.2700e-05 lr: 7.2700e-05  eta: 2:25:57  time: 1.2750  data_time: 0.0014  memory: 32400  loss: 1.3326
2024/06/23 16:54:13 - mmengine - INFO - Epoch(train)  [8][125/384]  base_lr: 7.2700e-05 lr: 7.2700e-05  eta: 2:24:49  time: 1.2823  data_time: 0.0023  memory: 32400  loss: 1.3413
2024/06/23 16:54:45 - mmengine - INFO - Epoch(train)  [8][150/384]  base_lr: 7.2700e-05 lr: 7.2700e-05  eta: 2:23:43  time: 1.2983  data_time: 0.0020  memory: 32400  loss: 1.3291
2024/06/23 16:55:17 - mmengine - INFO - Epoch(train)  [8][175/384]  base_lr: 7.2700e-05 lr: 7.2700e-05  eta: 2:22:37  time: 1.2771  data_time: 0.0015  memory: 32400  loss: 1.3440
2024/06/23 16:55:49 - mmengine - INFO - Epoch(train)  [8][200/384]  base_lr: 7.2700e-05 lr: 7.2700e-05  eta: 2:21:33  time: 1.2764  data_time: 0.0014  memory: 32400  loss: 1.3528
2024/06/23 16:56:21 - mmengine - INFO - Epoch(train)  [8][225/384]  base_lr: 7.2700e-05 lr: 7.2700e-05  eta: 2:20:30  time: 1.2807  data_time: 0.0019  memory: 32400  loss: 1.3428
2024/06/23 16:57:02 - mmengine - INFO - Epoch(train)  [8][250/384]  base_lr: 7.2700e-05 lr: 7.2700e-05  eta: 2:20:02  time: 2.1552  data_time: 0.8749  memory: 32400  loss: 1.3322
2024/06/23 16:57:45 - mmengine - INFO - Epoch(train)  [8][275/384]  base_lr: 7.2700e-05 lr: 7.2700e-05  eta: 2:19:42  time: 2.3639  data_time: 1.0871  memory: 32400  loss: 1.3434
2024/06/23 16:58:17 - mmengine - INFO - Epoch(train)  [8][300/384]  base_lr: 7.2700e-05 lr: 7.2700e-05  eta: 2:18:41  time: 1.2776  data_time: 0.0015  memory: 32400  loss: 1.3337
2024/06/23 16:58:59 - mmengine - INFO - Epoch(train)  [8][325/384]  base_lr: 7.2700e-05 lr: 7.2700e-05  eta: 2:18:17  time: 1.2776  data_time: 0.0015  memory: 32400  loss: 1.3680
2024/06/23 16:59:39 - mmengine - INFO - Epoch(train)  [8][350/384]  base_lr: 7.2700e-05 lr: 7.2700e-05  eta: 2:17:46  time: 1.2793  data_time: 0.0012  memory: 32400  loss: 1.3287
2024/06/23 17:00:17 - mmengine - INFO - Epoch(train)  [8][375/384]  base_lr: 7.2700e-05 lr: 7.2700e-05  eta: 2:17:05  time: 1.2766  data_time: 0.0007  memory: 32400  loss: 1.3278
2024/06/23 17:00:27 - mmengine - INFO - Exp name: leafcaw_20240623_161452
2024/06/23 17:00:27 - mmengine - INFO - Saving checkpoint at 8 epochs
2024/06/23 17:02:34 - mmengine - INFO - Epoch(val) [8][11/11]    accuracy/top1: 57.6353  accuracy/top5: 79.5852  data_time: 3.6020  time: 10.9115
2024/06/23 17:03:46 - mmengine - INFO - Epoch(train)  [9][ 25/384]  base_lr: 6.5451e-05 lr: 6.5451e-05  eta: 2:18:01  time: 1.2755  data_time: 0.0013  memory: 48840  loss: 1.2614
2024/06/23 17:04:18 - mmengine - INFO - Epoch(train)  [9][ 50/384]  base_lr: 6.5451e-05 lr: 6.5451e-05  eta: 2:17:00  time: 1.2781  data_time: 0.0014  memory: 32400  loss: 1.2522
2024/06/23 17:04:51 - mmengine - INFO - Epoch(train)  [9][ 75/384]  base_lr: 6.5451e-05 lr: 6.5451e-05  eta: 2:16:01  time: 1.2801  data_time: 0.0021  memory: 32400  loss: 1.2639
2024/06/23 17:05:23 - mmengine - INFO - Epoch(train)  [9][100/384]  base_lr: 6.5451e-05 lr: 6.5451e-05  eta: 2:15:02  time: 1.2879  data_time: 0.0125  memory: 32400  loss: 1.2709
2024/06/23 17:05:59 - mmengine - INFO - Epoch(train)  [9][125/384]  base_lr: 6.5451e-05 lr: 6.5451e-05  eta: 2:14:16  time: 1.6573  data_time: 0.3770  memory: 32400  loss: 1.2621
2024/06/23 17:06:31 - mmengine - INFO - Epoch(train)  [9][150/384]  base_lr: 6.5451e-05 lr: 6.5451e-05  eta: 2:13:18  time: 1.2805  data_time: 0.0019  memory: 32400  loss: 1.2770
2024/06/23 17:07:06 - mmengine - INFO - Epoch(train)  [9][175/384]  base_lr: 6.5451e-05 lr: 6.5451e-05  eta: 2:12:29  time: 1.2786  data_time: 0.0014  memory: 32400  loss: 1.2753
2024/06/23 17:07:41 - mmengine - INFO - Epoch(train)  [9][200/384]  base_lr: 6.5451e-05 lr: 6.5451e-05  eta: 2:11:42  time: 1.2780  data_time: 0.0015  memory: 32400  loss: 1.2678
2024/06/23 17:08:20 - mmengine - INFO - Epoch(train)  [9][225/384]  base_lr: 6.5451e-05 lr: 6.5451e-05  eta: 2:11:08  time: 1.2774  data_time: 0.0013  memory: 32400  loss: 1.3034
2024/06/23 17:09:00 - mmengine - INFO - Epoch(train)  [9][250/384]  base_lr: 6.5451e-05 lr: 6.5451e-05  eta: 2:10:33  time: 1.9954  data_time: 0.7194  memory: 32400  loss: 1.2563
2024/06/23 17:09:42 - mmengine - INFO - Epoch(train)  [9][275/384]  base_lr: 6.5451e-05 lr: 6.5451e-05  eta: 2:10:05  time: 2.2872  data_time: 1.0095  memory: 32400  loss: 1.2960
2024/06/23 17:10:14 - mmengine - INFO - Epoch(train)  [9][300/384]  base_lr: 6.5451e-05 lr: 6.5451e-05  eta: 2:09:09  time: 1.2782  data_time: 0.0014  memory: 32400  loss: 1.2545
2024/06/23 17:10:56 - mmengine - INFO - Epoch(train)  [9][325/384]  base_lr: 6.5451e-05 lr: 6.5451e-05  eta: 2:08:43  time: 1.2782  data_time: 0.0018  memory: 32400  loss: 1.2773
2024/06/23 17:11:35 - mmengine - INFO - Epoch(train)  [9][350/384]  base_lr: 6.5451e-05 lr: 6.5451e-05  eta: 2:08:07  time: 1.2918  data_time: 0.0011  memory: 32400  loss: 1.2606
2024/06/23 17:12:13 - mmengine - INFO - Epoch(train)  [9][375/384]  base_lr: 6.5451e-05 lr: 6.5451e-05  eta: 2:07:29  time: 1.2767  data_time: 0.0012  memory: 32400  loss: 1.2947
2024/06/23 17:12:24 - mmengine - INFO - Exp name: leafcaw_20240623_161452
2024/06/23 17:12:24 - mmengine - INFO - Saving checkpoint at 9 epochs
2024/06/23 17:14:31 - mmengine - INFO - Epoch(val) [9][11/11]    accuracy/top1: 58.3984  accuracy/top5: 80.0251  data_time: 3.7220  time: 11.0113
2024/06/23 17:15:44 - mmengine - INFO - Epoch(train) [10][ 25/384]  base_lr: 5.7822e-05 lr: 5.7822e-05  eta: 2:07:59  time: 1.2937  data_time: 0.0014  memory: 48840  loss: 1.1897
2024/06/23 17:16:16 - mmengine - INFO - Epoch(train) [10][ 50/384]  base_lr: 5.7822e-05 lr: 5.7822e-05  eta: 2:07:04  time: 1.2770  data_time: 0.0014  memory: 32400  loss: 1.2088
2024/06/23 17:16:48 - mmengine - INFO - Epoch(train) [10][ 75/384]  base_lr: 5.7822e-05 lr: 5.7822e-05  eta: 2:06:09  time: 1.2775  data_time: 0.0015  memory: 32400  loss: 1.2382
2024/06/23 17:17:20 - mmengine - INFO - Epoch(train) [10][100/384]  base_lr: 5.7822e-05 lr: 5.7822e-05  eta: 2:05:15  time: 1.2813  data_time: 0.0024  memory: 32400  loss: 1.2114
2024/06/23 17:17:52 - mmengine - INFO - Epoch(train) [10][125/384]  base_lr: 5.7822e-05 lr: 5.7822e-05  eta: 2:04:22  time: 1.2805  data_time: 0.0023  memory: 32400  loss: 1.2050
2024/06/23 17:18:24 - mmengine - INFO - Epoch(train) [10][150/384]  base_lr: 5.7822e-05 lr: 5.7822e-05  eta: 2:03:28  time: 1.2780  data_time: 0.0018  memory: 32400  loss: 1.2119
2024/06/23 17:18:56 - mmengine - INFO - Epoch(train) [10][175/384]  base_lr: 5.7822e-05 lr: 5.7822e-05  eta: 2:02:36  time: 1.2765  data_time: 0.0016  memory: 32400  loss: 1.2164
2024/06/23 17:19:32 - mmengine - INFO - Epoch(train) [10][200/384]  base_lr: 5.7822e-05 lr: 5.7822e-05  eta: 2:01:53  time: 1.2759  data_time: 0.0013  memory: 32400  loss: 1.2264
2024/06/23 17:20:08 - mmengine - INFO - Epoch(train) [10][225/384]  base_lr: 5.7822e-05 lr: 5.7822e-05  eta: 2:01:10  time: 1.2976  data_time: 0.0027  memory: 32400  loss: 1.1949
2024/06/23 17:20:50 - mmengine - INFO - Epoch(train) [10][250/384]  base_lr: 5.7822e-05 lr: 5.7822e-05  eta: 2:00:39  time: 2.1942  data_time: 0.9186  memory: 32400  loss: 1.1934
2024/06/23 17:21:33 - mmengine - INFO - Epoch(train) [10][275/384]  base_lr: 5.7822e-05 lr: 5.7822e-05  eta: 2:00:11  time: 2.3675  data_time: 1.0811  memory: 32400  loss: 1.2188
2024/06/23 17:22:05 - mmengine - INFO - Epoch(train) [10][300/384]  base_lr: 5.7822e-05 lr: 5.7822e-05  eta: 1:59:19  time: 1.2790  data_time: 0.0014  memory: 32400  loss: 1.2201
2024/06/23 17:22:28 - mmengine - INFO - Exp name: leafcaw_20240623_161452
2024/06/23 17:22:45 - mmengine - INFO - Epoch(train) [10][325/384]  base_lr: 5.7822e-05 lr: 5.7822e-05  eta: 1:58:45  time: 1.2781  data_time: 0.0016  memory: 32400  loss: 1.2296
2024/06/23 17:23:24 - mmengine - INFO - Epoch(train) [10][350/384]  base_lr: 5.7822e-05 lr: 5.7822e-05  eta: 1:58:09  time: 1.2813  data_time: 0.0018  memory: 32400  loss: 1.2302
2024/06/23 17:24:00 - mmengine - INFO - Epoch(train) [10][375/384]  base_lr: 5.7822e-05 lr: 5.7822e-05  eta: 1:57:26  time: 1.2745  data_time: 0.0010  memory: 32400  loss: 1.2334
2024/06/23 17:24:11 - mmengine - INFO - Exp name: leafcaw_20240623_161452
2024/06/23 17:24:11 - mmengine - INFO - Saving checkpoint at 10 epochs
2024/06/23 17:26:18 - mmengine - INFO - Epoch(val) [10][11/11]    accuracy/top1: 58.8114  accuracy/top5: 80.3393  data_time: 3.7366  time: 11.0243
2024/06/23 17:27:35 - mmengine - INFO - Epoch(train) [11][ 25/384]  base_lr: 5.0000e-05 lr: 5.0000e-05  eta: 1:57:44  time: 1.2774  data_time: 0.0014  memory: 48840  loss: 1.1444
2024/06/23 17:28:06 - mmengine - INFO - Epoch(train) [11][ 50/384]  base_lr: 5.0000e-05 lr: 5.0000e-05  eta: 1:56:53  time: 1.2741  data_time: 0.0014  memory: 32400  loss: 1.1758
2024/06/23 17:28:39 - mmengine - INFO - Epoch(train) [11][ 75/384]  base_lr: 5.0000e-05 lr: 5.0000e-05  eta: 1:56:02  time: 1.2795  data_time: 0.0016  memory: 32400  loss: 1.1429
2024/06/23 17:29:10 - mmengine - INFO - Epoch(train) [11][100/384]  base_lr: 5.0000e-05 lr: 5.0000e-05  eta: 1:55:12  time: 1.2776  data_time: 0.0014  memory: 32400  loss: 1.1788
2024/06/23 17:29:43 - mmengine - INFO - Epoch(train) [11][125/384]  base_lr: 5.0000e-05 lr: 5.0000e-05  eta: 1:54:22  time: 1.2825  data_time: 0.0024  memory: 32400  loss: 1.1575
2024/06/23 17:30:15 - mmengine - INFO - Epoch(train) [11][150/384]  base_lr: 5.0000e-05 lr: 5.0000e-05  eta: 1:53:32  time: 1.2808  data_time: 0.0020  memory: 32400  loss: 1.1558
2024/06/23 17:30:47 - mmengine - INFO - Epoch(train) [11][175/384]  base_lr: 5.0000e-05 lr: 5.0000e-05  eta: 1:52:45  time: 1.2784  data_time: 0.0016  memory: 32400  loss: 1.1630
2024/06/23 17:31:23 - mmengine - INFO - Epoch(train) [11][200/384]  base_lr: 5.0000e-05 lr: 5.0000e-05  eta: 1:52:02  time: 1.2802  data_time: 0.0014  memory: 32400  loss: 1.1620
2024/06/23 17:32:05 - mmengine - INFO - Epoch(train) [11][225/384]  base_lr: 5.0000e-05 lr: 5.0000e-05  eta: 1:51:30  time: 1.2802  data_time: 0.0018  memory: 32400  loss: 1.1604
2024/06/23 17:32:47 - mmengine - INFO - Epoch(train) [11][250/384]  base_lr: 5.0000e-05 lr: 5.0000e-05  eta: 1:50:59  time: 2.2836  data_time: 1.0085  memory: 32400  loss: 1.1834
2024/06/23 17:33:27 - mmengine - INFO - Epoch(train) [11][275/384]  base_lr: 5.0000e-05 lr: 5.0000e-05  eta: 1:50:23  time: 2.0456  data_time: 0.7669  memory: 32400  loss: 1.1711
2024/06/23 17:33:59 - mmengine - INFO - Epoch(train) [11][300/384]  base_lr: 5.0000e-05 lr: 5.0000e-05  eta: 1:49:34  time: 1.2838  data_time: 0.0022  memory: 32400  loss: 1.1614
2024/06/23 17:34:37 - mmengine - INFO - Epoch(train) [11][325/384]  base_lr: 5.0000e-05 lr: 5.0000e-05  eta: 1:48:57  time: 1.2758  data_time: 0.0016  memory: 32400  loss: 1.1631
2024/06/23 17:35:16 - mmengine - INFO - Epoch(train) [11][350/384]  base_lr: 5.0000e-05 lr: 5.0000e-05  eta: 1:48:19  time: 1.2777  data_time: 0.0012  memory: 32400  loss: 1.1877
2024/06/23 17:35:53 - mmengine - INFO - Epoch(train) [11][375/384]  base_lr: 5.0000e-05 lr: 5.0000e-05  eta: 1:47:41  time: 1.2866  data_time: 0.0006  memory: 32400  loss: 1.1817
2024/06/23 17:36:04 - mmengine - INFO - Exp name: leafcaw_20240623_161452
2024/06/23 17:36:04 - mmengine - INFO - Saving checkpoint at 11 epochs
2024/06/23 17:38:09 - mmengine - INFO - Epoch(val) [11][11/11]    accuracy/top1: 59.2064  accuracy/top5: 80.5728  data_time: 3.5781  time: 10.8742
2024/06/23 17:39:24 - mmengine - INFO - Epoch(train) [12][ 25/384]  base_lr: 4.2178e-05 lr: 4.2178e-05  eta: 1:47:41  time: 1.2762  data_time: 0.0017  memory: 48840  loss: 1.1072
2024/06/23 17:39:57 - mmengine - INFO - Epoch(train) [12][ 50/384]  base_lr: 4.2178e-05 lr: 4.2178e-05  eta: 1:46:54  time: 1.2772  data_time: 0.0015  memory: 32400  loss: 1.1379
2024/06/23 17:40:29 - mmengine - INFO - Epoch(train) [12][ 75/384]  base_lr: 4.2178e-05 lr: 4.2178e-05  eta: 1:46:06  time: 1.2742  data_time: 0.0014  memory: 32400  loss: 1.1000
2024/06/23 17:41:01 - mmengine - INFO - Epoch(train) [12][100/384]  base_lr: 4.2178e-05 lr: 4.2178e-05  eta: 1:45:18  time: 1.2774  data_time: 0.0015  memory: 32400  loss: 1.1195
2024/06/23 17:41:33 - mmengine - INFO - Epoch(train) [12][125/384]  base_lr: 4.2178e-05 lr: 4.2178e-05  eta: 1:44:31  time: 1.3122  data_time: 0.0024  memory: 32400  loss: 1.1209
2024/06/23 17:42:05 - mmengine - INFO - Epoch(train) [12][150/384]  base_lr: 4.2178e-05 lr: 4.2178e-05  eta: 1:43:44  time: 1.2781  data_time: 0.0019  memory: 32400  loss: 1.1267
2024/06/23 17:42:37 - mmengine - INFO - Epoch(train) [12][175/384]  base_lr: 4.2178e-05 lr: 4.2178e-05  eta: 1:42:57  time: 1.2943  data_time: 0.0026  memory: 32400  loss: 1.1119
2024/06/23 17:43:09 - mmengine - INFO - Epoch(train) [12][200/384]  base_lr: 4.2178e-05 lr: 4.2178e-05  eta: 1:42:10  time: 1.2921  data_time: 0.0014  memory: 32400  loss: 1.1204
2024/06/23 17:43:41 - mmengine - INFO - Epoch(train) [12][225/384]  base_lr: 4.2178e-05 lr: 4.2178e-05  eta: 1:41:24  time: 1.2806  data_time: 0.0020  memory: 32400  loss: 1.1281
2024/06/23 17:44:16 - mmengine - INFO - Epoch(train) [12][250/384]  base_lr: 4.2178e-05 lr: 4.2178e-05  eta: 1:40:41  time: 1.5396  data_time: 0.2526  memory: 32400  loss: 1.1679
2024/06/23 17:44:57 - mmengine - INFO - Epoch(train) [12][275/384]  base_lr: 4.2178e-05 lr: 4.2178e-05  eta: 1:40:07  time: 2.1527  data_time: 0.8747  memory: 32400  loss: 1.1225
2024/06/23 17:45:29 - mmengine - INFO - Epoch(train) [12][300/384]  base_lr: 4.2178e-05 lr: 4.2178e-05  eta: 1:39:21  time: 1.2761  data_time: 0.0014  memory: 32400  loss: 1.1515
2024/06/23 17:46:09 - mmengine - INFO - Epoch(train) [12][325/384]  base_lr: 4.2178e-05 lr: 4.2178e-05  eta: 1:38:46  time: 1.2772  data_time: 0.0019  memory: 32400  loss: 1.1193
2024/06/23 17:46:51 - mmengine - INFO - Epoch(train) [12][350/384]  base_lr: 4.2178e-05 lr: 4.2178e-05  eta: 1:38:12  time: 1.2796  data_time: 0.0015  memory: 32400  loss: 1.1427
2024/06/23 17:47:29 - mmengine - INFO - Epoch(train) [12][375/384]  base_lr: 4.2178e-05 lr: 4.2178e-05  eta: 1:37:35  time: 1.2778  data_time: 0.0015  memory: 32400  loss: 1.1246
2024/06/23 17:47:40 - mmengine - INFO - Exp name: leafcaw_20240623_161452
2024/06/23 17:47:40 - mmengine - INFO - Saving checkpoint at 12 epochs
2024/06/23 17:49:47 - mmengine - INFO - Epoch(val) [12][11/11]    accuracy/top1: 59.1346  accuracy/top5: 80.6895  data_time: 3.7348  time: 11.0326
