2024/08/22 07:22:02 - mmengine - INFO - 
------------------------------------------------------------
System environment:
    sys.platform: linux
    Python: 3.10.12 (main, Jul 29 2024, 16:56:48) [GCC 11.4.0]
    CUDA available: True
    MUSA available: False
    numpy_random_seed: 0
    GPU 0: NVIDIA H100 80GB HBM3
    CUDA_HOME: /usr/local/cuda
    NVCC: Cuda compilation tools, release 12.3, V12.3.107
    GCC: x86_64-linux-gnu-gcc (Ubuntu 11.4.0-1ubuntu1~22.04) 11.4.0
    PyTorch: 2.3.1+cu121
    PyTorch compiling details: PyTorch built with:
  - GCC 9.3
  - C++ Version: 201703
  - Intel(R) oneAPI Math Kernel Library Version 2022.2-Product Build 20220804 for Intel(R) 64 architecture applications
  - Intel(R) MKL-DNN v3.3.6 (Git Hash 86e6af5974177e513fd3fee58425e1063e7f1361)
  - OpenMP 201511 (a.k.a. OpenMP 4.5)
  - LAPACK is enabled (usually provided by MKL)
  - NNPACK is enabled
  - CPU capability usage: AVX512
  - CUDA Runtime 12.1
  - NVCC architecture flags: -gencode;arch=compute_50,code=sm_50;-gencode;arch=compute_60,code=sm_60;-gencode;arch=compute_70,code=sm_70;-gencode;arch=compute_75,code=sm_75;-gencode;arch=compute_80,code=sm_80;-gencode;arch=compute_86,code=sm_86;-gencode;arch=compute_90,code=sm_90
  - CuDNN 8.9.2
  - Magma 2.6.1
  - Build settings: BLAS_INFO=mkl, BUILD_TYPE=Release, CUDA_VERSION=12.1, CUDNN_VERSION=8.9.2, CXX_COMPILER=/opt/rh/devtoolset-9/root/usr/bin/c++, CXX_FLAGS= -D_GLIBCXX_USE_CXX11_ABI=0 -fabi-version=11 -fvisibility-inlines-hidden -DUSE_PTHREADPOOL -DNDEBUG -DUSE_KINETO -DLIBKINETO_NOROCTRACER -DUSE_FBGEMM -DUSE_QNNPACK -DUSE_PYTORCH_QNNPACK -DUSE_XNNPACK -DSYMBOLICATE_MOBILE_DEBUG_HANDLE -O2 -fPIC -Wall -Wextra -Werror=return-type -Werror=non-virtual-dtor -Werror=bool-operation -Wnarrowing -Wno-missing-field-initializers -Wno-type-limits -Wno-array-bounds -Wno-unknown-pragmas -Wno-unused-parameter -Wno-unused-function -Wno-unused-result -Wno-strict-overflow -Wno-strict-aliasing -Wno-stringop-overflow -Wsuggest-override -Wno-psabi -Wno-error=pedantic -Wno-error=old-style-cast -Wno-missing-braces -fdiagnostics-color=always -faligned-new -Wno-unused-but-set-variable -Wno-maybe-uninitialized -fno-math-errno -fno-trapping-math -Werror=format -Wno-stringop-overflow, LAPACK_INFO=mkl, PERF_WITH_AVX=1, PERF_WITH_AVX2=1, PERF_WITH_AVX512=1, TORCH_VERSION=2.3.1, USE_CUDA=ON, USE_CUDNN=ON, USE_CUSPARSELT=1, USE_EXCEPTION_PTR=1, USE_GFLAGS=OFF, USE_GLOG=OFF, USE_GLOO=ON, USE_MKL=ON, USE_MKLDNN=ON, USE_MPI=OFF, USE_NCCL=1, USE_NNPACK=ON, USE_OPENMP=ON, USE_ROCM=OFF, USE_ROCM_KERNEL_ASSERT=OFF, 

    TorchVision: 0.18.1+cu121
    OpenCV: 4.10.0
    MMEngine: 0.10.4

Runtime environment:
    cudnn_benchmark: False
    mp_cfg: {'mp_start_method': 'fork', 'opencv_num_threads': 0}
    dist_cfg: {'backend': 'nccl'}
    seed: 0
    deterministic: True
    Distributed launcher: none
    Distributed training: False
    GPU number: 1
------------------------------------------------------------

2024/08/22 07:22:02 - mmengine - INFO - Config:
auto_scale_lr = dict(base_batch_size=1024)
data_dir = '/mnt/data'
data_preprocessor = dict(
    mean=[
        123.675,
        116.28,
        103.53,
    ],
    num_classes=7806,
    std=[
        58.395,
        57.12,
        57.375,
    ],
    to_rgb=True)
default_hooks = dict(
    checkpoint=dict(interval=1, max_keep_ckpts=5, type='CheckpointHook'),
    logger=dict(interval=25, type='LoggerHook'),
    param_scheduler=dict(type='ParamSchedulerHook'),
    sampler_seed=dict(type='DistSamplerSeedHook'),
    timer=dict(type='IterTimerHook'),
    visualization=dict(enable=False, type='VisualizationHook'))
default_scope = 'mmpretrain'
env_cfg = dict(
    cudnn_benchmark=False,
    dist_cfg=dict(backend='nccl'),
    mp_cfg=dict(mp_start_method='fork', opencv_num_threads=0))
launcher = 'none'
load_from = None
log_level = 'INFO'
model = dict(
    backbone=dict(
        arch='dinov2-small',
        frozen_stages=12,
        img_size=518,
        init_cfg=dict(
            checkpoint=
            'https://download.openmmlab.com/mmpretrain/v1.0/dinov2/vit-small-p14_dinov2-pre_3rdparty_20230426-5641ca5a.pth',
            prefix='backbone',
            type='Pretrained'),
        layer_scale_init_value=1e-05,
        patch_size=14,
        type='VisionTransformer'),
    head=dict(
        in_channels=384,
        loss=dict(type='CrossEntropyLoss'),
        num_classes=7806,
        topk=(
            1,
            5,
        ),
        type='VisionTransformerClsHead'),
    neck=None,
    type='ImageClassifier')
optim_wrapper = dict(
    loss_scale='dynamic',
    optimizer=dict(lr=0.0001, type='AdamW', weight_decay=0.05),
    paramwise_cfg=dict(
        custom_keys=dict(
            cls_token=dict(decay_mult=0.0), mask_token=dict(decay_mult=0.0))),
    type='AmpOptimWrapper')
param_scheduler = [
    dict(T_max=20, by_epoch=True, type='CosineAnnealingLR'),
]
randomness = dict(deterministic=True, seed=0)
resume = True
test_cfg = dict()
test_dataloader = dict(
    batch_size=2048,
    collate_fn=dict(type='default_collate'),
    dataset=dict(
        ann_file='annotation/test_2.txt',
        data_prefix='/mnt/data',
        pipeline=[
            dict(type='LoadImageFromFile'),
            dict(
                backend='pillow',
                edge='short',
                interpolation='bicubic',
                scale=518,
                type='ResizeEdge'),
            dict(crop_size=518, type='CenterCrop'),
            dict(type='PackInputs'),
        ],
        type='CustomDataset'),
    num_workers=20,
    persistent_workers=True,
    pin_memory=True,
    sampler=dict(shuffle=True, type='DefaultSampler'))
test_evaluator = [
    dict(topk=(
        1,
        5,
    ), type='Accuracy'),
    dict(type='SingleLabelMetric'),
]
test_pipeline = [
    dict(type='LoadImageFromFile'),
    dict(
        backend='pillow',
        edge='short',
        interpolation='bicubic',
        scale=518,
        type='ResizeEdge'),
    dict(crop_size=518, type='CenterCrop'),
    dict(type='PackInputs'),
]
train_cfg = dict(by_epoch=True, max_epochs=12, val_interval=1)
train_dataloader = dict(
    batch_size=2048,
    collate_fn=dict(type='default_collate'),
    dataset=dict(
        ann_file='annotation/train_2.txt',
        data_prefix='/mnt/data',
        pipeline=[
            dict(type='LoadImageFromFile'),
            dict(
                backend='pillow',
                edge='short',
                interpolation='bicubic',
                scale=518,
                type='ResizeEdge'),
            dict(crop_size=518, type='CenterCrop'),
            dict(type='PackInputs'),
        ],
        type='CustomDataset'),
    num_workers=28,
    persistent_workers=True,
    pin_memory=True,
    sampler=dict(shuffle=True, type='DefaultSampler'))
train_pipeline = [
    dict(type='LoadImageFromFile'),
    dict(
        backend='pillow',
        interpolation='bicubic',
        scale=518,
        type='RandomResizedCrop'),
    dict(direction='horizontal', prob=0.5, type='RandomFlip'),
    dict(type='PackInputs'),
]
val_cfg = dict()
val_dataloader = dict(
    batch_size=2048,
    collate_fn=dict(type='default_collate'),
    dataset=dict(
        ann_file='annotation/val_2.txt',
        data_prefix='/mnt/data',
        pipeline=[
            dict(type='LoadImageFromFile'),
            dict(
                backend='pillow',
                edge='short',
                interpolation='bicubic',
                scale=518,
                type='ResizeEdge'),
            dict(crop_size=518, type='CenterCrop'),
            dict(type='PackInputs'),
        ],
        type='CustomDataset'),
    num_workers=28,
    persistent_workers=True,
    pin_memory=True,
    sampler=dict(shuffle=True, type='DefaultSampler'))
val_evaluator = [
    dict(topk=(
        1,
        5,
    ), type='Accuracy'),
    dict(type='SingleLabelMetric'),
]
vis_backends = [
    dict(type='LocalVisBackend'),
]
visualizer = dict(
    type='UniversalVisualizer', vis_backends=[
        dict(type='LocalVisBackend'),
    ])
work_dir = './work_dirs/leafcaw'

2024/08/22 07:22:03 - mmengine - INFO - Distributed training is not used, all SyncBatchNorm (SyncBN) layers in the model will be automatically reverted to BatchNormXd layers if they are used.
2024/08/22 07:22:03 - mmengine - INFO - Hooks will be executed in the following order:
before_run:
(VERY_HIGH   ) RuntimeInfoHook                    
(BELOW_NORMAL) LoggerHook                         
 -------------------- 
before_train:
(VERY_HIGH   ) RuntimeInfoHook                    
(NORMAL      ) IterTimerHook                      
(VERY_LOW    ) CheckpointHook                     
 -------------------- 
before_train_epoch:
(VERY_HIGH   ) RuntimeInfoHook                    
(NORMAL      ) IterTimerHook                      
(NORMAL      ) DistSamplerSeedHook                
 -------------------- 
before_train_iter:
(VERY_HIGH   ) RuntimeInfoHook                    
(NORMAL      ) IterTimerHook                      
 -------------------- 
after_train_iter:
(VERY_HIGH   ) RuntimeInfoHook                    
(NORMAL      ) IterTimerHook                      
(BELOW_NORMAL) LoggerHook                         
(LOW         ) ParamSchedulerHook                 
(VERY_LOW    ) CheckpointHook                     
 -------------------- 
after_train_epoch:
(NORMAL      ) IterTimerHook                      
(LOW         ) ParamSchedulerHook                 
(VERY_LOW    ) CheckpointHook                     
 -------------------- 
before_val:
(VERY_HIGH   ) RuntimeInfoHook                    
 -------------------- 
before_val_epoch:
(NORMAL      ) IterTimerHook                      
 -------------------- 
before_val_iter:
(NORMAL      ) IterTimerHook                      
 -------------------- 
after_val_iter:
(NORMAL      ) IterTimerHook                      
(NORMAL      ) VisualizationHook                  
(BELOW_NORMAL) LoggerHook                         
 -------------------- 
after_val_epoch:
(VERY_HIGH   ) RuntimeInfoHook                    
(NORMAL      ) IterTimerHook                      
(BELOW_NORMAL) LoggerHook                         
(LOW         ) ParamSchedulerHook                 
(VERY_LOW    ) CheckpointHook                     
 -------------------- 
after_val:
(VERY_HIGH   ) RuntimeInfoHook                    
 -------------------- 
after_train:
(VERY_HIGH   ) RuntimeInfoHook                    
(VERY_LOW    ) CheckpointHook                     
 -------------------- 
before_test:
(VERY_HIGH   ) RuntimeInfoHook                    
 -------------------- 
before_test_epoch:
(NORMAL      ) IterTimerHook                      
 -------------------- 
before_test_iter:
(NORMAL      ) IterTimerHook                      
 -------------------- 
after_test_iter:
(NORMAL      ) IterTimerHook                      
(NORMAL      ) VisualizationHook                  
(BELOW_NORMAL) LoggerHook                         
 -------------------- 
after_test_epoch:
(VERY_HIGH   ) RuntimeInfoHook                    
(NORMAL      ) IterTimerHook                      
(BELOW_NORMAL) LoggerHook                         
 -------------------- 
after_test:
(VERY_HIGH   ) RuntimeInfoHook                    
 -------------------- 
after_run:
(BELOW_NORMAL) LoggerHook                         
 -------------------- 
2024/08/22 07:22:04 - mmengine - WARNING - backbone.cls_token is skipped since its requires_grad=False
2024/08/22 07:22:04 - mmengine - WARNING - backbone.pos_embed is skipped since its requires_grad=False
2024/08/22 07:22:04 - mmengine - WARNING - backbone.patch_embed.projection.weight is skipped since its requires_grad=False
2024/08/22 07:22:04 - mmengine - WARNING - backbone.patch_embed.projection.bias is skipped since its requires_grad=False
2024/08/22 07:22:04 - mmengine - WARNING - backbone.layers.0.ln1.weight is skipped since its requires_grad=False
2024/08/22 07:22:04 - mmengine - WARNING - backbone.layers.0.ln1.bias is skipped since its requires_grad=False
2024/08/22 07:22:04 - mmengine - WARNING - backbone.layers.0.attn.qkv.weight is skipped since its requires_grad=False
2024/08/22 07:22:04 - mmengine - WARNING - backbone.layers.0.attn.qkv.bias is skipped since its requires_grad=False
2024/08/22 07:22:04 - mmengine - WARNING - backbone.layers.0.attn.proj.weight is skipped since its requires_grad=False
2024/08/22 07:22:04 - mmengine - WARNING - backbone.layers.0.attn.proj.bias is skipped since its requires_grad=False
2024/08/22 07:22:04 - mmengine - WARNING - backbone.layers.0.attn.gamma1.weight is skipped since its requires_grad=False
2024/08/22 07:22:04 - mmengine - WARNING - backbone.layers.0.ln2.weight is skipped since its requires_grad=False
2024/08/22 07:22:04 - mmengine - WARNING - backbone.layers.0.ln2.bias is skipped since its requires_grad=False
2024/08/22 07:22:04 - mmengine - WARNING - backbone.layers.0.ffn.layers.0.0.weight is skipped since its requires_grad=False
2024/08/22 07:22:04 - mmengine - WARNING - backbone.layers.0.ffn.layers.0.0.bias is skipped since its requires_grad=False
2024/08/22 07:22:04 - mmengine - WARNING - backbone.layers.0.ffn.layers.1.weight is skipped since its requires_grad=False
2024/08/22 07:22:04 - mmengine - WARNING - backbone.layers.0.ffn.layers.1.bias is skipped since its requires_grad=False
2024/08/22 07:22:04 - mmengine - WARNING - backbone.layers.0.ffn.gamma2.weight is skipped since its requires_grad=False
2024/08/22 07:22:04 - mmengine - WARNING - backbone.layers.1.ln1.weight is skipped since its requires_grad=False
2024/08/22 07:22:04 - mmengine - WARNING - backbone.layers.1.ln1.bias is skipped since its requires_grad=False
2024/08/22 07:22:04 - mmengine - WARNING - backbone.layers.1.attn.qkv.weight is skipped since its requires_grad=False
2024/08/22 07:22:04 - mmengine - WARNING - backbone.layers.1.attn.qkv.bias is skipped since its requires_grad=False
2024/08/22 07:22:04 - mmengine - WARNING - backbone.layers.1.attn.proj.weight is skipped since its requires_grad=False
2024/08/22 07:22:04 - mmengine - WARNING - backbone.layers.1.attn.proj.bias is skipped since its requires_grad=False
2024/08/22 07:22:04 - mmengine - WARNING - backbone.layers.1.attn.gamma1.weight is skipped since its requires_grad=False
2024/08/22 07:22:04 - mmengine - WARNING - backbone.layers.1.ln2.weight is skipped since its requires_grad=False
2024/08/22 07:22:04 - mmengine - WARNING - backbone.layers.1.ln2.bias is skipped since its requires_grad=False
2024/08/22 07:22:04 - mmengine - WARNING - backbone.layers.1.ffn.layers.0.0.weight is skipped since its requires_grad=False
2024/08/22 07:22:04 - mmengine - WARNING - backbone.layers.1.ffn.layers.0.0.bias is skipped since its requires_grad=False
2024/08/22 07:22:04 - mmengine - WARNING - backbone.layers.1.ffn.layers.1.weight is skipped since its requires_grad=False
2024/08/22 07:22:04 - mmengine - WARNING - backbone.layers.1.ffn.layers.1.bias is skipped since its requires_grad=False
2024/08/22 07:22:04 - mmengine - WARNING - backbone.layers.1.ffn.gamma2.weight is skipped since its requires_grad=False
2024/08/22 07:22:04 - mmengine - WARNING - backbone.layers.2.ln1.weight is skipped since its requires_grad=False
2024/08/22 07:22:04 - mmengine - WARNING - backbone.layers.2.ln1.bias is skipped since its requires_grad=False
2024/08/22 07:22:04 - mmengine - WARNING - backbone.layers.2.attn.qkv.weight is skipped since its requires_grad=False
2024/08/22 07:22:04 - mmengine - WARNING - backbone.layers.2.attn.qkv.bias is skipped since its requires_grad=False
2024/08/22 07:22:04 - mmengine - WARNING - backbone.layers.2.attn.proj.weight is skipped since its requires_grad=False
2024/08/22 07:22:04 - mmengine - WARNING - backbone.layers.2.attn.proj.bias is skipped since its requires_grad=False
2024/08/22 07:22:04 - mmengine - WARNING - backbone.layers.2.attn.gamma1.weight is skipped since its requires_grad=False
2024/08/22 07:22:04 - mmengine - WARNING - backbone.layers.2.ln2.weight is skipped since its requires_grad=False
2024/08/22 07:22:04 - mmengine - WARNING - backbone.layers.2.ln2.bias is skipped since its requires_grad=False
2024/08/22 07:22:04 - mmengine - WARNING - backbone.layers.2.ffn.layers.0.0.weight is skipped since its requires_grad=False
2024/08/22 07:22:04 - mmengine - WARNING - backbone.layers.2.ffn.layers.0.0.bias is skipped since its requires_grad=False
2024/08/22 07:22:04 - mmengine - WARNING - backbone.layers.2.ffn.layers.1.weight is skipped since its requires_grad=False
2024/08/22 07:22:04 - mmengine - WARNING - backbone.layers.2.ffn.layers.1.bias is skipped since its requires_grad=False
2024/08/22 07:22:04 - mmengine - WARNING - backbone.layers.2.ffn.gamma2.weight is skipped since its requires_grad=False
2024/08/22 07:22:04 - mmengine - WARNING - backbone.layers.3.ln1.weight is skipped since its requires_grad=False
2024/08/22 07:22:04 - mmengine - WARNING - backbone.layers.3.ln1.bias is skipped since its requires_grad=False
2024/08/22 07:22:04 - mmengine - WARNING - backbone.layers.3.attn.qkv.weight is skipped since its requires_grad=False
2024/08/22 07:22:04 - mmengine - WARNING - backbone.layers.3.attn.qkv.bias is skipped since its requires_grad=False
2024/08/22 07:22:04 - mmengine - WARNING - backbone.layers.3.attn.proj.weight is skipped since its requires_grad=False
2024/08/22 07:22:04 - mmengine - WARNING - backbone.layers.3.attn.proj.bias is skipped since its requires_grad=False
2024/08/22 07:22:04 - mmengine - WARNING - backbone.layers.3.attn.gamma1.weight is skipped since its requires_grad=False
2024/08/22 07:22:04 - mmengine - WARNING - backbone.layers.3.ln2.weight is skipped since its requires_grad=False
2024/08/22 07:22:04 - mmengine - WARNING - backbone.layers.3.ln2.bias is skipped since its requires_grad=False
2024/08/22 07:22:04 - mmengine - WARNING - backbone.layers.3.ffn.layers.0.0.weight is skipped since its requires_grad=False
2024/08/22 07:22:04 - mmengine - WARNING - backbone.layers.3.ffn.layers.0.0.bias is skipped since its requires_grad=False
2024/08/22 07:22:04 - mmengine - WARNING - backbone.layers.3.ffn.layers.1.weight is skipped since its requires_grad=False
2024/08/22 07:22:04 - mmengine - WARNING - backbone.layers.3.ffn.layers.1.bias is skipped since its requires_grad=False
2024/08/22 07:22:04 - mmengine - WARNING - backbone.layers.3.ffn.gamma2.weight is skipped since its requires_grad=False
2024/08/22 07:22:04 - mmengine - WARNING - backbone.layers.4.ln1.weight is skipped since its requires_grad=False
2024/08/22 07:22:04 - mmengine - WARNING - backbone.layers.4.ln1.bias is skipped since its requires_grad=False
2024/08/22 07:22:04 - mmengine - WARNING - backbone.layers.4.attn.qkv.weight is skipped since its requires_grad=False
2024/08/22 07:22:04 - mmengine - WARNING - backbone.layers.4.attn.qkv.bias is skipped since its requires_grad=False
2024/08/22 07:22:04 - mmengine - WARNING - backbone.layers.4.attn.proj.weight is skipped since its requires_grad=False
2024/08/22 07:22:04 - mmengine - WARNING - backbone.layers.4.attn.proj.bias is skipped since its requires_grad=False
2024/08/22 07:22:04 - mmengine - WARNING - backbone.layers.4.attn.gamma1.weight is skipped since its requires_grad=False
2024/08/22 07:22:04 - mmengine - WARNING - backbone.layers.4.ln2.weight is skipped since its requires_grad=False
2024/08/22 07:22:04 - mmengine - WARNING - backbone.layers.4.ln2.bias is skipped since its requires_grad=False
2024/08/22 07:22:04 - mmengine - WARNING - backbone.layers.4.ffn.layers.0.0.weight is skipped since its requires_grad=False
2024/08/22 07:22:04 - mmengine - WARNING - backbone.layers.4.ffn.layers.0.0.bias is skipped since its requires_grad=False
2024/08/22 07:22:04 - mmengine - WARNING - backbone.layers.4.ffn.layers.1.weight is skipped since its requires_grad=False
2024/08/22 07:22:04 - mmengine - WARNING - backbone.layers.4.ffn.layers.1.bias is skipped since its requires_grad=False
2024/08/22 07:22:04 - mmengine - WARNING - backbone.layers.4.ffn.gamma2.weight is skipped since its requires_grad=False
2024/08/22 07:22:04 - mmengine - WARNING - backbone.layers.5.ln1.weight is skipped since its requires_grad=False
2024/08/22 07:22:04 - mmengine - WARNING - backbone.layers.5.ln1.bias is skipped since its requires_grad=False
2024/08/22 07:22:04 - mmengine - WARNING - backbone.layers.5.attn.qkv.weight is skipped since its requires_grad=False
2024/08/22 07:22:04 - mmengine - WARNING - backbone.layers.5.attn.qkv.bias is skipped since its requires_grad=False
2024/08/22 07:22:04 - mmengine - WARNING - backbone.layers.5.attn.proj.weight is skipped since its requires_grad=False
2024/08/22 07:22:04 - mmengine - WARNING - backbone.layers.5.attn.proj.bias is skipped since its requires_grad=False
2024/08/22 07:22:04 - mmengine - WARNING - backbone.layers.5.attn.gamma1.weight is skipped since its requires_grad=False
2024/08/22 07:22:04 - mmengine - WARNING - backbone.layers.5.ln2.weight is skipped since its requires_grad=False
2024/08/22 07:22:04 - mmengine - WARNING - backbone.layers.5.ln2.bias is skipped since its requires_grad=False
2024/08/22 07:22:04 - mmengine - WARNING - backbone.layers.5.ffn.layers.0.0.weight is skipped since its requires_grad=False
2024/08/22 07:22:04 - mmengine - WARNING - backbone.layers.5.ffn.layers.0.0.bias is skipped since its requires_grad=False
2024/08/22 07:22:04 - mmengine - WARNING - backbone.layers.5.ffn.layers.1.weight is skipped since its requires_grad=False
2024/08/22 07:22:04 - mmengine - WARNING - backbone.layers.5.ffn.layers.1.bias is skipped since its requires_grad=False
2024/08/22 07:22:04 - mmengine - WARNING - backbone.layers.5.ffn.gamma2.weight is skipped since its requires_grad=False
2024/08/22 07:22:04 - mmengine - WARNING - backbone.layers.6.ln1.weight is skipped since its requires_grad=False
2024/08/22 07:22:04 - mmengine - WARNING - backbone.layers.6.ln1.bias is skipped since its requires_grad=False
2024/08/22 07:22:04 - mmengine - WARNING - backbone.layers.6.attn.qkv.weight is skipped since its requires_grad=False
2024/08/22 07:22:04 - mmengine - WARNING - backbone.layers.6.attn.qkv.bias is skipped since its requires_grad=False
2024/08/22 07:22:04 - mmengine - WARNING - backbone.layers.6.attn.proj.weight is skipped since its requires_grad=False
2024/08/22 07:22:04 - mmengine - WARNING - backbone.layers.6.attn.proj.bias is skipped since its requires_grad=False
2024/08/22 07:22:04 - mmengine - WARNING - backbone.layers.6.attn.gamma1.weight is skipped since its requires_grad=False
2024/08/22 07:22:04 - mmengine - WARNING - backbone.layers.6.ln2.weight is skipped since its requires_grad=False
2024/08/22 07:22:04 - mmengine - WARNING - backbone.layers.6.ln2.bias is skipped since its requires_grad=False
2024/08/22 07:22:04 - mmengine - WARNING - backbone.layers.6.ffn.layers.0.0.weight is skipped since its requires_grad=False
2024/08/22 07:22:04 - mmengine - WARNING - backbone.layers.6.ffn.layers.0.0.bias is skipped since its requires_grad=False
2024/08/22 07:22:04 - mmengine - WARNING - backbone.layers.6.ffn.layers.1.weight is skipped since its requires_grad=False
2024/08/22 07:22:04 - mmengine - WARNING - backbone.layers.6.ffn.layers.1.bias is skipped since its requires_grad=False
2024/08/22 07:22:04 - mmengine - WARNING - backbone.layers.6.ffn.gamma2.weight is skipped since its requires_grad=False
2024/08/22 07:22:04 - mmengine - WARNING - backbone.layers.7.ln1.weight is skipped since its requires_grad=False
2024/08/22 07:22:04 - mmengine - WARNING - backbone.layers.7.ln1.bias is skipped since its requires_grad=False
2024/08/22 07:22:04 - mmengine - WARNING - backbone.layers.7.attn.qkv.weight is skipped since its requires_grad=False
2024/08/22 07:22:04 - mmengine - WARNING - backbone.layers.7.attn.qkv.bias is skipped since its requires_grad=False
2024/08/22 07:22:04 - mmengine - WARNING - backbone.layers.7.attn.proj.weight is skipped since its requires_grad=False
2024/08/22 07:22:04 - mmengine - WARNING - backbone.layers.7.attn.proj.bias is skipped since its requires_grad=False
2024/08/22 07:22:04 - mmengine - WARNING - backbone.layers.7.attn.gamma1.weight is skipped since its requires_grad=False
2024/08/22 07:22:04 - mmengine - WARNING - backbone.layers.7.ln2.weight is skipped since its requires_grad=False
2024/08/22 07:22:04 - mmengine - WARNING - backbone.layers.7.ln2.bias is skipped since its requires_grad=False
2024/08/22 07:22:04 - mmengine - WARNING - backbone.layers.7.ffn.layers.0.0.weight is skipped since its requires_grad=False
2024/08/22 07:22:04 - mmengine - WARNING - backbone.layers.7.ffn.layers.0.0.bias is skipped since its requires_grad=False
2024/08/22 07:22:04 - mmengine - WARNING - backbone.layers.7.ffn.layers.1.weight is skipped since its requires_grad=False
2024/08/22 07:22:04 - mmengine - WARNING - backbone.layers.7.ffn.layers.1.bias is skipped since its requires_grad=False
2024/08/22 07:22:04 - mmengine - WARNING - backbone.layers.7.ffn.gamma2.weight is skipped since its requires_grad=False
2024/08/22 07:22:04 - mmengine - WARNING - backbone.layers.8.ln1.weight is skipped since its requires_grad=False
2024/08/22 07:22:04 - mmengine - WARNING - backbone.layers.8.ln1.bias is skipped since its requires_grad=False
2024/08/22 07:22:04 - mmengine - WARNING - backbone.layers.8.attn.qkv.weight is skipped since its requires_grad=False
2024/08/22 07:22:04 - mmengine - WARNING - backbone.layers.8.attn.qkv.bias is skipped since its requires_grad=False
2024/08/22 07:22:04 - mmengine - WARNING - backbone.layers.8.attn.proj.weight is skipped since its requires_grad=False
2024/08/22 07:22:04 - mmengine - WARNING - backbone.layers.8.attn.proj.bias is skipped since its requires_grad=False
2024/08/22 07:22:04 - mmengine - WARNING - backbone.layers.8.attn.gamma1.weight is skipped since its requires_grad=False
2024/08/22 07:22:04 - mmengine - WARNING - backbone.layers.8.ln2.weight is skipped since its requires_grad=False
2024/08/22 07:22:04 - mmengine - WARNING - backbone.layers.8.ln2.bias is skipped since its requires_grad=False
2024/08/22 07:22:04 - mmengine - WARNING - backbone.layers.8.ffn.layers.0.0.weight is skipped since its requires_grad=False
2024/08/22 07:22:04 - mmengine - WARNING - backbone.layers.8.ffn.layers.0.0.bias is skipped since its requires_grad=False
2024/08/22 07:22:04 - mmengine - WARNING - backbone.layers.8.ffn.layers.1.weight is skipped since its requires_grad=False
2024/08/22 07:22:04 - mmengine - WARNING - backbone.layers.8.ffn.layers.1.bias is skipped since its requires_grad=False
2024/08/22 07:22:04 - mmengine - WARNING - backbone.layers.8.ffn.gamma2.weight is skipped since its requires_grad=False
2024/08/22 07:22:04 - mmengine - WARNING - backbone.layers.9.ln1.weight is skipped since its requires_grad=False
2024/08/22 07:22:04 - mmengine - WARNING - backbone.layers.9.ln1.bias is skipped since its requires_grad=False
2024/08/22 07:22:04 - mmengine - WARNING - backbone.layers.9.attn.qkv.weight is skipped since its requires_grad=False
2024/08/22 07:22:04 - mmengine - WARNING - backbone.layers.9.attn.qkv.bias is skipped since its requires_grad=False
2024/08/22 07:22:04 - mmengine - WARNING - backbone.layers.9.attn.proj.weight is skipped since its requires_grad=False
2024/08/22 07:22:04 - mmengine - WARNING - backbone.layers.9.attn.proj.bias is skipped since its requires_grad=False
2024/08/22 07:22:04 - mmengine - WARNING - backbone.layers.9.attn.gamma1.weight is skipped since its requires_grad=False
2024/08/22 07:22:04 - mmengine - WARNING - backbone.layers.9.ln2.weight is skipped since its requires_grad=False
2024/08/22 07:22:04 - mmengine - WARNING - backbone.layers.9.ln2.bias is skipped since its requires_grad=False
2024/08/22 07:22:04 - mmengine - WARNING - backbone.layers.9.ffn.layers.0.0.weight is skipped since its requires_grad=False
2024/08/22 07:22:04 - mmengine - WARNING - backbone.layers.9.ffn.layers.0.0.bias is skipped since its requires_grad=False
2024/08/22 07:22:04 - mmengine - WARNING - backbone.layers.9.ffn.layers.1.weight is skipped since its requires_grad=False
2024/08/22 07:22:04 - mmengine - WARNING - backbone.layers.9.ffn.layers.1.bias is skipped since its requires_grad=False
2024/08/22 07:22:04 - mmengine - WARNING - backbone.layers.9.ffn.gamma2.weight is skipped since its requires_grad=False
2024/08/22 07:22:04 - mmengine - WARNING - backbone.layers.10.ln1.weight is skipped since its requires_grad=False
2024/08/22 07:22:04 - mmengine - WARNING - backbone.layers.10.ln1.bias is skipped since its requires_grad=False
2024/08/22 07:22:04 - mmengine - WARNING - backbone.layers.10.attn.qkv.weight is skipped since its requires_grad=False
2024/08/22 07:22:04 - mmengine - WARNING - backbone.layers.10.attn.qkv.bias is skipped since its requires_grad=False
2024/08/22 07:22:04 - mmengine - WARNING - backbone.layers.10.attn.proj.weight is skipped since its requires_grad=False
2024/08/22 07:22:04 - mmengine - WARNING - backbone.layers.10.attn.proj.bias is skipped since its requires_grad=False
2024/08/22 07:22:04 - mmengine - WARNING - backbone.layers.10.attn.gamma1.weight is skipped since its requires_grad=False
2024/08/22 07:22:04 - mmengine - WARNING - backbone.layers.10.ln2.weight is skipped since its requires_grad=False
2024/08/22 07:22:04 - mmengine - WARNING - backbone.layers.10.ln2.bias is skipped since its requires_grad=False
2024/08/22 07:22:04 - mmengine - WARNING - backbone.layers.10.ffn.layers.0.0.weight is skipped since its requires_grad=False
2024/08/22 07:22:04 - mmengine - WARNING - backbone.layers.10.ffn.layers.0.0.bias is skipped since its requires_grad=False
2024/08/22 07:22:04 - mmengine - WARNING - backbone.layers.10.ffn.layers.1.weight is skipped since its requires_grad=False
2024/08/22 07:22:04 - mmengine - WARNING - backbone.layers.10.ffn.layers.1.bias is skipped since its requires_grad=False
2024/08/22 07:22:04 - mmengine - WARNING - backbone.layers.10.ffn.gamma2.weight is skipped since its requires_grad=False
2024/08/22 07:22:04 - mmengine - WARNING - backbone.layers.11.ln1.weight is skipped since its requires_grad=False
2024/08/22 07:22:04 - mmengine - WARNING - backbone.layers.11.ln1.bias is skipped since its requires_grad=False
2024/08/22 07:22:04 - mmengine - WARNING - backbone.layers.11.attn.qkv.weight is skipped since its requires_grad=False
2024/08/22 07:22:04 - mmengine - WARNING - backbone.layers.11.attn.qkv.bias is skipped since its requires_grad=False
2024/08/22 07:22:04 - mmengine - WARNING - backbone.layers.11.attn.proj.weight is skipped since its requires_grad=False
2024/08/22 07:22:04 - mmengine - WARNING - backbone.layers.11.attn.proj.bias is skipped since its requires_grad=False
2024/08/22 07:22:04 - mmengine - WARNING - backbone.layers.11.attn.gamma1.weight is skipped since its requires_grad=False
2024/08/22 07:22:04 - mmengine - WARNING - backbone.layers.11.ln2.weight is skipped since its requires_grad=False
2024/08/22 07:22:04 - mmengine - WARNING - backbone.layers.11.ln2.bias is skipped since its requires_grad=False
2024/08/22 07:22:04 - mmengine - WARNING - backbone.layers.11.ffn.layers.0.0.weight is skipped since its requires_grad=False
2024/08/22 07:22:04 - mmengine - WARNING - backbone.layers.11.ffn.layers.0.0.bias is skipped since its requires_grad=False
2024/08/22 07:22:04 - mmengine - WARNING - backbone.layers.11.ffn.layers.1.weight is skipped since its requires_grad=False
2024/08/22 07:22:04 - mmengine - WARNING - backbone.layers.11.ffn.layers.1.bias is skipped since its requires_grad=False
2024/08/22 07:22:04 - mmengine - WARNING - backbone.layers.11.ffn.gamma2.weight is skipped since its requires_grad=False
2024/08/22 07:22:04 - mmengine - WARNING - backbone.ln1.weight is skipped since its requires_grad=False
2024/08/22 07:22:04 - mmengine - WARNING - backbone.ln1.bias is skipped since its requires_grad=False
2024/08/22 07:22:05 - mmengine - INFO - load backbone in model from: https://download.openmmlab.com/mmpretrain/v1.0/dinov2/vit-small-p14_dinov2-pre_3rdparty_20230426-5641ca5a.pth
2024/08/22 07:22:05 - mmengine - WARNING - The model and loaded state dict do not match exactly

unexpected key in source state_dict: mask_token

Name of parameter - Initialization information

backbone.cls_token - torch.Size([1, 1, 384]): 
PretrainedInit: load from https://download.openmmlab.com/mmpretrain/v1.0/dinov2/vit-small-p14_dinov2-pre_3rdparty_20230426-5641ca5a.pth 

backbone.pos_embed - torch.Size([1, 1370, 384]): 
PretrainedInit: load from https://download.openmmlab.com/mmpretrain/v1.0/dinov2/vit-small-p14_dinov2-pre_3rdparty_20230426-5641ca5a.pth 

backbone.patch_embed.projection.weight - torch.Size([384, 3, 14, 14]): 
PretrainedInit: load from https://download.openmmlab.com/mmpretrain/v1.0/dinov2/vit-small-p14_dinov2-pre_3rdparty_20230426-5641ca5a.pth 

backbone.patch_embed.projection.bias - torch.Size([384]): 
PretrainedInit: load from https://download.openmmlab.com/mmpretrain/v1.0/dinov2/vit-small-p14_dinov2-pre_3rdparty_20230426-5641ca5a.pth 

backbone.layers.0.ln1.weight - torch.Size([384]): 
PretrainedInit: load from https://download.openmmlab.com/mmpretrain/v1.0/dinov2/vit-small-p14_dinov2-pre_3rdparty_20230426-5641ca5a.pth 

backbone.layers.0.ln1.bias - torch.Size([384]): 
PretrainedInit: load from https://download.openmmlab.com/mmpretrain/v1.0/dinov2/vit-small-p14_dinov2-pre_3rdparty_20230426-5641ca5a.pth 

backbone.layers.0.attn.qkv.weight - torch.Size([1152, 384]): 
PretrainedInit: load from https://download.openmmlab.com/mmpretrain/v1.0/dinov2/vit-small-p14_dinov2-pre_3rdparty_20230426-5641ca5a.pth 

backbone.layers.0.attn.qkv.bias - torch.Size([1152]): 
PretrainedInit: load from https://download.openmmlab.com/mmpretrain/v1.0/dinov2/vit-small-p14_dinov2-pre_3rdparty_20230426-5641ca5a.pth 

backbone.layers.0.attn.proj.weight - torch.Size([384, 384]): 
PretrainedInit: load from https://download.openmmlab.com/mmpretrain/v1.0/dinov2/vit-small-p14_dinov2-pre_3rdparty_20230426-5641ca5a.pth 

backbone.layers.0.attn.proj.bias - torch.Size([384]): 
PretrainedInit: load from https://download.openmmlab.com/mmpretrain/v1.0/dinov2/vit-small-p14_dinov2-pre_3rdparty_20230426-5641ca5a.pth 

backbone.layers.0.attn.gamma1.weight - torch.Size([384]): 
PretrainedInit: load from https://download.openmmlab.com/mmpretrain/v1.0/dinov2/vit-small-p14_dinov2-pre_3rdparty_20230426-5641ca5a.pth 

backbone.layers.0.ln2.weight - torch.Size([384]): 
PretrainedInit: load from https://download.openmmlab.com/mmpretrain/v1.0/dinov2/vit-small-p14_dinov2-pre_3rdparty_20230426-5641ca5a.pth 

backbone.layers.0.ln2.bias - torch.Size([384]): 
PretrainedInit: load from https://download.openmmlab.com/mmpretrain/v1.0/dinov2/vit-small-p14_dinov2-pre_3rdparty_20230426-5641ca5a.pth 

backbone.layers.0.ffn.layers.0.0.weight - torch.Size([1536, 384]): 
PretrainedInit: load from https://download.openmmlab.com/mmpretrain/v1.0/dinov2/vit-small-p14_dinov2-pre_3rdparty_20230426-5641ca5a.pth 

backbone.layers.0.ffn.layers.0.0.bias - torch.Size([1536]): 
PretrainedInit: load from https://download.openmmlab.com/mmpretrain/v1.0/dinov2/vit-small-p14_dinov2-pre_3rdparty_20230426-5641ca5a.pth 

backbone.layers.0.ffn.layers.1.weight - torch.Size([384, 1536]): 
PretrainedInit: load from https://download.openmmlab.com/mmpretrain/v1.0/dinov2/vit-small-p14_dinov2-pre_3rdparty_20230426-5641ca5a.pth 

backbone.layers.0.ffn.layers.1.bias - torch.Size([384]): 
PretrainedInit: load from https://download.openmmlab.com/mmpretrain/v1.0/dinov2/vit-small-p14_dinov2-pre_3rdparty_20230426-5641ca5a.pth 

backbone.layers.0.ffn.gamma2.weight - torch.Size([384]): 
PretrainedInit: load from https://download.openmmlab.com/mmpretrain/v1.0/dinov2/vit-small-p14_dinov2-pre_3rdparty_20230426-5641ca5a.pth 

backbone.layers.1.ln1.weight - torch.Size([384]): 
PretrainedInit: load from https://download.openmmlab.com/mmpretrain/v1.0/dinov2/vit-small-p14_dinov2-pre_3rdparty_20230426-5641ca5a.pth 

backbone.layers.1.ln1.bias - torch.Size([384]): 
PretrainedInit: load from https://download.openmmlab.com/mmpretrain/v1.0/dinov2/vit-small-p14_dinov2-pre_3rdparty_20230426-5641ca5a.pth 

backbone.layers.1.attn.qkv.weight - torch.Size([1152, 384]): 
PretrainedInit: load from https://download.openmmlab.com/mmpretrain/v1.0/dinov2/vit-small-p14_dinov2-pre_3rdparty_20230426-5641ca5a.pth 

backbone.layers.1.attn.qkv.bias - torch.Size([1152]): 
PretrainedInit: load from https://download.openmmlab.com/mmpretrain/v1.0/dinov2/vit-small-p14_dinov2-pre_3rdparty_20230426-5641ca5a.pth 

backbone.layers.1.attn.proj.weight - torch.Size([384, 384]): 
PretrainedInit: load from https://download.openmmlab.com/mmpretrain/v1.0/dinov2/vit-small-p14_dinov2-pre_3rdparty_20230426-5641ca5a.pth 

backbone.layers.1.attn.proj.bias - torch.Size([384]): 
PretrainedInit: load from https://download.openmmlab.com/mmpretrain/v1.0/dinov2/vit-small-p14_dinov2-pre_3rdparty_20230426-5641ca5a.pth 

backbone.layers.1.attn.gamma1.weight - torch.Size([384]): 
PretrainedInit: load from https://download.openmmlab.com/mmpretrain/v1.0/dinov2/vit-small-p14_dinov2-pre_3rdparty_20230426-5641ca5a.pth 

backbone.layers.1.ln2.weight - torch.Size([384]): 
PretrainedInit: load from https://download.openmmlab.com/mmpretrain/v1.0/dinov2/vit-small-p14_dinov2-pre_3rdparty_20230426-5641ca5a.pth 

backbone.layers.1.ln2.bias - torch.Size([384]): 
PretrainedInit: load from https://download.openmmlab.com/mmpretrain/v1.0/dinov2/vit-small-p14_dinov2-pre_3rdparty_20230426-5641ca5a.pth 

backbone.layers.1.ffn.layers.0.0.weight - torch.Size([1536, 384]): 
PretrainedInit: load from https://download.openmmlab.com/mmpretrain/v1.0/dinov2/vit-small-p14_dinov2-pre_3rdparty_20230426-5641ca5a.pth 

backbone.layers.1.ffn.layers.0.0.bias - torch.Size([1536]): 
PretrainedInit: load from https://download.openmmlab.com/mmpretrain/v1.0/dinov2/vit-small-p14_dinov2-pre_3rdparty_20230426-5641ca5a.pth 

backbone.layers.1.ffn.layers.1.weight - torch.Size([384, 1536]): 
PretrainedInit: load from https://download.openmmlab.com/mmpretrain/v1.0/dinov2/vit-small-p14_dinov2-pre_3rdparty_20230426-5641ca5a.pth 

backbone.layers.1.ffn.layers.1.bias - torch.Size([384]): 
PretrainedInit: load from https://download.openmmlab.com/mmpretrain/v1.0/dinov2/vit-small-p14_dinov2-pre_3rdparty_20230426-5641ca5a.pth 

backbone.layers.1.ffn.gamma2.weight - torch.Size([384]): 
PretrainedInit: load from https://download.openmmlab.com/mmpretrain/v1.0/dinov2/vit-small-p14_dinov2-pre_3rdparty_20230426-5641ca5a.pth 

backbone.layers.2.ln1.weight - torch.Size([384]): 
PretrainedInit: load from https://download.openmmlab.com/mmpretrain/v1.0/dinov2/vit-small-p14_dinov2-pre_3rdparty_20230426-5641ca5a.pth 

backbone.layers.2.ln1.bias - torch.Size([384]): 
PretrainedInit: load from https://download.openmmlab.com/mmpretrain/v1.0/dinov2/vit-small-p14_dinov2-pre_3rdparty_20230426-5641ca5a.pth 

backbone.layers.2.attn.qkv.weight - torch.Size([1152, 384]): 
PretrainedInit: load from https://download.openmmlab.com/mmpretrain/v1.0/dinov2/vit-small-p14_dinov2-pre_3rdparty_20230426-5641ca5a.pth 

backbone.layers.2.attn.qkv.bias - torch.Size([1152]): 
PretrainedInit: load from https://download.openmmlab.com/mmpretrain/v1.0/dinov2/vit-small-p14_dinov2-pre_3rdparty_20230426-5641ca5a.pth 

backbone.layers.2.attn.proj.weight - torch.Size([384, 384]): 
PretrainedInit: load from https://download.openmmlab.com/mmpretrain/v1.0/dinov2/vit-small-p14_dinov2-pre_3rdparty_20230426-5641ca5a.pth 

backbone.layers.2.attn.proj.bias - torch.Size([384]): 
PretrainedInit: load from https://download.openmmlab.com/mmpretrain/v1.0/dinov2/vit-small-p14_dinov2-pre_3rdparty_20230426-5641ca5a.pth 

backbone.layers.2.attn.gamma1.weight - torch.Size([384]): 
PretrainedInit: load from https://download.openmmlab.com/mmpretrain/v1.0/dinov2/vit-small-p14_dinov2-pre_3rdparty_20230426-5641ca5a.pth 

backbone.layers.2.ln2.weight - torch.Size([384]): 
PretrainedInit: load from https://download.openmmlab.com/mmpretrain/v1.0/dinov2/vit-small-p14_dinov2-pre_3rdparty_20230426-5641ca5a.pth 

backbone.layers.2.ln2.bias - torch.Size([384]): 
PretrainedInit: load from https://download.openmmlab.com/mmpretrain/v1.0/dinov2/vit-small-p14_dinov2-pre_3rdparty_20230426-5641ca5a.pth 

backbone.layers.2.ffn.layers.0.0.weight - torch.Size([1536, 384]): 
PretrainedInit: load from https://download.openmmlab.com/mmpretrain/v1.0/dinov2/vit-small-p14_dinov2-pre_3rdparty_20230426-5641ca5a.pth 

backbone.layers.2.ffn.layers.0.0.bias - torch.Size([1536]): 
PretrainedInit: load from https://download.openmmlab.com/mmpretrain/v1.0/dinov2/vit-small-p14_dinov2-pre_3rdparty_20230426-5641ca5a.pth 

backbone.layers.2.ffn.layers.1.weight - torch.Size([384, 1536]): 
PretrainedInit: load from https://download.openmmlab.com/mmpretrain/v1.0/dinov2/vit-small-p14_dinov2-pre_3rdparty_20230426-5641ca5a.pth 

backbone.layers.2.ffn.layers.1.bias - torch.Size([384]): 
PretrainedInit: load from https://download.openmmlab.com/mmpretrain/v1.0/dinov2/vit-small-p14_dinov2-pre_3rdparty_20230426-5641ca5a.pth 

backbone.layers.2.ffn.gamma2.weight - torch.Size([384]): 
PretrainedInit: load from https://download.openmmlab.com/mmpretrain/v1.0/dinov2/vit-small-p14_dinov2-pre_3rdparty_20230426-5641ca5a.pth 

backbone.layers.3.ln1.weight - torch.Size([384]): 
PretrainedInit: load from https://download.openmmlab.com/mmpretrain/v1.0/dinov2/vit-small-p14_dinov2-pre_3rdparty_20230426-5641ca5a.pth 

backbone.layers.3.ln1.bias - torch.Size([384]): 
PretrainedInit: load from https://download.openmmlab.com/mmpretrain/v1.0/dinov2/vit-small-p14_dinov2-pre_3rdparty_20230426-5641ca5a.pth 

backbone.layers.3.attn.qkv.weight - torch.Size([1152, 384]): 
PretrainedInit: load from https://download.openmmlab.com/mmpretrain/v1.0/dinov2/vit-small-p14_dinov2-pre_3rdparty_20230426-5641ca5a.pth 

backbone.layers.3.attn.qkv.bias - torch.Size([1152]): 
PretrainedInit: load from https://download.openmmlab.com/mmpretrain/v1.0/dinov2/vit-small-p14_dinov2-pre_3rdparty_20230426-5641ca5a.pth 

backbone.layers.3.attn.proj.weight - torch.Size([384, 384]): 
PretrainedInit: load from https://download.openmmlab.com/mmpretrain/v1.0/dinov2/vit-small-p14_dinov2-pre_3rdparty_20230426-5641ca5a.pth 

backbone.layers.3.attn.proj.bias - torch.Size([384]): 
PretrainedInit: load from https://download.openmmlab.com/mmpretrain/v1.0/dinov2/vit-small-p14_dinov2-pre_3rdparty_20230426-5641ca5a.pth 

backbone.layers.3.attn.gamma1.weight - torch.Size([384]): 
PretrainedInit: load from https://download.openmmlab.com/mmpretrain/v1.0/dinov2/vit-small-p14_dinov2-pre_3rdparty_20230426-5641ca5a.pth 

backbone.layers.3.ln2.weight - torch.Size([384]): 
PretrainedInit: load from https://download.openmmlab.com/mmpretrain/v1.0/dinov2/vit-small-p14_dinov2-pre_3rdparty_20230426-5641ca5a.pth 

backbone.layers.3.ln2.bias - torch.Size([384]): 
PretrainedInit: load from https://download.openmmlab.com/mmpretrain/v1.0/dinov2/vit-small-p14_dinov2-pre_3rdparty_20230426-5641ca5a.pth 

backbone.layers.3.ffn.layers.0.0.weight - torch.Size([1536, 384]): 
PretrainedInit: load from https://download.openmmlab.com/mmpretrain/v1.0/dinov2/vit-small-p14_dinov2-pre_3rdparty_20230426-5641ca5a.pth 

backbone.layers.3.ffn.layers.0.0.bias - torch.Size([1536]): 
PretrainedInit: load from https://download.openmmlab.com/mmpretrain/v1.0/dinov2/vit-small-p14_dinov2-pre_3rdparty_20230426-5641ca5a.pth 

backbone.layers.3.ffn.layers.1.weight - torch.Size([384, 1536]): 
PretrainedInit: load from https://download.openmmlab.com/mmpretrain/v1.0/dinov2/vit-small-p14_dinov2-pre_3rdparty_20230426-5641ca5a.pth 

backbone.layers.3.ffn.layers.1.bias - torch.Size([384]): 
PretrainedInit: load from https://download.openmmlab.com/mmpretrain/v1.0/dinov2/vit-small-p14_dinov2-pre_3rdparty_20230426-5641ca5a.pth 

backbone.layers.3.ffn.gamma2.weight - torch.Size([384]): 
PretrainedInit: load from https://download.openmmlab.com/mmpretrain/v1.0/dinov2/vit-small-p14_dinov2-pre_3rdparty_20230426-5641ca5a.pth 

backbone.layers.4.ln1.weight - torch.Size([384]): 
PretrainedInit: load from https://download.openmmlab.com/mmpretrain/v1.0/dinov2/vit-small-p14_dinov2-pre_3rdparty_20230426-5641ca5a.pth 

backbone.layers.4.ln1.bias - torch.Size([384]): 
PretrainedInit: load from https://download.openmmlab.com/mmpretrain/v1.0/dinov2/vit-small-p14_dinov2-pre_3rdparty_20230426-5641ca5a.pth 

backbone.layers.4.attn.qkv.weight - torch.Size([1152, 384]): 
PretrainedInit: load from https://download.openmmlab.com/mmpretrain/v1.0/dinov2/vit-small-p14_dinov2-pre_3rdparty_20230426-5641ca5a.pth 

backbone.layers.4.attn.qkv.bias - torch.Size([1152]): 
PretrainedInit: load from https://download.openmmlab.com/mmpretrain/v1.0/dinov2/vit-small-p14_dinov2-pre_3rdparty_20230426-5641ca5a.pth 

backbone.layers.4.attn.proj.weight - torch.Size([384, 384]): 
PretrainedInit: load from https://download.openmmlab.com/mmpretrain/v1.0/dinov2/vit-small-p14_dinov2-pre_3rdparty_20230426-5641ca5a.pth 

backbone.layers.4.attn.proj.bias - torch.Size([384]): 
PretrainedInit: load from https://download.openmmlab.com/mmpretrain/v1.0/dinov2/vit-small-p14_dinov2-pre_3rdparty_20230426-5641ca5a.pth 

backbone.layers.4.attn.gamma1.weight - torch.Size([384]): 
PretrainedInit: load from https://download.openmmlab.com/mmpretrain/v1.0/dinov2/vit-small-p14_dinov2-pre_3rdparty_20230426-5641ca5a.pth 

backbone.layers.4.ln2.weight - torch.Size([384]): 
PretrainedInit: load from https://download.openmmlab.com/mmpretrain/v1.0/dinov2/vit-small-p14_dinov2-pre_3rdparty_20230426-5641ca5a.pth 

backbone.layers.4.ln2.bias - torch.Size([384]): 
PretrainedInit: load from https://download.openmmlab.com/mmpretrain/v1.0/dinov2/vit-small-p14_dinov2-pre_3rdparty_20230426-5641ca5a.pth 

backbone.layers.4.ffn.layers.0.0.weight - torch.Size([1536, 384]): 
PretrainedInit: load from https://download.openmmlab.com/mmpretrain/v1.0/dinov2/vit-small-p14_dinov2-pre_3rdparty_20230426-5641ca5a.pth 

backbone.layers.4.ffn.layers.0.0.bias - torch.Size([1536]): 
PretrainedInit: load from https://download.openmmlab.com/mmpretrain/v1.0/dinov2/vit-small-p14_dinov2-pre_3rdparty_20230426-5641ca5a.pth 

backbone.layers.4.ffn.layers.1.weight - torch.Size([384, 1536]): 
PretrainedInit: load from https://download.openmmlab.com/mmpretrain/v1.0/dinov2/vit-small-p14_dinov2-pre_3rdparty_20230426-5641ca5a.pth 

backbone.layers.4.ffn.layers.1.bias - torch.Size([384]): 
PretrainedInit: load from https://download.openmmlab.com/mmpretrain/v1.0/dinov2/vit-small-p14_dinov2-pre_3rdparty_20230426-5641ca5a.pth 

backbone.layers.4.ffn.gamma2.weight - torch.Size([384]): 
PretrainedInit: load from https://download.openmmlab.com/mmpretrain/v1.0/dinov2/vit-small-p14_dinov2-pre_3rdparty_20230426-5641ca5a.pth 

backbone.layers.5.ln1.weight - torch.Size([384]): 
PretrainedInit: load from https://download.openmmlab.com/mmpretrain/v1.0/dinov2/vit-small-p14_dinov2-pre_3rdparty_20230426-5641ca5a.pth 

backbone.layers.5.ln1.bias - torch.Size([384]): 
PretrainedInit: load from https://download.openmmlab.com/mmpretrain/v1.0/dinov2/vit-small-p14_dinov2-pre_3rdparty_20230426-5641ca5a.pth 

backbone.layers.5.attn.qkv.weight - torch.Size([1152, 384]): 
PretrainedInit: load from https://download.openmmlab.com/mmpretrain/v1.0/dinov2/vit-small-p14_dinov2-pre_3rdparty_20230426-5641ca5a.pth 

backbone.layers.5.attn.qkv.bias - torch.Size([1152]): 
PretrainedInit: load from https://download.openmmlab.com/mmpretrain/v1.0/dinov2/vit-small-p14_dinov2-pre_3rdparty_20230426-5641ca5a.pth 

backbone.layers.5.attn.proj.weight - torch.Size([384, 384]): 
PretrainedInit: load from https://download.openmmlab.com/mmpretrain/v1.0/dinov2/vit-small-p14_dinov2-pre_3rdparty_20230426-5641ca5a.pth 

backbone.layers.5.attn.proj.bias - torch.Size([384]): 
PretrainedInit: load from https://download.openmmlab.com/mmpretrain/v1.0/dinov2/vit-small-p14_dinov2-pre_3rdparty_20230426-5641ca5a.pth 

backbone.layers.5.attn.gamma1.weight - torch.Size([384]): 
PretrainedInit: load from https://download.openmmlab.com/mmpretrain/v1.0/dinov2/vit-small-p14_dinov2-pre_3rdparty_20230426-5641ca5a.pth 

backbone.layers.5.ln2.weight - torch.Size([384]): 
PretrainedInit: load from https://download.openmmlab.com/mmpretrain/v1.0/dinov2/vit-small-p14_dinov2-pre_3rdparty_20230426-5641ca5a.pth 

backbone.layers.5.ln2.bias - torch.Size([384]): 
PretrainedInit: load from https://download.openmmlab.com/mmpretrain/v1.0/dinov2/vit-small-p14_dinov2-pre_3rdparty_20230426-5641ca5a.pth 

backbone.layers.5.ffn.layers.0.0.weight - torch.Size([1536, 384]): 
PretrainedInit: load from https://download.openmmlab.com/mmpretrain/v1.0/dinov2/vit-small-p14_dinov2-pre_3rdparty_20230426-5641ca5a.pth 

backbone.layers.5.ffn.layers.0.0.bias - torch.Size([1536]): 
PretrainedInit: load from https://download.openmmlab.com/mmpretrain/v1.0/dinov2/vit-small-p14_dinov2-pre_3rdparty_20230426-5641ca5a.pth 

backbone.layers.5.ffn.layers.1.weight - torch.Size([384, 1536]): 
PretrainedInit: load from https://download.openmmlab.com/mmpretrain/v1.0/dinov2/vit-small-p14_dinov2-pre_3rdparty_20230426-5641ca5a.pth 

backbone.layers.5.ffn.layers.1.bias - torch.Size([384]): 
PretrainedInit: load from https://download.openmmlab.com/mmpretrain/v1.0/dinov2/vit-small-p14_dinov2-pre_3rdparty_20230426-5641ca5a.pth 

backbone.layers.5.ffn.gamma2.weight - torch.Size([384]): 
PretrainedInit: load from https://download.openmmlab.com/mmpretrain/v1.0/dinov2/vit-small-p14_dinov2-pre_3rdparty_20230426-5641ca5a.pth 

backbone.layers.6.ln1.weight - torch.Size([384]): 
PretrainedInit: load from https://download.openmmlab.com/mmpretrain/v1.0/dinov2/vit-small-p14_dinov2-pre_3rdparty_20230426-5641ca5a.pth 

backbone.layers.6.ln1.bias - torch.Size([384]): 
PretrainedInit: load from https://download.openmmlab.com/mmpretrain/v1.0/dinov2/vit-small-p14_dinov2-pre_3rdparty_20230426-5641ca5a.pth 

backbone.layers.6.attn.qkv.weight - torch.Size([1152, 384]): 
PretrainedInit: load from https://download.openmmlab.com/mmpretrain/v1.0/dinov2/vit-small-p14_dinov2-pre_3rdparty_20230426-5641ca5a.pth 

backbone.layers.6.attn.qkv.bias - torch.Size([1152]): 
PretrainedInit: load from https://download.openmmlab.com/mmpretrain/v1.0/dinov2/vit-small-p14_dinov2-pre_3rdparty_20230426-5641ca5a.pth 

backbone.layers.6.attn.proj.weight - torch.Size([384, 384]): 
PretrainedInit: load from https://download.openmmlab.com/mmpretrain/v1.0/dinov2/vit-small-p14_dinov2-pre_3rdparty_20230426-5641ca5a.pth 

backbone.layers.6.attn.proj.bias - torch.Size([384]): 
PretrainedInit: load from https://download.openmmlab.com/mmpretrain/v1.0/dinov2/vit-small-p14_dinov2-pre_3rdparty_20230426-5641ca5a.pth 

backbone.layers.6.attn.gamma1.weight - torch.Size([384]): 
PretrainedInit: load from https://download.openmmlab.com/mmpretrain/v1.0/dinov2/vit-small-p14_dinov2-pre_3rdparty_20230426-5641ca5a.pth 

backbone.layers.6.ln2.weight - torch.Size([384]): 
PretrainedInit: load from https://download.openmmlab.com/mmpretrain/v1.0/dinov2/vit-small-p14_dinov2-pre_3rdparty_20230426-5641ca5a.pth 

backbone.layers.6.ln2.bias - torch.Size([384]): 
PretrainedInit: load from https://download.openmmlab.com/mmpretrain/v1.0/dinov2/vit-small-p14_dinov2-pre_3rdparty_20230426-5641ca5a.pth 

backbone.layers.6.ffn.layers.0.0.weight - torch.Size([1536, 384]): 
PretrainedInit: load from https://download.openmmlab.com/mmpretrain/v1.0/dinov2/vit-small-p14_dinov2-pre_3rdparty_20230426-5641ca5a.pth 

backbone.layers.6.ffn.layers.0.0.bias - torch.Size([1536]): 
PretrainedInit: load from https://download.openmmlab.com/mmpretrain/v1.0/dinov2/vit-small-p14_dinov2-pre_3rdparty_20230426-5641ca5a.pth 

backbone.layers.6.ffn.layers.1.weight - torch.Size([384, 1536]): 
PretrainedInit: load from https://download.openmmlab.com/mmpretrain/v1.0/dinov2/vit-small-p14_dinov2-pre_3rdparty_20230426-5641ca5a.pth 

backbone.layers.6.ffn.layers.1.bias - torch.Size([384]): 
PretrainedInit: load from https://download.openmmlab.com/mmpretrain/v1.0/dinov2/vit-small-p14_dinov2-pre_3rdparty_20230426-5641ca5a.pth 

backbone.layers.6.ffn.gamma2.weight - torch.Size([384]): 
PretrainedInit: load from https://download.openmmlab.com/mmpretrain/v1.0/dinov2/vit-small-p14_dinov2-pre_3rdparty_20230426-5641ca5a.pth 

backbone.layers.7.ln1.weight - torch.Size([384]): 
PretrainedInit: load from https://download.openmmlab.com/mmpretrain/v1.0/dinov2/vit-small-p14_dinov2-pre_3rdparty_20230426-5641ca5a.pth 

backbone.layers.7.ln1.bias - torch.Size([384]): 
PretrainedInit: load from https://download.openmmlab.com/mmpretrain/v1.0/dinov2/vit-small-p14_dinov2-pre_3rdparty_20230426-5641ca5a.pth 

backbone.layers.7.attn.qkv.weight - torch.Size([1152, 384]): 
PretrainedInit: load from https://download.openmmlab.com/mmpretrain/v1.0/dinov2/vit-small-p14_dinov2-pre_3rdparty_20230426-5641ca5a.pth 

backbone.layers.7.attn.qkv.bias - torch.Size([1152]): 
PretrainedInit: load from https://download.openmmlab.com/mmpretrain/v1.0/dinov2/vit-small-p14_dinov2-pre_3rdparty_20230426-5641ca5a.pth 

backbone.layers.7.attn.proj.weight - torch.Size([384, 384]): 
PretrainedInit: load from https://download.openmmlab.com/mmpretrain/v1.0/dinov2/vit-small-p14_dinov2-pre_3rdparty_20230426-5641ca5a.pth 

backbone.layers.7.attn.proj.bias - torch.Size([384]): 
PretrainedInit: load from https://download.openmmlab.com/mmpretrain/v1.0/dinov2/vit-small-p14_dinov2-pre_3rdparty_20230426-5641ca5a.pth 

backbone.layers.7.attn.gamma1.weight - torch.Size([384]): 
PretrainedInit: load from https://download.openmmlab.com/mmpretrain/v1.0/dinov2/vit-small-p14_dinov2-pre_3rdparty_20230426-5641ca5a.pth 

backbone.layers.7.ln2.weight - torch.Size([384]): 
PretrainedInit: load from https://download.openmmlab.com/mmpretrain/v1.0/dinov2/vit-small-p14_dinov2-pre_3rdparty_20230426-5641ca5a.pth 

backbone.layers.7.ln2.bias - torch.Size([384]): 
PretrainedInit: load from https://download.openmmlab.com/mmpretrain/v1.0/dinov2/vit-small-p14_dinov2-pre_3rdparty_20230426-5641ca5a.pth 

backbone.layers.7.ffn.layers.0.0.weight - torch.Size([1536, 384]): 
PretrainedInit: load from https://download.openmmlab.com/mmpretrain/v1.0/dinov2/vit-small-p14_dinov2-pre_3rdparty_20230426-5641ca5a.pth 

backbone.layers.7.ffn.layers.0.0.bias - torch.Size([1536]): 
PretrainedInit: load from https://download.openmmlab.com/mmpretrain/v1.0/dinov2/vit-small-p14_dinov2-pre_3rdparty_20230426-5641ca5a.pth 

backbone.layers.7.ffn.layers.1.weight - torch.Size([384, 1536]): 
PretrainedInit: load from https://download.openmmlab.com/mmpretrain/v1.0/dinov2/vit-small-p14_dinov2-pre_3rdparty_20230426-5641ca5a.pth 

backbone.layers.7.ffn.layers.1.bias - torch.Size([384]): 
PretrainedInit: load from https://download.openmmlab.com/mmpretrain/v1.0/dinov2/vit-small-p14_dinov2-pre_3rdparty_20230426-5641ca5a.pth 

backbone.layers.7.ffn.gamma2.weight - torch.Size([384]): 
PretrainedInit: load from https://download.openmmlab.com/mmpretrain/v1.0/dinov2/vit-small-p14_dinov2-pre_3rdparty_20230426-5641ca5a.pth 

backbone.layers.8.ln1.weight - torch.Size([384]): 
PretrainedInit: load from https://download.openmmlab.com/mmpretrain/v1.0/dinov2/vit-small-p14_dinov2-pre_3rdparty_20230426-5641ca5a.pth 

backbone.layers.8.ln1.bias - torch.Size([384]): 
PretrainedInit: load from https://download.openmmlab.com/mmpretrain/v1.0/dinov2/vit-small-p14_dinov2-pre_3rdparty_20230426-5641ca5a.pth 

backbone.layers.8.attn.qkv.weight - torch.Size([1152, 384]): 
PretrainedInit: load from https://download.openmmlab.com/mmpretrain/v1.0/dinov2/vit-small-p14_dinov2-pre_3rdparty_20230426-5641ca5a.pth 

backbone.layers.8.attn.qkv.bias - torch.Size([1152]): 
PretrainedInit: load from https://download.openmmlab.com/mmpretrain/v1.0/dinov2/vit-small-p14_dinov2-pre_3rdparty_20230426-5641ca5a.pth 

backbone.layers.8.attn.proj.weight - torch.Size([384, 384]): 
PretrainedInit: load from https://download.openmmlab.com/mmpretrain/v1.0/dinov2/vit-small-p14_dinov2-pre_3rdparty_20230426-5641ca5a.pth 

backbone.layers.8.attn.proj.bias - torch.Size([384]): 
PretrainedInit: load from https://download.openmmlab.com/mmpretrain/v1.0/dinov2/vit-small-p14_dinov2-pre_3rdparty_20230426-5641ca5a.pth 

backbone.layers.8.attn.gamma1.weight - torch.Size([384]): 
PretrainedInit: load from https://download.openmmlab.com/mmpretrain/v1.0/dinov2/vit-small-p14_dinov2-pre_3rdparty_20230426-5641ca5a.pth 

backbone.layers.8.ln2.weight - torch.Size([384]): 
PretrainedInit: load from https://download.openmmlab.com/mmpretrain/v1.0/dinov2/vit-small-p14_dinov2-pre_3rdparty_20230426-5641ca5a.pth 

backbone.layers.8.ln2.bias - torch.Size([384]): 
PretrainedInit: load from https://download.openmmlab.com/mmpretrain/v1.0/dinov2/vit-small-p14_dinov2-pre_3rdparty_20230426-5641ca5a.pth 

backbone.layers.8.ffn.layers.0.0.weight - torch.Size([1536, 384]): 
PretrainedInit: load from https://download.openmmlab.com/mmpretrain/v1.0/dinov2/vit-small-p14_dinov2-pre_3rdparty_20230426-5641ca5a.pth 

backbone.layers.8.ffn.layers.0.0.bias - torch.Size([1536]): 
PretrainedInit: load from https://download.openmmlab.com/mmpretrain/v1.0/dinov2/vit-small-p14_dinov2-pre_3rdparty_20230426-5641ca5a.pth 

backbone.layers.8.ffn.layers.1.weight - torch.Size([384, 1536]): 
PretrainedInit: load from https://download.openmmlab.com/mmpretrain/v1.0/dinov2/vit-small-p14_dinov2-pre_3rdparty_20230426-5641ca5a.pth 

backbone.layers.8.ffn.layers.1.bias - torch.Size([384]): 
PretrainedInit: load from https://download.openmmlab.com/mmpretrain/v1.0/dinov2/vit-small-p14_dinov2-pre_3rdparty_20230426-5641ca5a.pth 

backbone.layers.8.ffn.gamma2.weight - torch.Size([384]): 
PretrainedInit: load from https://download.openmmlab.com/mmpretrain/v1.0/dinov2/vit-small-p14_dinov2-pre_3rdparty_20230426-5641ca5a.pth 

backbone.layers.9.ln1.weight - torch.Size([384]): 
PretrainedInit: load from https://download.openmmlab.com/mmpretrain/v1.0/dinov2/vit-small-p14_dinov2-pre_3rdparty_20230426-5641ca5a.pth 

backbone.layers.9.ln1.bias - torch.Size([384]): 
PretrainedInit: load from https://download.openmmlab.com/mmpretrain/v1.0/dinov2/vit-small-p14_dinov2-pre_3rdparty_20230426-5641ca5a.pth 

backbone.layers.9.attn.qkv.weight - torch.Size([1152, 384]): 
PretrainedInit: load from https://download.openmmlab.com/mmpretrain/v1.0/dinov2/vit-small-p14_dinov2-pre_3rdparty_20230426-5641ca5a.pth 

backbone.layers.9.attn.qkv.bias - torch.Size([1152]): 
PretrainedInit: load from https://download.openmmlab.com/mmpretrain/v1.0/dinov2/vit-small-p14_dinov2-pre_3rdparty_20230426-5641ca5a.pth 

backbone.layers.9.attn.proj.weight - torch.Size([384, 384]): 
PretrainedInit: load from https://download.openmmlab.com/mmpretrain/v1.0/dinov2/vit-small-p14_dinov2-pre_3rdparty_20230426-5641ca5a.pth 

backbone.layers.9.attn.proj.bias - torch.Size([384]): 
PretrainedInit: load from https://download.openmmlab.com/mmpretrain/v1.0/dinov2/vit-small-p14_dinov2-pre_3rdparty_20230426-5641ca5a.pth 

backbone.layers.9.attn.gamma1.weight - torch.Size([384]): 
PretrainedInit: load from https://download.openmmlab.com/mmpretrain/v1.0/dinov2/vit-small-p14_dinov2-pre_3rdparty_20230426-5641ca5a.pth 

backbone.layers.9.ln2.weight - torch.Size([384]): 
PretrainedInit: load from https://download.openmmlab.com/mmpretrain/v1.0/dinov2/vit-small-p14_dinov2-pre_3rdparty_20230426-5641ca5a.pth 

backbone.layers.9.ln2.bias - torch.Size([384]): 
PretrainedInit: load from https://download.openmmlab.com/mmpretrain/v1.0/dinov2/vit-small-p14_dinov2-pre_3rdparty_20230426-5641ca5a.pth 

backbone.layers.9.ffn.layers.0.0.weight - torch.Size([1536, 384]): 
PretrainedInit: load from https://download.openmmlab.com/mmpretrain/v1.0/dinov2/vit-small-p14_dinov2-pre_3rdparty_20230426-5641ca5a.pth 

backbone.layers.9.ffn.layers.0.0.bias - torch.Size([1536]): 
PretrainedInit: load from https://download.openmmlab.com/mmpretrain/v1.0/dinov2/vit-small-p14_dinov2-pre_3rdparty_20230426-5641ca5a.pth 

backbone.layers.9.ffn.layers.1.weight - torch.Size([384, 1536]): 
PretrainedInit: load from https://download.openmmlab.com/mmpretrain/v1.0/dinov2/vit-small-p14_dinov2-pre_3rdparty_20230426-5641ca5a.pth 

backbone.layers.9.ffn.layers.1.bias - torch.Size([384]): 
PretrainedInit: load from https://download.openmmlab.com/mmpretrain/v1.0/dinov2/vit-small-p14_dinov2-pre_3rdparty_20230426-5641ca5a.pth 

backbone.layers.9.ffn.gamma2.weight - torch.Size([384]): 
PretrainedInit: load from https://download.openmmlab.com/mmpretrain/v1.0/dinov2/vit-small-p14_dinov2-pre_3rdparty_20230426-5641ca5a.pth 

backbone.layers.10.ln1.weight - torch.Size([384]): 
PretrainedInit: load from https://download.openmmlab.com/mmpretrain/v1.0/dinov2/vit-small-p14_dinov2-pre_3rdparty_20230426-5641ca5a.pth 

backbone.layers.10.ln1.bias - torch.Size([384]): 
PretrainedInit: load from https://download.openmmlab.com/mmpretrain/v1.0/dinov2/vit-small-p14_dinov2-pre_3rdparty_20230426-5641ca5a.pth 

backbone.layers.10.attn.qkv.weight - torch.Size([1152, 384]): 
PretrainedInit: load from https://download.openmmlab.com/mmpretrain/v1.0/dinov2/vit-small-p14_dinov2-pre_3rdparty_20230426-5641ca5a.pth 

backbone.layers.10.attn.qkv.bias - torch.Size([1152]): 
PretrainedInit: load from https://download.openmmlab.com/mmpretrain/v1.0/dinov2/vit-small-p14_dinov2-pre_3rdparty_20230426-5641ca5a.pth 

backbone.layers.10.attn.proj.weight - torch.Size([384, 384]): 
PretrainedInit: load from https://download.openmmlab.com/mmpretrain/v1.0/dinov2/vit-small-p14_dinov2-pre_3rdparty_20230426-5641ca5a.pth 

backbone.layers.10.attn.proj.bias - torch.Size([384]): 
PretrainedInit: load from https://download.openmmlab.com/mmpretrain/v1.0/dinov2/vit-small-p14_dinov2-pre_3rdparty_20230426-5641ca5a.pth 

backbone.layers.10.attn.gamma1.weight - torch.Size([384]): 
PretrainedInit: load from https://download.openmmlab.com/mmpretrain/v1.0/dinov2/vit-small-p14_dinov2-pre_3rdparty_20230426-5641ca5a.pth 

backbone.layers.10.ln2.weight - torch.Size([384]): 
PretrainedInit: load from https://download.openmmlab.com/mmpretrain/v1.0/dinov2/vit-small-p14_dinov2-pre_3rdparty_20230426-5641ca5a.pth 

backbone.layers.10.ln2.bias - torch.Size([384]): 
PretrainedInit: load from https://download.openmmlab.com/mmpretrain/v1.0/dinov2/vit-small-p14_dinov2-pre_3rdparty_20230426-5641ca5a.pth 

backbone.layers.10.ffn.layers.0.0.weight - torch.Size([1536, 384]): 
PretrainedInit: load from https://download.openmmlab.com/mmpretrain/v1.0/dinov2/vit-small-p14_dinov2-pre_3rdparty_20230426-5641ca5a.pth 

backbone.layers.10.ffn.layers.0.0.bias - torch.Size([1536]): 
PretrainedInit: load from https://download.openmmlab.com/mmpretrain/v1.0/dinov2/vit-small-p14_dinov2-pre_3rdparty_20230426-5641ca5a.pth 

backbone.layers.10.ffn.layers.1.weight - torch.Size([384, 1536]): 
PretrainedInit: load from https://download.openmmlab.com/mmpretrain/v1.0/dinov2/vit-small-p14_dinov2-pre_3rdparty_20230426-5641ca5a.pth 

backbone.layers.10.ffn.layers.1.bias - torch.Size([384]): 
PretrainedInit: load from https://download.openmmlab.com/mmpretrain/v1.0/dinov2/vit-small-p14_dinov2-pre_3rdparty_20230426-5641ca5a.pth 

backbone.layers.10.ffn.gamma2.weight - torch.Size([384]): 
PretrainedInit: load from https://download.openmmlab.com/mmpretrain/v1.0/dinov2/vit-small-p14_dinov2-pre_3rdparty_20230426-5641ca5a.pth 

backbone.layers.11.ln1.weight - torch.Size([384]): 
PretrainedInit: load from https://download.openmmlab.com/mmpretrain/v1.0/dinov2/vit-small-p14_dinov2-pre_3rdparty_20230426-5641ca5a.pth 

backbone.layers.11.ln1.bias - torch.Size([384]): 
PretrainedInit: load from https://download.openmmlab.com/mmpretrain/v1.0/dinov2/vit-small-p14_dinov2-pre_3rdparty_20230426-5641ca5a.pth 

backbone.layers.11.attn.qkv.weight - torch.Size([1152, 384]): 
PretrainedInit: load from https://download.openmmlab.com/mmpretrain/v1.0/dinov2/vit-small-p14_dinov2-pre_3rdparty_20230426-5641ca5a.pth 

backbone.layers.11.attn.qkv.bias - torch.Size([1152]): 
PretrainedInit: load from https://download.openmmlab.com/mmpretrain/v1.0/dinov2/vit-small-p14_dinov2-pre_3rdparty_20230426-5641ca5a.pth 

backbone.layers.11.attn.proj.weight - torch.Size([384, 384]): 
PretrainedInit: load from https://download.openmmlab.com/mmpretrain/v1.0/dinov2/vit-small-p14_dinov2-pre_3rdparty_20230426-5641ca5a.pth 

backbone.layers.11.attn.proj.bias - torch.Size([384]): 
PretrainedInit: load from https://download.openmmlab.com/mmpretrain/v1.0/dinov2/vit-small-p14_dinov2-pre_3rdparty_20230426-5641ca5a.pth 

backbone.layers.11.attn.gamma1.weight - torch.Size([384]): 
PretrainedInit: load from https://download.openmmlab.com/mmpretrain/v1.0/dinov2/vit-small-p14_dinov2-pre_3rdparty_20230426-5641ca5a.pth 

backbone.layers.11.ln2.weight - torch.Size([384]): 
PretrainedInit: load from https://download.openmmlab.com/mmpretrain/v1.0/dinov2/vit-small-p14_dinov2-pre_3rdparty_20230426-5641ca5a.pth 

backbone.layers.11.ln2.bias - torch.Size([384]): 
PretrainedInit: load from https://download.openmmlab.com/mmpretrain/v1.0/dinov2/vit-small-p14_dinov2-pre_3rdparty_20230426-5641ca5a.pth 

backbone.layers.11.ffn.layers.0.0.weight - torch.Size([1536, 384]): 
PretrainedInit: load from https://download.openmmlab.com/mmpretrain/v1.0/dinov2/vit-small-p14_dinov2-pre_3rdparty_20230426-5641ca5a.pth 

backbone.layers.11.ffn.layers.0.0.bias - torch.Size([1536]): 
PretrainedInit: load from https://download.openmmlab.com/mmpretrain/v1.0/dinov2/vit-small-p14_dinov2-pre_3rdparty_20230426-5641ca5a.pth 

backbone.layers.11.ffn.layers.1.weight - torch.Size([384, 1536]): 
PretrainedInit: load from https://download.openmmlab.com/mmpretrain/v1.0/dinov2/vit-small-p14_dinov2-pre_3rdparty_20230426-5641ca5a.pth 

backbone.layers.11.ffn.layers.1.bias - torch.Size([384]): 
PretrainedInit: load from https://download.openmmlab.com/mmpretrain/v1.0/dinov2/vit-small-p14_dinov2-pre_3rdparty_20230426-5641ca5a.pth 

backbone.layers.11.ffn.gamma2.weight - torch.Size([384]): 
PretrainedInit: load from https://download.openmmlab.com/mmpretrain/v1.0/dinov2/vit-small-p14_dinov2-pre_3rdparty_20230426-5641ca5a.pth 

backbone.ln1.weight - torch.Size([384]): 
PretrainedInit: load from https://download.openmmlab.com/mmpretrain/v1.0/dinov2/vit-small-p14_dinov2-pre_3rdparty_20230426-5641ca5a.pth 

backbone.ln1.bias - torch.Size([384]): 
PretrainedInit: load from https://download.openmmlab.com/mmpretrain/v1.0/dinov2/vit-small-p14_dinov2-pre_3rdparty_20230426-5641ca5a.pth 

head.layers.head.weight - torch.Size([7806, 384]): 
ConstantInit: val=0, bias=0 

head.layers.head.bias - torch.Size([7806]): 
ConstantInit: val=0, bias=0 
2024/08/22 07:22:05 - mmengine - INFO - Auto resumed from the latest checkpoint /root/weed-detection/work_dirs/leafcaw/epoch_8.pth.
2024/08/22 07:22:05 - mmengine - INFO - Load checkpoint from /root/weed-detection/work_dirs/leafcaw/epoch_8.pth
2024/08/22 07:22:05 - mmengine - INFO - resumed epoch: 8, iter: 11808
2024/08/22 07:22:05 - mmengine - WARNING - "FileClient" will be deprecated in future. Please use io functions in https://mmengine.readthedocs.io/en/latest/api/fileio.html#file-io
2024/08/22 07:22:05 - mmengine - WARNING - "HardDiskBackend" is the alias of "LocalBackend" and the former will be deprecated in future.
2024/08/22 07:22:05 - mmengine - INFO - Checkpoints will be saved to /root/weed-detection/work_dirs/leafcaw.
2024/08/22 07:23:54 - mmengine - INFO - Epoch(train)  [9][ 25/185]  base_lr: 6.5451e-05 lr: 6.5451e-05  eta: -1 day, 12:20:15  time: 1.4196  data_time: 0.0032  memory: 35242  loss: 1.3508
2024/08/22 07:24:42 - mmengine - INFO - Epoch(train)  [9][ 50/185]  base_lr: 6.5451e-05 lr: 6.5451e-05  eta: -1 day, 15:35:40  time: 1.4247  data_time: 0.0047  memory: 35242  loss: 1.3278
2024/08/22 07:26:17 - mmengine - INFO - Epoch(train)  [9][ 75/185]  base_lr: 6.5451e-05 lr: 6.5451e-05  eta: -1 day, 14:58:21  time: 1.4173  data_time: 0.0030  memory: 35242  loss: 1.3229
2024/08/22 07:27:47 - mmengine - INFO - Epoch(train)  [9][100/185]  base_lr: 6.5451e-05 lr: 6.5451e-05  eta: -1 day, 14:47:35  time: 1.4264  data_time: 0.0044  memory: 35242  loss: 1.3349
2024/08/22 07:29:12 - mmengine - INFO - Epoch(train)  [9][125/185]  base_lr: 6.5451e-05 lr: 6.5451e-05  eta: -1 day, 14:46:42  time: 1.4537  data_time: 0.0052  memory: 35242  loss: 1.3153
2024/08/22 07:30:34 - mmengine - INFO - Epoch(train)  [9][150/185]  base_lr: 6.5451e-05 lr: 6.5451e-05  eta: -1 day, 14:48:43  time: 6.0877  data_time: 4.6518  memory: 35242  loss: 1.3170
2024/08/22 07:31:52 - mmengine - INFO - Epoch(train)  [9][175/185]  base_lr: 6.5451e-05 lr: 6.5451e-05  eta: -1 day, 14:54:09  time: 5.6218  data_time: 4.2101  memory: 35242  loss: 1.3272
2024/08/22 07:32:05 - mmengine - INFO - Exp name: leafcaw_20240822_072202
2024/08/22 07:32:05 - mmengine - INFO - Saving checkpoint at 9 epochs
2024/08/22 07:34:02 - mmengine - INFO - Epoch(val) [9][10/10]    accuracy/top1: 61.8401  accuracy/top5: 82.2654  single-label/precision: 14.2671  single-label/recall: 12.8763  single-label/f1-score: 12.5856  data_time: 5.7065  time: 10.6806
