2024/06/18 21:58:22 - mmengine - INFO - 
------------------------------------------------------------
System environment:
    sys.platform: linux
    Python: 3.10.12 (main, Nov 20 2023, 15:14:05) [GCC 11.4.0]
    CUDA available: True
    MUSA available: False
    numpy_random_seed: 0
    GPU 0,1: NVIDIA RTX A6000
    CUDA_HOME: /usr/local/cuda
    NVCC: Cuda compilation tools, release 12.3, V12.3.107
    GCC: x86_64-linux-gnu-gcc (Ubuntu 11.4.0-1ubuntu1~22.04) 11.4.0
    PyTorch: 2.3.1+cu121
    PyTorch compiling details: PyTorch built with:
  - GCC 9.3
  - C++ Version: 201703
  - Intel(R) oneAPI Math Kernel Library Version 2022.2-Product Build 20220804 for Intel(R) 64 architecture applications
  - Intel(R) MKL-DNN v3.3.6 (Git Hash 86e6af5974177e513fd3fee58425e1063e7f1361)
  - OpenMP 201511 (a.k.a. OpenMP 4.5)
  - LAPACK is enabled (usually provided by MKL)
  - NNPACK is enabled
  - CPU capability usage: AVX2
  - CUDA Runtime 12.1
  - NVCC architecture flags: -gencode;arch=compute_50,code=sm_50;-gencode;arch=compute_60,code=sm_60;-gencode;arch=compute_70,code=sm_70;-gencode;arch=compute_75,code=sm_75;-gencode;arch=compute_80,code=sm_80;-gencode;arch=compute_86,code=sm_86;-gencode;arch=compute_90,code=sm_90
  - CuDNN 8.9.2
  - Magma 2.6.1
  - Build settings: BLAS_INFO=mkl, BUILD_TYPE=Release, CUDA_VERSION=12.1, CUDNN_VERSION=8.9.2, CXX_COMPILER=/opt/rh/devtoolset-9/root/usr/bin/c++, CXX_FLAGS= -D_GLIBCXX_USE_CXX11_ABI=0 -fabi-version=11 -fvisibility-inlines-hidden -DUSE_PTHREADPOOL -DNDEBUG -DUSE_KINETO -DLIBKINETO_NOROCTRACER -DUSE_FBGEMM -DUSE_QNNPACK -DUSE_PYTORCH_QNNPACK -DUSE_XNNPACK -DSYMBOLICATE_MOBILE_DEBUG_HANDLE -O2 -fPIC -Wall -Wextra -Werror=return-type -Werror=non-virtual-dtor -Werror=bool-operation -Wnarrowing -Wno-missing-field-initializers -Wno-type-limits -Wno-array-bounds -Wno-unknown-pragmas -Wno-unused-parameter -Wno-unused-function -Wno-unused-result -Wno-strict-overflow -Wno-strict-aliasing -Wno-stringop-overflow -Wsuggest-override -Wno-psabi -Wno-error=pedantic -Wno-error=old-style-cast -Wno-missing-braces -fdiagnostics-color=always -faligned-new -Wno-unused-but-set-variable -Wno-maybe-uninitialized -fno-math-errno -fno-trapping-math -Werror=format -Wno-stringop-overflow, LAPACK_INFO=mkl, PERF_WITH_AVX=1, PERF_WITH_AVX2=1, PERF_WITH_AVX512=1, TORCH_VERSION=2.3.1, USE_CUDA=ON, USE_CUDNN=ON, USE_CUSPARSELT=1, USE_EXCEPTION_PTR=1, USE_GFLAGS=OFF, USE_GLOG=OFF, USE_GLOO=ON, USE_MKL=ON, USE_MKLDNN=ON, USE_MPI=OFF, USE_NCCL=1, USE_NNPACK=ON, USE_OPENMP=ON, USE_ROCM=OFF, USE_ROCM_KERNEL_ASSERT=OFF, 

    TorchVision: 0.18.1+cu121
    OpenCV: 4.10.0
    MMEngine: 0.10.4

Runtime environment:
    cudnn_benchmark: False
    mp_cfg: {'mp_start_method': 'fork', 'opencv_num_threads': 0}
    dist_cfg: {'backend': 'nccl'}
    seed: 0
    deterministic: True
    Distributed launcher: pytorch
    Distributed training: True
    GPU number: 2
------------------------------------------------------------

2024/06/18 21:58:22 - mmengine - INFO - Config:
auto_scale_lr = dict(base_batch_size=1024)
data_dir = '/mnt/data'
data_preprocessor = dict(
    mean=[
        123.675,
        116.28,
        103.53,
    ],
    num_classes=7806,
    std=[
        58.395,
        57.12,
        57.375,
    ],
    to_rgb=True)
default_hooks = dict(
    checkpoint=dict(interval=1, max_keep_ckpts=5, type='CheckpointHook'),
    logger=dict(interval=100, type='LoggerHook'),
    param_scheduler=dict(type='ParamSchedulerHook'),
    sampler_seed=dict(type='DistSamplerSeedHook'),
    timer=dict(type='IterTimerHook'),
    visualization=dict(enable=False, type='VisualizationHook'))
default_scope = 'mmpretrain'
env_cfg = dict(
    cudnn_benchmark=False,
    dist_cfg=dict(backend='nccl'),
    mp_cfg=dict(mp_start_method='fork', opencv_num_threads=0))
launcher = 'pytorch'
load_from = None
log_level = 'INFO'
model = dict(
    init_cfg=dict(
        checkpoint='/mnt/data/pretrained/plantclef.pth', type='Pretrained'),
    model_name='vit_base_patch14_reg4_dinov2.lvd142m',
    num_classes=7806,
    type='TimmClassifier')
optim_wrapper = dict(
    loss_scale='dynamic',
    optimizer=dict(lr=0.001, type='AdamW', weight_decay=0.05),
    paramwise_cfg=dict(
        custom_keys=dict(
            cls_token=dict(decay_mult=0.0), mask_token=dict(decay_mult=0.0))),
    type='AmpOptimWrapper')
param_scheduler = dict(by_epoch=True, type='CosineAnnealingLR')
randomness = dict(deterministic=True, seed=0)
resume = False
test_cfg = dict()
test_dataloader = dict(
    batch_size=128,
    collate_fn=dict(type='default_collate'),
    dataset=dict(
        ann_file='annotation/test.txt',
        data_prefix='/mnt/data',
        pipeline=[
            dict(type='LoadImageFromFile'),
            dict(
                backend='pillow',
                edge='short',
                interpolation='bicubic',
                scale=518,
                type='ResizeEdge'),
            dict(crop_size=518, type='CenterCrop'),
            dict(type='PackInputs'),
        ],
        type='CustomDataset'),
    num_workers=10,
    persistent_workers=True,
    pin_memory=True,
    sampler=dict(shuffle=True, type='DefaultSampler'))
test_evaluator = dict(type='ConfusionMatrix')
test_pipeline = [
    dict(type='LoadImageFromFile'),
    dict(
        backend='pillow',
        edge='short',
        interpolation='bicubic',
        scale=518,
        type='ResizeEdge'),
    dict(crop_size=518, type='CenterCrop'),
    dict(type='PackInputs'),
]
train_cfg = dict(by_epoch=True, max_epochs=15, val_interval=1)
train_dataloader = dict(
    batch_size=64,
    collate_fn=dict(type='default_collate'),
    dataset=dict(
        ann_file='annotation/train.txt',
        data_prefix='/mnt/data',
        pipeline=[
            dict(type='LoadImageFromFile'),
            dict(
                backend='pillow',
                edge='short',
                interpolation='bicubic',
                scale=518,
                type='ResizeEdge'),
            dict(crop_size=518, type='CenterCrop'),
            dict(type='PackInputs'),
        ],
        type='CustomDataset'),
    num_workers=10,
    persistent_workers=True,
    pin_memory=True,
    sampler=dict(shuffle=True, type='DefaultSampler'))
train_pipeline = [
    dict(type='LoadImageFromFile'),
    dict(
        backend='pillow',
        interpolation='bicubic',
        scale=518,
        type='RandomResizedCrop'),
    dict(direction='horizontal', prob=0.5, type='RandomFlip'),
    dict(brightness=0.4, contrast=0.4, saturation=0.4, type='ColorJitter'),
    dict(type='PackInputs'),
]
val_cfg = dict()
val_dataloader = dict(
    batch_size=128,
    collate_fn=dict(type='default_collate'),
    dataset=dict(
        ann_file='annotation/val.txt',
        data_prefix='/mnt/data',
        pipeline=[
            dict(type='LoadImageFromFile'),
            dict(
                backend='pillow',
                edge='short',
                interpolation='bicubic',
                scale=518,
                type='ResizeEdge'),
            dict(crop_size=518, type='CenterCrop'),
            dict(type='PackInputs'),
        ],
        type='CustomDataset'),
    num_workers=10,
    persistent_workers=True,
    pin_memory=True,
    sampler=dict(shuffle=True, type='DefaultSampler'))
val_evaluator = dict(
    topk=(
        1,
        5,
    ), type='Accuracy')
vis_backends = [
    dict(type='LocalVisBackend'),
]
visualizer = dict(
    type='UniversalVisualizer', vis_backends=[
        dict(type='LocalVisBackend'),
    ])
work_dir = './work_dirs/plantclef-pretrained'

2024/06/18 21:58:24 - mmengine - INFO - Hooks will be executed in the following order:
before_run:
(VERY_HIGH   ) RuntimeInfoHook                    
(BELOW_NORMAL) LoggerHook                         
 -------------------- 
before_train:
(VERY_HIGH   ) RuntimeInfoHook                    
(NORMAL      ) IterTimerHook                      
(VERY_LOW    ) CheckpointHook                     
 -------------------- 
before_train_epoch:
(VERY_HIGH   ) RuntimeInfoHook                    
(NORMAL      ) IterTimerHook                      
(NORMAL      ) DistSamplerSeedHook                
 -------------------- 
before_train_iter:
(VERY_HIGH   ) RuntimeInfoHook                    
(NORMAL      ) IterTimerHook                      
 -------------------- 
after_train_iter:
(VERY_HIGH   ) RuntimeInfoHook                    
(NORMAL      ) IterTimerHook                      
(BELOW_NORMAL) LoggerHook                         
(LOW         ) ParamSchedulerHook                 
(VERY_LOW    ) CheckpointHook                     
 -------------------- 
after_train_epoch:
(NORMAL      ) IterTimerHook                      
(LOW         ) ParamSchedulerHook                 
(VERY_LOW    ) CheckpointHook                     
 -------------------- 
before_val:
(VERY_HIGH   ) RuntimeInfoHook                    
 -------------------- 
before_val_epoch:
(NORMAL      ) IterTimerHook                      
 -------------------- 
before_val_iter:
(NORMAL      ) IterTimerHook                      
 -------------------- 
after_val_iter:
(NORMAL      ) IterTimerHook                      
(NORMAL      ) VisualizationHook                  
(BELOW_NORMAL) LoggerHook                         
 -------------------- 
after_val_epoch:
(VERY_HIGH   ) RuntimeInfoHook                    
(NORMAL      ) IterTimerHook                      
(BELOW_NORMAL) LoggerHook                         
(LOW         ) ParamSchedulerHook                 
(VERY_LOW    ) CheckpointHook                     
 -------------------- 
after_val:
(VERY_HIGH   ) RuntimeInfoHook                    
 -------------------- 
after_train:
(VERY_HIGH   ) RuntimeInfoHook                    
(VERY_LOW    ) CheckpointHook                     
 -------------------- 
before_test:
(VERY_HIGH   ) RuntimeInfoHook                    
 -------------------- 
before_test_epoch:
(NORMAL      ) IterTimerHook                      
 -------------------- 
before_test_iter:
(NORMAL      ) IterTimerHook                      
 -------------------- 
after_test_iter:
(NORMAL      ) IterTimerHook                      
(NORMAL      ) VisualizationHook                  
(BELOW_NORMAL) LoggerHook                         
 -------------------- 
after_test_epoch:
(VERY_HIGH   ) RuntimeInfoHook                    
(NORMAL      ) IterTimerHook                      
(BELOW_NORMAL) LoggerHook                         
 -------------------- 
after_test:
(VERY_HIGH   ) RuntimeInfoHook                    
 -------------------- 
after_run:
(BELOW_NORMAL) LoggerHook                         
 -------------------- 
2024/06/18 21:58:27 - mmengine - INFO - paramwise_options -- model.cls_token:lr=0.001
2024/06/18 21:58:27 - mmengine - INFO - paramwise_options -- model.cls_token:weight_decay=0.0
2024/06/18 21:58:27 - mmengine - INFO - paramwise_options -- model.cls_token:decay_mult=0.0
2024/06/18 21:58:27 - mmengine - INFO - load model from: /mnt/data/pretrained/plantclef.pth
2024/06/18 21:58:27 - mmengine - INFO - Loads checkpoint by local backend from path: /mnt/data/pretrained/plantclef.pth
Name of parameter - Initialization information

model.cls_token - torch.Size([1, 1, 768]): 
PretrainedInit: load from /mnt/data/pretrained/plantclef.pth 

model.reg_token - torch.Size([1, 4, 768]): 
PretrainedInit: load from /mnt/data/pretrained/plantclef.pth 

model.pos_embed - torch.Size([1, 1369, 768]): 
PretrainedInit: load from /mnt/data/pretrained/plantclef.pth 

model.patch_embed.proj.weight - torch.Size([768, 3, 14, 14]): 
PretrainedInit: load from /mnt/data/pretrained/plantclef.pth 

model.patch_embed.proj.bias - torch.Size([768]): 
PretrainedInit: load from /mnt/data/pretrained/plantclef.pth 

model.blocks.0.norm1.weight - torch.Size([768]): 
PretrainedInit: load from /mnt/data/pretrained/plantclef.pth 

model.blocks.0.norm1.bias - torch.Size([768]): 
PretrainedInit: load from /mnt/data/pretrained/plantclef.pth 

model.blocks.0.attn.qkv.weight - torch.Size([2304, 768]): 
PretrainedInit: load from /mnt/data/pretrained/plantclef.pth 

model.blocks.0.attn.qkv.bias - torch.Size([2304]): 
PretrainedInit: load from /mnt/data/pretrained/plantclef.pth 

model.blocks.0.attn.proj.weight - torch.Size([768, 768]): 
PretrainedInit: load from /mnt/data/pretrained/plantclef.pth 

model.blocks.0.attn.proj.bias - torch.Size([768]): 
PretrainedInit: load from /mnt/data/pretrained/plantclef.pth 

model.blocks.0.ls1.gamma - torch.Size([768]): 
PretrainedInit: load from /mnt/data/pretrained/plantclef.pth 

model.blocks.0.norm2.weight - torch.Size([768]): 
PretrainedInit: load from /mnt/data/pretrained/plantclef.pth 

model.blocks.0.norm2.bias - torch.Size([768]): 
PretrainedInit: load from /mnt/data/pretrained/plantclef.pth 

model.blocks.0.mlp.fc1.weight - torch.Size([3072, 768]): 
PretrainedInit: load from /mnt/data/pretrained/plantclef.pth 

model.blocks.0.mlp.fc1.bias - torch.Size([3072]): 
PretrainedInit: load from /mnt/data/pretrained/plantclef.pth 

model.blocks.0.mlp.fc2.weight - torch.Size([768, 3072]): 
PretrainedInit: load from /mnt/data/pretrained/plantclef.pth 

model.blocks.0.mlp.fc2.bias - torch.Size([768]): 
PretrainedInit: load from /mnt/data/pretrained/plantclef.pth 

model.blocks.0.ls2.gamma - torch.Size([768]): 
PretrainedInit: load from /mnt/data/pretrained/plantclef.pth 

model.blocks.1.norm1.weight - torch.Size([768]): 
PretrainedInit: load from /mnt/data/pretrained/plantclef.pth 

model.blocks.1.norm1.bias - torch.Size([768]): 
PretrainedInit: load from /mnt/data/pretrained/plantclef.pth 

model.blocks.1.attn.qkv.weight - torch.Size([2304, 768]): 
PretrainedInit: load from /mnt/data/pretrained/plantclef.pth 

model.blocks.1.attn.qkv.bias - torch.Size([2304]): 
PretrainedInit: load from /mnt/data/pretrained/plantclef.pth 

model.blocks.1.attn.proj.weight - torch.Size([768, 768]): 
PretrainedInit: load from /mnt/data/pretrained/plantclef.pth 

model.blocks.1.attn.proj.bias - torch.Size([768]): 
PretrainedInit: load from /mnt/data/pretrained/plantclef.pth 

model.blocks.1.ls1.gamma - torch.Size([768]): 
PretrainedInit: load from /mnt/data/pretrained/plantclef.pth 

model.blocks.1.norm2.weight - torch.Size([768]): 
PretrainedInit: load from /mnt/data/pretrained/plantclef.pth 

model.blocks.1.norm2.bias - torch.Size([768]): 
PretrainedInit: load from /mnt/data/pretrained/plantclef.pth 

model.blocks.1.mlp.fc1.weight - torch.Size([3072, 768]): 
PretrainedInit: load from /mnt/data/pretrained/plantclef.pth 

model.blocks.1.mlp.fc1.bias - torch.Size([3072]): 
PretrainedInit: load from /mnt/data/pretrained/plantclef.pth 

model.blocks.1.mlp.fc2.weight - torch.Size([768, 3072]): 
PretrainedInit: load from /mnt/data/pretrained/plantclef.pth 

model.blocks.1.mlp.fc2.bias - torch.Size([768]): 
PretrainedInit: load from /mnt/data/pretrained/plantclef.pth 

model.blocks.1.ls2.gamma - torch.Size([768]): 
PretrainedInit: load from /mnt/data/pretrained/plantclef.pth 

model.blocks.2.norm1.weight - torch.Size([768]): 
PretrainedInit: load from /mnt/data/pretrained/plantclef.pth 

model.blocks.2.norm1.bias - torch.Size([768]): 
PretrainedInit: load from /mnt/data/pretrained/plantclef.pth 

model.blocks.2.attn.qkv.weight - torch.Size([2304, 768]): 
PretrainedInit: load from /mnt/data/pretrained/plantclef.pth 

model.blocks.2.attn.qkv.bias - torch.Size([2304]): 
PretrainedInit: load from /mnt/data/pretrained/plantclef.pth 

model.blocks.2.attn.proj.weight - torch.Size([768, 768]): 
PretrainedInit: load from /mnt/data/pretrained/plantclef.pth 

model.blocks.2.attn.proj.bias - torch.Size([768]): 
PretrainedInit: load from /mnt/data/pretrained/plantclef.pth 

model.blocks.2.ls1.gamma - torch.Size([768]): 
PretrainedInit: load from /mnt/data/pretrained/plantclef.pth 

model.blocks.2.norm2.weight - torch.Size([768]): 
PretrainedInit: load from /mnt/data/pretrained/plantclef.pth 

model.blocks.2.norm2.bias - torch.Size([768]): 
PretrainedInit: load from /mnt/data/pretrained/plantclef.pth 

model.blocks.2.mlp.fc1.weight - torch.Size([3072, 768]): 
PretrainedInit: load from /mnt/data/pretrained/plantclef.pth 

model.blocks.2.mlp.fc1.bias - torch.Size([3072]): 
PretrainedInit: load from /mnt/data/pretrained/plantclef.pth 

model.blocks.2.mlp.fc2.weight - torch.Size([768, 3072]): 
PretrainedInit: load from /mnt/data/pretrained/plantclef.pth 

model.blocks.2.mlp.fc2.bias - torch.Size([768]): 
PretrainedInit: load from /mnt/data/pretrained/plantclef.pth 

model.blocks.2.ls2.gamma - torch.Size([768]): 
PretrainedInit: load from /mnt/data/pretrained/plantclef.pth 

model.blocks.3.norm1.weight - torch.Size([768]): 
PretrainedInit: load from /mnt/data/pretrained/plantclef.pth 

model.blocks.3.norm1.bias - torch.Size([768]): 
PretrainedInit: load from /mnt/data/pretrained/plantclef.pth 

model.blocks.3.attn.qkv.weight - torch.Size([2304, 768]): 
PretrainedInit: load from /mnt/data/pretrained/plantclef.pth 

model.blocks.3.attn.qkv.bias - torch.Size([2304]): 
PretrainedInit: load from /mnt/data/pretrained/plantclef.pth 

model.blocks.3.attn.proj.weight - torch.Size([768, 768]): 
PretrainedInit: load from /mnt/data/pretrained/plantclef.pth 

model.blocks.3.attn.proj.bias - torch.Size([768]): 
PretrainedInit: load from /mnt/data/pretrained/plantclef.pth 

model.blocks.3.ls1.gamma - torch.Size([768]): 
PretrainedInit: load from /mnt/data/pretrained/plantclef.pth 

model.blocks.3.norm2.weight - torch.Size([768]): 
PretrainedInit: load from /mnt/data/pretrained/plantclef.pth 

model.blocks.3.norm2.bias - torch.Size([768]): 
PretrainedInit: load from /mnt/data/pretrained/plantclef.pth 

model.blocks.3.mlp.fc1.weight - torch.Size([3072, 768]): 
PretrainedInit: load from /mnt/data/pretrained/plantclef.pth 

model.blocks.3.mlp.fc1.bias - torch.Size([3072]): 
PretrainedInit: load from /mnt/data/pretrained/plantclef.pth 

model.blocks.3.mlp.fc2.weight - torch.Size([768, 3072]): 
PretrainedInit: load from /mnt/data/pretrained/plantclef.pth 

model.blocks.3.mlp.fc2.bias - torch.Size([768]): 
PretrainedInit: load from /mnt/data/pretrained/plantclef.pth 

model.blocks.3.ls2.gamma - torch.Size([768]): 
PretrainedInit: load from /mnt/data/pretrained/plantclef.pth 

model.blocks.4.norm1.weight - torch.Size([768]): 
PretrainedInit: load from /mnt/data/pretrained/plantclef.pth 

model.blocks.4.norm1.bias - torch.Size([768]): 
PretrainedInit: load from /mnt/data/pretrained/plantclef.pth 

model.blocks.4.attn.qkv.weight - torch.Size([2304, 768]): 
PretrainedInit: load from /mnt/data/pretrained/plantclef.pth 

model.blocks.4.attn.qkv.bias - torch.Size([2304]): 
PretrainedInit: load from /mnt/data/pretrained/plantclef.pth 

model.blocks.4.attn.proj.weight - torch.Size([768, 768]): 
PretrainedInit: load from /mnt/data/pretrained/plantclef.pth 

model.blocks.4.attn.proj.bias - torch.Size([768]): 
PretrainedInit: load from /mnt/data/pretrained/plantclef.pth 

model.blocks.4.ls1.gamma - torch.Size([768]): 
PretrainedInit: load from /mnt/data/pretrained/plantclef.pth 

model.blocks.4.norm2.weight - torch.Size([768]): 
PretrainedInit: load from /mnt/data/pretrained/plantclef.pth 

model.blocks.4.norm2.bias - torch.Size([768]): 
PretrainedInit: load from /mnt/data/pretrained/plantclef.pth 

model.blocks.4.mlp.fc1.weight - torch.Size([3072, 768]): 
PretrainedInit: load from /mnt/data/pretrained/plantclef.pth 

model.blocks.4.mlp.fc1.bias - torch.Size([3072]): 
PretrainedInit: load from /mnt/data/pretrained/plantclef.pth 

model.blocks.4.mlp.fc2.weight - torch.Size([768, 3072]): 
PretrainedInit: load from /mnt/data/pretrained/plantclef.pth 

model.blocks.4.mlp.fc2.bias - torch.Size([768]): 
PretrainedInit: load from /mnt/data/pretrained/plantclef.pth 

model.blocks.4.ls2.gamma - torch.Size([768]): 
PretrainedInit: load from /mnt/data/pretrained/plantclef.pth 

model.blocks.5.norm1.weight - torch.Size([768]): 
PretrainedInit: load from /mnt/data/pretrained/plantclef.pth 

model.blocks.5.norm1.bias - torch.Size([768]): 
PretrainedInit: load from /mnt/data/pretrained/plantclef.pth 

model.blocks.5.attn.qkv.weight - torch.Size([2304, 768]): 
PretrainedInit: load from /mnt/data/pretrained/plantclef.pth 

model.blocks.5.attn.qkv.bias - torch.Size([2304]): 
PretrainedInit: load from /mnt/data/pretrained/plantclef.pth 

model.blocks.5.attn.proj.weight - torch.Size([768, 768]): 
PretrainedInit: load from /mnt/data/pretrained/plantclef.pth 

model.blocks.5.attn.proj.bias - torch.Size([768]): 
PretrainedInit: load from /mnt/data/pretrained/plantclef.pth 

model.blocks.5.ls1.gamma - torch.Size([768]): 
PretrainedInit: load from /mnt/data/pretrained/plantclef.pth 

model.blocks.5.norm2.weight - torch.Size([768]): 
PretrainedInit: load from /mnt/data/pretrained/plantclef.pth 

model.blocks.5.norm2.bias - torch.Size([768]): 
PretrainedInit: load from /mnt/data/pretrained/plantclef.pth 

model.blocks.5.mlp.fc1.weight - torch.Size([3072, 768]): 
PretrainedInit: load from /mnt/data/pretrained/plantclef.pth 

model.blocks.5.mlp.fc1.bias - torch.Size([3072]): 
PretrainedInit: load from /mnt/data/pretrained/plantclef.pth 

model.blocks.5.mlp.fc2.weight - torch.Size([768, 3072]): 
PretrainedInit: load from /mnt/data/pretrained/plantclef.pth 

model.blocks.5.mlp.fc2.bias - torch.Size([768]): 
PretrainedInit: load from /mnt/data/pretrained/plantclef.pth 

model.blocks.5.ls2.gamma - torch.Size([768]): 
PretrainedInit: load from /mnt/data/pretrained/plantclef.pth 

model.blocks.6.norm1.weight - torch.Size([768]): 
PretrainedInit: load from /mnt/data/pretrained/plantclef.pth 

model.blocks.6.norm1.bias - torch.Size([768]): 
PretrainedInit: load from /mnt/data/pretrained/plantclef.pth 

model.blocks.6.attn.qkv.weight - torch.Size([2304, 768]): 
PretrainedInit: load from /mnt/data/pretrained/plantclef.pth 

model.blocks.6.attn.qkv.bias - torch.Size([2304]): 
PretrainedInit: load from /mnt/data/pretrained/plantclef.pth 

model.blocks.6.attn.proj.weight - torch.Size([768, 768]): 
PretrainedInit: load from /mnt/data/pretrained/plantclef.pth 

model.blocks.6.attn.proj.bias - torch.Size([768]): 
PretrainedInit: load from /mnt/data/pretrained/plantclef.pth 

model.blocks.6.ls1.gamma - torch.Size([768]): 
PretrainedInit: load from /mnt/data/pretrained/plantclef.pth 

model.blocks.6.norm2.weight - torch.Size([768]): 
PretrainedInit: load from /mnt/data/pretrained/plantclef.pth 

model.blocks.6.norm2.bias - torch.Size([768]): 
PretrainedInit: load from /mnt/data/pretrained/plantclef.pth 

model.blocks.6.mlp.fc1.weight - torch.Size([3072, 768]): 
PretrainedInit: load from /mnt/data/pretrained/plantclef.pth 

model.blocks.6.mlp.fc1.bias - torch.Size([3072]): 
PretrainedInit: load from /mnt/data/pretrained/plantclef.pth 

model.blocks.6.mlp.fc2.weight - torch.Size([768, 3072]): 
PretrainedInit: load from /mnt/data/pretrained/plantclef.pth 

model.blocks.6.mlp.fc2.bias - torch.Size([768]): 
PretrainedInit: load from /mnt/data/pretrained/plantclef.pth 

model.blocks.6.ls2.gamma - torch.Size([768]): 
PretrainedInit: load from /mnt/data/pretrained/plantclef.pth 

model.blocks.7.norm1.weight - torch.Size([768]): 
PretrainedInit: load from /mnt/data/pretrained/plantclef.pth 

model.blocks.7.norm1.bias - torch.Size([768]): 
PretrainedInit: load from /mnt/data/pretrained/plantclef.pth 

model.blocks.7.attn.qkv.weight - torch.Size([2304, 768]): 
PretrainedInit: load from /mnt/data/pretrained/plantclef.pth 

model.blocks.7.attn.qkv.bias - torch.Size([2304]): 
PretrainedInit: load from /mnt/data/pretrained/plantclef.pth 

model.blocks.7.attn.proj.weight - torch.Size([768, 768]): 
PretrainedInit: load from /mnt/data/pretrained/plantclef.pth 

model.blocks.7.attn.proj.bias - torch.Size([768]): 
PretrainedInit: load from /mnt/data/pretrained/plantclef.pth 

model.blocks.7.ls1.gamma - torch.Size([768]): 
PretrainedInit: load from /mnt/data/pretrained/plantclef.pth 

model.blocks.7.norm2.weight - torch.Size([768]): 
PretrainedInit: load from /mnt/data/pretrained/plantclef.pth 

model.blocks.7.norm2.bias - torch.Size([768]): 
PretrainedInit: load from /mnt/data/pretrained/plantclef.pth 

model.blocks.7.mlp.fc1.weight - torch.Size([3072, 768]): 
PretrainedInit: load from /mnt/data/pretrained/plantclef.pth 

model.blocks.7.mlp.fc1.bias - torch.Size([3072]): 
PretrainedInit: load from /mnt/data/pretrained/plantclef.pth 

model.blocks.7.mlp.fc2.weight - torch.Size([768, 3072]): 
PretrainedInit: load from /mnt/data/pretrained/plantclef.pth 

model.blocks.7.mlp.fc2.bias - torch.Size([768]): 
PretrainedInit: load from /mnt/data/pretrained/plantclef.pth 

model.blocks.7.ls2.gamma - torch.Size([768]): 
PretrainedInit: load from /mnt/data/pretrained/plantclef.pth 

model.blocks.8.norm1.weight - torch.Size([768]): 
PretrainedInit: load from /mnt/data/pretrained/plantclef.pth 

model.blocks.8.norm1.bias - torch.Size([768]): 
PretrainedInit: load from /mnt/data/pretrained/plantclef.pth 

model.blocks.8.attn.qkv.weight - torch.Size([2304, 768]): 
PretrainedInit: load from /mnt/data/pretrained/plantclef.pth 

model.blocks.8.attn.qkv.bias - torch.Size([2304]): 
PretrainedInit: load from /mnt/data/pretrained/plantclef.pth 

model.blocks.8.attn.proj.weight - torch.Size([768, 768]): 
PretrainedInit: load from /mnt/data/pretrained/plantclef.pth 

model.blocks.8.attn.proj.bias - torch.Size([768]): 
PretrainedInit: load from /mnt/data/pretrained/plantclef.pth 

model.blocks.8.ls1.gamma - torch.Size([768]): 
PretrainedInit: load from /mnt/data/pretrained/plantclef.pth 

model.blocks.8.norm2.weight - torch.Size([768]): 
PretrainedInit: load from /mnt/data/pretrained/plantclef.pth 

model.blocks.8.norm2.bias - torch.Size([768]): 
PretrainedInit: load from /mnt/data/pretrained/plantclef.pth 

model.blocks.8.mlp.fc1.weight - torch.Size([3072, 768]): 
PretrainedInit: load from /mnt/data/pretrained/plantclef.pth 

model.blocks.8.mlp.fc1.bias - torch.Size([3072]): 
PretrainedInit: load from /mnt/data/pretrained/plantclef.pth 

model.blocks.8.mlp.fc2.weight - torch.Size([768, 3072]): 
PretrainedInit: load from /mnt/data/pretrained/plantclef.pth 

model.blocks.8.mlp.fc2.bias - torch.Size([768]): 
PretrainedInit: load from /mnt/data/pretrained/plantclef.pth 

model.blocks.8.ls2.gamma - torch.Size([768]): 
PretrainedInit: load from /mnt/data/pretrained/plantclef.pth 

model.blocks.9.norm1.weight - torch.Size([768]): 
PretrainedInit: load from /mnt/data/pretrained/plantclef.pth 

model.blocks.9.norm1.bias - torch.Size([768]): 
PretrainedInit: load from /mnt/data/pretrained/plantclef.pth 

model.blocks.9.attn.qkv.weight - torch.Size([2304, 768]): 
PretrainedInit: load from /mnt/data/pretrained/plantclef.pth 

model.blocks.9.attn.qkv.bias - torch.Size([2304]): 
PretrainedInit: load from /mnt/data/pretrained/plantclef.pth 

model.blocks.9.attn.proj.weight - torch.Size([768, 768]): 
PretrainedInit: load from /mnt/data/pretrained/plantclef.pth 

model.blocks.9.attn.proj.bias - torch.Size([768]): 
PretrainedInit: load from /mnt/data/pretrained/plantclef.pth 

model.blocks.9.ls1.gamma - torch.Size([768]): 
PretrainedInit: load from /mnt/data/pretrained/plantclef.pth 

model.blocks.9.norm2.weight - torch.Size([768]): 
PretrainedInit: load from /mnt/data/pretrained/plantclef.pth 

model.blocks.9.norm2.bias - torch.Size([768]): 
PretrainedInit: load from /mnt/data/pretrained/plantclef.pth 

model.blocks.9.mlp.fc1.weight - torch.Size([3072, 768]): 
PretrainedInit: load from /mnt/data/pretrained/plantclef.pth 

model.blocks.9.mlp.fc1.bias - torch.Size([3072]): 
PretrainedInit: load from /mnt/data/pretrained/plantclef.pth 

model.blocks.9.mlp.fc2.weight - torch.Size([768, 3072]): 
PretrainedInit: load from /mnt/data/pretrained/plantclef.pth 

model.blocks.9.mlp.fc2.bias - torch.Size([768]): 
PretrainedInit: load from /mnt/data/pretrained/plantclef.pth 

model.blocks.9.ls2.gamma - torch.Size([768]): 
PretrainedInit: load from /mnt/data/pretrained/plantclef.pth 

model.blocks.10.norm1.weight - torch.Size([768]): 
PretrainedInit: load from /mnt/data/pretrained/plantclef.pth 

model.blocks.10.norm1.bias - torch.Size([768]): 
PretrainedInit: load from /mnt/data/pretrained/plantclef.pth 

model.blocks.10.attn.qkv.weight - torch.Size([2304, 768]): 
PretrainedInit: load from /mnt/data/pretrained/plantclef.pth 

model.blocks.10.attn.qkv.bias - torch.Size([2304]): 
PretrainedInit: load from /mnt/data/pretrained/plantclef.pth 

model.blocks.10.attn.proj.weight - torch.Size([768, 768]): 
PretrainedInit: load from /mnt/data/pretrained/plantclef.pth 

model.blocks.10.attn.proj.bias - torch.Size([768]): 
PretrainedInit: load from /mnt/data/pretrained/plantclef.pth 

model.blocks.10.ls1.gamma - torch.Size([768]): 
PretrainedInit: load from /mnt/data/pretrained/plantclef.pth 

model.blocks.10.norm2.weight - torch.Size([768]): 
PretrainedInit: load from /mnt/data/pretrained/plantclef.pth 

model.blocks.10.norm2.bias - torch.Size([768]): 
PretrainedInit: load from /mnt/data/pretrained/plantclef.pth 

model.blocks.10.mlp.fc1.weight - torch.Size([3072, 768]): 
PretrainedInit: load from /mnt/data/pretrained/plantclef.pth 

model.blocks.10.mlp.fc1.bias - torch.Size([3072]): 
PretrainedInit: load from /mnt/data/pretrained/plantclef.pth 

model.blocks.10.mlp.fc2.weight - torch.Size([768, 3072]): 
PretrainedInit: load from /mnt/data/pretrained/plantclef.pth 

model.blocks.10.mlp.fc2.bias - torch.Size([768]): 
PretrainedInit: load from /mnt/data/pretrained/plantclef.pth 

model.blocks.10.ls2.gamma - torch.Size([768]): 
PretrainedInit: load from /mnt/data/pretrained/plantclef.pth 

model.blocks.11.norm1.weight - torch.Size([768]): 
PretrainedInit: load from /mnt/data/pretrained/plantclef.pth 

model.blocks.11.norm1.bias - torch.Size([768]): 
PretrainedInit: load from /mnt/data/pretrained/plantclef.pth 

model.blocks.11.attn.qkv.weight - torch.Size([2304, 768]): 
PretrainedInit: load from /mnt/data/pretrained/plantclef.pth 

model.blocks.11.attn.qkv.bias - torch.Size([2304]): 
PretrainedInit: load from /mnt/data/pretrained/plantclef.pth 

model.blocks.11.attn.proj.weight - torch.Size([768, 768]): 
PretrainedInit: load from /mnt/data/pretrained/plantclef.pth 

model.blocks.11.attn.proj.bias - torch.Size([768]): 
PretrainedInit: load from /mnt/data/pretrained/plantclef.pth 

model.blocks.11.ls1.gamma - torch.Size([768]): 
PretrainedInit: load from /mnt/data/pretrained/plantclef.pth 

model.blocks.11.norm2.weight - torch.Size([768]): 
PretrainedInit: load from /mnt/data/pretrained/plantclef.pth 

model.blocks.11.norm2.bias - torch.Size([768]): 
PretrainedInit: load from /mnt/data/pretrained/plantclef.pth 

model.blocks.11.mlp.fc1.weight - torch.Size([3072, 768]): 
PretrainedInit: load from /mnt/data/pretrained/plantclef.pth 

model.blocks.11.mlp.fc1.bias - torch.Size([3072]): 
PretrainedInit: load from /mnt/data/pretrained/plantclef.pth 

model.blocks.11.mlp.fc2.weight - torch.Size([768, 3072]): 
PretrainedInit: load from /mnt/data/pretrained/plantclef.pth 

model.blocks.11.mlp.fc2.bias - torch.Size([768]): 
PretrainedInit: load from /mnt/data/pretrained/plantclef.pth 

model.blocks.11.ls2.gamma - torch.Size([768]): 
PretrainedInit: load from /mnt/data/pretrained/plantclef.pth 

model.norm.weight - torch.Size([768]): 
PretrainedInit: load from /mnt/data/pretrained/plantclef.pth 

model.norm.bias - torch.Size([768]): 
PretrainedInit: load from /mnt/data/pretrained/plantclef.pth 

model.head.weight - torch.Size([7806, 768]): 
PretrainedInit: load from /mnt/data/pretrained/plantclef.pth 

model.head.bias - torch.Size([7806]): 
PretrainedInit: load from /mnt/data/pretrained/plantclef.pth 
2024/06/18 21:58:27 - mmengine - WARNING - "FileClient" will be deprecated in future. Please use io functions in https://mmengine.readthedocs.io/en/latest/api/fileio.html#file-io
2024/06/18 21:58:27 - mmengine - WARNING - "HardDiskBackend" is the alias of "LocalBackend" and the former will be deprecated in future.
2024/06/18 21:58:27 - mmengine - INFO - Checkpoints will be saved to /root/weed-detection/work_dirs/plantclef-pretrained.
2024/06/18 22:00:23 - mmengine - INFO - Epoch(train)  [1][ 100/3069]  base_lr: 1.0000e-03 lr: 1.0000e-03  eta: 14:47:33  time: 1.1281  data_time: 0.0011  memory: 33872  loss: 7.6205
2024/06/18 22:02:16 - mmengine - INFO - Epoch(train)  [1][ 200/3069]  base_lr: 1.0000e-03 lr: 1.0000e-03  eta: 14:33:55  time: 1.1295  data_time: 0.0010  memory: 33872  loss: 7.0168
2024/06/18 22:04:09 - mmengine - INFO - Epoch(train)  [1][ 300/3069]  base_lr: 1.0000e-03 lr: 1.0000e-03  eta: 14:28:18  time: 1.1309  data_time: 0.0010  memory: 33872  loss: 6.9094
2024/06/18 22:06:02 - mmengine - INFO - Epoch(train)  [1][ 400/3069]  base_lr: 1.0000e-03 lr: 1.0000e-03  eta: 14:24:28  time: 1.1301  data_time: 0.0010  memory: 33872  loss: 6.8229
2024/06/18 22:07:55 - mmengine - INFO - Epoch(train)  [1][ 500/3069]  base_lr: 1.0000e-03 lr: 1.0000e-03  eta: 14:21:28  time: 1.1308  data_time: 0.0011  memory: 33872  loss: 6.7577
2024/06/18 22:09:48 - mmengine - INFO - Epoch(train)  [1][ 600/3069]  base_lr: 1.0000e-03 lr: 1.0000e-03  eta: 14:18:53  time: 1.1304  data_time: 0.0012  memory: 33872  loss: 6.6675
2024/06/18 22:11:41 - mmengine - INFO - Epoch(train)  [1][ 700/3069]  base_lr: 1.0000e-03 lr: 1.0000e-03  eta: 14:16:32  time: 1.1310  data_time: 0.0011  memory: 33872  loss: 6.6780
2024/06/18 22:13:34 - mmengine - INFO - Epoch(train)  [1][ 800/3069]  base_lr: 1.0000e-03 lr: 1.0000e-03  eta: 14:14:20  time: 1.1318  data_time: 0.0011  memory: 33872  loss: 6.5036
2024/06/18 22:15:27 - mmengine - INFO - Epoch(train)  [1][ 900/3069]  base_lr: 1.0000e-03 lr: 1.0000e-03  eta: 14:12:08  time: 1.1290  data_time: 0.0010  memory: 33872  loss: 6.3823
2024/06/18 22:17:20 - mmengine - INFO - Exp name: plantclef-pretrained_20240618_215821
2024/06/18 22:17:20 - mmengine - INFO - Epoch(train)  [1][1000/3069]  base_lr: 1.0000e-03 lr: 1.0000e-03  eta: 14:10:02  time: 1.1296  data_time: 0.0013  memory: 33872  loss: 6.3108
2024/06/18 22:19:13 - mmengine - INFO - Epoch(train)  [1][1100/3069]  base_lr: 1.0000e-03 lr: 1.0000e-03  eta: 14:07:58  time: 1.1304  data_time: 0.0011  memory: 33872  loss: 6.1190
2024/06/18 22:21:05 - mmengine - INFO - Epoch(train)  [1][1200/3069]  base_lr: 1.0000e-03 lr: 1.0000e-03  eta: 14:05:53  time: 1.1286  data_time: 0.0011  memory: 33872  loss: 6.3481
2024/06/18 22:22:58 - mmengine - INFO - Epoch(train)  [1][1300/3069]  base_lr: 1.0000e-03 lr: 1.0000e-03  eta: 14:03:54  time: 1.1302  data_time: 0.0010  memory: 33872  loss: 5.9983
2024/06/18 22:24:51 - mmengine - INFO - Epoch(train)  [1][1400/3069]  base_lr: 1.0000e-03 lr: 1.0000e-03  eta: 14:01:54  time: 1.1294  data_time: 0.0012  memory: 33872  loss: 6.0733
2024/06/18 22:26:44 - mmengine - INFO - Epoch(train)  [1][1500/3069]  base_lr: 1.0000e-03 lr: 1.0000e-03  eta: 13:59:55  time: 1.1296  data_time: 0.0010  memory: 33872  loss: 5.9293
2024/06/18 22:28:37 - mmengine - INFO - Epoch(train)  [1][1600/3069]  base_lr: 1.0000e-03 lr: 1.0000e-03  eta: 13:57:57  time: 1.1299  data_time: 0.0009  memory: 33872  loss: 5.9679
2024/06/18 22:30:30 - mmengine - INFO - Epoch(train)  [1][1700/3069]  base_lr: 1.0000e-03 lr: 1.0000e-03  eta: 13:55:58  time: 1.1290  data_time: 0.0010  memory: 33872  loss: 5.7755
2024/06/18 22:32:23 - mmengine - INFO - Epoch(train)  [1][1800/3069]  base_lr: 1.0000e-03 lr: 1.0000e-03  eta: 13:53:59  time: 1.1301  data_time: 0.0010  memory: 33872  loss: 5.7141
2024/06/18 22:34:16 - mmengine - INFO - Epoch(train)  [1][1900/3069]  base_lr: 1.0000e-03 lr: 1.0000e-03  eta: 13:52:02  time: 1.1295  data_time: 0.0010  memory: 33872  loss: 5.5935
2024/06/18 22:36:09 - mmengine - INFO - Exp name: plantclef-pretrained_20240618_215821
2024/06/18 22:36:09 - mmengine - INFO - Epoch(train)  [1][2000/3069]  base_lr: 1.0000e-03 lr: 1.0000e-03  eta: 13:50:06  time: 1.1302  data_time: 0.0010  memory: 33872  loss: 5.5153
2024/06/18 22:38:02 - mmengine - INFO - Epoch(train)  [1][2100/3069]  base_lr: 1.0000e-03 lr: 1.0000e-03  eta: 13:48:13  time: 1.1295  data_time: 0.0010  memory: 33872  loss: 5.6025
2024/06/18 22:39:55 - mmengine - INFO - Epoch(train)  [1][2200/3069]  base_lr: 1.0000e-03 lr: 1.0000e-03  eta: 13:46:20  time: 1.1306  data_time: 0.0010  memory: 33872  loss: 5.3943
2024/06/18 22:41:48 - mmengine - INFO - Epoch(train)  [1][2300/3069]  base_lr: 1.0000e-03 lr: 1.0000e-03  eta: 13:44:25  time: 1.1305  data_time: 0.0010  memory: 33872  loss: 5.4572
2024/06/18 22:43:42 - mmengine - INFO - Epoch(train)  [1][2400/3069]  base_lr: 1.0000e-03 lr: 1.0000e-03  eta: 13:42:31  time: 1.1305  data_time: 0.0010  memory: 33872  loss: 5.3708
2024/06/18 22:45:35 - mmengine - INFO - Epoch(train)  [1][2500/3069]  base_lr: 1.0000e-03 lr: 1.0000e-03  eta: 13:40:38  time: 1.1309  data_time: 0.0012  memory: 33872  loss: 5.3484
2024/06/18 22:47:28 - mmengine - INFO - Epoch(train)  [1][2600/3069]  base_lr: 1.0000e-03 lr: 1.0000e-03  eta: 13:38:44  time: 1.1299  data_time: 0.0011  memory: 33872  loss: 5.2347
2024/06/18 22:49:21 - mmengine - INFO - Epoch(train)  [1][2700/3069]  base_lr: 1.0000e-03 lr: 1.0000e-03  eta: 13:36:50  time: 1.1301  data_time: 0.0010  memory: 33872  loss: 5.1114
2024/06/18 22:51:14 - mmengine - INFO - Epoch(train)  [1][2800/3069]  base_lr: 1.0000e-03 lr: 1.0000e-03  eta: 13:34:57  time: 1.1314  data_time: 0.0011  memory: 33872  loss: 5.1484
2024/06/18 22:53:07 - mmengine - INFO - Epoch(train)  [1][2900/3069]  base_lr: 1.0000e-03 lr: 1.0000e-03  eta: 13:33:04  time: 1.1301  data_time: 0.0010  memory: 33872  loss: 5.0554
2024/06/18 22:55:00 - mmengine - INFO - Exp name: plantclef-pretrained_20240618_215821
2024/06/18 22:55:00 - mmengine - INFO - Epoch(train)  [1][3000/3069]  base_lr: 1.0000e-03 lr: 1.0000e-03  eta: 13:31:11  time: 1.1303  data_time: 0.0010  memory: 33872  loss: 5.0525
2024/06/18 22:56:17 - mmengine - INFO - Exp name: plantclef-pretrained_20240618_215821
2024/06/18 22:56:17 - mmengine - INFO - Saving checkpoint at 1 epochs
2024/06/18 22:58:43 - mmengine - INFO - Epoch(val) [1][44/44]    accuracy/top1: 23.3683  accuracy/top5: 38.5223  data_time: 0.1764  time: 3.1085
2024/06/18 23:00:37 - mmengine - INFO - Epoch(train)  [2][ 100/3069]  base_lr: 9.8907e-04 lr: 9.8907e-04  eta: 13:28:11  time: 1.1327  data_time: 0.0009  memory: 33872  loss: 4.5061
2024/06/18 23:02:31 - mmengine - INFO - Epoch(train)  [2][ 200/3069]  base_lr: 9.8907e-04 lr: 9.8907e-04  eta: 13:26:21  time: 1.1297  data_time: 0.0010  memory: 33872  loss: 4.3062
2024/06/18 23:04:24 - mmengine - INFO - Epoch(train)  [2][ 300/3069]  base_lr: 9.8907e-04 lr: 9.8907e-04  eta: 13:24:29  time: 1.1325  data_time: 0.0010  memory: 33872  loss: 4.5546
2024/06/18 23:06:17 - mmengine - INFO - Epoch(train)  [2][ 400/3069]  base_lr: 9.8907e-04 lr: 9.8907e-04  eta: 13:22:36  time: 1.1313  data_time: 0.0010  memory: 33872  loss: 4.5025
2024/06/18 23:08:10 - mmengine - INFO - Epoch(train)  [2][ 500/3069]  base_lr: 9.8907e-04 lr: 9.8907e-04  eta: 13:20:42  time: 1.1310  data_time: 0.0010  memory: 33872  loss: 4.5512
2024/06/18 23:10:04 - mmengine - INFO - Epoch(train)  [2][ 600/3069]  base_lr: 9.8907e-04 lr: 9.8907e-04  eta: 13:18:50  time: 1.1334  data_time: 0.0014  memory: 33872  loss: 4.5153
2024/06/18 23:11:57 - mmengine - INFO - Epoch(train)  [2][ 700/3069]  base_lr: 9.8907e-04 lr: 9.8907e-04  eta: 13:16:59  time: 1.1331  data_time: 0.0013  memory: 33872  loss: 4.3264
2024/06/18 23:13:50 - mmengine - INFO - Epoch(train)  [2][ 800/3069]  base_lr: 9.8907e-04 lr: 9.8907e-04  eta: 13:15:07  time: 1.1323  data_time: 0.0011  memory: 33872  loss: 4.4742
2024/06/18 23:15:43 - mmengine - INFO - Epoch(train)  [2][ 900/3069]  base_lr: 9.8907e-04 lr: 9.8907e-04  eta: 13:13:14  time: 1.1312  data_time: 0.0011  memory: 33872  loss: 4.4777
2024/06/18 23:16:18 - mmengine - INFO - Exp name: plantclef-pretrained_20240618_215821
2024/06/18 23:17:37 - mmengine - INFO - Epoch(train)  [2][1000/3069]  base_lr: 9.8907e-04 lr: 9.8907e-04  eta: 13:11:24  time: 1.1486  data_time: 0.0012  memory: 33872  loss: 4.2696
2024/06/18 23:19:30 - mmengine - INFO - Epoch(train)  [2][1100/3069]  base_lr: 9.8907e-04 lr: 9.8907e-04  eta: 13:09:33  time: 1.1330  data_time: 0.0012  memory: 33872  loss: 4.1717
2024/06/18 23:21:23 - mmengine - INFO - Epoch(train)  [2][1200/3069]  base_lr: 9.8907e-04 lr: 9.8907e-04  eta: 13:07:40  time: 1.1307  data_time: 0.0010  memory: 33872  loss: 4.2339
2024/06/18 23:23:16 - mmengine - INFO - Epoch(train)  [2][1300/3069]  base_lr: 9.8907e-04 lr: 9.8907e-04  eta: 13:05:47  time: 1.1317  data_time: 0.0010  memory: 33872  loss: 4.2875
2024/06/18 23:25:10 - mmengine - INFO - Epoch(train)  [2][1400/3069]  base_lr: 9.8907e-04 lr: 9.8907e-04  eta: 13:03:55  time: 1.1342  data_time: 0.0012  memory: 33872  loss: 4.1338
2024/06/18 23:27:03 - mmengine - INFO - Epoch(train)  [2][1500/3069]  base_lr: 9.8907e-04 lr: 9.8907e-04  eta: 13:02:02  time: 1.1336  data_time: 0.0011  memory: 33872  loss: 4.2205
2024/06/18 23:28:56 - mmengine - INFO - Epoch(train)  [2][1600/3069]  base_lr: 9.8907e-04 lr: 9.8907e-04  eta: 13:00:09  time: 1.1319  data_time: 0.0010  memory: 33872  loss: 4.3312
2024/06/18 23:30:49 - mmengine - INFO - Epoch(train)  [2][1700/3069]  base_lr: 9.8907e-04 lr: 9.8907e-04  eta: 12:58:17  time: 1.1328  data_time: 0.0010  memory: 33872  loss: 4.2062
2024/06/18 23:32:43 - mmengine - INFO - Epoch(train)  [2][1800/3069]  base_lr: 9.8907e-04 lr: 9.8907e-04  eta: 12:56:25  time: 1.1322  data_time: 0.0016  memory: 33872  loss: 3.9596
2024/06/18 23:34:36 - mmengine - INFO - Epoch(train)  [2][1900/3069]  base_lr: 9.8907e-04 lr: 9.8907e-04  eta: 12:54:34  time: 1.1336  data_time: 0.0010  memory: 33872  loss: 4.1977
2024/06/18 23:35:11 - mmengine - INFO - Exp name: plantclef-pretrained_20240618_215821
2024/06/18 23:36:29 - mmengine - INFO - Epoch(train)  [2][2000/3069]  base_lr: 9.8907e-04 lr: 9.8907e-04  eta: 12:52:43  time: 1.1318  data_time: 0.0012  memory: 33872  loss: 4.0769
2024/06/18 23:38:23 - mmengine - INFO - Epoch(train)  [2][2100/3069]  base_lr: 9.8907e-04 lr: 9.8907e-04  eta: 12:50:50  time: 1.1333  data_time: 0.0019  memory: 33872  loss: 4.2026
2024/06/18 23:40:16 - mmengine - INFO - Epoch(train)  [2][2200/3069]  base_lr: 9.8907e-04 lr: 9.8907e-04  eta: 12:48:57  time: 1.1324  data_time: 0.0012  memory: 33872  loss: 4.0047
2024/06/18 23:42:09 - mmengine - INFO - Epoch(train)  [2][2300/3069]  base_lr: 9.8907e-04 lr: 9.8907e-04  eta: 12:47:04  time: 1.1309  data_time: 0.0009  memory: 33872  loss: 3.9960
2024/06/18 23:44:02 - mmengine - INFO - Epoch(train)  [2][2400/3069]  base_lr: 9.8907e-04 lr: 9.8907e-04  eta: 12:45:11  time: 1.1316  data_time: 0.0010  memory: 33872  loss: 3.8223
2024/06/18 23:45:56 - mmengine - INFO - Epoch(train)  [2][2500/3069]  base_lr: 9.8907e-04 lr: 9.8907e-04  eta: 12:43:18  time: 1.1325  data_time: 0.0011  memory: 33872  loss: 3.9627
2024/06/18 23:47:49 - mmengine - INFO - Epoch(train)  [2][2600/3069]  base_lr: 9.8907e-04 lr: 9.8907e-04  eta: 12:41:26  time: 1.1314  data_time: 0.0011  memory: 33872  loss: 3.7568
2024/06/18 23:49:42 - mmengine - INFO - Epoch(train)  [2][2700/3069]  base_lr: 9.8907e-04 lr: 9.8907e-04  eta: 12:39:34  time: 1.1306  data_time: 0.0010  memory: 33872  loss: 3.7112
2024/06/18 23:51:36 - mmengine - INFO - Epoch(train)  [2][2800/3069]  base_lr: 9.8907e-04 lr: 9.8907e-04  eta: 12:37:43  time: 1.1295  data_time: 0.0009  memory: 33872  loss: 3.8126
2024/06/18 23:53:29 - mmengine - INFO - Epoch(train)  [2][2900/3069]  base_lr: 9.8907e-04 lr: 9.8907e-04  eta: 12:35:50  time: 1.1327  data_time: 0.0010  memory: 33872  loss: 3.7548
2024/06/18 23:54:04 - mmengine - INFO - Exp name: plantclef-pretrained_20240618_215821
2024/06/18 23:55:23 - mmengine - INFO - Epoch(train)  [2][3000/3069]  base_lr: 9.8907e-04 lr: 9.8907e-04  eta: 12:34:00  time: 1.1470  data_time: 0.0012  memory: 33872  loss: 3.8785
2024/06/18 23:56:40 - mmengine - INFO - Exp name: plantclef-pretrained_20240618_215821
2024/06/18 23:56:40 - mmengine - INFO - Saving checkpoint at 2 epochs
2024/06/18 23:59:00 - mmengine - INFO - Epoch(val) [2][44/44]    accuracy/top1: 32.0765  accuracy/top5: 50.8843  data_time: 0.0526  time: 2.9451
2024/06/19 00:00:54 - mmengine - INFO - Epoch(train)  [3][ 100/3069]  base_lr: 9.5677e-04 lr: 9.5677e-04  eta: 12:30:57  time: 1.1332  data_time: 0.0010  memory: 33872  loss: 3.2400
2024/06/19 00:02:48 - mmengine - INFO - Epoch(train)  [3][ 200/3069]  base_lr: 9.5677e-04 lr: 9.5677e-04  eta: 12:29:07  time: 1.1342  data_time: 0.0011  memory: 33872  loss: 3.3771
2024/06/19 00:04:42 - mmengine - INFO - Epoch(train)  [3][ 300/3069]  base_lr: 9.5677e-04 lr: 9.5677e-04  eta: 12:27:16  time: 1.1341  data_time: 0.0012  memory: 33872  loss: 3.5885
2024/06/19 00:06:35 - mmengine - INFO - Epoch(train)  [3][ 400/3069]  base_lr: 9.5677e-04 lr: 9.5677e-04  eta: 12:25:24  time: 1.1342  data_time: 0.0011  memory: 33872  loss: 3.3585
2024/06/19 00:08:28 - mmengine - INFO - Epoch(train)  [3][ 500/3069]  base_lr: 9.5677e-04 lr: 9.5677e-04  eta: 12:23:32  time: 1.1349  data_time: 0.0012  memory: 33872  loss: 3.4006
2024/06/19 00:10:22 - mmengine - INFO - Epoch(train)  [3][ 600/3069]  base_lr: 9.5677e-04 lr: 9.5677e-04  eta: 12:21:40  time: 1.1483  data_time: 0.0011  memory: 33872  loss: 3.4529
2024/06/19 00:12:15 - mmengine - INFO - Epoch(train)  [3][ 700/3069]  base_lr: 9.5677e-04 lr: 9.5677e-04  eta: 12:19:48  time: 1.1336  data_time: 0.0011  memory: 33872  loss: 3.1616
2024/06/19 00:14:09 - mmengine - INFO - Epoch(train)  [3][ 800/3069]  base_lr: 9.5677e-04 lr: 9.5677e-04  eta: 12:17:55  time: 1.1330  data_time: 0.0011  memory: 33872  loss: 3.3061
2024/06/19 00:15:19 - mmengine - INFO - Exp name: plantclef-pretrained_20240618_215821
2024/06/19 00:16:02 - mmengine - INFO - Epoch(train)  [3][ 900/3069]  base_lr: 9.5677e-04 lr: 9.5677e-04  eta: 12:16:02  time: 1.1333  data_time: 0.0011  memory: 33872  loss: 3.2407
2024/06/19 00:17:55 - mmengine - INFO - Epoch(train)  [3][1000/3069]  base_lr: 9.5677e-04 lr: 9.5677e-04  eta: 12:14:10  time: 1.1348  data_time: 0.0011  memory: 33872  loss: 3.2762
2024/06/19 00:19:49 - mmengine - INFO - Epoch(train)  [3][1100/3069]  base_lr: 9.5677e-04 lr: 9.5677e-04  eta: 12:12:17  time: 1.1332  data_time: 0.0011  memory: 33872  loss: 3.5045
2024/06/19 00:21:42 - mmengine - INFO - Epoch(train)  [3][1200/3069]  base_lr: 9.5677e-04 lr: 9.5677e-04  eta: 12:10:24  time: 1.1344  data_time: 0.0011  memory: 33872  loss: 3.0690
2024/06/19 00:23:35 - mmengine - INFO - Epoch(train)  [3][1300/3069]  base_lr: 9.5677e-04 lr: 9.5677e-04  eta: 12:08:31  time: 1.1337  data_time: 0.0011  memory: 33872  loss: 3.4771
2024/06/19 00:25:29 - mmengine - INFO - Epoch(train)  [3][1400/3069]  base_lr: 9.5677e-04 lr: 9.5677e-04  eta: 12:06:39  time: 1.1481  data_time: 0.0012  memory: 33872  loss: 3.3935
2024/06/19 00:27:22 - mmengine - INFO - Epoch(train)  [3][1500/3069]  base_lr: 9.5677e-04 lr: 9.5677e-04  eta: 12:04:47  time: 1.1339  data_time: 0.0012  memory: 33872  loss: 3.1456
2024/06/19 00:29:16 - mmengine - INFO - Epoch(train)  [3][1600/3069]  base_lr: 9.5677e-04 lr: 9.5677e-04  eta: 12:02:55  time: 1.1336  data_time: 0.0011  memory: 33872  loss: 3.2762
2024/06/19 00:31:09 - mmengine - INFO - Epoch(train)  [3][1700/3069]  base_lr: 9.5677e-04 lr: 9.5677e-04  eta: 12:01:01  time: 1.1308  data_time: 0.0011  memory: 33872  loss: 3.3516
2024/06/19 00:33:02 - mmengine - INFO - Epoch(train)  [3][1800/3069]  base_lr: 9.5677e-04 lr: 9.5677e-04  eta: 11:59:08  time: 1.1341  data_time: 0.0013  memory: 33872  loss: 3.4110
2024/06/19 00:34:13 - mmengine - INFO - Exp name: plantclef-pretrained_20240618_215821
2024/06/19 00:34:56 - mmengine - INFO - Epoch(train)  [3][1900/3069]  base_lr: 9.5677e-04 lr: 9.5677e-04  eta: 11:57:15  time: 1.1331  data_time: 0.0012  memory: 33872  loss: 3.2158
2024/06/19 00:36:49 - mmengine - INFO - Epoch(train)  [3][2000/3069]  base_lr: 9.5677e-04 lr: 9.5677e-04  eta: 11:55:22  time: 1.1333  data_time: 0.0011  memory: 33872  loss: 3.1942
2024/06/19 00:38:42 - mmengine - INFO - Epoch(train)  [3][2100/3069]  base_lr: 9.5677e-04 lr: 9.5677e-04  eta: 11:53:29  time: 1.1345  data_time: 0.0011  memory: 33872  loss: 3.2595
2024/06/19 00:40:36 - mmengine - INFO - Epoch(train)  [3][2200/3069]  base_lr: 9.5677e-04 lr: 9.5677e-04  eta: 11:51:36  time: 1.1342  data_time: 0.0011  memory: 33872  loss: 3.3087
2024/06/19 00:42:29 - mmengine - INFO - Epoch(train)  [3][2300/3069]  base_lr: 9.5677e-04 lr: 9.5677e-04  eta: 11:49:45  time: 1.1336  data_time: 0.0011  memory: 33872  loss: 3.2531
2024/06/19 00:44:23 - mmengine - INFO - Epoch(train)  [3][2400/3069]  base_lr: 9.5677e-04 lr: 9.5677e-04  eta: 11:47:52  time: 1.1328  data_time: 0.0010  memory: 33872  loss: 3.1457
2024/06/19 00:46:16 - mmengine - INFO - Epoch(train)  [3][2500/3069]  base_lr: 9.5677e-04 lr: 9.5677e-04  eta: 11:45:59  time: 1.1331  data_time: 0.0011  memory: 33872  loss: 3.0624
2024/06/19 00:48:09 - mmengine - INFO - Epoch(train)  [3][2600/3069]  base_lr: 9.5677e-04 lr: 9.5677e-04  eta: 11:44:06  time: 1.1323  data_time: 0.0011  memory: 33872  loss: 3.1107
2024/06/19 00:50:03 - mmengine - INFO - Epoch(train)  [3][2700/3069]  base_lr: 9.5677e-04 lr: 9.5677e-04  eta: 11:42:13  time: 1.1336  data_time: 0.0016  memory: 33872  loss: 3.1189
2024/06/19 00:51:56 - mmengine - INFO - Epoch(train)  [3][2800/3069]  base_lr: 9.5677e-04 lr: 9.5677e-04  eta: 11:40:20  time: 1.1324  data_time: 0.0010  memory: 33872  loss: 3.0909
2024/06/19 00:53:06 - mmengine - INFO - Exp name: plantclef-pretrained_20240618_215821
2024/06/19 00:53:50 - mmengine - INFO - Epoch(train)  [3][2900/3069]  base_lr: 9.5677e-04 lr: 9.5677e-04  eta: 11:38:27  time: 1.1340  data_time: 0.0011  memory: 33872  loss: 3.1627
2024/06/19 00:55:43 - mmengine - INFO - Epoch(train)  [3][3000/3069]  base_lr: 9.5677e-04 lr: 9.5677e-04  eta: 11:36:35  time: 1.1365  data_time: 0.0012  memory: 33872  loss: 3.0234
2024/06/19 00:57:00 - mmengine - INFO - Exp name: plantclef-pretrained_20240618_215821
2024/06/19 00:57:00 - mmengine - INFO - Saving checkpoint at 3 epochs
2024/06/19 00:59:20 - mmengine - INFO - Epoch(val) [3][44/44]    accuracy/top1: 36.9602  accuracy/top5: 56.8184  data_time: 0.0651  time: 2.9550
2024/06/19 01:01:15 - mmengine - INFO - Epoch(train)  [4][ 100/3069]  base_lr: 9.0451e-04 lr: 9.0451e-04  eta: 11:33:26  time: 1.1321  data_time: 0.0010  memory: 33872  loss: 2.6105
2024/06/19 01:03:08 - mmengine - INFO - Epoch(train)  [4][ 200/3069]  base_lr: 9.0451e-04 lr: 9.0451e-04  eta: 11:31:33  time: 1.1321  data_time: 0.0017  memory: 33872  loss: 2.5500
2024/06/19 01:05:01 - mmengine - INFO - Epoch(train)  [4][ 300/3069]  base_lr: 9.0451e-04 lr: 9.0451e-04  eta: 11:29:40  time: 1.1302  data_time: 0.0010  memory: 33872  loss: 2.5549
2024/06/19 01:06:54 - mmengine - INFO - Epoch(train)  [4][ 400/3069]  base_lr: 9.0451e-04 lr: 9.0451e-04  eta: 11:27:46  time: 1.1321  data_time: 0.0010  memory: 33872  loss: 2.6273
2024/06/19 01:08:48 - mmengine - INFO - Epoch(train)  [4][ 500/3069]  base_lr: 9.0451e-04 lr: 9.0451e-04  eta: 11:25:53  time: 1.1325  data_time: 0.0010  memory: 33872  loss: 2.6519
2024/06/19 01:10:41 - mmengine - INFO - Epoch(train)  [4][ 600/3069]  base_lr: 9.0451e-04 lr: 9.0451e-04  eta: 11:23:59  time: 1.1314  data_time: 0.0010  memory: 33872  loss: 2.7466
2024/06/19 01:12:34 - mmengine - INFO - Epoch(train)  [4][ 700/3069]  base_lr: 9.0451e-04 lr: 9.0451e-04  eta: 11:22:06  time: 1.1327  data_time: 0.0010  memory: 33872  loss: 2.7912
2024/06/19 01:14:19 - mmengine - INFO - Exp name: plantclef-pretrained_20240618_215821
2024/06/19 01:14:27 - mmengine - INFO - Epoch(train)  [4][ 800/3069]  base_lr: 9.0451e-04 lr: 9.0451e-04  eta: 11:20:12  time: 1.1335  data_time: 0.0011  memory: 33872  loss: 2.5968
2024/06/19 01:16:21 - mmengine - INFO - Epoch(train)  [4][ 900/3069]  base_lr: 9.0451e-04 lr: 9.0451e-04  eta: 11:18:19  time: 1.1323  data_time: 0.0011  memory: 33872  loss: 2.9049
2024/06/19 01:18:14 - mmengine - INFO - Epoch(train)  [4][1000/3069]  base_lr: 9.0451e-04 lr: 9.0451e-04  eta: 11:16:26  time: 1.1313  data_time: 0.0010  memory: 33872  loss: 2.4930
2024/06/19 01:20:07 - mmengine - INFO - Epoch(train)  [4][1100/3069]  base_lr: 9.0451e-04 lr: 9.0451e-04  eta: 11:14:33  time: 1.1336  data_time: 0.0010  memory: 33872  loss: 2.6951
2024/06/19 01:22:01 - mmengine - INFO - Epoch(train)  [4][1200/3069]  base_lr: 9.0451e-04 lr: 9.0451e-04  eta: 11:12:40  time: 1.1319  data_time: 0.0011  memory: 33872  loss: 2.7664
2024/06/19 01:23:54 - mmengine - INFO - Epoch(train)  [4][1300/3069]  base_lr: 9.0451e-04 lr: 9.0451e-04  eta: 11:10:46  time: 1.1334  data_time: 0.0016  memory: 33872  loss: 2.5612
2024/06/19 01:25:47 - mmengine - INFO - Epoch(train)  [4][1400/3069]  base_lr: 9.0451e-04 lr: 9.0451e-04  eta: 11:08:53  time: 1.1319  data_time: 0.0011  memory: 33872  loss: 2.6230
2024/06/19 01:27:41 - mmengine - INFO - Epoch(train)  [4][1500/3069]  base_lr: 9.0451e-04 lr: 9.0451e-04  eta: 11:07:00  time: 1.1320  data_time: 0.0011  memory: 33872  loss: 2.8546
2024/06/19 01:29:34 - mmengine - INFO - Epoch(train)  [4][1600/3069]  base_lr: 9.0451e-04 lr: 9.0451e-04  eta: 11:05:07  time: 1.1329  data_time: 0.0011  memory: 33872  loss: 2.8606
2024/06/19 01:31:27 - mmengine - INFO - Epoch(train)  [4][1700/3069]  base_lr: 9.0451e-04 lr: 9.0451e-04  eta: 11:03:13  time: 1.1330  data_time: 0.0011  memory: 33872  loss: 2.7684
2024/06/19 01:33:13 - mmengine - INFO - Exp name: plantclef-pretrained_20240618_215821
2024/06/19 01:33:21 - mmengine - INFO - Epoch(train)  [4][1800/3069]  base_lr: 9.0451e-04 lr: 9.0451e-04  eta: 11:01:21  time: 1.1342  data_time: 0.0011  memory: 33872  loss: 2.6513
2024/06/19 01:35:14 - mmengine - INFO - Epoch(train)  [4][1900/3069]  base_lr: 9.0451e-04 lr: 9.0451e-04  eta: 10:59:28  time: 1.1321  data_time: 0.0013  memory: 33872  loss: 2.6761
2024/06/19 01:37:07 - mmengine - INFO - Epoch(train)  [4][2000/3069]  base_lr: 9.0451e-04 lr: 9.0451e-04  eta: 10:57:34  time: 1.1314  data_time: 0.0011  memory: 33872  loss: 2.6933
2024/06/19 01:39:00 - mmengine - INFO - Epoch(train)  [4][2100/3069]  base_lr: 9.0451e-04 lr: 9.0451e-04  eta: 10:55:41  time: 1.1348  data_time: 0.0011  memory: 33872  loss: 2.6799
2024/06/19 01:40:54 - mmengine - INFO - Epoch(train)  [4][2200/3069]  base_lr: 9.0451e-04 lr: 9.0451e-04  eta: 10:53:48  time: 1.1329  data_time: 0.0028  memory: 33872  loss: 2.6614
2024/06/19 01:42:47 - mmengine - INFO - Epoch(train)  [4][2300/3069]  base_lr: 9.0451e-04 lr: 9.0451e-04  eta: 10:51:54  time: 1.1314  data_time: 0.0012  memory: 33872  loss: 2.5269
2024/06/19 01:44:40 - mmengine - INFO - Epoch(train)  [4][2400/3069]  base_lr: 9.0451e-04 lr: 9.0451e-04  eta: 10:50:01  time: 1.1309  data_time: 0.0011  memory: 33872  loss: 2.6991
2024/06/19 01:46:34 - mmengine - INFO - Epoch(train)  [4][2500/3069]  base_lr: 9.0451e-04 lr: 9.0451e-04  eta: 10:48:08  time: 1.1331  data_time: 0.0011  memory: 33872  loss: 2.7408
2024/06/19 01:48:27 - mmengine - INFO - Epoch(train)  [4][2600/3069]  base_lr: 9.0451e-04 lr: 9.0451e-04  eta: 10:46:14  time: 1.1352  data_time: 0.0026  memory: 33872  loss: 2.4224
2024/06/19 01:50:20 - mmengine - INFO - Epoch(train)  [4][2700/3069]  base_lr: 9.0451e-04 lr: 9.0451e-04  eta: 10:44:22  time: 1.1322  data_time: 0.0011  memory: 33872  loss: 2.9170
2024/06/19 01:52:06 - mmengine - INFO - Exp name: plantclef-pretrained_20240618_215821
2024/06/19 01:52:14 - mmengine - INFO - Epoch(train)  [4][2800/3069]  base_lr: 9.0451e-04 lr: 9.0451e-04  eta: 10:42:28  time: 1.1315  data_time: 0.0011  memory: 33872  loss: 2.6878
2024/06/19 01:54:07 - mmengine - INFO - Epoch(train)  [4][2900/3069]  base_lr: 9.0451e-04 lr: 9.0451e-04  eta: 10:40:35  time: 1.1320  data_time: 0.0013  memory: 33872  loss: 2.6387
2024/06/19 01:56:00 - mmengine - INFO - Epoch(train)  [4][3000/3069]  base_lr: 9.0451e-04 lr: 9.0451e-04  eta: 10:38:41  time: 1.1311  data_time: 0.0012  memory: 33872  loss: 2.5098
2024/06/19 01:57:17 - mmengine - INFO - Exp name: plantclef-pretrained_20240618_215821
2024/06/19 01:57:17 - mmengine - INFO - Saving checkpoint at 4 epochs
2024/06/19 01:59:36 - mmengine - INFO - Epoch(val) [4][44/44]    accuracy/top1: 39.9228  accuracy/top5: 60.2478  data_time: 0.0530  time: 2.9434
2024/06/19 02:01:31 - mmengine - INFO - Epoch(train)  [5][ 100/3069]  base_lr: 8.3457e-04 lr: 8.3457e-04  eta: 10:35:31  time: 1.1347  data_time: 0.0013  memory: 33872  loss: 1.9471
2024/06/19 02:03:24 - mmengine - INFO - Epoch(train)  [5][ 200/3069]  base_lr: 8.3457e-04 lr: 8.3457e-04  eta: 10:33:38  time: 1.1308  data_time: 0.0010  memory: 33872  loss: 1.8726
2024/06/19 02:05:17 - mmengine - INFO - Epoch(train)  [5][ 300/3069]  base_lr: 8.3457e-04 lr: 8.3457e-04  eta: 10:31:45  time: 1.1316  data_time: 0.0010  memory: 33872  loss: 2.1134
2024/06/19 02:07:11 - mmengine - INFO - Epoch(train)  [5][ 400/3069]  base_lr: 8.3457e-04 lr: 8.3457e-04  eta: 10:29:52  time: 1.1464  data_time: 0.0010  memory: 33872  loss: 1.9142
2024/06/19 02:09:04 - mmengine - INFO - Epoch(train)  [5][ 500/3069]  base_lr: 8.3457e-04 lr: 8.3457e-04  eta: 10:27:59  time: 1.1320  data_time: 0.0010  memory: 33872  loss: 2.0704
2024/06/19 02:10:58 - mmengine - INFO - Epoch(train)  [5][ 600/3069]  base_lr: 8.3457e-04 lr: 8.3457e-04  eta: 10:26:06  time: 1.1327  data_time: 0.0011  memory: 33872  loss: 2.1527
2024/06/19 02:12:51 - mmengine - INFO - Epoch(train)  [5][ 700/3069]  base_lr: 8.3457e-04 lr: 8.3457e-04  eta: 10:24:13  time: 1.1325  data_time: 0.0010  memory: 33872  loss: 2.0543
2024/06/19 02:13:18 - mmengine - INFO - Exp name: plantclef-pretrained_20240618_215821
2024/06/19 02:14:44 - mmengine - INFO - Epoch(train)  [5][ 800/3069]  base_lr: 8.3457e-04 lr: 8.3457e-04  eta: 10:22:20  time: 1.1318  data_time: 0.0011  memory: 33872  loss: 2.0217
2024/06/19 02:16:38 - mmengine - INFO - Epoch(train)  [5][ 900/3069]  base_lr: 8.3457e-04 lr: 8.3457e-04  eta: 10:20:26  time: 1.1335  data_time: 0.0011  memory: 33872  loss: 2.1447
2024/06/19 02:18:31 - mmengine - INFO - Epoch(train)  [5][1000/3069]  base_lr: 8.3457e-04 lr: 8.3457e-04  eta: 10:18:33  time: 1.1368  data_time: 0.0014  memory: 33872  loss: 2.3784
2024/06/19 02:20:24 - mmengine - INFO - Epoch(train)  [5][1100/3069]  base_lr: 8.3457e-04 lr: 8.3457e-04  eta: 10:16:40  time: 1.1329  data_time: 0.0010  memory: 33872  loss: 2.0804
2024/06/19 02:22:18 - mmengine - INFO - Epoch(train)  [5][1200/3069]  base_lr: 8.3457e-04 lr: 8.3457e-04  eta: 10:14:47  time: 1.1348  data_time: 0.0011  memory: 33872  loss: 2.1517
2024/06/19 02:24:11 - mmengine - INFO - Epoch(train)  [5][1300/3069]  base_lr: 8.3457e-04 lr: 8.3457e-04  eta: 10:12:54  time: 1.1333  data_time: 0.0010  memory: 33872  loss: 2.1836
2024/06/19 02:26:05 - mmengine - INFO - Epoch(train)  [5][1400/3069]  base_lr: 8.3457e-04 lr: 8.3457e-04  eta: 10:11:01  time: 1.1332  data_time: 0.0010  memory: 33872  loss: 2.0613
2024/06/19 02:27:58 - mmengine - INFO - Epoch(train)  [5][1500/3069]  base_lr: 8.3457e-04 lr: 8.3457e-04  eta: 10:09:08  time: 1.1330  data_time: 0.0010  memory: 33872  loss: 2.2777
2024/06/19 02:29:51 - mmengine - INFO - Epoch(train)  [5][1600/3069]  base_lr: 8.3457e-04 lr: 8.3457e-04  eta: 10:07:15  time: 1.1336  data_time: 0.0010  memory: 33872  loss: 2.2235
2024/06/19 02:31:45 - mmengine - INFO - Epoch(train)  [5][1700/3069]  base_lr: 8.3457e-04 lr: 8.3457e-04  eta: 10:05:22  time: 1.1343  data_time: 0.0015  memory: 33872  loss: 2.3737
2024/06/19 02:32:12 - mmengine - INFO - Exp name: plantclef-pretrained_20240618_215821
2024/06/19 02:33:38 - mmengine - INFO - Epoch(train)  [5][1800/3069]  base_lr: 8.3457e-04 lr: 8.3457e-04  eta: 10:03:29  time: 1.1339  data_time: 0.0012  memory: 33872  loss: 2.2689
2024/06/19 02:35:32 - mmengine - INFO - Epoch(train)  [5][1900/3069]  base_lr: 8.3457e-04 lr: 8.3457e-04  eta: 10:01:35  time: 1.1351  data_time: 0.0012  memory: 33872  loss: 2.2059
2024/06/19 02:37:25 - mmengine - INFO - Epoch(train)  [5][2000/3069]  base_lr: 8.3457e-04 lr: 8.3457e-04  eta: 9:59:42  time: 1.1344  data_time: 0.0012  memory: 33872  loss: 2.1804
2024/06/19 02:39:19 - mmengine - INFO - Epoch(train)  [5][2100/3069]  base_lr: 8.3457e-04 lr: 8.3457e-04  eta: 9:57:50  time: 1.1347  data_time: 0.0011  memory: 33872  loss: 2.3682
2024/06/19 02:41:12 - mmengine - INFO - Epoch(train)  [5][2200/3069]  base_lr: 8.3457e-04 lr: 8.3457e-04  eta: 9:55:56  time: 1.1349  data_time: 0.0012  memory: 33872  loss: 2.2420
2024/06/19 02:43:05 - mmengine - INFO - Epoch(train)  [5][2300/3069]  base_lr: 8.3457e-04 lr: 8.3457e-04  eta: 9:54:03  time: 1.1329  data_time: 0.0011  memory: 33872  loss: 2.2780
2024/06/19 02:44:59 - mmengine - INFO - Epoch(train)  [5][2400/3069]  base_lr: 8.3457e-04 lr: 8.3457e-04  eta: 9:52:10  time: 1.1318  data_time: 0.0011  memory: 33872  loss: 2.2628
2024/06/19 02:46:52 - mmengine - INFO - Epoch(train)  [5][2500/3069]  base_lr: 8.3457e-04 lr: 8.3457e-04  eta: 9:50:17  time: 1.1323  data_time: 0.0011  memory: 33872  loss: 2.3107
2024/06/19 02:48:45 - mmengine - INFO - Epoch(train)  [5][2600/3069]  base_lr: 8.3457e-04 lr: 8.3457e-04  eta: 9:48:23  time: 1.1318  data_time: 0.0011  memory: 33872  loss: 2.3667
2024/06/19 02:50:38 - mmengine - INFO - Epoch(train)  [5][2700/3069]  base_lr: 8.3457e-04 lr: 8.3457e-04  eta: 9:46:30  time: 1.1322  data_time: 0.0011  memory: 33872  loss: 2.3356
2024/06/19 02:51:06 - mmengine - INFO - Exp name: plantclef-pretrained_20240618_215821
2024/06/19 02:52:32 - mmengine - INFO - Epoch(train)  [5][2800/3069]  base_lr: 8.3457e-04 lr: 8.3457e-04  eta: 9:44:37  time: 1.1315  data_time: 0.0012  memory: 33872  loss: 2.3759
2024/06/19 02:54:25 - mmengine - INFO - Epoch(train)  [5][2900/3069]  base_lr: 8.3457e-04 lr: 8.3457e-04  eta: 9:42:44  time: 1.1333  data_time: 0.0010  memory: 33872  loss: 2.3444
2024/06/19 02:56:18 - mmengine - INFO - Epoch(train)  [5][3000/3069]  base_lr: 8.3457e-04 lr: 8.3457e-04  eta: 9:40:50  time: 1.1342  data_time: 0.0010  memory: 33872  loss: 2.3812
2024/06/19 02:57:36 - mmengine - INFO - Exp name: plantclef-pretrained_20240618_215821
2024/06/19 02:57:36 - mmengine - INFO - Saving checkpoint at 5 epochs
2024/06/19 02:59:55 - mmengine - INFO - Epoch(val) [5][44/44]    accuracy/top1: 41.1976  accuracy/top5: 62.4293  data_time: 0.0543  time: 2.9461
2024/06/19 03:01:50 - mmengine - INFO - Epoch(train)  [6][ 100/3069]  base_lr: 7.5000e-04 lr: 7.5000e-04  eta: 9:37:40  time: 1.1328  data_time: 0.0012  memory: 33872  loss: 1.4439
2024/06/19 03:03:43 - mmengine - INFO - Epoch(train)  [6][ 200/3069]  base_lr: 7.5000e-04 lr: 7.5000e-04  eta: 9:35:47  time: 1.1311  data_time: 0.0011  memory: 33872  loss: 1.4403
2024/06/19 03:05:36 - mmengine - INFO - Epoch(train)  [6][ 300/3069]  base_lr: 7.5000e-04 lr: 7.5000e-04  eta: 9:33:54  time: 1.1349  data_time: 0.0011  memory: 33872  loss: 1.5333
2024/06/19 03:07:30 - mmengine - INFO - Epoch(train)  [6][ 400/3069]  base_lr: 7.5000e-04 lr: 7.5000e-04  eta: 9:32:00  time: 1.1327  data_time: 0.0011  memory: 33872  loss: 1.6876
2024/06/19 03:09:23 - mmengine - INFO - Epoch(train)  [6][ 500/3069]  base_lr: 7.5000e-04 lr: 7.5000e-04  eta: 9:30:07  time: 1.1331  data_time: 0.0012  memory: 33872  loss: 1.5156
2024/06/19 03:11:16 - mmengine - INFO - Epoch(train)  [6][ 600/3069]  base_lr: 7.5000e-04 lr: 7.5000e-04  eta: 9:28:14  time: 1.1332  data_time: 0.0011  memory: 33872  loss: 1.5309
2024/06/19 03:12:19 - mmengine - INFO - Exp name: plantclef-pretrained_20240618_215821
2024/06/19 03:13:10 - mmengine - INFO - Epoch(train)  [6][ 700/3069]  base_lr: 7.5000e-04 lr: 7.5000e-04  eta: 9:26:20  time: 1.1316  data_time: 0.0011  memory: 33872  loss: 1.4869
2024/06/19 03:15:03 - mmengine - INFO - Epoch(train)  [6][ 800/3069]  base_lr: 7.5000e-04 lr: 7.5000e-04  eta: 9:24:27  time: 1.1329  data_time: 0.0011  memory: 33872  loss: 1.6684
2024/06/19 03:16:56 - mmengine - INFO - Epoch(train)  [6][ 900/3069]  base_lr: 7.5000e-04 lr: 7.5000e-04  eta: 9:22:33  time: 1.1322  data_time: 0.0010  memory: 33872  loss: 1.6874
2024/06/19 03:18:49 - mmengine - INFO - Epoch(train)  [6][1000/3069]  base_lr: 7.5000e-04 lr: 7.5000e-04  eta: 9:20:40  time: 1.1307  data_time: 0.0011  memory: 33872  loss: 1.8124
2024/06/19 03:20:43 - mmengine - INFO - Epoch(train)  [6][1100/3069]  base_lr: 7.5000e-04 lr: 7.5000e-04  eta: 9:18:46  time: 1.1325  data_time: 0.0015  memory: 33872  loss: 1.7740
2024/06/19 03:22:36 - mmengine - INFO - Epoch(train)  [6][1200/3069]  base_lr: 7.5000e-04 lr: 7.5000e-04  eta: 9:16:53  time: 1.1331  data_time: 0.0011  memory: 33872  loss: 1.8373
2024/06/19 03:24:29 - mmengine - INFO - Epoch(train)  [6][1300/3069]  base_lr: 7.5000e-04 lr: 7.5000e-04  eta: 9:15:00  time: 1.1336  data_time: 0.0013  memory: 33872  loss: 1.7040
2024/06/19 03:26:22 - mmengine - INFO - Epoch(train)  [6][1400/3069]  base_lr: 7.5000e-04 lr: 7.5000e-04  eta: 9:13:07  time: 1.1340  data_time: 0.0011  memory: 33872  loss: 1.7914
2024/06/19 03:28:16 - mmengine - INFO - Epoch(train)  [6][1500/3069]  base_lr: 7.5000e-04 lr: 7.5000e-04  eta: 9:11:13  time: 1.1330  data_time: 0.0011  memory: 33872  loss: 1.9222
2024/06/19 03:30:09 - mmengine - INFO - Epoch(train)  [6][1600/3069]  base_lr: 7.5000e-04 lr: 7.5000e-04  eta: 9:09:20  time: 1.1309  data_time: 0.0011  memory: 33872  loss: 1.8211
2024/06/19 03:31:11 - mmengine - INFO - Exp name: plantclef-pretrained_20240618_215821
2024/06/19 03:32:02 - mmengine - INFO - Epoch(train)  [6][1700/3069]  base_lr: 7.5000e-04 lr: 7.5000e-04  eta: 9:07:27  time: 1.1322  data_time: 0.0010  memory: 33872  loss: 1.8853
2024/06/19 03:33:56 - mmengine - INFO - Epoch(train)  [6][1800/3069]  base_lr: 7.5000e-04 lr: 7.5000e-04  eta: 9:05:33  time: 1.1322  data_time: 0.0012  memory: 33872  loss: 1.8147
2024/06/19 03:35:49 - mmengine - INFO - Epoch(train)  [6][1900/3069]  base_lr: 7.5000e-04 lr: 7.5000e-04  eta: 9:03:40  time: 1.1332  data_time: 0.0011  memory: 33872  loss: 1.8840
2024/06/19 03:37:42 - mmengine - INFO - Epoch(train)  [6][2000/3069]  base_lr: 7.5000e-04 lr: 7.5000e-04  eta: 9:01:47  time: 1.1325  data_time: 0.0011  memory: 33872  loss: 1.9251
2024/06/19 03:39:35 - mmengine - INFO - Epoch(train)  [6][2100/3069]  base_lr: 7.5000e-04 lr: 7.5000e-04  eta: 8:59:53  time: 1.1330  data_time: 0.0011  memory: 33872  loss: 1.8043
2024/06/19 03:41:29 - mmengine - INFO - Epoch(train)  [6][2200/3069]  base_lr: 7.5000e-04 lr: 7.5000e-04  eta: 8:58:00  time: 1.1334  data_time: 0.0012  memory: 33872  loss: 1.9382
2024/06/19 03:43:22 - mmengine - INFO - Epoch(train)  [6][2300/3069]  base_lr: 7.5000e-04 lr: 7.5000e-04  eta: 8:56:06  time: 1.1329  data_time: 0.0011  memory: 33872  loss: 1.8321
2024/06/19 03:45:15 - mmengine - INFO - Epoch(train)  [6][2400/3069]  base_lr: 7.5000e-04 lr: 7.5000e-04  eta: 8:54:13  time: 1.1340  data_time: 0.0011  memory: 33872  loss: 1.7255
2024/06/19 03:47:09 - mmengine - INFO - Epoch(train)  [6][2500/3069]  base_lr: 7.5000e-04 lr: 7.5000e-04  eta: 8:52:20  time: 1.1346  data_time: 0.0011  memory: 33872  loss: 1.8554
2024/06/19 03:49:02 - mmengine - INFO - Epoch(train)  [6][2600/3069]  base_lr: 7.5000e-04 lr: 7.5000e-04  eta: 8:50:27  time: 1.1301  data_time: 0.0011  memory: 33872  loss: 1.9936
2024/06/19 03:50:04 - mmengine - INFO - Exp name: plantclef-pretrained_20240618_215821
2024/06/19 03:50:55 - mmengine - INFO - Epoch(train)  [6][2700/3069]  base_lr: 7.5000e-04 lr: 7.5000e-04  eta: 8:48:33  time: 1.1324  data_time: 0.0014  memory: 33872  loss: 1.8803
2024/06/19 03:52:49 - mmengine - INFO - Epoch(train)  [6][2800/3069]  base_lr: 7.5000e-04 lr: 7.5000e-04  eta: 8:46:40  time: 1.1321  data_time: 0.0011  memory: 33872  loss: 1.7645
2024/06/19 03:54:42 - mmengine - INFO - Epoch(train)  [6][2900/3069]  base_lr: 7.5000e-04 lr: 7.5000e-04  eta: 8:44:47  time: 1.1305  data_time: 0.0011  memory: 33872  loss: 1.9177
2024/06/19 03:56:35 - mmengine - INFO - Epoch(train)  [6][3000/3069]  base_lr: 7.5000e-04 lr: 7.5000e-04  eta: 8:42:53  time: 1.1323  data_time: 0.0011  memory: 33872  loss: 1.9245
2024/06/19 03:57:52 - mmengine - INFO - Exp name: plantclef-pretrained_20240618_215821
2024/06/19 03:57:52 - mmengine - INFO - Saving checkpoint at 6 epochs
2024/06/19 04:00:11 - mmengine - INFO - Epoch(val) [6][44/44]    accuracy/top1: 43.0021  accuracy/top5: 63.1744  data_time: 0.0495  time: 2.9409
2024/06/19 04:02:06 - mmengine - INFO - Epoch(train)  [7][ 100/3069]  base_lr: 6.5451e-04 lr: 6.5451e-04  eta: 8:39:42  time: 1.1327  data_time: 0.0011  memory: 33872  loss: 0.9964
2024/06/19 04:03:59 - mmengine - INFO - Epoch(train)  [7][ 200/3069]  base_lr: 6.5451e-04 lr: 6.5451e-04  eta: 8:37:49  time: 1.1328  data_time: 0.0011  memory: 33872  loss: 1.0735
2024/06/19 04:05:53 - mmengine - INFO - Epoch(train)  [7][ 300/3069]  base_lr: 6.5451e-04 lr: 6.5451e-04  eta: 8:35:56  time: 1.1338  data_time: 0.0011  memory: 33872  loss: 1.0848
2024/06/19 04:07:46 - mmengine - INFO - Epoch(train)  [7][ 400/3069]  base_lr: 6.5451e-04 lr: 6.5451e-04  eta: 8:34:02  time: 1.1322  data_time: 0.0012  memory: 33872  loss: 1.1264
2024/06/19 04:09:39 - mmengine - INFO - Epoch(train)  [7][ 500/3069]  base_lr: 6.5451e-04 lr: 6.5451e-04  eta: 8:32:09  time: 1.1325  data_time: 0.0012  memory: 33872  loss: 1.1137
2024/06/19 04:11:17 - mmengine - INFO - Exp name: plantclef-pretrained_20240618_215821
2024/06/19 04:11:33 - mmengine - INFO - Epoch(train)  [7][ 600/3069]  base_lr: 6.5451e-04 lr: 6.5451e-04  eta: 8:30:16  time: 1.1317  data_time: 0.0010  memory: 33872  loss: 1.1040
2024/06/19 04:13:26 - mmengine - INFO - Epoch(train)  [7][ 700/3069]  base_lr: 6.5451e-04 lr: 6.5451e-04  eta: 8:28:23  time: 1.1358  data_time: 0.0012  memory: 33872  loss: 1.0951
2024/06/19 04:15:19 - mmengine - INFO - Epoch(train)  [7][ 800/3069]  base_lr: 6.5451e-04 lr: 6.5451e-04  eta: 8:26:29  time: 1.1336  data_time: 0.0011  memory: 33872  loss: 1.2379
2024/06/19 04:17:13 - mmengine - INFO - Epoch(train)  [7][ 900/3069]  base_lr: 6.5451e-04 lr: 6.5451e-04  eta: 8:24:36  time: 1.1334  data_time: 0.0016  memory: 33872  loss: 1.2757
2024/06/19 04:19:06 - mmengine - INFO - Epoch(train)  [7][1000/3069]  base_lr: 6.5451e-04 lr: 6.5451e-04  eta: 8:22:43  time: 1.1326  data_time: 0.0011  memory: 33872  loss: 1.2539
2024/06/19 04:21:00 - mmengine - INFO - Epoch(train)  [7][1100/3069]  base_lr: 6.5451e-04 lr: 6.5451e-04  eta: 8:20:50  time: 1.1331  data_time: 0.0011  memory: 33872  loss: 1.4273
2024/06/19 04:22:53 - mmengine - INFO - Epoch(train)  [7][1200/3069]  base_lr: 6.5451e-04 lr: 6.5451e-04  eta: 8:18:57  time: 1.1323  data_time: 0.0011  memory: 33872  loss: 1.3614
2024/06/19 04:24:46 - mmengine - INFO - Epoch(train)  [7][1300/3069]  base_lr: 6.5451e-04 lr: 6.5451e-04  eta: 8:17:03  time: 1.1328  data_time: 0.0011  memory: 33872  loss: 1.3285
2024/06/19 04:26:40 - mmengine - INFO - Epoch(train)  [7][1400/3069]  base_lr: 6.5451e-04 lr: 6.5451e-04  eta: 8:15:10  time: 1.1348  data_time: 0.0012  memory: 33872  loss: 1.4272
2024/06/19 04:28:33 - mmengine - INFO - Epoch(train)  [7][1500/3069]  base_lr: 6.5451e-04 lr: 6.5451e-04  eta: 8:13:17  time: 1.1322  data_time: 0.0011  memory: 33872  loss: 1.3400
2024/06/19 04:30:10 - mmengine - INFO - Exp name: plantclef-pretrained_20240618_215821
2024/06/19 04:30:26 - mmengine - INFO - Epoch(train)  [7][1600/3069]  base_lr: 6.5451e-04 lr: 6.5451e-04  eta: 8:11:24  time: 1.1321  data_time: 0.0011  memory: 33872  loss: 1.3572
2024/06/19 04:32:20 - mmengine - INFO - Epoch(train)  [7][1700/3069]  base_lr: 6.5451e-04 lr: 6.5451e-04  eta: 8:09:30  time: 1.1327  data_time: 0.0011  memory: 33872  loss: 1.4549
2024/06/19 04:34:13 - mmengine - INFO - Epoch(train)  [7][1800/3069]  base_lr: 6.5451e-04 lr: 6.5451e-04  eta: 8:07:37  time: 1.1355  data_time: 0.0019  memory: 33872  loss: 1.4845
2024/06/19 04:36:06 - mmengine - INFO - Epoch(train)  [7][1900/3069]  base_lr: 6.5451e-04 lr: 6.5451e-04  eta: 8:05:44  time: 1.1341  data_time: 0.0012  memory: 33872  loss: 1.5421
2024/06/19 04:38:00 - mmengine - INFO - Epoch(train)  [7][2000/3069]  base_lr: 6.5451e-04 lr: 6.5451e-04  eta: 8:03:51  time: 1.1332  data_time: 0.0011  memory: 33872  loss: 1.3287
2024/06/19 04:39:53 - mmengine - INFO - Epoch(train)  [7][2100/3069]  base_lr: 6.5451e-04 lr: 6.5451e-04  eta: 8:01:57  time: 1.1320  data_time: 0.0012  memory: 33872  loss: 1.3469
2024/06/19 04:41:46 - mmengine - INFO - Epoch(train)  [7][2200/3069]  base_lr: 6.5451e-04 lr: 6.5451e-04  eta: 8:00:04  time: 1.1337  data_time: 0.0011  memory: 33872  loss: 1.5212
2024/06/19 04:43:40 - mmengine - INFO - Epoch(train)  [7][2300/3069]  base_lr: 6.5451e-04 lr: 6.5451e-04  eta: 7:58:11  time: 1.1321  data_time: 0.0011  memory: 33872  loss: 1.3957
2024/06/19 04:45:33 - mmengine - INFO - Epoch(train)  [7][2400/3069]  base_lr: 6.5451e-04 lr: 6.5451e-04  eta: 7:56:18  time: 1.1316  data_time: 0.0013  memory: 33872  loss: 1.4301
2024/06/19 04:47:26 - mmengine - INFO - Epoch(train)  [7][2500/3069]  base_lr: 6.5451e-04 lr: 6.5451e-04  eta: 7:54:24  time: 1.1328  data_time: 0.0012  memory: 33872  loss: 1.5278
2024/06/19 04:49:04 - mmengine - INFO - Exp name: plantclef-pretrained_20240618_215821
2024/06/19 04:49:20 - mmengine - INFO - Epoch(train)  [7][2600/3069]  base_lr: 6.5451e-04 lr: 6.5451e-04  eta: 7:52:31  time: 1.1322  data_time: 0.0014  memory: 33872  loss: 1.4306
2024/06/19 04:51:13 - mmengine - INFO - Epoch(train)  [7][2700/3069]  base_lr: 6.5451e-04 lr: 6.5451e-04  eta: 7:50:38  time: 1.1324  data_time: 0.0011  memory: 33872  loss: 1.5294
2024/06/19 04:53:07 - mmengine - INFO - Epoch(train)  [7][2800/3069]  base_lr: 6.5451e-04 lr: 6.5451e-04  eta: 7:48:44  time: 1.1336  data_time: 0.0012  memory: 33872  loss: 1.4467
2024/06/19 04:55:00 - mmengine - INFO - Epoch(train)  [7][2900/3069]  base_lr: 6.5451e-04 lr: 6.5451e-04  eta: 7:46:51  time: 1.1344  data_time: 0.0011  memory: 33872  loss: 1.4892
2024/06/19 04:56:53 - mmengine - INFO - Epoch(train)  [7][3000/3069]  base_lr: 6.5451e-04 lr: 6.5451e-04  eta: 7:44:58  time: 1.1343  data_time: 0.0012  memory: 33872  loss: 1.5951
2024/06/19 04:58:11 - mmengine - INFO - Exp name: plantclef-pretrained_20240618_215821
2024/06/19 04:58:11 - mmengine - INFO - Saving checkpoint at 7 epochs
2024/06/19 05:00:30 - mmengine - INFO - Epoch(val) [7][44/44]    accuracy/top1: 44.0614  accuracy/top5: 63.9016  data_time: 0.0660  time: 2.9579
2024/06/19 05:02:25 - mmengine - INFO - Epoch(train)  [8][ 100/3069]  base_lr: 5.5226e-04 lr: 5.5226e-04  eta: 7:41:47  time: 1.1301  data_time: 0.0011  memory: 33872  loss: 0.6667
2024/06/19 05:04:18 - mmengine - INFO - Epoch(train)  [8][ 200/3069]  base_lr: 5.5226e-04 lr: 5.5226e-04  eta: 7:39:53  time: 1.1318  data_time: 0.0012  memory: 33872  loss: 0.7595
2024/06/19 05:06:11 - mmengine - INFO - Epoch(train)  [8][ 300/3069]  base_lr: 5.5226e-04 lr: 5.5226e-04  eta: 7:38:00  time: 1.1326  data_time: 0.0011  memory: 33872  loss: 0.6114
2024/06/19 05:08:04 - mmengine - INFO - Epoch(train)  [8][ 400/3069]  base_lr: 5.5226e-04 lr: 5.5226e-04  eta: 7:36:06  time: 1.1307  data_time: 0.0011  memory: 33872  loss: 0.6358
2024/06/19 05:09:57 - mmengine - INFO - Epoch(train)  [8][ 500/3069]  base_lr: 5.5226e-04 lr: 5.5226e-04  eta: 7:34:13  time: 1.1312  data_time: 0.0011  memory: 33872  loss: 0.7272
2024/06/19 05:10:17 - mmengine - INFO - Exp name: plantclef-pretrained_20240618_215821
2024/06/19 05:11:51 - mmengine - INFO - Epoch(train)  [8][ 600/3069]  base_lr: 5.5226e-04 lr: 5.5226e-04  eta: 7:32:20  time: 1.1320  data_time: 0.0012  memory: 33872  loss: 0.6841
2024/06/19 05:13:44 - mmengine - INFO - Epoch(train)  [8][ 700/3069]  base_lr: 5.5226e-04 lr: 5.5226e-04  eta: 7:30:26  time: 1.1317  data_time: 0.0012  memory: 33872  loss: 0.6723
2024/06/19 05:15:37 - mmengine - INFO - Epoch(train)  [8][ 800/3069]  base_lr: 5.5226e-04 lr: 5.5226e-04  eta: 7:28:33  time: 1.1330  data_time: 0.0012  memory: 33872  loss: 0.7708
2024/06/19 05:17:30 - mmengine - INFO - Epoch(train)  [8][ 900/3069]  base_lr: 5.5226e-04 lr: 5.5226e-04  eta: 7:26:39  time: 1.1336  data_time: 0.0012  memory: 33872  loss: 0.6741
2024/06/19 05:19:24 - mmengine - INFO - Epoch(train)  [8][1000/3069]  base_lr: 5.5226e-04 lr: 5.5226e-04  eta: 7:24:46  time: 1.1337  data_time: 0.0011  memory: 33872  loss: 0.7711
2024/06/19 05:21:17 - mmengine - INFO - Epoch(train)  [8][1100/3069]  base_lr: 5.5226e-04 lr: 5.5226e-04  eta: 7:22:53  time: 1.1315  data_time: 0.0011  memory: 33872  loss: 0.8134
2024/06/19 05:23:10 - mmengine - INFO - Epoch(train)  [8][1200/3069]  base_lr: 5.5226e-04 lr: 5.5226e-04  eta: 7:20:59  time: 1.1313  data_time: 0.0011  memory: 33872  loss: 0.7965
2024/06/19 05:25:03 - mmengine - INFO - Epoch(train)  [8][1300/3069]  base_lr: 5.5226e-04 lr: 5.5226e-04  eta: 7:19:06  time: 1.1335  data_time: 0.0014  memory: 33872  loss: 0.8327
2024/06/19 05:26:57 - mmengine - INFO - Epoch(train)  [8][1400/3069]  base_lr: 5.5226e-04 lr: 5.5226e-04  eta: 7:17:13  time: 1.1331  data_time: 0.0011  memory: 33872  loss: 0.9114
2024/06/19 05:28:50 - mmengine - INFO - Epoch(train)  [8][1500/3069]  base_lr: 5.5226e-04 lr: 5.5226e-04  eta: 7:15:19  time: 1.1322  data_time: 0.0011  memory: 33872  loss: 0.8606
2024/06/19 05:29:09 - mmengine - INFO - Exp name: plantclef-pretrained_20240618_215821
2024/06/19 05:30:43 - mmengine - INFO - Epoch(train)  [8][1600/3069]  base_lr: 5.5226e-04 lr: 5.5226e-04  eta: 7:13:26  time: 1.1329  data_time: 0.0012  memory: 33872  loss: 0.9036
2024/06/19 05:32:36 - mmengine - INFO - Epoch(train)  [8][1700/3069]  base_lr: 5.5226e-04 lr: 5.5226e-04  eta: 7:11:32  time: 1.1350  data_time: 0.0018  memory: 33872  loss: 0.9468
2024/06/19 05:34:29 - mmengine - INFO - Epoch(train)  [8][1800/3069]  base_lr: 5.5226e-04 lr: 5.5226e-04  eta: 7:09:39  time: 1.1338  data_time: 0.0013  memory: 33872  loss: 0.8885
2024/06/19 05:36:23 - mmengine - INFO - Epoch(train)  [8][1900/3069]  base_lr: 5.5226e-04 lr: 5.5226e-04  eta: 7:07:46  time: 1.1313  data_time: 0.0011  memory: 33872  loss: 0.9013
2024/06/19 05:38:16 - mmengine - INFO - Epoch(train)  [8][2000/3069]  base_lr: 5.5226e-04 lr: 5.5226e-04  eta: 7:05:52  time: 1.1311  data_time: 0.0011  memory: 33872  loss: 1.0263
2024/06/19 05:40:09 - mmengine - INFO - Epoch(train)  [8][2100/3069]  base_lr: 5.5226e-04 lr: 5.5226e-04  eta: 7:03:59  time: 1.1332  data_time: 0.0011  memory: 33872  loss: 1.0361
2024/06/19 05:42:03 - mmengine - INFO - Epoch(train)  [8][2200/3069]  base_lr: 5.5226e-04 lr: 5.5226e-04  eta: 7:02:06  time: 1.1315  data_time: 0.0013  memory: 33872  loss: 1.0484
2024/06/19 05:43:56 - mmengine - INFO - Epoch(train)  [8][2300/3069]  base_lr: 5.5226e-04 lr: 5.5226e-04  eta: 7:00:12  time: 1.1302  data_time: 0.0011  memory: 33872  loss: 1.0214
2024/06/19 05:45:49 - mmengine - INFO - Epoch(train)  [8][2400/3069]  base_lr: 5.5226e-04 lr: 5.5226e-04  eta: 6:58:19  time: 1.1340  data_time: 0.0011  memory: 33872  loss: 1.0936
2024/06/19 05:47:42 - mmengine - INFO - Epoch(train)  [8][2500/3069]  base_lr: 5.5226e-04 lr: 5.5226e-04  eta: 6:56:25  time: 1.1330  data_time: 0.0011  memory: 33872  loss: 0.9947
2024/06/19 05:48:01 - mmengine - INFO - Exp name: plantclef-pretrained_20240618_215821
2024/06/19 05:49:36 - mmengine - INFO - Epoch(train)  [8][2600/3069]  base_lr: 5.5226e-04 lr: 5.5226e-04  eta: 6:54:32  time: 1.1336  data_time: 0.0011  memory: 33872  loss: 1.0149
2024/06/19 05:51:29 - mmengine - INFO - Epoch(train)  [8][2700/3069]  base_lr: 5.5226e-04 lr: 5.5226e-04  eta: 6:52:39  time: 1.1325  data_time: 0.0015  memory: 33872  loss: 1.1233
2024/06/19 05:53:22 - mmengine - INFO - Epoch(train)  [8][2800/3069]  base_lr: 5.5226e-04 lr: 5.5226e-04  eta: 6:50:46  time: 1.1312  data_time: 0.0011  memory: 33872  loss: 1.0419
2024/06/19 05:55:15 - mmengine - INFO - Epoch(train)  [8][2900/3069]  base_lr: 5.5226e-04 lr: 5.5226e-04  eta: 6:48:52  time: 1.1312  data_time: 0.0012  memory: 33872  loss: 1.0579
2024/06/19 05:57:09 - mmengine - INFO - Epoch(train)  [8][3000/3069]  base_lr: 5.5226e-04 lr: 5.5226e-04  eta: 6:46:59  time: 1.1466  data_time: 0.0011  memory: 33872  loss: 1.1266
2024/06/19 05:58:26 - mmengine - INFO - Exp name: plantclef-pretrained_20240618_215821
2024/06/19 05:58:26 - mmengine - INFO - Saving checkpoint at 8 epochs
2024/06/19 06:00:46 - mmengine - INFO - Epoch(val) [8][44/44]    accuracy/top1: 43.8190  accuracy/top5: 62.8512  data_time: 0.0563  time: 2.9504
2024/06/19 06:02:40 - mmengine - INFO - Epoch(train)  [9][ 100/3069]  base_lr: 4.4774e-04 lr: 4.4774e-04  eta: 6:43:48  time: 1.1338  data_time: 0.0012  memory: 33872  loss: 0.3546
2024/06/19 06:04:34 - mmengine - INFO - Epoch(train)  [9][ 200/3069]  base_lr: 4.4774e-04 lr: 4.4774e-04  eta: 6:41:55  time: 1.1323  data_time: 0.0011  memory: 33872  loss: 0.3551
2024/06/19 06:06:27 - mmengine - INFO - Epoch(train)  [9][ 300/3069]  base_lr: 4.4774e-04 lr: 4.4774e-04  eta: 6:40:01  time: 1.1323  data_time: 0.0011  memory: 33872  loss: 0.3657
2024/06/19 06:08:20 - mmengine - INFO - Epoch(train)  [9][ 400/3069]  base_lr: 4.4774e-04 lr: 4.4774e-04  eta: 6:38:08  time: 1.1324  data_time: 0.0012  memory: 33872  loss: 0.3956
2024/06/19 06:09:15 - mmengine - INFO - Exp name: plantclef-pretrained_20240618_215821
2024/06/19 06:10:13 - mmengine - INFO - Epoch(train)  [9][ 500/3069]  base_lr: 4.4774e-04 lr: 4.4774e-04  eta: 6:36:15  time: 1.1326  data_time: 0.0011  memory: 33872  loss: 0.4050
2024/06/19 06:12:07 - mmengine - INFO - Epoch(train)  [9][ 600/3069]  base_lr: 4.4774e-04 lr: 4.4774e-04  eta: 6:34:21  time: 1.1313  data_time: 0.0011  memory: 33872  loss: 0.3608
2024/06/19 06:14:00 - mmengine - INFO - Epoch(train)  [9][ 700/3069]  base_lr: 4.4774e-04 lr: 4.4774e-04  eta: 6:32:28  time: 1.1334  data_time: 0.0012  memory: 33872  loss: 0.4000
2024/06/19 06:15:53 - mmengine - INFO - Epoch(train)  [9][ 800/3069]  base_lr: 4.4774e-04 lr: 4.4774e-04  eta: 6:30:35  time: 1.1304  data_time: 0.0010  memory: 33872  loss: 0.4595
2024/06/19 06:17:47 - mmengine - INFO - Epoch(train)  [9][ 900/3069]  base_lr: 4.4774e-04 lr: 4.4774e-04  eta: 6:28:41  time: 1.1318  data_time: 0.0012  memory: 33872  loss: 0.4447
2024/06/19 06:19:40 - mmengine - INFO - Epoch(train)  [9][1000/3069]  base_lr: 4.4774e-04 lr: 4.4774e-04  eta: 6:26:48  time: 1.1331  data_time: 0.0011  memory: 33872  loss: 0.4461
2024/06/19 06:21:33 - mmengine - INFO - Epoch(train)  [9][1100/3069]  base_lr: 4.4774e-04 lr: 4.4774e-04  eta: 6:24:55  time: 1.1301  data_time: 0.0011  memory: 33872  loss: 0.4846
2024/06/19 06:23:26 - mmengine - INFO - Epoch(train)  [9][1200/3069]  base_lr: 4.4774e-04 lr: 4.4774e-04  eta: 6:23:01  time: 1.1334  data_time: 0.0012  memory: 33872  loss: 0.4675
2024/06/19 06:25:19 - mmengine - INFO - Epoch(train)  [9][1300/3069]  base_lr: 4.4774e-04 lr: 4.4774e-04  eta: 6:21:08  time: 1.1330  data_time: 0.0013  memory: 33872  loss: 0.4653
2024/06/19 06:27:13 - mmengine - INFO - Epoch(train)  [9][1400/3069]  base_lr: 4.4774e-04 lr: 4.4774e-04  eta: 6:19:15  time: 1.1325  data_time: 0.0011  memory: 33872  loss: 0.5313
2024/06/19 06:28:07 - mmengine - INFO - Exp name: plantclef-pretrained_20240618_215821
2024/06/19 06:29:06 - mmengine - INFO - Epoch(train)  [9][1500/3069]  base_lr: 4.4774e-04 lr: 4.4774e-04  eta: 6:17:21  time: 1.1328  data_time: 0.0011  memory: 33872  loss: 0.4762
2024/06/19 06:31:00 - mmengine - INFO - Epoch(train)  [9][1600/3069]  base_lr: 4.4774e-04 lr: 4.4774e-04  eta: 6:15:28  time: 1.1324  data_time: 0.0011  memory: 33872  loss: 0.4974
2024/06/19 06:32:53 - mmengine - INFO - Epoch(train)  [9][1700/3069]  base_lr: 4.4774e-04 lr: 4.4774e-04  eta: 6:13:35  time: 1.1324  data_time: 0.0014  memory: 33872  loss: 0.5893
2024/06/19 06:34:46 - mmengine - INFO - Epoch(train)  [9][1800/3069]  base_lr: 4.4774e-04 lr: 4.4774e-04  eta: 6:11:41  time: 1.1285  data_time: 0.0013  memory: 33872  loss: 0.5346
2024/06/19 06:36:40 - mmengine - INFO - Epoch(train)  [9][1900/3069]  base_lr: 4.4774e-04 lr: 4.4774e-04  eta: 6:09:48  time: 1.1334  data_time: 0.0011  memory: 33872  loss: 0.5414
2024/06/19 06:38:33 - mmengine - INFO - Epoch(train)  [9][2000/3069]  base_lr: 4.4774e-04 lr: 4.4774e-04  eta: 6:07:55  time: 1.1334  data_time: 0.0012  memory: 33872  loss: 0.6247
2024/06/19 06:40:26 - mmengine - INFO - Epoch(train)  [9][2100/3069]  base_lr: 4.4774e-04 lr: 4.4774e-04  eta: 6:06:02  time: 1.1329  data_time: 0.0011  memory: 33872  loss: 0.5913
2024/06/19 06:42:20 - mmengine - INFO - Epoch(train)  [9][2200/3069]  base_lr: 4.4774e-04 lr: 4.4774e-04  eta: 6:04:08  time: 1.1369  data_time: 0.0013  memory: 33872  loss: 0.6245
2024/06/19 06:44:13 - mmengine - INFO - Epoch(train)  [9][2300/3069]  base_lr: 4.4774e-04 lr: 4.4774e-04  eta: 6:02:15  time: 1.1333  data_time: 0.0013  memory: 33872  loss: 0.5902
2024/06/19 06:46:06 - mmengine - INFO - Epoch(train)  [9][2400/3069]  base_lr: 4.4774e-04 lr: 4.4774e-04  eta: 6:00:22  time: 1.1335  data_time: 0.0012  memory: 33872  loss: 0.5616
2024/06/19 06:47:01 - mmengine - INFO - Exp name: plantclef-pretrained_20240618_215821
2024/06/19 06:48:00 - mmengine - INFO - Epoch(train)  [9][2500/3069]  base_lr: 4.4774e-04 lr: 4.4774e-04  eta: 5:58:28  time: 1.1319  data_time: 0.0012  memory: 33872  loss: 0.5459
2024/06/19 06:49:53 - mmengine - INFO - Epoch(train)  [9][2600/3069]  base_lr: 4.4774e-04 lr: 4.4774e-04  eta: 5:56:35  time: 1.1324  data_time: 0.0012  memory: 33872  loss: 0.5676
2024/06/19 06:51:47 - mmengine - INFO - Epoch(train)  [9][2700/3069]  base_lr: 4.4774e-04 lr: 4.4774e-04  eta: 5:54:42  time: 1.1326  data_time: 0.0017  memory: 33872  loss: 0.7477
2024/06/19 06:53:40 - mmengine - INFO - Epoch(train)  [9][2800/3069]  base_lr: 4.4774e-04 lr: 4.4774e-04  eta: 5:52:49  time: 1.1311  data_time: 0.0012  memory: 33872  loss: 0.6819
2024/06/19 06:55:33 - mmengine - INFO - Epoch(train)  [9][2900/3069]  base_lr: 4.4774e-04 lr: 4.4774e-04  eta: 5:50:55  time: 1.1339  data_time: 0.0011  memory: 33872  loss: 0.6108
2024/06/19 06:57:26 - mmengine - INFO - Epoch(train)  [9][3000/3069]  base_lr: 4.4774e-04 lr: 4.4774e-04  eta: 5:49:02  time: 1.1358  data_time: 0.0012  memory: 33872  loss: 0.6806
2024/06/19 06:58:44 - mmengine - INFO - Exp name: plantclef-pretrained_20240618_215821
2024/06/19 06:58:44 - mmengine - INFO - Saving checkpoint at 9 epochs
2024/06/19 07:01:03 - mmengine - INFO - Epoch(val) [9][44/44]    accuracy/top1: 44.1961  accuracy/top5: 63.1655  data_time: 0.0529  time: 2.9515
2024/06/19 07:02:58 - mmengine - INFO - Epoch(train) [10][ 100/3069]  base_lr: 3.4549e-04 lr: 3.4549e-04  eta: 5:45:51  time: 1.1318  data_time: 0.0012  memory: 33872  loss: 0.2143
2024/06/19 07:04:51 - mmengine - INFO - Epoch(train) [10][ 200/3069]  base_lr: 3.4549e-04 lr: 3.4549e-04  eta: 5:43:57  time: 1.1317  data_time: 0.0011  memory: 33872  loss: 0.2116
2024/06/19 07:06:44 - mmengine - INFO - Epoch(train) [10][ 300/3069]  base_lr: 3.4549e-04 lr: 3.4549e-04  eta: 5:42:04  time: 1.1299  data_time: 0.0010  memory: 33872  loss: 0.1852
2024/06/19 07:08:13 - mmengine - INFO - Exp name: plantclef-pretrained_20240618_215821
2024/06/19 07:08:37 - mmengine - INFO - Epoch(train) [10][ 400/3069]  base_lr: 3.4549e-04 lr: 3.4549e-04  eta: 5:40:11  time: 1.1293  data_time: 0.0011  memory: 33872  loss: 0.1769
2024/06/19 07:10:30 - mmengine - INFO - Epoch(train) [10][ 500/3069]  base_lr: 3.4549e-04 lr: 3.4549e-04  eta: 5:38:17  time: 1.1305  data_time: 0.0012  memory: 33872  loss: 0.1710
2024/06/19 07:12:23 - mmengine - INFO - Epoch(train) [10][ 600/3069]  base_lr: 3.4549e-04 lr: 3.4549e-04  eta: 5:36:24  time: 1.1301  data_time: 0.0012  memory: 33872  loss: 0.1821
2024/06/19 07:14:16 - mmengine - INFO - Epoch(train) [10][ 700/3069]  base_lr: 3.4549e-04 lr: 3.4549e-04  eta: 5:34:30  time: 1.1307  data_time: 0.0011  memory: 33872  loss: 0.2459
2024/06/19 07:16:10 - mmengine - INFO - Epoch(train) [10][ 800/3069]  base_lr: 3.4549e-04 lr: 3.4549e-04  eta: 5:32:37  time: 1.1319  data_time: 0.0011  memory: 33872  loss: 0.1518
2024/06/19 07:18:03 - mmengine - INFO - Epoch(train) [10][ 900/3069]  base_lr: 3.4549e-04 lr: 3.4549e-04  eta: 5:30:44  time: 1.1323  data_time: 0.0011  memory: 33872  loss: 0.2063
2024/06/19 07:19:56 - mmengine - INFO - Epoch(train) [10][1000/3069]  base_lr: 3.4549e-04 lr: 3.4549e-04  eta: 5:28:50  time: 1.1319  data_time: 0.0011  memory: 33872  loss: 0.2020
2024/06/19 07:21:49 - mmengine - INFO - Epoch(train) [10][1100/3069]  base_lr: 3.4549e-04 lr: 3.4549e-04  eta: 5:26:57  time: 1.1319  data_time: 0.0011  memory: 33872  loss: 0.2050
2024/06/19 07:23:42 - mmengine - INFO - Epoch(train) [10][1200/3069]  base_lr: 3.4549e-04 lr: 3.4549e-04  eta: 5:25:03  time: 1.1307  data_time: 0.0011  memory: 33872  loss: 0.2252
2024/06/19 07:25:36 - mmengine - INFO - Epoch(train) [10][1300/3069]  base_lr: 3.4549e-04 lr: 3.4549e-04  eta: 5:23:10  time: 1.1337  data_time: 0.0017  memory: 33872  loss: 0.1786
2024/06/19 07:27:05 - mmengine - INFO - Exp name: plantclef-pretrained_20240618_215821
2024/06/19 07:27:29 - mmengine - INFO - Epoch(train) [10][1400/3069]  base_lr: 3.4549e-04 lr: 3.4549e-04  eta: 5:21:17  time: 1.1321  data_time: 0.0011  memory: 33872  loss: 0.2202
2024/06/19 07:29:22 - mmengine - INFO - Epoch(train) [10][1500/3069]  base_lr: 3.4549e-04 lr: 3.4549e-04  eta: 5:19:23  time: 1.1316  data_time: 0.0011  memory: 33872  loss: 0.2748
2024/06/19 07:31:15 - mmengine - INFO - Epoch(train) [10][1600/3069]  base_lr: 3.4549e-04 lr: 3.4549e-04  eta: 5:17:30  time: 1.1322  data_time: 0.0013  memory: 33872  loss: 0.2859
2024/06/19 07:33:09 - mmengine - INFO - Epoch(train) [10][1700/3069]  base_lr: 3.4549e-04 lr: 3.4549e-04  eta: 5:15:37  time: 1.1323  data_time: 0.0015  memory: 33872  loss: 0.2387
2024/06/19 07:35:03 - mmengine - INFO - Epoch(train) [10][1800/3069]  base_lr: 3.4549e-04 lr: 3.4549e-04  eta: 5:13:44  time: 1.1345  data_time: 0.0013  memory: 33872  loss: 0.2494
